[2024-01-08T06:35:58.022+0000] {taskinstance.py:1957} INFO - Dependencies all met for dep_context=non-requeueable deps ti=<TaskInstance: etl_to_dwh.fact_a scheduled__2024-01-07T02:00:00+00:00 [queued]>
[2024-01-08T06:35:58.035+0000] {taskinstance.py:1957} INFO - Dependencies all met for dep_context=requeueable deps ti=<TaskInstance: etl_to_dwh.fact_a scheduled__2024-01-07T02:00:00+00:00 [queued]>
[2024-01-08T06:35:58.036+0000] {taskinstance.py:2171} INFO - Starting attempt 2 of 4
[2024-01-08T06:35:58.058+0000] {taskinstance.py:2192} INFO - Executing <Task(PythonOperator): fact_a> on 2024-01-07 02:00:00+00:00
[2024-01-08T06:35:58.069+0000] {standard_task_runner.py:60} INFO - Started process 95 to run task
[2024-01-08T06:35:58.076+0000] {standard_task_runner.py:87} INFO - Running: ['***', 'tasks', 'run', 'etl_to_dwh', 'fact_a', 'scheduled__2024-01-07T02:00:00+00:00', '--job-id', '42', '--raw', '--subdir', 'DAGS_FOLDER/etl_to_dwh.py', '--cfg-path', '/tmp/tmp28qvczqx']
[2024-01-08T06:35:58.079+0000] {standard_task_runner.py:88} INFO - Job 42: Subtask fact_a
[2024-01-08T06:35:58.172+0000] {task_command.py:423} INFO - Running <TaskInstance: etl_to_dwh.fact_a scheduled__2024-01-07T02:00:00+00:00 [running]> on host 6d1c1d696e23
[2024-01-08T06:35:58.305+0000] {taskinstance.py:2481} INFO - Exporting env vars: AIRFLOW_CTX_DAG_OWNER='***' AIRFLOW_CTX_DAG_ID='etl_to_dwh' AIRFLOW_CTX_TASK_ID='fact_a' AIRFLOW_CTX_EXECUTION_DATE='2024-01-07T02:00:00+00:00' AIRFLOW_CTX_TRY_NUMBER='2' AIRFLOW_CTX_DAG_RUN_ID='scheduled__2024-01-07T02:00:00+00:00'
[2024-01-08T06:35:58.320+0000] {connection.py:234} WARNING - Connection schemes (type: google_cloud_platform) shall not contain '_' according to RFC3986.
[2024-01-08T06:35:58.421+0000] {logging_mixin.py:188} INFO - successfully created BQ client
[2024-01-08T06:35:58.424+0000] {taskinstance.py:2699} ERROR - Task failed with exception
Traceback (most recent call last):
  File "/home/airflow/.local/lib/python3.8/site-packages/airflow/models/taskinstance.py", line 433, in _execute_task
    result = execute_callable(context=context, **execute_callable_kwargs)
  File "/home/airflow/.local/lib/python3.8/site-packages/airflow/operators/python.py", line 199, in execute
    return_value = self.execute_callable()
  File "/home/airflow/.local/lib/python3.8/site-packages/airflow/operators/python.py", line 216, in execute_callable
    return self.python_callable(*self.op_args, **self.op_kwargs)
  File "/opt/airflow/dags/etl_to_dwh.py", line 60, in load_query_result_to_bq
    raise e
  File "/opt/airflow/dags/etl_to_dwh.py", line 56, in load_query_result_to_bq
    query_job = bq_client.query(dict_config["sql_query"], job_config=job_config)
  File "/home/airflow/.local/lib/python3.8/site-packages/google/cloud/bigquery/client.py", line 3387, in query
    return _job_helpers.query_jobs_insert(
  File "/home/airflow/.local/lib/python3.8/site-packages/google/cloud/bigquery/_job_helpers.py", line 158, in query_jobs_insert
    future = do_query()
  File "/home/airflow/.local/lib/python3.8/site-packages/google/cloud/bigquery/_job_helpers.py", line 135, in do_query
    query_job._begin(retry=retry, timeout=timeout)
  File "/home/airflow/.local/lib/python3.8/site-packages/google/cloud/bigquery/job/query.py", line 1379, in _begin
    super(QueryJob, self)._begin(client=client, retry=retry, timeout=timeout)
  File "/home/airflow/.local/lib/python3.8/site-packages/google/cloud/bigquery/job/base.py", line 723, in _begin
    api_response = client._call_api(
  File "/home/airflow/.local/lib/python3.8/site-packages/google/cloud/bigquery/client.py", line 818, in _call_api
    return call()
  File "/home/airflow/.local/lib/python3.8/site-packages/google/api_core/retry.py", line 372, in retry_wrapped_func
    return retry_target(
  File "/home/airflow/.local/lib/python3.8/site-packages/google/api_core/retry.py", line 207, in retry_target
    result = target()
  File "/home/airflow/.local/lib/python3.8/site-packages/google/cloud/_http/__init__.py", line 479, in api_request
    data = json.dumps(data)
  File "/usr/local/lib/python3.8/json/__init__.py", line 231, in dumps
    return _default_encoder.encode(obj)
  File "/usr/local/lib/python3.8/json/encoder.py", line 199, in encode
    chunks = self.iterencode(o, _one_shot=True)
  File "/usr/local/lib/python3.8/json/encoder.py", line 257, in iterencode
    return _iterencode(o, 0)
  File "/usr/local/lib/python3.8/json/encoder.py", line 179, in default
    raise TypeError(f'Object of type {o.__class__.__name__} '
TypeError: Object of type PosixPath is not JSON serializable
[2024-01-08T06:35:58.443+0000] {taskinstance.py:1138} INFO - Marking task as UP_FOR_RETRY. dag_id=etl_to_dwh, task_id=fact_a, execution_date=20240107T020000, start_date=20240108T063558, end_date=20240108T063558
[2024-01-08T06:35:58.460+0000] {standard_task_runner.py:107} ERROR - Failed to execute job 42 for task fact_a (Object of type PosixPath is not JSON serializable; 95)
[2024-01-08T06:35:58.493+0000] {local_task_job_runner.py:234} INFO - Task exited with return code 1
[2024-01-08T06:35:58.519+0000] {taskinstance.py:3281} INFO - 0 downstream tasks scheduled from follow-on schedule check
[2024-01-08T07:48:01.917+0000] {taskinstance.py:1957} INFO - Dependencies all met for dep_context=non-requeueable deps ti=<TaskInstance: etl_to_dwh.fact_a scheduled__2024-01-07T02:00:00+00:00 [queued]>
[2024-01-08T07:48:01.948+0000] {taskinstance.py:1957} INFO - Dependencies all met for dep_context=requeueable deps ti=<TaskInstance: etl_to_dwh.fact_a scheduled__2024-01-07T02:00:00+00:00 [queued]>
[2024-01-08T07:48:01.949+0000] {taskinstance.py:2171} INFO - Starting attempt 2 of 4
[2024-01-08T07:48:01.990+0000] {taskinstance.py:2192} INFO - Executing <Task(PythonOperator): fact_a> on 2024-01-07 02:00:00+00:00
[2024-01-08T07:48:02.010+0000] {standard_task_runner.py:60} INFO - Started process 152 to run task
[2024-01-08T07:48:02.021+0000] {standard_task_runner.py:87} INFO - Running: ['***', 'tasks', 'run', 'etl_to_dwh', 'fact_a', 'scheduled__2024-01-07T02:00:00+00:00', '--job-id', '79', '--raw', '--subdir', 'DAGS_FOLDER/etl_to_dwh.py', '--cfg-path', '/tmp/tmpl49msfbh']
[2024-01-08T07:48:02.024+0000] {standard_task_runner.py:88} INFO - Job 79: Subtask fact_a
[2024-01-08T07:48:02.165+0000] {task_command.py:423} INFO - Running <TaskInstance: etl_to_dwh.fact_a scheduled__2024-01-07T02:00:00+00:00 [running]> on host 6d1c1d696e23
[2024-01-08T07:48:02.525+0000] {taskinstance.py:2481} INFO - Exporting env vars: AIRFLOW_CTX_DAG_OWNER='***' AIRFLOW_CTX_DAG_ID='etl_to_dwh' AIRFLOW_CTX_TASK_ID='fact_a' AIRFLOW_CTX_EXECUTION_DATE='2024-01-07T02:00:00+00:00' AIRFLOW_CTX_TRY_NUMBER='2' AIRFLOW_CTX_DAG_RUN_ID='scheduled__2024-01-07T02:00:00+00:00'
[2024-01-08T07:48:02.555+0000] {connection.py:234} WARNING - Connection schemes (type: google_cloud_platform) shall not contain '_' according to RFC3986.
[2024-01-08T07:48:02.687+0000] {logging_mixin.py:188} INFO - successfully created BQ client
[2024-01-08T07:48:05.542+0000] {logging_mixin.py:188} INFO - successfully load data to alpine-life-350508.project_x_dwh.fact_a
[2024-01-08T07:48:05.543+0000] {python.py:201} INFO - Done. Returned value was: None
[2024-01-08T07:48:05.563+0000] {taskinstance.py:1138} INFO - Marking task as SUCCESS. dag_id=etl_to_dwh, task_id=fact_a, execution_date=20240107T020000, start_date=20240108T074801, end_date=20240108T074805
[2024-01-08T07:48:05.597+0000] {local_task_job_runner.py:234} INFO - Task exited with return code 0
[2024-01-08T07:48:05.633+0000] {taskinstance.py:3281} INFO - 1 downstream tasks scheduled from follow-on schedule check
