[2024-01-08T07:30:26.016+0000] {taskinstance.py:1957} INFO - Dependencies all met for dep_context=non-requeueable deps ti=<TaskInstance: etl_to_dwh.fact_b scheduled__2024-01-07T02:00:00+00:00 [queued]>
[2024-01-08T07:30:26.036+0000] {taskinstance.py:1957} INFO - Dependencies all met for dep_context=requeueable deps ti=<TaskInstance: etl_to_dwh.fact_b scheduled__2024-01-07T02:00:00+00:00 [queued]>
[2024-01-08T07:30:26.039+0000] {taskinstance.py:2171} INFO - Starting attempt 1 of 3
[2024-01-08T07:30:26.103+0000] {taskinstance.py:2192} INFO - Executing <Task(PythonOperator): fact_b> on 2024-01-07 02:00:00+00:00
[2024-01-08T07:30:26.120+0000] {standard_task_runner.py:60} INFO - Started process 362 to run task
[2024-01-08T07:30:26.132+0000] {standard_task_runner.py:87} INFO - Running: ['***', 'tasks', 'run', 'etl_to_dwh', 'fact_b', 'scheduled__2024-01-07T02:00:00+00:00', '--job-id', '69', '--raw', '--subdir', 'DAGS_FOLDER/etl_to_dwh.py', '--cfg-path', '/tmp/tmphsbj53a5']
[2024-01-08T07:30:26.138+0000] {standard_task_runner.py:88} INFO - Job 69: Subtask fact_b
[2024-01-08T07:30:26.267+0000] {task_command.py:423} INFO - Running <TaskInstance: etl_to_dwh.fact_b scheduled__2024-01-07T02:00:00+00:00 [running]> on host 6d1c1d696e23
[2024-01-08T07:30:26.416+0000] {taskinstance.py:2481} INFO - Exporting env vars: AIRFLOW_CTX_DAG_OWNER='***' AIRFLOW_CTX_DAG_ID='etl_to_dwh' AIRFLOW_CTX_TASK_ID='fact_b' AIRFLOW_CTX_EXECUTION_DATE='2024-01-07T02:00:00+00:00' AIRFLOW_CTX_TRY_NUMBER='1' AIRFLOW_CTX_DAG_RUN_ID='scheduled__2024-01-07T02:00:00+00:00'
[2024-01-08T07:30:26.438+0000] {connection.py:234} WARNING - Connection schemes (type: google_cloud_platform) shall not contain '_' according to RFC3986.
[2024-01-08T07:30:26.528+0000] {logging_mixin.py:188} INFO - successfully created BQ client
[2024-01-08T07:30:29.360+0000] {logging_mixin.py:188} INFO - successfully load data to alpine-life-350508.project_x_dwh.fact_b
[2024-01-08T07:30:29.361+0000] {python.py:201} INFO - Done. Returned value was: None
[2024-01-08T07:30:29.380+0000] {taskinstance.py:1138} INFO - Marking task as SUCCESS. dag_id=etl_to_dwh, task_id=fact_b, execution_date=20240107T020000, start_date=20240108T073026, end_date=20240108T073029
[2024-01-08T07:30:29.447+0000] {local_task_job_runner.py:234} INFO - Task exited with return code 0
[2024-01-08T07:30:29.471+0000] {taskinstance.py:3281} INFO - 0 downstream tasks scheduled from follow-on schedule check
[2024-01-13T12:22:57.458+0000] {taskinstance.py:1957} INFO - Dependencies all met for dep_context=non-requeueable deps ti=<TaskInstance: etl_to_dwh.fact_b scheduled__2024-01-07T02:00:00+00:00 [queued]>
[2024-01-13T12:22:57.526+0000] {taskinstance.py:1957} INFO - Dependencies all met for dep_context=requeueable deps ti=<TaskInstance: etl_to_dwh.fact_b scheduled__2024-01-07T02:00:00+00:00 [queued]>
[2024-01-13T12:22:57.527+0000] {taskinstance.py:2171} INFO - Starting attempt 1 of 3
[2024-01-13T12:22:57.642+0000] {taskinstance.py:2192} INFO - Executing <Task(PythonOperator): fact_b> on 2024-01-07 02:00:00+00:00
[2024-01-13T12:22:57.703+0000] {standard_task_runner.py:60} INFO - Started process 520 to run task
[2024-01-13T12:22:57.766+0000] {standard_task_runner.py:87} INFO - Running: ['***', 'tasks', 'run', 'etl_to_dwh', 'fact_b', 'scheduled__2024-01-07T02:00:00+00:00', '--job-id', '106', '--raw', '--subdir', 'DAGS_FOLDER/etl_to_dwh.py', '--cfg-path', '/tmp/tmp4bpj85ig']
[2024-01-13T12:22:57.780+0000] {standard_task_runner.py:88} INFO - Job 106: Subtask fact_b
[2024-01-13T12:22:57.980+0000] {task_command.py:423} INFO - Running <TaskInstance: etl_to_dwh.fact_b scheduled__2024-01-07T02:00:00+00:00 [running]> on host cc6de2d520c9
[2024-01-13T12:22:58.188+0000] {taskinstance.py:2481} INFO - Exporting env vars: AIRFLOW_CTX_DAG_OWNER='***' AIRFLOW_CTX_DAG_ID='etl_to_dwh' AIRFLOW_CTX_TASK_ID='fact_b' AIRFLOW_CTX_EXECUTION_DATE='2024-01-07T02:00:00+00:00' AIRFLOW_CTX_TRY_NUMBER='1' AIRFLOW_CTX_DAG_RUN_ID='scheduled__2024-01-07T02:00:00+00:00'
[2024-01-13T12:22:58.216+0000] {connection.py:234} WARNING - Connection schemes (type: google_cloud_platform) shall not contain '_' according to RFC3986.
[2024-01-13T12:22:58.416+0000] {logging_mixin.py:188} INFO - successfully created BQ client
[2024-01-13T12:23:02.133+0000] {logging_mixin.py:188} INFO - successfully load data to alpine-life-350508.project_x_dwh.fact_b
[2024-01-13T12:23:02.142+0000] {python.py:201} INFO - Done. Returned value was: None
[2024-01-13T12:23:02.223+0000] {taskinstance.py:1138} INFO - Marking task as SUCCESS. dag_id=etl_to_dwh, task_id=fact_b, execution_date=20240107T020000, start_date=20240113T122257, end_date=20240113T122302
[2024-01-13T12:23:02.366+0000] {local_task_job_runner.py:234} INFO - Task exited with return code 0
[2024-01-13T12:23:02.412+0000] {taskinstance.py:3281} INFO - 0 downstream tasks scheduled from follow-on schedule check
