[2024-01-08T07:21:13.997+0000] {taskinstance.py:1957} INFO - Dependencies all met for dep_context=non-requeueable deps ti=<TaskInstance: etl_to_dwh.fact_a scheduled__2024-01-06T02:00:00+00:00 [queued]>
[2024-01-08T07:21:14.012+0000] {taskinstance.py:1957} INFO - Dependencies all met for dep_context=requeueable deps ti=<TaskInstance: etl_to_dwh.fact_a scheduled__2024-01-06T02:00:00+00:00 [queued]>
[2024-01-08T07:21:14.012+0000] {taskinstance.py:2171} INFO - Starting attempt 1 of 3
[2024-01-08T07:21:14.038+0000] {taskinstance.py:2192} INFO - Executing <Task(PythonOperator): fact_a> on 2024-01-06 02:00:00+00:00
[2024-01-08T07:21:14.049+0000] {standard_task_runner.py:60} INFO - Started process 156 to run task
[2024-01-08T07:21:14.060+0000] {standard_task_runner.py:87} INFO - Running: ['***', 'tasks', 'run', 'etl_to_dwh', 'fact_a', 'scheduled__2024-01-06T02:00:00+00:00', '--job-id', '57', '--raw', '--subdir', 'DAGS_FOLDER/etl_to_dwh.py', '--cfg-path', '/tmp/tmpbm1h0ngn']
[2024-01-08T07:21:14.063+0000] {standard_task_runner.py:88} INFO - Job 57: Subtask fact_a
[2024-01-08T07:21:14.230+0000] {task_command.py:423} INFO - Running <TaskInstance: etl_to_dwh.fact_a scheduled__2024-01-06T02:00:00+00:00 [running]> on host 6d1c1d696e23
[2024-01-08T07:21:14.380+0000] {taskinstance.py:2481} INFO - Exporting env vars: AIRFLOW_CTX_DAG_OWNER='***' AIRFLOW_CTX_DAG_ID='etl_to_dwh' AIRFLOW_CTX_TASK_ID='fact_a' AIRFLOW_CTX_EXECUTION_DATE='2024-01-06T02:00:00+00:00' AIRFLOW_CTX_TRY_NUMBER='1' AIRFLOW_CTX_DAG_RUN_ID='scheduled__2024-01-06T02:00:00+00:00'
[2024-01-08T07:21:14.401+0000] {connection.py:234} WARNING - Connection schemes (type: google_cloud_platform) shall not contain '_' according to RFC3986.
[2024-01-08T07:21:14.479+0000] {logging_mixin.py:188} INFO - successfully created BQ client
[2024-01-08T07:21:17.350+0000] {logging_mixin.py:188} INFO - successfully load data to alpine-life-350508.project_x_dwh.fact_a
[2024-01-08T07:21:17.351+0000] {python.py:201} INFO - Done. Returned value was: None
[2024-01-08T07:21:17.362+0000] {taskinstance.py:1138} INFO - Marking task as SUCCESS. dag_id=etl_to_dwh, task_id=fact_a, execution_date=20240106T020000, start_date=20240108T072113, end_date=20240108T072117
[2024-01-08T07:21:17.420+0000] {local_task_job_runner.py:234} INFO - Task exited with return code 0
[2024-01-08T07:21:17.448+0000] {taskinstance.py:3281} INFO - 0 downstream tasks scheduled from follow-on schedule check
[2024-01-08T07:30:22.236+0000] {taskinstance.py:1957} INFO - Dependencies all met for dep_context=non-requeueable deps ti=<TaskInstance: etl_to_dwh.fact_a scheduled__2024-01-06T02:00:00+00:00 [queued]>
[2024-01-08T07:30:22.270+0000] {taskinstance.py:1957} INFO - Dependencies all met for dep_context=requeueable deps ti=<TaskInstance: etl_to_dwh.fact_a scheduled__2024-01-06T02:00:00+00:00 [queued]>
[2024-01-08T07:30:22.270+0000] {taskinstance.py:2171} INFO - Starting attempt 1 of 3
[2024-01-08T07:30:22.310+0000] {taskinstance.py:2192} INFO - Executing <Task(PythonOperator): fact_a> on 2024-01-06 02:00:00+00:00
[2024-01-08T07:30:22.322+0000] {standard_task_runner.py:60} INFO - Started process 353 to run task
[2024-01-08T07:30:22.349+0000] {standard_task_runner.py:87} INFO - Running: ['***', 'tasks', 'run', 'etl_to_dwh', 'fact_a', 'scheduled__2024-01-06T02:00:00+00:00', '--job-id', '64', '--raw', '--subdir', 'DAGS_FOLDER/etl_to_dwh.py', '--cfg-path', '/tmp/tmp1h4uvsoj']
[2024-01-08T07:30:22.352+0000] {standard_task_runner.py:88} INFO - Job 64: Subtask fact_a
[2024-01-08T07:30:22.500+0000] {task_command.py:423} INFO - Running <TaskInstance: etl_to_dwh.fact_a scheduled__2024-01-06T02:00:00+00:00 [running]> on host 6d1c1d696e23
[2024-01-08T07:30:22.666+0000] {taskinstance.py:2481} INFO - Exporting env vars: AIRFLOW_CTX_DAG_OWNER='***' AIRFLOW_CTX_DAG_ID='etl_to_dwh' AIRFLOW_CTX_TASK_ID='fact_a' AIRFLOW_CTX_EXECUTION_DATE='2024-01-06T02:00:00+00:00' AIRFLOW_CTX_TRY_NUMBER='1' AIRFLOW_CTX_DAG_RUN_ID='scheduled__2024-01-06T02:00:00+00:00'
[2024-01-08T07:30:22.697+0000] {connection.py:234} WARNING - Connection schemes (type: google_cloud_platform) shall not contain '_' according to RFC3986.
[2024-01-08T07:30:22.840+0000] {logging_mixin.py:188} INFO - successfully created BQ client
[2024-01-08T07:30:25.826+0000] {logging_mixin.py:188} INFO - successfully load data to alpine-life-350508.project_x_dwh.fact_a
[2024-01-08T07:30:25.827+0000] {python.py:201} INFO - Done. Returned value was: None
[2024-01-08T07:30:25.844+0000] {taskinstance.py:1138} INFO - Marking task as SUCCESS. dag_id=etl_to_dwh, task_id=fact_a, execution_date=20240106T020000, start_date=20240108T073022, end_date=20240108T073025
[2024-01-08T07:30:25.928+0000] {local_task_job_runner.py:234} INFO - Task exited with return code 0
[2024-01-08T07:30:25.971+0000] {taskinstance.py:3281} INFO - 0 downstream tasks scheduled from follow-on schedule check
