[2024-01-13T11:57:50.899+0000] {processor.py:161} INFO - Started process (PID=88) to work on /opt/airflow/dags/etl_to_datalake.py
[2024-01-13T11:57:50.900+0000] {processor.py:830} INFO - Processing file /opt/airflow/dags/etl_to_datalake.py for tasks to queue
[2024-01-13T11:57:50.905+0000] {logging_mixin.py:188} INFO - [2024-01-13T11:57:50.904+0000] {dagbag.py:538} INFO - Filling up the DagBag from /opt/airflow/dags/etl_to_datalake.py
[2024-01-13T11:57:51.827+0000] {logging_mixin.py:188} INFO - [2024-01-13T11:57:51.825+0000] {dagbag.py:348} ERROR - Failed to import: /opt/airflow/dags/etl_to_datalake.py
Traceback (most recent call last):
  File "/home/airflow/.local/lib/python3.8/site-packages/airflow/models/dagbag.py", line 344, in parse
    loader.exec_module(new_module)
  File "<frozen importlib._bootstrap_external>", line 843, in exec_module
  File "<frozen importlib._bootstrap>", line 219, in _call_with_frames_removed
  File "/opt/airflow/dags/etl_to_datalake.py", line 15, in <module>
    from test import print_str
ImportError: cannot import name 'print_str' from 'test' (unknown location)
[2024-01-13T11:57:51.827+0000] {processor.py:842} WARNING - No viable dags retrieved from /opt/airflow/dags/etl_to_datalake.py
[2024-01-13T11:57:51.848+0000] {processor.py:183} INFO - Processing /opt/airflow/dags/etl_to_datalake.py took 0.958 seconds
[2024-01-13T11:58:22.343+0000] {processor.py:161} INFO - Started process (PID=146) to work on /opt/airflow/dags/etl_to_datalake.py
[2024-01-13T11:58:22.345+0000] {processor.py:830} INFO - Processing file /opt/airflow/dags/etl_to_datalake.py for tasks to queue
[2024-01-13T11:58:22.348+0000] {logging_mixin.py:188} INFO - [2024-01-13T11:58:22.348+0000] {dagbag.py:538} INFO - Filling up the DagBag from /opt/airflow/dags/etl_to_datalake.py
[2024-01-13T11:58:23.110+0000] {logging_mixin.py:188} INFO - [2024-01-13T11:58:23.108+0000] {dagbag.py:348} ERROR - Failed to import: /opt/airflow/dags/etl_to_datalake.py
Traceback (most recent call last):
  File "/home/airflow/.local/lib/python3.8/site-packages/airflow/models/dagbag.py", line 344, in parse
    loader.exec_module(new_module)
  File "<frozen importlib._bootstrap_external>", line 843, in exec_module
  File "<frozen importlib._bootstrap>", line 219, in _call_with_frames_removed
  File "/opt/airflow/dags/etl_to_datalake.py", line 15, in <module>
    from test import print_str
ImportError: cannot import name 'print_str' from 'test' (unknown location)
[2024-01-13T11:58:23.110+0000] {processor.py:842} WARNING - No viable dags retrieved from /opt/airflow/dags/etl_to_datalake.py
[2024-01-13T11:58:23.133+0000] {processor.py:183} INFO - Processing /opt/airflow/dags/etl_to_datalake.py took 0.795 seconds
[2024-01-13T11:58:53.810+0000] {processor.py:161} INFO - Started process (PID=205) to work on /opt/airflow/dags/etl_to_datalake.py
[2024-01-13T11:58:53.811+0000] {processor.py:830} INFO - Processing file /opt/airflow/dags/etl_to_datalake.py for tasks to queue
[2024-01-13T11:58:53.815+0000] {logging_mixin.py:188} INFO - [2024-01-13T11:58:53.814+0000] {dagbag.py:538} INFO - Filling up the DagBag from /opt/airflow/dags/etl_to_datalake.py
[2024-01-13T11:58:54.534+0000] {logging_mixin.py:188} INFO - [2024-01-13T11:58:54.532+0000] {dagbag.py:348} ERROR - Failed to import: /opt/airflow/dags/etl_to_datalake.py
Traceback (most recent call last):
  File "/home/airflow/.local/lib/python3.8/site-packages/airflow/models/dagbag.py", line 344, in parse
    loader.exec_module(new_module)
  File "<frozen importlib._bootstrap_external>", line 843, in exec_module
  File "<frozen importlib._bootstrap>", line 219, in _call_with_frames_removed
  File "/opt/airflow/dags/etl_to_datalake.py", line 15, in <module>
    from test import print_str
ImportError: cannot import name 'print_str' from 'test' (unknown location)
[2024-01-13T11:58:54.534+0000] {processor.py:842} WARNING - No viable dags retrieved from /opt/airflow/dags/etl_to_datalake.py
[2024-01-13T11:58:54.556+0000] {processor.py:183} INFO - Processing /opt/airflow/dags/etl_to_datalake.py took 0.751 seconds
[2024-01-13T11:59:13.032+0000] {processor.py:161} INFO - Started process (PID=222) to work on /opt/airflow/dags/etl_to_datalake.py
[2024-01-13T11:59:13.054+0000] {processor.py:830} INFO - Processing file /opt/airflow/dags/etl_to_datalake.py for tasks to queue
[2024-01-13T11:59:13.058+0000] {logging_mixin.py:188} INFO - [2024-01-13T11:59:13.057+0000] {dagbag.py:538} INFO - Filling up the DagBag from /opt/airflow/dags/etl_to_datalake.py
[2024-01-13T11:59:13.748+0000] {processor.py:840} INFO - DAG(s) 'etl_to_datalake' retrieved from /opt/airflow/dags/etl_to_datalake.py
[2024-01-13T11:59:13.860+0000] {logging_mixin.py:188} INFO - [2024-01-13T11:59:13.859+0000] {override.py:1769} INFO - Created Permission View: can edit on DAG:etl_to_datalake
[2024-01-13T11:59:13.872+0000] {logging_mixin.py:188} INFO - [2024-01-13T11:59:13.872+0000] {override.py:1769} INFO - Created Permission View: can read on DAG:etl_to_datalake
[2024-01-13T11:59:13.879+0000] {logging_mixin.py:188} INFO - [2024-01-13T11:59:13.879+0000] {override.py:1769} INFO - Created Permission View: can delete on DAG:etl_to_datalake
[2024-01-13T11:59:13.880+0000] {logging_mixin.py:188} INFO - [2024-01-13T11:59:13.880+0000] {dag.py:3033} INFO - Sync 1 DAGs
[2024-01-13T11:59:13.893+0000] {logging_mixin.py:188} INFO - [2024-01-13T11:59:13.892+0000] {dag.py:3055} INFO - Creating ORM DAG for etl_to_datalake
[2024-01-13T11:59:13.906+0000] {logging_mixin.py:188} INFO - [2024-01-13T11:59:13.906+0000] {dag.py:3820} INFO - Setting next_dagrun for etl_to_datalake to 2024-01-06T00:00:00+00:00, run_after=2024-01-07T00:00:00+00:00
[2024-01-13T11:59:13.926+0000] {processor.py:183} INFO - Processing /opt/airflow/dags/etl_to_datalake.py took 0.900 seconds
[2024-01-13T11:59:14.383+0000] {processor.py:161} INFO - Started process (PID=231) to work on /opt/airflow/dags/etl_to_datalake.py
[2024-01-13T11:59:14.385+0000] {processor.py:830} INFO - Processing file /opt/airflow/dags/etl_to_datalake.py for tasks to queue
[2024-01-13T11:59:14.388+0000] {logging_mixin.py:188} INFO - [2024-01-13T11:59:14.387+0000] {dagbag.py:538} INFO - Filling up the DagBag from /opt/airflow/dags/etl_to_datalake.py
[2024-01-13T11:59:15.116+0000] {processor.py:840} INFO - DAG(s) 'etl_to_datalake' retrieved from /opt/airflow/dags/etl_to_datalake.py
[2024-01-13T11:59:15.131+0000] {logging_mixin.py:188} INFO - [2024-01-13T11:59:15.130+0000] {dag.py:3033} INFO - Sync 1 DAGs
[2024-01-13T11:59:15.159+0000] {logging_mixin.py:188} INFO - [2024-01-13T11:59:15.159+0000] {dag.py:3820} INFO - Setting next_dagrun for etl_to_datalake to 2024-01-06T00:00:00+00:00, run_after=2024-01-07T00:00:00+00:00
[2024-01-13T11:59:15.185+0000] {processor.py:183} INFO - Processing /opt/airflow/dags/etl_to_datalake.py took 0.808 seconds
[2024-01-13T11:59:16.645+0000] {processor.py:161} INFO - Started process (PID=240) to work on /opt/airflow/dags/etl_to_datalake.py
[2024-01-13T11:59:16.646+0000] {processor.py:830} INFO - Processing file /opt/airflow/dags/etl_to_datalake.py for tasks to queue
[2024-01-13T11:59:16.649+0000] {logging_mixin.py:188} INFO - [2024-01-13T11:59:16.649+0000] {dagbag.py:538} INFO - Filling up the DagBag from /opt/airflow/dags/etl_to_datalake.py
[2024-01-13T11:59:17.444+0000] {processor.py:840} INFO - DAG(s) 'etl_to_datalake' retrieved from /opt/airflow/dags/etl_to_datalake.py
[2024-01-13T11:59:17.457+0000] {logging_mixin.py:188} INFO - [2024-01-13T11:59:17.456+0000] {dag.py:3033} INFO - Sync 1 DAGs
[2024-01-13T11:59:17.484+0000] {logging_mixin.py:188} INFO - [2024-01-13T11:59:17.484+0000] {dag.py:3820} INFO - Setting next_dagrun for etl_to_datalake to 2024-01-06T00:00:00+00:00, run_after=2024-01-07T00:00:00+00:00
[2024-01-13T11:59:17.505+0000] {processor.py:183} INFO - Processing /opt/airflow/dags/etl_to_datalake.py took 0.866 seconds
[2024-01-13T11:59:47.931+0000] {processor.py:161} INFO - Started process (PID=301) to work on /opt/airflow/dags/etl_to_datalake.py
[2024-01-13T11:59:47.933+0000] {processor.py:830} INFO - Processing file /opt/airflow/dags/etl_to_datalake.py for tasks to queue
[2024-01-13T11:59:47.937+0000] {logging_mixin.py:188} INFO - [2024-01-13T11:59:47.936+0000] {dagbag.py:538} INFO - Filling up the DagBag from /opt/airflow/dags/etl_to_datalake.py
[2024-01-13T11:59:48.633+0000] {processor.py:840} INFO - DAG(s) 'etl_to_datalake' retrieved from /opt/airflow/dags/etl_to_datalake.py
[2024-01-13T11:59:48.657+0000] {logging_mixin.py:188} INFO - [2024-01-13T11:59:48.656+0000] {dag.py:3033} INFO - Sync 1 DAGs
[2024-01-13T11:59:48.684+0000] {logging_mixin.py:188} INFO - [2024-01-13T11:59:48.684+0000] {dag.py:3820} INFO - Setting next_dagrun for etl_to_datalake to 2024-01-06T00:00:00+00:00, run_after=2024-01-07T00:00:00+00:00
[2024-01-13T11:59:48.704+0000] {processor.py:183} INFO - Processing /opt/airflow/dags/etl_to_datalake.py took 0.778 seconds
[2024-01-13T12:00:18.932+0000] {processor.py:161} INFO - Started process (PID=360) to work on /opt/airflow/dags/etl_to_datalake.py
[2024-01-13T12:00:18.933+0000] {processor.py:830} INFO - Processing file /opt/airflow/dags/etl_to_datalake.py for tasks to queue
[2024-01-13T12:00:18.937+0000] {logging_mixin.py:188} INFO - [2024-01-13T12:00:18.936+0000] {dagbag.py:538} INFO - Filling up the DagBag from /opt/airflow/dags/etl_to_datalake.py
[2024-01-13T12:00:19.673+0000] {processor.py:840} INFO - DAG(s) 'etl_to_datalake' retrieved from /opt/airflow/dags/etl_to_datalake.py
[2024-01-13T12:00:19.699+0000] {logging_mixin.py:188} INFO - [2024-01-13T12:00:19.698+0000] {dag.py:3033} INFO - Sync 1 DAGs
[2024-01-13T12:00:19.727+0000] {logging_mixin.py:188} INFO - [2024-01-13T12:00:19.727+0000] {dag.py:3820} INFO - Setting next_dagrun for etl_to_datalake to 2024-01-06T00:00:00+00:00, run_after=2024-01-07T00:00:00+00:00
[2024-01-13T12:00:19.751+0000] {processor.py:183} INFO - Processing /opt/airflow/dags/etl_to_datalake.py took 0.825 seconds
[2024-01-13T12:00:49.838+0000] {processor.py:161} INFO - Started process (PID=423) to work on /opt/airflow/dags/etl_to_datalake.py
[2024-01-13T12:00:49.840+0000] {processor.py:830} INFO - Processing file /opt/airflow/dags/etl_to_datalake.py for tasks to queue
[2024-01-13T12:00:49.844+0000] {logging_mixin.py:188} INFO - [2024-01-13T12:00:49.843+0000] {dagbag.py:538} INFO - Filling up the DagBag from /opt/airflow/dags/etl_to_datalake.py
[2024-01-13T12:00:50.578+0000] {processor.py:840} INFO - DAG(s) 'etl_to_datalake' retrieved from /opt/airflow/dags/etl_to_datalake.py
[2024-01-13T12:00:50.598+0000] {logging_mixin.py:188} INFO - [2024-01-13T12:00:50.597+0000] {dag.py:3033} INFO - Sync 1 DAGs
[2024-01-13T12:00:50.624+0000] {logging_mixin.py:188} INFO - [2024-01-13T12:00:50.623+0000] {dag.py:3820} INFO - Setting next_dagrun for etl_to_datalake to 2024-01-06T00:00:00+00:00, run_after=2024-01-07T00:00:00+00:00
[2024-01-13T12:00:50.644+0000] {processor.py:183} INFO - Processing /opt/airflow/dags/etl_to_datalake.py took 0.811 seconds
[2024-01-13T12:01:21.462+0000] {processor.py:161} INFO - Started process (PID=484) to work on /opt/airflow/dags/etl_to_datalake.py
[2024-01-13T12:01:21.465+0000] {processor.py:830} INFO - Processing file /opt/airflow/dags/etl_to_datalake.py for tasks to queue
[2024-01-13T12:01:21.469+0000] {logging_mixin.py:188} INFO - [2024-01-13T12:01:21.468+0000] {dagbag.py:538} INFO - Filling up the DagBag from /opt/airflow/dags/etl_to_datalake.py
[2024-01-13T12:01:22.237+0000] {processor.py:840} INFO - DAG(s) 'etl_to_datalake' retrieved from /opt/airflow/dags/etl_to_datalake.py
[2024-01-13T12:01:22.258+0000] {logging_mixin.py:188} INFO - [2024-01-13T12:01:22.257+0000] {dag.py:3033} INFO - Sync 1 DAGs
[2024-01-13T12:01:22.292+0000] {logging_mixin.py:188} INFO - [2024-01-13T12:01:22.292+0000] {dag.py:3820} INFO - Setting next_dagrun for etl_to_datalake to 2024-01-06T00:00:00+00:00, run_after=2024-01-07T00:00:00+00:00
[2024-01-13T12:01:22.321+0000] {processor.py:183} INFO - Processing /opt/airflow/dags/etl_to_datalake.py took 0.866 seconds
[2024-01-13T12:01:52.682+0000] {processor.py:161} INFO - Started process (PID=543) to work on /opt/airflow/dags/etl_to_datalake.py
[2024-01-13T12:01:52.683+0000] {processor.py:830} INFO - Processing file /opt/airflow/dags/etl_to_datalake.py for tasks to queue
[2024-01-13T12:01:52.686+0000] {logging_mixin.py:188} INFO - [2024-01-13T12:01:52.686+0000] {dagbag.py:538} INFO - Filling up the DagBag from /opt/airflow/dags/etl_to_datalake.py
[2024-01-13T12:01:53.410+0000] {processor.py:840} INFO - DAG(s) 'etl_to_datalake' retrieved from /opt/airflow/dags/etl_to_datalake.py
[2024-01-13T12:01:53.431+0000] {logging_mixin.py:188} INFO - [2024-01-13T12:01:53.430+0000] {dag.py:3033} INFO - Sync 1 DAGs
[2024-01-13T12:01:53.467+0000] {logging_mixin.py:188} INFO - [2024-01-13T12:01:53.466+0000] {dag.py:3820} INFO - Setting next_dagrun for etl_to_datalake to 2024-01-06T00:00:00+00:00, run_after=2024-01-07T00:00:00+00:00
[2024-01-13T12:01:53.489+0000] {processor.py:183} INFO - Processing /opt/airflow/dags/etl_to_datalake.py took 0.812 seconds
[2024-01-13T12:02:23.547+0000] {processor.py:161} INFO - Started process (PID=614) to work on /opt/airflow/dags/etl_to_datalake.py
[2024-01-13T12:02:23.549+0000] {processor.py:830} INFO - Processing file /opt/airflow/dags/etl_to_datalake.py for tasks to queue
[2024-01-13T12:02:23.552+0000] {logging_mixin.py:188} INFO - [2024-01-13T12:02:23.551+0000] {dagbag.py:538} INFO - Filling up the DagBag from /opt/airflow/dags/etl_to_datalake.py
[2024-01-13T12:02:24.276+0000] {processor.py:840} INFO - DAG(s) 'etl_to_datalake' retrieved from /opt/airflow/dags/etl_to_datalake.py
[2024-01-13T12:02:24.296+0000] {logging_mixin.py:188} INFO - [2024-01-13T12:02:24.296+0000] {dag.py:3033} INFO - Sync 1 DAGs
[2024-01-13T12:02:24.322+0000] {logging_mixin.py:188} INFO - [2024-01-13T12:02:24.321+0000] {dag.py:3820} INFO - Setting next_dagrun for etl_to_datalake to 2024-01-06T00:00:00+00:00, run_after=2024-01-07T00:00:00+00:00
[2024-01-13T12:02:24.342+0000] {processor.py:183} INFO - Processing /opt/airflow/dags/etl_to_datalake.py took 0.800 seconds
[2024-01-13T12:07:35.106+0000] {processor.py:161} INFO - Started process (PID=31) to work on /opt/airflow/dags/etl_to_datalake.py
[2024-01-13T12:07:35.124+0000] {processor.py:830} INFO - Processing file /opt/airflow/dags/etl_to_datalake.py for tasks to queue
[2024-01-13T12:07:35.128+0000] {logging_mixin.py:188} INFO - [2024-01-13T12:07:35.127+0000] {dagbag.py:538} INFO - Filling up the DagBag from /opt/airflow/dags/etl_to_datalake.py
[2024-01-13T12:07:36.551+0000] {processor.py:840} INFO - DAG(s) 'etl_to_datalake' retrieved from /opt/airflow/dags/etl_to_datalake.py
[2024-01-13T12:07:36.750+0000] {logging_mixin.py:188} INFO - [2024-01-13T12:07:36.749+0000] {dag.py:3033} INFO - Sync 1 DAGs
[2024-01-13T12:07:36.788+0000] {logging_mixin.py:188} INFO - [2024-01-13T12:07:36.787+0000] {dag.py:3820} INFO - Setting next_dagrun for etl_to_datalake to 2024-01-06T00:00:00+00:00, run_after=2024-01-07T00:00:00+00:00
[2024-01-13T12:07:36.827+0000] {processor.py:183} INFO - Processing /opt/airflow/dags/etl_to_datalake.py took 1.741 seconds
[2024-01-13T12:08:06.983+0000] {processor.py:161} INFO - Started process (PID=112) to work on /opt/airflow/dags/etl_to_datalake.py
[2024-01-13T12:08:07.006+0000] {processor.py:830} INFO - Processing file /opt/airflow/dags/etl_to_datalake.py for tasks to queue
[2024-01-13T12:08:07.011+0000] {logging_mixin.py:188} INFO - [2024-01-13T12:08:07.010+0000] {dagbag.py:538} INFO - Filling up the DagBag from /opt/airflow/dags/etl_to_datalake.py
[2024-01-13T12:08:08.406+0000] {processor.py:840} INFO - DAG(s) 'etl_to_datalake' retrieved from /opt/airflow/dags/etl_to_datalake.py
[2024-01-13T12:08:08.453+0000] {logging_mixin.py:188} INFO - [2024-01-13T12:08:08.452+0000] {dag.py:3033} INFO - Sync 1 DAGs
[2024-01-13T12:08:08.509+0000] {logging_mixin.py:188} INFO - [2024-01-13T12:08:08.509+0000] {dag.py:3820} INFO - Setting next_dagrun for etl_to_datalake to 2024-01-13T00:00:00+00:00, run_after=2024-01-14T00:00:00+00:00
[2024-01-13T12:08:08.560+0000] {processor.py:183} INFO - Processing /opt/airflow/dags/etl_to_datalake.py took 1.589 seconds
[2024-01-13T12:08:39.310+0000] {processor.py:161} INFO - Started process (PID=175) to work on /opt/airflow/dags/etl_to_datalake.py
[2024-01-13T12:08:39.335+0000] {processor.py:830} INFO - Processing file /opt/airflow/dags/etl_to_datalake.py for tasks to queue
[2024-01-13T12:08:39.338+0000] {logging_mixin.py:188} INFO - [2024-01-13T12:08:39.338+0000] {dagbag.py:538} INFO - Filling up the DagBag from /opt/airflow/dags/etl_to_datalake.py
[2024-01-13T12:08:40.091+0000] {processor.py:840} INFO - DAG(s) 'etl_to_datalake' retrieved from /opt/airflow/dags/etl_to_datalake.py
[2024-01-13T12:08:40.113+0000] {logging_mixin.py:188} INFO - [2024-01-13T12:08:40.112+0000] {dag.py:3033} INFO - Sync 1 DAGs
[2024-01-13T12:08:40.141+0000] {logging_mixin.py:188} INFO - [2024-01-13T12:08:40.141+0000] {dag.py:3820} INFO - Setting next_dagrun for etl_to_datalake to 2024-01-13T00:00:00+00:00, run_after=2024-01-14T00:00:00+00:00
[2024-01-13T12:08:40.163+0000] {processor.py:183} INFO - Processing /opt/airflow/dags/etl_to_datalake.py took 0.860 seconds
[2024-01-13T12:09:10.558+0000] {processor.py:161} INFO - Started process (PID=235) to work on /opt/airflow/dags/etl_to_datalake.py
[2024-01-13T12:09:10.560+0000] {processor.py:830} INFO - Processing file /opt/airflow/dags/etl_to_datalake.py for tasks to queue
[2024-01-13T12:09:10.563+0000] {logging_mixin.py:188} INFO - [2024-01-13T12:09:10.562+0000] {dagbag.py:538} INFO - Filling up the DagBag from /opt/airflow/dags/etl_to_datalake.py
[2024-01-13T12:09:11.273+0000] {processor.py:840} INFO - DAG(s) 'etl_to_datalake' retrieved from /opt/airflow/dags/etl_to_datalake.py
[2024-01-13T12:09:11.294+0000] {logging_mixin.py:188} INFO - [2024-01-13T12:09:11.293+0000] {dag.py:3033} INFO - Sync 1 DAGs
[2024-01-13T12:09:11.323+0000] {logging_mixin.py:188} INFO - [2024-01-13T12:09:11.323+0000] {dag.py:3820} INFO - Setting next_dagrun for etl_to_datalake to 2024-01-13T00:00:00+00:00, run_after=2024-01-14T00:00:00+00:00
[2024-01-13T12:09:11.352+0000] {processor.py:183} INFO - Processing /opt/airflow/dags/etl_to_datalake.py took 0.799 seconds
[2024-01-13T12:09:41.460+0000] {processor.py:161} INFO - Started process (PID=298) to work on /opt/airflow/dags/etl_to_datalake.py
[2024-01-13T12:09:41.461+0000] {processor.py:830} INFO - Processing file /opt/airflow/dags/etl_to_datalake.py for tasks to queue
[2024-01-13T12:09:41.464+0000] {logging_mixin.py:188} INFO - [2024-01-13T12:09:41.464+0000] {dagbag.py:538} INFO - Filling up the DagBag from /opt/airflow/dags/etl_to_datalake.py
[2024-01-13T12:09:42.205+0000] {processor.py:840} INFO - DAG(s) 'etl_to_datalake' retrieved from /opt/airflow/dags/etl_to_datalake.py
[2024-01-13T12:09:42.226+0000] {logging_mixin.py:188} INFO - [2024-01-13T12:09:42.225+0000] {dag.py:3033} INFO - Sync 1 DAGs
[2024-01-13T12:09:42.255+0000] {logging_mixin.py:188} INFO - [2024-01-13T12:09:42.254+0000] {dag.py:3820} INFO - Setting next_dagrun for etl_to_datalake to 2024-01-13T00:00:00+00:00, run_after=2024-01-14T00:00:00+00:00
[2024-01-13T12:09:42.276+0000] {processor.py:183} INFO - Processing /opt/airflow/dags/etl_to_datalake.py took 0.822 seconds
[2024-01-13T12:10:12.967+0000] {processor.py:161} INFO - Started process (PID=360) to work on /opt/airflow/dags/etl_to_datalake.py
[2024-01-13T12:10:12.969+0000] {processor.py:830} INFO - Processing file /opt/airflow/dags/etl_to_datalake.py for tasks to queue
[2024-01-13T12:10:12.972+0000] {logging_mixin.py:188} INFO - [2024-01-13T12:10:12.972+0000] {dagbag.py:538} INFO - Filling up the DagBag from /opt/airflow/dags/etl_to_datalake.py
[2024-01-13T12:10:13.742+0000] {processor.py:840} INFO - DAG(s) 'etl_to_datalake' retrieved from /opt/airflow/dags/etl_to_datalake.py
[2024-01-13T12:10:13.763+0000] {logging_mixin.py:188} INFO - [2024-01-13T12:10:13.762+0000] {dag.py:3033} INFO - Sync 1 DAGs
[2024-01-13T12:10:13.791+0000] {logging_mixin.py:188} INFO - [2024-01-13T12:10:13.790+0000] {dag.py:3820} INFO - Setting next_dagrun for etl_to_datalake to 2024-01-13T00:00:00+00:00, run_after=2024-01-14T00:00:00+00:00
[2024-01-13T12:10:13.812+0000] {processor.py:183} INFO - Processing /opt/airflow/dags/etl_to_datalake.py took 0.850 seconds
[2024-01-13T12:10:44.371+0000] {processor.py:161} INFO - Started process (PID=427) to work on /opt/airflow/dags/etl_to_datalake.py
[2024-01-13T12:10:44.373+0000] {processor.py:830} INFO - Processing file /opt/airflow/dags/etl_to_datalake.py for tasks to queue
[2024-01-13T12:10:44.376+0000] {logging_mixin.py:188} INFO - [2024-01-13T12:10:44.375+0000] {dagbag.py:538} INFO - Filling up the DagBag from /opt/airflow/dags/etl_to_datalake.py
[2024-01-13T12:10:45.148+0000] {processor.py:840} INFO - DAG(s) 'etl_to_datalake' retrieved from /opt/airflow/dags/etl_to_datalake.py
[2024-01-13T12:10:45.167+0000] {logging_mixin.py:188} INFO - [2024-01-13T12:10:45.166+0000] {dag.py:3033} INFO - Sync 1 DAGs
[2024-01-13T12:10:45.196+0000] {logging_mixin.py:188} INFO - [2024-01-13T12:10:45.195+0000] {dag.py:3820} INFO - Setting next_dagrun for etl_to_datalake to 2024-01-13T00:00:00+00:00, run_after=2024-01-14T00:00:00+00:00
[2024-01-13T12:10:45.221+0000] {processor.py:183} INFO - Processing /opt/airflow/dags/etl_to_datalake.py took 0.855 seconds
[2024-01-13T12:11:15.595+0000] {processor.py:161} INFO - Started process (PID=486) to work on /opt/airflow/dags/etl_to_datalake.py
[2024-01-13T12:11:15.611+0000] {processor.py:830} INFO - Processing file /opt/airflow/dags/etl_to_datalake.py for tasks to queue
[2024-01-13T12:11:15.614+0000] {logging_mixin.py:188} INFO - [2024-01-13T12:11:15.614+0000] {dagbag.py:538} INFO - Filling up the DagBag from /opt/airflow/dags/etl_to_datalake.py
[2024-01-13T12:11:16.305+0000] {processor.py:840} INFO - DAG(s) 'etl_to_datalake' retrieved from /opt/airflow/dags/etl_to_datalake.py
[2024-01-13T12:11:16.329+0000] {logging_mixin.py:188} INFO - [2024-01-13T12:11:16.328+0000] {dag.py:3033} INFO - Sync 1 DAGs
[2024-01-13T12:11:16.360+0000] {logging_mixin.py:188} INFO - [2024-01-13T12:11:16.360+0000] {dag.py:3820} INFO - Setting next_dagrun for etl_to_datalake to 2024-01-13T00:00:00+00:00, run_after=2024-01-14T00:00:00+00:00
[2024-01-13T12:11:16.389+0000] {processor.py:183} INFO - Processing /opt/airflow/dags/etl_to_datalake.py took 0.798 seconds
[2024-01-13T12:11:46.985+0000] {processor.py:161} INFO - Started process (PID=545) to work on /opt/airflow/dags/etl_to_datalake.py
[2024-01-13T12:11:46.986+0000] {processor.py:830} INFO - Processing file /opt/airflow/dags/etl_to_datalake.py for tasks to queue
[2024-01-13T12:11:46.990+0000] {logging_mixin.py:188} INFO - [2024-01-13T12:11:46.989+0000] {dagbag.py:538} INFO - Filling up the DagBag from /opt/airflow/dags/etl_to_datalake.py
[2024-01-13T12:11:47.681+0000] {processor.py:840} INFO - DAG(s) 'etl_to_datalake' retrieved from /opt/airflow/dags/etl_to_datalake.py
[2024-01-13T12:11:47.702+0000] {logging_mixin.py:188} INFO - [2024-01-13T12:11:47.701+0000] {dag.py:3033} INFO - Sync 1 DAGs
[2024-01-13T12:11:47.727+0000] {logging_mixin.py:188} INFO - [2024-01-13T12:11:47.727+0000] {dag.py:3820} INFO - Setting next_dagrun for etl_to_datalake to 2024-01-13T00:00:00+00:00, run_after=2024-01-14T00:00:00+00:00
[2024-01-13T12:11:47.755+0000] {processor.py:183} INFO - Processing /opt/airflow/dags/etl_to_datalake.py took 0.772 seconds
[2024-01-13T12:12:18.232+0000] {processor.py:161} INFO - Started process (PID=604) to work on /opt/airflow/dags/etl_to_datalake.py
[2024-01-13T12:12:18.234+0000] {processor.py:830} INFO - Processing file /opt/airflow/dags/etl_to_datalake.py for tasks to queue
[2024-01-13T12:12:18.237+0000] {logging_mixin.py:188} INFO - [2024-01-13T12:12:18.237+0000] {dagbag.py:538} INFO - Filling up the DagBag from /opt/airflow/dags/etl_to_datalake.py
[2024-01-13T12:12:18.949+0000] {processor.py:840} INFO - DAG(s) 'etl_to_datalake' retrieved from /opt/airflow/dags/etl_to_datalake.py
[2024-01-13T12:12:18.970+0000] {logging_mixin.py:188} INFO - [2024-01-13T12:12:18.969+0000] {dag.py:3033} INFO - Sync 1 DAGs
[2024-01-13T12:12:18.994+0000] {logging_mixin.py:188} INFO - [2024-01-13T12:12:18.994+0000] {dag.py:3820} INFO - Setting next_dagrun for etl_to_datalake to 2024-01-13T00:00:00+00:00, run_after=2024-01-14T00:00:00+00:00
[2024-01-13T12:12:19.014+0000] {processor.py:183} INFO - Processing /opt/airflow/dags/etl_to_datalake.py took 0.788 seconds
[2024-01-13T12:12:49.484+0000] {processor.py:161} INFO - Started process (PID=663) to work on /opt/airflow/dags/etl_to_datalake.py
[2024-01-13T12:12:49.485+0000] {processor.py:830} INFO - Processing file /opt/airflow/dags/etl_to_datalake.py for tasks to queue
[2024-01-13T12:12:49.489+0000] {logging_mixin.py:188} INFO - [2024-01-13T12:12:49.489+0000] {dagbag.py:538} INFO - Filling up the DagBag from /opt/airflow/dags/etl_to_datalake.py
[2024-01-13T12:12:50.616+0000] {processor.py:840} INFO - DAG(s) 'etl_to_datalake' retrieved from /opt/airflow/dags/etl_to_datalake.py
[2024-01-13T12:12:50.637+0000] {logging_mixin.py:188} INFO - [2024-01-13T12:12:50.637+0000] {dag.py:3033} INFO - Sync 1 DAGs
[2024-01-13T12:12:50.663+0000] {logging_mixin.py:188} INFO - [2024-01-13T12:12:50.663+0000] {dag.py:3820} INFO - Setting next_dagrun for etl_to_datalake to 2024-01-13T00:00:00+00:00, run_after=2024-01-14T00:00:00+00:00
[2024-01-13T12:12:50.696+0000] {processor.py:183} INFO - Processing /opt/airflow/dags/etl_to_datalake.py took 1.219 seconds
[2024-01-13T12:13:20.952+0000] {processor.py:161} INFO - Started process (PID=721) to work on /opt/airflow/dags/etl_to_datalake.py
[2024-01-13T12:13:20.967+0000] {processor.py:830} INFO - Processing file /opt/airflow/dags/etl_to_datalake.py for tasks to queue
[2024-01-13T12:13:20.970+0000] {logging_mixin.py:188} INFO - [2024-01-13T12:13:20.970+0000] {dagbag.py:538} INFO - Filling up the DagBag from /opt/airflow/dags/etl_to_datalake.py
[2024-01-13T12:13:22.812+0000] {processor.py:840} INFO - DAG(s) 'etl_to_datalake' retrieved from /opt/airflow/dags/etl_to_datalake.py
[2024-01-13T12:13:23.016+0000] {logging_mixin.py:188} INFO - [2024-01-13T12:13:22.998+0000] {dag.py:3033} INFO - Sync 1 DAGs
[2024-01-13T12:13:23.440+0000] {logging_mixin.py:188} INFO - [2024-01-13T12:13:23.439+0000] {dag.py:3820} INFO - Setting next_dagrun for etl_to_datalake to 2024-01-13T00:00:00+00:00, run_after=2024-01-14T00:00:00+00:00
[2024-01-13T12:13:23.576+0000] {processor.py:183} INFO - Processing /opt/airflow/dags/etl_to_datalake.py took 2.630 seconds
[2024-01-13T12:13:53.742+0000] {processor.py:161} INFO - Started process (PID=796) to work on /opt/airflow/dags/etl_to_datalake.py
[2024-01-13T12:13:53.744+0000] {processor.py:830} INFO - Processing file /opt/airflow/dags/etl_to_datalake.py for tasks to queue
[2024-01-13T12:13:53.747+0000] {logging_mixin.py:188} INFO - [2024-01-13T12:13:53.747+0000] {dagbag.py:538} INFO - Filling up the DagBag from /opt/airflow/dags/etl_to_datalake.py
[2024-01-13T12:13:54.432+0000] {processor.py:840} INFO - DAG(s) 'etl_to_datalake' retrieved from /opt/airflow/dags/etl_to_datalake.py
[2024-01-13T12:13:54.452+0000] {logging_mixin.py:188} INFO - [2024-01-13T12:13:54.452+0000] {dag.py:3033} INFO - Sync 1 DAGs
[2024-01-13T12:13:54.480+0000] {logging_mixin.py:188} INFO - [2024-01-13T12:13:54.479+0000] {dag.py:3820} INFO - Setting next_dagrun for etl_to_datalake to 2024-01-13T00:00:00+00:00, run_after=2024-01-14T00:00:00+00:00
[2024-01-13T12:13:54.506+0000] {processor.py:183} INFO - Processing /opt/airflow/dags/etl_to_datalake.py took 0.770 seconds
[2024-01-13T12:14:24.997+0000] {processor.py:161} INFO - Started process (PID=855) to work on /opt/airflow/dags/etl_to_datalake.py
[2024-01-13T12:14:24.998+0000] {processor.py:830} INFO - Processing file /opt/airflow/dags/etl_to_datalake.py for tasks to queue
[2024-01-13T12:14:25.001+0000] {logging_mixin.py:188} INFO - [2024-01-13T12:14:25.001+0000] {dagbag.py:538} INFO - Filling up the DagBag from /opt/airflow/dags/etl_to_datalake.py
[2024-01-13T12:14:25.739+0000] {processor.py:840} INFO - DAG(s) 'etl_to_datalake' retrieved from /opt/airflow/dags/etl_to_datalake.py
[2024-01-13T12:14:25.759+0000] {logging_mixin.py:188} INFO - [2024-01-13T12:14:25.759+0000] {dag.py:3033} INFO - Sync 1 DAGs
[2024-01-13T12:14:25.787+0000] {logging_mixin.py:188} INFO - [2024-01-13T12:14:25.787+0000] {dag.py:3820} INFO - Setting next_dagrun for etl_to_datalake to 2024-01-13T00:00:00+00:00, run_after=2024-01-14T00:00:00+00:00
[2024-01-13T12:14:25.809+0000] {processor.py:183} INFO - Processing /opt/airflow/dags/etl_to_datalake.py took 0.818 seconds
[2024-01-13T12:14:56.400+0000] {processor.py:161} INFO - Started process (PID=915) to work on /opt/airflow/dags/etl_to_datalake.py
[2024-01-13T12:14:56.403+0000] {processor.py:830} INFO - Processing file /opt/airflow/dags/etl_to_datalake.py for tasks to queue
[2024-01-13T12:14:56.408+0000] {logging_mixin.py:188} INFO - [2024-01-13T12:14:56.408+0000] {dagbag.py:538} INFO - Filling up the DagBag from /opt/airflow/dags/etl_to_datalake.py
[2024-01-13T12:14:57.144+0000] {processor.py:840} INFO - DAG(s) 'etl_to_datalake' retrieved from /opt/airflow/dags/etl_to_datalake.py
[2024-01-13T12:14:57.166+0000] {logging_mixin.py:188} INFO - [2024-01-13T12:14:57.165+0000] {dag.py:3033} INFO - Sync 1 DAGs
[2024-01-13T12:14:57.192+0000] {logging_mixin.py:188} INFO - [2024-01-13T12:14:57.192+0000] {dag.py:3820} INFO - Setting next_dagrun for etl_to_datalake to 2024-01-13T00:00:00+00:00, run_after=2024-01-14T00:00:00+00:00
[2024-01-13T12:14:57.215+0000] {processor.py:183} INFO - Processing /opt/airflow/dags/etl_to_datalake.py took 0.821 seconds
[2024-01-13T12:15:28.160+0000] {processor.py:161} INFO - Started process (PID=979) to work on /opt/airflow/dags/etl_to_datalake.py
[2024-01-13T12:15:28.162+0000] {processor.py:830} INFO - Processing file /opt/airflow/dags/etl_to_datalake.py for tasks to queue
[2024-01-13T12:15:28.165+0000] {logging_mixin.py:188} INFO - [2024-01-13T12:15:28.165+0000] {dagbag.py:538} INFO - Filling up the DagBag from /opt/airflow/dags/etl_to_datalake.py
[2024-01-13T12:15:28.883+0000] {processor.py:840} INFO - DAG(s) 'etl_to_datalake' retrieved from /opt/airflow/dags/etl_to_datalake.py
[2024-01-13T12:15:28.911+0000] {logging_mixin.py:188} INFO - [2024-01-13T12:15:28.909+0000] {dag.py:3033} INFO - Sync 1 DAGs
[2024-01-13T12:15:28.939+0000] {logging_mixin.py:188} INFO - [2024-01-13T12:15:28.939+0000] {dag.py:3820} INFO - Setting next_dagrun for etl_to_datalake to 2024-01-13T00:00:00+00:00, run_after=2024-01-14T00:00:00+00:00
[2024-01-13T12:15:28.961+0000] {processor.py:183} INFO - Processing /opt/airflow/dags/etl_to_datalake.py took 0.805 seconds
[2024-01-13T12:15:59.647+0000] {processor.py:161} INFO - Started process (PID=1040) to work on /opt/airflow/dags/etl_to_datalake.py
[2024-01-13T12:15:59.650+0000] {processor.py:830} INFO - Processing file /opt/airflow/dags/etl_to_datalake.py for tasks to queue
[2024-01-13T12:15:59.654+0000] {logging_mixin.py:188} INFO - [2024-01-13T12:15:59.654+0000] {dagbag.py:538} INFO - Filling up the DagBag from /opt/airflow/dags/etl_to_datalake.py
[2024-01-13T12:16:00.382+0000] {processor.py:840} INFO - DAG(s) 'etl_to_datalake' retrieved from /opt/airflow/dags/etl_to_datalake.py
[2024-01-13T12:16:00.407+0000] {logging_mixin.py:188} INFO - [2024-01-13T12:16:00.406+0000] {dag.py:3033} INFO - Sync 1 DAGs
[2024-01-13T12:16:00.432+0000] {logging_mixin.py:188} INFO - [2024-01-13T12:16:00.432+0000] {dag.py:3820} INFO - Setting next_dagrun for etl_to_datalake to 2024-01-13T00:00:00+00:00, run_after=2024-01-14T00:00:00+00:00
[2024-01-13T12:16:00.452+0000] {processor.py:183} INFO - Processing /opt/airflow/dags/etl_to_datalake.py took 0.810 seconds
[2024-01-13T12:16:31.007+0000] {processor.py:161} INFO - Started process (PID=1100) to work on /opt/airflow/dags/etl_to_datalake.py
[2024-01-13T12:16:31.009+0000] {processor.py:830} INFO - Processing file /opt/airflow/dags/etl_to_datalake.py for tasks to queue
[2024-01-13T12:16:31.014+0000] {logging_mixin.py:188} INFO - [2024-01-13T12:16:31.013+0000] {dagbag.py:538} INFO - Filling up the DagBag from /opt/airflow/dags/etl_to_datalake.py
[2024-01-13T12:16:31.779+0000] {processor.py:840} INFO - DAG(s) 'etl_to_datalake' retrieved from /opt/airflow/dags/etl_to_datalake.py
[2024-01-13T12:16:31.802+0000] {logging_mixin.py:188} INFO - [2024-01-13T12:16:31.801+0000] {dag.py:3033} INFO - Sync 1 DAGs
[2024-01-13T12:16:31.828+0000] {logging_mixin.py:188} INFO - [2024-01-13T12:16:31.828+0000] {dag.py:3820} INFO - Setting next_dagrun for etl_to_datalake to 2024-01-13T00:00:00+00:00, run_after=2024-01-14T00:00:00+00:00
[2024-01-13T12:16:31.853+0000] {processor.py:183} INFO - Processing /opt/airflow/dags/etl_to_datalake.py took 0.851 seconds
[2024-01-13T12:17:02.647+0000] {processor.py:161} INFO - Started process (PID=1163) to work on /opt/airflow/dags/etl_to_datalake.py
[2024-01-13T12:17:02.649+0000] {processor.py:830} INFO - Processing file /opt/airflow/dags/etl_to_datalake.py for tasks to queue
[2024-01-13T12:17:02.652+0000] {logging_mixin.py:188} INFO - [2024-01-13T12:17:02.652+0000] {dagbag.py:538} INFO - Filling up the DagBag from /opt/airflow/dags/etl_to_datalake.py
[2024-01-13T12:17:03.381+0000] {processor.py:840} INFO - DAG(s) 'etl_to_datalake' retrieved from /opt/airflow/dags/etl_to_datalake.py
[2024-01-13T12:17:03.403+0000] {logging_mixin.py:188} INFO - [2024-01-13T12:17:03.402+0000] {dag.py:3033} INFO - Sync 1 DAGs
[2024-01-13T12:17:03.432+0000] {logging_mixin.py:188} INFO - [2024-01-13T12:17:03.432+0000] {dag.py:3820} INFO - Setting next_dagrun for etl_to_datalake to 2024-01-13T00:00:00+00:00, run_after=2024-01-14T00:00:00+00:00
[2024-01-13T12:17:03.454+0000] {processor.py:183} INFO - Processing /opt/airflow/dags/etl_to_datalake.py took 0.811 seconds
[2024-01-13T12:17:33.815+0000] {processor.py:161} INFO - Started process (PID=1222) to work on /opt/airflow/dags/etl_to_datalake.py
[2024-01-13T12:17:33.817+0000] {processor.py:830} INFO - Processing file /opt/airflow/dags/etl_to_datalake.py for tasks to queue
[2024-01-13T12:17:33.820+0000] {logging_mixin.py:188} INFO - [2024-01-13T12:17:33.820+0000] {dagbag.py:538} INFO - Filling up the DagBag from /opt/airflow/dags/etl_to_datalake.py
[2024-01-13T12:17:34.569+0000] {processor.py:840} INFO - DAG(s) 'etl_to_datalake' retrieved from /opt/airflow/dags/etl_to_datalake.py
[2024-01-13T12:17:34.591+0000] {logging_mixin.py:188} INFO - [2024-01-13T12:17:34.590+0000] {dag.py:3033} INFO - Sync 1 DAGs
[2024-01-13T12:17:34.618+0000] {logging_mixin.py:188} INFO - [2024-01-13T12:17:34.618+0000] {dag.py:3820} INFO - Setting next_dagrun for etl_to_datalake to 2024-01-13T00:00:00+00:00, run_after=2024-01-14T00:00:00+00:00
[2024-01-13T12:17:34.644+0000] {processor.py:183} INFO - Processing /opt/airflow/dags/etl_to_datalake.py took 0.834 seconds
[2024-01-13T12:18:05.016+0000] {processor.py:161} INFO - Started process (PID=1281) to work on /opt/airflow/dags/etl_to_datalake.py
[2024-01-13T12:18:05.018+0000] {processor.py:830} INFO - Processing file /opt/airflow/dags/etl_to_datalake.py for tasks to queue
[2024-01-13T12:18:05.022+0000] {logging_mixin.py:188} INFO - [2024-01-13T12:18:05.021+0000] {dagbag.py:538} INFO - Filling up the DagBag from /opt/airflow/dags/etl_to_datalake.py
[2024-01-13T12:18:05.783+0000] {processor.py:840} INFO - DAG(s) 'etl_to_datalake' retrieved from /opt/airflow/dags/etl_to_datalake.py
[2024-01-13T12:18:05.807+0000] {logging_mixin.py:188} INFO - [2024-01-13T12:18:05.806+0000] {dag.py:3033} INFO - Sync 1 DAGs
[2024-01-13T12:18:05.835+0000] {logging_mixin.py:188} INFO - [2024-01-13T12:18:05.834+0000] {dag.py:3820} INFO - Setting next_dagrun for etl_to_datalake to 2024-01-13T00:00:00+00:00, run_after=2024-01-14T00:00:00+00:00
[2024-01-13T12:18:05.860+0000] {processor.py:183} INFO - Processing /opt/airflow/dags/etl_to_datalake.py took 0.850 seconds
[2024-01-13T12:18:36.430+0000] {processor.py:161} INFO - Started process (PID=1340) to work on /opt/airflow/dags/etl_to_datalake.py
[2024-01-13T12:18:36.432+0000] {processor.py:830} INFO - Processing file /opt/airflow/dags/etl_to_datalake.py for tasks to queue
[2024-01-13T12:18:36.436+0000] {logging_mixin.py:188} INFO - [2024-01-13T12:18:36.435+0000] {dagbag.py:538} INFO - Filling up the DagBag from /opt/airflow/dags/etl_to_datalake.py
[2024-01-13T12:18:37.469+0000] {processor.py:840} INFO - DAG(s) 'etl_to_datalake' retrieved from /opt/airflow/dags/etl_to_datalake.py
[2024-01-13T12:18:37.510+0000] {logging_mixin.py:188} INFO - [2024-01-13T12:18:37.509+0000] {dag.py:3033} INFO - Sync 1 DAGs
[2024-01-13T12:18:37.551+0000] {logging_mixin.py:188} INFO - [2024-01-13T12:18:37.551+0000] {dag.py:3820} INFO - Setting next_dagrun for etl_to_datalake to 2024-01-13T00:00:00+00:00, run_after=2024-01-14T00:00:00+00:00
[2024-01-13T12:18:37.583+0000] {processor.py:183} INFO - Processing /opt/airflow/dags/etl_to_datalake.py took 1.158 seconds
[2024-01-13T12:19:07.738+0000] {processor.py:161} INFO - Started process (PID=1411) to work on /opt/airflow/dags/etl_to_datalake.py
[2024-01-13T12:19:07.740+0000] {processor.py:830} INFO - Processing file /opt/airflow/dags/etl_to_datalake.py for tasks to queue
[2024-01-13T12:19:07.743+0000] {logging_mixin.py:188} INFO - [2024-01-13T12:19:07.742+0000] {dagbag.py:538} INFO - Filling up the DagBag from /opt/airflow/dags/etl_to_datalake.py
[2024-01-13T12:19:08.478+0000] {processor.py:840} INFO - DAG(s) 'etl_to_datalake' retrieved from /opt/airflow/dags/etl_to_datalake.py
[2024-01-13T12:19:08.501+0000] {logging_mixin.py:188} INFO - [2024-01-13T12:19:08.500+0000] {dag.py:3033} INFO - Sync 1 DAGs
[2024-01-13T12:19:08.533+0000] {logging_mixin.py:188} INFO - [2024-01-13T12:19:08.533+0000] {dag.py:3820} INFO - Setting next_dagrun for etl_to_datalake to 2024-01-13T00:00:00+00:00, run_after=2024-01-14T00:00:00+00:00
[2024-01-13T12:19:08.560+0000] {processor.py:183} INFO - Processing /opt/airflow/dags/etl_to_datalake.py took 0.827 seconds
[2024-01-13T12:19:39.017+0000] {processor.py:161} INFO - Started process (PID=1470) to work on /opt/airflow/dags/etl_to_datalake.py
[2024-01-13T12:19:39.019+0000] {processor.py:830} INFO - Processing file /opt/airflow/dags/etl_to_datalake.py for tasks to queue
[2024-01-13T12:19:39.023+0000] {logging_mixin.py:188} INFO - [2024-01-13T12:19:39.023+0000] {dagbag.py:538} INFO - Filling up the DagBag from /opt/airflow/dags/etl_to_datalake.py
[2024-01-13T12:19:39.773+0000] {processor.py:840} INFO - DAG(s) 'etl_to_datalake' retrieved from /opt/airflow/dags/etl_to_datalake.py
[2024-01-13T12:19:39.793+0000] {logging_mixin.py:188} INFO - [2024-01-13T12:19:39.793+0000] {dag.py:3033} INFO - Sync 1 DAGs
[2024-01-13T12:19:39.821+0000] {logging_mixin.py:188} INFO - [2024-01-13T12:19:39.821+0000] {dag.py:3820} INFO - Setting next_dagrun for etl_to_datalake to 2024-01-13T00:00:00+00:00, run_after=2024-01-14T00:00:00+00:00
[2024-01-13T12:19:39.844+0000] {processor.py:183} INFO - Processing /opt/airflow/dags/etl_to_datalake.py took 0.832 seconds
[2024-01-13T12:20:10.494+0000] {processor.py:161} INFO - Started process (PID=1529) to work on /opt/airflow/dags/etl_to_datalake.py
[2024-01-13T12:20:10.496+0000] {processor.py:830} INFO - Processing file /opt/airflow/dags/etl_to_datalake.py for tasks to queue
[2024-01-13T12:20:10.501+0000] {logging_mixin.py:188} INFO - [2024-01-13T12:20:10.500+0000] {dagbag.py:538} INFO - Filling up the DagBag from /opt/airflow/dags/etl_to_datalake.py
[2024-01-13T12:20:11.476+0000] {processor.py:840} INFO - DAG(s) 'etl_to_datalake' retrieved from /opt/airflow/dags/etl_to_datalake.py
[2024-01-13T12:20:11.497+0000] {logging_mixin.py:188} INFO - [2024-01-13T12:20:11.496+0000] {dag.py:3033} INFO - Sync 1 DAGs
[2024-01-13T12:20:11.528+0000] {logging_mixin.py:188} INFO - [2024-01-13T12:20:11.528+0000] {dag.py:3820} INFO - Setting next_dagrun for etl_to_datalake to 2024-01-13T00:00:00+00:00, run_after=2024-01-14T00:00:00+00:00
[2024-01-13T12:20:11.549+0000] {processor.py:183} INFO - Processing /opt/airflow/dags/etl_to_datalake.py took 1.062 seconds
[2024-01-13T12:20:41.878+0000] {processor.py:161} INFO - Started process (PID=1589) to work on /opt/airflow/dags/etl_to_datalake.py
[2024-01-13T12:20:41.880+0000] {processor.py:830} INFO - Processing file /opt/airflow/dags/etl_to_datalake.py for tasks to queue
[2024-01-13T12:20:41.884+0000] {logging_mixin.py:188} INFO - [2024-01-13T12:20:41.884+0000] {dagbag.py:538} INFO - Filling up the DagBag from /opt/airflow/dags/etl_to_datalake.py
[2024-01-13T12:20:43.001+0000] {processor.py:840} INFO - DAG(s) 'etl_to_datalake' retrieved from /opt/airflow/dags/etl_to_datalake.py
[2024-01-13T12:20:43.037+0000] {logging_mixin.py:188} INFO - [2024-01-13T12:20:43.036+0000] {dag.py:3033} INFO - Sync 1 DAGs
[2024-01-13T12:20:43.079+0000] {logging_mixin.py:188} INFO - [2024-01-13T12:20:43.079+0000] {dag.py:3820} INFO - Setting next_dagrun for etl_to_datalake to 2024-01-13T00:00:00+00:00, run_after=2024-01-14T00:00:00+00:00
[2024-01-13T12:20:43.124+0000] {processor.py:183} INFO - Processing /opt/airflow/dags/etl_to_datalake.py took 1.260 seconds
[2024-01-13T12:21:13.226+0000] {processor.py:161} INFO - Started process (PID=1655) to work on /opt/airflow/dags/etl_to_datalake.py
[2024-01-13T12:21:13.228+0000] {processor.py:830} INFO - Processing file /opt/airflow/dags/etl_to_datalake.py for tasks to queue
[2024-01-13T12:21:13.231+0000] {logging_mixin.py:188} INFO - [2024-01-13T12:21:13.231+0000] {dagbag.py:538} INFO - Filling up the DagBag from /opt/airflow/dags/etl_to_datalake.py
[2024-01-13T12:21:14.230+0000] {processor.py:840} INFO - DAG(s) 'etl_to_datalake' retrieved from /opt/airflow/dags/etl_to_datalake.py
[2024-01-13T12:21:14.259+0000] {logging_mixin.py:188} INFO - [2024-01-13T12:21:14.258+0000] {dag.py:3033} INFO - Sync 1 DAGs
[2024-01-13T12:21:14.302+0000] {logging_mixin.py:188} INFO - [2024-01-13T12:21:14.302+0000] {dag.py:3820} INFO - Setting next_dagrun for etl_to_datalake to 2024-01-13T00:00:00+00:00, run_after=2024-01-14T00:00:00+00:00
[2024-01-13T12:21:14.335+0000] {processor.py:183} INFO - Processing /opt/airflow/dags/etl_to_datalake.py took 1.117 seconds
[2024-01-13T12:21:44.695+0000] {processor.py:161} INFO - Started process (PID=1723) to work on /opt/airflow/dags/etl_to_datalake.py
[2024-01-13T12:21:44.697+0000] {processor.py:830} INFO - Processing file /opt/airflow/dags/etl_to_datalake.py for tasks to queue
[2024-01-13T12:21:44.700+0000] {logging_mixin.py:188} INFO - [2024-01-13T12:21:44.700+0000] {dagbag.py:538} INFO - Filling up the DagBag from /opt/airflow/dags/etl_to_datalake.py
[2024-01-13T12:21:45.436+0000] {processor.py:840} INFO - DAG(s) 'etl_to_datalake' retrieved from /opt/airflow/dags/etl_to_datalake.py
[2024-01-13T12:21:45.466+0000] {logging_mixin.py:188} INFO - [2024-01-13T12:21:45.465+0000] {dag.py:3033} INFO - Sync 1 DAGs
[2024-01-13T12:21:45.506+0000] {logging_mixin.py:188} INFO - [2024-01-13T12:21:45.505+0000] {dag.py:3820} INFO - Setting next_dagrun for etl_to_datalake to 2024-01-13T00:00:00+00:00, run_after=2024-01-14T00:00:00+00:00
[2024-01-13T12:21:45.529+0000] {processor.py:183} INFO - Processing /opt/airflow/dags/etl_to_datalake.py took 0.840 seconds
[2024-01-13T12:22:15.868+0000] {processor.py:161} INFO - Started process (PID=1800) to work on /opt/airflow/dags/etl_to_datalake.py
[2024-01-13T12:22:15.870+0000] {processor.py:830} INFO - Processing file /opt/airflow/dags/etl_to_datalake.py for tasks to queue
[2024-01-13T12:22:15.873+0000] {logging_mixin.py:188} INFO - [2024-01-13T12:22:15.873+0000] {dagbag.py:538} INFO - Filling up the DagBag from /opt/airflow/dags/etl_to_datalake.py
[2024-01-13T12:22:16.592+0000] {processor.py:840} INFO - DAG(s) 'etl_to_datalake' retrieved from /opt/airflow/dags/etl_to_datalake.py
[2024-01-13T12:22:16.621+0000] {logging_mixin.py:188} INFO - [2024-01-13T12:22:16.620+0000] {dag.py:3033} INFO - Sync 1 DAGs
[2024-01-13T12:22:16.653+0000] {logging_mixin.py:188} INFO - [2024-01-13T12:22:16.652+0000] {dag.py:3820} INFO - Setting next_dagrun for etl_to_datalake to 2024-01-13T00:00:00+00:00, run_after=2024-01-14T00:00:00+00:00
[2024-01-13T12:22:16.680+0000] {processor.py:183} INFO - Processing /opt/airflow/dags/etl_to_datalake.py took 0.818 seconds
[2024-01-13T12:22:46.959+0000] {processor.py:161} INFO - Started process (PID=1893) to work on /opt/airflow/dags/etl_to_datalake.py
[2024-01-13T12:22:46.964+0000] {processor.py:830} INFO - Processing file /opt/airflow/dags/etl_to_datalake.py for tasks to queue
[2024-01-13T12:22:46.968+0000] {logging_mixin.py:188} INFO - [2024-01-13T12:22:46.967+0000] {dagbag.py:538} INFO - Filling up the DagBag from /opt/airflow/dags/etl_to_datalake.py
[2024-01-13T12:22:48.439+0000] {processor.py:840} INFO - DAG(s) 'etl_to_datalake' retrieved from /opt/airflow/dags/etl_to_datalake.py
[2024-01-13T12:22:48.479+0000] {logging_mixin.py:188} INFO - [2024-01-13T12:22:48.478+0000] {dag.py:3033} INFO - Sync 1 DAGs
[2024-01-13T12:22:48.554+0000] {logging_mixin.py:188} INFO - [2024-01-13T12:22:48.554+0000] {dag.py:3820} INFO - Setting next_dagrun for etl_to_datalake to 2024-01-13T00:00:00+00:00, run_after=2024-01-14T00:00:00+00:00
[2024-01-13T12:22:48.611+0000] {processor.py:183} INFO - Processing /opt/airflow/dags/etl_to_datalake.py took 1.663 seconds
[2024-01-13T12:23:19.687+0000] {processor.py:161} INFO - Started process (PID=1953) to work on /opt/airflow/dags/etl_to_datalake.py
[2024-01-13T12:23:19.691+0000] {processor.py:830} INFO - Processing file /opt/airflow/dags/etl_to_datalake.py for tasks to queue
[2024-01-13T12:23:19.708+0000] {logging_mixin.py:188} INFO - [2024-01-13T12:23:19.707+0000] {dagbag.py:538} INFO - Filling up the DagBag from /opt/airflow/dags/etl_to_datalake.py
[2024-01-13T12:23:21.703+0000] {processor.py:840} INFO - DAG(s) 'etl_to_datalake' retrieved from /opt/airflow/dags/etl_to_datalake.py
[2024-01-13T12:23:21.744+0000] {logging_mixin.py:188} INFO - [2024-01-13T12:23:21.742+0000] {dag.py:3033} INFO - Sync 1 DAGs
[2024-01-13T12:23:21.777+0000] {logging_mixin.py:188} INFO - [2024-01-13T12:23:21.776+0000] {dag.py:3820} INFO - Setting next_dagrun for etl_to_datalake to 2024-01-13T00:00:00+00:00, run_after=2024-01-14T00:00:00+00:00
[2024-01-13T12:23:21.801+0000] {processor.py:183} INFO - Processing /opt/airflow/dags/etl_to_datalake.py took 2.135 seconds
[2024-01-13T12:23:52.213+0000] {processor.py:161} INFO - Started process (PID=2013) to work on /opt/airflow/dags/etl_to_datalake.py
[2024-01-13T12:23:52.259+0000] {processor.py:830} INFO - Processing file /opt/airflow/dags/etl_to_datalake.py for tasks to queue
[2024-01-13T12:23:52.262+0000] {logging_mixin.py:188} INFO - [2024-01-13T12:23:52.262+0000] {dagbag.py:538} INFO - Filling up the DagBag from /opt/airflow/dags/etl_to_datalake.py
[2024-01-13T12:23:53.026+0000] {processor.py:840} INFO - DAG(s) 'etl_to_datalake' retrieved from /opt/airflow/dags/etl_to_datalake.py
[2024-01-13T12:23:53.052+0000] {logging_mixin.py:188} INFO - [2024-01-13T12:23:53.051+0000] {dag.py:3033} INFO - Sync 1 DAGs
[2024-01-13T12:23:53.080+0000] {logging_mixin.py:188} INFO - [2024-01-13T12:23:53.080+0000] {dag.py:3820} INFO - Setting next_dagrun for etl_to_datalake to 2024-01-13T00:00:00+00:00, run_after=2024-01-14T00:00:00+00:00
[2024-01-13T12:23:53.108+0000] {processor.py:183} INFO - Processing /opt/airflow/dags/etl_to_datalake.py took 0.900 seconds
[2024-01-13T12:24:14.572+0000] {processor.py:161} INFO - Started process (PID=2063) to work on /opt/airflow/dags/etl_to_datalake.py
[2024-01-13T12:24:14.573+0000] {processor.py:830} INFO - Processing file /opt/airflow/dags/etl_to_datalake.py for tasks to queue
[2024-01-13T12:24:14.577+0000] {logging_mixin.py:188} INFO - [2024-01-13T12:24:14.577+0000] {dagbag.py:538} INFO - Filling up the DagBag from /opt/airflow/dags/etl_to_datalake.py
[2024-01-13T12:24:15.286+0000] {processor.py:840} INFO - DAG(s) 'etl_to_datalake' retrieved from /opt/airflow/dags/etl_to_datalake.py
[2024-01-13T12:24:15.307+0000] {logging_mixin.py:188} INFO - [2024-01-13T12:24:15.306+0000] {dag.py:3033} INFO - Sync 1 DAGs
[2024-01-13T12:24:15.333+0000] {logging_mixin.py:188} INFO - [2024-01-13T12:24:15.333+0000] {dag.py:3820} INFO - Setting next_dagrun for etl_to_datalake to 2024-01-13T00:00:00+00:00, run_after=2024-01-14T00:00:00+00:00
[2024-01-13T12:24:15.355+0000] {processor.py:183} INFO - Processing /opt/airflow/dags/etl_to_datalake.py took 0.788 seconds
[2024-01-13T12:24:45.992+0000] {processor.py:161} INFO - Started process (PID=2122) to work on /opt/airflow/dags/etl_to_datalake.py
[2024-01-13T12:24:45.995+0000] {processor.py:830} INFO - Processing file /opt/airflow/dags/etl_to_datalake.py for tasks to queue
[2024-01-13T12:24:46.000+0000] {logging_mixin.py:188} INFO - [2024-01-13T12:24:45.999+0000] {dagbag.py:538} INFO - Filling up the DagBag from /opt/airflow/dags/etl_to_datalake.py
[2024-01-13T12:24:46.818+0000] {processor.py:840} INFO - DAG(s) 'etl_to_datalake' retrieved from /opt/airflow/dags/etl_to_datalake.py
[2024-01-13T12:24:46.854+0000] {logging_mixin.py:188} INFO - [2024-01-13T12:24:46.853+0000] {dag.py:3033} INFO - Sync 1 DAGs
[2024-01-13T12:24:46.900+0000] {logging_mixin.py:188} INFO - [2024-01-13T12:24:46.899+0000] {dag.py:3820} INFO - Setting next_dagrun for etl_to_datalake to 2024-01-13T00:00:00+00:00, run_after=2024-01-14T00:00:00+00:00
[2024-01-13T12:24:46.933+0000] {processor.py:183} INFO - Processing /opt/airflow/dags/etl_to_datalake.py took 0.946 seconds
