[2024-01-13T11:57:35.153+0000] {processor.py:161} INFO - Started process (PID=31) to work on /opt/airflow/dags/etl_to_dwh.py
[2024-01-13T11:57:35.156+0000] {processor.py:830} INFO - Processing file /opt/airflow/dags/etl_to_dwh.py for tasks to queue
[2024-01-13T11:57:35.162+0000] {logging_mixin.py:188} INFO - [2024-01-13T11:57:35.161+0000] {dagbag.py:538} INFO - Filling up the DagBag from /opt/airflow/dags/etl_to_dwh.py
[2024-01-13T11:57:40.249+0000] {logging_mixin.py:188} INFO - [2024-01-13T11:57:40.247+0000] {dagbag.py:348} ERROR - Failed to import: /opt/airflow/dags/etl_to_dwh.py
Traceback (most recent call last):
  File "/home/airflow/.local/lib/python3.8/site-packages/airflow/models/dagbag.py", line 344, in parse
    loader.exec_module(new_module)
  File "<frozen importlib._bootstrap_external>", line 843, in exec_module
  File "<frozen importlib._bootstrap>", line 219, in _call_with_frames_removed
  File "/opt/airflow/dags/etl_to_dwh.py", line 132, in <module>
    list_dependency = [item["task_dwh"] for item in list_dict_task_dwh if item["task_dwh"].task_id in dict_task_dwh["list_internal_task_dependency"]]
  File "/opt/airflow/dags/etl_to_dwh.py", line 132, in <listcomp>
    list_dependency = [item["task_dwh"] for item in list_dict_task_dwh if item["task_dwh"].task_id in dict_task_dwh["list_internal_task_dependency"]]
TypeError: argument of type 'NoneType' is not iterable
[2024-01-13T11:57:40.250+0000] {processor.py:842} WARNING - No viable dags retrieved from /opt/airflow/dags/etl_to_dwh.py
[2024-01-13T11:57:40.301+0000] {processor.py:183} INFO - Processing /opt/airflow/dags/etl_to_dwh.py took 5.158 seconds
[2024-01-13T11:58:11.325+0000] {processor.py:161} INFO - Started process (PID=102) to work on /opt/airflow/dags/etl_to_dwh.py
[2024-01-13T11:58:11.327+0000] {processor.py:830} INFO - Processing file /opt/airflow/dags/etl_to_dwh.py for tasks to queue
[2024-01-13T11:58:11.330+0000] {logging_mixin.py:188} INFO - [2024-01-13T11:58:11.330+0000] {dagbag.py:538} INFO - Filling up the DagBag from /opt/airflow/dags/etl_to_dwh.py
[2024-01-13T11:58:12.134+0000] {logging_mixin.py:188} INFO - [2024-01-13T11:58:12.132+0000] {dagbag.py:348} ERROR - Failed to import: /opt/airflow/dags/etl_to_dwh.py
Traceback (most recent call last):
  File "/home/airflow/.local/lib/python3.8/site-packages/airflow/models/dagbag.py", line 344, in parse
    loader.exec_module(new_module)
  File "<frozen importlib._bootstrap_external>", line 843, in exec_module
  File "<frozen importlib._bootstrap>", line 219, in _call_with_frames_removed
  File "/opt/airflow/dags/etl_to_dwh.py", line 132, in <module>
    list_dependency = [item["task_dwh"] for item in list_dict_task_dwh if item["task_dwh"].task_id in dict_task_dwh["list_internal_task_dependency"]]
  File "/opt/airflow/dags/etl_to_dwh.py", line 132, in <listcomp>
    list_dependency = [item["task_dwh"] for item in list_dict_task_dwh if item["task_dwh"].task_id in dict_task_dwh["list_internal_task_dependency"]]
TypeError: argument of type 'NoneType' is not iterable
[2024-01-13T11:58:12.134+0000] {processor.py:842} WARNING - No viable dags retrieved from /opt/airflow/dags/etl_to_dwh.py
[2024-01-13T11:58:12.157+0000] {processor.py:183} INFO - Processing /opt/airflow/dags/etl_to_dwh.py took 0.837 seconds
[2024-01-13T11:58:42.730+0000] {processor.py:161} INFO - Started process (PID=163) to work on /opt/airflow/dags/etl_to_dwh.py
[2024-01-13T11:58:42.732+0000] {processor.py:830} INFO - Processing file /opt/airflow/dags/etl_to_dwh.py for tasks to queue
[2024-01-13T11:58:42.736+0000] {logging_mixin.py:188} INFO - [2024-01-13T11:58:42.735+0000] {dagbag.py:538} INFO - Filling up the DagBag from /opt/airflow/dags/etl_to_dwh.py
[2024-01-13T11:58:43.477+0000] {logging_mixin.py:188} INFO - [2024-01-13T11:58:43.475+0000] {dagbag.py:348} ERROR - Failed to import: /opt/airflow/dags/etl_to_dwh.py
Traceback (most recent call last):
  File "/home/airflow/.local/lib/python3.8/site-packages/airflow/models/dagbag.py", line 344, in parse
    loader.exec_module(new_module)
  File "<frozen importlib._bootstrap_external>", line 843, in exec_module
  File "<frozen importlib._bootstrap>", line 219, in _call_with_frames_removed
  File "/opt/airflow/dags/etl_to_dwh.py", line 132, in <module>
    list_dependency = [item["task_dwh"] for item in list_dict_task_dwh if item["task_dwh"].task_id in dict_task_dwh["list_internal_task_dependency"]]
  File "/opt/airflow/dags/etl_to_dwh.py", line 132, in <listcomp>
    list_dependency = [item["task_dwh"] for item in list_dict_task_dwh if item["task_dwh"].task_id in dict_task_dwh["list_internal_task_dependency"]]
TypeError: argument of type 'NoneType' is not iterable
[2024-01-13T11:58:43.477+0000] {processor.py:842} WARNING - No viable dags retrieved from /opt/airflow/dags/etl_to_dwh.py
[2024-01-13T11:58:43.495+0000] {processor.py:183} INFO - Processing /opt/airflow/dags/etl_to_dwh.py took 0.771 seconds
[2024-01-13T11:59:13.964+0000] {processor.py:161} INFO - Started process (PID=226) to work on /opt/airflow/dags/etl_to_dwh.py
[2024-01-13T11:59:13.965+0000] {processor.py:830} INFO - Processing file /opt/airflow/dags/etl_to_dwh.py for tasks to queue
[2024-01-13T11:59:13.968+0000] {logging_mixin.py:188} INFO - [2024-01-13T11:59:13.968+0000] {dagbag.py:538} INFO - Filling up the DagBag from /opt/airflow/dags/etl_to_dwh.py
[2024-01-13T11:59:14.754+0000] {logging_mixin.py:188} INFO - [2024-01-13T11:59:14.752+0000] {dagbag.py:348} ERROR - Failed to import: /opt/airflow/dags/etl_to_dwh.py
Traceback (most recent call last):
  File "/home/airflow/.local/lib/python3.8/site-packages/airflow/models/dagbag.py", line 344, in parse
    loader.exec_module(new_module)
  File "<frozen importlib._bootstrap_external>", line 843, in exec_module
  File "<frozen importlib._bootstrap>", line 219, in _call_with_frames_removed
  File "/opt/airflow/dags/etl_to_dwh.py", line 132, in <module>
    list_dependency = [item["task_dwh"] for item in list_dict_task_dwh if item["task_dwh"].task_id in dict_task_dwh["list_internal_task_dependency"]]
  File "/opt/airflow/dags/etl_to_dwh.py", line 132, in <listcomp>
    list_dependency = [item["task_dwh"] for item in list_dict_task_dwh if item["task_dwh"].task_id in dict_task_dwh["list_internal_task_dependency"]]
TypeError: argument of type 'NoneType' is not iterable
[2024-01-13T11:59:14.754+0000] {processor.py:842} WARNING - No viable dags retrieved from /opt/airflow/dags/etl_to_dwh.py
[2024-01-13T11:59:14.779+0000] {processor.py:183} INFO - Processing /opt/airflow/dags/etl_to_dwh.py took 0.820 seconds
[2024-01-13T11:59:45.628+0000] {processor.py:161} INFO - Started process (PID=290) to work on /opt/airflow/dags/etl_to_dwh.py
[2024-01-13T11:59:45.652+0000] {processor.py:830} INFO - Processing file /opt/airflow/dags/etl_to_dwh.py for tasks to queue
[2024-01-13T11:59:45.657+0000] {logging_mixin.py:188} INFO - [2024-01-13T11:59:45.656+0000] {dagbag.py:538} INFO - Filling up the DagBag from /opt/airflow/dags/etl_to_dwh.py
[2024-01-13T11:59:46.433+0000] {logging_mixin.py:188} INFO - [2024-01-13T11:59:46.431+0000] {dagbag.py:348} ERROR - Failed to import: /opt/airflow/dags/etl_to_dwh.py
Traceback (most recent call last):
  File "/home/airflow/.local/lib/python3.8/site-packages/airflow/models/dagbag.py", line 344, in parse
    loader.exec_module(new_module)
  File "<frozen importlib._bootstrap_external>", line 843, in exec_module
  File "<frozen importlib._bootstrap>", line 219, in _call_with_frames_removed
  File "/opt/airflow/dags/etl_to_dwh.py", line 132, in <module>
    list_dependency = [item["task_dwh"] for item in list_dict_task_dwh if item["task_dwh"].task_id in dict_task_dwh["list_internal_task_dependency"]]
  File "/opt/airflow/dags/etl_to_dwh.py", line 132, in <listcomp>
    list_dependency = [item["task_dwh"] for item in list_dict_task_dwh if item["task_dwh"].task_id in dict_task_dwh["list_internal_task_dependency"]]
TypeError: argument of type 'NoneType' is not iterable
[2024-01-13T11:59:46.433+0000] {processor.py:842} WARNING - No viable dags retrieved from /opt/airflow/dags/etl_to_dwh.py
[2024-01-13T11:59:46.452+0000] {processor.py:183} INFO - Processing /opt/airflow/dags/etl_to_dwh.py took 0.829 seconds
[2024-01-13T12:00:17.053+0000] {processor.py:161} INFO - Started process (PID=351) to work on /opt/airflow/dags/etl_to_dwh.py
[2024-01-13T12:00:17.054+0000] {processor.py:830} INFO - Processing file /opt/airflow/dags/etl_to_dwh.py for tasks to queue
[2024-01-13T12:00:17.057+0000] {logging_mixin.py:188} INFO - [2024-01-13T12:00:17.056+0000] {dagbag.py:538} INFO - Filling up the DagBag from /opt/airflow/dags/etl_to_dwh.py
[2024-01-13T12:00:17.810+0000] {logging_mixin.py:188} INFO - [2024-01-13T12:00:17.808+0000] {dagbag.py:348} ERROR - Failed to import: /opt/airflow/dags/etl_to_dwh.py
Traceback (most recent call last):
  File "/home/airflow/.local/lib/python3.8/site-packages/airflow/models/dagbag.py", line 344, in parse
    loader.exec_module(new_module)
  File "<frozen importlib._bootstrap_external>", line 843, in exec_module
  File "<frozen importlib._bootstrap>", line 219, in _call_with_frames_removed
  File "/opt/airflow/dags/etl_to_dwh.py", line 132, in <module>
    list_dependency = [item["task_dwh"] for item in list_dict_task_dwh if item["task_dwh"].task_id in dict_task_dwh["list_internal_task_dependency"]]
  File "/opt/airflow/dags/etl_to_dwh.py", line 132, in <listcomp>
    list_dependency = [item["task_dwh"] for item in list_dict_task_dwh if item["task_dwh"].task_id in dict_task_dwh["list_internal_task_dependency"]]
TypeError: argument of type 'NoneType' is not iterable
[2024-01-13T12:00:17.810+0000] {processor.py:842} WARNING - No viable dags retrieved from /opt/airflow/dags/etl_to_dwh.py
[2024-01-13T12:00:17.835+0000] {processor.py:183} INFO - Processing /opt/airflow/dags/etl_to_dwh.py took 0.788 seconds
[2024-01-13T12:00:48.001+0000] {processor.py:161} INFO - Started process (PID=414) to work on /opt/airflow/dags/etl_to_dwh.py
[2024-01-13T12:00:48.014+0000] {processor.py:830} INFO - Processing file /opt/airflow/dags/etl_to_dwh.py for tasks to queue
[2024-01-13T12:00:48.018+0000] {logging_mixin.py:188} INFO - [2024-01-13T12:00:48.018+0000] {dagbag.py:538} INFO - Filling up the DagBag from /opt/airflow/dags/etl_to_dwh.py
[2024-01-13T12:00:48.749+0000] {logging_mixin.py:188} INFO - [2024-01-13T12:00:48.748+0000] {dagbag.py:348} ERROR - Failed to import: /opt/airflow/dags/etl_to_dwh.py
Traceback (most recent call last):
  File "/home/airflow/.local/lib/python3.8/site-packages/airflow/models/dagbag.py", line 344, in parse
    loader.exec_module(new_module)
  File "<frozen importlib._bootstrap_external>", line 843, in exec_module
  File "<frozen importlib._bootstrap>", line 219, in _call_with_frames_removed
  File "/opt/airflow/dags/etl_to_dwh.py", line 132, in <module>
    list_dependency = [item["task_dwh"] for item in list_dict_task_dwh if item["task_dwh"].task_id in dict_task_dwh["list_internal_task_dependency"]]
  File "/opt/airflow/dags/etl_to_dwh.py", line 132, in <listcomp>
    list_dependency = [item["task_dwh"] for item in list_dict_task_dwh if item["task_dwh"].task_id in dict_task_dwh["list_internal_task_dependency"]]
TypeError: argument of type 'NoneType' is not iterable
[2024-01-13T12:00:48.749+0000] {processor.py:842} WARNING - No viable dags retrieved from /opt/airflow/dags/etl_to_dwh.py
[2024-01-13T12:00:48.769+0000] {processor.py:183} INFO - Processing /opt/airflow/dags/etl_to_dwh.py took 0.773 seconds
[2024-01-13T12:01:19.579+0000] {processor.py:161} INFO - Started process (PID=476) to work on /opt/airflow/dags/etl_to_dwh.py
[2024-01-13T12:01:19.580+0000] {processor.py:830} INFO - Processing file /opt/airflow/dags/etl_to_dwh.py for tasks to queue
[2024-01-13T12:01:19.583+0000] {logging_mixin.py:188} INFO - [2024-01-13T12:01:19.582+0000] {dagbag.py:538} INFO - Filling up the DagBag from /opt/airflow/dags/etl_to_dwh.py
[2024-01-13T12:01:20.387+0000] {logging_mixin.py:188} INFO - [2024-01-13T12:01:20.386+0000] {dagbag.py:348} ERROR - Failed to import: /opt/airflow/dags/etl_to_dwh.py
Traceback (most recent call last):
  File "/home/airflow/.local/lib/python3.8/site-packages/airflow/models/dagbag.py", line 344, in parse
    loader.exec_module(new_module)
  File "<frozen importlib._bootstrap_external>", line 843, in exec_module
  File "<frozen importlib._bootstrap>", line 219, in _call_with_frames_removed
  File "/opt/airflow/dags/etl_to_dwh.py", line 132, in <module>
    list_dependency = [item["task_dwh"] for item in list_dict_task_dwh if item["task_dwh"].task_id in dict_task_dwh["list_internal_task_dependency"]]
  File "/opt/airflow/dags/etl_to_dwh.py", line 132, in <listcomp>
    list_dependency = [item["task_dwh"] for item in list_dict_task_dwh if item["task_dwh"].task_id in dict_task_dwh["list_internal_task_dependency"]]
TypeError: argument of type 'NoneType' is not iterable
[2024-01-13T12:01:20.387+0000] {processor.py:842} WARNING - No viable dags retrieved from /opt/airflow/dags/etl_to_dwh.py
[2024-01-13T12:01:20.406+0000] {processor.py:183} INFO - Processing /opt/airflow/dags/etl_to_dwh.py took 0.833 seconds
[2024-01-13T12:01:49.977+0000] {processor.py:161} INFO - Started process (PID=535) to work on /opt/airflow/dags/etl_to_dwh.py
[2024-01-13T12:01:49.978+0000] {processor.py:830} INFO - Processing file /opt/airflow/dags/etl_to_dwh.py for tasks to queue
[2024-01-13T12:01:49.982+0000] {logging_mixin.py:188} INFO - [2024-01-13T12:01:49.982+0000] {dagbag.py:538} INFO - Filling up the DagBag from /opt/airflow/dags/etl_to_dwh.py
[2024-01-13T12:01:49.989+0000] {logging_mixin.py:188} INFO - [2024-01-13T12:01:49.987+0000] {dagbag.py:348} ERROR - Failed to import: /opt/airflow/dags/etl_to_dwh.py
Traceback (most recent call last):
  File "/home/airflow/.local/lib/python3.8/site-packages/airflow/models/dagbag.py", line 344, in parse
    loader.exec_module(new_module)
  File "<frozen importlib._bootstrap_external>", line 839, in exec_module
  File "<frozen importlib._bootstrap_external>", line 976, in get_code
  File "<frozen importlib._bootstrap_external>", line 906, in source_to_code
  File "<frozen importlib._bootstrap>", line 219, in _call_with_frames_removed
  File "/opt/airflow/dags/etl_to_dwh.py", line 132
    if
      ^
SyntaxError: invalid syntax
[2024-01-13T12:01:49.989+0000] {processor.py:842} WARNING - No viable dags retrieved from /opt/airflow/dags/etl_to_dwh.py
[2024-01-13T12:01:50.020+0000] {processor.py:183} INFO - Processing /opt/airflow/dags/etl_to_dwh.py took 0.048 seconds
[2024-01-13T12:02:00.065+0000] {processor.py:161} INFO - Started process (PID=565) to work on /opt/airflow/dags/etl_to_dwh.py
[2024-01-13T12:02:00.067+0000] {processor.py:830} INFO - Processing file /opt/airflow/dags/etl_to_dwh.py for tasks to queue
[2024-01-13T12:02:00.072+0000] {logging_mixin.py:188} INFO - [2024-01-13T12:02:00.071+0000] {dagbag.py:538} INFO - Filling up the DagBag from /opt/airflow/dags/etl_to_dwh.py
[2024-01-13T12:02:00.076+0000] {logging_mixin.py:188} INFO - [2024-01-13T12:02:00.075+0000] {dagbag.py:348} ERROR - Failed to import: /opt/airflow/dags/etl_to_dwh.py
Traceback (most recent call last):
  File "/home/airflow/.local/lib/python3.8/site-packages/airflow/models/dagbag.py", line 344, in parse
    loader.exec_module(new_module)
  File "<frozen importlib._bootstrap_external>", line 839, in exec_module
  File "<frozen importlib._bootstrap_external>", line 976, in get_code
  File "<frozen importlib._bootstrap_external>", line 906, in source_to_code
  File "<frozen importlib._bootstrap>", line 219, in _call_with_frames_removed
  File "/opt/airflow/dags/etl_to_dwh.py", line 133
    list_dependency = [item["task_dwh"] for item in list_dict_task_dwh if item["task_dwh"].task_id in dict_task_dwh["list_internal_task_dependency"]]
    ^
IndentationError: expected an indented block
[2024-01-13T12:02:00.077+0000] {processor.py:842} WARNING - No viable dags retrieved from /opt/airflow/dags/etl_to_dwh.py
[2024-01-13T12:02:00.104+0000] {processor.py:183} INFO - Processing /opt/airflow/dags/etl_to_dwh.py took 0.044 seconds
[2024-01-13T12:02:02.083+0000] {processor.py:161} INFO - Started process (PID=566) to work on /opt/airflow/dags/etl_to_dwh.py
[2024-01-13T12:02:02.084+0000] {processor.py:830} INFO - Processing file /opt/airflow/dags/etl_to_dwh.py for tasks to queue
[2024-01-13T12:02:02.087+0000] {logging_mixin.py:188} INFO - [2024-01-13T12:02:02.087+0000] {dagbag.py:538} INFO - Filling up the DagBag from /opt/airflow/dags/etl_to_dwh.py
[2024-01-13T12:02:02.807+0000] {logging_mixin.py:188} INFO - [2024-01-13T12:02:02.806+0000] {dagbag.py:348} ERROR - Failed to import: /opt/airflow/dags/etl_to_dwh.py
Traceback (most recent call last):
  File "/home/airflow/.local/lib/python3.8/site-packages/airflow/models/dagbag.py", line 344, in parse
    loader.exec_module(new_module)
  File "<frozen importlib._bootstrap_external>", line 843, in exec_module
  File "<frozen importlib._bootstrap>", line 219, in _call_with_frames_removed
  File "/opt/airflow/dags/etl_to_dwh.py", line 134, in <module>
    dict_task_dwh["task_dwh"].set_upstream(list_dependency)
NameError: name 'list_dependency' is not defined
[2024-01-13T12:02:02.808+0000] {processor.py:842} WARNING - No viable dags retrieved from /opt/airflow/dags/etl_to_dwh.py
[2024-01-13T12:02:02.827+0000] {processor.py:183} INFO - Processing /opt/airflow/dags/etl_to_dwh.py took 0.749 seconds
[2024-01-13T12:02:07.168+0000] {processor.py:161} INFO - Started process (PID=568) to work on /opt/airflow/dags/etl_to_dwh.py
[2024-01-13T12:02:07.169+0000] {processor.py:830} INFO - Processing file /opt/airflow/dags/etl_to_dwh.py for tasks to queue
[2024-01-13T12:02:07.172+0000] {logging_mixin.py:188} INFO - [2024-01-13T12:02:07.172+0000] {dagbag.py:538} INFO - Filling up the DagBag from /opt/airflow/dags/etl_to_dwh.py
[2024-01-13T12:02:07.905+0000] {logging_mixin.py:188} INFO - [2024-01-13T12:02:07.902+0000] {dagbag.py:348} ERROR - Failed to import: /opt/airflow/dags/etl_to_dwh.py
Traceback (most recent call last):
  File "/home/airflow/.local/lib/python3.8/site-packages/airflow/models/dagbag.py", line 344, in parse
    loader.exec_module(new_module)
  File "<frozen importlib._bootstrap_external>", line 843, in exec_module
  File "<frozen importlib._bootstrap>", line 219, in _call_with_frames_removed
  File "/opt/airflow/dags/etl_to_dwh.py", line 135, in <module>
    dict_task_dwh["task_dwh"].set_upstream(list_dependency)
NameError: name 'list_dependency' is not defined
[2024-01-13T12:02:07.905+0000] {processor.py:842} WARNING - No viable dags retrieved from /opt/airflow/dags/etl_to_dwh.py
[2024-01-13T12:02:07.925+0000] {processor.py:183} INFO - Processing /opt/airflow/dags/etl_to_dwh.py took 0.762 seconds
[2024-01-13T12:02:09.919+0000] {processor.py:161} INFO - Started process (PID=576) to work on /opt/airflow/dags/etl_to_dwh.py
[2024-01-13T12:02:09.921+0000] {processor.py:830} INFO - Processing file /opt/airflow/dags/etl_to_dwh.py for tasks to queue
[2024-01-13T12:02:09.925+0000] {logging_mixin.py:188} INFO - [2024-01-13T12:02:09.924+0000] {dagbag.py:538} INFO - Filling up the DagBag from /opt/airflow/dags/etl_to_dwh.py
[2024-01-13T12:02:09.931+0000] {logging_mixin.py:188} INFO - [2024-01-13T12:02:09.930+0000] {dagbag.py:348} ERROR - Failed to import: /opt/airflow/dags/etl_to_dwh.py
Traceback (most recent call last):
  File "/home/airflow/.local/lib/python3.8/site-packages/airflow/models/dagbag.py", line 344, in parse
    loader.exec_module(new_module)
  File "<frozen importlib._bootstrap_external>", line 839, in exec_module
  File "<frozen importlib._bootstrap_external>", line 976, in get_code
  File "<frozen importlib._bootstrap_external>", line 906, in source_to_code
  File "<frozen importlib._bootstrap>", line 219, in _call_with_frames_removed
  File "/opt/airflow/dags/etl_to_dwh.py", line 136
    dict_task_dwh["task_dwh"].set_upstream(list_dependency)
    ^
IndentationError: expected an indented block
[2024-01-13T12:02:09.932+0000] {processor.py:842} WARNING - No viable dags retrieved from /opt/airflow/dags/etl_to_dwh.py
[2024-01-13T12:02:09.980+0000] {processor.py:183} INFO - Processing /opt/airflow/dags/etl_to_dwh.py took 0.068 seconds
[2024-01-13T12:02:14.496+0000] {processor.py:161} INFO - Started process (PID=583) to work on /opt/airflow/dags/etl_to_dwh.py
[2024-01-13T12:02:14.497+0000] {processor.py:830} INFO - Processing file /opt/airflow/dags/etl_to_dwh.py for tasks to queue
[2024-01-13T12:02:14.500+0000] {logging_mixin.py:188} INFO - [2024-01-13T12:02:14.500+0000] {dagbag.py:538} INFO - Filling up the DagBag from /opt/airflow/dags/etl_to_dwh.py
[2024-01-13T12:02:15.266+0000] {logging_mixin.py:188} INFO - [2024-01-13T12:02:15.265+0000] {dagbag.py:348} ERROR - Failed to import: /opt/airflow/dags/etl_to_dwh.py
Traceback (most recent call last):
  File "/home/airflow/.local/lib/python3.8/site-packages/airflow/models/dagbag.py", line 344, in parse
    loader.exec_module(new_module)
  File "<frozen importlib._bootstrap_external>", line 843, in exec_module
  File "<frozen importlib._bootstrap>", line 219, in _call_with_frames_removed
  File "/opt/airflow/dags/etl_to_dwh.py", line 134, in <module>
    dict_task_dwh["task_dwh"].set_upstream(list_dependency)
NameError: name 'list_dependency' is not defined
[2024-01-13T12:02:15.267+0000] {processor.py:842} WARNING - No viable dags retrieved from /opt/airflow/dags/etl_to_dwh.py
[2024-01-13T12:02:15.286+0000] {processor.py:183} INFO - Processing /opt/airflow/dags/etl_to_dwh.py took 0.796 seconds
[2024-01-13T12:02:16.448+0000] {processor.py:161} INFO - Started process (PID=589) to work on /opt/airflow/dags/etl_to_dwh.py
[2024-01-13T12:02:16.449+0000] {processor.py:830} INFO - Processing file /opt/airflow/dags/etl_to_dwh.py for tasks to queue
[2024-01-13T12:02:16.452+0000] {logging_mixin.py:188} INFO - [2024-01-13T12:02:16.452+0000] {dagbag.py:538} INFO - Filling up the DagBag from /opt/airflow/dags/etl_to_dwh.py
[2024-01-13T12:02:17.185+0000] {processor.py:840} INFO - DAG(s) 'etl_to_dwh' retrieved from /opt/airflow/dags/etl_to_dwh.py
[2024-01-13T12:02:17.301+0000] {logging_mixin.py:188} INFO - [2024-01-13T12:02:17.300+0000] {override.py:1769} INFO - Created Permission View: can edit on DAG:etl_to_dwh
[2024-01-13T12:02:17.315+0000] {logging_mixin.py:188} INFO - [2024-01-13T12:02:17.315+0000] {override.py:1769} INFO - Created Permission View: can read on DAG:etl_to_dwh
[2024-01-13T12:02:17.323+0000] {logging_mixin.py:188} INFO - [2024-01-13T12:02:17.323+0000] {override.py:1769} INFO - Created Permission View: can delete on DAG:etl_to_dwh
[2024-01-13T12:02:17.325+0000] {logging_mixin.py:188} INFO - [2024-01-13T12:02:17.324+0000] {dag.py:3033} INFO - Sync 1 DAGs
[2024-01-13T12:02:17.342+0000] {logging_mixin.py:188} INFO - [2024-01-13T12:02:17.341+0000] {dag.py:3055} INFO - Creating ORM DAG for etl_to_dwh
[2024-01-13T12:02:17.356+0000] {logging_mixin.py:188} INFO - [2024-01-13T12:02:17.356+0000] {dag.py:3820} INFO - Setting next_dagrun for etl_to_dwh to 2024-01-06T02:00:00+00:00, run_after=2024-01-07T02:00:00+00:00
[2024-01-13T12:02:17.380+0000] {processor.py:183} INFO - Processing /opt/airflow/dags/etl_to_dwh.py took 0.937 seconds
[2024-01-13T12:02:47.444+0000] {processor.py:161} INFO - Started process (PID=668) to work on /opt/airflow/dags/etl_to_dwh.py
[2024-01-13T12:02:47.454+0000] {processor.py:830} INFO - Processing file /opt/airflow/dags/etl_to_dwh.py for tasks to queue
[2024-01-13T12:02:47.459+0000] {logging_mixin.py:188} INFO - [2024-01-13T12:02:47.459+0000] {dagbag.py:538} INFO - Filling up the DagBag from /opt/airflow/dags/etl_to_dwh.py
[2024-01-13T12:02:49.054+0000] {processor.py:840} INFO - DAG(s) 'etl_to_dwh' retrieved from /opt/airflow/dags/etl_to_dwh.py
[2024-01-13T12:02:49.088+0000] {logging_mixin.py:188} INFO - [2024-01-13T12:02:49.087+0000] {dag.py:3033} INFO - Sync 1 DAGs
[2024-01-13T12:02:49.126+0000] {logging_mixin.py:188} INFO - [2024-01-13T12:02:49.125+0000] {dag.py:3820} INFO - Setting next_dagrun for etl_to_dwh to 2024-01-13T02:00:00+00:00, run_after=2024-01-14T02:00:00+00:00
[2024-01-13T12:02:49.153+0000] {processor.py:183} INFO - Processing /opt/airflow/dags/etl_to_dwh.py took 1.716 seconds
[2024-01-13T12:07:35.111+0000] {processor.py:161} INFO - Started process (PID=30) to work on /opt/airflow/dags/etl_to_dwh.py
[2024-01-13T12:07:35.153+0000] {processor.py:830} INFO - Processing file /opt/airflow/dags/etl_to_dwh.py for tasks to queue
[2024-01-13T12:07:35.164+0000] {logging_mixin.py:188} INFO - [2024-01-13T12:07:35.159+0000] {dagbag.py:538} INFO - Filling up the DagBag from /opt/airflow/dags/etl_to_dwh.py
[2024-01-13T12:07:36.732+0000] {processor.py:840} INFO - DAG(s) 'etl_to_dwh' retrieved from /opt/airflow/dags/etl_to_dwh.py
[2024-01-13T12:07:37.140+0000] {logging_mixin.py:188} INFO - [2024-01-13T12:07:37.139+0000] {dag.py:3033} INFO - Sync 1 DAGs
[2024-01-13T12:07:37.236+0000] {logging_mixin.py:188} INFO - [2024-01-13T12:07:37.234+0000] {dag.py:3055} INFO - Creating ORM DAG for etl_to_dwh
[2024-01-13T12:07:37.274+0000] {logging_mixin.py:188} INFO - [2024-01-13T12:07:37.273+0000] {dag.py:3820} INFO - Setting next_dagrun for etl_to_dwh to 2024-01-06T02:00:00+00:00, run_after=2024-01-07T02:00:00+00:00
[2024-01-13T12:07:37.338+0000] {processor.py:183} INFO - Processing /opt/airflow/dags/etl_to_dwh.py took 2.251 seconds
[2024-01-13T12:08:08.032+0000] {processor.py:161} INFO - Started process (PID=118) to work on /opt/airflow/dags/etl_to_dwh.py
[2024-01-13T12:08:08.035+0000] {processor.py:830} INFO - Processing file /opt/airflow/dags/etl_to_dwh.py for tasks to queue
[2024-01-13T12:08:08.040+0000] {logging_mixin.py:188} INFO - [2024-01-13T12:08:08.039+0000] {dagbag.py:538} INFO - Filling up the DagBag from /opt/airflow/dags/etl_to_dwh.py
[2024-01-13T12:08:09.371+0000] {processor.py:840} INFO - DAG(s) 'etl_to_dwh' retrieved from /opt/airflow/dags/etl_to_dwh.py
[2024-01-13T12:08:09.409+0000] {logging_mixin.py:188} INFO - [2024-01-13T12:08:09.408+0000] {dag.py:3033} INFO - Sync 1 DAGs
[2024-01-13T12:08:09.454+0000] {logging_mixin.py:188} INFO - [2024-01-13T12:08:09.454+0000] {dag.py:3820} INFO - Setting next_dagrun for etl_to_dwh to 2024-01-06T02:00:00+00:00, run_after=2024-01-07T02:00:00+00:00
[2024-01-13T12:08:09.496+0000] {processor.py:183} INFO - Processing /opt/airflow/dags/etl_to_dwh.py took 1.481 seconds
[2024-01-13T12:08:40.206+0000] {processor.py:161} INFO - Started process (PID=178) to work on /opt/airflow/dags/etl_to_dwh.py
[2024-01-13T12:08:40.209+0000] {processor.py:830} INFO - Processing file /opt/airflow/dags/etl_to_dwh.py for tasks to queue
[2024-01-13T12:08:40.213+0000] {logging_mixin.py:188} INFO - [2024-01-13T12:08:40.213+0000] {dagbag.py:538} INFO - Filling up the DagBag from /opt/airflow/dags/etl_to_dwh.py
[2024-01-13T12:08:41.025+0000] {processor.py:840} INFO - DAG(s) 'etl_to_dwh' retrieved from /opt/airflow/dags/etl_to_dwh.py
[2024-01-13T12:08:41.051+0000] {logging_mixin.py:188} INFO - [2024-01-13T12:08:41.050+0000] {dag.py:3033} INFO - Sync 1 DAGs
[2024-01-13T12:08:41.076+0000] {logging_mixin.py:188} INFO - [2024-01-13T12:08:41.076+0000] {dag.py:3820} INFO - Setting next_dagrun for etl_to_dwh to 2024-01-06T02:00:00+00:00, run_after=2024-01-07T02:00:00+00:00
[2024-01-13T12:08:41.097+0000] {processor.py:183} INFO - Processing /opt/airflow/dags/etl_to_dwh.py took 0.896 seconds
[2024-01-13T12:09:11.137+0000] {processor.py:161} INFO - Started process (PID=241) to work on /opt/airflow/dags/etl_to_dwh.py
[2024-01-13T12:09:11.138+0000] {processor.py:830} INFO - Processing file /opt/airflow/dags/etl_to_dwh.py for tasks to queue
[2024-01-13T12:09:11.141+0000] {logging_mixin.py:188} INFO - [2024-01-13T12:09:11.141+0000] {dagbag.py:538} INFO - Filling up the DagBag from /opt/airflow/dags/etl_to_dwh.py
[2024-01-13T12:09:11.908+0000] {processor.py:840} INFO - DAG(s) 'etl_to_dwh' retrieved from /opt/airflow/dags/etl_to_dwh.py
[2024-01-13T12:09:11.932+0000] {logging_mixin.py:188} INFO - [2024-01-13T12:09:11.931+0000] {dag.py:3033} INFO - Sync 1 DAGs
[2024-01-13T12:09:11.960+0000] {logging_mixin.py:188} INFO - [2024-01-13T12:09:11.959+0000] {dag.py:3820} INFO - Setting next_dagrun for etl_to_dwh to 2024-01-06T02:00:00+00:00, run_after=2024-01-07T02:00:00+00:00
[2024-01-13T12:09:11.981+0000] {processor.py:183} INFO - Processing /opt/airflow/dags/etl_to_dwh.py took 0.849 seconds
[2024-01-13T12:09:42.316+0000] {processor.py:161} INFO - Started process (PID=303) to work on /opt/airflow/dags/etl_to_dwh.py
[2024-01-13T12:09:42.319+0000] {processor.py:830} INFO - Processing file /opt/airflow/dags/etl_to_dwh.py for tasks to queue
[2024-01-13T12:09:42.322+0000] {logging_mixin.py:188} INFO - [2024-01-13T12:09:42.322+0000] {dagbag.py:538} INFO - Filling up the DagBag from /opt/airflow/dags/etl_to_dwh.py
[2024-01-13T12:09:43.122+0000] {processor.py:840} INFO - DAG(s) 'etl_to_dwh' retrieved from /opt/airflow/dags/etl_to_dwh.py
[2024-01-13T12:09:43.145+0000] {logging_mixin.py:188} INFO - [2024-01-13T12:09:43.145+0000] {dag.py:3033} INFO - Sync 1 DAGs
[2024-01-13T12:09:43.171+0000] {logging_mixin.py:188} INFO - [2024-01-13T12:09:43.171+0000] {dag.py:3820} INFO - Setting next_dagrun for etl_to_dwh to 2024-01-06T02:00:00+00:00, run_after=2024-01-07T02:00:00+00:00
[2024-01-13T12:09:43.193+0000] {processor.py:183} INFO - Processing /opt/airflow/dags/etl_to_dwh.py took 0.882 seconds
[2024-01-13T12:10:13.262+0000] {processor.py:161} INFO - Started process (PID=369) to work on /opt/airflow/dags/etl_to_dwh.py
[2024-01-13T12:10:13.263+0000] {processor.py:830} INFO - Processing file /opt/airflow/dags/etl_to_dwh.py for tasks to queue
[2024-01-13T12:10:13.267+0000] {logging_mixin.py:188} INFO - [2024-01-13T12:10:13.266+0000] {dagbag.py:538} INFO - Filling up the DagBag from /opt/airflow/dags/etl_to_dwh.py
[2024-01-13T12:10:14.007+0000] {processor.py:840} INFO - DAG(s) 'etl_to_dwh' retrieved from /opt/airflow/dags/etl_to_dwh.py
[2024-01-13T12:10:14.029+0000] {logging_mixin.py:188} INFO - [2024-01-13T12:10:14.029+0000] {dag.py:3033} INFO - Sync 1 DAGs
[2024-01-13T12:10:14.057+0000] {logging_mixin.py:188} INFO - [2024-01-13T12:10:14.056+0000] {dag.py:3820} INFO - Setting next_dagrun for etl_to_dwh to 2024-01-06T02:00:00+00:00, run_after=2024-01-07T02:00:00+00:00
[2024-01-13T12:10:14.076+0000] {processor.py:183} INFO - Processing /opt/airflow/dags/etl_to_dwh.py took 0.820 seconds
[2024-01-13T12:10:44.359+0000] {processor.py:161} INFO - Started process (PID=426) to work on /opt/airflow/dags/etl_to_dwh.py
[2024-01-13T12:10:44.362+0000] {processor.py:830} INFO - Processing file /opt/airflow/dags/etl_to_dwh.py for tasks to queue
[2024-01-13T12:10:44.365+0000] {logging_mixin.py:188} INFO - [2024-01-13T12:10:44.365+0000] {dagbag.py:538} INFO - Filling up the DagBag from /opt/airflow/dags/etl_to_dwh.py
[2024-01-13T12:10:45.132+0000] {processor.py:840} INFO - DAG(s) 'etl_to_dwh' retrieved from /opt/airflow/dags/etl_to_dwh.py
[2024-01-13T12:10:45.156+0000] {logging_mixin.py:188} INFO - [2024-01-13T12:10:45.155+0000] {dag.py:3033} INFO - Sync 1 DAGs
[2024-01-13T12:10:45.183+0000] {logging_mixin.py:188} INFO - [2024-01-13T12:10:45.183+0000] {dag.py:3820} INFO - Setting next_dagrun for etl_to_dwh to 2024-01-06T02:00:00+00:00, run_after=2024-01-07T02:00:00+00:00
[2024-01-13T12:10:45.203+0000] {processor.py:183} INFO - Processing /opt/airflow/dags/etl_to_dwh.py took 0.849 seconds
[2024-01-13T12:11:15.585+0000] {processor.py:161} INFO - Started process (PID=485) to work on /opt/airflow/dags/etl_to_dwh.py
[2024-01-13T12:11:15.586+0000] {processor.py:830} INFO - Processing file /opt/airflow/dags/etl_to_dwh.py for tasks to queue
[2024-01-13T12:11:15.589+0000] {logging_mixin.py:188} INFO - [2024-01-13T12:11:15.589+0000] {dagbag.py:538} INFO - Filling up the DagBag from /opt/airflow/dags/etl_to_dwh.py
[2024-01-13T12:11:16.304+0000] {processor.py:840} INFO - DAG(s) 'etl_to_dwh' retrieved from /opt/airflow/dags/etl_to_dwh.py
[2024-01-13T12:11:16.331+0000] {logging_mixin.py:188} INFO - [2024-01-13T12:11:16.330+0000] {dag.py:3033} INFO - Sync 1 DAGs
[2024-01-13T12:11:16.361+0000] {logging_mixin.py:188} INFO - [2024-01-13T12:11:16.361+0000] {dag.py:3820} INFO - Setting next_dagrun for etl_to_dwh to 2024-01-06T02:00:00+00:00, run_after=2024-01-07T02:00:00+00:00
[2024-01-13T12:11:16.389+0000] {processor.py:183} INFO - Processing /opt/airflow/dags/etl_to_dwh.py took 0.809 seconds
[2024-01-13T12:11:46.974+0000] {processor.py:161} INFO - Started process (PID=544) to work on /opt/airflow/dags/etl_to_dwh.py
[2024-01-13T12:11:46.988+0000] {processor.py:830} INFO - Processing file /opt/airflow/dags/etl_to_dwh.py for tasks to queue
[2024-01-13T12:11:46.992+0000] {logging_mixin.py:188} INFO - [2024-01-13T12:11:46.991+0000] {dagbag.py:538} INFO - Filling up the DagBag from /opt/airflow/dags/etl_to_dwh.py
[2024-01-13T12:11:47.721+0000] {processor.py:840} INFO - DAG(s) 'etl_to_dwh' retrieved from /opt/airflow/dags/etl_to_dwh.py
[2024-01-13T12:11:47.746+0000] {logging_mixin.py:188} INFO - [2024-01-13T12:11:47.745+0000] {dag.py:3033} INFO - Sync 1 DAGs
[2024-01-13T12:11:47.773+0000] {logging_mixin.py:188} INFO - [2024-01-13T12:11:47.772+0000] {dag.py:3820} INFO - Setting next_dagrun for etl_to_dwh to 2024-01-06T02:00:00+00:00, run_after=2024-01-07T02:00:00+00:00
[2024-01-13T12:11:47.798+0000] {processor.py:183} INFO - Processing /opt/airflow/dags/etl_to_dwh.py took 0.829 seconds
[2024-01-13T12:12:18.218+0000] {processor.py:161} INFO - Started process (PID=603) to work on /opt/airflow/dags/etl_to_dwh.py
[2024-01-13T12:12:18.219+0000] {processor.py:830} INFO - Processing file /opt/airflow/dags/etl_to_dwh.py for tasks to queue
[2024-01-13T12:12:18.223+0000] {logging_mixin.py:188} INFO - [2024-01-13T12:12:18.223+0000] {dagbag.py:538} INFO - Filling up the DagBag from /opt/airflow/dags/etl_to_dwh.py
[2024-01-13T12:12:18.967+0000] {processor.py:840} INFO - DAG(s) 'etl_to_dwh' retrieved from /opt/airflow/dags/etl_to_dwh.py
[2024-01-13T12:12:18.989+0000] {logging_mixin.py:188} INFO - [2024-01-13T12:12:18.988+0000] {dag.py:3033} INFO - Sync 1 DAGs
[2024-01-13T12:12:19.014+0000] {logging_mixin.py:188} INFO - [2024-01-13T12:12:19.013+0000] {dag.py:3820} INFO - Setting next_dagrun for etl_to_dwh to 2024-01-06T02:00:00+00:00, run_after=2024-01-07T02:00:00+00:00
[2024-01-13T12:12:19.041+0000] {processor.py:183} INFO - Processing /opt/airflow/dags/etl_to_dwh.py took 0.829 seconds
[2024-01-13T12:12:49.469+0000] {processor.py:161} INFO - Started process (PID=662) to work on /opt/airflow/dags/etl_to_dwh.py
[2024-01-13T12:12:49.494+0000] {processor.py:830} INFO - Processing file /opt/airflow/dags/etl_to_dwh.py for tasks to queue
[2024-01-13T12:12:49.498+0000] {logging_mixin.py:188} INFO - [2024-01-13T12:12:49.498+0000] {dagbag.py:538} INFO - Filling up the DagBag from /opt/airflow/dags/etl_to_dwh.py
[2024-01-13T12:12:50.834+0000] {processor.py:840} INFO - DAG(s) 'etl_to_dwh' retrieved from /opt/airflow/dags/etl_to_dwh.py
[2024-01-13T12:12:50.863+0000] {logging_mixin.py:188} INFO - [2024-01-13T12:12:50.862+0000] {dag.py:3033} INFO - Sync 1 DAGs
[2024-01-13T12:12:50.889+0000] {logging_mixin.py:188} INFO - [2024-01-13T12:12:50.888+0000] {dag.py:3820} INFO - Setting next_dagrun for etl_to_dwh to 2024-01-06T02:00:00+00:00, run_after=2024-01-07T02:00:00+00:00
[2024-01-13T12:12:50.917+0000] {processor.py:183} INFO - Processing /opt/airflow/dags/etl_to_dwh.py took 1.456 seconds
[2024-01-13T12:13:21.120+0000] {processor.py:161} INFO - Started process (PID=723) to work on /opt/airflow/dags/etl_to_dwh.py
[2024-01-13T12:13:21.122+0000] {processor.py:830} INFO - Processing file /opt/airflow/dags/etl_to_dwh.py for tasks to queue
[2024-01-13T12:13:21.126+0000] {logging_mixin.py:188} INFO - [2024-01-13T12:13:21.125+0000] {dagbag.py:538} INFO - Filling up the DagBag from /opt/airflow/dags/etl_to_dwh.py
[2024-01-13T12:13:24.178+0000] {processor.py:840} INFO - DAG(s) 'etl_to_dwh' retrieved from /opt/airflow/dags/etl_to_dwh.py
[2024-01-13T12:13:24.279+0000] {logging_mixin.py:188} INFO - [2024-01-13T12:13:24.278+0000] {dag.py:3033} INFO - Sync 1 DAGs
[2024-01-13T12:13:24.449+0000] {logging_mixin.py:188} INFO - [2024-01-13T12:13:24.448+0000] {dag.py:3820} INFO - Setting next_dagrun for etl_to_dwh to 2024-01-06T02:00:00+00:00, run_after=2024-01-07T02:00:00+00:00
[2024-01-13T12:13:24.599+0000] {processor.py:183} INFO - Processing /opt/airflow/dags/etl_to_dwh.py took 3.485 seconds
[2024-01-13T12:13:55.566+0000] {processor.py:161} INFO - Started process (PID=799) to work on /opt/airflow/dags/etl_to_dwh.py
[2024-01-13T12:13:55.568+0000] {processor.py:830} INFO - Processing file /opt/airflow/dags/etl_to_dwh.py for tasks to queue
[2024-01-13T12:13:55.571+0000] {logging_mixin.py:188} INFO - [2024-01-13T12:13:55.570+0000] {dagbag.py:538} INFO - Filling up the DagBag from /opt/airflow/dags/etl_to_dwh.py
[2024-01-13T12:13:56.327+0000] {processor.py:840} INFO - DAG(s) 'etl_to_dwh' retrieved from /opt/airflow/dags/etl_to_dwh.py
[2024-01-13T12:13:56.351+0000] {logging_mixin.py:188} INFO - [2024-01-13T12:13:56.350+0000] {dag.py:3033} INFO - Sync 1 DAGs
[2024-01-13T12:13:56.378+0000] {logging_mixin.py:188} INFO - [2024-01-13T12:13:56.377+0000] {dag.py:3820} INFO - Setting next_dagrun for etl_to_dwh to 2024-01-06T02:00:00+00:00, run_after=2024-01-07T02:00:00+00:00
[2024-01-13T12:13:56.398+0000] {processor.py:183} INFO - Processing /opt/airflow/dags/etl_to_dwh.py took 0.837 seconds
[2024-01-13T12:14:27.268+0000] {processor.py:161} INFO - Started process (PID=863) to work on /opt/airflow/dags/etl_to_dwh.py
[2024-01-13T12:14:27.323+0000] {processor.py:830} INFO - Processing file /opt/airflow/dags/etl_to_dwh.py for tasks to queue
[2024-01-13T12:14:27.327+0000] {logging_mixin.py:188} INFO - [2024-01-13T12:14:27.326+0000] {dagbag.py:538} INFO - Filling up the DagBag from /opt/airflow/dags/etl_to_dwh.py
[2024-01-13T12:14:28.102+0000] {processor.py:840} INFO - DAG(s) 'etl_to_dwh' retrieved from /opt/airflow/dags/etl_to_dwh.py
[2024-01-13T12:14:28.123+0000] {logging_mixin.py:188} INFO - [2024-01-13T12:14:28.122+0000] {dag.py:3033} INFO - Sync 1 DAGs
[2024-01-13T12:14:28.153+0000] {logging_mixin.py:188} INFO - [2024-01-13T12:14:28.153+0000] {dag.py:3820} INFO - Setting next_dagrun for etl_to_dwh to 2024-01-06T02:00:00+00:00, run_after=2024-01-07T02:00:00+00:00
[2024-01-13T12:14:28.178+0000] {processor.py:183} INFO - Processing /opt/airflow/dags/etl_to_dwh.py took 0.915 seconds
[2024-01-13T12:14:58.231+0000] {processor.py:161} INFO - Started process (PID=924) to work on /opt/airflow/dags/etl_to_dwh.py
[2024-01-13T12:14:58.232+0000] {processor.py:830} INFO - Processing file /opt/airflow/dags/etl_to_dwh.py for tasks to queue
[2024-01-13T12:14:58.235+0000] {logging_mixin.py:188} INFO - [2024-01-13T12:14:58.235+0000] {dagbag.py:538} INFO - Filling up the DagBag from /opt/airflow/dags/etl_to_dwh.py
[2024-01-13T12:14:58.983+0000] {processor.py:840} INFO - DAG(s) 'etl_to_dwh' retrieved from /opt/airflow/dags/etl_to_dwh.py
[2024-01-13T12:14:59.007+0000] {logging_mixin.py:188} INFO - [2024-01-13T12:14:59.006+0000] {dag.py:3033} INFO - Sync 1 DAGs
[2024-01-13T12:14:59.034+0000] {logging_mixin.py:188} INFO - [2024-01-13T12:14:59.034+0000] {dag.py:3820} INFO - Setting next_dagrun for etl_to_dwh to 2024-01-06T02:00:00+00:00, run_after=2024-01-07T02:00:00+00:00
[2024-01-13T12:14:59.056+0000] {processor.py:183} INFO - Processing /opt/airflow/dags/etl_to_dwh.py took 0.830 seconds
[2024-01-13T12:15:29.538+0000] {processor.py:161} INFO - Started process (PID=983) to work on /opt/airflow/dags/etl_to_dwh.py
[2024-01-13T12:15:29.541+0000] {processor.py:830} INFO - Processing file /opt/airflow/dags/etl_to_dwh.py for tasks to queue
[2024-01-13T12:15:29.544+0000] {logging_mixin.py:188} INFO - [2024-01-13T12:15:29.544+0000] {dagbag.py:538} INFO - Filling up the DagBag from /opt/airflow/dags/etl_to_dwh.py
[2024-01-13T12:15:30.340+0000] {processor.py:840} INFO - DAG(s) 'etl_to_dwh' retrieved from /opt/airflow/dags/etl_to_dwh.py
[2024-01-13T12:15:30.364+0000] {logging_mixin.py:188} INFO - [2024-01-13T12:15:30.363+0000] {dag.py:3033} INFO - Sync 1 DAGs
[2024-01-13T12:15:30.393+0000] {logging_mixin.py:188} INFO - [2024-01-13T12:15:30.393+0000] {dag.py:3820} INFO - Setting next_dagrun for etl_to_dwh to 2024-01-06T02:00:00+00:00, run_after=2024-01-07T02:00:00+00:00
[2024-01-13T12:15:30.417+0000] {processor.py:183} INFO - Processing /opt/airflow/dags/etl_to_dwh.py took 0.883 seconds
[2024-01-13T12:16:00.493+0000] {processor.py:161} INFO - Started process (PID=1043) to work on /opt/airflow/dags/etl_to_dwh.py
[2024-01-13T12:16:00.495+0000] {processor.py:830} INFO - Processing file /opt/airflow/dags/etl_to_dwh.py for tasks to queue
[2024-01-13T12:16:00.499+0000] {logging_mixin.py:188} INFO - [2024-01-13T12:16:00.499+0000] {dagbag.py:538} INFO - Filling up the DagBag from /opt/airflow/dags/etl_to_dwh.py
[2024-01-13T12:16:01.311+0000] {processor.py:840} INFO - DAG(s) 'etl_to_dwh' retrieved from /opt/airflow/dags/etl_to_dwh.py
[2024-01-13T12:16:01.337+0000] {logging_mixin.py:188} INFO - [2024-01-13T12:16:01.336+0000] {dag.py:3033} INFO - Sync 1 DAGs
[2024-01-13T12:16:01.363+0000] {logging_mixin.py:188} INFO - [2024-01-13T12:16:01.362+0000] {dag.py:3820} INFO - Setting next_dagrun for etl_to_dwh to 2024-01-06T02:00:00+00:00, run_after=2024-01-07T02:00:00+00:00
[2024-01-13T12:16:01.383+0000] {processor.py:183} INFO - Processing /opt/airflow/dags/etl_to_dwh.py took 0.895 seconds
[2024-01-13T12:16:31.533+0000] {processor.py:161} INFO - Started process (PID=1105) to work on /opt/airflow/dags/etl_to_dwh.py
[2024-01-13T12:16:31.543+0000] {processor.py:830} INFO - Processing file /opt/airflow/dags/etl_to_dwh.py for tasks to queue
[2024-01-13T12:16:31.546+0000] {logging_mixin.py:188} INFO - [2024-01-13T12:16:31.546+0000] {dagbag.py:538} INFO - Filling up the DagBag from /opt/airflow/dags/etl_to_dwh.py
[2024-01-13T12:16:32.321+0000] {processor.py:840} INFO - DAG(s) 'etl_to_dwh' retrieved from /opt/airflow/dags/etl_to_dwh.py
[2024-01-13T12:16:32.344+0000] {logging_mixin.py:188} INFO - [2024-01-13T12:16:32.343+0000] {dag.py:3033} INFO - Sync 1 DAGs
[2024-01-13T12:16:32.369+0000] {logging_mixin.py:188} INFO - [2024-01-13T12:16:32.368+0000] {dag.py:3820} INFO - Setting next_dagrun for etl_to_dwh to 2024-01-06T02:00:00+00:00, run_after=2024-01-07T02:00:00+00:00
[2024-01-13T12:16:32.389+0000] {processor.py:183} INFO - Processing /opt/airflow/dags/etl_to_dwh.py took 0.861 seconds
[2024-01-13T12:17:02.636+0000] {processor.py:161} INFO - Started process (PID=1162) to work on /opt/airflow/dags/etl_to_dwh.py
[2024-01-13T12:17:02.638+0000] {processor.py:830} INFO - Processing file /opt/airflow/dags/etl_to_dwh.py for tasks to queue
[2024-01-13T12:17:02.641+0000] {logging_mixin.py:188} INFO - [2024-01-13T12:17:02.640+0000] {dagbag.py:538} INFO - Filling up the DagBag from /opt/airflow/dags/etl_to_dwh.py
[2024-01-13T12:17:03.357+0000] {processor.py:840} INFO - DAG(s) 'etl_to_dwh' retrieved from /opt/airflow/dags/etl_to_dwh.py
[2024-01-13T12:17:03.385+0000] {logging_mixin.py:188} INFO - [2024-01-13T12:17:03.384+0000] {dag.py:3033} INFO - Sync 1 DAGs
[2024-01-13T12:17:03.410+0000] {logging_mixin.py:188} INFO - [2024-01-13T12:17:03.409+0000] {dag.py:3820} INFO - Setting next_dagrun for etl_to_dwh to 2024-01-06T02:00:00+00:00, run_after=2024-01-07T02:00:00+00:00
[2024-01-13T12:17:03.433+0000] {processor.py:183} INFO - Processing /opt/airflow/dags/etl_to_dwh.py took 0.802 seconds
[2024-01-13T12:17:33.804+0000] {processor.py:161} INFO - Started process (PID=1221) to work on /opt/airflow/dags/etl_to_dwh.py
[2024-01-13T12:17:33.806+0000] {processor.py:830} INFO - Processing file /opt/airflow/dags/etl_to_dwh.py for tasks to queue
[2024-01-13T12:17:33.809+0000] {logging_mixin.py:188} INFO - [2024-01-13T12:17:33.809+0000] {dagbag.py:538} INFO - Filling up the DagBag from /opt/airflow/dags/etl_to_dwh.py
[2024-01-13T12:17:34.551+0000] {processor.py:840} INFO - DAG(s) 'etl_to_dwh' retrieved from /opt/airflow/dags/etl_to_dwh.py
[2024-01-13T12:17:34.577+0000] {logging_mixin.py:188} INFO - [2024-01-13T12:17:34.576+0000] {dag.py:3033} INFO - Sync 1 DAGs
[2024-01-13T12:17:34.602+0000] {logging_mixin.py:188} INFO - [2024-01-13T12:17:34.602+0000] {dag.py:3820} INFO - Setting next_dagrun for etl_to_dwh to 2024-01-06T02:00:00+00:00, run_after=2024-01-07T02:00:00+00:00
[2024-01-13T12:17:34.622+0000] {processor.py:183} INFO - Processing /opt/airflow/dags/etl_to_dwh.py took 0.824 seconds
[2024-01-13T12:18:05.002+0000] {processor.py:161} INFO - Started process (PID=1280) to work on /opt/airflow/dags/etl_to_dwh.py
[2024-01-13T12:18:05.004+0000] {processor.py:830} INFO - Processing file /opt/airflow/dags/etl_to_dwh.py for tasks to queue
[2024-01-13T12:18:05.008+0000] {logging_mixin.py:188} INFO - [2024-01-13T12:18:05.007+0000] {dagbag.py:538} INFO - Filling up the DagBag from /opt/airflow/dags/etl_to_dwh.py
[2024-01-13T12:18:05.748+0000] {processor.py:840} INFO - DAG(s) 'etl_to_dwh' retrieved from /opt/airflow/dags/etl_to_dwh.py
[2024-01-13T12:18:05.774+0000] {logging_mixin.py:188} INFO - [2024-01-13T12:18:05.773+0000] {dag.py:3033} INFO - Sync 1 DAGs
[2024-01-13T12:18:05.803+0000] {logging_mixin.py:188} INFO - [2024-01-13T12:18:05.802+0000] {dag.py:3820} INFO - Setting next_dagrun for etl_to_dwh to 2024-01-06T02:00:00+00:00, run_after=2024-01-07T02:00:00+00:00
[2024-01-13T12:18:05.826+0000] {processor.py:183} INFO - Processing /opt/airflow/dags/etl_to_dwh.py took 0.829 seconds
[2024-01-13T12:18:36.417+0000] {processor.py:161} INFO - Started process (PID=1339) to work on /opt/airflow/dags/etl_to_dwh.py
[2024-01-13T12:18:36.419+0000] {processor.py:830} INFO - Processing file /opt/airflow/dags/etl_to_dwh.py for tasks to queue
[2024-01-13T12:18:36.424+0000] {logging_mixin.py:188} INFO - [2024-01-13T12:18:36.423+0000] {dagbag.py:538} INFO - Filling up the DagBag from /opt/airflow/dags/etl_to_dwh.py
[2024-01-13T12:18:37.526+0000] {processor.py:840} INFO - DAG(s) 'etl_to_dwh' retrieved from /opt/airflow/dags/etl_to_dwh.py
[2024-01-13T12:18:37.560+0000] {logging_mixin.py:188} INFO - [2024-01-13T12:18:37.559+0000] {dag.py:3033} INFO - Sync 1 DAGs
[2024-01-13T12:18:37.602+0000] {logging_mixin.py:188} INFO - [2024-01-13T12:18:37.601+0000] {dag.py:3820} INFO - Setting next_dagrun for etl_to_dwh to 2024-01-06T02:00:00+00:00, run_after=2024-01-07T02:00:00+00:00
[2024-01-13T12:18:37.631+0000] {processor.py:183} INFO - Processing /opt/airflow/dags/etl_to_dwh.py took 1.220 seconds
[2024-01-13T12:19:07.709+0000] {processor.py:161} INFO - Started process (PID=1410) to work on /opt/airflow/dags/etl_to_dwh.py
[2024-01-13T12:19:07.711+0000] {processor.py:830} INFO - Processing file /opt/airflow/dags/etl_to_dwh.py for tasks to queue
[2024-01-13T12:19:07.733+0000] {logging_mixin.py:188} INFO - [2024-01-13T12:19:07.732+0000] {dagbag.py:538} INFO - Filling up the DagBag from /opt/airflow/dags/etl_to_dwh.py
[2024-01-13T12:19:08.471+0000] {processor.py:840} INFO - DAG(s) 'etl_to_dwh' retrieved from /opt/airflow/dags/etl_to_dwh.py
[2024-01-13T12:19:08.495+0000] {logging_mixin.py:188} INFO - [2024-01-13T12:19:08.495+0000] {dag.py:3033} INFO - Sync 1 DAGs
[2024-01-13T12:19:08.525+0000] {logging_mixin.py:188} INFO - [2024-01-13T12:19:08.525+0000] {dag.py:3820} INFO - Setting next_dagrun for etl_to_dwh to 2024-01-06T02:00:00+00:00, run_after=2024-01-07T02:00:00+00:00
[2024-01-13T12:19:08.556+0000] {processor.py:183} INFO - Processing /opt/airflow/dags/etl_to_dwh.py took 0.852 seconds
[2024-01-13T12:19:39.005+0000] {processor.py:161} INFO - Started process (PID=1469) to work on /opt/airflow/dags/etl_to_dwh.py
[2024-01-13T12:19:39.007+0000] {processor.py:830} INFO - Processing file /opt/airflow/dags/etl_to_dwh.py for tasks to queue
[2024-01-13T12:19:39.011+0000] {logging_mixin.py:188} INFO - [2024-01-13T12:19:39.011+0000] {dagbag.py:538} INFO - Filling up the DagBag from /opt/airflow/dags/etl_to_dwh.py
[2024-01-13T12:19:39.757+0000] {processor.py:840} INFO - DAG(s) 'etl_to_dwh' retrieved from /opt/airflow/dags/etl_to_dwh.py
[2024-01-13T12:19:39.783+0000] {logging_mixin.py:188} INFO - [2024-01-13T12:19:39.782+0000] {dag.py:3033} INFO - Sync 1 DAGs
[2024-01-13T12:19:39.812+0000] {logging_mixin.py:188} INFO - [2024-01-13T12:19:39.811+0000] {dag.py:3820} INFO - Setting next_dagrun for etl_to_dwh to 2024-01-06T02:00:00+00:00, run_after=2024-01-07T02:00:00+00:00
[2024-01-13T12:19:39.835+0000] {processor.py:183} INFO - Processing /opt/airflow/dags/etl_to_dwh.py took 0.835 seconds
[2024-01-13T12:20:10.478+0000] {processor.py:161} INFO - Started process (PID=1528) to work on /opt/airflow/dags/etl_to_dwh.py
[2024-01-13T12:20:10.480+0000] {processor.py:830} INFO - Processing file /opt/airflow/dags/etl_to_dwh.py for tasks to queue
[2024-01-13T12:20:10.484+0000] {logging_mixin.py:188} INFO - [2024-01-13T12:20:10.484+0000] {dagbag.py:538} INFO - Filling up the DagBag from /opt/airflow/dags/etl_to_dwh.py
[2024-01-13T12:20:11.227+0000] {processor.py:840} INFO - DAG(s) 'etl_to_dwh' retrieved from /opt/airflow/dags/etl_to_dwh.py
[2024-01-13T12:20:11.252+0000] {logging_mixin.py:188} INFO - [2024-01-13T12:20:11.251+0000] {dag.py:3033} INFO - Sync 1 DAGs
[2024-01-13T12:20:11.281+0000] {logging_mixin.py:188} INFO - [2024-01-13T12:20:11.281+0000] {dag.py:3820} INFO - Setting next_dagrun for etl_to_dwh to 2024-01-06T02:00:00+00:00, run_after=2024-01-07T02:00:00+00:00
[2024-01-13T12:20:11.306+0000] {processor.py:183} INFO - Processing /opt/airflow/dags/etl_to_dwh.py took 0.834 seconds
[2024-01-13T12:20:41.853+0000] {processor.py:161} INFO - Started process (PID=1588) to work on /opt/airflow/dags/etl_to_dwh.py
[2024-01-13T12:20:41.869+0000] {processor.py:830} INFO - Processing file /opt/airflow/dags/etl_to_dwh.py for tasks to queue
[2024-01-13T12:20:41.873+0000] {logging_mixin.py:188} INFO - [2024-01-13T12:20:41.873+0000] {dagbag.py:538} INFO - Filling up the DagBag from /opt/airflow/dags/etl_to_dwh.py
[2024-01-13T12:20:43.127+0000] {processor.py:840} INFO - DAG(s) 'etl_to_dwh' retrieved from /opt/airflow/dags/etl_to_dwh.py
[2024-01-13T12:20:43.162+0000] {logging_mixin.py:188} INFO - [2024-01-13T12:20:43.160+0000] {dag.py:3033} INFO - Sync 1 DAGs
[2024-01-13T12:20:43.198+0000] {logging_mixin.py:188} INFO - [2024-01-13T12:20:43.197+0000] {dag.py:3820} INFO - Setting next_dagrun for etl_to_dwh to 2024-01-06T02:00:00+00:00, run_after=2024-01-07T02:00:00+00:00
[2024-01-13T12:20:43.233+0000] {processor.py:183} INFO - Processing /opt/airflow/dags/etl_to_dwh.py took 1.386 seconds
[2024-01-13T12:21:13.301+0000] {processor.py:161} INFO - Started process (PID=1656) to work on /opt/airflow/dags/etl_to_dwh.py
[2024-01-13T12:21:13.303+0000] {processor.py:830} INFO - Processing file /opt/airflow/dags/etl_to_dwh.py for tasks to queue
[2024-01-13T12:21:13.309+0000] {logging_mixin.py:188} INFO - [2024-01-13T12:21:13.307+0000] {dagbag.py:538} INFO - Filling up the DagBag from /opt/airflow/dags/etl_to_dwh.py
[2024-01-13T12:21:14.261+0000] {processor.py:840} INFO - DAG(s) 'etl_to_dwh' retrieved from /opt/airflow/dags/etl_to_dwh.py
[2024-01-13T12:21:14.285+0000] {logging_mixin.py:188} INFO - [2024-01-13T12:21:14.285+0000] {dag.py:3033} INFO - Sync 1 DAGs
[2024-01-13T12:21:14.322+0000] {logging_mixin.py:188} INFO - [2024-01-13T12:21:14.322+0000] {dag.py:3820} INFO - Setting next_dagrun for etl_to_dwh to 2024-01-06T02:00:00+00:00, run_after=2024-01-07T02:00:00+00:00
[2024-01-13T12:21:14.354+0000] {processor.py:183} INFO - Processing /opt/airflow/dags/etl_to_dwh.py took 1.060 seconds
[2024-01-13T12:21:44.684+0000] {processor.py:161} INFO - Started process (PID=1722) to work on /opt/airflow/dags/etl_to_dwh.py
[2024-01-13T12:21:44.686+0000] {processor.py:830} INFO - Processing file /opt/airflow/dags/etl_to_dwh.py for tasks to queue
[2024-01-13T12:21:44.690+0000] {logging_mixin.py:188} INFO - [2024-01-13T12:21:44.689+0000] {dagbag.py:538} INFO - Filling up the DagBag from /opt/airflow/dags/etl_to_dwh.py
[2024-01-13T12:21:45.465+0000] {processor.py:840} INFO - DAG(s) 'etl_to_dwh' retrieved from /opt/airflow/dags/etl_to_dwh.py
[2024-01-13T12:21:45.491+0000] {logging_mixin.py:188} INFO - [2024-01-13T12:21:45.490+0000] {dag.py:3033} INFO - Sync 1 DAGs
[2024-01-13T12:21:45.524+0000] {logging_mixin.py:188} INFO - [2024-01-13T12:21:45.523+0000] {dag.py:3820} INFO - Setting next_dagrun for etl_to_dwh to 2024-01-06T02:00:00+00:00, run_after=2024-01-07T02:00:00+00:00
[2024-01-13T12:21:45.547+0000] {processor.py:183} INFO - Processing /opt/airflow/dags/etl_to_dwh.py took 0.869 seconds
[2024-01-13T12:22:15.853+0000] {processor.py:161} INFO - Started process (PID=1799) to work on /opt/airflow/dags/etl_to_dwh.py
[2024-01-13T12:22:15.856+0000] {processor.py:830} INFO - Processing file /opt/airflow/dags/etl_to_dwh.py for tasks to queue
[2024-01-13T12:22:15.861+0000] {logging_mixin.py:188} INFO - [2024-01-13T12:22:15.861+0000] {dagbag.py:538} INFO - Filling up the DagBag from /opt/airflow/dags/etl_to_dwh.py
[2024-01-13T12:22:16.594+0000] {processor.py:840} INFO - DAG(s) 'etl_to_dwh' retrieved from /opt/airflow/dags/etl_to_dwh.py
[2024-01-13T12:22:16.624+0000] {logging_mixin.py:188} INFO - [2024-01-13T12:22:16.623+0000] {dag.py:3033} INFO - Sync 1 DAGs
[2024-01-13T12:22:16.654+0000] {logging_mixin.py:188} INFO - [2024-01-13T12:22:16.654+0000] {dag.py:3820} INFO - Setting next_dagrun for etl_to_dwh to 2024-01-06T02:00:00+00:00, run_after=2024-01-07T02:00:00+00:00
[2024-01-13T12:22:16.684+0000] {processor.py:183} INFO - Processing /opt/airflow/dags/etl_to_dwh.py took 0.835 seconds
[2024-01-13T12:22:46.928+0000] {processor.py:161} INFO - Started process (PID=1892) to work on /opt/airflow/dags/etl_to_dwh.py
[2024-01-13T12:22:46.933+0000] {processor.py:830} INFO - Processing file /opt/airflow/dags/etl_to_dwh.py for tasks to queue
[2024-01-13T12:22:46.937+0000] {logging_mixin.py:188} INFO - [2024-01-13T12:22:46.937+0000] {dagbag.py:538} INFO - Filling up the DagBag from /opt/airflow/dags/etl_to_dwh.py
[2024-01-13T12:22:48.280+0000] {processor.py:840} INFO - DAG(s) 'etl_to_dwh' retrieved from /opt/airflow/dags/etl_to_dwh.py
[2024-01-13T12:22:48.332+0000] {logging_mixin.py:188} INFO - [2024-01-13T12:22:48.331+0000] {dag.py:3033} INFO - Sync 1 DAGs
[2024-01-13T12:22:48.392+0000] {logging_mixin.py:188} INFO - [2024-01-13T12:22:48.392+0000] {dag.py:3820} INFO - Setting next_dagrun for etl_to_dwh to 2024-01-13T02:00:00+00:00, run_after=2024-01-14T02:00:00+00:00
[2024-01-13T12:22:48.425+0000] {processor.py:183} INFO - Processing /opt/airflow/dags/etl_to_dwh.py took 1.504 seconds
[2024-01-13T12:23:18.651+0000] {processor.py:161} INFO - Started process (PID=1951) to work on /opt/airflow/dags/etl_to_dwh.py
[2024-01-13T12:23:18.657+0000] {processor.py:830} INFO - Processing file /opt/airflow/dags/etl_to_dwh.py for tasks to queue
[2024-01-13T12:23:18.668+0000] {logging_mixin.py:188} INFO - [2024-01-13T12:23:18.667+0000] {dagbag.py:538} INFO - Filling up the DagBag from /opt/airflow/dags/etl_to_dwh.py
[2024-01-13T12:23:20.515+0000] {processor.py:840} INFO - DAG(s) 'etl_to_dwh' retrieved from /opt/airflow/dags/etl_to_dwh.py
[2024-01-13T12:23:20.575+0000] {logging_mixin.py:188} INFO - [2024-01-13T12:23:20.573+0000] {dag.py:3033} INFO - Sync 1 DAGs
[2024-01-13T12:23:20.702+0000] {logging_mixin.py:188} INFO - [2024-01-13T12:23:20.701+0000] {dag.py:3820} INFO - Setting next_dagrun for etl_to_dwh to 2024-01-13T02:00:00+00:00, run_after=2024-01-14T02:00:00+00:00
[2024-01-13T12:23:20.747+0000] {processor.py:183} INFO - Processing /opt/airflow/dags/etl_to_dwh.py took 2.112 seconds
[2024-01-13T12:23:51.328+0000] {processor.py:161} INFO - Started process (PID=2010) to work on /opt/airflow/dags/etl_to_dwh.py
[2024-01-13T12:23:51.364+0000] {processor.py:830} INFO - Processing file /opt/airflow/dags/etl_to_dwh.py for tasks to queue
[2024-01-13T12:23:51.369+0000] {logging_mixin.py:188} INFO - [2024-01-13T12:23:51.369+0000] {dagbag.py:538} INFO - Filling up the DagBag from /opt/airflow/dags/etl_to_dwh.py
[2024-01-13T12:23:52.101+0000] {processor.py:840} INFO - DAG(s) 'etl_to_dwh' retrieved from /opt/airflow/dags/etl_to_dwh.py
[2024-01-13T12:23:52.123+0000] {logging_mixin.py:188} INFO - [2024-01-13T12:23:52.122+0000] {dag.py:3033} INFO - Sync 1 DAGs
[2024-01-13T12:23:52.148+0000] {logging_mixin.py:188} INFO - [2024-01-13T12:23:52.148+0000] {dag.py:3820} INFO - Setting next_dagrun for etl_to_dwh to 2024-01-13T02:00:00+00:00, run_after=2024-01-14T02:00:00+00:00
[2024-01-13T12:23:52.171+0000] {processor.py:183} INFO - Processing /opt/airflow/dags/etl_to_dwh.py took 0.850 seconds
[2024-01-13T12:24:22.652+0000] {processor.py:161} INFO - Started process (PID=2072) to work on /opt/airflow/dags/etl_to_dwh.py
[2024-01-13T12:24:22.654+0000] {processor.py:830} INFO - Processing file /opt/airflow/dags/etl_to_dwh.py for tasks to queue
[2024-01-13T12:24:22.657+0000] {logging_mixin.py:188} INFO - [2024-01-13T12:24:22.657+0000] {dagbag.py:538} INFO - Filling up the DagBag from /opt/airflow/dags/etl_to_dwh.py
[2024-01-13T12:24:23.476+0000] {processor.py:840} INFO - DAG(s) 'etl_to_dwh' retrieved from /opt/airflow/dags/etl_to_dwh.py
[2024-01-13T12:24:23.508+0000] {logging_mixin.py:188} INFO - [2024-01-13T12:24:23.507+0000] {dag.py:3033} INFO - Sync 1 DAGs
[2024-01-13T12:24:23.542+0000] {logging_mixin.py:188} INFO - [2024-01-13T12:24:23.542+0000] {dag.py:3820} INFO - Setting next_dagrun for etl_to_dwh to 2024-01-13T02:00:00+00:00, run_after=2024-01-14T02:00:00+00:00
[2024-01-13T12:24:23.566+0000] {processor.py:183} INFO - Processing /opt/airflow/dags/etl_to_dwh.py took 0.919 seconds
[2024-01-13T12:24:53.665+0000] {processor.py:161} INFO - Started process (PID=2137) to work on /opt/airflow/dags/etl_to_dwh.py
[2024-01-13T12:24:53.667+0000] {processor.py:830} INFO - Processing file /opt/airflow/dags/etl_to_dwh.py for tasks to queue
[2024-01-13T12:24:53.670+0000] {logging_mixin.py:188} INFO - [2024-01-13T12:24:53.669+0000] {dagbag.py:538} INFO - Filling up the DagBag from /opt/airflow/dags/etl_to_dwh.py
[2024-01-13T12:24:54.452+0000] {processor.py:840} INFO - DAG(s) 'etl_to_dwh' retrieved from /opt/airflow/dags/etl_to_dwh.py
[2024-01-13T12:24:54.481+0000] {logging_mixin.py:188} INFO - [2024-01-13T12:24:54.480+0000] {dag.py:3033} INFO - Sync 1 DAGs
[2024-01-13T12:24:54.517+0000] {logging_mixin.py:188} INFO - [2024-01-13T12:24:54.517+0000] {dag.py:3820} INFO - Setting next_dagrun for etl_to_dwh to 2024-01-13T02:00:00+00:00, run_after=2024-01-14T02:00:00+00:00
[2024-01-13T12:24:54.541+0000] {processor.py:183} INFO - Processing /opt/airflow/dags/etl_to_dwh.py took 0.881 seconds
