[2024-01-08T04:40:12.558+0000] {taskinstance.py:1957} INFO - Dependencies all met for dep_context=non-requeueable deps ti=<TaskInstance: etl_to_dwh.fact_a scheduled__2023-12-30T00:00:00+00:00 [queued]>
[2024-01-08T04:40:12.670+0000] {taskinstance.py:1957} INFO - Dependencies all met for dep_context=requeueable deps ti=<TaskInstance: etl_to_dwh.fact_a scheduled__2023-12-30T00:00:00+00:00 [queued]>
[2024-01-08T04:40:12.671+0000] {taskinstance.py:2171} INFO - Starting attempt 1 of 3
[2024-01-08T04:40:12.849+0000] {taskinstance.py:2192} INFO - Executing <Task(PythonOperator): fact_a> on 2023-12-30 00:00:00+00:00
[2024-01-08T04:40:12.881+0000] {standard_task_runner.py:60} INFO - Started process 1171 to run task
[2024-01-08T04:40:12.895+0000] {standard_task_runner.py:87} INFO - Running: ['***', 'tasks', 'run', 'etl_to_dwh', 'fact_a', 'scheduled__2023-12-30T00:00:00+00:00', '--job-id', '7', '--raw', '--subdir', 'DAGS_FOLDER/etl_to_dwh.py', '--cfg-path', '/tmp/tmp6gbddo66']
[2024-01-08T04:40:12.898+0000] {standard_task_runner.py:88} INFO - Job 7: Subtask fact_a
[2024-01-08T04:40:13.314+0000] {task_command.py:423} INFO - Running <TaskInstance: etl_to_dwh.fact_a scheduled__2023-12-30T00:00:00+00:00 [running]> on host 6d1c1d696e23
[2024-01-08T04:40:13.755+0000] {taskinstance.py:2481} INFO - Exporting env vars: AIRFLOW_CTX_DAG_OWNER='***' AIRFLOW_CTX_DAG_ID='etl_to_dwh' AIRFLOW_CTX_TASK_ID='fact_a' AIRFLOW_CTX_EXECUTION_DATE='2023-12-30T00:00:00+00:00' AIRFLOW_CTX_TRY_NUMBER='1' AIRFLOW_CTX_DAG_RUN_ID='scheduled__2023-12-30T00:00:00+00:00'
[2024-01-08T04:40:14.113+0000] {taskinstance.py:2699} ERROR - Task failed with exception
Traceback (most recent call last):
  File "/home/airflow/.local/lib/python3.8/site-packages/airflow/models/taskinstance.py", line 433, in _execute_task
    result = execute_callable(context=context, **execute_callable_kwargs)
  File "/home/airflow/.local/lib/python3.8/site-packages/airflow/operators/python.py", line 199, in execute
    return_value = self.execute_callable()
  File "/home/airflow/.local/lib/python3.8/site-packages/airflow/operators/python.py", line 216, in execute_callable
    return self.python_callable(*self.op_args, **self.op_kwargs)
  File "/opt/airflow/dags/etl_to_dwh.py", line 80, in process_dwh
    load_query_result_to_bq(dict_config["sql"], dict_config["write_disposition"],
  File "/opt/airflow/dags/etl_to_dwh.py", line 60, in load_query_result_to_bq
    raise e
  File "/opt/airflow/dags/etl_to_dwh.py", line 46, in load_query_result_to_bq
    bq_client = init_bq_client()
  File "/opt/airflow/dags/etl_to_dwh.py", line 35, in init_bq_client
    raise e
  File "/opt/airflow/dags/etl_to_dwh.py", line 24, in init_bq_client
    conn = Connection.get_connection_from_secrets(conn_id='dwh-creds')
  File "/home/airflow/.local/lib/python3.8/site-packages/airflow/models/connection.py", line 479, in get_connection_from_secrets
    raise AirflowNotFoundException(f"The conn_id `{conn_id}` isn't defined")
airflow.exceptions.AirflowNotFoundException: The conn_id `dwh-creds` isn't defined
[2024-01-08T04:40:14.172+0000] {taskinstance.py:1138} INFO - Marking task as UP_FOR_RETRY. dag_id=etl_to_dwh, task_id=fact_a, execution_date=20231230T000000, start_date=20240108T044012, end_date=20240108T044014
[2024-01-08T04:40:14.297+0000] {standard_task_runner.py:107} ERROR - Failed to execute job 7 for task fact_a (The conn_id `dwh-creds` isn't defined; 1171)
[2024-01-08T04:40:14.441+0000] {local_task_job_runner.py:234} INFO - Task exited with return code 1
[2024-01-08T04:40:14.583+0000] {taskinstance.py:3281} INFO - 0 downstream tasks scheduled from follow-on schedule check
