[2024-01-08T08:29:52.040+0000] {taskinstance.py:1957} INFO - Dependencies all met for dep_context=non-requeueable deps ti=<TaskInstance: etl_to_datalake.table_source_a scheduled__2024-01-06T00:00:00+00:00 [queued]>
[2024-01-08T08:29:52.049+0000] {taskinstance.py:1957} INFO - Dependencies all met for dep_context=requeueable deps ti=<TaskInstance: etl_to_datalake.table_source_a scheduled__2024-01-06T00:00:00+00:00 [queued]>
[2024-01-08T08:29:52.050+0000] {taskinstance.py:2171} INFO - Starting attempt 2 of 4
[2024-01-08T08:29:52.064+0000] {taskinstance.py:2192} INFO - Executing <Task(PythonOperator): table_source_a> on 2024-01-06 00:00:00+00:00
[2024-01-08T08:29:52.072+0000] {standard_task_runner.py:60} INFO - Started process 140 to run task
[2024-01-08T08:29:52.078+0000] {standard_task_runner.py:87} INFO - Running: ['***', 'tasks', 'run', 'etl_to_datalake', 'table_source_a', 'scheduled__2024-01-06T00:00:00+00:00', '--job-id', '8', '--raw', '--subdir', 'DAGS_FOLDER/etl_to_datalake.py', '--cfg-path', '/tmp/tmpe26aoekh']
[2024-01-08T08:29:52.080+0000] {standard_task_runner.py:88} INFO - Job 8: Subtask table_source_a
[2024-01-08T08:29:52.146+0000] {task_command.py:423} INFO - Running <TaskInstance: etl_to_datalake.table_source_a scheduled__2024-01-06T00:00:00+00:00 [running]> on host 10dcfd4879e8
[2024-01-08T08:29:52.247+0000] {taskinstance.py:2481} INFO - Exporting env vars: AIRFLOW_CTX_DAG_OWNER='***' AIRFLOW_CTX_DAG_ID='etl_to_datalake' AIRFLOW_CTX_TASK_ID='table_source_a' AIRFLOW_CTX_EXECUTION_DATE='2024-01-06T00:00:00+00:00' AIRFLOW_CTX_TRY_NUMBER='2' AIRFLOW_CTX_DAG_RUN_ID='scheduled__2024-01-06T00:00:00+00:00'
[2024-01-08T08:29:52.290+0000] {connection.py:234} WARNING - Connection schemes (type: google_cloud_platform) shall not contain '_' according to RFC3986.
[2024-01-08T08:29:52.394+0000] {logging_mixin.py:188} INFO - successfully created BQ client
[2024-01-08T08:29:54.930+0000] {logging_mixin.py:188} INFO - successfully load data to alpine-life-350508.project_x_datalake.table_source_a
[2024-01-08T08:29:54.931+0000] {python.py:201} INFO - Done. Returned value was: None
[2024-01-08T08:29:54.963+0000] {taskinstance.py:1138} INFO - Marking task as SUCCESS. dag_id=etl_to_datalake, task_id=table_source_a, execution_date=20240106T000000, start_date=20240108T082952, end_date=20240108T082954
[2024-01-08T08:29:55.036+0000] {local_task_job_runner.py:234} INFO - Task exited with return code 0
[2024-01-08T08:29:55.073+0000] {taskinstance.py:3281} INFO - 0 downstream tasks scheduled from follow-on schedule check
[2024-01-13T12:13:18.128+0000] {taskinstance.py:1957} INFO - Dependencies all met for dep_context=non-requeueable deps ti=<TaskInstance: etl_to_datalake.table_source_a scheduled__2024-01-06T00:00:00+00:00 [queued]>
[2024-01-13T12:13:18.153+0000] {taskinstance.py:1957} INFO - Dependencies all met for dep_context=requeueable deps ti=<TaskInstance: etl_to_datalake.table_source_a scheduled__2024-01-06T00:00:00+00:00 [queued]>
[2024-01-13T12:13:18.154+0000] {taskinstance.py:2171} INFO - Starting attempt 2 of 3
[2024-01-13T12:13:18.178+0000] {taskinstance.py:2192} INFO - Executing <Task(PythonOperator): table_source_a> on 2024-01-06 00:00:00+00:00
[2024-01-13T12:13:18.191+0000] {standard_task_runner.py:60} INFO - Started process 171 to run task
[2024-01-13T12:13:18.199+0000] {standard_task_runner.py:87} INFO - Running: ['***', 'tasks', 'run', 'etl_to_datalake', 'table_source_a', 'scheduled__2024-01-06T00:00:00+00:00', '--job-id', '37', '--raw', '--subdir', 'DAGS_FOLDER/etl_to_datalake.py', '--cfg-path', '/tmp/tmp95uoi919']
[2024-01-13T12:13:18.202+0000] {standard_task_runner.py:88} INFO - Job 37: Subtask table_source_a
[2024-01-13T12:13:18.318+0000] {task_command.py:423} INFO - Running <TaskInstance: etl_to_datalake.table_source_a scheduled__2024-01-06T00:00:00+00:00 [running]> on host cc6de2d520c9
[2024-01-13T12:13:18.487+0000] {taskinstance.py:2481} INFO - Exporting env vars: AIRFLOW_CTX_DAG_OWNER='***' AIRFLOW_CTX_DAG_ID='etl_to_datalake' AIRFLOW_CTX_TASK_ID='table_source_a' AIRFLOW_CTX_EXECUTION_DATE='2024-01-06T00:00:00+00:00' AIRFLOW_CTX_TRY_NUMBER='2' AIRFLOW_CTX_DAG_RUN_ID='scheduled__2024-01-06T00:00:00+00:00'
[2024-01-13T12:13:18.551+0000] {taskinstance.py:2699} ERROR - Task failed with exception
Traceback (most recent call last):
  File "/home/airflow/.local/lib/python3.8/site-packages/airflow/models/taskinstance.py", line 433, in _execute_task
    result = execute_callable(context=context, **execute_callable_kwargs)
  File "/home/airflow/.local/lib/python3.8/site-packages/airflow/operators/python.py", line 199, in execute
    return_value = self.execute_callable()
  File "/home/airflow/.local/lib/python3.8/site-packages/airflow/operators/python.py", line 216, in execute_callable
    return self.python_callable(*self.op_args, **self.op_kwargs)
  File "/opt/airflow/dags/etl_to_datalake.py", line 80, in process_datalake
    load_query_result_to_bq(dict_config["sql"], dict_config["write_disposition"],
  File "/opt/airflow/dags/etl_to_datalake.py", line 60, in load_query_result_to_bq
    raise e
  File "/opt/airflow/dags/etl_to_datalake.py", line 46, in load_query_result_to_bq
    bq_client = init_bq_client()
  File "/opt/airflow/dags/etl_to_datalake.py", line 35, in init_bq_client
    raise e
  File "/opt/airflow/dags/etl_to_datalake.py", line 24, in init_bq_client
    conn = Connection.get_connection_from_secrets(conn_id='dwh-creds')
  File "/home/airflow/.local/lib/python3.8/site-packages/airflow/models/connection.py", line 479, in get_connection_from_secrets
    raise AirflowNotFoundException(f"The conn_id `{conn_id}` isn't defined")
airflow.exceptions.AirflowNotFoundException: The conn_id `dwh-creds` isn't defined
[2024-01-13T12:13:18.559+0000] {taskinstance.py:1138} INFO - Marking task as UP_FOR_RETRY. dag_id=etl_to_datalake, task_id=table_source_a, execution_date=20240106T000000, start_date=20240113T121318, end_date=20240113T121318
[2024-01-13T12:13:18.581+0000] {standard_task_runner.py:107} ERROR - Failed to execute job 37 for task table_source_a (The conn_id `dwh-creds` isn't defined; 171)
[2024-01-13T12:13:18.615+0000] {local_task_job_runner.py:234} INFO - Task exited with return code 1
[2024-01-13T12:13:18.646+0000] {taskinstance.py:3281} INFO - 0 downstream tasks scheduled from follow-on schedule check
