[2024-01-08T07:21:13.951+0000] {taskinstance.py:1957} INFO - Dependencies all met for dep_context=non-requeueable deps ti=<TaskInstance: etl_to_dwh.wait_etl_to_datalake_table_source_a scheduled__2024-01-06T02:00:00+00:00 [queued]>
[2024-01-08T07:21:13.968+0000] {taskinstance.py:1957} INFO - Dependencies all met for dep_context=requeueable deps ti=<TaskInstance: etl_to_dwh.wait_etl_to_datalake_table_source_a scheduled__2024-01-06T02:00:00+00:00 [queued]>
[2024-01-08T07:21:13.968+0000] {taskinstance.py:2171} INFO - Starting attempt 1 of 3
[2024-01-08T07:21:13.997+0000] {taskinstance.py:2192} INFO - Executing <Task(ExternalTaskSensor): wait_etl_to_datalake_table_source_a> on 2024-01-06 02:00:00+00:00
[2024-01-08T07:21:14.009+0000] {standard_task_runner.py:60} INFO - Started process 155 to run task
[2024-01-08T07:21:14.021+0000] {standard_task_runner.py:87} INFO - Running: ['***', 'tasks', 'run', 'etl_to_dwh', 'wait_etl_to_datalake_table_source_a', 'scheduled__2024-01-06T02:00:00+00:00', '--job-id', '56', '--raw', '--subdir', 'DAGS_FOLDER/etl_to_dwh.py', '--cfg-path', '/tmp/tmp2y1z2f6j']
[2024-01-08T07:21:14.023+0000] {standard_task_runner.py:88} INFO - Job 56: Subtask wait_etl_to_datalake_table_source_a
[2024-01-08T07:21:14.142+0000] {task_command.py:423} INFO - Running <TaskInstance: etl_to_dwh.wait_etl_to_datalake_table_source_a scheduled__2024-01-06T02:00:00+00:00 [running]> on host 6d1c1d696e23
[2024-01-08T07:21:14.290+0000] {taskinstance.py:2481} INFO - Exporting env vars: AIRFLOW_CTX_DAG_OWNER='***' AIRFLOW_CTX_DAG_ID='etl_to_dwh' AIRFLOW_CTX_TASK_ID='wait_etl_to_datalake_table_source_a' AIRFLOW_CTX_EXECUTION_DATE='2024-01-06T02:00:00+00:00' AIRFLOW_CTX_TRY_NUMBER='1' AIRFLOW_CTX_DAG_RUN_ID='scheduled__2024-01-06T02:00:00+00:00'
[2024-01-08T07:21:14.295+0000] {external_task.py:244} INFO - Poking for tasks ['table_source_a'] in dag etl_to_datalake on 2024-01-06T01:00:00+00:00 ... 
[2024-01-08T07:22:14.369+0000] {external_task.py:244} INFO - Poking for tasks ['table_source_a'] in dag etl_to_datalake on 2024-01-06T01:00:00+00:00 ... 
[2024-01-08T07:23:14.421+0000] {external_task.py:244} INFO - Poking for tasks ['table_source_a'] in dag etl_to_datalake on 2024-01-06T01:00:00+00:00 ... 
[2024-01-08T07:24:14.493+0000] {external_task.py:244} INFO - Poking for tasks ['table_source_a'] in dag etl_to_datalake on 2024-01-06T01:00:00+00:00 ... 
[2024-01-08T07:25:14.565+0000] {external_task.py:244} INFO - Poking for tasks ['table_source_a'] in dag etl_to_datalake on 2024-01-06T01:00:00+00:00 ... 
[2024-01-08T07:26:14.639+0000] {external_task.py:244} INFO - Poking for tasks ['table_source_a'] in dag etl_to_datalake on 2024-01-06T01:00:00+00:00 ... 
[2024-01-08T07:27:14.695+0000] {external_task.py:244} INFO - Poking for tasks ['table_source_a'] in dag etl_to_datalake on 2024-01-06T01:00:00+00:00 ... 
[2024-01-08T07:28:14.768+0000] {external_task.py:244} INFO - Poking for tasks ['table_source_a'] in dag etl_to_datalake on 2024-01-06T01:00:00+00:00 ... 
[2024-01-08T07:28:18.966+0000] {local_task_job_runner.py:302} WARNING - State of this instance has been externally set to failed. Terminating instance.
[2024-01-08T07:28:18.972+0000] {process_utils.py:131} INFO - Sending 15 to group 155. PIDs of all processes in the group: [155]
[2024-01-08T07:28:18.972+0000] {process_utils.py:86} INFO - Sending the signal 15 to group 155
[2024-01-08T07:28:18.972+0000] {taskinstance.py:2451} ERROR - Received SIGTERM. Terminating subprocesses.
[2024-01-08T07:28:19.026+0000] {process_utils.py:79} INFO - Process psutil.Process(pid=155, status='terminated', exitcode=0, started='07:21:13') (155) terminated with exit code 0
[2024-01-08T07:30:22.300+0000] {taskinstance.py:1957} INFO - Dependencies all met for dep_context=non-requeueable deps ti=<TaskInstance: etl_to_dwh.wait_etl_to_datalake_table_source_a scheduled__2024-01-06T02:00:00+00:00 [queued]>
[2024-01-08T07:30:22.329+0000] {taskinstance.py:1957} INFO - Dependencies all met for dep_context=requeueable deps ti=<TaskInstance: etl_to_dwh.wait_etl_to_datalake_table_source_a scheduled__2024-01-06T02:00:00+00:00 [queued]>
[2024-01-08T07:30:22.331+0000] {taskinstance.py:2171} INFO - Starting attempt 1 of 3
[2024-01-08T07:30:22.369+0000] {taskinstance.py:2192} INFO - Executing <Task(ExternalTaskSensor): wait_etl_to_datalake_table_source_a> on 2024-01-06 02:00:00+00:00
[2024-01-08T07:30:22.381+0000] {standard_task_runner.py:60} INFO - Started process 354 to run task
[2024-01-08T07:30:22.392+0000] {standard_task_runner.py:87} INFO - Running: ['***', 'tasks', 'run', 'etl_to_dwh', 'wait_etl_to_datalake_table_source_a', 'scheduled__2024-01-06T02:00:00+00:00', '--job-id', '65', '--raw', '--subdir', 'DAGS_FOLDER/etl_to_dwh.py', '--cfg-path', '/tmp/tmphv2a7acc']
[2024-01-08T07:30:22.395+0000] {standard_task_runner.py:88} INFO - Job 65: Subtask wait_etl_to_datalake_table_source_a
[2024-01-08T07:30:22.599+0000] {task_command.py:423} INFO - Running <TaskInstance: etl_to_dwh.wait_etl_to_datalake_table_source_a scheduled__2024-01-06T02:00:00+00:00 [running]> on host 6d1c1d696e23
[2024-01-08T07:30:22.811+0000] {taskinstance.py:2481} INFO - Exporting env vars: AIRFLOW_CTX_DAG_OWNER='***' AIRFLOW_CTX_DAG_ID='etl_to_dwh' AIRFLOW_CTX_TASK_ID='wait_etl_to_datalake_table_source_a' AIRFLOW_CTX_EXECUTION_DATE='2024-01-06T02:00:00+00:00' AIRFLOW_CTX_TRY_NUMBER='1' AIRFLOW_CTX_DAG_RUN_ID='scheduled__2024-01-06T02:00:00+00:00'
[2024-01-08T07:30:22.819+0000] {external_task.py:244} INFO - Poking for tasks ['table_source_a'] in dag etl_to_datalake on 2024-01-06T00:00:00+00:00 ... 
[2024-01-08T07:30:22.842+0000] {base.py:293} INFO - Success criteria met. Exiting.
[2024-01-08T07:30:22.865+0000] {taskinstance.py:1138} INFO - Marking task as SUCCESS. dag_id=etl_to_dwh, task_id=wait_etl_to_datalake_table_source_a, execution_date=20240106T020000, start_date=20240108T073022, end_date=20240108T073022
[2024-01-08T07:30:22.928+0000] {local_task_job_runner.py:234} INFO - Task exited with return code 0
[2024-01-08T07:30:22.999+0000] {taskinstance.py:3281} INFO - 1 downstream tasks scheduled from follow-on schedule check
