[2023-12-28T10:35:30.768+0000] {taskinstance.py:1957} INFO - Dependencies all met for dep_context=non-requeueable deps ti=<TaskInstance: etl_to_datalake.table_source_b manual__2023-12-28T10:34:56.576339+00:00 [queued]>
[2023-12-28T10:35:31.050+0000] {taskinstance.py:1957} INFO - Dependencies all met for dep_context=requeueable deps ti=<TaskInstance: etl_to_datalake.table_source_b manual__2023-12-28T10:34:56.576339+00:00 [queued]>
[2023-12-28T10:35:31.064+0000] {taskinstance.py:2171} INFO - Starting attempt 1 of 3
[2023-12-28T10:35:31.739+0000] {taskinstance.py:2192} INFO - Executing <Task(PythonOperator): table_source_b> on 2023-12-28 10:34:56.576339+00:00
[2023-12-28T10:35:32.145+0000] {standard_task_runner.py:60} INFO - Started process 205 to run task
[2023-12-28T10:35:32.448+0000] {standard_task_runner.py:87} INFO - Running: ['***', 'tasks', 'run', 'etl_to_datalake', 'table_source_b', 'manual__2023-12-28T10:34:56.576339+00:00', '--job-id', '58', '--raw', '--subdir', 'DAGS_FOLDER/etl_to_datalake.py', '--cfg-path', '/tmp/tmphmnoedoy']
[2023-12-28T10:35:32.515+0000] {standard_task_runner.py:88} INFO - Job 58: Subtask table_source_b
[2023-12-28T10:35:33.325+0000] {task_command.py:423} INFO - Running <TaskInstance: etl_to_datalake.table_source_b manual__2023-12-28T10:34:56.576339+00:00 [running]> on host 64bb4a2d8189
[2023-12-28T10:35:33.993+0000] {taskinstance.py:2481} INFO - Exporting env vars: AIRFLOW_CTX_DAG_OWNER='***' AIRFLOW_CTX_DAG_ID='etl_to_datalake' AIRFLOW_CTX_TASK_ID='table_source_b' AIRFLOW_CTX_EXECUTION_DATE='2023-12-28T10:34:56.576339+00:00' AIRFLOW_CTX_TRY_NUMBER='1' AIRFLOW_CTX_DAG_RUN_ID='manual__2023-12-28T10:34:56.576339+00:00'
[2023-12-28T10:35:34.338+0000] {logging_mixin.py:188} INFO - ----DEBUG query:
WITH pool AS
  (SELECT DATE(last_update_date) AS partition_date,
          unique_key,
          complaint_description,
          SOURCE
   FROM `bigquery-public-data.austin_311.311_service_requests`
   ORDER BY 1 DESC)
SELECT *
FROM pool
LIMIT 10
[2023-12-28T10:35:34.689+0000] {connection.py:234} WARNING - Connection schemes (type: google_cloud_platform) shall not contain '_' according to RFC3986.
[2023-12-28T10:35:40.614+0000] {logging_mixin.py:188} INFO - ----DEBUG query_result: Row((datetime.date(2023, 12, 26), '23-00553378', 'ARR - Street Sweeping', 'Spot311 Interface'), {'partition_date': 0, 'unique_key': 1, 'complaint_description': 2, 'SOURCE': 3})
[2023-12-28T10:35:40.634+0000] {logging_mixin.py:188} INFO - ----DEBUG query_result: Row((datetime.date(2023, 12, 26), '23-00558267', 'Animal Protection - Animal Bite', 'Phone'), {'partition_date': 0, 'unique_key': 1, 'complaint_description': 2, 'SOURCE': 3})
[2023-12-28T10:35:40.636+0000] {logging_mixin.py:188} INFO - ----DEBUG query_result: Row((datetime.date(2023, 12, 26), '23-00558351', 'Animal Protection - Animal Bite', 'Phone'), {'partition_date': 0, 'unique_key': 1, 'complaint_description': 2, 'SOURCE': 3})
[2023-12-28T10:35:40.637+0000] {logging_mixin.py:188} INFO - ----DEBUG query_result: Row((datetime.date(2023, 12, 26), '23-00556518', 'ARR - Compost', 'Phone'), {'partition_date': 0, 'unique_key': 1, 'complaint_description': 2, 'SOURCE': 3})
[2023-12-28T10:35:40.637+0000] {logging_mixin.py:188} INFO - ----DEBUG query_result: Row((datetime.date(2023, 12, 26), '23-00556079', 'ARR - Recycling', 'Phone'), {'partition_date': 0, 'unique_key': 1, 'complaint_description': 2, 'SOURCE': 3})
[2023-12-28T10:35:40.638+0000] {logging_mixin.py:188} INFO - ----DEBUG query_result: Row((datetime.date(2023, 12, 26), '23-00558818', 'APD - Non Emergency Noise/Alarm', 'Spot311 Interface'), {'partition_date': 0, 'unique_key': 1, 'complaint_description': 2, 'SOURCE': 3})
[2023-12-28T10:35:40.638+0000] {logging_mixin.py:188} INFO - ----DEBUG query_result: Row((datetime.date(2023, 12, 26), '23-00558697', 'ARR - Garbage', 'Phone'), {'partition_date': 0, 'unique_key': 1, 'complaint_description': 2, 'SOURCE': 3})
[2023-12-28T10:35:40.638+0000] {logging_mixin.py:188} INFO - ----DEBUG query_result: Row((datetime.date(2023, 12, 26), '23-00555939', 'ARR - Recycling', 'Phone'), {'partition_date': 0, 'unique_key': 1, 'complaint_description': 2, 'SOURCE': 3})
[2023-12-28T10:35:40.646+0000] {logging_mixin.py:188} INFO - ----DEBUG query_result: Row((datetime.date(2023, 12, 26), '23-00558236', 'Animal Protection - Animal Proper Care', 'Phone'), {'partition_date': 0, 'unique_key': 1, 'complaint_description': 2, 'SOURCE': 3})
[2023-12-28T10:35:40.647+0000] {logging_mixin.py:188} INFO - ----DEBUG query_result: Row((datetime.date(2023, 12, 26), '23-00558512', 'ARR - Garbage', 'Phone'), {'partition_date': 0, 'unique_key': 1, 'complaint_description': 2, 'SOURCE': 3})
[2023-12-28T10:35:40.648+0000] {python.py:201} INFO - Done. Returned value was: None
[2023-12-28T10:35:40.822+0000] {taskinstance.py:1138} INFO - Marking task as SUCCESS. dag_id=etl_to_datalake, task_id=table_source_b, execution_date=20231228T103456, start_date=20231228T103530, end_date=20231228T103540
[2023-12-28T10:35:41.024+0000] {local_task_job_runner.py:234} INFO - Task exited with return code 0
[2023-12-28T10:35:41.279+0000] {taskinstance.py:3281} INFO - 0 downstream tasks scheduled from follow-on schedule check
