[2024-03-19T04:40:24.484+0000] {taskinstance.py:1957} INFO - Dependencies all met for dep_context=non-requeueable deps ti=<TaskInstance: simple_python_operator.first_task manual__2024-03-19T04:34:16.363088+00:00 [queued]>
[2024-03-19T04:40:24.489+0000] {taskinstance.py:1957} INFO - Dependencies all met for dep_context=requeueable deps ti=<TaskInstance: simple_python_operator.first_task manual__2024-03-19T04:34:16.363088+00:00 [queued]>
[2024-03-19T04:40:24.489+0000] {taskinstance.py:2171} INFO - Starting attempt 3 of 5
[2024-03-19T04:40:24.495+0000] {taskinstance.py:2192} INFO - Executing <Task(PythonOperator): first_task> on 2024-03-19 04:34:16.363088+00:00
[2024-03-19T04:40:24.499+0000] {standard_task_runner.py:60} INFO - Started process 92 to run task
[2024-03-19T04:40:24.503+0000] {standard_task_runner.py:87} INFO - Running: ['***', 'tasks', 'run', 'simple_python_operator', 'first_task', 'manual__2024-03-19T04:34:16.363088+00:00', '--job-id', '17', '--raw', '--subdir', 'DAGS_FOLDER/simple_python_op.py', '--cfg-path', '/tmp/tmpdnx8c2xz']
[2024-03-19T04:40:24.506+0000] {standard_task_runner.py:88} INFO - Job 17: Subtask first_task
[2024-03-19T04:40:24.544+0000] {task_command.py:423} INFO - Running <TaskInstance: simple_python_operator.first_task manual__2024-03-19T04:34:16.363088+00:00 [running]> on host 1c97e28e0bc0
[2024-03-19T04:40:24.867+0000] {taskinstance.py:2481} INFO - Exporting env vars: AIRFLOW_CTX_DAG_OWNER='***' AIRFLOW_CTX_DAG_ID='simple_python_operator' AIRFLOW_CTX_TASK_ID='first_task' AIRFLOW_CTX_EXECUTION_DATE='2024-03-19T04:34:16.363088+00:00' AIRFLOW_CTX_TRY_NUMBER='3' AIRFLOW_CTX_DAG_RUN_ID='manual__2024-03-19T04:34:16.363088+00:00'
[2024-03-19T04:40:24.872+0000] {taskinstance.py:2699} ERROR - Task failed with exception
Traceback (most recent call last):
  File "/home/airflow/.local/lib/python3.8/site-packages/airflow/models/taskinstance.py", line 433, in _execute_task
    result = execute_callable(context=context, **execute_callable_kwargs)
  File "/home/airflow/.local/lib/python3.8/site-packages/airflow/operators/python.py", line 199, in execute
    return_value = self.execute_callable()
  File "/home/airflow/.local/lib/python3.8/site-packages/airflow/operators/python.py", line 216, in execute_callable
    return self.python_callable(*self.op_args, **self.op_kwargs)
  File "/opt/airflow/dags/simple_python_op.py", line 16, in print_string
    df = pd.DataFrame({"msg": message})
  File "/home/airflow/.local/lib/python3.8/site-packages/pandas/core/frame.py", line 709, in __init__
    mgr = dict_to_mgr(data, index, columns, dtype=dtype, copy=copy, typ=manager)
  File "/home/airflow/.local/lib/python3.8/site-packages/pandas/core/internals/construction.py", line 481, in dict_to_mgr
    return arrays_to_mgr(arrays, columns, index, dtype=dtype, typ=typ, consolidate=copy)
  File "/home/airflow/.local/lib/python3.8/site-packages/pandas/core/internals/construction.py", line 115, in arrays_to_mgr
    index = _extract_index(arrays)
  File "/home/airflow/.local/lib/python3.8/site-packages/pandas/core/internals/construction.py", line 645, in _extract_index
    raise ValueError("If using all scalar values, you must pass an index")
ValueError: If using all scalar values, you must pass an index
[2024-03-19T04:40:24.900+0000] {taskinstance.py:1138} INFO - Marking task as UP_FOR_RETRY. dag_id=simple_python_operator, task_id=first_task, execution_date=20240319T043416, start_date=20240319T044024, end_date=20240319T044024
[2024-03-19T04:40:24.909+0000] {standard_task_runner.py:107} ERROR - Failed to execute job 17 for task first_task (If using all scalar values, you must pass an index; 92)
[2024-03-19T04:40:24.927+0000] {local_task_job_runner.py:234} INFO - Task exited with return code 1
[2024-03-19T04:40:24.945+0000] {taskinstance.py:3281} INFO - 0 downstream tasks scheduled from follow-on schedule check
