[2024-03-19T04:41:09.263+0000] {taskinstance.py:1957} INFO - Dependencies all met for dep_context=non-requeueable deps ti=<TaskInstance: etl_to_dwh.fact_c scheduled__2024-03-18T02:00:00+00:00 [queued]>
[2024-03-19T04:41:09.269+0000] {taskinstance.py:1957} INFO - Dependencies all met for dep_context=requeueable deps ti=<TaskInstance: etl_to_dwh.fact_c scheduled__2024-03-18T02:00:00+00:00 [queued]>
[2024-03-19T04:41:09.270+0000] {taskinstance.py:2171} INFO - Starting attempt 2 of 3
[2024-03-19T04:41:09.277+0000] {taskinstance.py:2192} INFO - Executing <Task(PythonOperator): fact_c> on 2024-03-18 02:00:00+00:00
[2024-03-19T04:41:09.295+0000] {standard_task_runner.py:60} INFO - Started process 106 to run task
[2024-03-19T04:41:09.299+0000] {standard_task_runner.py:87} INFO - Running: ['***', 'tasks', 'run', 'etl_to_dwh', 'fact_c', 'scheduled__2024-03-18T02:00:00+00:00', '--job-id', '19', '--raw', '--subdir', 'DAGS_FOLDER/etl_to_dwh.py', '--cfg-path', '/tmp/tmp_he257bn']
[2024-03-19T04:41:09.302+0000] {standard_task_runner.py:88} INFO - Job 19: Subtask fact_c
[2024-03-19T04:41:09.356+0000] {task_command.py:423} INFO - Running <TaskInstance: etl_to_dwh.fact_c scheduled__2024-03-18T02:00:00+00:00 [running]> on host 1c97e28e0bc0
[2024-03-19T04:41:09.513+0000] {taskinstance.py:2481} INFO - Exporting env vars: AIRFLOW_CTX_DAG_OWNER='***' AIRFLOW_CTX_DAG_ID='etl_to_dwh' AIRFLOW_CTX_TASK_ID='fact_c' AIRFLOW_CTX_EXECUTION_DATE='2024-03-18T02:00:00+00:00' AIRFLOW_CTX_TRY_NUMBER='2' AIRFLOW_CTX_DAG_RUN_ID='scheduled__2024-03-18T02:00:00+00:00'
[2024-03-19T04:41:09.530+0000] {taskinstance.py:2699} ERROR - Task failed with exception
Traceback (most recent call last):
  File "/home/airflow/.local/lib/python3.8/site-packages/airflow/models/taskinstance.py", line 433, in _execute_task
    result = execute_callable(context=context, **execute_callable_kwargs)
  File "/home/airflow/.local/lib/python3.8/site-packages/airflow/operators/python.py", line 199, in execute
    return_value = self.execute_callable()
  File "/home/airflow/.local/lib/python3.8/site-packages/airflow/operators/python.py", line 216, in execute_callable
    return self.python_callable(*self.op_args, **self.op_kwargs)
  File "/opt/airflow/dags/etl_to_dwh.py", line 59, in load_query_result_to_bq
    raise e
  File "/opt/airflow/dags/etl_to_dwh.py", line 45, in load_query_result_to_bq
    bq_client = init_bq_client()
  File "/opt/airflow/dags/etl_to_dwh.py", line 35, in init_bq_client
    raise e
  File "/opt/airflow/dags/etl_to_dwh.py", line 25, in init_bq_client
    conn = Connection.get_connection_from_secrets(conn_id='dwh-creds')
  File "/home/airflow/.local/lib/python3.8/site-packages/airflow/models/connection.py", line 479, in get_connection_from_secrets
    raise AirflowNotFoundException(f"The conn_id `{conn_id}` isn't defined")
airflow.exceptions.AirflowNotFoundException: The conn_id `dwh-creds` isn't defined
[2024-03-19T04:41:09.534+0000] {taskinstance.py:1138} INFO - Marking task as UP_FOR_RETRY. dag_id=etl_to_dwh, task_id=fact_c, execution_date=20240318T020000, start_date=20240319T044109, end_date=20240319T044109
[2024-03-19T04:41:09.540+0000] {standard_task_runner.py:107} ERROR - Failed to execute job 19 for task fact_c (The conn_id `dwh-creds` isn't defined; 106)
[2024-03-19T04:41:09.554+0000] {local_task_job_runner.py:234} INFO - Task exited with return code 1
[2024-03-19T04:41:09.589+0000] {taskinstance.py:3281} INFO - 0 downstream tasks scheduled from follow-on schedule check
