[2023-12-28T10:28:10.210+0000] {taskinstance.py:1957} INFO - Dependencies all met for dep_context=non-requeueable deps ti=<TaskInstance: etl_to_datalake.table_source_b manual__2023-12-28T10:25:40.064274+00:00 [queued]>
[2023-12-28T10:28:10.247+0000] {taskinstance.py:1957} INFO - Dependencies all met for dep_context=requeueable deps ti=<TaskInstance: etl_to_datalake.table_source_b manual__2023-12-28T10:25:40.064274+00:00 [queued]>
[2023-12-28T10:28:10.249+0000] {taskinstance.py:2171} INFO - Starting attempt 2 of 4
[2023-12-28T10:28:10.318+0000] {taskinstance.py:2192} INFO - Executing <Task(PythonOperator): table_source_b> on 2023-12-28 10:25:40.064274+00:00
[2023-12-28T10:28:10.361+0000] {standard_task_runner.py:60} INFO - Started process 99 to run task
[2023-12-28T10:28:10.397+0000] {standard_task_runner.py:87} INFO - Running: ['***', 'tasks', 'run', 'etl_to_datalake', 'table_source_b', 'manual__2023-12-28T10:25:40.064274+00:00', '--job-id', '56', '--raw', '--subdir', 'DAGS_FOLDER/etl_to_datalake.py', '--cfg-path', '/tmp/tmprz8yyedk']
[2023-12-28T10:28:10.415+0000] {standard_task_runner.py:88} INFO - Job 56: Subtask table_source_b
[2023-12-28T10:28:12.554+0000] {task_command.py:423} INFO - Running <TaskInstance: etl_to_datalake.table_source_b manual__2023-12-28T10:25:40.064274+00:00 [running]> on host 64bb4a2d8189
[2023-12-28T10:28:13.343+0000] {taskinstance.py:2481} INFO - Exporting env vars: AIRFLOW_CTX_DAG_OWNER='***' AIRFLOW_CTX_DAG_ID='etl_to_datalake' AIRFLOW_CTX_TASK_ID='table_source_b' AIRFLOW_CTX_EXECUTION_DATE='2023-12-28T10:25:40.064274+00:00' AIRFLOW_CTX_TRY_NUMBER='2' AIRFLOW_CTX_DAG_RUN_ID='manual__2023-12-28T10:25:40.064274+00:00'
[2023-12-28T10:28:13.469+0000] {logging_mixin.py:188} INFO - ----DEBUG query:
WITH pool AS
  (SELECT DATE(last_update_date) AS partition_date,
          unique_key,
          complaint_description,
          SOURCE
   FROM `bigquery-public-data.austin_311.311_service_requests`
   ORDER BY 1 DESC)
SELECT *
FROM pool
LIMIT 10
[2023-12-28T10:28:13.526+0000] {connection.py:234} WARNING - Connection schemes (type: google_cloud_platform) shall not contain '_' according to RFC3986.
[2023-12-28T10:28:23.928+0000] {logging_mixin.py:188} INFO - ----DEBUG query_result: Row((datetime.date(2023, 12, 26), '23-00553378', 'ARR - Street Sweeping', 'Spot311 Interface'), {'partition_date': 0, 'unique_key': 1, 'complaint_description': 2, 'SOURCE': 3})
[2023-12-28T10:28:23.985+0000] {logging_mixin.py:188} INFO - ----DEBUG query_result: Row((datetime.date(2023, 12, 26), '23-00558267', 'Animal Protection - Animal Bite', 'Phone'), {'partition_date': 0, 'unique_key': 1, 'complaint_description': 2, 'SOURCE': 3})
[2023-12-28T10:28:23.991+0000] {logging_mixin.py:188} INFO - ----DEBUG query_result: Row((datetime.date(2023, 12, 26), '23-00558351', 'Animal Protection - Animal Bite', 'Phone'), {'partition_date': 0, 'unique_key': 1, 'complaint_description': 2, 'SOURCE': 3})
[2023-12-28T10:28:23.996+0000] {logging_mixin.py:188} INFO - ----DEBUG query_result: Row((datetime.date(2023, 12, 26), '23-00556518', 'ARR - Compost', 'Phone'), {'partition_date': 0, 'unique_key': 1, 'complaint_description': 2, 'SOURCE': 3})
[2023-12-28T10:28:23.997+0000] {logging_mixin.py:188} INFO - ----DEBUG query_result: Row((datetime.date(2023, 12, 26), '23-00556079', 'ARR - Recycling', 'Phone'), {'partition_date': 0, 'unique_key': 1, 'complaint_description': 2, 'SOURCE': 3})
[2023-12-28T10:28:23.998+0000] {logging_mixin.py:188} INFO - ----DEBUG query_result: Row((datetime.date(2023, 12, 26), '23-00558818', 'APD - Non Emergency Noise/Alarm', 'Spot311 Interface'), {'partition_date': 0, 'unique_key': 1, 'complaint_description': 2, 'SOURCE': 3})
[2023-12-28T10:28:23.999+0000] {logging_mixin.py:188} INFO - ----DEBUG query_result: Row((datetime.date(2023, 12, 26), '23-00558697', 'ARR - Garbage', 'Phone'), {'partition_date': 0, 'unique_key': 1, 'complaint_description': 2, 'SOURCE': 3})
[2023-12-28T10:28:24.001+0000] {logging_mixin.py:188} INFO - ----DEBUG query_result: Row((datetime.date(2023, 12, 26), '23-00555939', 'ARR - Recycling', 'Phone'), {'partition_date': 0, 'unique_key': 1, 'complaint_description': 2, 'SOURCE': 3})
[2023-12-28T10:28:24.003+0000] {logging_mixin.py:188} INFO - ----DEBUG query_result: Row((datetime.date(2023, 12, 26), '23-00558236', 'Animal Protection - Animal Proper Care', 'Phone'), {'partition_date': 0, 'unique_key': 1, 'complaint_description': 2, 'SOURCE': 3})
[2023-12-28T10:28:24.003+0000] {logging_mixin.py:188} INFO - ----DEBUG query_result: Row((datetime.date(2023, 12, 26), '23-00558512', 'ARR - Garbage', 'Phone'), {'partition_date': 0, 'unique_key': 1, 'complaint_description': 2, 'SOURCE': 3})
[2023-12-28T10:28:24.006+0000] {python.py:201} INFO - Done. Returned value was: None
[2023-12-28T10:28:24.460+0000] {taskinstance.py:1138} INFO - Marking task as SUCCESS. dag_id=etl_to_datalake, task_id=table_source_b, execution_date=20231228T102540, start_date=20231228T102810, end_date=20231228T102824
[2023-12-28T10:28:25.210+0000] {local_task_job_runner.py:234} INFO - Task exited with return code 0
[2023-12-28T10:28:26.331+0000] {taskinstance.py:3281} INFO - 0 downstream tasks scheduled from follow-on schedule check
