[2024-01-08T07:30:25.798+0000] {taskinstance.py:1957} INFO - Dependencies all met for dep_context=non-requeueable deps ti=<TaskInstance: etl_to_dwh.fact_b scheduled__2024-01-06T02:00:00+00:00 [queued]>
[2024-01-08T07:30:25.815+0000] {taskinstance.py:1957} INFO - Dependencies all met for dep_context=requeueable deps ti=<TaskInstance: etl_to_dwh.fact_b scheduled__2024-01-06T02:00:00+00:00 [queued]>
[2024-01-08T07:30:25.816+0000] {taskinstance.py:2171} INFO - Starting attempt 1 of 3
[2024-01-08T07:30:25.842+0000] {taskinstance.py:2192} INFO - Executing <Task(PythonOperator): fact_b> on 2024-01-06 02:00:00+00:00
[2024-01-08T07:30:25.854+0000] {standard_task_runner.py:60} INFO - Started process 361 to run task
[2024-01-08T07:30:25.867+0000] {standard_task_runner.py:87} INFO - Running: ['***', 'tasks', 'run', 'etl_to_dwh', 'fact_b', 'scheduled__2024-01-06T02:00:00+00:00', '--job-id', '68', '--raw', '--subdir', 'DAGS_FOLDER/etl_to_dwh.py', '--cfg-path', '/tmp/tmp7szc2gwr']
[2024-01-08T07:30:25.869+0000] {standard_task_runner.py:88} INFO - Job 68: Subtask fact_b
[2024-01-08T07:30:26.022+0000] {task_command.py:423} INFO - Running <TaskInstance: etl_to_dwh.fact_b scheduled__2024-01-06T02:00:00+00:00 [running]> on host 6d1c1d696e23
[2024-01-08T07:30:26.235+0000] {taskinstance.py:2481} INFO - Exporting env vars: AIRFLOW_CTX_DAG_OWNER='***' AIRFLOW_CTX_DAG_ID='etl_to_dwh' AIRFLOW_CTX_TASK_ID='fact_b' AIRFLOW_CTX_EXECUTION_DATE='2024-01-06T02:00:00+00:00' AIRFLOW_CTX_TRY_NUMBER='1' AIRFLOW_CTX_DAG_RUN_ID='scheduled__2024-01-06T02:00:00+00:00'
[2024-01-08T07:30:26.260+0000] {connection.py:234} WARNING - Connection schemes (type: google_cloud_platform) shall not contain '_' according to RFC3986.
[2024-01-08T07:30:26.361+0000] {logging_mixin.py:188} INFO - successfully created BQ client
[2024-01-08T07:30:29.278+0000] {logging_mixin.py:188} INFO - successfully load data to alpine-life-350508.project_x_dwh.fact_b
[2024-01-08T07:30:29.279+0000] {python.py:201} INFO - Done. Returned value was: None
[2024-01-08T07:30:29.292+0000] {taskinstance.py:1138} INFO - Marking task as SUCCESS. dag_id=etl_to_dwh, task_id=fact_b, execution_date=20240106T020000, start_date=20240108T073025, end_date=20240108T073029
[2024-01-08T07:30:29.350+0000] {local_task_job_runner.py:234} INFO - Task exited with return code 0
[2024-01-08T07:30:29.381+0000] {taskinstance.py:3281} INFO - 0 downstream tasks scheduled from follow-on schedule check
[2024-01-13T12:22:57.719+0000] {taskinstance.py:1957} INFO - Dependencies all met for dep_context=non-requeueable deps ti=<TaskInstance: etl_to_dwh.fact_b scheduled__2024-01-06T02:00:00+00:00 [queued]>
[2024-01-13T12:22:57.782+0000] {taskinstance.py:1957} INFO - Dependencies all met for dep_context=requeueable deps ti=<TaskInstance: etl_to_dwh.fact_b scheduled__2024-01-06T02:00:00+00:00 [queued]>
[2024-01-13T12:22:57.783+0000] {taskinstance.py:2171} INFO - Starting attempt 1 of 3
[2024-01-13T12:22:57.823+0000] {taskinstance.py:2192} INFO - Executing <Task(PythonOperator): fact_b> on 2024-01-06 02:00:00+00:00
[2024-01-13T12:22:57.870+0000] {standard_task_runner.py:60} INFO - Started process 522 to run task
[2024-01-13T12:22:57.898+0000] {standard_task_runner.py:87} INFO - Running: ['***', 'tasks', 'run', 'etl_to_dwh', 'fact_b', 'scheduled__2024-01-06T02:00:00+00:00', '--job-id', '108', '--raw', '--subdir', 'DAGS_FOLDER/etl_to_dwh.py', '--cfg-path', '/tmp/tmp00y032ha']
[2024-01-13T12:22:57.902+0000] {standard_task_runner.py:88} INFO - Job 108: Subtask fact_b
[2024-01-13T12:22:58.046+0000] {task_command.py:423} INFO - Running <TaskInstance: etl_to_dwh.fact_b scheduled__2024-01-06T02:00:00+00:00 [running]> on host cc6de2d520c9
[2024-01-13T12:22:58.265+0000] {taskinstance.py:2481} INFO - Exporting env vars: AIRFLOW_CTX_DAG_OWNER='***' AIRFLOW_CTX_DAG_ID='etl_to_dwh' AIRFLOW_CTX_TASK_ID='fact_b' AIRFLOW_CTX_EXECUTION_DATE='2024-01-06T02:00:00+00:00' AIRFLOW_CTX_TRY_NUMBER='1' AIRFLOW_CTX_DAG_RUN_ID='scheduled__2024-01-06T02:00:00+00:00'
[2024-01-13T12:22:58.305+0000] {connection.py:234} WARNING - Connection schemes (type: google_cloud_platform) shall not contain '_' according to RFC3986.
[2024-01-13T12:22:58.447+0000] {logging_mixin.py:188} INFO - successfully created BQ client
[2024-01-13T12:23:01.136+0000] {logging_mixin.py:188} INFO - successfully load data to alpine-life-350508.project_x_dwh.fact_b
[2024-01-13T12:23:01.137+0000] {python.py:201} INFO - Done. Returned value was: None
[2024-01-13T12:23:01.163+0000] {taskinstance.py:1138} INFO - Marking task as SUCCESS. dag_id=etl_to_dwh, task_id=fact_b, execution_date=20240106T020000, start_date=20240113T122257, end_date=20240113T122301
[2024-01-13T12:23:01.238+0000] {local_task_job_runner.py:234} INFO - Task exited with return code 0
[2024-01-13T12:23:01.270+0000] {taskinstance.py:3281} INFO - 0 downstream tasks scheduled from follow-on schedule check
