[2024-01-13T11:57:38.293+0000] {processor.py:161} INFO - Started process (PID=43) to work on /home/airflow/.local/lib/python3.8/site-packages/airflow/example_dags/example_sensors.py
[2024-01-13T11:57:38.295+0000] {processor.py:830} INFO - Processing file /home/airflow/.local/lib/python3.8/site-packages/airflow/example_dags/example_sensors.py for tasks to queue
[2024-01-13T11:57:38.298+0000] {logging_mixin.py:188} INFO - [2024-01-13T11:57:38.298+0000] {dagbag.py:538} INFO - Filling up the DagBag from /home/airflow/.local/lib/python3.8/site-packages/airflow/example_dags/example_sensors.py
[2024-01-13T11:57:38.329+0000] {processor.py:840} INFO - DAG(s) 'example_sensors' retrieved from /home/airflow/.local/lib/python3.8/site-packages/airflow/example_dags/example_sensors.py
[2024-01-13T11:57:38.883+0000] {logging_mixin.py:188} INFO - [2024-01-13T11:57:38.881+0000] {override.py:1769} INFO - Created Permission View: can edit on DAG:example_sensors
[2024-01-13T11:57:38.911+0000] {logging_mixin.py:188} INFO - [2024-01-13T11:57:38.911+0000] {override.py:1769} INFO - Created Permission View: can read on DAG:example_sensors
[2024-01-13T11:57:38.928+0000] {logging_mixin.py:188} INFO - [2024-01-13T11:57:38.927+0000] {override.py:1769} INFO - Created Permission View: can delete on DAG:example_sensors
[2024-01-13T11:57:38.928+0000] {logging_mixin.py:188} INFO - [2024-01-13T11:57:38.928+0000] {dag.py:3033} INFO - Sync 1 DAGs
[2024-01-13T11:57:38.982+0000] {logging_mixin.py:188} INFO - [2024-01-13T11:57:38.981+0000] {dag.py:3055} INFO - Creating ORM DAG for example_sensors
[2024-01-13T11:57:38.983+0000] {logging_mixin.py:188} INFO - [2024-01-13T11:57:38.983+0000] {dag.py:3820} INFO - Setting next_dagrun for example_sensors to None, run_after=None
[2024-01-13T11:57:39.082+0000] {processor.py:183} INFO - Processing /home/airflow/.local/lib/python3.8/site-packages/airflow/example_dags/example_sensors.py took 0.796 seconds
[2024-01-13T11:58:09.191+0000] {processor.py:161} INFO - Started process (PID=100) to work on /home/airflow/.local/lib/python3.8/site-packages/airflow/example_dags/example_sensors.py
[2024-01-13T11:58:09.193+0000] {processor.py:830} INFO - Processing file /home/airflow/.local/lib/python3.8/site-packages/airflow/example_dags/example_sensors.py for tasks to queue
[2024-01-13T11:58:09.196+0000] {logging_mixin.py:188} INFO - [2024-01-13T11:58:09.196+0000] {dagbag.py:538} INFO - Filling up the DagBag from /home/airflow/.local/lib/python3.8/site-packages/airflow/example_dags/example_sensors.py
[2024-01-13T11:58:09.209+0000] {processor.py:840} INFO - DAG(s) 'example_sensors' retrieved from /home/airflow/.local/lib/python3.8/site-packages/airflow/example_dags/example_sensors.py
[2024-01-13T11:58:09.242+0000] {logging_mixin.py:188} INFO - [2024-01-13T11:58:09.242+0000] {dag.py:3033} INFO - Sync 1 DAGs
[2024-01-13T11:58:09.258+0000] {logging_mixin.py:188} INFO - [2024-01-13T11:58:09.258+0000] {dag.py:3820} INFO - Setting next_dagrun for example_sensors to None, run_after=None
[2024-01-13T11:58:09.281+0000] {processor.py:183} INFO - Processing /home/airflow/.local/lib/python3.8/site-packages/airflow/example_dags/example_sensors.py took 0.094 seconds
[2024-01-13T11:58:39.347+0000] {processor.py:161} INFO - Started process (PID=159) to work on /home/airflow/.local/lib/python3.8/site-packages/airflow/example_dags/example_sensors.py
[2024-01-13T11:58:39.348+0000] {processor.py:830} INFO - Processing file /home/airflow/.local/lib/python3.8/site-packages/airflow/example_dags/example_sensors.py for tasks to queue
[2024-01-13T11:58:39.351+0000] {logging_mixin.py:188} INFO - [2024-01-13T11:58:39.351+0000] {dagbag.py:538} INFO - Filling up the DagBag from /home/airflow/.local/lib/python3.8/site-packages/airflow/example_dags/example_sensors.py
[2024-01-13T11:58:39.364+0000] {processor.py:840} INFO - DAG(s) 'example_sensors' retrieved from /home/airflow/.local/lib/python3.8/site-packages/airflow/example_dags/example_sensors.py
[2024-01-13T11:58:39.403+0000] {logging_mixin.py:188} INFO - [2024-01-13T11:58:39.403+0000] {dag.py:3033} INFO - Sync 1 DAGs
[2024-01-13T11:58:39.421+0000] {logging_mixin.py:188} INFO - [2024-01-13T11:58:39.421+0000] {dag.py:3820} INFO - Setting next_dagrun for example_sensors to None, run_after=None
[2024-01-13T11:58:39.447+0000] {processor.py:183} INFO - Processing /home/airflow/.local/lib/python3.8/site-packages/airflow/example_dags/example_sensors.py took 0.105 seconds
[2024-01-13T11:59:09.708+0000] {processor.py:161} INFO - Started process (PID=218) to work on /home/airflow/.local/lib/python3.8/site-packages/airflow/example_dags/example_sensors.py
[2024-01-13T11:59:09.710+0000] {processor.py:830} INFO - Processing file /home/airflow/.local/lib/python3.8/site-packages/airflow/example_dags/example_sensors.py for tasks to queue
[2024-01-13T11:59:09.713+0000] {logging_mixin.py:188} INFO - [2024-01-13T11:59:09.712+0000] {dagbag.py:538} INFO - Filling up the DagBag from /home/airflow/.local/lib/python3.8/site-packages/airflow/example_dags/example_sensors.py
[2024-01-13T11:59:09.725+0000] {processor.py:840} INFO - DAG(s) 'example_sensors' retrieved from /home/airflow/.local/lib/python3.8/site-packages/airflow/example_dags/example_sensors.py
[2024-01-13T11:59:09.758+0000] {logging_mixin.py:188} INFO - [2024-01-13T11:59:09.758+0000] {dag.py:3033} INFO - Sync 1 DAGs
[2024-01-13T11:59:09.787+0000] {logging_mixin.py:188} INFO - [2024-01-13T11:59:09.787+0000] {dag.py:3820} INFO - Setting next_dagrun for example_sensors to None, run_after=None
[2024-01-13T11:59:09.815+0000] {processor.py:183} INFO - Processing /home/airflow/.local/lib/python3.8/site-packages/airflow/example_dags/example_sensors.py took 0.113 seconds
[2024-01-13T11:59:39.998+0000] {processor.py:161} INFO - Started process (PID=281) to work on /home/airflow/.local/lib/python3.8/site-packages/airflow/example_dags/example_sensors.py
[2024-01-13T11:59:40.000+0000] {processor.py:830} INFO - Processing file /home/airflow/.local/lib/python3.8/site-packages/airflow/example_dags/example_sensors.py for tasks to queue
[2024-01-13T11:59:40.004+0000] {logging_mixin.py:188} INFO - [2024-01-13T11:59:40.003+0000] {dagbag.py:538} INFO - Filling up the DagBag from /home/airflow/.local/lib/python3.8/site-packages/airflow/example_dags/example_sensors.py
[2024-01-13T11:59:40.019+0000] {processor.py:840} INFO - DAG(s) 'example_sensors' retrieved from /home/airflow/.local/lib/python3.8/site-packages/airflow/example_dags/example_sensors.py
[2024-01-13T11:59:40.055+0000] {logging_mixin.py:188} INFO - [2024-01-13T11:59:40.055+0000] {dag.py:3033} INFO - Sync 1 DAGs
[2024-01-13T11:59:40.072+0000] {logging_mixin.py:188} INFO - [2024-01-13T11:59:40.072+0000] {dag.py:3820} INFO - Setting next_dagrun for example_sensors to None, run_after=None
[2024-01-13T11:59:40.099+0000] {processor.py:183} INFO - Processing /home/airflow/.local/lib/python3.8/site-packages/airflow/example_dags/example_sensors.py took 0.109 seconds
[2024-01-13T12:00:10.320+0000] {processor.py:161} INFO - Started process (PID=340) to work on /home/airflow/.local/lib/python3.8/site-packages/airflow/example_dags/example_sensors.py
[2024-01-13T12:00:10.322+0000] {processor.py:830} INFO - Processing file /home/airflow/.local/lib/python3.8/site-packages/airflow/example_dags/example_sensors.py for tasks to queue
[2024-01-13T12:00:10.325+0000] {logging_mixin.py:188} INFO - [2024-01-13T12:00:10.325+0000] {dagbag.py:538} INFO - Filling up the DagBag from /home/airflow/.local/lib/python3.8/site-packages/airflow/example_dags/example_sensors.py
[2024-01-13T12:00:10.342+0000] {processor.py:840} INFO - DAG(s) 'example_sensors' retrieved from /home/airflow/.local/lib/python3.8/site-packages/airflow/example_dags/example_sensors.py
[2024-01-13T12:00:10.383+0000] {logging_mixin.py:188} INFO - [2024-01-13T12:00:10.383+0000] {dag.py:3033} INFO - Sync 1 DAGs
[2024-01-13T12:00:10.399+0000] {logging_mixin.py:188} INFO - [2024-01-13T12:00:10.399+0000] {dag.py:3820} INFO - Setting next_dagrun for example_sensors to None, run_after=None
[2024-01-13T12:00:10.423+0000] {processor.py:183} INFO - Processing /home/airflow/.local/lib/python3.8/site-packages/airflow/example_dags/example_sensors.py took 0.109 seconds
[2024-01-13T12:00:40.926+0000] {processor.py:161} INFO - Started process (PID=399) to work on /home/airflow/.local/lib/python3.8/site-packages/airflow/example_dags/example_sensors.py
[2024-01-13T12:00:40.999+0000] {processor.py:830} INFO - Processing file /home/airflow/.local/lib/python3.8/site-packages/airflow/example_dags/example_sensors.py for tasks to queue
[2024-01-13T12:00:41.004+0000] {logging_mixin.py:188} INFO - [2024-01-13T12:00:41.003+0000] {dagbag.py:538} INFO - Filling up the DagBag from /home/airflow/.local/lib/python3.8/site-packages/airflow/example_dags/example_sensors.py
[2024-01-13T12:00:41.023+0000] {processor.py:840} INFO - DAG(s) 'example_sensors' retrieved from /home/airflow/.local/lib/python3.8/site-packages/airflow/example_dags/example_sensors.py
[2024-01-13T12:00:41.077+0000] {logging_mixin.py:188} INFO - [2024-01-13T12:00:41.077+0000] {dag.py:3033} INFO - Sync 1 DAGs
[2024-01-13T12:00:41.101+0000] {logging_mixin.py:188} INFO - [2024-01-13T12:00:41.100+0000] {dag.py:3820} INFO - Setting next_dagrun for example_sensors to None, run_after=None
[2024-01-13T12:00:41.128+0000] {processor.py:183} INFO - Processing /home/airflow/.local/lib/python3.8/site-packages/airflow/example_dags/example_sensors.py took 0.208 seconds
[2024-01-13T12:01:11.387+0000] {processor.py:161} INFO - Started process (PID=458) to work on /home/airflow/.local/lib/python3.8/site-packages/airflow/example_dags/example_sensors.py
[2024-01-13T12:01:11.389+0000] {processor.py:830} INFO - Processing file /home/airflow/.local/lib/python3.8/site-packages/airflow/example_dags/example_sensors.py for tasks to queue
[2024-01-13T12:01:11.393+0000] {logging_mixin.py:188} INFO - [2024-01-13T12:01:11.393+0000] {dagbag.py:538} INFO - Filling up the DagBag from /home/airflow/.local/lib/python3.8/site-packages/airflow/example_dags/example_sensors.py
[2024-01-13T12:01:11.410+0000] {processor.py:840} INFO - DAG(s) 'example_sensors' retrieved from /home/airflow/.local/lib/python3.8/site-packages/airflow/example_dags/example_sensors.py
[2024-01-13T12:01:11.444+0000] {logging_mixin.py:188} INFO - [2024-01-13T12:01:11.444+0000] {dag.py:3033} INFO - Sync 1 DAGs
[2024-01-13T12:01:11.460+0000] {logging_mixin.py:188} INFO - [2024-01-13T12:01:11.460+0000] {dag.py:3820} INFO - Setting next_dagrun for example_sensors to None, run_after=None
[2024-01-13T12:01:11.484+0000] {processor.py:183} INFO - Processing /home/airflow/.local/lib/python3.8/site-packages/airflow/example_dags/example_sensors.py took 0.103 seconds
[2024-01-13T12:01:41.631+0000] {processor.py:161} INFO - Started process (PID=517) to work on /home/airflow/.local/lib/python3.8/site-packages/airflow/example_dags/example_sensors.py
[2024-01-13T12:01:41.691+0000] {processor.py:830} INFO - Processing file /home/airflow/.local/lib/python3.8/site-packages/airflow/example_dags/example_sensors.py for tasks to queue
[2024-01-13T12:01:41.694+0000] {logging_mixin.py:188} INFO - [2024-01-13T12:01:41.694+0000] {dagbag.py:538} INFO - Filling up the DagBag from /home/airflow/.local/lib/python3.8/site-packages/airflow/example_dags/example_sensors.py
[2024-01-13T12:01:41.712+0000] {processor.py:840} INFO - DAG(s) 'example_sensors' retrieved from /home/airflow/.local/lib/python3.8/site-packages/airflow/example_dags/example_sensors.py
[2024-01-13T12:01:41.757+0000] {logging_mixin.py:188} INFO - [2024-01-13T12:01:41.756+0000] {dag.py:3033} INFO - Sync 1 DAGs
[2024-01-13T12:01:41.781+0000] {logging_mixin.py:188} INFO - [2024-01-13T12:01:41.781+0000] {dag.py:3820} INFO - Setting next_dagrun for example_sensors to None, run_after=None
[2024-01-13T12:01:41.812+0000] {processor.py:183} INFO - Processing /home/airflow/.local/lib/python3.8/site-packages/airflow/example_dags/example_sensors.py took 0.187 seconds
[2024-01-13T12:02:12.304+0000] {processor.py:161} INFO - Started process (PID=581) to work on /home/airflow/.local/lib/python3.8/site-packages/airflow/example_dags/example_sensors.py
[2024-01-13T12:02:12.305+0000] {processor.py:830} INFO - Processing file /home/airflow/.local/lib/python3.8/site-packages/airflow/example_dags/example_sensors.py for tasks to queue
[2024-01-13T12:02:12.309+0000] {logging_mixin.py:188} INFO - [2024-01-13T12:02:12.309+0000] {dagbag.py:538} INFO - Filling up the DagBag from /home/airflow/.local/lib/python3.8/site-packages/airflow/example_dags/example_sensors.py
[2024-01-13T12:02:12.325+0000] {processor.py:840} INFO - DAG(s) 'example_sensors' retrieved from /home/airflow/.local/lib/python3.8/site-packages/airflow/example_dags/example_sensors.py
[2024-01-13T12:02:12.357+0000] {logging_mixin.py:188} INFO - [2024-01-13T12:02:12.357+0000] {dag.py:3033} INFO - Sync 1 DAGs
[2024-01-13T12:02:12.376+0000] {logging_mixin.py:188} INFO - [2024-01-13T12:02:12.376+0000] {dag.py:3820} INFO - Setting next_dagrun for example_sensors to None, run_after=None
[2024-01-13T12:02:12.402+0000] {processor.py:183} INFO - Processing /home/airflow/.local/lib/python3.8/site-packages/airflow/example_dags/example_sensors.py took 0.105 seconds
[2024-01-13T12:02:43.285+0000] {processor.py:161} INFO - Started process (PID=662) to work on /home/airflow/.local/lib/python3.8/site-packages/airflow/example_dags/example_sensors.py
[2024-01-13T12:02:43.329+0000] {processor.py:830} INFO - Processing file /home/airflow/.local/lib/python3.8/site-packages/airflow/example_dags/example_sensors.py for tasks to queue
[2024-01-13T12:02:43.336+0000] {logging_mixin.py:188} INFO - [2024-01-13T12:02:43.336+0000] {dagbag.py:538} INFO - Filling up the DagBag from /home/airflow/.local/lib/python3.8/site-packages/airflow/example_dags/example_sensors.py
[2024-01-13T12:02:43.367+0000] {processor.py:840} INFO - DAG(s) 'example_sensors' retrieved from /home/airflow/.local/lib/python3.8/site-packages/airflow/example_dags/example_sensors.py
[2024-01-13T12:02:43.438+0000] {logging_mixin.py:188} INFO - [2024-01-13T12:02:43.438+0000] {dag.py:3033} INFO - Sync 1 DAGs
[2024-01-13T12:02:43.475+0000] {logging_mixin.py:188} INFO - [2024-01-13T12:02:43.474+0000] {dag.py:3820} INFO - Setting next_dagrun for example_sensors to None, run_after=None
[2024-01-13T12:02:43.516+0000] {processor.py:183} INFO - Processing /home/airflow/.local/lib/python3.8/site-packages/airflow/example_dags/example_sensors.py took 0.245 seconds
[2024-01-13T12:07:37.867+0000] {processor.py:161} INFO - Started process (PID=38) to work on /home/airflow/.local/lib/python3.8/site-packages/airflow/example_dags/example_sensors.py
[2024-01-13T12:07:37.869+0000] {processor.py:830} INFO - Processing file /home/airflow/.local/lib/python3.8/site-packages/airflow/example_dags/example_sensors.py for tasks to queue
[2024-01-13T12:07:37.873+0000] {logging_mixin.py:188} INFO - [2024-01-13T12:07:37.872+0000] {dagbag.py:538} INFO - Filling up the DagBag from /home/airflow/.local/lib/python3.8/site-packages/airflow/example_dags/example_sensors.py
[2024-01-13T12:07:37.921+0000] {processor.py:840} INFO - DAG(s) 'example_sensors' retrieved from /home/airflow/.local/lib/python3.8/site-packages/airflow/example_dags/example_sensors.py
[2024-01-13T12:07:37.966+0000] {logging_mixin.py:188} INFO - [2024-01-13T12:07:37.966+0000] {dag.py:3033} INFO - Sync 1 DAGs
[2024-01-13T12:07:38.013+0000] {logging_mixin.py:188} INFO - [2024-01-13T12:07:38.013+0000] {dag.py:3820} INFO - Setting next_dagrun for example_sensors to None, run_after=None
[2024-01-13T12:07:38.082+0000] {processor.py:183} INFO - Processing /home/airflow/.local/lib/python3.8/site-packages/airflow/example_dags/example_sensors.py took 0.241 seconds
[2024-01-13T12:08:10.030+0000] {processor.py:161} INFO - Started process (PID=124) to work on /home/airflow/.local/lib/python3.8/site-packages/airflow/example_dags/example_sensors.py
[2024-01-13T12:08:10.037+0000] {processor.py:830} INFO - Processing file /home/airflow/.local/lib/python3.8/site-packages/airflow/example_dags/example_sensors.py for tasks to queue
[2024-01-13T12:08:10.042+0000] {logging_mixin.py:188} INFO - [2024-01-13T12:08:10.041+0000] {dagbag.py:538} INFO - Filling up the DagBag from /home/airflow/.local/lib/python3.8/site-packages/airflow/example_dags/example_sensors.py
[2024-01-13T12:08:10.073+0000] {processor.py:840} INFO - DAG(s) 'example_sensors' retrieved from /home/airflow/.local/lib/python3.8/site-packages/airflow/example_dags/example_sensors.py
[2024-01-13T12:08:10.422+0000] {logging_mixin.py:188} INFO - [2024-01-13T12:08:10.421+0000] {dag.py:3033} INFO - Sync 1 DAGs
[2024-01-13T12:08:10.453+0000] {logging_mixin.py:188} INFO - [2024-01-13T12:08:10.453+0000] {dag.py:3820} INFO - Setting next_dagrun for example_sensors to None, run_after=None
[2024-01-13T12:08:10.498+0000] {processor.py:183} INFO - Processing /home/airflow/.local/lib/python3.8/site-packages/airflow/example_dags/example_sensors.py took 0.480 seconds
[2024-01-13T12:08:40.712+0000] {processor.py:161} INFO - Started process (PID=183) to work on /home/airflow/.local/lib/python3.8/site-packages/airflow/example_dags/example_sensors.py
[2024-01-13T12:08:40.714+0000] {processor.py:830} INFO - Processing file /home/airflow/.local/lib/python3.8/site-packages/airflow/example_dags/example_sensors.py for tasks to queue
[2024-01-13T12:08:40.717+0000] {logging_mixin.py:188} INFO - [2024-01-13T12:08:40.717+0000] {dagbag.py:538} INFO - Filling up the DagBag from /home/airflow/.local/lib/python3.8/site-packages/airflow/example_dags/example_sensors.py
[2024-01-13T12:08:40.730+0000] {processor.py:840} INFO - DAG(s) 'example_sensors' retrieved from /home/airflow/.local/lib/python3.8/site-packages/airflow/example_dags/example_sensors.py
[2024-01-13T12:08:40.764+0000] {logging_mixin.py:188} INFO - [2024-01-13T12:08:40.763+0000] {dag.py:3033} INFO - Sync 1 DAGs
[2024-01-13T12:08:40.781+0000] {logging_mixin.py:188} INFO - [2024-01-13T12:08:40.781+0000] {dag.py:3820} INFO - Setting next_dagrun for example_sensors to None, run_after=None
[2024-01-13T12:08:40.809+0000] {processor.py:183} INFO - Processing /home/airflow/.local/lib/python3.8/site-packages/airflow/example_dags/example_sensors.py took 0.102 seconds
[2024-01-13T12:09:11.017+0000] {processor.py:161} INFO - Started process (PID=240) to work on /home/airflow/.local/lib/python3.8/site-packages/airflow/example_dags/example_sensors.py
[2024-01-13T12:09:11.018+0000] {processor.py:830} INFO - Processing file /home/airflow/.local/lib/python3.8/site-packages/airflow/example_dags/example_sensors.py for tasks to queue
[2024-01-13T12:09:11.021+0000] {logging_mixin.py:188} INFO - [2024-01-13T12:09:11.021+0000] {dagbag.py:538} INFO - Filling up the DagBag from /home/airflow/.local/lib/python3.8/site-packages/airflow/example_dags/example_sensors.py
[2024-01-13T12:09:11.033+0000] {processor.py:840} INFO - DAG(s) 'example_sensors' retrieved from /home/airflow/.local/lib/python3.8/site-packages/airflow/example_dags/example_sensors.py
[2024-01-13T12:09:11.067+0000] {logging_mixin.py:188} INFO - [2024-01-13T12:09:11.066+0000] {dag.py:3033} INFO - Sync 1 DAGs
[2024-01-13T12:09:11.082+0000] {logging_mixin.py:188} INFO - [2024-01-13T12:09:11.082+0000] {dag.py:3820} INFO - Setting next_dagrun for example_sensors to None, run_after=None
[2024-01-13T12:09:11.103+0000] {processor.py:183} INFO - Processing /home/airflow/.local/lib/python3.8/site-packages/airflow/example_dags/example_sensors.py took 0.091 seconds
[2024-01-13T12:09:41.471+0000] {processor.py:161} INFO - Started process (PID=299) to work on /home/airflow/.local/lib/python3.8/site-packages/airflow/example_dags/example_sensors.py
[2024-01-13T12:09:41.473+0000] {processor.py:830} INFO - Processing file /home/airflow/.local/lib/python3.8/site-packages/airflow/example_dags/example_sensors.py for tasks to queue
[2024-01-13T12:09:41.476+0000] {logging_mixin.py:188} INFO - [2024-01-13T12:09:41.476+0000] {dagbag.py:538} INFO - Filling up the DagBag from /home/airflow/.local/lib/python3.8/site-packages/airflow/example_dags/example_sensors.py
[2024-01-13T12:09:41.489+0000] {processor.py:840} INFO - DAG(s) 'example_sensors' retrieved from /home/airflow/.local/lib/python3.8/site-packages/airflow/example_dags/example_sensors.py
[2024-01-13T12:09:41.525+0000] {logging_mixin.py:188} INFO - [2024-01-13T12:09:41.525+0000] {dag.py:3033} INFO - Sync 1 DAGs
[2024-01-13T12:09:41.542+0000] {logging_mixin.py:188} INFO - [2024-01-13T12:09:41.542+0000] {dag.py:3820} INFO - Setting next_dagrun for example_sensors to None, run_after=None
[2024-01-13T12:09:41.567+0000] {processor.py:183} INFO - Processing /home/airflow/.local/lib/python3.8/site-packages/airflow/example_dags/example_sensors.py took 0.102 seconds
[2024-01-13T12:10:11.706+0000] {processor.py:161} INFO - Started process (PID=357) to work on /home/airflow/.local/lib/python3.8/site-packages/airflow/example_dags/example_sensors.py
[2024-01-13T12:10:11.707+0000] {processor.py:830} INFO - Processing file /home/airflow/.local/lib/python3.8/site-packages/airflow/example_dags/example_sensors.py for tasks to queue
[2024-01-13T12:10:11.711+0000] {logging_mixin.py:188} INFO - [2024-01-13T12:10:11.710+0000] {dagbag.py:538} INFO - Filling up the DagBag from /home/airflow/.local/lib/python3.8/site-packages/airflow/example_dags/example_sensors.py
[2024-01-13T12:10:11.723+0000] {processor.py:840} INFO - DAG(s) 'example_sensors' retrieved from /home/airflow/.local/lib/python3.8/site-packages/airflow/example_dags/example_sensors.py
[2024-01-13T12:10:11.758+0000] {logging_mixin.py:188} INFO - [2024-01-13T12:10:11.758+0000] {dag.py:3033} INFO - Sync 1 DAGs
[2024-01-13T12:10:11.775+0000] {logging_mixin.py:188} INFO - [2024-01-13T12:10:11.775+0000] {dag.py:3820} INFO - Setting next_dagrun for example_sensors to None, run_after=None
[2024-01-13T12:10:11.800+0000] {processor.py:183} INFO - Processing /home/airflow/.local/lib/python3.8/site-packages/airflow/example_dags/example_sensors.py took 0.100 seconds
[2024-01-13T12:10:41.932+0000] {processor.py:161} INFO - Started process (PID=416) to work on /home/airflow/.local/lib/python3.8/site-packages/airflow/example_dags/example_sensors.py
[2024-01-13T12:10:41.935+0000] {processor.py:830} INFO - Processing file /home/airflow/.local/lib/python3.8/site-packages/airflow/example_dags/example_sensors.py for tasks to queue
[2024-01-13T12:10:41.937+0000] {logging_mixin.py:188} INFO - [2024-01-13T12:10:41.937+0000] {dagbag.py:538} INFO - Filling up the DagBag from /home/airflow/.local/lib/python3.8/site-packages/airflow/example_dags/example_sensors.py
[2024-01-13T12:10:41.951+0000] {processor.py:840} INFO - DAG(s) 'example_sensors' retrieved from /home/airflow/.local/lib/python3.8/site-packages/airflow/example_dags/example_sensors.py
[2024-01-13T12:10:41.990+0000] {logging_mixin.py:188} INFO - [2024-01-13T12:10:41.990+0000] {dag.py:3033} INFO - Sync 1 DAGs
[2024-01-13T12:10:42.008+0000] {logging_mixin.py:188} INFO - [2024-01-13T12:10:42.007+0000] {dag.py:3820} INFO - Setting next_dagrun for example_sensors to None, run_after=None
[2024-01-13T12:10:42.031+0000] {processor.py:183} INFO - Processing /home/airflow/.local/lib/python3.8/site-packages/airflow/example_dags/example_sensors.py took 0.105 seconds
[2024-01-13T12:11:12.155+0000] {processor.py:161} INFO - Started process (PID=475) to work on /home/airflow/.local/lib/python3.8/site-packages/airflow/example_dags/example_sensors.py
[2024-01-13T12:11:12.156+0000] {processor.py:830} INFO - Processing file /home/airflow/.local/lib/python3.8/site-packages/airflow/example_dags/example_sensors.py for tasks to queue
[2024-01-13T12:11:12.160+0000] {logging_mixin.py:188} INFO - [2024-01-13T12:11:12.160+0000] {dagbag.py:538} INFO - Filling up the DagBag from /home/airflow/.local/lib/python3.8/site-packages/airflow/example_dags/example_sensors.py
[2024-01-13T12:11:12.178+0000] {processor.py:840} INFO - DAG(s) 'example_sensors' retrieved from /home/airflow/.local/lib/python3.8/site-packages/airflow/example_dags/example_sensors.py
[2024-01-13T12:11:12.214+0000] {logging_mixin.py:188} INFO - [2024-01-13T12:11:12.214+0000] {dag.py:3033} INFO - Sync 1 DAGs
[2024-01-13T12:11:12.236+0000] {logging_mixin.py:188} INFO - [2024-01-13T12:11:12.235+0000] {dag.py:3820} INFO - Setting next_dagrun for example_sensors to None, run_after=None
[2024-01-13T12:11:12.261+0000] {processor.py:183} INFO - Processing /home/airflow/.local/lib/python3.8/site-packages/airflow/example_dags/example_sensors.py took 0.113 seconds
[2024-01-13T12:11:42.589+0000] {processor.py:161} INFO - Started process (PID=534) to work on /home/airflow/.local/lib/python3.8/site-packages/airflow/example_dags/example_sensors.py
[2024-01-13T12:11:42.590+0000] {processor.py:830} INFO - Processing file /home/airflow/.local/lib/python3.8/site-packages/airflow/example_dags/example_sensors.py for tasks to queue
[2024-01-13T12:11:42.594+0000] {logging_mixin.py:188} INFO - [2024-01-13T12:11:42.594+0000] {dagbag.py:538} INFO - Filling up the DagBag from /home/airflow/.local/lib/python3.8/site-packages/airflow/example_dags/example_sensors.py
[2024-01-13T12:11:42.614+0000] {processor.py:840} INFO - DAG(s) 'example_sensors' retrieved from /home/airflow/.local/lib/python3.8/site-packages/airflow/example_dags/example_sensors.py
[2024-01-13T12:11:42.666+0000] {logging_mixin.py:188} INFO - [2024-01-13T12:11:42.665+0000] {dag.py:3033} INFO - Sync 1 DAGs
[2024-01-13T12:11:42.689+0000] {logging_mixin.py:188} INFO - [2024-01-13T12:11:42.689+0000] {dag.py:3820} INFO - Setting next_dagrun for example_sensors to None, run_after=None
[2024-01-13T12:11:42.720+0000] {processor.py:183} INFO - Processing /home/airflow/.local/lib/python3.8/site-packages/airflow/example_dags/example_sensors.py took 0.137 seconds
[2024-01-13T12:12:12.851+0000] {processor.py:161} INFO - Started process (PID=592) to work on /home/airflow/.local/lib/python3.8/site-packages/airflow/example_dags/example_sensors.py
[2024-01-13T12:12:12.852+0000] {processor.py:830} INFO - Processing file /home/airflow/.local/lib/python3.8/site-packages/airflow/example_dags/example_sensors.py for tasks to queue
[2024-01-13T12:12:12.855+0000] {logging_mixin.py:188} INFO - [2024-01-13T12:12:12.855+0000] {dagbag.py:538} INFO - Filling up the DagBag from /home/airflow/.local/lib/python3.8/site-packages/airflow/example_dags/example_sensors.py
[2024-01-13T12:12:12.868+0000] {processor.py:840} INFO - DAG(s) 'example_sensors' retrieved from /home/airflow/.local/lib/python3.8/site-packages/airflow/example_dags/example_sensors.py
[2024-01-13T12:12:12.901+0000] {logging_mixin.py:188} INFO - [2024-01-13T12:12:12.900+0000] {dag.py:3033} INFO - Sync 1 DAGs
[2024-01-13T12:12:12.918+0000] {logging_mixin.py:188} INFO - [2024-01-13T12:12:12.917+0000] {dag.py:3820} INFO - Setting next_dagrun for example_sensors to None, run_after=None
[2024-01-13T12:12:12.941+0000] {processor.py:183} INFO - Processing /home/airflow/.local/lib/python3.8/site-packages/airflow/example_dags/example_sensors.py took 0.095 seconds
[2024-01-13T12:12:43.093+0000] {processor.py:161} INFO - Started process (PID=651) to work on /home/airflow/.local/lib/python3.8/site-packages/airflow/example_dags/example_sensors.py
[2024-01-13T12:12:43.095+0000] {processor.py:830} INFO - Processing file /home/airflow/.local/lib/python3.8/site-packages/airflow/example_dags/example_sensors.py for tasks to queue
[2024-01-13T12:12:43.098+0000] {logging_mixin.py:188} INFO - [2024-01-13T12:12:43.098+0000] {dagbag.py:538} INFO - Filling up the DagBag from /home/airflow/.local/lib/python3.8/site-packages/airflow/example_dags/example_sensors.py
[2024-01-13T12:12:43.110+0000] {processor.py:840} INFO - DAG(s) 'example_sensors' retrieved from /home/airflow/.local/lib/python3.8/site-packages/airflow/example_dags/example_sensors.py
[2024-01-13T12:12:43.142+0000] {logging_mixin.py:188} INFO - [2024-01-13T12:12:43.142+0000] {dag.py:3033} INFO - Sync 1 DAGs
[2024-01-13T12:12:43.158+0000] {logging_mixin.py:188} INFO - [2024-01-13T12:12:43.158+0000] {dag.py:3820} INFO - Setting next_dagrun for example_sensors to None, run_after=None
[2024-01-13T12:12:43.180+0000] {processor.py:183} INFO - Processing /home/airflow/.local/lib/python3.8/site-packages/airflow/example_dags/example_sensors.py took 0.092 seconds
[2024-01-13T12:13:14.600+0000] {processor.py:161} INFO - Started process (PID=717) to work on /home/airflow/.local/lib/python3.8/site-packages/airflow/example_dags/example_sensors.py
[2024-01-13T12:13:14.601+0000] {processor.py:830} INFO - Processing file /home/airflow/.local/lib/python3.8/site-packages/airflow/example_dags/example_sensors.py for tasks to queue
[2024-01-13T12:13:14.604+0000] {logging_mixin.py:188} INFO - [2024-01-13T12:13:14.604+0000] {dagbag.py:538} INFO - Filling up the DagBag from /home/airflow/.local/lib/python3.8/site-packages/airflow/example_dags/example_sensors.py
[2024-01-13T12:13:14.617+0000] {processor.py:840} INFO - DAG(s) 'example_sensors' retrieved from /home/airflow/.local/lib/python3.8/site-packages/airflow/example_dags/example_sensors.py
[2024-01-13T12:13:14.650+0000] {logging_mixin.py:188} INFO - [2024-01-13T12:13:14.650+0000] {dag.py:3033} INFO - Sync 1 DAGs
[2024-01-13T12:13:14.667+0000] {logging_mixin.py:188} INFO - [2024-01-13T12:13:14.666+0000] {dag.py:3820} INFO - Setting next_dagrun for example_sensors to None, run_after=None
[2024-01-13T12:13:14.690+0000] {processor.py:183} INFO - Processing /home/airflow/.local/lib/python3.8/site-packages/airflow/example_dags/example_sensors.py took 0.095 seconds
[2024-01-13T12:13:45.056+0000] {processor.py:161} INFO - Started process (PID=791) to work on /home/airflow/.local/lib/python3.8/site-packages/airflow/example_dags/example_sensors.py
[2024-01-13T12:13:45.061+0000] {processor.py:830} INFO - Processing file /home/airflow/.local/lib/python3.8/site-packages/airflow/example_dags/example_sensors.py for tasks to queue
[2024-01-13T12:13:45.065+0000] {logging_mixin.py:188} INFO - [2024-01-13T12:13:45.065+0000] {dagbag.py:538} INFO - Filling up the DagBag from /home/airflow/.local/lib/python3.8/site-packages/airflow/example_dags/example_sensors.py
[2024-01-13T12:13:45.079+0000] {processor.py:840} INFO - DAG(s) 'example_sensors' retrieved from /home/airflow/.local/lib/python3.8/site-packages/airflow/example_dags/example_sensors.py
[2024-01-13T12:13:45.145+0000] {logging_mixin.py:188} INFO - [2024-01-13T12:13:45.144+0000] {dag.py:3033} INFO - Sync 1 DAGs
[2024-01-13T12:13:45.181+0000] {logging_mixin.py:188} INFO - [2024-01-13T12:13:45.181+0000] {dag.py:3820} INFO - Setting next_dagrun for example_sensors to None, run_after=None
[2024-01-13T12:13:45.227+0000] {processor.py:183} INFO - Processing /home/airflow/.local/lib/python3.8/site-packages/airflow/example_dags/example_sensors.py took 0.184 seconds
[2024-01-13T12:14:15.493+0000] {processor.py:161} INFO - Started process (PID=850) to work on /home/airflow/.local/lib/python3.8/site-packages/airflow/example_dags/example_sensors.py
[2024-01-13T12:14:15.494+0000] {processor.py:830} INFO - Processing file /home/airflow/.local/lib/python3.8/site-packages/airflow/example_dags/example_sensors.py for tasks to queue
[2024-01-13T12:14:15.498+0000] {logging_mixin.py:188} INFO - [2024-01-13T12:14:15.497+0000] {dagbag.py:538} INFO - Filling up the DagBag from /home/airflow/.local/lib/python3.8/site-packages/airflow/example_dags/example_sensors.py
[2024-01-13T12:14:15.510+0000] {processor.py:840} INFO - DAG(s) 'example_sensors' retrieved from /home/airflow/.local/lib/python3.8/site-packages/airflow/example_dags/example_sensors.py
[2024-01-13T12:14:15.541+0000] {logging_mixin.py:188} INFO - [2024-01-13T12:14:15.541+0000] {dag.py:3033} INFO - Sync 1 DAGs
[2024-01-13T12:14:15.557+0000] {logging_mixin.py:188} INFO - [2024-01-13T12:14:15.557+0000] {dag.py:3820} INFO - Setting next_dagrun for example_sensors to None, run_after=None
[2024-01-13T12:14:15.579+0000] {processor.py:183} INFO - Processing /home/airflow/.local/lib/python3.8/site-packages/airflow/example_dags/example_sensors.py took 0.092 seconds
[2024-01-13T12:14:45.870+0000] {processor.py:161} INFO - Started process (PID=909) to work on /home/airflow/.local/lib/python3.8/site-packages/airflow/example_dags/example_sensors.py
[2024-01-13T12:14:45.872+0000] {processor.py:830} INFO - Processing file /home/airflow/.local/lib/python3.8/site-packages/airflow/example_dags/example_sensors.py for tasks to queue
[2024-01-13T12:14:45.875+0000] {logging_mixin.py:188} INFO - [2024-01-13T12:14:45.875+0000] {dagbag.py:538} INFO - Filling up the DagBag from /home/airflow/.local/lib/python3.8/site-packages/airflow/example_dags/example_sensors.py
[2024-01-13T12:14:45.888+0000] {processor.py:840} INFO - DAG(s) 'example_sensors' retrieved from /home/airflow/.local/lib/python3.8/site-packages/airflow/example_dags/example_sensors.py
[2024-01-13T12:14:45.922+0000] {logging_mixin.py:188} INFO - [2024-01-13T12:14:45.922+0000] {dag.py:3033} INFO - Sync 1 DAGs
[2024-01-13T12:14:45.939+0000] {logging_mixin.py:188} INFO - [2024-01-13T12:14:45.939+0000] {dag.py:3820} INFO - Setting next_dagrun for example_sensors to None, run_after=None
[2024-01-13T12:14:45.961+0000] {processor.py:183} INFO - Processing /home/airflow/.local/lib/python3.8/site-packages/airflow/example_dags/example_sensors.py took 0.098 seconds
[2024-01-13T12:15:16.234+0000] {processor.py:161} INFO - Started process (PID=968) to work on /home/airflow/.local/lib/python3.8/site-packages/airflow/example_dags/example_sensors.py
[2024-01-13T12:15:16.236+0000] {processor.py:830} INFO - Processing file /home/airflow/.local/lib/python3.8/site-packages/airflow/example_dags/example_sensors.py for tasks to queue
[2024-01-13T12:15:16.240+0000] {logging_mixin.py:188} INFO - [2024-01-13T12:15:16.240+0000] {dagbag.py:538} INFO - Filling up the DagBag from /home/airflow/.local/lib/python3.8/site-packages/airflow/example_dags/example_sensors.py
[2024-01-13T12:15:16.260+0000] {processor.py:840} INFO - DAG(s) 'example_sensors' retrieved from /home/airflow/.local/lib/python3.8/site-packages/airflow/example_dags/example_sensors.py
[2024-01-13T12:15:16.306+0000] {logging_mixin.py:188} INFO - [2024-01-13T12:15:16.306+0000] {dag.py:3033} INFO - Sync 1 DAGs
[2024-01-13T12:15:16.328+0000] {logging_mixin.py:188} INFO - [2024-01-13T12:15:16.327+0000] {dag.py:3820} INFO - Setting next_dagrun for example_sensors to None, run_after=None
[2024-01-13T12:15:16.354+0000] {processor.py:183} INFO - Processing /home/airflow/.local/lib/python3.8/site-packages/airflow/example_dags/example_sensors.py took 0.129 seconds
[2024-01-13T12:15:46.528+0000] {processor.py:161} INFO - Started process (PID=1027) to work on /home/airflow/.local/lib/python3.8/site-packages/airflow/example_dags/example_sensors.py
[2024-01-13T12:15:46.530+0000] {processor.py:830} INFO - Processing file /home/airflow/.local/lib/python3.8/site-packages/airflow/example_dags/example_sensors.py for tasks to queue
[2024-01-13T12:15:46.533+0000] {logging_mixin.py:188} INFO - [2024-01-13T12:15:46.533+0000] {dagbag.py:538} INFO - Filling up the DagBag from /home/airflow/.local/lib/python3.8/site-packages/airflow/example_dags/example_sensors.py
[2024-01-13T12:15:46.550+0000] {processor.py:840} INFO - DAG(s) 'example_sensors' retrieved from /home/airflow/.local/lib/python3.8/site-packages/airflow/example_dags/example_sensors.py
[2024-01-13T12:15:46.585+0000] {logging_mixin.py:188} INFO - [2024-01-13T12:15:46.585+0000] {dag.py:3033} INFO - Sync 1 DAGs
[2024-01-13T12:15:46.601+0000] {logging_mixin.py:188} INFO - [2024-01-13T12:15:46.601+0000] {dag.py:3820} INFO - Setting next_dagrun for example_sensors to None, run_after=None
[2024-01-13T12:15:46.626+0000] {processor.py:183} INFO - Processing /home/airflow/.local/lib/python3.8/site-packages/airflow/example_dags/example_sensors.py took 0.104 seconds
[2024-01-13T12:16:16.845+0000] {processor.py:161} INFO - Started process (PID=1086) to work on /home/airflow/.local/lib/python3.8/site-packages/airflow/example_dags/example_sensors.py
[2024-01-13T12:16:16.849+0000] {processor.py:830} INFO - Processing file /home/airflow/.local/lib/python3.8/site-packages/airflow/example_dags/example_sensors.py for tasks to queue
[2024-01-13T12:16:16.854+0000] {logging_mixin.py:188} INFO - [2024-01-13T12:16:16.853+0000] {dagbag.py:538} INFO - Filling up the DagBag from /home/airflow/.local/lib/python3.8/site-packages/airflow/example_dags/example_sensors.py
[2024-01-13T12:16:16.872+0000] {processor.py:840} INFO - DAG(s) 'example_sensors' retrieved from /home/airflow/.local/lib/python3.8/site-packages/airflow/example_dags/example_sensors.py
[2024-01-13T12:16:16.919+0000] {logging_mixin.py:188} INFO - [2024-01-13T12:16:16.918+0000] {dag.py:3033} INFO - Sync 1 DAGs
[2024-01-13T12:16:16.943+0000] {logging_mixin.py:188} INFO - [2024-01-13T12:16:16.943+0000] {dag.py:3820} INFO - Setting next_dagrun for example_sensors to None, run_after=None
[2024-01-13T12:16:16.973+0000] {processor.py:183} INFO - Processing /home/airflow/.local/lib/python3.8/site-packages/airflow/example_dags/example_sensors.py took 0.134 seconds
[2024-01-13T12:16:47.089+0000] {processor.py:161} INFO - Started process (PID=1145) to work on /home/airflow/.local/lib/python3.8/site-packages/airflow/example_dags/example_sensors.py
[2024-01-13T12:16:47.091+0000] {processor.py:830} INFO - Processing file /home/airflow/.local/lib/python3.8/site-packages/airflow/example_dags/example_sensors.py for tasks to queue
[2024-01-13T12:16:47.096+0000] {logging_mixin.py:188} INFO - [2024-01-13T12:16:47.095+0000] {dagbag.py:538} INFO - Filling up the DagBag from /home/airflow/.local/lib/python3.8/site-packages/airflow/example_dags/example_sensors.py
[2024-01-13T12:16:47.120+0000] {processor.py:840} INFO - DAG(s) 'example_sensors' retrieved from /home/airflow/.local/lib/python3.8/site-packages/airflow/example_dags/example_sensors.py
[2024-01-13T12:16:47.180+0000] {logging_mixin.py:188} INFO - [2024-01-13T12:16:47.179+0000] {dag.py:3033} INFO - Sync 1 DAGs
[2024-01-13T12:16:47.198+0000] {logging_mixin.py:188} INFO - [2024-01-13T12:16:47.197+0000] {dag.py:3820} INFO - Setting next_dagrun for example_sensors to None, run_after=None
[2024-01-13T12:16:47.223+0000] {processor.py:183} INFO - Processing /home/airflow/.local/lib/python3.8/site-packages/airflow/example_dags/example_sensors.py took 0.143 seconds
[2024-01-13T12:17:17.397+0000] {processor.py:161} INFO - Started process (PID=1204) to work on /home/airflow/.local/lib/python3.8/site-packages/airflow/example_dags/example_sensors.py
[2024-01-13T12:17:17.421+0000] {processor.py:830} INFO - Processing file /home/airflow/.local/lib/python3.8/site-packages/airflow/example_dags/example_sensors.py for tasks to queue
[2024-01-13T12:17:17.425+0000] {logging_mixin.py:188} INFO - [2024-01-13T12:17:17.425+0000] {dagbag.py:538} INFO - Filling up the DagBag from /home/airflow/.local/lib/python3.8/site-packages/airflow/example_dags/example_sensors.py
[2024-01-13T12:17:17.439+0000] {processor.py:840} INFO - DAG(s) 'example_sensors' retrieved from /home/airflow/.local/lib/python3.8/site-packages/airflow/example_dags/example_sensors.py
[2024-01-13T12:17:17.471+0000] {logging_mixin.py:188} INFO - [2024-01-13T12:17:17.471+0000] {dag.py:3033} INFO - Sync 1 DAGs
[2024-01-13T12:17:17.491+0000] {logging_mixin.py:188} INFO - [2024-01-13T12:17:17.491+0000] {dag.py:3820} INFO - Setting next_dagrun for example_sensors to None, run_after=None
[2024-01-13T12:17:17.516+0000] {processor.py:183} INFO - Processing /home/airflow/.local/lib/python3.8/site-packages/airflow/example_dags/example_sensors.py took 0.126 seconds
[2024-01-13T12:17:47.628+0000] {processor.py:161} INFO - Started process (PID=1263) to work on /home/airflow/.local/lib/python3.8/site-packages/airflow/example_dags/example_sensors.py
[2024-01-13T12:17:47.629+0000] {processor.py:830} INFO - Processing file /home/airflow/.local/lib/python3.8/site-packages/airflow/example_dags/example_sensors.py for tasks to queue
[2024-01-13T12:17:47.633+0000] {logging_mixin.py:188} INFO - [2024-01-13T12:17:47.632+0000] {dagbag.py:538} INFO - Filling up the DagBag from /home/airflow/.local/lib/python3.8/site-packages/airflow/example_dags/example_sensors.py
[2024-01-13T12:17:47.647+0000] {processor.py:840} INFO - DAG(s) 'example_sensors' retrieved from /home/airflow/.local/lib/python3.8/site-packages/airflow/example_dags/example_sensors.py
[2024-01-13T12:17:47.680+0000] {logging_mixin.py:188} INFO - [2024-01-13T12:17:47.680+0000] {dag.py:3033} INFO - Sync 1 DAGs
[2024-01-13T12:17:47.697+0000] {logging_mixin.py:188} INFO - [2024-01-13T12:17:47.697+0000] {dag.py:3820} INFO - Setting next_dagrun for example_sensors to None, run_after=None
[2024-01-13T12:17:47.721+0000] {processor.py:183} INFO - Processing /home/airflow/.local/lib/python3.8/site-packages/airflow/example_dags/example_sensors.py took 0.100 seconds
[2024-01-13T12:18:17.790+0000] {processor.py:161} INFO - Started process (PID=1321) to work on /home/airflow/.local/lib/python3.8/site-packages/airflow/example_dags/example_sensors.py
[2024-01-13T12:18:17.818+0000] {processor.py:830} INFO - Processing file /home/airflow/.local/lib/python3.8/site-packages/airflow/example_dags/example_sensors.py for tasks to queue
[2024-01-13T12:18:17.823+0000] {logging_mixin.py:188} INFO - [2024-01-13T12:18:17.822+0000] {dagbag.py:538} INFO - Filling up the DagBag from /home/airflow/.local/lib/python3.8/site-packages/airflow/example_dags/example_sensors.py
[2024-01-13T12:18:17.842+0000] {processor.py:840} INFO - DAG(s) 'example_sensors' retrieved from /home/airflow/.local/lib/python3.8/site-packages/airflow/example_dags/example_sensors.py
[2024-01-13T12:18:17.878+0000] {logging_mixin.py:188} INFO - [2024-01-13T12:18:17.877+0000] {dag.py:3033} INFO - Sync 1 DAGs
[2024-01-13T12:18:17.895+0000] {logging_mixin.py:188} INFO - [2024-01-13T12:18:17.895+0000] {dag.py:3820} INFO - Setting next_dagrun for example_sensors to None, run_after=None
[2024-01-13T12:18:17.923+0000] {processor.py:183} INFO - Processing /home/airflow/.local/lib/python3.8/site-packages/airflow/example_dags/example_sensors.py took 0.138 seconds
[2024-01-13T12:18:48.161+0000] {processor.py:161} INFO - Started process (PID=1393) to work on /home/airflow/.local/lib/python3.8/site-packages/airflow/example_dags/example_sensors.py
[2024-01-13T12:18:48.163+0000] {processor.py:830} INFO - Processing file /home/airflow/.local/lib/python3.8/site-packages/airflow/example_dags/example_sensors.py for tasks to queue
[2024-01-13T12:18:48.167+0000] {logging_mixin.py:188} INFO - [2024-01-13T12:18:48.166+0000] {dagbag.py:538} INFO - Filling up the DagBag from /home/airflow/.local/lib/python3.8/site-packages/airflow/example_dags/example_sensors.py
[2024-01-13T12:18:48.181+0000] {processor.py:840} INFO - DAG(s) 'example_sensors' retrieved from /home/airflow/.local/lib/python3.8/site-packages/airflow/example_dags/example_sensors.py
[2024-01-13T12:18:48.217+0000] {logging_mixin.py:188} INFO - [2024-01-13T12:18:48.217+0000] {dag.py:3033} INFO - Sync 1 DAGs
[2024-01-13T12:18:48.233+0000] {logging_mixin.py:188} INFO - [2024-01-13T12:18:48.233+0000] {dag.py:3820} INFO - Setting next_dagrun for example_sensors to None, run_after=None
[2024-01-13T12:18:48.256+0000] {processor.py:183} INFO - Processing /home/airflow/.local/lib/python3.8/site-packages/airflow/example_dags/example_sensors.py took 0.101 seconds
[2024-01-13T12:19:18.822+0000] {processor.py:161} INFO - Started process (PID=1450) to work on /home/airflow/.local/lib/python3.8/site-packages/airflow/example_dags/example_sensors.py
[2024-01-13T12:19:18.836+0000] {processor.py:830} INFO - Processing file /home/airflow/.local/lib/python3.8/site-packages/airflow/example_dags/example_sensors.py for tasks to queue
[2024-01-13T12:19:18.840+0000] {logging_mixin.py:188} INFO - [2024-01-13T12:19:18.839+0000] {dagbag.py:538} INFO - Filling up the DagBag from /home/airflow/.local/lib/python3.8/site-packages/airflow/example_dags/example_sensors.py
[2024-01-13T12:19:18.853+0000] {processor.py:840} INFO - DAG(s) 'example_sensors' retrieved from /home/airflow/.local/lib/python3.8/site-packages/airflow/example_dags/example_sensors.py
[2024-01-13T12:19:18.888+0000] {logging_mixin.py:188} INFO - [2024-01-13T12:19:18.888+0000] {dag.py:3033} INFO - Sync 1 DAGs
[2024-01-13T12:19:18.904+0000] {logging_mixin.py:188} INFO - [2024-01-13T12:19:18.904+0000] {dag.py:3820} INFO - Setting next_dagrun for example_sensors to None, run_after=None
[2024-01-13T12:19:18.927+0000] {processor.py:183} INFO - Processing /home/airflow/.local/lib/python3.8/site-packages/airflow/example_dags/example_sensors.py took 0.110 seconds
[2024-01-13T12:19:49.355+0000] {processor.py:161} INFO - Started process (PID=1509) to work on /home/airflow/.local/lib/python3.8/site-packages/airflow/example_dags/example_sensors.py
[2024-01-13T12:19:49.357+0000] {processor.py:830} INFO - Processing file /home/airflow/.local/lib/python3.8/site-packages/airflow/example_dags/example_sensors.py for tasks to queue
[2024-01-13T12:19:49.360+0000] {logging_mixin.py:188} INFO - [2024-01-13T12:19:49.360+0000] {dagbag.py:538} INFO - Filling up the DagBag from /home/airflow/.local/lib/python3.8/site-packages/airflow/example_dags/example_sensors.py
[2024-01-13T12:19:49.373+0000] {processor.py:840} INFO - DAG(s) 'example_sensors' retrieved from /home/airflow/.local/lib/python3.8/site-packages/airflow/example_dags/example_sensors.py
[2024-01-13T12:19:49.406+0000] {logging_mixin.py:188} INFO - [2024-01-13T12:19:49.406+0000] {dag.py:3033} INFO - Sync 1 DAGs
[2024-01-13T12:19:49.426+0000] {logging_mixin.py:188} INFO - [2024-01-13T12:19:49.425+0000] {dag.py:3820} INFO - Setting next_dagrun for example_sensors to None, run_after=None
[2024-01-13T12:19:49.451+0000] {processor.py:183} INFO - Processing /home/airflow/.local/lib/python3.8/site-packages/airflow/example_dags/example_sensors.py took 0.101 seconds
[2024-01-13T12:20:19.739+0000] {processor.py:161} INFO - Started process (PID=1569) to work on /home/airflow/.local/lib/python3.8/site-packages/airflow/example_dags/example_sensors.py
[2024-01-13T12:20:19.763+0000] {processor.py:830} INFO - Processing file /home/airflow/.local/lib/python3.8/site-packages/airflow/example_dags/example_sensors.py for tasks to queue
[2024-01-13T12:20:19.767+0000] {logging_mixin.py:188} INFO - [2024-01-13T12:20:19.767+0000] {dagbag.py:538} INFO - Filling up the DagBag from /home/airflow/.local/lib/python3.8/site-packages/airflow/example_dags/example_sensors.py
[2024-01-13T12:20:19.781+0000] {processor.py:840} INFO - DAG(s) 'example_sensors' retrieved from /home/airflow/.local/lib/python3.8/site-packages/airflow/example_dags/example_sensors.py
[2024-01-13T12:20:19.818+0000] {logging_mixin.py:188} INFO - [2024-01-13T12:20:19.818+0000] {dag.py:3033} INFO - Sync 1 DAGs
[2024-01-13T12:20:19.835+0000] {logging_mixin.py:188} INFO - [2024-01-13T12:20:19.835+0000] {dag.py:3820} INFO - Setting next_dagrun for example_sensors to None, run_after=None
[2024-01-13T12:20:19.861+0000] {processor.py:183} INFO - Processing /home/airflow/.local/lib/python3.8/site-packages/airflow/example_dags/example_sensors.py took 0.127 seconds
[2024-01-13T12:20:49.952+0000] {processor.py:161} INFO - Started process (PID=1628) to work on /home/airflow/.local/lib/python3.8/site-packages/airflow/example_dags/example_sensors.py
[2024-01-13T12:20:49.954+0000] {processor.py:830} INFO - Processing file /home/airflow/.local/lib/python3.8/site-packages/airflow/example_dags/example_sensors.py for tasks to queue
[2024-01-13T12:20:49.958+0000] {logging_mixin.py:188} INFO - [2024-01-13T12:20:49.957+0000] {dagbag.py:538} INFO - Filling up the DagBag from /home/airflow/.local/lib/python3.8/site-packages/airflow/example_dags/example_sensors.py
[2024-01-13T12:20:49.976+0000] {processor.py:840} INFO - DAG(s) 'example_sensors' retrieved from /home/airflow/.local/lib/python3.8/site-packages/airflow/example_dags/example_sensors.py
[2024-01-13T12:20:50.024+0000] {logging_mixin.py:188} INFO - [2024-01-13T12:20:50.024+0000] {dag.py:3033} INFO - Sync 1 DAGs
[2024-01-13T12:20:50.048+0000] {logging_mixin.py:188} INFO - [2024-01-13T12:20:50.047+0000] {dag.py:3820} INFO - Setting next_dagrun for example_sensors to None, run_after=None
[2024-01-13T12:20:50.082+0000] {processor.py:183} INFO - Processing /home/airflow/.local/lib/python3.8/site-packages/airflow/example_dags/example_sensors.py took 0.137 seconds
[2024-01-13T12:21:20.306+0000] {processor.py:161} INFO - Started process (PID=1695) to work on /home/airflow/.local/lib/python3.8/site-packages/airflow/example_dags/example_sensors.py
[2024-01-13T12:21:20.323+0000] {processor.py:830} INFO - Processing file /home/airflow/.local/lib/python3.8/site-packages/airflow/example_dags/example_sensors.py for tasks to queue
[2024-01-13T12:21:20.327+0000] {logging_mixin.py:188} INFO - [2024-01-13T12:21:20.326+0000] {dagbag.py:538} INFO - Filling up the DagBag from /home/airflow/.local/lib/python3.8/site-packages/airflow/example_dags/example_sensors.py
[2024-01-13T12:21:20.340+0000] {processor.py:840} INFO - DAG(s) 'example_sensors' retrieved from /home/airflow/.local/lib/python3.8/site-packages/airflow/example_dags/example_sensors.py
[2024-01-13T12:21:20.374+0000] {logging_mixin.py:188} INFO - [2024-01-13T12:21:20.374+0000] {dag.py:3033} INFO - Sync 1 DAGs
[2024-01-13T12:21:20.393+0000] {logging_mixin.py:188} INFO - [2024-01-13T12:21:20.393+0000] {dag.py:3820} INFO - Setting next_dagrun for example_sensors to None, run_after=None
[2024-01-13T12:21:20.417+0000] {processor.py:183} INFO - Processing /home/airflow/.local/lib/python3.8/site-packages/airflow/example_dags/example_sensors.py took 0.116 seconds
[2024-01-13T12:21:51.328+0000] {processor.py:161} INFO - Started process (PID=1766) to work on /home/airflow/.local/lib/python3.8/site-packages/airflow/example_dags/example_sensors.py
[2024-01-13T12:21:51.341+0000] {processor.py:830} INFO - Processing file /home/airflow/.local/lib/python3.8/site-packages/airflow/example_dags/example_sensors.py for tasks to queue
[2024-01-13T12:21:51.353+0000] {logging_mixin.py:188} INFO - [2024-01-13T12:21:51.344+0000] {dagbag.py:538} INFO - Filling up the DagBag from /home/airflow/.local/lib/python3.8/site-packages/airflow/example_dags/example_sensors.py
[2024-01-13T12:21:51.428+0000] {processor.py:840} INFO - DAG(s) 'example_sensors' retrieved from /home/airflow/.local/lib/python3.8/site-packages/airflow/example_dags/example_sensors.py
[2024-01-13T12:21:51.520+0000] {logging_mixin.py:188} INFO - [2024-01-13T12:21:51.519+0000] {dag.py:3033} INFO - Sync 1 DAGs
[2024-01-13T12:21:51.550+0000] {logging_mixin.py:188} INFO - [2024-01-13T12:21:51.550+0000] {dag.py:3820} INFO - Setting next_dagrun for example_sensors to None, run_after=None
[2024-01-13T12:21:51.600+0000] {processor.py:183} INFO - Processing /home/airflow/.local/lib/python3.8/site-packages/airflow/example_dags/example_sensors.py took 0.286 seconds
[2024-01-13T12:22:21.638+0000] {processor.py:161} INFO - Started process (PID=1832) to work on /home/airflow/.local/lib/python3.8/site-packages/airflow/example_dags/example_sensors.py
[2024-01-13T12:22:21.640+0000] {processor.py:830} INFO - Processing file /home/airflow/.local/lib/python3.8/site-packages/airflow/example_dags/example_sensors.py for tasks to queue
[2024-01-13T12:22:21.643+0000] {logging_mixin.py:188} INFO - [2024-01-13T12:22:21.642+0000] {dagbag.py:538} INFO - Filling up the DagBag from /home/airflow/.local/lib/python3.8/site-packages/airflow/example_dags/example_sensors.py
[2024-01-13T12:22:21.655+0000] {processor.py:840} INFO - DAG(s) 'example_sensors' retrieved from /home/airflow/.local/lib/python3.8/site-packages/airflow/example_dags/example_sensors.py
[2024-01-13T12:22:21.691+0000] {logging_mixin.py:188} INFO - [2024-01-13T12:22:21.690+0000] {dag.py:3033} INFO - Sync 1 DAGs
[2024-01-13T12:22:21.708+0000] {logging_mixin.py:188} INFO - [2024-01-13T12:22:21.707+0000] {dag.py:3820} INFO - Setting next_dagrun for example_sensors to None, run_after=None
[2024-01-13T12:22:21.732+0000] {processor.py:183} INFO - Processing /home/airflow/.local/lib/python3.8/site-packages/airflow/example_dags/example_sensors.py took 0.099 seconds
[2024-01-13T12:22:52.903+0000] {processor.py:161} INFO - Started process (PID=1926) to work on /home/airflow/.local/lib/python3.8/site-packages/airflow/example_dags/example_sensors.py
[2024-01-13T12:22:52.906+0000] {processor.py:830} INFO - Processing file /home/airflow/.local/lib/python3.8/site-packages/airflow/example_dags/example_sensors.py for tasks to queue
[2024-01-13T12:22:52.911+0000] {logging_mixin.py:188} INFO - [2024-01-13T12:22:52.910+0000] {dagbag.py:538} INFO - Filling up the DagBag from /home/airflow/.local/lib/python3.8/site-packages/airflow/example_dags/example_sensors.py
[2024-01-13T12:22:52.937+0000] {processor.py:840} INFO - DAG(s) 'example_sensors' retrieved from /home/airflow/.local/lib/python3.8/site-packages/airflow/example_dags/example_sensors.py
[2024-01-13T12:22:52.993+0000] {logging_mixin.py:188} INFO - [2024-01-13T12:22:52.993+0000] {dag.py:3033} INFO - Sync 1 DAGs
[2024-01-13T12:22:53.021+0000] {logging_mixin.py:188} INFO - [2024-01-13T12:22:53.020+0000] {dag.py:3820} INFO - Setting next_dagrun for example_sensors to None, run_after=None
[2024-01-13T12:22:53.066+0000] {processor.py:183} INFO - Processing /home/airflow/.local/lib/python3.8/site-packages/airflow/example_dags/example_sensors.py took 0.170 seconds
[2024-01-13T12:23:23.794+0000] {processor.py:161} INFO - Started process (PID=1978) to work on /home/airflow/.local/lib/python3.8/site-packages/airflow/example_dags/example_sensors.py
[2024-01-13T12:23:23.796+0000] {processor.py:830} INFO - Processing file /home/airflow/.local/lib/python3.8/site-packages/airflow/example_dags/example_sensors.py for tasks to queue
[2024-01-13T12:23:23.799+0000] {logging_mixin.py:188} INFO - [2024-01-13T12:23:23.798+0000] {dagbag.py:538} INFO - Filling up the DagBag from /home/airflow/.local/lib/python3.8/site-packages/airflow/example_dags/example_sensors.py
[2024-01-13T12:23:23.812+0000] {processor.py:840} INFO - DAG(s) 'example_sensors' retrieved from /home/airflow/.local/lib/python3.8/site-packages/airflow/example_dags/example_sensors.py
[2024-01-13T12:23:23.858+0000] {logging_mixin.py:188} INFO - [2024-01-13T12:23:23.858+0000] {dag.py:3033} INFO - Sync 1 DAGs
[2024-01-13T12:23:23.875+0000] {logging_mixin.py:188} INFO - [2024-01-13T12:23:23.875+0000] {dag.py:3820} INFO - Setting next_dagrun for example_sensors to None, run_after=None
[2024-01-13T12:23:23.898+0000] {processor.py:183} INFO - Processing /home/airflow/.local/lib/python3.8/site-packages/airflow/example_dags/example_sensors.py took 0.111 seconds
[2024-01-13T12:23:54.156+0000] {processor.py:161} INFO - Started process (PID=2032) to work on /home/airflow/.local/lib/python3.8/site-packages/airflow/example_dags/example_sensors.py
[2024-01-13T12:23:54.157+0000] {processor.py:830} INFO - Processing file /home/airflow/.local/lib/python3.8/site-packages/airflow/example_dags/example_sensors.py for tasks to queue
[2024-01-13T12:23:54.161+0000] {logging_mixin.py:188} INFO - [2024-01-13T12:23:54.160+0000] {dagbag.py:538} INFO - Filling up the DagBag from /home/airflow/.local/lib/python3.8/site-packages/airflow/example_dags/example_sensors.py
[2024-01-13T12:23:54.174+0000] {processor.py:840} INFO - DAG(s) 'example_sensors' retrieved from /home/airflow/.local/lib/python3.8/site-packages/airflow/example_dags/example_sensors.py
[2024-01-13T12:23:54.210+0000] {logging_mixin.py:188} INFO - [2024-01-13T12:23:54.210+0000] {dag.py:3033} INFO - Sync 1 DAGs
[2024-01-13T12:23:54.232+0000] {logging_mixin.py:188} INFO - [2024-01-13T12:23:54.231+0000] {dag.py:3820} INFO - Setting next_dagrun for example_sensors to None, run_after=None
[2024-01-13T12:23:54.263+0000] {processor.py:183} INFO - Processing /home/airflow/.local/lib/python3.8/site-packages/airflow/example_dags/example_sensors.py took 0.113 seconds
[2024-01-13T12:24:24.659+0000] {processor.py:161} INFO - Started process (PID=2091) to work on /home/airflow/.local/lib/python3.8/site-packages/airflow/example_dags/example_sensors.py
[2024-01-13T12:24:24.661+0000] {processor.py:830} INFO - Processing file /home/airflow/.local/lib/python3.8/site-packages/airflow/example_dags/example_sensors.py for tasks to queue
[2024-01-13T12:24:24.664+0000] {logging_mixin.py:188} INFO - [2024-01-13T12:24:24.664+0000] {dagbag.py:538} INFO - Filling up the DagBag from /home/airflow/.local/lib/python3.8/site-packages/airflow/example_dags/example_sensors.py
[2024-01-13T12:24:24.677+0000] {processor.py:840} INFO - DAG(s) 'example_sensors' retrieved from /home/airflow/.local/lib/python3.8/site-packages/airflow/example_dags/example_sensors.py
[2024-01-13T12:24:24.713+0000] {logging_mixin.py:188} INFO - [2024-01-13T12:24:24.713+0000] {dag.py:3033} INFO - Sync 1 DAGs
[2024-01-13T12:24:24.733+0000] {logging_mixin.py:188} INFO - [2024-01-13T12:24:24.733+0000] {dag.py:3820} INFO - Setting next_dagrun for example_sensors to None, run_after=None
[2024-01-13T12:24:24.767+0000] {processor.py:183} INFO - Processing /home/airflow/.local/lib/python3.8/site-packages/airflow/example_dags/example_sensors.py took 0.114 seconds
[2024-01-13T12:24:55.178+0000] {processor.py:161} INFO - Started process (PID=2151) to work on /home/airflow/.local/lib/python3.8/site-packages/airflow/example_dags/example_sensors.py
[2024-01-13T12:24:55.181+0000] {processor.py:830} INFO - Processing file /home/airflow/.local/lib/python3.8/site-packages/airflow/example_dags/example_sensors.py for tasks to queue
[2024-01-13T12:24:55.185+0000] {logging_mixin.py:188} INFO - [2024-01-13T12:24:55.184+0000] {dagbag.py:538} INFO - Filling up the DagBag from /home/airflow/.local/lib/python3.8/site-packages/airflow/example_dags/example_sensors.py
[2024-01-13T12:24:55.202+0000] {processor.py:840} INFO - DAG(s) 'example_sensors' retrieved from /home/airflow/.local/lib/python3.8/site-packages/airflow/example_dags/example_sensors.py
[2024-01-13T12:24:55.239+0000] {logging_mixin.py:188} INFO - [2024-01-13T12:24:55.238+0000] {dag.py:3033} INFO - Sync 1 DAGs
[2024-01-13T12:24:55.255+0000] {logging_mixin.py:188} INFO - [2024-01-13T12:24:55.255+0000] {dag.py:3820} INFO - Setting next_dagrun for example_sensors to None, run_after=None
[2024-01-13T12:24:55.280+0000] {processor.py:183} INFO - Processing /home/airflow/.local/lib/python3.8/site-packages/airflow/example_dags/example_sensors.py took 0.107 seconds
