[2024-01-13T11:57:45.329+0000] {processor.py:161} INFO - Started process (PID=59) to work on /home/airflow/.local/lib/python3.8/site-packages/airflow/example_dags/example_short_circuit_operator.py
[2024-01-13T11:57:45.330+0000] {processor.py:830} INFO - Processing file /home/airflow/.local/lib/python3.8/site-packages/airflow/example_dags/example_short_circuit_operator.py for tasks to queue
[2024-01-13T11:57:45.334+0000] {logging_mixin.py:188} INFO - [2024-01-13T11:57:45.334+0000] {dagbag.py:538} INFO - Filling up the DagBag from /home/airflow/.local/lib/python3.8/site-packages/airflow/example_dags/example_short_circuit_operator.py
[2024-01-13T11:57:45.356+0000] {processor.py:840} INFO - DAG(s) 'example_short_circuit_operator' retrieved from /home/airflow/.local/lib/python3.8/site-packages/airflow/example_dags/example_short_circuit_operator.py
[2024-01-13T11:57:45.581+0000] {logging_mixin.py:188} INFO - [2024-01-13T11:57:45.580+0000] {override.py:1769} INFO - Created Permission View: can edit on DAG:example_short_circuit_operator
[2024-01-13T11:57:45.596+0000] {logging_mixin.py:188} INFO - [2024-01-13T11:57:45.596+0000] {override.py:1769} INFO - Created Permission View: can read on DAG:example_short_circuit_operator
[2024-01-13T11:57:45.606+0000] {logging_mixin.py:188} INFO - [2024-01-13T11:57:45.605+0000] {override.py:1769} INFO - Created Permission View: can delete on DAG:example_short_circuit_operator
[2024-01-13T11:57:45.606+0000] {logging_mixin.py:188} INFO - [2024-01-13T11:57:45.606+0000] {dag.py:3033} INFO - Sync 1 DAGs
[2024-01-13T11:57:45.629+0000] {logging_mixin.py:188} INFO - [2024-01-13T11:57:45.628+0000] {dag.py:3055} INFO - Creating ORM DAG for example_short_circuit_operator
[2024-01-13T11:57:45.647+0000] {logging_mixin.py:188} INFO - [2024-01-13T11:57:45.647+0000] {dag.py:3820} INFO - Setting next_dagrun for example_short_circuit_operator to 2024-01-12T00:00:00+00:00, run_after=2024-01-13T00:00:00+00:00
[2024-01-13T11:57:45.675+0000] {processor.py:183} INFO - Processing /home/airflow/.local/lib/python3.8/site-packages/airflow/example_dags/example_short_circuit_operator.py took 0.353 seconds
[2024-01-13T11:58:16.043+0000] {processor.py:161} INFO - Started process (PID=118) to work on /home/airflow/.local/lib/python3.8/site-packages/airflow/example_dags/example_short_circuit_operator.py
[2024-01-13T11:58:16.045+0000] {processor.py:830} INFO - Processing file /home/airflow/.local/lib/python3.8/site-packages/airflow/example_dags/example_short_circuit_operator.py for tasks to queue
[2024-01-13T11:58:16.049+0000] {logging_mixin.py:188} INFO - [2024-01-13T11:58:16.048+0000] {dagbag.py:538} INFO - Filling up the DagBag from /home/airflow/.local/lib/python3.8/site-packages/airflow/example_dags/example_short_circuit_operator.py
[2024-01-13T11:58:16.065+0000] {processor.py:840} INFO - DAG(s) 'example_short_circuit_operator' retrieved from /home/airflow/.local/lib/python3.8/site-packages/airflow/example_dags/example_short_circuit_operator.py
[2024-01-13T11:58:16.110+0000] {logging_mixin.py:188} INFO - [2024-01-13T11:58:16.110+0000] {dag.py:3033} INFO - Sync 1 DAGs
[2024-01-13T11:58:16.154+0000] {logging_mixin.py:188} INFO - [2024-01-13T11:58:16.153+0000] {dag.py:3820} INFO - Setting next_dagrun for example_short_circuit_operator to 2024-01-12T00:00:00+00:00, run_after=2024-01-13T00:00:00+00:00
[2024-01-13T11:58:16.186+0000] {processor.py:183} INFO - Processing /home/airflow/.local/lib/python3.8/site-packages/airflow/example_dags/example_short_circuit_operator.py took 0.150 seconds
[2024-01-13T11:58:46.283+0000] {processor.py:161} INFO - Started process (PID=177) to work on /home/airflow/.local/lib/python3.8/site-packages/airflow/example_dags/example_short_circuit_operator.py
[2024-01-13T11:58:46.284+0000] {processor.py:830} INFO - Processing file /home/airflow/.local/lib/python3.8/site-packages/airflow/example_dags/example_short_circuit_operator.py for tasks to queue
[2024-01-13T11:58:46.288+0000] {logging_mixin.py:188} INFO - [2024-01-13T11:58:46.288+0000] {dagbag.py:538} INFO - Filling up the DagBag from /home/airflow/.local/lib/python3.8/site-packages/airflow/example_dags/example_short_circuit_operator.py
[2024-01-13T11:58:46.302+0000] {processor.py:840} INFO - DAG(s) 'example_short_circuit_operator' retrieved from /home/airflow/.local/lib/python3.8/site-packages/airflow/example_dags/example_short_circuit_operator.py
[2024-01-13T11:58:46.347+0000] {logging_mixin.py:188} INFO - [2024-01-13T11:58:46.347+0000] {dag.py:3033} INFO - Sync 1 DAGs
[2024-01-13T11:58:46.383+0000] {logging_mixin.py:188} INFO - [2024-01-13T11:58:46.383+0000] {dag.py:3820} INFO - Setting next_dagrun for example_short_circuit_operator to 2024-01-12T00:00:00+00:00, run_after=2024-01-13T00:00:00+00:00
[2024-01-13T11:58:46.408+0000] {processor.py:183} INFO - Processing /home/airflow/.local/lib/python3.8/site-packages/airflow/example_dags/example_short_circuit_operator.py took 0.131 seconds
[2024-01-13T11:59:16.654+0000] {processor.py:161} INFO - Started process (PID=241) to work on /home/airflow/.local/lib/python3.8/site-packages/airflow/example_dags/example_short_circuit_operator.py
[2024-01-13T11:59:16.656+0000] {processor.py:830} INFO - Processing file /home/airflow/.local/lib/python3.8/site-packages/airflow/example_dags/example_short_circuit_operator.py for tasks to queue
[2024-01-13T11:59:16.659+0000] {logging_mixin.py:188} INFO - [2024-01-13T11:59:16.659+0000] {dagbag.py:538} INFO - Filling up the DagBag from /home/airflow/.local/lib/python3.8/site-packages/airflow/example_dags/example_short_circuit_operator.py
[2024-01-13T11:59:16.669+0000] {processor.py:840} INFO - DAG(s) 'example_short_circuit_operator' retrieved from /home/airflow/.local/lib/python3.8/site-packages/airflow/example_dags/example_short_circuit_operator.py
[2024-01-13T11:59:16.701+0000] {logging_mixin.py:188} INFO - [2024-01-13T11:59:16.700+0000] {dag.py:3033} INFO - Sync 1 DAGs
[2024-01-13T11:59:16.728+0000] {logging_mixin.py:188} INFO - [2024-01-13T11:59:16.728+0000] {dag.py:3820} INFO - Setting next_dagrun for example_short_circuit_operator to 2024-01-12T00:00:00+00:00, run_after=2024-01-13T00:00:00+00:00
[2024-01-13T11:59:16.749+0000] {processor.py:183} INFO - Processing /home/airflow/.local/lib/python3.8/site-packages/airflow/example_dags/example_short_circuit_operator.py took 0.100 seconds
[2024-01-13T11:59:46.794+0000] {processor.py:161} INFO - Started process (PID=299) to work on /home/airflow/.local/lib/python3.8/site-packages/airflow/example_dags/example_short_circuit_operator.py
[2024-01-13T11:59:46.796+0000] {processor.py:830} INFO - Processing file /home/airflow/.local/lib/python3.8/site-packages/airflow/example_dags/example_short_circuit_operator.py for tasks to queue
[2024-01-13T11:59:46.799+0000] {logging_mixin.py:188} INFO - [2024-01-13T11:59:46.799+0000] {dagbag.py:538} INFO - Filling up the DagBag from /home/airflow/.local/lib/python3.8/site-packages/airflow/example_dags/example_short_circuit_operator.py
[2024-01-13T11:59:46.812+0000] {processor.py:840} INFO - DAG(s) 'example_short_circuit_operator' retrieved from /home/airflow/.local/lib/python3.8/site-packages/airflow/example_dags/example_short_circuit_operator.py
[2024-01-13T11:59:46.845+0000] {logging_mixin.py:188} INFO - [2024-01-13T11:59:46.845+0000] {dag.py:3033} INFO - Sync 1 DAGs
[2024-01-13T11:59:46.872+0000] {logging_mixin.py:188} INFO - [2024-01-13T11:59:46.872+0000] {dag.py:3820} INFO - Setting next_dagrun for example_short_circuit_operator to 2024-01-12T00:00:00+00:00, run_after=2024-01-13T00:00:00+00:00
[2024-01-13T11:59:46.895+0000] {processor.py:183} INFO - Processing /home/airflow/.local/lib/python3.8/site-packages/airflow/example_dags/example_short_circuit_operator.py took 0.108 seconds
[2024-01-13T12:00:17.782+0000] {processor.py:161} INFO - Started process (PID=358) to work on /home/airflow/.local/lib/python3.8/site-packages/airflow/example_dags/example_short_circuit_operator.py
[2024-01-13T12:00:17.784+0000] {processor.py:830} INFO - Processing file /home/airflow/.local/lib/python3.8/site-packages/airflow/example_dags/example_short_circuit_operator.py for tasks to queue
[2024-01-13T12:00:17.787+0000] {logging_mixin.py:188} INFO - [2024-01-13T12:00:17.787+0000] {dagbag.py:538} INFO - Filling up the DagBag from /home/airflow/.local/lib/python3.8/site-packages/airflow/example_dags/example_short_circuit_operator.py
[2024-01-13T12:00:17.797+0000] {processor.py:840} INFO - DAG(s) 'example_short_circuit_operator' retrieved from /home/airflow/.local/lib/python3.8/site-packages/airflow/example_dags/example_short_circuit_operator.py
[2024-01-13T12:00:17.838+0000] {logging_mixin.py:188} INFO - [2024-01-13T12:00:17.837+0000] {dag.py:3033} INFO - Sync 1 DAGs
[2024-01-13T12:00:17.868+0000] {logging_mixin.py:188} INFO - [2024-01-13T12:00:17.868+0000] {dag.py:3820} INFO - Setting next_dagrun for example_short_circuit_operator to 2024-01-12T00:00:00+00:00, run_after=2024-01-13T00:00:00+00:00
[2024-01-13T12:00:17.896+0000] {processor.py:183} INFO - Processing /home/airflow/.local/lib/python3.8/site-packages/airflow/example_dags/example_short_circuit_operator.py took 0.119 seconds
[2024-01-13T12:00:48.207+0000] {processor.py:161} INFO - Started process (PID=417) to work on /home/airflow/.local/lib/python3.8/site-packages/airflow/example_dags/example_short_circuit_operator.py
[2024-01-13T12:00:48.209+0000] {processor.py:830} INFO - Processing file /home/airflow/.local/lib/python3.8/site-packages/airflow/example_dags/example_short_circuit_operator.py for tasks to queue
[2024-01-13T12:00:48.212+0000] {logging_mixin.py:188} INFO - [2024-01-13T12:00:48.212+0000] {dagbag.py:538} INFO - Filling up the DagBag from /home/airflow/.local/lib/python3.8/site-packages/airflow/example_dags/example_short_circuit_operator.py
[2024-01-13T12:00:48.222+0000] {processor.py:840} INFO - DAG(s) 'example_short_circuit_operator' retrieved from /home/airflow/.local/lib/python3.8/site-packages/airflow/example_dags/example_short_circuit_operator.py
[2024-01-13T12:00:48.253+0000] {logging_mixin.py:188} INFO - [2024-01-13T12:00:48.253+0000] {dag.py:3033} INFO - Sync 1 DAGs
[2024-01-13T12:00:48.283+0000] {logging_mixin.py:188} INFO - [2024-01-13T12:00:48.283+0000] {dag.py:3820} INFO - Setting next_dagrun for example_short_circuit_operator to 2024-01-12T00:00:00+00:00, run_after=2024-01-13T00:00:00+00:00
[2024-01-13T12:00:48.306+0000] {processor.py:183} INFO - Processing /home/airflow/.local/lib/python3.8/site-packages/airflow/example_dags/example_short_circuit_operator.py took 0.104 seconds
[2024-01-13T12:01:18.438+0000] {processor.py:161} INFO - Started process (PID=474) to work on /home/airflow/.local/lib/python3.8/site-packages/airflow/example_dags/example_short_circuit_operator.py
[2024-01-13T12:01:18.439+0000] {processor.py:830} INFO - Processing file /home/airflow/.local/lib/python3.8/site-packages/airflow/example_dags/example_short_circuit_operator.py for tasks to queue
[2024-01-13T12:01:18.442+0000] {logging_mixin.py:188} INFO - [2024-01-13T12:01:18.442+0000] {dagbag.py:538} INFO - Filling up the DagBag from /home/airflow/.local/lib/python3.8/site-packages/airflow/example_dags/example_short_circuit_operator.py
[2024-01-13T12:01:18.452+0000] {processor.py:840} INFO - DAG(s) 'example_short_circuit_operator' retrieved from /home/airflow/.local/lib/python3.8/site-packages/airflow/example_dags/example_short_circuit_operator.py
[2024-01-13T12:01:18.486+0000] {logging_mixin.py:188} INFO - [2024-01-13T12:01:18.486+0000] {dag.py:3033} INFO - Sync 1 DAGs
[2024-01-13T12:01:18.515+0000] {logging_mixin.py:188} INFO - [2024-01-13T12:01:18.515+0000] {dag.py:3820} INFO - Setting next_dagrun for example_short_circuit_operator to 2024-01-12T00:00:00+00:00, run_after=2024-01-13T00:00:00+00:00
[2024-01-13T12:01:18.539+0000] {processor.py:183} INFO - Processing /home/airflow/.local/lib/python3.8/site-packages/airflow/example_dags/example_short_circuit_operator.py took 0.106 seconds
[2024-01-13T12:01:48.809+0000] {processor.py:161} INFO - Started process (PID=533) to work on /home/airflow/.local/lib/python3.8/site-packages/airflow/example_dags/example_short_circuit_operator.py
[2024-01-13T12:01:48.811+0000] {processor.py:830} INFO - Processing file /home/airflow/.local/lib/python3.8/site-packages/airflow/example_dags/example_short_circuit_operator.py for tasks to queue
[2024-01-13T12:01:48.815+0000] {logging_mixin.py:188} INFO - [2024-01-13T12:01:48.814+0000] {dagbag.py:538} INFO - Filling up the DagBag from /home/airflow/.local/lib/python3.8/site-packages/airflow/example_dags/example_short_circuit_operator.py
[2024-01-13T12:01:48.825+0000] {processor.py:840} INFO - DAG(s) 'example_short_circuit_operator' retrieved from /home/airflow/.local/lib/python3.8/site-packages/airflow/example_dags/example_short_circuit_operator.py
[2024-01-13T12:01:48.868+0000] {logging_mixin.py:188} INFO - [2024-01-13T12:01:48.867+0000] {dag.py:3033} INFO - Sync 1 DAGs
[2024-01-13T12:01:48.907+0000] {logging_mixin.py:188} INFO - [2024-01-13T12:01:48.907+0000] {dag.py:3820} INFO - Setting next_dagrun for example_short_circuit_operator to 2024-01-12T00:00:00+00:00, run_after=2024-01-13T00:00:00+00:00
[2024-01-13T12:01:48.933+0000] {processor.py:183} INFO - Processing /home/airflow/.local/lib/python3.8/site-packages/airflow/example_dags/example_short_circuit_operator.py took 0.130 seconds
[2024-01-13T12:02:19.364+0000] {processor.py:161} INFO - Started process (PID=601) to work on /home/airflow/.local/lib/python3.8/site-packages/airflow/example_dags/example_short_circuit_operator.py
[2024-01-13T12:02:19.365+0000] {processor.py:830} INFO - Processing file /home/airflow/.local/lib/python3.8/site-packages/airflow/example_dags/example_short_circuit_operator.py for tasks to queue
[2024-01-13T12:02:19.368+0000] {logging_mixin.py:188} INFO - [2024-01-13T12:02:19.368+0000] {dagbag.py:538} INFO - Filling up the DagBag from /home/airflow/.local/lib/python3.8/site-packages/airflow/example_dags/example_short_circuit_operator.py
[2024-01-13T12:02:19.378+0000] {processor.py:840} INFO - DAG(s) 'example_short_circuit_operator' retrieved from /home/airflow/.local/lib/python3.8/site-packages/airflow/example_dags/example_short_circuit_operator.py
[2024-01-13T12:02:19.410+0000] {logging_mixin.py:188} INFO - [2024-01-13T12:02:19.410+0000] {dag.py:3033} INFO - Sync 1 DAGs
[2024-01-13T12:02:19.437+0000] {logging_mixin.py:188} INFO - [2024-01-13T12:02:19.437+0000] {dag.py:3820} INFO - Setting next_dagrun for example_short_circuit_operator to 2024-01-12T00:00:00+00:00, run_after=2024-01-13T00:00:00+00:00
[2024-01-13T12:02:19.458+0000] {processor.py:183} INFO - Processing /home/airflow/.local/lib/python3.8/site-packages/airflow/example_dags/example_short_circuit_operator.py took 0.099 seconds
[2024-01-13T12:02:49.904+0000] {processor.py:161} INFO - Started process (PID=680) to work on /home/airflow/.local/lib/python3.8/site-packages/airflow/example_dags/example_short_circuit_operator.py
[2024-01-13T12:02:49.914+0000] {processor.py:830} INFO - Processing file /home/airflow/.local/lib/python3.8/site-packages/airflow/example_dags/example_short_circuit_operator.py for tasks to queue
[2024-01-13T12:02:49.918+0000] {logging_mixin.py:188} INFO - [2024-01-13T12:02:49.918+0000] {dagbag.py:538} INFO - Filling up the DagBag from /home/airflow/.local/lib/python3.8/site-packages/airflow/example_dags/example_short_circuit_operator.py
[2024-01-13T12:02:49.951+0000] {processor.py:840} INFO - DAG(s) 'example_short_circuit_operator' retrieved from /home/airflow/.local/lib/python3.8/site-packages/airflow/example_dags/example_short_circuit_operator.py
[2024-01-13T12:02:50.043+0000] {logging_mixin.py:188} INFO - [2024-01-13T12:02:50.043+0000] {dag.py:3033} INFO - Sync 1 DAGs
[2024-01-13T12:02:50.110+0000] {logging_mixin.py:188} INFO - [2024-01-13T12:02:50.109+0000] {dag.py:3820} INFO - Setting next_dagrun for example_short_circuit_operator to 2024-01-12T00:00:00+00:00, run_after=2024-01-13T00:00:00+00:00
[2024-01-13T12:02:50.154+0000] {processor.py:183} INFO - Processing /home/airflow/.local/lib/python3.8/site-packages/airflow/example_dags/example_short_circuit_operator.py took 0.268 seconds
[2024-01-13T12:07:40.572+0000] {processor.py:161} INFO - Started process (PID=54) to work on /home/airflow/.local/lib/python3.8/site-packages/airflow/example_dags/example_short_circuit_operator.py
[2024-01-13T12:07:40.579+0000] {processor.py:830} INFO - Processing file /home/airflow/.local/lib/python3.8/site-packages/airflow/example_dags/example_short_circuit_operator.py for tasks to queue
[2024-01-13T12:07:40.586+0000] {logging_mixin.py:188} INFO - [2024-01-13T12:07:40.585+0000] {dagbag.py:538} INFO - Filling up the DagBag from /home/airflow/.local/lib/python3.8/site-packages/airflow/example_dags/example_short_circuit_operator.py
[2024-01-13T12:07:40.606+0000] {processor.py:840} INFO - DAG(s) 'example_short_circuit_operator' retrieved from /home/airflow/.local/lib/python3.8/site-packages/airflow/example_dags/example_short_circuit_operator.py
[2024-01-13T12:07:40.636+0000] {logging_mixin.py:188} INFO - [2024-01-13T12:07:40.635+0000] {dag.py:3033} INFO - Sync 1 DAGs
[2024-01-13T12:07:40.683+0000] {logging_mixin.py:188} INFO - [2024-01-13T12:07:40.683+0000] {dag.py:3820} INFO - Setting next_dagrun for example_short_circuit_operator to 2024-01-12T00:00:00+00:00, run_after=2024-01-13T00:00:00+00:00
[2024-01-13T12:07:40.742+0000] {processor.py:183} INFO - Processing /home/airflow/.local/lib/python3.8/site-packages/airflow/example_dags/example_short_circuit_operator.py took 0.216 seconds
[2024-01-13T12:08:14.545+0000] {processor.py:161} INFO - Started process (PID=146) to work on /home/airflow/.local/lib/python3.8/site-packages/airflow/example_dags/example_short_circuit_operator.py
[2024-01-13T12:08:14.548+0000] {processor.py:830} INFO - Processing file /home/airflow/.local/lib/python3.8/site-packages/airflow/example_dags/example_short_circuit_operator.py for tasks to queue
[2024-01-13T12:08:14.557+0000] {logging_mixin.py:188} INFO - [2024-01-13T12:08:14.556+0000] {dagbag.py:538} INFO - Filling up the DagBag from /home/airflow/.local/lib/python3.8/site-packages/airflow/example_dags/example_short_circuit_operator.py
[2024-01-13T12:08:14.577+0000] {processor.py:840} INFO - DAG(s) 'example_short_circuit_operator' retrieved from /home/airflow/.local/lib/python3.8/site-packages/airflow/example_dags/example_short_circuit_operator.py
[2024-01-13T12:08:14.832+0000] {logging_mixin.py:188} INFO - [2024-01-13T12:08:14.830+0000] {dag.py:3033} INFO - Sync 1 DAGs
[2024-01-13T12:08:14.884+0000] {logging_mixin.py:188} INFO - [2024-01-13T12:08:14.884+0000] {dag.py:3820} INFO - Setting next_dagrun for example_short_circuit_operator to 2024-01-12T00:00:00+00:00, run_after=2024-01-13T00:00:00+00:00
[2024-01-13T12:08:14.942+0000] {processor.py:183} INFO - Processing /home/airflow/.local/lib/python3.8/site-packages/airflow/example_dags/example_short_circuit_operator.py took 0.404 seconds
[2024-01-13T12:08:45.087+0000] {processor.py:161} INFO - Started process (PID=205) to work on /home/airflow/.local/lib/python3.8/site-packages/airflow/example_dags/example_short_circuit_operator.py
[2024-01-13T12:08:45.089+0000] {processor.py:830} INFO - Processing file /home/airflow/.local/lib/python3.8/site-packages/airflow/example_dags/example_short_circuit_operator.py for tasks to queue
[2024-01-13T12:08:45.092+0000] {logging_mixin.py:188} INFO - [2024-01-13T12:08:45.091+0000] {dagbag.py:538} INFO - Filling up the DagBag from /home/airflow/.local/lib/python3.8/site-packages/airflow/example_dags/example_short_circuit_operator.py
[2024-01-13T12:08:45.102+0000] {processor.py:840} INFO - DAG(s) 'example_short_circuit_operator' retrieved from /home/airflow/.local/lib/python3.8/site-packages/airflow/example_dags/example_short_circuit_operator.py
[2024-01-13T12:08:45.133+0000] {logging_mixin.py:188} INFO - [2024-01-13T12:08:45.132+0000] {dag.py:3033} INFO - Sync 1 DAGs
[2024-01-13T12:08:45.160+0000] {logging_mixin.py:188} INFO - [2024-01-13T12:08:45.160+0000] {dag.py:3820} INFO - Setting next_dagrun for example_short_circuit_operator to 2024-01-12T00:00:00+00:00, run_after=2024-01-13T00:00:00+00:00
[2024-01-13T12:08:45.184+0000] {processor.py:183} INFO - Processing /home/airflow/.local/lib/python3.8/site-packages/airflow/example_dags/example_short_circuit_operator.py took 0.102 seconds
[2024-01-13T12:09:15.584+0000] {processor.py:161} INFO - Started process (PID=265) to work on /home/airflow/.local/lib/python3.8/site-packages/airflow/example_dags/example_short_circuit_operator.py
[2024-01-13T12:09:15.585+0000] {processor.py:830} INFO - Processing file /home/airflow/.local/lib/python3.8/site-packages/airflow/example_dags/example_short_circuit_operator.py for tasks to queue
[2024-01-13T12:09:15.588+0000] {logging_mixin.py:188} INFO - [2024-01-13T12:09:15.587+0000] {dagbag.py:538} INFO - Filling up the DagBag from /home/airflow/.local/lib/python3.8/site-packages/airflow/example_dags/example_short_circuit_operator.py
[2024-01-13T12:09:15.597+0000] {processor.py:840} INFO - DAG(s) 'example_short_circuit_operator' retrieved from /home/airflow/.local/lib/python3.8/site-packages/airflow/example_dags/example_short_circuit_operator.py
[2024-01-13T12:09:15.628+0000] {logging_mixin.py:188} INFO - [2024-01-13T12:09:15.627+0000] {dag.py:3033} INFO - Sync 1 DAGs
[2024-01-13T12:09:15.654+0000] {logging_mixin.py:188} INFO - [2024-01-13T12:09:15.654+0000] {dag.py:3820} INFO - Setting next_dagrun for example_short_circuit_operator to 2024-01-12T00:00:00+00:00, run_after=2024-01-13T00:00:00+00:00
[2024-01-13T12:09:15.678+0000] {processor.py:183} INFO - Processing /home/airflow/.local/lib/python3.8/site-packages/airflow/example_dags/example_short_circuit_operator.py took 0.100 seconds
[2024-01-13T12:09:45.916+0000] {processor.py:161} INFO - Started process (PID=324) to work on /home/airflow/.local/lib/python3.8/site-packages/airflow/example_dags/example_short_circuit_operator.py
[2024-01-13T12:09:45.918+0000] {processor.py:830} INFO - Processing file /home/airflow/.local/lib/python3.8/site-packages/airflow/example_dags/example_short_circuit_operator.py for tasks to queue
[2024-01-13T12:09:45.922+0000] {logging_mixin.py:188} INFO - [2024-01-13T12:09:45.921+0000] {dagbag.py:538} INFO - Filling up the DagBag from /home/airflow/.local/lib/python3.8/site-packages/airflow/example_dags/example_short_circuit_operator.py
[2024-01-13T12:09:45.934+0000] {processor.py:840} INFO - DAG(s) 'example_short_circuit_operator' retrieved from /home/airflow/.local/lib/python3.8/site-packages/airflow/example_dags/example_short_circuit_operator.py
[2024-01-13T12:09:45.969+0000] {logging_mixin.py:188} INFO - [2024-01-13T12:09:45.969+0000] {dag.py:3033} INFO - Sync 1 DAGs
[2024-01-13T12:09:45.999+0000] {logging_mixin.py:188} INFO - [2024-01-13T12:09:45.999+0000] {dag.py:3820} INFO - Setting next_dagrun for example_short_circuit_operator to 2024-01-12T00:00:00+00:00, run_after=2024-01-13T00:00:00+00:00
[2024-01-13T12:09:46.028+0000] {processor.py:183} INFO - Processing /home/airflow/.local/lib/python3.8/site-packages/airflow/example_dags/example_short_circuit_operator.py took 0.118 seconds
[2024-01-13T12:10:16.727+0000] {processor.py:161} INFO - Started process (PID=383) to work on /home/airflow/.local/lib/python3.8/site-packages/airflow/example_dags/example_short_circuit_operator.py
[2024-01-13T12:10:16.728+0000] {processor.py:830} INFO - Processing file /home/airflow/.local/lib/python3.8/site-packages/airflow/example_dags/example_short_circuit_operator.py for tasks to queue
[2024-01-13T12:10:16.731+0000] {logging_mixin.py:188} INFO - [2024-01-13T12:10:16.731+0000] {dagbag.py:538} INFO - Filling up the DagBag from /home/airflow/.local/lib/python3.8/site-packages/airflow/example_dags/example_short_circuit_operator.py
[2024-01-13T12:10:16.741+0000] {processor.py:840} INFO - DAG(s) 'example_short_circuit_operator' retrieved from /home/airflow/.local/lib/python3.8/site-packages/airflow/example_dags/example_short_circuit_operator.py
[2024-01-13T12:10:16.775+0000] {logging_mixin.py:188} INFO - [2024-01-13T12:10:16.775+0000] {dag.py:3033} INFO - Sync 1 DAGs
[2024-01-13T12:10:16.804+0000] {logging_mixin.py:188} INFO - [2024-01-13T12:10:16.803+0000] {dag.py:3820} INFO - Setting next_dagrun for example_short_circuit_operator to 2024-01-12T00:00:00+00:00, run_after=2024-01-13T00:00:00+00:00
[2024-01-13T12:10:16.827+0000] {processor.py:183} INFO - Processing /home/airflow/.local/lib/python3.8/site-packages/airflow/example_dags/example_short_circuit_operator.py took 0.105 seconds
[2024-01-13T12:10:47.036+0000] {processor.py:161} INFO - Started process (PID=442) to work on /home/airflow/.local/lib/python3.8/site-packages/airflow/example_dags/example_short_circuit_operator.py
[2024-01-13T12:10:47.038+0000] {processor.py:830} INFO - Processing file /home/airflow/.local/lib/python3.8/site-packages/airflow/example_dags/example_short_circuit_operator.py for tasks to queue
[2024-01-13T12:10:47.042+0000] {logging_mixin.py:188} INFO - [2024-01-13T12:10:47.042+0000] {dagbag.py:538} INFO - Filling up the DagBag from /home/airflow/.local/lib/python3.8/site-packages/airflow/example_dags/example_short_circuit_operator.py
[2024-01-13T12:10:47.056+0000] {processor.py:840} INFO - DAG(s) 'example_short_circuit_operator' retrieved from /home/airflow/.local/lib/python3.8/site-packages/airflow/example_dags/example_short_circuit_operator.py
[2024-01-13T12:10:47.088+0000] {logging_mixin.py:188} INFO - [2024-01-13T12:10:47.088+0000] {dag.py:3033} INFO - Sync 1 DAGs
[2024-01-13T12:10:47.115+0000] {logging_mixin.py:188} INFO - [2024-01-13T12:10:47.115+0000] {dag.py:3820} INFO - Setting next_dagrun for example_short_circuit_operator to 2024-01-12T00:00:00+00:00, run_after=2024-01-13T00:00:00+00:00
[2024-01-13T12:10:47.137+0000] {processor.py:183} INFO - Processing /home/airflow/.local/lib/python3.8/site-packages/airflow/example_dags/example_short_circuit_operator.py took 0.106 seconds
[2024-01-13T12:11:17.441+0000] {processor.py:161} INFO - Started process (PID=501) to work on /home/airflow/.local/lib/python3.8/site-packages/airflow/example_dags/example_short_circuit_operator.py
[2024-01-13T12:11:17.443+0000] {processor.py:830} INFO - Processing file /home/airflow/.local/lib/python3.8/site-packages/airflow/example_dags/example_short_circuit_operator.py for tasks to queue
[2024-01-13T12:11:17.446+0000] {logging_mixin.py:188} INFO - [2024-01-13T12:11:17.445+0000] {dagbag.py:538} INFO - Filling up the DagBag from /home/airflow/.local/lib/python3.8/site-packages/airflow/example_dags/example_short_circuit_operator.py
[2024-01-13T12:11:17.456+0000] {processor.py:840} INFO - DAG(s) 'example_short_circuit_operator' retrieved from /home/airflow/.local/lib/python3.8/site-packages/airflow/example_dags/example_short_circuit_operator.py
[2024-01-13T12:11:17.489+0000] {logging_mixin.py:188} INFO - [2024-01-13T12:11:17.489+0000] {dag.py:3033} INFO - Sync 1 DAGs
[2024-01-13T12:11:17.516+0000] {logging_mixin.py:188} INFO - [2024-01-13T12:11:17.516+0000] {dag.py:3820} INFO - Setting next_dagrun for example_short_circuit_operator to 2024-01-12T00:00:00+00:00, run_after=2024-01-13T00:00:00+00:00
[2024-01-13T12:11:17.538+0000] {processor.py:183} INFO - Processing /home/airflow/.local/lib/python3.8/site-packages/airflow/example_dags/example_short_circuit_operator.py took 0.102 seconds
[2024-01-13T12:11:48.659+0000] {processor.py:161} INFO - Started process (PID=560) to work on /home/airflow/.local/lib/python3.8/site-packages/airflow/example_dags/example_short_circuit_operator.py
[2024-01-13T12:11:48.661+0000] {processor.py:830} INFO - Processing file /home/airflow/.local/lib/python3.8/site-packages/airflow/example_dags/example_short_circuit_operator.py for tasks to queue
[2024-01-13T12:11:48.666+0000] {logging_mixin.py:188} INFO - [2024-01-13T12:11:48.666+0000] {dagbag.py:538} INFO - Filling up the DagBag from /home/airflow/.local/lib/python3.8/site-packages/airflow/example_dags/example_short_circuit_operator.py
[2024-01-13T12:11:48.681+0000] {processor.py:840} INFO - DAG(s) 'example_short_circuit_operator' retrieved from /home/airflow/.local/lib/python3.8/site-packages/airflow/example_dags/example_short_circuit_operator.py
[2024-01-13T12:11:48.713+0000] {logging_mixin.py:188} INFO - [2024-01-13T12:11:48.713+0000] {dag.py:3033} INFO - Sync 1 DAGs
[2024-01-13T12:11:48.743+0000] {logging_mixin.py:188} INFO - [2024-01-13T12:11:48.743+0000] {dag.py:3820} INFO - Setting next_dagrun for example_short_circuit_operator to 2024-01-12T00:00:00+00:00, run_after=2024-01-13T00:00:00+00:00
[2024-01-13T12:11:48.765+0000] {processor.py:183} INFO - Processing /home/airflow/.local/lib/python3.8/site-packages/airflow/example_dags/example_short_circuit_operator.py took 0.111 seconds
[2024-01-13T12:12:19.926+0000] {processor.py:161} INFO - Started process (PID=619) to work on /home/airflow/.local/lib/python3.8/site-packages/airflow/example_dags/example_short_circuit_operator.py
[2024-01-13T12:12:19.927+0000] {processor.py:830} INFO - Processing file /home/airflow/.local/lib/python3.8/site-packages/airflow/example_dags/example_short_circuit_operator.py for tasks to queue
[2024-01-13T12:12:19.931+0000] {logging_mixin.py:188} INFO - [2024-01-13T12:12:19.930+0000] {dagbag.py:538} INFO - Filling up the DagBag from /home/airflow/.local/lib/python3.8/site-packages/airflow/example_dags/example_short_circuit_operator.py
[2024-01-13T12:12:19.944+0000] {processor.py:840} INFO - DAG(s) 'example_short_circuit_operator' retrieved from /home/airflow/.local/lib/python3.8/site-packages/airflow/example_dags/example_short_circuit_operator.py
[2024-01-13T12:12:19.989+0000] {logging_mixin.py:188} INFO - [2024-01-13T12:12:19.988+0000] {dag.py:3033} INFO - Sync 1 DAGs
[2024-01-13T12:12:20.028+0000] {logging_mixin.py:188} INFO - [2024-01-13T12:12:20.028+0000] {dag.py:3820} INFO - Setting next_dagrun for example_short_circuit_operator to 2024-01-12T00:00:00+00:00, run_after=2024-01-13T00:00:00+00:00
[2024-01-13T12:12:20.050+0000] {processor.py:183} INFO - Processing /home/airflow/.local/lib/python3.8/site-packages/airflow/example_dags/example_short_circuit_operator.py took 0.130 seconds
[2024-01-13T12:12:51.891+0000] {processor.py:161} INFO - Started process (PID=678) to work on /home/airflow/.local/lib/python3.8/site-packages/airflow/example_dags/example_short_circuit_operator.py
[2024-01-13T12:12:51.893+0000] {processor.py:830} INFO - Processing file /home/airflow/.local/lib/python3.8/site-packages/airflow/example_dags/example_short_circuit_operator.py for tasks to queue
[2024-01-13T12:12:51.896+0000] {logging_mixin.py:188} INFO - [2024-01-13T12:12:51.896+0000] {dagbag.py:538} INFO - Filling up the DagBag from /home/airflow/.local/lib/python3.8/site-packages/airflow/example_dags/example_short_circuit_operator.py
[2024-01-13T12:12:51.906+0000] {processor.py:840} INFO - DAG(s) 'example_short_circuit_operator' retrieved from /home/airflow/.local/lib/python3.8/site-packages/airflow/example_dags/example_short_circuit_operator.py
[2024-01-13T12:12:51.939+0000] {logging_mixin.py:188} INFO - [2024-01-13T12:12:51.938+0000] {dag.py:3033} INFO - Sync 1 DAGs
[2024-01-13T12:12:51.966+0000] {logging_mixin.py:188} INFO - [2024-01-13T12:12:51.965+0000] {dag.py:3820} INFO - Setting next_dagrun for example_short_circuit_operator to 2024-01-12T00:00:00+00:00, run_after=2024-01-13T00:00:00+00:00
[2024-01-13T12:12:51.986+0000] {processor.py:183} INFO - Processing /home/airflow/.local/lib/python3.8/site-packages/airflow/example_dags/example_short_circuit_operator.py took 0.101 seconds
[2024-01-13T12:13:26.987+0000] {processor.py:161} INFO - Started process (PID=751) to work on /home/airflow/.local/lib/python3.8/site-packages/airflow/example_dags/example_short_circuit_operator.py
[2024-01-13T12:13:26.994+0000] {processor.py:830} INFO - Processing file /home/airflow/.local/lib/python3.8/site-packages/airflow/example_dags/example_short_circuit_operator.py for tasks to queue
[2024-01-13T12:13:26.998+0000] {logging_mixin.py:188} INFO - [2024-01-13T12:13:26.998+0000] {dagbag.py:538} INFO - Filling up the DagBag from /home/airflow/.local/lib/python3.8/site-packages/airflow/example_dags/example_short_circuit_operator.py
[2024-01-13T12:13:27.024+0000] {processor.py:840} INFO - DAG(s) 'example_short_circuit_operator' retrieved from /home/airflow/.local/lib/python3.8/site-packages/airflow/example_dags/example_short_circuit_operator.py
[2024-01-13T12:13:27.140+0000] {logging_mixin.py:188} INFO - [2024-01-13T12:13:27.140+0000] {dag.py:3033} INFO - Sync 1 DAGs
[2024-01-13T12:13:27.222+0000] {logging_mixin.py:188} INFO - [2024-01-13T12:13:27.221+0000] {dag.py:3820} INFO - Setting next_dagrun for example_short_circuit_operator to 2024-01-12T00:00:00+00:00, run_after=2024-01-13T00:00:00+00:00
[2024-01-13T12:13:27.261+0000] {processor.py:183} INFO - Processing /home/airflow/.local/lib/python3.8/site-packages/airflow/example_dags/example_short_circuit_operator.py took 0.287 seconds
[2024-01-13T12:13:57.943+0000] {processor.py:161} INFO - Started process (PID=811) to work on /home/airflow/.local/lib/python3.8/site-packages/airflow/example_dags/example_short_circuit_operator.py
[2024-01-13T12:13:57.944+0000] {processor.py:830} INFO - Processing file /home/airflow/.local/lib/python3.8/site-packages/airflow/example_dags/example_short_circuit_operator.py for tasks to queue
[2024-01-13T12:13:57.948+0000] {logging_mixin.py:188} INFO - [2024-01-13T12:13:57.948+0000] {dagbag.py:538} INFO - Filling up the DagBag from /home/airflow/.local/lib/python3.8/site-packages/airflow/example_dags/example_short_circuit_operator.py
[2024-01-13T12:13:57.958+0000] {processor.py:840} INFO - DAG(s) 'example_short_circuit_operator' retrieved from /home/airflow/.local/lib/python3.8/site-packages/airflow/example_dags/example_short_circuit_operator.py
[2024-01-13T12:13:57.995+0000] {logging_mixin.py:188} INFO - [2024-01-13T12:13:57.995+0000] {dag.py:3033} INFO - Sync 1 DAGs
[2024-01-13T12:13:58.036+0000] {logging_mixin.py:188} INFO - [2024-01-13T12:13:58.036+0000] {dag.py:3820} INFO - Setting next_dagrun for example_short_circuit_operator to 2024-01-12T00:00:00+00:00, run_after=2024-01-13T00:00:00+00:00
[2024-01-13T12:13:58.066+0000] {processor.py:183} INFO - Processing /home/airflow/.local/lib/python3.8/site-packages/airflow/example_dags/example_short_circuit_operator.py took 0.130 seconds
[2024-01-13T12:14:28.464+0000] {processor.py:161} INFO - Started process (PID=870) to work on /home/airflow/.local/lib/python3.8/site-packages/airflow/example_dags/example_short_circuit_operator.py
[2024-01-13T12:14:28.468+0000] {processor.py:830} INFO - Processing file /home/airflow/.local/lib/python3.8/site-packages/airflow/example_dags/example_short_circuit_operator.py for tasks to queue
[2024-01-13T12:14:28.471+0000] {logging_mixin.py:188} INFO - [2024-01-13T12:14:28.471+0000] {dagbag.py:538} INFO - Filling up the DagBag from /home/airflow/.local/lib/python3.8/site-packages/airflow/example_dags/example_short_circuit_operator.py
[2024-01-13T12:14:28.483+0000] {processor.py:840} INFO - DAG(s) 'example_short_circuit_operator' retrieved from /home/airflow/.local/lib/python3.8/site-packages/airflow/example_dags/example_short_circuit_operator.py
[2024-01-13T12:14:28.515+0000] {logging_mixin.py:188} INFO - [2024-01-13T12:14:28.515+0000] {dag.py:3033} INFO - Sync 1 DAGs
[2024-01-13T12:14:28.554+0000] {logging_mixin.py:188} INFO - [2024-01-13T12:14:28.554+0000] {dag.py:3820} INFO - Setting next_dagrun for example_short_circuit_operator to 2024-01-12T00:00:00+00:00, run_after=2024-01-13T00:00:00+00:00
[2024-01-13T12:14:28.582+0000] {processor.py:183} INFO - Processing /home/airflow/.local/lib/python3.8/site-packages/airflow/example_dags/example_short_circuit_operator.py took 0.123 seconds
[2024-01-13T12:14:59.325+0000] {processor.py:161} INFO - Started process (PID=929) to work on /home/airflow/.local/lib/python3.8/site-packages/airflow/example_dags/example_short_circuit_operator.py
[2024-01-13T12:14:59.326+0000] {processor.py:830} INFO - Processing file /home/airflow/.local/lib/python3.8/site-packages/airflow/example_dags/example_short_circuit_operator.py for tasks to queue
[2024-01-13T12:14:59.330+0000] {logging_mixin.py:188} INFO - [2024-01-13T12:14:59.330+0000] {dagbag.py:538} INFO - Filling up the DagBag from /home/airflow/.local/lib/python3.8/site-packages/airflow/example_dags/example_short_circuit_operator.py
[2024-01-13T12:14:59.345+0000] {processor.py:840} INFO - DAG(s) 'example_short_circuit_operator' retrieved from /home/airflow/.local/lib/python3.8/site-packages/airflow/example_dags/example_short_circuit_operator.py
[2024-01-13T12:14:59.391+0000] {logging_mixin.py:188} INFO - [2024-01-13T12:14:59.390+0000] {dag.py:3033} INFO - Sync 1 DAGs
[2024-01-13T12:14:59.433+0000] {logging_mixin.py:188} INFO - [2024-01-13T12:14:59.432+0000] {dag.py:3820} INFO - Setting next_dagrun for example_short_circuit_operator to 2024-01-12T00:00:00+00:00, run_after=2024-01-13T00:00:00+00:00
[2024-01-13T12:14:59.462+0000] {processor.py:183} INFO - Processing /home/airflow/.local/lib/python3.8/site-packages/airflow/example_dags/example_short_circuit_operator.py took 0.142 seconds
[2024-01-13T12:15:30.057+0000] {processor.py:161} INFO - Started process (PID=988) to work on /home/airflow/.local/lib/python3.8/site-packages/airflow/example_dags/example_short_circuit_operator.py
[2024-01-13T12:15:30.060+0000] {processor.py:830} INFO - Processing file /home/airflow/.local/lib/python3.8/site-packages/airflow/example_dags/example_short_circuit_operator.py for tasks to queue
[2024-01-13T12:15:30.063+0000] {logging_mixin.py:188} INFO - [2024-01-13T12:15:30.062+0000] {dagbag.py:538} INFO - Filling up the DagBag from /home/airflow/.local/lib/python3.8/site-packages/airflow/example_dags/example_short_circuit_operator.py
[2024-01-13T12:15:30.073+0000] {processor.py:840} INFO - DAG(s) 'example_short_circuit_operator' retrieved from /home/airflow/.local/lib/python3.8/site-packages/airflow/example_dags/example_short_circuit_operator.py
[2024-01-13T12:15:30.113+0000] {logging_mixin.py:188} INFO - [2024-01-13T12:15:30.112+0000] {dag.py:3033} INFO - Sync 1 DAGs
[2024-01-13T12:15:30.142+0000] {logging_mixin.py:188} INFO - [2024-01-13T12:15:30.142+0000] {dag.py:3820} INFO - Setting next_dagrun for example_short_circuit_operator to 2024-01-12T00:00:00+00:00, run_after=2024-01-13T00:00:00+00:00
[2024-01-13T12:15:30.163+0000] {processor.py:183} INFO - Processing /home/airflow/.local/lib/python3.8/site-packages/airflow/example_dags/example_short_circuit_operator.py took 0.111 seconds
[2024-01-13T12:16:00.826+0000] {processor.py:161} INFO - Started process (PID=1047) to work on /home/airflow/.local/lib/python3.8/site-packages/airflow/example_dags/example_short_circuit_operator.py
[2024-01-13T12:16:00.827+0000] {processor.py:830} INFO - Processing file /home/airflow/.local/lib/python3.8/site-packages/airflow/example_dags/example_short_circuit_operator.py for tasks to queue
[2024-01-13T12:16:00.830+0000] {logging_mixin.py:188} INFO - [2024-01-13T12:16:00.830+0000] {dagbag.py:538} INFO - Filling up the DagBag from /home/airflow/.local/lib/python3.8/site-packages/airflow/example_dags/example_short_circuit_operator.py
[2024-01-13T12:16:00.841+0000] {processor.py:840} INFO - DAG(s) 'example_short_circuit_operator' retrieved from /home/airflow/.local/lib/python3.8/site-packages/airflow/example_dags/example_short_circuit_operator.py
[2024-01-13T12:16:00.879+0000] {logging_mixin.py:188} INFO - [2024-01-13T12:16:00.878+0000] {dag.py:3033} INFO - Sync 1 DAGs
[2024-01-13T12:16:00.917+0000] {logging_mixin.py:188} INFO - [2024-01-13T12:16:00.917+0000] {dag.py:3820} INFO - Setting next_dagrun for example_short_circuit_operator to 2024-01-12T00:00:00+00:00, run_after=2024-01-13T00:00:00+00:00
[2024-01-13T12:16:00.944+0000] {processor.py:183} INFO - Processing /home/airflow/.local/lib/python3.8/site-packages/airflow/example_dags/example_short_circuit_operator.py took 0.123 seconds
[2024-01-13T12:16:31.338+0000] {processor.py:161} INFO - Started process (PID=1104) to work on /home/airflow/.local/lib/python3.8/site-packages/airflow/example_dags/example_short_circuit_operator.py
[2024-01-13T12:16:31.358+0000] {processor.py:830} INFO - Processing file /home/airflow/.local/lib/python3.8/site-packages/airflow/example_dags/example_short_circuit_operator.py for tasks to queue
[2024-01-13T12:16:31.362+0000] {logging_mixin.py:188} INFO - [2024-01-13T12:16:31.361+0000] {dagbag.py:538} INFO - Filling up the DagBag from /home/airflow/.local/lib/python3.8/site-packages/airflow/example_dags/example_short_circuit_operator.py
[2024-01-13T12:16:31.377+0000] {processor.py:840} INFO - DAG(s) 'example_short_circuit_operator' retrieved from /home/airflow/.local/lib/python3.8/site-packages/airflow/example_dags/example_short_circuit_operator.py
[2024-01-13T12:16:31.422+0000] {logging_mixin.py:188} INFO - [2024-01-13T12:16:31.422+0000] {dag.py:3033} INFO - Sync 1 DAGs
[2024-01-13T12:16:31.465+0000] {logging_mixin.py:188} INFO - [2024-01-13T12:16:31.465+0000] {dag.py:3820} INFO - Setting next_dagrun for example_short_circuit_operator to 2024-01-12T00:00:00+00:00, run_after=2024-01-13T00:00:00+00:00
[2024-01-13T12:16:31.495+0000] {processor.py:183} INFO - Processing /home/airflow/.local/lib/python3.8/site-packages/airflow/example_dags/example_short_circuit_operator.py took 0.163 seconds
[2024-01-13T12:17:01.623+0000] {processor.py:161} INFO - Started process (PID=1161) to work on /home/airflow/.local/lib/python3.8/site-packages/airflow/example_dags/example_short_circuit_operator.py
[2024-01-13T12:17:01.624+0000] {processor.py:830} INFO - Processing file /home/airflow/.local/lib/python3.8/site-packages/airflow/example_dags/example_short_circuit_operator.py for tasks to queue
[2024-01-13T12:17:01.628+0000] {logging_mixin.py:188} INFO - [2024-01-13T12:17:01.627+0000] {dagbag.py:538} INFO - Filling up the DagBag from /home/airflow/.local/lib/python3.8/site-packages/airflow/example_dags/example_short_circuit_operator.py
[2024-01-13T12:17:01.639+0000] {processor.py:840} INFO - DAG(s) 'example_short_circuit_operator' retrieved from /home/airflow/.local/lib/python3.8/site-packages/airflow/example_dags/example_short_circuit_operator.py
[2024-01-13T12:17:01.673+0000] {logging_mixin.py:188} INFO - [2024-01-13T12:17:01.673+0000] {dag.py:3033} INFO - Sync 1 DAGs
[2024-01-13T12:17:01.704+0000] {logging_mixin.py:188} INFO - [2024-01-13T12:17:01.704+0000] {dag.py:3820} INFO - Setting next_dagrun for example_short_circuit_operator to 2024-01-12T00:00:00+00:00, run_after=2024-01-13T00:00:00+00:00
[2024-01-13T12:17:01.733+0000] {processor.py:183} INFO - Processing /home/airflow/.local/lib/python3.8/site-packages/airflow/example_dags/example_short_circuit_operator.py took 0.115 seconds
[2024-01-13T12:17:31.785+0000] {processor.py:161} INFO - Started process (PID=1220) to work on /home/airflow/.local/lib/python3.8/site-packages/airflow/example_dags/example_short_circuit_operator.py
[2024-01-13T12:17:31.788+0000] {processor.py:830} INFO - Processing file /home/airflow/.local/lib/python3.8/site-packages/airflow/example_dags/example_short_circuit_operator.py for tasks to queue
[2024-01-13T12:17:31.791+0000] {logging_mixin.py:188} INFO - [2024-01-13T12:17:31.791+0000] {dagbag.py:538} INFO - Filling up the DagBag from /home/airflow/.local/lib/python3.8/site-packages/airflow/example_dags/example_short_circuit_operator.py
[2024-01-13T12:17:31.802+0000] {processor.py:840} INFO - DAG(s) 'example_short_circuit_operator' retrieved from /home/airflow/.local/lib/python3.8/site-packages/airflow/example_dags/example_short_circuit_operator.py
[2024-01-13T12:17:31.835+0000] {logging_mixin.py:188} INFO - [2024-01-13T12:17:31.835+0000] {dag.py:3033} INFO - Sync 1 DAGs
[2024-01-13T12:17:31.870+0000] {logging_mixin.py:188} INFO - [2024-01-13T12:17:31.869+0000] {dag.py:3820} INFO - Setting next_dagrun for example_short_circuit_operator to 2024-01-12T00:00:00+00:00, run_after=2024-01-13T00:00:00+00:00
[2024-01-13T12:17:31.896+0000] {processor.py:183} INFO - Processing /home/airflow/.local/lib/python3.8/site-packages/airflow/example_dags/example_short_circuit_operator.py took 0.116 seconds
[2024-01-13T12:18:01.979+0000] {processor.py:161} INFO - Started process (PID=1279) to work on /home/airflow/.local/lib/python3.8/site-packages/airflow/example_dags/example_short_circuit_operator.py
[2024-01-13T12:18:01.981+0000] {processor.py:830} INFO - Processing file /home/airflow/.local/lib/python3.8/site-packages/airflow/example_dags/example_short_circuit_operator.py for tasks to queue
[2024-01-13T12:18:01.984+0000] {logging_mixin.py:188} INFO - [2024-01-13T12:18:01.984+0000] {dagbag.py:538} INFO - Filling up the DagBag from /home/airflow/.local/lib/python3.8/site-packages/airflow/example_dags/example_short_circuit_operator.py
[2024-01-13T12:18:01.995+0000] {processor.py:840} INFO - DAG(s) 'example_short_circuit_operator' retrieved from /home/airflow/.local/lib/python3.8/site-packages/airflow/example_dags/example_short_circuit_operator.py
[2024-01-13T12:18:02.028+0000] {logging_mixin.py:188} INFO - [2024-01-13T12:18:02.028+0000] {dag.py:3033} INFO - Sync 1 DAGs
[2024-01-13T12:18:02.059+0000] {logging_mixin.py:188} INFO - [2024-01-13T12:18:02.059+0000] {dag.py:3820} INFO - Setting next_dagrun for example_short_circuit_operator to 2024-01-12T00:00:00+00:00, run_after=2024-01-13T00:00:00+00:00
[2024-01-13T12:18:02.086+0000] {processor.py:183} INFO - Processing /home/airflow/.local/lib/python3.8/site-packages/airflow/example_dags/example_short_circuit_operator.py took 0.112 seconds
[2024-01-13T12:18:32.354+0000] {processor.py:161} INFO - Started process (PID=1338) to work on /home/airflow/.local/lib/python3.8/site-packages/airflow/example_dags/example_short_circuit_operator.py
[2024-01-13T12:18:32.356+0000] {processor.py:830} INFO - Processing file /home/airflow/.local/lib/python3.8/site-packages/airflow/example_dags/example_short_circuit_operator.py for tasks to queue
[2024-01-13T12:18:32.359+0000] {logging_mixin.py:188} INFO - [2024-01-13T12:18:32.359+0000] {dagbag.py:538} INFO - Filling up the DagBag from /home/airflow/.local/lib/python3.8/site-packages/airflow/example_dags/example_short_circuit_operator.py
[2024-01-13T12:18:32.370+0000] {processor.py:840} INFO - DAG(s) 'example_short_circuit_operator' retrieved from /home/airflow/.local/lib/python3.8/site-packages/airflow/example_dags/example_short_circuit_operator.py
[2024-01-13T12:18:32.401+0000] {logging_mixin.py:188} INFO - [2024-01-13T12:18:32.401+0000] {dag.py:3033} INFO - Sync 1 DAGs
[2024-01-13T12:18:32.429+0000] {logging_mixin.py:188} INFO - [2024-01-13T12:18:32.429+0000] {dag.py:3820} INFO - Setting next_dagrun for example_short_circuit_operator to 2024-01-12T00:00:00+00:00, run_after=2024-01-13T00:00:00+00:00
[2024-01-13T12:18:32.452+0000] {processor.py:183} INFO - Processing /home/airflow/.local/lib/python3.8/site-packages/airflow/example_dags/example_short_circuit_operator.py took 0.104 seconds
[2024-01-13T12:19:02.675+0000] {processor.py:161} INFO - Started process (PID=1409) to work on /home/airflow/.local/lib/python3.8/site-packages/airflow/example_dags/example_short_circuit_operator.py
[2024-01-13T12:19:02.676+0000] {processor.py:830} INFO - Processing file /home/airflow/.local/lib/python3.8/site-packages/airflow/example_dags/example_short_circuit_operator.py for tasks to queue
[2024-01-13T12:19:02.679+0000] {logging_mixin.py:188} INFO - [2024-01-13T12:19:02.679+0000] {dagbag.py:538} INFO - Filling up the DagBag from /home/airflow/.local/lib/python3.8/site-packages/airflow/example_dags/example_short_circuit_operator.py
[2024-01-13T12:19:02.690+0000] {processor.py:840} INFO - DAG(s) 'example_short_circuit_operator' retrieved from /home/airflow/.local/lib/python3.8/site-packages/airflow/example_dags/example_short_circuit_operator.py
[2024-01-13T12:19:02.722+0000] {logging_mixin.py:188} INFO - [2024-01-13T12:19:02.721+0000] {dag.py:3033} INFO - Sync 1 DAGs
[2024-01-13T12:19:02.751+0000] {logging_mixin.py:188} INFO - [2024-01-13T12:19:02.751+0000] {dag.py:3820} INFO - Setting next_dagrun for example_short_circuit_operator to 2024-01-12T00:00:00+00:00, run_after=2024-01-13T00:00:00+00:00
[2024-01-13T12:19:02.776+0000] {processor.py:183} INFO - Processing /home/airflow/.local/lib/python3.8/site-packages/airflow/example_dags/example_short_circuit_operator.py took 0.106 seconds
[2024-01-13T12:19:32.910+0000] {processor.py:161} INFO - Started process (PID=1468) to work on /home/airflow/.local/lib/python3.8/site-packages/airflow/example_dags/example_short_circuit_operator.py
[2024-01-13T12:19:32.912+0000] {processor.py:830} INFO - Processing file /home/airflow/.local/lib/python3.8/site-packages/airflow/example_dags/example_short_circuit_operator.py for tasks to queue
[2024-01-13T12:19:32.916+0000] {logging_mixin.py:188} INFO - [2024-01-13T12:19:32.915+0000] {dagbag.py:538} INFO - Filling up the DagBag from /home/airflow/.local/lib/python3.8/site-packages/airflow/example_dags/example_short_circuit_operator.py
[2024-01-13T12:19:32.927+0000] {processor.py:840} INFO - DAG(s) 'example_short_circuit_operator' retrieved from /home/airflow/.local/lib/python3.8/site-packages/airflow/example_dags/example_short_circuit_operator.py
[2024-01-13T12:19:32.970+0000] {logging_mixin.py:188} INFO - [2024-01-13T12:19:32.970+0000] {dag.py:3033} INFO - Sync 1 DAGs
[2024-01-13T12:19:33.005+0000] {logging_mixin.py:188} INFO - [2024-01-13T12:19:33.005+0000] {dag.py:3820} INFO - Setting next_dagrun for example_short_circuit_operator to 2024-01-12T00:00:00+00:00, run_after=2024-01-13T00:00:00+00:00
[2024-01-13T12:19:33.029+0000] {processor.py:183} INFO - Processing /home/airflow/.local/lib/python3.8/site-packages/airflow/example_dags/example_short_circuit_operator.py took 0.125 seconds
[2024-01-13T12:20:03.346+0000] {processor.py:161} INFO - Started process (PID=1527) to work on /home/airflow/.local/lib/python3.8/site-packages/airflow/example_dags/example_short_circuit_operator.py
[2024-01-13T12:20:03.347+0000] {processor.py:830} INFO - Processing file /home/airflow/.local/lib/python3.8/site-packages/airflow/example_dags/example_short_circuit_operator.py for tasks to queue
[2024-01-13T12:20:03.351+0000] {logging_mixin.py:188} INFO - [2024-01-13T12:20:03.350+0000] {dagbag.py:538} INFO - Filling up the DagBag from /home/airflow/.local/lib/python3.8/site-packages/airflow/example_dags/example_short_circuit_operator.py
[2024-01-13T12:20:03.361+0000] {processor.py:840} INFO - DAG(s) 'example_short_circuit_operator' retrieved from /home/airflow/.local/lib/python3.8/site-packages/airflow/example_dags/example_short_circuit_operator.py
[2024-01-13T12:20:03.404+0000] {logging_mixin.py:188} INFO - [2024-01-13T12:20:03.403+0000] {dag.py:3033} INFO - Sync 1 DAGs
[2024-01-13T12:20:03.434+0000] {logging_mixin.py:188} INFO - [2024-01-13T12:20:03.434+0000] {dag.py:3820} INFO - Setting next_dagrun for example_short_circuit_operator to 2024-01-12T00:00:00+00:00, run_after=2024-01-13T00:00:00+00:00
[2024-01-13T12:20:03.457+0000] {processor.py:183} INFO - Processing /home/airflow/.local/lib/python3.8/site-packages/airflow/example_dags/example_short_circuit_operator.py took 0.116 seconds
[2024-01-13T12:20:33.697+0000] {processor.py:161} INFO - Started process (PID=1587) to work on /home/airflow/.local/lib/python3.8/site-packages/airflow/example_dags/example_short_circuit_operator.py
[2024-01-13T12:20:33.699+0000] {processor.py:830} INFO - Processing file /home/airflow/.local/lib/python3.8/site-packages/airflow/example_dags/example_short_circuit_operator.py for tasks to queue
[2024-01-13T12:20:33.703+0000] {logging_mixin.py:188} INFO - [2024-01-13T12:20:33.703+0000] {dagbag.py:538} INFO - Filling up the DagBag from /home/airflow/.local/lib/python3.8/site-packages/airflow/example_dags/example_short_circuit_operator.py
[2024-01-13T12:20:33.714+0000] {processor.py:840} INFO - DAG(s) 'example_short_circuit_operator' retrieved from /home/airflow/.local/lib/python3.8/site-packages/airflow/example_dags/example_short_circuit_operator.py
[2024-01-13T12:20:33.753+0000] {logging_mixin.py:188} INFO - [2024-01-13T12:20:33.753+0000] {dag.py:3033} INFO - Sync 1 DAGs
[2024-01-13T12:20:33.791+0000] {logging_mixin.py:188} INFO - [2024-01-13T12:20:33.791+0000] {dag.py:3820} INFO - Setting next_dagrun for example_short_circuit_operator to 2024-01-12T00:00:00+00:00, run_after=2024-01-13T00:00:00+00:00
[2024-01-13T12:20:33.816+0000] {processor.py:183} INFO - Processing /home/airflow/.local/lib/python3.8/site-packages/airflow/example_dags/example_short_circuit_operator.py took 0.124 seconds
[2024-01-13T12:21:04.100+0000] {processor.py:161} INFO - Started process (PID=1650) to work on /home/airflow/.local/lib/python3.8/site-packages/airflow/example_dags/example_short_circuit_operator.py
[2024-01-13T12:21:04.102+0000] {processor.py:830} INFO - Processing file /home/airflow/.local/lib/python3.8/site-packages/airflow/example_dags/example_short_circuit_operator.py for tasks to queue
[2024-01-13T12:21:04.105+0000] {logging_mixin.py:188} INFO - [2024-01-13T12:21:04.104+0000] {dagbag.py:538} INFO - Filling up the DagBag from /home/airflow/.local/lib/python3.8/site-packages/airflow/example_dags/example_short_circuit_operator.py
[2024-01-13T12:21:04.116+0000] {processor.py:840} INFO - DAG(s) 'example_short_circuit_operator' retrieved from /home/airflow/.local/lib/python3.8/site-packages/airflow/example_dags/example_short_circuit_operator.py
[2024-01-13T12:21:04.153+0000] {logging_mixin.py:188} INFO - [2024-01-13T12:21:04.153+0000] {dag.py:3033} INFO - Sync 1 DAGs
[2024-01-13T12:21:04.185+0000] {logging_mixin.py:188} INFO - [2024-01-13T12:21:04.185+0000] {dag.py:3820} INFO - Setting next_dagrun for example_short_circuit_operator to 2024-01-12T00:00:00+00:00, run_after=2024-01-13T00:00:00+00:00
[2024-01-13T12:21:04.208+0000] {processor.py:183} INFO - Processing /home/airflow/.local/lib/python3.8/site-packages/airflow/example_dags/example_short_circuit_operator.py took 0.113 seconds
[2024-01-13T12:21:34.632+0000] {processor.py:161} INFO - Started process (PID=1721) to work on /home/airflow/.local/lib/python3.8/site-packages/airflow/example_dags/example_short_circuit_operator.py
[2024-01-13T12:21:34.636+0000] {processor.py:830} INFO - Processing file /home/airflow/.local/lib/python3.8/site-packages/airflow/example_dags/example_short_circuit_operator.py for tasks to queue
[2024-01-13T12:21:34.640+0000] {logging_mixin.py:188} INFO - [2024-01-13T12:21:34.640+0000] {dagbag.py:538} INFO - Filling up the DagBag from /home/airflow/.local/lib/python3.8/site-packages/airflow/example_dags/example_short_circuit_operator.py
[2024-01-13T12:21:34.659+0000] {processor.py:840} INFO - DAG(s) 'example_short_circuit_operator' retrieved from /home/airflow/.local/lib/python3.8/site-packages/airflow/example_dags/example_short_circuit_operator.py
[2024-01-13T12:21:34.705+0000] {logging_mixin.py:188} INFO - [2024-01-13T12:21:34.704+0000] {dag.py:3033} INFO - Sync 1 DAGs
[2024-01-13T12:21:34.749+0000] {logging_mixin.py:188} INFO - [2024-01-13T12:21:34.748+0000] {dag.py:3820} INFO - Setting next_dagrun for example_short_circuit_operator to 2024-01-12T00:00:00+00:00, run_after=2024-01-13T00:00:00+00:00
[2024-01-13T12:21:34.781+0000] {processor.py:183} INFO - Processing /home/airflow/.local/lib/python3.8/site-packages/airflow/example_dags/example_short_circuit_operator.py took 0.156 seconds
[2024-01-13T12:22:05.712+0000] {processor.py:161} INFO - Started process (PID=1788) to work on /home/airflow/.local/lib/python3.8/site-packages/airflow/example_dags/example_short_circuit_operator.py
[2024-01-13T12:22:05.714+0000] {processor.py:830} INFO - Processing file /home/airflow/.local/lib/python3.8/site-packages/airflow/example_dags/example_short_circuit_operator.py for tasks to queue
[2024-01-13T12:22:05.719+0000] {logging_mixin.py:188} INFO - [2024-01-13T12:22:05.718+0000] {dagbag.py:538} INFO - Filling up the DagBag from /home/airflow/.local/lib/python3.8/site-packages/airflow/example_dags/example_short_circuit_operator.py
[2024-01-13T12:22:05.733+0000] {processor.py:840} INFO - DAG(s) 'example_short_circuit_operator' retrieved from /home/airflow/.local/lib/python3.8/site-packages/airflow/example_dags/example_short_circuit_operator.py
[2024-01-13T12:22:05.767+0000] {logging_mixin.py:188} INFO - [2024-01-13T12:22:05.767+0000] {dag.py:3033} INFO - Sync 1 DAGs
[2024-01-13T12:22:05.800+0000] {logging_mixin.py:188} INFO - [2024-01-13T12:22:05.799+0000] {dag.py:3820} INFO - Setting next_dagrun for example_short_circuit_operator to 2024-01-12T00:00:00+00:00, run_after=2024-01-13T00:00:00+00:00
[2024-01-13T12:22:05.824+0000] {processor.py:183} INFO - Processing /home/airflow/.local/lib/python3.8/site-packages/airflow/example_dags/example_short_circuit_operator.py took 0.118 seconds
[2024-01-13T12:22:36.608+0000] {processor.py:161} INFO - Started process (PID=1871) to work on /home/airflow/.local/lib/python3.8/site-packages/airflow/example_dags/example_short_circuit_operator.py
[2024-01-13T12:22:36.611+0000] {processor.py:830} INFO - Processing file /home/airflow/.local/lib/python3.8/site-packages/airflow/example_dags/example_short_circuit_operator.py for tasks to queue
[2024-01-13T12:22:36.627+0000] {logging_mixin.py:188} INFO - [2024-01-13T12:22:36.627+0000] {dagbag.py:538} INFO - Filling up the DagBag from /home/airflow/.local/lib/python3.8/site-packages/airflow/example_dags/example_short_circuit_operator.py
[2024-01-13T12:22:36.663+0000] {processor.py:840} INFO - DAG(s) 'example_short_circuit_operator' retrieved from /home/airflow/.local/lib/python3.8/site-packages/airflow/example_dags/example_short_circuit_operator.py
[2024-01-13T12:22:36.774+0000] {logging_mixin.py:188} INFO - [2024-01-13T12:22:36.774+0000] {dag.py:3033} INFO - Sync 1 DAGs
[2024-01-13T12:22:36.852+0000] {logging_mixin.py:188} INFO - [2024-01-13T12:22:36.852+0000] {dag.py:3820} INFO - Setting next_dagrun for example_short_circuit_operator to 2024-01-12T00:00:00+00:00, run_after=2024-01-13T00:00:00+00:00
[2024-01-13T12:22:36.899+0000] {processor.py:183} INFO - Processing /home/airflow/.local/lib/python3.8/site-packages/airflow/example_dags/example_short_circuit_operator.py took 0.304 seconds
[2024-01-13T12:23:07.398+0000] {processor.py:161} INFO - Started process (PID=1944) to work on /home/airflow/.local/lib/python3.8/site-packages/airflow/example_dags/example_short_circuit_operator.py
[2024-01-13T12:23:07.400+0000] {processor.py:830} INFO - Processing file /home/airflow/.local/lib/python3.8/site-packages/airflow/example_dags/example_short_circuit_operator.py for tasks to queue
[2024-01-13T12:23:07.405+0000] {logging_mixin.py:188} INFO - [2024-01-13T12:23:07.404+0000] {dagbag.py:538} INFO - Filling up the DagBag from /home/airflow/.local/lib/python3.8/site-packages/airflow/example_dags/example_short_circuit_operator.py
[2024-01-13T12:23:07.420+0000] {processor.py:840} INFO - DAG(s) 'example_short_circuit_operator' retrieved from /home/airflow/.local/lib/python3.8/site-packages/airflow/example_dags/example_short_circuit_operator.py
[2024-01-13T12:23:07.460+0000] {logging_mixin.py:188} INFO - [2024-01-13T12:23:07.460+0000] {dag.py:3033} INFO - Sync 1 DAGs
[2024-01-13T12:23:07.494+0000] {logging_mixin.py:188} INFO - [2024-01-13T12:23:07.494+0000] {dag.py:3820} INFO - Setting next_dagrun for example_short_circuit_operator to 2024-01-12T00:00:00+00:00, run_after=2024-01-13T00:00:00+00:00
[2024-01-13T12:23:07.520+0000] {processor.py:183} INFO - Processing /home/airflow/.local/lib/python3.8/site-packages/airflow/example_dags/example_short_circuit_operator.py took 0.129 seconds
[2024-01-13T12:23:38.177+0000] {processor.py:161} INFO - Started process (PID=2003) to work on /home/airflow/.local/lib/python3.8/site-packages/airflow/example_dags/example_short_circuit_operator.py
[2024-01-13T12:23:38.180+0000] {processor.py:830} INFO - Processing file /home/airflow/.local/lib/python3.8/site-packages/airflow/example_dags/example_short_circuit_operator.py for tasks to queue
[2024-01-13T12:23:38.185+0000] {logging_mixin.py:188} INFO - [2024-01-13T12:23:38.184+0000] {dagbag.py:538} INFO - Filling up the DagBag from /home/airflow/.local/lib/python3.8/site-packages/airflow/example_dags/example_short_circuit_operator.py
[2024-01-13T12:23:38.201+0000] {processor.py:840} INFO - DAG(s) 'example_short_circuit_operator' retrieved from /home/airflow/.local/lib/python3.8/site-packages/airflow/example_dags/example_short_circuit_operator.py
[2024-01-13T12:23:38.241+0000] {logging_mixin.py:188} INFO - [2024-01-13T12:23:38.240+0000] {dag.py:3033} INFO - Sync 1 DAGs
[2024-01-13T12:23:38.273+0000] {logging_mixin.py:188} INFO - [2024-01-13T12:23:38.273+0000] {dag.py:3820} INFO - Setting next_dagrun for example_short_circuit_operator to 2024-01-12T00:00:00+00:00, run_after=2024-01-13T00:00:00+00:00
[2024-01-13T12:23:38.301+0000] {processor.py:183} INFO - Processing /home/airflow/.local/lib/python3.8/site-packages/airflow/example_dags/example_short_circuit_operator.py took 0.131 seconds
[2024-01-13T12:24:08.434+0000] {processor.py:161} INFO - Started process (PID=2062) to work on /home/airflow/.local/lib/python3.8/site-packages/airflow/example_dags/example_short_circuit_operator.py
[2024-01-13T12:24:08.436+0000] {processor.py:830} INFO - Processing file /home/airflow/.local/lib/python3.8/site-packages/airflow/example_dags/example_short_circuit_operator.py for tasks to queue
[2024-01-13T12:24:08.439+0000] {logging_mixin.py:188} INFO - [2024-01-13T12:24:08.438+0000] {dagbag.py:538} INFO - Filling up the DagBag from /home/airflow/.local/lib/python3.8/site-packages/airflow/example_dags/example_short_circuit_operator.py
[2024-01-13T12:24:08.449+0000] {processor.py:840} INFO - DAG(s) 'example_short_circuit_operator' retrieved from /home/airflow/.local/lib/python3.8/site-packages/airflow/example_dags/example_short_circuit_operator.py
[2024-01-13T12:24:08.480+0000] {logging_mixin.py:188} INFO - [2024-01-13T12:24:08.480+0000] {dag.py:3033} INFO - Sync 1 DAGs
[2024-01-13T12:24:08.513+0000] {logging_mixin.py:188} INFO - [2024-01-13T12:24:08.513+0000] {dag.py:3820} INFO - Setting next_dagrun for example_short_circuit_operator to 2024-01-12T00:00:00+00:00, run_after=2024-01-13T00:00:00+00:00
[2024-01-13T12:24:08.539+0000] {processor.py:183} INFO - Processing /home/airflow/.local/lib/python3.8/site-packages/airflow/example_dags/example_short_circuit_operator.py took 0.111 seconds
[2024-01-13T12:24:38.800+0000] {processor.py:161} INFO - Started process (PID=2121) to work on /home/airflow/.local/lib/python3.8/site-packages/airflow/example_dags/example_short_circuit_operator.py
[2024-01-13T12:24:38.802+0000] {processor.py:830} INFO - Processing file /home/airflow/.local/lib/python3.8/site-packages/airflow/example_dags/example_short_circuit_operator.py for tasks to queue
[2024-01-13T12:24:38.806+0000] {logging_mixin.py:188} INFO - [2024-01-13T12:24:38.806+0000] {dagbag.py:538} INFO - Filling up the DagBag from /home/airflow/.local/lib/python3.8/site-packages/airflow/example_dags/example_short_circuit_operator.py
[2024-01-13T12:24:38.819+0000] {processor.py:840} INFO - DAG(s) 'example_short_circuit_operator' retrieved from /home/airflow/.local/lib/python3.8/site-packages/airflow/example_dags/example_short_circuit_operator.py
[2024-01-13T12:24:38.853+0000] {logging_mixin.py:188} INFO - [2024-01-13T12:24:38.853+0000] {dag.py:3033} INFO - Sync 1 DAGs
[2024-01-13T12:24:38.883+0000] {logging_mixin.py:188} INFO - [2024-01-13T12:24:38.883+0000] {dag.py:3820} INFO - Setting next_dagrun for example_short_circuit_operator to 2024-01-12T00:00:00+00:00, run_after=2024-01-13T00:00:00+00:00
[2024-01-13T12:24:38.909+0000] {processor.py:183} INFO - Processing /home/airflow/.local/lib/python3.8/site-packages/airflow/example_dags/example_short_circuit_operator.py took 0.117 seconds
[2024-01-13T12:25:09.320+0000] {processor.py:161} INFO - Started process (PID=2181) to work on /home/airflow/.local/lib/python3.8/site-packages/airflow/example_dags/example_short_circuit_operator.py
[2024-01-13T12:25:09.322+0000] {processor.py:830} INFO - Processing file /home/airflow/.local/lib/python3.8/site-packages/airflow/example_dags/example_short_circuit_operator.py for tasks to queue
[2024-01-13T12:25:09.326+0000] {logging_mixin.py:188} INFO - [2024-01-13T12:25:09.326+0000] {dagbag.py:538} INFO - Filling up the DagBag from /home/airflow/.local/lib/python3.8/site-packages/airflow/example_dags/example_short_circuit_operator.py
[2024-01-13T12:25:09.338+0000] {processor.py:840} INFO - DAG(s) 'example_short_circuit_operator' retrieved from /home/airflow/.local/lib/python3.8/site-packages/airflow/example_dags/example_short_circuit_operator.py
[2024-01-13T12:25:09.374+0000] {logging_mixin.py:188} INFO - [2024-01-13T12:25:09.373+0000] {dag.py:3033} INFO - Sync 1 DAGs
[2024-01-13T12:25:09.404+0000] {logging_mixin.py:188} INFO - [2024-01-13T12:25:09.403+0000] {dag.py:3820} INFO - Setting next_dagrun for example_short_circuit_operator to 2024-01-12T00:00:00+00:00, run_after=2024-01-13T00:00:00+00:00
[2024-01-13T12:25:09.430+0000] {processor.py:183} INFO - Processing /home/airflow/.local/lib/python3.8/site-packages/airflow/example_dags/example_short_circuit_operator.py took 0.119 seconds
