[2024-01-13T11:57:48.853+0000] {processor.py:161} INFO - Started process (PID=75) to work on /home/airflow/.local/lib/python3.8/site-packages/airflow/example_dags/example_bash_operator.py
[2024-01-13T11:57:48.854+0000] {processor.py:830} INFO - Processing file /home/airflow/.local/lib/python3.8/site-packages/airflow/example_dags/example_bash_operator.py for tasks to queue
[2024-01-13T11:57:48.870+0000] {logging_mixin.py:188} INFO - [2024-01-13T11:57:48.859+0000] {dagbag.py:538} INFO - Filling up the DagBag from /home/airflow/.local/lib/python3.8/site-packages/airflow/example_dags/example_bash_operator.py
[2024-01-13T11:57:48.897+0000] {processor.py:840} INFO - DAG(s) 'example_bash_operator' retrieved from /home/airflow/.local/lib/python3.8/site-packages/airflow/example_dags/example_bash_operator.py
[2024-01-13T11:57:49.106+0000] {logging_mixin.py:188} INFO - [2024-01-13T11:57:49.104+0000] {override.py:1769} INFO - Created Permission View: can edit on DAG:example_bash_operator
[2024-01-13T11:57:49.120+0000] {logging_mixin.py:188} INFO - [2024-01-13T11:57:49.119+0000] {override.py:1769} INFO - Created Permission View: can read on DAG:example_bash_operator
[2024-01-13T11:57:49.130+0000] {logging_mixin.py:188} INFO - [2024-01-13T11:57:49.129+0000] {override.py:1769} INFO - Created Permission View: can delete on DAG:example_bash_operator
[2024-01-13T11:57:49.130+0000] {logging_mixin.py:188} INFO - [2024-01-13T11:57:49.130+0000] {dag.py:3033} INFO - Sync 1 DAGs
[2024-01-13T11:57:49.150+0000] {logging_mixin.py:188} INFO - [2024-01-13T11:57:49.149+0000] {dag.py:3055} INFO - Creating ORM DAG for example_bash_operator
[2024-01-13T11:57:49.170+0000] {logging_mixin.py:188} INFO - [2024-01-13T11:57:49.169+0000] {dag.py:3820} INFO - Setting next_dagrun for example_bash_operator to 2024-01-12T00:00:00+00:00, run_after=2024-01-13T00:00:00+00:00
[2024-01-13T11:57:49.202+0000] {processor.py:183} INFO - Processing /home/airflow/.local/lib/python3.8/site-packages/airflow/example_dags/example_bash_operator.py took 0.366 seconds
[2024-01-13T11:58:19.560+0000] {processor.py:161} INFO - Started process (PID=134) to work on /home/airflow/.local/lib/python3.8/site-packages/airflow/example_dags/example_bash_operator.py
[2024-01-13T11:58:19.561+0000] {processor.py:830} INFO - Processing file /home/airflow/.local/lib/python3.8/site-packages/airflow/example_dags/example_bash_operator.py for tasks to queue
[2024-01-13T11:58:19.566+0000] {logging_mixin.py:188} INFO - [2024-01-13T11:58:19.565+0000] {dagbag.py:538} INFO - Filling up the DagBag from /home/airflow/.local/lib/python3.8/site-packages/airflow/example_dags/example_bash_operator.py
[2024-01-13T11:58:19.588+0000] {processor.py:840} INFO - DAG(s) 'example_bash_operator' retrieved from /home/airflow/.local/lib/python3.8/site-packages/airflow/example_dags/example_bash_operator.py
[2024-01-13T11:58:19.645+0000] {logging_mixin.py:188} INFO - [2024-01-13T11:58:19.645+0000] {dag.py:3033} INFO - Sync 1 DAGs
[2024-01-13T11:58:19.673+0000] {logging_mixin.py:188} INFO - [2024-01-13T11:58:19.673+0000] {dag.py:3820} INFO - Setting next_dagrun for example_bash_operator to 2024-01-12T00:00:00+00:00, run_after=2024-01-13T00:00:00+00:00
[2024-01-13T11:58:19.696+0000] {processor.py:183} INFO - Processing /home/airflow/.local/lib/python3.8/site-packages/airflow/example_dags/example_bash_operator.py took 0.142 seconds
[2024-01-13T11:58:49.936+0000] {processor.py:161} INFO - Started process (PID=193) to work on /home/airflow/.local/lib/python3.8/site-packages/airflow/example_dags/example_bash_operator.py
[2024-01-13T11:58:49.950+0000] {processor.py:830} INFO - Processing file /home/airflow/.local/lib/python3.8/site-packages/airflow/example_dags/example_bash_operator.py for tasks to queue
[2024-01-13T11:58:49.964+0000] {logging_mixin.py:188} INFO - [2024-01-13T11:58:49.963+0000] {dagbag.py:538} INFO - Filling up the DagBag from /home/airflow/.local/lib/python3.8/site-packages/airflow/example_dags/example_bash_operator.py
[2024-01-13T11:58:50.019+0000] {processor.py:840} INFO - DAG(s) 'example_bash_operator' retrieved from /home/airflow/.local/lib/python3.8/site-packages/airflow/example_dags/example_bash_operator.py
[2024-01-13T11:58:50.080+0000] {logging_mixin.py:188} INFO - [2024-01-13T11:58:50.080+0000] {dag.py:3033} INFO - Sync 1 DAGs
[2024-01-13T11:58:50.133+0000] {logging_mixin.py:188} INFO - [2024-01-13T11:58:50.132+0000] {dag.py:3820} INFO - Setting next_dagrun for example_bash_operator to 2024-01-12T00:00:00+00:00, run_after=2024-01-13T00:00:00+00:00
[2024-01-13T11:58:50.169+0000] {processor.py:183} INFO - Processing /home/airflow/.local/lib/python3.8/site-packages/airflow/example_dags/example_bash_operator.py took 0.241 seconds
[2024-01-13T11:59:20.912+0000] {processor.py:161} INFO - Started process (PID=258) to work on /home/airflow/.local/lib/python3.8/site-packages/airflow/example_dags/example_bash_operator.py
[2024-01-13T11:59:20.913+0000] {processor.py:830} INFO - Processing file /home/airflow/.local/lib/python3.8/site-packages/airflow/example_dags/example_bash_operator.py for tasks to queue
[2024-01-13T11:59:20.917+0000] {logging_mixin.py:188} INFO - [2024-01-13T11:59:20.917+0000] {dagbag.py:538} INFO - Filling up the DagBag from /home/airflow/.local/lib/python3.8/site-packages/airflow/example_dags/example_bash_operator.py
[2024-01-13T11:59:20.936+0000] {processor.py:840} INFO - DAG(s) 'example_bash_operator' retrieved from /home/airflow/.local/lib/python3.8/site-packages/airflow/example_dags/example_bash_operator.py
[2024-01-13T11:59:20.985+0000] {logging_mixin.py:188} INFO - [2024-01-13T11:59:20.985+0000] {dag.py:3033} INFO - Sync 1 DAGs
[2024-01-13T11:59:21.016+0000] {logging_mixin.py:188} INFO - [2024-01-13T11:59:21.016+0000] {dag.py:3820} INFO - Setting next_dagrun for example_bash_operator to 2024-01-12T00:00:00+00:00, run_after=2024-01-13T00:00:00+00:00
[2024-01-13T11:59:21.038+0000] {processor.py:183} INFO - Processing /home/airflow/.local/lib/python3.8/site-packages/airflow/example_dags/example_bash_operator.py took 0.131 seconds
[2024-01-13T11:59:51.684+0000] {processor.py:161} INFO - Started process (PID=317) to work on /home/airflow/.local/lib/python3.8/site-packages/airflow/example_dags/example_bash_operator.py
[2024-01-13T11:59:51.687+0000] {processor.py:830} INFO - Processing file /home/airflow/.local/lib/python3.8/site-packages/airflow/example_dags/example_bash_operator.py for tasks to queue
[2024-01-13T11:59:51.691+0000] {logging_mixin.py:188} INFO - [2024-01-13T11:59:51.691+0000] {dagbag.py:538} INFO - Filling up the DagBag from /home/airflow/.local/lib/python3.8/site-packages/airflow/example_dags/example_bash_operator.py
[2024-01-13T11:59:51.708+0000] {processor.py:840} INFO - DAG(s) 'example_bash_operator' retrieved from /home/airflow/.local/lib/python3.8/site-packages/airflow/example_dags/example_bash_operator.py
[2024-01-13T11:59:51.756+0000] {logging_mixin.py:188} INFO - [2024-01-13T11:59:51.756+0000] {dag.py:3033} INFO - Sync 1 DAGs
[2024-01-13T11:59:51.790+0000] {logging_mixin.py:188} INFO - [2024-01-13T11:59:51.789+0000] {dag.py:3820} INFO - Setting next_dagrun for example_bash_operator to 2024-01-12T00:00:00+00:00, run_after=2024-01-13T00:00:00+00:00
[2024-01-13T11:59:51.811+0000] {processor.py:183} INFO - Processing /home/airflow/.local/lib/python3.8/site-packages/airflow/example_dags/example_bash_operator.py took 0.131 seconds
[2024-01-13T12:00:22.372+0000] {processor.py:161} INFO - Started process (PID=376) to work on /home/airflow/.local/lib/python3.8/site-packages/airflow/example_dags/example_bash_operator.py
[2024-01-13T12:00:22.373+0000] {processor.py:830} INFO - Processing file /home/airflow/.local/lib/python3.8/site-packages/airflow/example_dags/example_bash_operator.py for tasks to queue
[2024-01-13T12:00:22.377+0000] {logging_mixin.py:188} INFO - [2024-01-13T12:00:22.377+0000] {dagbag.py:538} INFO - Filling up the DagBag from /home/airflow/.local/lib/python3.8/site-packages/airflow/example_dags/example_bash_operator.py
[2024-01-13T12:00:22.396+0000] {processor.py:840} INFO - DAG(s) 'example_bash_operator' retrieved from /home/airflow/.local/lib/python3.8/site-packages/airflow/example_dags/example_bash_operator.py
[2024-01-13T12:00:22.441+0000] {logging_mixin.py:188} INFO - [2024-01-13T12:00:22.441+0000] {dag.py:3033} INFO - Sync 1 DAGs
[2024-01-13T12:00:22.476+0000] {logging_mixin.py:188} INFO - [2024-01-13T12:00:22.476+0000] {dag.py:3820} INFO - Setting next_dagrun for example_bash_operator to 2024-01-12T00:00:00+00:00, run_after=2024-01-13T00:00:00+00:00
[2024-01-13T12:00:22.502+0000] {processor.py:183} INFO - Processing /home/airflow/.local/lib/python3.8/site-packages/airflow/example_dags/example_bash_operator.py took 0.136 seconds
[2024-01-13T12:00:52.824+0000] {processor.py:161} INFO - Started process (PID=435) to work on /home/airflow/.local/lib/python3.8/site-packages/airflow/example_dags/example_bash_operator.py
[2024-01-13T12:00:52.826+0000] {processor.py:830} INFO - Processing file /home/airflow/.local/lib/python3.8/site-packages/airflow/example_dags/example_bash_operator.py for tasks to queue
[2024-01-13T12:00:52.830+0000] {logging_mixin.py:188} INFO - [2024-01-13T12:00:52.830+0000] {dagbag.py:538} INFO - Filling up the DagBag from /home/airflow/.local/lib/python3.8/site-packages/airflow/example_dags/example_bash_operator.py
[2024-01-13T12:00:52.850+0000] {processor.py:840} INFO - DAG(s) 'example_bash_operator' retrieved from /home/airflow/.local/lib/python3.8/site-packages/airflow/example_dags/example_bash_operator.py
[2024-01-13T12:00:52.891+0000] {logging_mixin.py:188} INFO - [2024-01-13T12:00:52.891+0000] {dag.py:3033} INFO - Sync 1 DAGs
[2024-01-13T12:00:52.919+0000] {logging_mixin.py:188} INFO - [2024-01-13T12:00:52.918+0000] {dag.py:3820} INFO - Setting next_dagrun for example_bash_operator to 2024-01-12T00:00:00+00:00, run_after=2024-01-13T00:00:00+00:00
[2024-01-13T12:00:52.941+0000] {processor.py:183} INFO - Processing /home/airflow/.local/lib/python3.8/site-packages/airflow/example_dags/example_bash_operator.py took 0.123 seconds
[2024-01-13T12:01:23.550+0000] {processor.py:161} INFO - Started process (PID=494) to work on /home/airflow/.local/lib/python3.8/site-packages/airflow/example_dags/example_bash_operator.py
[2024-01-13T12:01:23.551+0000] {processor.py:830} INFO - Processing file /home/airflow/.local/lib/python3.8/site-packages/airflow/example_dags/example_bash_operator.py for tasks to queue
[2024-01-13T12:01:23.556+0000] {logging_mixin.py:188} INFO - [2024-01-13T12:01:23.555+0000] {dagbag.py:538} INFO - Filling up the DagBag from /home/airflow/.local/lib/python3.8/site-packages/airflow/example_dags/example_bash_operator.py
[2024-01-13T12:01:23.572+0000] {processor.py:840} INFO - DAG(s) 'example_bash_operator' retrieved from /home/airflow/.local/lib/python3.8/site-packages/airflow/example_dags/example_bash_operator.py
[2024-01-13T12:01:23.608+0000] {logging_mixin.py:188} INFO - [2024-01-13T12:01:23.608+0000] {dag.py:3033} INFO - Sync 1 DAGs
[2024-01-13T12:01:23.649+0000] {logging_mixin.py:188} INFO - [2024-01-13T12:01:23.648+0000] {dag.py:3820} INFO - Setting next_dagrun for example_bash_operator to 2024-01-12T00:00:00+00:00, run_after=2024-01-13T00:00:00+00:00
[2024-01-13T12:01:23.673+0000] {processor.py:183} INFO - Processing /home/airflow/.local/lib/python3.8/site-packages/airflow/example_dags/example_bash_operator.py took 0.127 seconds
[2024-01-13T12:01:53.776+0000] {processor.py:161} INFO - Started process (PID=552) to work on /home/airflow/.local/lib/python3.8/site-packages/airflow/example_dags/example_bash_operator.py
[2024-01-13T12:01:53.778+0000] {processor.py:830} INFO - Processing file /home/airflow/.local/lib/python3.8/site-packages/airflow/example_dags/example_bash_operator.py for tasks to queue
[2024-01-13T12:01:53.781+0000] {logging_mixin.py:188} INFO - [2024-01-13T12:01:53.781+0000] {dagbag.py:538} INFO - Filling up the DagBag from /home/airflow/.local/lib/python3.8/site-packages/airflow/example_dags/example_bash_operator.py
[2024-01-13T12:01:53.797+0000] {processor.py:840} INFO - DAG(s) 'example_bash_operator' retrieved from /home/airflow/.local/lib/python3.8/site-packages/airflow/example_dags/example_bash_operator.py
[2024-01-13T12:01:53.835+0000] {logging_mixin.py:188} INFO - [2024-01-13T12:01:53.835+0000] {dag.py:3033} INFO - Sync 1 DAGs
[2024-01-13T12:01:53.863+0000] {logging_mixin.py:188} INFO - [2024-01-13T12:01:53.863+0000] {dag.py:3820} INFO - Setting next_dagrun for example_bash_operator to 2024-01-12T00:00:00+00:00, run_after=2024-01-13T00:00:00+00:00
[2024-01-13T12:01:53.888+0000] {processor.py:183} INFO - Processing /home/airflow/.local/lib/python3.8/site-packages/airflow/example_dags/example_bash_operator.py took 0.117 seconds
[2024-01-13T12:02:24.004+0000] {processor.py:161} INFO - Started process (PID=619) to work on /home/airflow/.local/lib/python3.8/site-packages/airflow/example_dags/example_bash_operator.py
[2024-01-13T12:02:24.005+0000] {processor.py:830} INFO - Processing file /home/airflow/.local/lib/python3.8/site-packages/airflow/example_dags/example_bash_operator.py for tasks to queue
[2024-01-13T12:02:24.007+0000] {logging_mixin.py:188} INFO - [2024-01-13T12:02:24.007+0000] {dagbag.py:538} INFO - Filling up the DagBag from /home/airflow/.local/lib/python3.8/site-packages/airflow/example_dags/example_bash_operator.py
[2024-01-13T12:02:24.024+0000] {processor.py:840} INFO - DAG(s) 'example_bash_operator' retrieved from /home/airflow/.local/lib/python3.8/site-packages/airflow/example_dags/example_bash_operator.py
[2024-01-13T12:02:24.062+0000] {logging_mixin.py:188} INFO - [2024-01-13T12:02:24.062+0000] {dag.py:3033} INFO - Sync 1 DAGs
[2024-01-13T12:02:24.091+0000] {logging_mixin.py:188} INFO - [2024-01-13T12:02:24.091+0000] {dag.py:3820} INFO - Setting next_dagrun for example_bash_operator to 2024-01-12T00:00:00+00:00, run_after=2024-01-13T00:00:00+00:00
[2024-01-13T12:02:24.114+0000] {processor.py:183} INFO - Processing /home/airflow/.local/lib/python3.8/site-packages/airflow/example_dags/example_bash_operator.py took 0.115 seconds
[2024-01-13T12:07:43.015+0000] {processor.py:161} INFO - Started process (PID=75) to work on /home/airflow/.local/lib/python3.8/site-packages/airflow/example_dags/example_bash_operator.py
[2024-01-13T12:07:43.018+0000] {processor.py:830} INFO - Processing file /home/airflow/.local/lib/python3.8/site-packages/airflow/example_dags/example_bash_operator.py for tasks to queue
[2024-01-13T12:07:43.022+0000] {logging_mixin.py:188} INFO - [2024-01-13T12:07:43.021+0000] {dagbag.py:538} INFO - Filling up the DagBag from /home/airflow/.local/lib/python3.8/site-packages/airflow/example_dags/example_bash_operator.py
[2024-01-13T12:07:43.048+0000] {processor.py:840} INFO - DAG(s) 'example_bash_operator' retrieved from /home/airflow/.local/lib/python3.8/site-packages/airflow/example_dags/example_bash_operator.py
[2024-01-13T12:07:43.073+0000] {logging_mixin.py:188} INFO - [2024-01-13T12:07:43.072+0000] {dag.py:3033} INFO - Sync 1 DAGs
[2024-01-13T12:07:43.118+0000] {logging_mixin.py:188} INFO - [2024-01-13T12:07:43.118+0000] {dag.py:3820} INFO - Setting next_dagrun for example_bash_operator to 2024-01-12T00:00:00+00:00, run_after=2024-01-13T00:00:00+00:00
[2024-01-13T12:07:43.157+0000] {processor.py:183} INFO - Processing /home/airflow/.local/lib/python3.8/site-packages/airflow/example_dags/example_bash_operator.py took 0.149 seconds
[2024-01-13T12:08:18.994+0000] {processor.py:161} INFO - Started process (PID=162) to work on /home/airflow/.local/lib/python3.8/site-packages/airflow/example_dags/example_bash_operator.py
[2024-01-13T12:08:18.997+0000] {processor.py:830} INFO - Processing file /home/airflow/.local/lib/python3.8/site-packages/airflow/example_dags/example_bash_operator.py for tasks to queue
[2024-01-13T12:08:19.005+0000] {logging_mixin.py:188} INFO - [2024-01-13T12:08:19.004+0000] {dagbag.py:538} INFO - Filling up the DagBag from /home/airflow/.local/lib/python3.8/site-packages/airflow/example_dags/example_bash_operator.py
[2024-01-13T12:08:19.048+0000] {processor.py:840} INFO - DAG(s) 'example_bash_operator' retrieved from /home/airflow/.local/lib/python3.8/site-packages/airflow/example_dags/example_bash_operator.py
[2024-01-13T12:08:19.348+0000] {logging_mixin.py:188} INFO - [2024-01-13T12:08:19.347+0000] {dag.py:3033} INFO - Sync 1 DAGs
[2024-01-13T12:08:19.396+0000] {logging_mixin.py:188} INFO - [2024-01-13T12:08:19.395+0000] {dag.py:3820} INFO - Setting next_dagrun for example_bash_operator to 2024-01-12T00:00:00+00:00, run_after=2024-01-13T00:00:00+00:00
[2024-01-13T12:08:19.431+0000] {processor.py:183} INFO - Processing /home/airflow/.local/lib/python3.8/site-packages/airflow/example_dags/example_bash_operator.py took 0.456 seconds
[2024-01-13T12:08:50.229+0000] {processor.py:161} INFO - Started process (PID=221) to work on /home/airflow/.local/lib/python3.8/site-packages/airflow/example_dags/example_bash_operator.py
[2024-01-13T12:08:50.232+0000] {processor.py:830} INFO - Processing file /home/airflow/.local/lib/python3.8/site-packages/airflow/example_dags/example_bash_operator.py for tasks to queue
[2024-01-13T12:08:50.237+0000] {logging_mixin.py:188} INFO - [2024-01-13T12:08:50.236+0000] {dagbag.py:538} INFO - Filling up the DagBag from /home/airflow/.local/lib/python3.8/site-packages/airflow/example_dags/example_bash_operator.py
[2024-01-13T12:08:50.255+0000] {processor.py:840} INFO - DAG(s) 'example_bash_operator' retrieved from /home/airflow/.local/lib/python3.8/site-packages/airflow/example_dags/example_bash_operator.py
[2024-01-13T12:08:50.293+0000] {logging_mixin.py:188} INFO - [2024-01-13T12:08:50.292+0000] {dag.py:3033} INFO - Sync 1 DAGs
[2024-01-13T12:08:50.322+0000] {logging_mixin.py:188} INFO - [2024-01-13T12:08:50.322+0000] {dag.py:3820} INFO - Setting next_dagrun for example_bash_operator to 2024-01-12T00:00:00+00:00, run_after=2024-01-13T00:00:00+00:00
[2024-01-13T12:08:50.343+0000] {processor.py:183} INFO - Processing /home/airflow/.local/lib/python3.8/site-packages/airflow/example_dags/example_bash_operator.py took 0.120 seconds
[2024-01-13T12:09:20.640+0000] {processor.py:161} INFO - Started process (PID=281) to work on /home/airflow/.local/lib/python3.8/site-packages/airflow/example_dags/example_bash_operator.py
[2024-01-13T12:09:20.641+0000] {processor.py:830} INFO - Processing file /home/airflow/.local/lib/python3.8/site-packages/airflow/example_dags/example_bash_operator.py for tasks to queue
[2024-01-13T12:09:20.646+0000] {logging_mixin.py:188} INFO - [2024-01-13T12:09:20.645+0000] {dagbag.py:538} INFO - Filling up the DagBag from /home/airflow/.local/lib/python3.8/site-packages/airflow/example_dags/example_bash_operator.py
[2024-01-13T12:09:20.664+0000] {processor.py:840} INFO - DAG(s) 'example_bash_operator' retrieved from /home/airflow/.local/lib/python3.8/site-packages/airflow/example_dags/example_bash_operator.py
[2024-01-13T12:09:20.703+0000] {logging_mixin.py:188} INFO - [2024-01-13T12:09:20.703+0000] {dag.py:3033} INFO - Sync 1 DAGs
[2024-01-13T12:09:20.732+0000] {logging_mixin.py:188} INFO - [2024-01-13T12:09:20.732+0000] {dag.py:3820} INFO - Setting next_dagrun for example_bash_operator to 2024-01-12T00:00:00+00:00, run_after=2024-01-13T00:00:00+00:00
[2024-01-13T12:09:20.754+0000] {processor.py:183} INFO - Processing /home/airflow/.local/lib/python3.8/site-packages/airflow/example_dags/example_bash_operator.py took 0.121 seconds
[2024-01-13T12:09:50.847+0000] {processor.py:161} INFO - Started process (PID=340) to work on /home/airflow/.local/lib/python3.8/site-packages/airflow/example_dags/example_bash_operator.py
[2024-01-13T12:09:50.910+0000] {processor.py:830} INFO - Processing file /home/airflow/.local/lib/python3.8/site-packages/airflow/example_dags/example_bash_operator.py for tasks to queue
[2024-01-13T12:09:50.915+0000] {logging_mixin.py:188} INFO - [2024-01-13T12:09:50.915+0000] {dagbag.py:538} INFO - Filling up the DagBag from /home/airflow/.local/lib/python3.8/site-packages/airflow/example_dags/example_bash_operator.py
[2024-01-13T12:09:50.942+0000] {processor.py:840} INFO - DAG(s) 'example_bash_operator' retrieved from /home/airflow/.local/lib/python3.8/site-packages/airflow/example_dags/example_bash_operator.py
[2024-01-13T12:09:50.992+0000] {logging_mixin.py:188} INFO - [2024-01-13T12:09:50.991+0000] {dag.py:3033} INFO - Sync 1 DAGs
[2024-01-13T12:09:51.036+0000] {logging_mixin.py:188} INFO - [2024-01-13T12:09:51.036+0000] {dag.py:3820} INFO - Setting next_dagrun for example_bash_operator to 2024-01-12T00:00:00+00:00, run_after=2024-01-13T00:00:00+00:00
[2024-01-13T12:09:51.059+0000] {processor.py:183} INFO - Processing /home/airflow/.local/lib/python3.8/site-packages/airflow/example_dags/example_bash_operator.py took 0.220 seconds
[2024-01-13T12:10:21.788+0000] {processor.py:161} INFO - Started process (PID=399) to work on /home/airflow/.local/lib/python3.8/site-packages/airflow/example_dags/example_bash_operator.py
[2024-01-13T12:10:21.790+0000] {processor.py:830} INFO - Processing file /home/airflow/.local/lib/python3.8/site-packages/airflow/example_dags/example_bash_operator.py for tasks to queue
[2024-01-13T12:10:21.794+0000] {logging_mixin.py:188} INFO - [2024-01-13T12:10:21.794+0000] {dagbag.py:538} INFO - Filling up the DagBag from /home/airflow/.local/lib/python3.8/site-packages/airflow/example_dags/example_bash_operator.py
[2024-01-13T12:10:21.810+0000] {processor.py:840} INFO - DAG(s) 'example_bash_operator' retrieved from /home/airflow/.local/lib/python3.8/site-packages/airflow/example_dags/example_bash_operator.py
[2024-01-13T12:10:21.849+0000] {logging_mixin.py:188} INFO - [2024-01-13T12:10:21.849+0000] {dag.py:3033} INFO - Sync 1 DAGs
[2024-01-13T12:10:21.881+0000] {logging_mixin.py:188} INFO - [2024-01-13T12:10:21.881+0000] {dag.py:3820} INFO - Setting next_dagrun for example_bash_operator to 2024-01-12T00:00:00+00:00, run_after=2024-01-13T00:00:00+00:00
[2024-01-13T12:10:21.910+0000] {processor.py:183} INFO - Processing /home/airflow/.local/lib/python3.8/site-packages/airflow/example_dags/example_bash_operator.py took 0.127 seconds
[2024-01-13T12:10:52.134+0000] {processor.py:161} INFO - Started process (PID=458) to work on /home/airflow/.local/lib/python3.8/site-packages/airflow/example_dags/example_bash_operator.py
[2024-01-13T12:10:52.135+0000] {processor.py:830} INFO - Processing file /home/airflow/.local/lib/python3.8/site-packages/airflow/example_dags/example_bash_operator.py for tasks to queue
[2024-01-13T12:10:52.139+0000] {logging_mixin.py:188} INFO - [2024-01-13T12:10:52.138+0000] {dagbag.py:538} INFO - Filling up the DagBag from /home/airflow/.local/lib/python3.8/site-packages/airflow/example_dags/example_bash_operator.py
[2024-01-13T12:10:52.154+0000] {processor.py:840} INFO - DAG(s) 'example_bash_operator' retrieved from /home/airflow/.local/lib/python3.8/site-packages/airflow/example_dags/example_bash_operator.py
[2024-01-13T12:10:52.201+0000] {logging_mixin.py:188} INFO - [2024-01-13T12:10:52.200+0000] {dag.py:3033} INFO - Sync 1 DAGs
[2024-01-13T12:10:52.249+0000] {logging_mixin.py:188} INFO - [2024-01-13T12:10:52.249+0000] {dag.py:3820} INFO - Setting next_dagrun for example_bash_operator to 2024-01-12T00:00:00+00:00, run_after=2024-01-13T00:00:00+00:00
[2024-01-13T12:10:52.282+0000] {processor.py:183} INFO - Processing /home/airflow/.local/lib/python3.8/site-packages/airflow/example_dags/example_bash_operator.py took 0.153 seconds
[2024-01-13T12:11:22.498+0000] {processor.py:161} INFO - Started process (PID=517) to work on /home/airflow/.local/lib/python3.8/site-packages/airflow/example_dags/example_bash_operator.py
[2024-01-13T12:11:22.500+0000] {processor.py:830} INFO - Processing file /home/airflow/.local/lib/python3.8/site-packages/airflow/example_dags/example_bash_operator.py for tasks to queue
[2024-01-13T12:11:22.504+0000] {logging_mixin.py:188} INFO - [2024-01-13T12:11:22.504+0000] {dagbag.py:538} INFO - Filling up the DagBag from /home/airflow/.local/lib/python3.8/site-packages/airflow/example_dags/example_bash_operator.py
[2024-01-13T12:11:22.520+0000] {processor.py:840} INFO - DAG(s) 'example_bash_operator' retrieved from /home/airflow/.local/lib/python3.8/site-packages/airflow/example_dags/example_bash_operator.py
[2024-01-13T12:11:22.558+0000] {logging_mixin.py:188} INFO - [2024-01-13T12:11:22.558+0000] {dag.py:3033} INFO - Sync 1 DAGs
[2024-01-13T12:11:22.590+0000] {logging_mixin.py:188} INFO - [2024-01-13T12:11:22.589+0000] {dag.py:3820} INFO - Setting next_dagrun for example_bash_operator to 2024-01-12T00:00:00+00:00, run_after=2024-01-13T00:00:00+00:00
[2024-01-13T12:11:22.615+0000] {processor.py:183} INFO - Processing /home/airflow/.local/lib/python3.8/site-packages/airflow/example_dags/example_bash_operator.py took 0.123 seconds
[2024-01-13T12:11:52.818+0000] {processor.py:161} INFO - Started process (PID=576) to work on /home/airflow/.local/lib/python3.8/site-packages/airflow/example_dags/example_bash_operator.py
[2024-01-13T12:11:52.819+0000] {processor.py:830} INFO - Processing file /home/airflow/.local/lib/python3.8/site-packages/airflow/example_dags/example_bash_operator.py for tasks to queue
[2024-01-13T12:11:52.823+0000] {logging_mixin.py:188} INFO - [2024-01-13T12:11:52.822+0000] {dagbag.py:538} INFO - Filling up the DagBag from /home/airflow/.local/lib/python3.8/site-packages/airflow/example_dags/example_bash_operator.py
[2024-01-13T12:11:52.842+0000] {processor.py:840} INFO - DAG(s) 'example_bash_operator' retrieved from /home/airflow/.local/lib/python3.8/site-packages/airflow/example_dags/example_bash_operator.py
[2024-01-13T12:11:52.881+0000] {logging_mixin.py:188} INFO - [2024-01-13T12:11:52.881+0000] {dag.py:3033} INFO - Sync 1 DAGs
[2024-01-13T12:11:52.915+0000] {logging_mixin.py:188} INFO - [2024-01-13T12:11:52.914+0000] {dag.py:3820} INFO - Setting next_dagrun for example_bash_operator to 2024-01-12T00:00:00+00:00, run_after=2024-01-13T00:00:00+00:00
[2024-01-13T12:11:52.939+0000] {processor.py:183} INFO - Processing /home/airflow/.local/lib/python3.8/site-packages/airflow/example_dags/example_bash_operator.py took 0.126 seconds
[2024-01-13T12:12:23.177+0000] {processor.py:161} INFO - Started process (PID=635) to work on /home/airflow/.local/lib/python3.8/site-packages/airflow/example_dags/example_bash_operator.py
[2024-01-13T12:12:23.179+0000] {processor.py:830} INFO - Processing file /home/airflow/.local/lib/python3.8/site-packages/airflow/example_dags/example_bash_operator.py for tasks to queue
[2024-01-13T12:12:23.182+0000] {logging_mixin.py:188} INFO - [2024-01-13T12:12:23.182+0000] {dagbag.py:538} INFO - Filling up the DagBag from /home/airflow/.local/lib/python3.8/site-packages/airflow/example_dags/example_bash_operator.py
[2024-01-13T12:12:23.198+0000] {processor.py:840} INFO - DAG(s) 'example_bash_operator' retrieved from /home/airflow/.local/lib/python3.8/site-packages/airflow/example_dags/example_bash_operator.py
[2024-01-13T12:12:23.235+0000] {logging_mixin.py:188} INFO - [2024-01-13T12:12:23.235+0000] {dag.py:3033} INFO - Sync 1 DAGs
[2024-01-13T12:12:23.263+0000] {logging_mixin.py:188} INFO - [2024-01-13T12:12:23.263+0000] {dag.py:3820} INFO - Setting next_dagrun for example_bash_operator to 2024-01-12T00:00:00+00:00, run_after=2024-01-13T00:00:00+00:00
[2024-01-13T12:12:23.289+0000] {processor.py:183} INFO - Processing /home/airflow/.local/lib/python3.8/site-packages/airflow/example_dags/example_bash_operator.py took 0.119 seconds
[2024-01-13T12:12:54.033+0000] {processor.py:161} INFO - Started process (PID=694) to work on /home/airflow/.local/lib/python3.8/site-packages/airflow/example_dags/example_bash_operator.py
[2024-01-13T12:12:54.035+0000] {processor.py:830} INFO - Processing file /home/airflow/.local/lib/python3.8/site-packages/airflow/example_dags/example_bash_operator.py for tasks to queue
[2024-01-13T12:12:54.039+0000] {logging_mixin.py:188} INFO - [2024-01-13T12:12:54.038+0000] {dagbag.py:538} INFO - Filling up the DagBag from /home/airflow/.local/lib/python3.8/site-packages/airflow/example_dags/example_bash_operator.py
[2024-01-13T12:12:54.062+0000] {processor.py:840} INFO - DAG(s) 'example_bash_operator' retrieved from /home/airflow/.local/lib/python3.8/site-packages/airflow/example_dags/example_bash_operator.py
[2024-01-13T12:12:54.123+0000] {logging_mixin.py:188} INFO - [2024-01-13T12:12:54.122+0000] {dag.py:3033} INFO - Sync 1 DAGs
[2024-01-13T12:12:54.168+0000] {logging_mixin.py:188} INFO - [2024-01-13T12:12:54.167+0000] {dag.py:3820} INFO - Setting next_dagrun for example_bash_operator to 2024-01-12T00:00:00+00:00, run_after=2024-01-13T00:00:00+00:00
[2024-01-13T12:12:54.203+0000] {processor.py:183} INFO - Processing /home/airflow/.local/lib/python3.8/site-packages/airflow/example_dags/example_bash_operator.py took 0.177 seconds
[2024-01-13T12:13:29.691+0000] {processor.py:161} INFO - Started process (PID=767) to work on /home/airflow/.local/lib/python3.8/site-packages/airflow/example_dags/example_bash_operator.py
[2024-01-13T12:13:29.695+0000] {processor.py:830} INFO - Processing file /home/airflow/.local/lib/python3.8/site-packages/airflow/example_dags/example_bash_operator.py for tasks to queue
[2024-01-13T12:13:29.703+0000] {logging_mixin.py:188} INFO - [2024-01-13T12:13:29.698+0000] {dagbag.py:538} INFO - Filling up the DagBag from /home/airflow/.local/lib/python3.8/site-packages/airflow/example_dags/example_bash_operator.py
[2024-01-13T12:13:29.730+0000] {processor.py:840} INFO - DAG(s) 'example_bash_operator' retrieved from /home/airflow/.local/lib/python3.8/site-packages/airflow/example_dags/example_bash_operator.py
[2024-01-13T12:13:29.833+0000] {logging_mixin.py:188} INFO - [2024-01-13T12:13:29.832+0000] {dag.py:3033} INFO - Sync 1 DAGs
[2024-01-13T12:13:29.906+0000] {logging_mixin.py:188} INFO - [2024-01-13T12:13:29.906+0000] {dag.py:3820} INFO - Setting next_dagrun for example_bash_operator to 2024-01-12T00:00:00+00:00, run_after=2024-01-13T00:00:00+00:00
[2024-01-13T12:13:29.958+0000] {processor.py:183} INFO - Processing /home/airflow/.local/lib/python3.8/site-packages/airflow/example_dags/example_bash_operator.py took 0.276 seconds
[2024-01-13T12:14:00.446+0000] {processor.py:161} INFO - Started process (PID=827) to work on /home/airflow/.local/lib/python3.8/site-packages/airflow/example_dags/example_bash_operator.py
[2024-01-13T12:14:00.448+0000] {processor.py:830} INFO - Processing file /home/airflow/.local/lib/python3.8/site-packages/airflow/example_dags/example_bash_operator.py for tasks to queue
[2024-01-13T12:14:00.451+0000] {logging_mixin.py:188} INFO - [2024-01-13T12:14:00.451+0000] {dagbag.py:538} INFO - Filling up the DagBag from /home/airflow/.local/lib/python3.8/site-packages/airflow/example_dags/example_bash_operator.py
[2024-01-13T12:14:00.468+0000] {processor.py:840} INFO - DAG(s) 'example_bash_operator' retrieved from /home/airflow/.local/lib/python3.8/site-packages/airflow/example_dags/example_bash_operator.py
[2024-01-13T12:14:00.514+0000] {logging_mixin.py:188} INFO - [2024-01-13T12:14:00.514+0000] {dag.py:3033} INFO - Sync 1 DAGs
[2024-01-13T12:14:00.558+0000] {logging_mixin.py:188} INFO - [2024-01-13T12:14:00.558+0000] {dag.py:3820} INFO - Setting next_dagrun for example_bash_operator to 2024-01-12T00:00:00+00:00, run_after=2024-01-13T00:00:00+00:00
[2024-01-13T12:14:00.590+0000] {processor.py:183} INFO - Processing /home/airflow/.local/lib/python3.8/site-packages/airflow/example_dags/example_bash_operator.py took 0.150 seconds
[2024-01-13T12:14:30.764+0000] {processor.py:161} INFO - Started process (PID=886) to work on /home/airflow/.local/lib/python3.8/site-packages/airflow/example_dags/example_bash_operator.py
[2024-01-13T12:14:30.766+0000] {processor.py:830} INFO - Processing file /home/airflow/.local/lib/python3.8/site-packages/airflow/example_dags/example_bash_operator.py for tasks to queue
[2024-01-13T12:14:30.770+0000] {logging_mixin.py:188} INFO - [2024-01-13T12:14:30.770+0000] {dagbag.py:538} INFO - Filling up the DagBag from /home/airflow/.local/lib/python3.8/site-packages/airflow/example_dags/example_bash_operator.py
[2024-01-13T12:14:30.788+0000] {processor.py:840} INFO - DAG(s) 'example_bash_operator' retrieved from /home/airflow/.local/lib/python3.8/site-packages/airflow/example_dags/example_bash_operator.py
[2024-01-13T12:14:30.831+0000] {logging_mixin.py:188} INFO - [2024-01-13T12:14:30.830+0000] {dag.py:3033} INFO - Sync 1 DAGs
[2024-01-13T12:14:30.867+0000] {logging_mixin.py:188} INFO - [2024-01-13T12:14:30.867+0000] {dag.py:3820} INFO - Setting next_dagrun for example_bash_operator to 2024-01-12T00:00:00+00:00, run_after=2024-01-13T00:00:00+00:00
[2024-01-13T12:14:30.892+0000] {processor.py:183} INFO - Processing /home/airflow/.local/lib/python3.8/site-packages/airflow/example_dags/example_bash_operator.py took 0.134 seconds
[2024-01-13T12:15:01.630+0000] {processor.py:161} INFO - Started process (PID=945) to work on /home/airflow/.local/lib/python3.8/site-packages/airflow/example_dags/example_bash_operator.py
[2024-01-13T12:15:01.631+0000] {processor.py:830} INFO - Processing file /home/airflow/.local/lib/python3.8/site-packages/airflow/example_dags/example_bash_operator.py for tasks to queue
[2024-01-13T12:15:01.635+0000] {logging_mixin.py:188} INFO - [2024-01-13T12:15:01.634+0000] {dagbag.py:538} INFO - Filling up the DagBag from /home/airflow/.local/lib/python3.8/site-packages/airflow/example_dags/example_bash_operator.py
[2024-01-13T12:15:01.653+0000] {processor.py:840} INFO - DAG(s) 'example_bash_operator' retrieved from /home/airflow/.local/lib/python3.8/site-packages/airflow/example_dags/example_bash_operator.py
[2024-01-13T12:15:01.700+0000] {logging_mixin.py:188} INFO - [2024-01-13T12:15:01.699+0000] {dag.py:3033} INFO - Sync 1 DAGs
[2024-01-13T12:15:01.729+0000] {logging_mixin.py:188} INFO - [2024-01-13T12:15:01.729+0000] {dag.py:3820} INFO - Setting next_dagrun for example_bash_operator to 2024-01-12T00:00:00+00:00, run_after=2024-01-13T00:00:00+00:00
[2024-01-13T12:15:01.754+0000] {processor.py:183} INFO - Processing /home/airflow/.local/lib/python3.8/site-packages/airflow/example_dags/example_bash_operator.py took 0.130 seconds
[2024-01-13T12:15:32.412+0000] {processor.py:161} INFO - Started process (PID=1004) to work on /home/airflow/.local/lib/python3.8/site-packages/airflow/example_dags/example_bash_operator.py
[2024-01-13T12:15:32.414+0000] {processor.py:830} INFO - Processing file /home/airflow/.local/lib/python3.8/site-packages/airflow/example_dags/example_bash_operator.py for tasks to queue
[2024-01-13T12:15:32.418+0000] {logging_mixin.py:188} INFO - [2024-01-13T12:15:32.418+0000] {dagbag.py:538} INFO - Filling up the DagBag from /home/airflow/.local/lib/python3.8/site-packages/airflow/example_dags/example_bash_operator.py
[2024-01-13T12:15:32.435+0000] {processor.py:840} INFO - DAG(s) 'example_bash_operator' retrieved from /home/airflow/.local/lib/python3.8/site-packages/airflow/example_dags/example_bash_operator.py
[2024-01-13T12:15:32.480+0000] {logging_mixin.py:188} INFO - [2024-01-13T12:15:32.480+0000] {dag.py:3033} INFO - Sync 1 DAGs
[2024-01-13T12:15:32.520+0000] {logging_mixin.py:188} INFO - [2024-01-13T12:15:32.519+0000] {dag.py:3820} INFO - Setting next_dagrun for example_bash_operator to 2024-01-12T00:00:00+00:00, run_after=2024-01-13T00:00:00+00:00
[2024-01-13T12:15:32.546+0000] {processor.py:183} INFO - Processing /home/airflow/.local/lib/python3.8/site-packages/airflow/example_dags/example_bash_operator.py took 0.140 seconds
[2024-01-13T12:16:03.305+0000] {processor.py:161} INFO - Started process (PID=1063) to work on /home/airflow/.local/lib/python3.8/site-packages/airflow/example_dags/example_bash_operator.py
[2024-01-13T12:16:03.306+0000] {processor.py:830} INFO - Processing file /home/airflow/.local/lib/python3.8/site-packages/airflow/example_dags/example_bash_operator.py for tasks to queue
[2024-01-13T12:16:03.310+0000] {logging_mixin.py:188} INFO - [2024-01-13T12:16:03.310+0000] {dagbag.py:538} INFO - Filling up the DagBag from /home/airflow/.local/lib/python3.8/site-packages/airflow/example_dags/example_bash_operator.py
[2024-01-13T12:16:03.333+0000] {processor.py:840} INFO - DAG(s) 'example_bash_operator' retrieved from /home/airflow/.local/lib/python3.8/site-packages/airflow/example_dags/example_bash_operator.py
[2024-01-13T12:16:03.381+0000] {logging_mixin.py:188} INFO - [2024-01-13T12:16:03.381+0000] {dag.py:3033} INFO - Sync 1 DAGs
[2024-01-13T12:16:03.419+0000] {logging_mixin.py:188} INFO - [2024-01-13T12:16:03.419+0000] {dag.py:3820} INFO - Setting next_dagrun for example_bash_operator to 2024-01-12T00:00:00+00:00, run_after=2024-01-13T00:00:00+00:00
[2024-01-13T12:16:03.445+0000] {processor.py:183} INFO - Processing /home/airflow/.local/lib/python3.8/site-packages/airflow/example_dags/example_bash_operator.py took 0.146 seconds
[2024-01-13T12:16:34.411+0000] {processor.py:161} INFO - Started process (PID=1122) to work on /home/airflow/.local/lib/python3.8/site-packages/airflow/example_dags/example_bash_operator.py
[2024-01-13T12:16:34.413+0000] {processor.py:830} INFO - Processing file /home/airflow/.local/lib/python3.8/site-packages/airflow/example_dags/example_bash_operator.py for tasks to queue
[2024-01-13T12:16:34.417+0000] {logging_mixin.py:188} INFO - [2024-01-13T12:16:34.417+0000] {dagbag.py:538} INFO - Filling up the DagBag from /home/airflow/.local/lib/python3.8/site-packages/airflow/example_dags/example_bash_operator.py
[2024-01-13T12:16:34.434+0000] {processor.py:840} INFO - DAG(s) 'example_bash_operator' retrieved from /home/airflow/.local/lib/python3.8/site-packages/airflow/example_dags/example_bash_operator.py
[2024-01-13T12:16:34.479+0000] {logging_mixin.py:188} INFO - [2024-01-13T12:16:34.478+0000] {dag.py:3033} INFO - Sync 1 DAGs
[2024-01-13T12:16:34.509+0000] {logging_mixin.py:188} INFO - [2024-01-13T12:16:34.509+0000] {dag.py:3820} INFO - Setting next_dagrun for example_bash_operator to 2024-01-12T00:00:00+00:00, run_after=2024-01-13T00:00:00+00:00
[2024-01-13T12:16:34.537+0000] {processor.py:183} INFO - Processing /home/airflow/.local/lib/python3.8/site-packages/airflow/example_dags/example_bash_operator.py took 0.132 seconds
[2024-01-13T12:17:04.861+0000] {processor.py:161} INFO - Started process (PID=1181) to work on /home/airflow/.local/lib/python3.8/site-packages/airflow/example_dags/example_bash_operator.py
[2024-01-13T12:17:04.862+0000] {processor.py:830} INFO - Processing file /home/airflow/.local/lib/python3.8/site-packages/airflow/example_dags/example_bash_operator.py for tasks to queue
[2024-01-13T12:17:04.867+0000] {logging_mixin.py:188} INFO - [2024-01-13T12:17:04.866+0000] {dagbag.py:538} INFO - Filling up the DagBag from /home/airflow/.local/lib/python3.8/site-packages/airflow/example_dags/example_bash_operator.py
[2024-01-13T12:17:04.891+0000] {processor.py:840} INFO - DAG(s) 'example_bash_operator' retrieved from /home/airflow/.local/lib/python3.8/site-packages/airflow/example_dags/example_bash_operator.py
[2024-01-13T12:17:04.934+0000] {logging_mixin.py:188} INFO - [2024-01-13T12:17:04.934+0000] {dag.py:3033} INFO - Sync 1 DAGs
[2024-01-13T12:17:04.965+0000] {logging_mixin.py:188} INFO - [2024-01-13T12:17:04.965+0000] {dag.py:3820} INFO - Setting next_dagrun for example_bash_operator to 2024-01-12T00:00:00+00:00, run_after=2024-01-13T00:00:00+00:00
[2024-01-13T12:17:04.987+0000] {processor.py:183} INFO - Processing /home/airflow/.local/lib/python3.8/site-packages/airflow/example_dags/example_bash_operator.py took 0.132 seconds
[2024-01-13T12:17:36.009+0000] {processor.py:161} INFO - Started process (PID=1240) to work on /home/airflow/.local/lib/python3.8/site-packages/airflow/example_dags/example_bash_operator.py
[2024-01-13T12:17:36.011+0000] {processor.py:830} INFO - Processing file /home/airflow/.local/lib/python3.8/site-packages/airflow/example_dags/example_bash_operator.py for tasks to queue
[2024-01-13T12:17:36.014+0000] {logging_mixin.py:188} INFO - [2024-01-13T12:17:36.014+0000] {dagbag.py:538} INFO - Filling up the DagBag from /home/airflow/.local/lib/python3.8/site-packages/airflow/example_dags/example_bash_operator.py
[2024-01-13T12:17:36.033+0000] {processor.py:840} INFO - DAG(s) 'example_bash_operator' retrieved from /home/airflow/.local/lib/python3.8/site-packages/airflow/example_dags/example_bash_operator.py
[2024-01-13T12:17:36.073+0000] {logging_mixin.py:188} INFO - [2024-01-13T12:17:36.073+0000] {dag.py:3033} INFO - Sync 1 DAGs
[2024-01-13T12:17:36.105+0000] {logging_mixin.py:188} INFO - [2024-01-13T12:17:36.104+0000] {dag.py:3820} INFO - Setting next_dagrun for example_bash_operator to 2024-01-12T00:00:00+00:00, run_after=2024-01-13T00:00:00+00:00
[2024-01-13T12:17:36.136+0000] {processor.py:183} INFO - Processing /home/airflow/.local/lib/python3.8/site-packages/airflow/example_dags/example_bash_operator.py took 0.133 seconds
[2024-01-13T12:18:07.184+0000] {processor.py:161} INFO - Started process (PID=1299) to work on /home/airflow/.local/lib/python3.8/site-packages/airflow/example_dags/example_bash_operator.py
[2024-01-13T12:18:07.185+0000] {processor.py:830} INFO - Processing file /home/airflow/.local/lib/python3.8/site-packages/airflow/example_dags/example_bash_operator.py for tasks to queue
[2024-01-13T12:18:07.189+0000] {logging_mixin.py:188} INFO - [2024-01-13T12:18:07.189+0000] {dagbag.py:538} INFO - Filling up the DagBag from /home/airflow/.local/lib/python3.8/site-packages/airflow/example_dags/example_bash_operator.py
[2024-01-13T12:18:07.206+0000] {processor.py:840} INFO - DAG(s) 'example_bash_operator' retrieved from /home/airflow/.local/lib/python3.8/site-packages/airflow/example_dags/example_bash_operator.py
[2024-01-13T12:18:07.248+0000] {logging_mixin.py:188} INFO - [2024-01-13T12:18:07.247+0000] {dag.py:3033} INFO - Sync 1 DAGs
[2024-01-13T12:18:07.278+0000] {logging_mixin.py:188} INFO - [2024-01-13T12:18:07.278+0000] {dag.py:3820} INFO - Setting next_dagrun for example_bash_operator to 2024-01-12T00:00:00+00:00, run_after=2024-01-13T00:00:00+00:00
[2024-01-13T12:18:07.302+0000] {processor.py:183} INFO - Processing /home/airflow/.local/lib/python3.8/site-packages/airflow/example_dags/example_bash_operator.py took 0.123 seconds
[2024-01-13T12:18:39.844+0000] {processor.py:161} INFO - Started process (PID=1366) to work on /home/airflow/.local/lib/python3.8/site-packages/airflow/example_dags/example_bash_operator.py
[2024-01-13T12:18:39.850+0000] {processor.py:830} INFO - Processing file /home/airflow/.local/lib/python3.8/site-packages/airflow/example_dags/example_bash_operator.py for tasks to queue
[2024-01-13T12:18:39.858+0000] {logging_mixin.py:188} INFO - [2024-01-13T12:18:39.857+0000] {dagbag.py:538} INFO - Filling up the DagBag from /home/airflow/.local/lib/python3.8/site-packages/airflow/example_dags/example_bash_operator.py
[2024-01-13T12:18:39.896+0000] {processor.py:840} INFO - DAG(s) 'example_bash_operator' retrieved from /home/airflow/.local/lib/python3.8/site-packages/airflow/example_dags/example_bash_operator.py
[2024-01-13T12:18:40.007+0000] {logging_mixin.py:188} INFO - [2024-01-13T12:18:40.007+0000] {dag.py:3033} INFO - Sync 1 DAGs
[2024-01-13T12:18:40.067+0000] {logging_mixin.py:188} INFO - [2024-01-13T12:18:40.067+0000] {dag.py:3820} INFO - Setting next_dagrun for example_bash_operator to 2024-01-12T00:00:00+00:00, run_after=2024-01-13T00:00:00+00:00
[2024-01-13T12:18:40.111+0000] {processor.py:183} INFO - Processing /home/airflow/.local/lib/python3.8/site-packages/airflow/example_dags/example_bash_operator.py took 0.279 seconds
[2024-01-13T12:19:10.810+0000] {processor.py:161} INFO - Started process (PID=1429) to work on /home/airflow/.local/lib/python3.8/site-packages/airflow/example_dags/example_bash_operator.py
[2024-01-13T12:19:10.812+0000] {processor.py:830} INFO - Processing file /home/airflow/.local/lib/python3.8/site-packages/airflow/example_dags/example_bash_operator.py for tasks to queue
[2024-01-13T12:19:10.817+0000] {logging_mixin.py:188} INFO - [2024-01-13T12:19:10.816+0000] {dagbag.py:538} INFO - Filling up the DagBag from /home/airflow/.local/lib/python3.8/site-packages/airflow/example_dags/example_bash_operator.py
[2024-01-13T12:19:10.838+0000] {processor.py:840} INFO - DAG(s) 'example_bash_operator' retrieved from /home/airflow/.local/lib/python3.8/site-packages/airflow/example_dags/example_bash_operator.py
[2024-01-13T12:19:10.884+0000] {logging_mixin.py:188} INFO - [2024-01-13T12:19:10.884+0000] {dag.py:3033} INFO - Sync 1 DAGs
[2024-01-13T12:19:10.917+0000] {logging_mixin.py:188} INFO - [2024-01-13T12:19:10.917+0000] {dag.py:3820} INFO - Setting next_dagrun for example_bash_operator to 2024-01-12T00:00:00+00:00, run_after=2024-01-13T00:00:00+00:00
[2024-01-13T12:19:10.942+0000] {processor.py:183} INFO - Processing /home/airflow/.local/lib/python3.8/site-packages/airflow/example_dags/example_bash_operator.py took 0.138 seconds
[2024-01-13T12:19:41.297+0000] {processor.py:161} INFO - Started process (PID=1488) to work on /home/airflow/.local/lib/python3.8/site-packages/airflow/example_dags/example_bash_operator.py
[2024-01-13T12:19:41.300+0000] {processor.py:830} INFO - Processing file /home/airflow/.local/lib/python3.8/site-packages/airflow/example_dags/example_bash_operator.py for tasks to queue
[2024-01-13T12:19:41.303+0000] {logging_mixin.py:188} INFO - [2024-01-13T12:19:41.303+0000] {dagbag.py:538} INFO - Filling up the DagBag from /home/airflow/.local/lib/python3.8/site-packages/airflow/example_dags/example_bash_operator.py
[2024-01-13T12:19:41.320+0000] {processor.py:840} INFO - DAG(s) 'example_bash_operator' retrieved from /home/airflow/.local/lib/python3.8/site-packages/airflow/example_dags/example_bash_operator.py
[2024-01-13T12:19:41.361+0000] {logging_mixin.py:188} INFO - [2024-01-13T12:19:41.361+0000] {dag.py:3033} INFO - Sync 1 DAGs
[2024-01-13T12:19:41.392+0000] {logging_mixin.py:188} INFO - [2024-01-13T12:19:41.391+0000] {dag.py:3820} INFO - Setting next_dagrun for example_bash_operator to 2024-01-12T00:00:00+00:00, run_after=2024-01-13T00:00:00+00:00
[2024-01-13T12:19:41.416+0000] {processor.py:183} INFO - Processing /home/airflow/.local/lib/python3.8/site-packages/airflow/example_dags/example_bash_operator.py took 0.126 seconds
[2024-01-13T12:20:12.771+0000] {processor.py:161} INFO - Started process (PID=1547) to work on /home/airflow/.local/lib/python3.8/site-packages/airflow/example_dags/example_bash_operator.py
[2024-01-13T12:20:12.774+0000] {processor.py:830} INFO - Processing file /home/airflow/.local/lib/python3.8/site-packages/airflow/example_dags/example_bash_operator.py for tasks to queue
[2024-01-13T12:20:12.778+0000] {logging_mixin.py:188} INFO - [2024-01-13T12:20:12.778+0000] {dagbag.py:538} INFO - Filling up the DagBag from /home/airflow/.local/lib/python3.8/site-packages/airflow/example_dags/example_bash_operator.py
[2024-01-13T12:20:12.796+0000] {processor.py:840} INFO - DAG(s) 'example_bash_operator' retrieved from /home/airflow/.local/lib/python3.8/site-packages/airflow/example_dags/example_bash_operator.py
[2024-01-13T12:20:12.843+0000] {logging_mixin.py:188} INFO - [2024-01-13T12:20:12.843+0000] {dag.py:3033} INFO - Sync 1 DAGs
[2024-01-13T12:20:12.885+0000] {logging_mixin.py:188} INFO - [2024-01-13T12:20:12.885+0000] {dag.py:3820} INFO - Setting next_dagrun for example_bash_operator to 2024-01-12T00:00:00+00:00, run_after=2024-01-13T00:00:00+00:00
[2024-01-13T12:20:12.915+0000] {processor.py:183} INFO - Processing /home/airflow/.local/lib/python3.8/site-packages/airflow/example_dags/example_bash_operator.py took 0.151 seconds
[2024-01-13T12:20:44.819+0000] {processor.py:161} INFO - Started process (PID=1607) to work on /home/airflow/.local/lib/python3.8/site-packages/airflow/example_dags/example_bash_operator.py
[2024-01-13T12:20:44.821+0000] {processor.py:830} INFO - Processing file /home/airflow/.local/lib/python3.8/site-packages/airflow/example_dags/example_bash_operator.py for tasks to queue
[2024-01-13T12:20:44.825+0000] {logging_mixin.py:188} INFO - [2024-01-13T12:20:44.825+0000] {dagbag.py:538} INFO - Filling up the DagBag from /home/airflow/.local/lib/python3.8/site-packages/airflow/example_dags/example_bash_operator.py
[2024-01-13T12:20:44.850+0000] {processor.py:840} INFO - DAG(s) 'example_bash_operator' retrieved from /home/airflow/.local/lib/python3.8/site-packages/airflow/example_dags/example_bash_operator.py
[2024-01-13T12:20:44.900+0000] {logging_mixin.py:188} INFO - [2024-01-13T12:20:44.900+0000] {dag.py:3033} INFO - Sync 1 DAGs
[2024-01-13T12:20:44.942+0000] {logging_mixin.py:188} INFO - [2024-01-13T12:20:44.942+0000] {dag.py:3820} INFO - Setting next_dagrun for example_bash_operator to 2024-01-12T00:00:00+00:00, run_after=2024-01-13T00:00:00+00:00
[2024-01-13T12:20:44.971+0000] {processor.py:183} INFO - Processing /home/airflow/.local/lib/python3.8/site-packages/airflow/example_dags/example_bash_operator.py took 0.159 seconds
[2024-01-13T12:21:16.075+0000] {processor.py:161} INFO - Started process (PID=1680) to work on /home/airflow/.local/lib/python3.8/site-packages/airflow/example_dags/example_bash_operator.py
[2024-01-13T12:21:16.076+0000] {processor.py:830} INFO - Processing file /home/airflow/.local/lib/python3.8/site-packages/airflow/example_dags/example_bash_operator.py for tasks to queue
[2024-01-13T12:21:16.081+0000] {logging_mixin.py:188} INFO - [2024-01-13T12:21:16.080+0000] {dagbag.py:538} INFO - Filling up the DagBag from /home/airflow/.local/lib/python3.8/site-packages/airflow/example_dags/example_bash_operator.py
[2024-01-13T12:21:16.105+0000] {processor.py:840} INFO - DAG(s) 'example_bash_operator' retrieved from /home/airflow/.local/lib/python3.8/site-packages/airflow/example_dags/example_bash_operator.py
[2024-01-13T12:21:16.169+0000] {logging_mixin.py:188} INFO - [2024-01-13T12:21:16.168+0000] {dag.py:3033} INFO - Sync 1 DAGs
[2024-01-13T12:21:16.217+0000] {logging_mixin.py:188} INFO - [2024-01-13T12:21:16.217+0000] {dag.py:3820} INFO - Setting next_dagrun for example_bash_operator to 2024-01-12T00:00:00+00:00, run_after=2024-01-13T00:00:00+00:00
[2024-01-13T12:21:16.254+0000] {processor.py:183} INFO - Processing /home/airflow/.local/lib/python3.8/site-packages/airflow/example_dags/example_bash_operator.py took 0.186 seconds
[2024-01-13T12:21:46.860+0000] {processor.py:161} INFO - Started process (PID=1747) to work on /home/airflow/.local/lib/python3.8/site-packages/airflow/example_dags/example_bash_operator.py
[2024-01-13T12:21:46.862+0000] {processor.py:830} INFO - Processing file /home/airflow/.local/lib/python3.8/site-packages/airflow/example_dags/example_bash_operator.py for tasks to queue
[2024-01-13T12:21:46.866+0000] {logging_mixin.py:188} INFO - [2024-01-13T12:21:46.865+0000] {dagbag.py:538} INFO - Filling up the DagBag from /home/airflow/.local/lib/python3.8/site-packages/airflow/example_dags/example_bash_operator.py
[2024-01-13T12:21:46.882+0000] {processor.py:840} INFO - DAG(s) 'example_bash_operator' retrieved from /home/airflow/.local/lib/python3.8/site-packages/airflow/example_dags/example_bash_operator.py
[2024-01-13T12:21:46.922+0000] {logging_mixin.py:188} INFO - [2024-01-13T12:21:46.922+0000] {dag.py:3033} INFO - Sync 1 DAGs
[2024-01-13T12:21:46.953+0000] {logging_mixin.py:188} INFO - [2024-01-13T12:21:46.952+0000] {dag.py:3820} INFO - Setting next_dagrun for example_bash_operator to 2024-01-12T00:00:00+00:00, run_after=2024-01-13T00:00:00+00:00
[2024-01-13T12:21:46.976+0000] {processor.py:183} INFO - Processing /home/airflow/.local/lib/python3.8/site-packages/airflow/example_dags/example_bash_operator.py took 0.121 seconds
[2024-01-13T12:22:18.511+0000] {processor.py:161} INFO - Started process (PID=1818) to work on /home/airflow/.local/lib/python3.8/site-packages/airflow/example_dags/example_bash_operator.py
[2024-01-13T12:22:18.512+0000] {processor.py:830} INFO - Processing file /home/airflow/.local/lib/python3.8/site-packages/airflow/example_dags/example_bash_operator.py for tasks to queue
[2024-01-13T12:22:18.515+0000] {logging_mixin.py:188} INFO - [2024-01-13T12:22:18.515+0000] {dagbag.py:538} INFO - Filling up the DagBag from /home/airflow/.local/lib/python3.8/site-packages/airflow/example_dags/example_bash_operator.py
[2024-01-13T12:22:18.532+0000] {processor.py:840} INFO - DAG(s) 'example_bash_operator' retrieved from /home/airflow/.local/lib/python3.8/site-packages/airflow/example_dags/example_bash_operator.py
[2024-01-13T12:22:18.572+0000] {logging_mixin.py:188} INFO - [2024-01-13T12:22:18.572+0000] {dag.py:3033} INFO - Sync 1 DAGs
[2024-01-13T12:22:18.606+0000] {logging_mixin.py:188} INFO - [2024-01-13T12:22:18.606+0000] {dag.py:3820} INFO - Setting next_dagrun for example_bash_operator to 2024-01-12T00:00:00+00:00, run_after=2024-01-13T00:00:00+00:00
[2024-01-13T12:22:18.632+0000] {processor.py:183} INFO - Processing /home/airflow/.local/lib/python3.8/site-packages/airflow/example_dags/example_bash_operator.py took 0.127 seconds
[2024-01-13T12:22:50.884+0000] {processor.py:161} INFO - Started process (PID=1911) to work on /home/airflow/.local/lib/python3.8/site-packages/airflow/example_dags/example_bash_operator.py
[2024-01-13T12:22:50.890+0000] {processor.py:830} INFO - Processing file /home/airflow/.local/lib/python3.8/site-packages/airflow/example_dags/example_bash_operator.py for tasks to queue
[2024-01-13T12:22:50.896+0000] {logging_mixin.py:188} INFO - [2024-01-13T12:22:50.895+0000] {dagbag.py:538} INFO - Filling up the DagBag from /home/airflow/.local/lib/python3.8/site-packages/airflow/example_dags/example_bash_operator.py
[2024-01-13T12:22:50.938+0000] {processor.py:840} INFO - DAG(s) 'example_bash_operator' retrieved from /home/airflow/.local/lib/python3.8/site-packages/airflow/example_dags/example_bash_operator.py
[2024-01-13T12:22:51.033+0000] {logging_mixin.py:188} INFO - [2024-01-13T12:22:51.033+0000] {dag.py:3033} INFO - Sync 1 DAGs
[2024-01-13T12:22:51.109+0000] {logging_mixin.py:188} INFO - [2024-01-13T12:22:51.109+0000] {dag.py:3820} INFO - Setting next_dagrun for example_bash_operator to 2024-01-12T00:00:00+00:00, run_after=2024-01-13T00:00:00+00:00
[2024-01-13T12:22:51.164+0000] {processor.py:183} INFO - Processing /home/airflow/.local/lib/python3.8/site-packages/airflow/example_dags/example_bash_operator.py took 0.292 seconds
[2024-01-13T12:23:23.404+0000] {processor.py:161} INFO - Started process (PID=1973) to work on /home/airflow/.local/lib/python3.8/site-packages/airflow/example_dags/example_bash_operator.py
[2024-01-13T12:23:23.406+0000] {processor.py:830} INFO - Processing file /home/airflow/.local/lib/python3.8/site-packages/airflow/example_dags/example_bash_operator.py for tasks to queue
[2024-01-13T12:23:23.410+0000] {logging_mixin.py:188} INFO - [2024-01-13T12:23:23.410+0000] {dagbag.py:538} INFO - Filling up the DagBag from /home/airflow/.local/lib/python3.8/site-packages/airflow/example_dags/example_bash_operator.py
[2024-01-13T12:23:23.431+0000] {processor.py:840} INFO - DAG(s) 'example_bash_operator' retrieved from /home/airflow/.local/lib/python3.8/site-packages/airflow/example_dags/example_bash_operator.py
[2024-01-13T12:23:23.476+0000] {logging_mixin.py:188} INFO - [2024-01-13T12:23:23.476+0000] {dag.py:3033} INFO - Sync 1 DAGs
[2024-01-13T12:23:23.508+0000] {logging_mixin.py:188} INFO - [2024-01-13T12:23:23.508+0000] {dag.py:3820} INFO - Setting next_dagrun for example_bash_operator to 2024-01-12T00:00:00+00:00, run_after=2024-01-13T00:00:00+00:00
[2024-01-13T12:23:23.532+0000] {processor.py:183} INFO - Processing /home/airflow/.local/lib/python3.8/site-packages/airflow/example_dags/example_bash_operator.py took 0.135 seconds
[2024-01-13T12:23:54.445+0000] {processor.py:161} INFO - Started process (PID=2035) to work on /home/airflow/.local/lib/python3.8/site-packages/airflow/example_dags/example_bash_operator.py
[2024-01-13T12:23:54.446+0000] {processor.py:830} INFO - Processing file /home/airflow/.local/lib/python3.8/site-packages/airflow/example_dags/example_bash_operator.py for tasks to queue
[2024-01-13T12:23:54.449+0000] {logging_mixin.py:188} INFO - [2024-01-13T12:23:54.449+0000] {dagbag.py:538} INFO - Filling up the DagBag from /home/airflow/.local/lib/python3.8/site-packages/airflow/example_dags/example_bash_operator.py
[2024-01-13T12:23:54.469+0000] {processor.py:840} INFO - DAG(s) 'example_bash_operator' retrieved from /home/airflow/.local/lib/python3.8/site-packages/airflow/example_dags/example_bash_operator.py
[2024-01-13T12:23:54.515+0000] {logging_mixin.py:188} INFO - [2024-01-13T12:23:54.514+0000] {dag.py:3033} INFO - Sync 1 DAGs
[2024-01-13T12:23:54.545+0000] {logging_mixin.py:188} INFO - [2024-01-13T12:23:54.544+0000] {dag.py:3820} INFO - Setting next_dagrun for example_bash_operator to 2024-01-12T00:00:00+00:00, run_after=2024-01-13T00:00:00+00:00
[2024-01-13T12:23:54.570+0000] {processor.py:183} INFO - Processing /home/airflow/.local/lib/python3.8/site-packages/airflow/example_dags/example_bash_operator.py took 0.130 seconds
[2024-01-13T12:24:24.856+0000] {processor.py:161} INFO - Started process (PID=2094) to work on /home/airflow/.local/lib/python3.8/site-packages/airflow/example_dags/example_bash_operator.py
[2024-01-13T12:24:24.859+0000] {processor.py:830} INFO - Processing file /home/airflow/.local/lib/python3.8/site-packages/airflow/example_dags/example_bash_operator.py for tasks to queue
[2024-01-13T12:24:24.863+0000] {logging_mixin.py:188} INFO - [2024-01-13T12:24:24.863+0000] {dagbag.py:538} INFO - Filling up the DagBag from /home/airflow/.local/lib/python3.8/site-packages/airflow/example_dags/example_bash_operator.py
[2024-01-13T12:24:24.883+0000] {processor.py:840} INFO - DAG(s) 'example_bash_operator' retrieved from /home/airflow/.local/lib/python3.8/site-packages/airflow/example_dags/example_bash_operator.py
[2024-01-13T12:24:24.932+0000] {logging_mixin.py:188} INFO - [2024-01-13T12:24:24.932+0000] {dag.py:3033} INFO - Sync 1 DAGs
[2024-01-13T12:24:24.975+0000] {logging_mixin.py:188} INFO - [2024-01-13T12:24:24.975+0000] {dag.py:3820} INFO - Setting next_dagrun for example_bash_operator to 2024-01-12T00:00:00+00:00, run_after=2024-01-13T00:00:00+00:00
[2024-01-13T12:24:25.012+0000] {processor.py:183} INFO - Processing /home/airflow/.local/lib/python3.8/site-packages/airflow/example_dags/example_bash_operator.py took 0.161 seconds
[2024-01-13T12:24:55.452+0000] {processor.py:161} INFO - Started process (PID=2154) to work on /home/airflow/.local/lib/python3.8/site-packages/airflow/example_dags/example_bash_operator.py
[2024-01-13T12:24:55.454+0000] {processor.py:830} INFO - Processing file /home/airflow/.local/lib/python3.8/site-packages/airflow/example_dags/example_bash_operator.py for tasks to queue
[2024-01-13T12:24:55.458+0000] {logging_mixin.py:188} INFO - [2024-01-13T12:24:55.457+0000] {dagbag.py:538} INFO - Filling up the DagBag from /home/airflow/.local/lib/python3.8/site-packages/airflow/example_dags/example_bash_operator.py
[2024-01-13T12:24:55.479+0000] {processor.py:840} INFO - DAG(s) 'example_bash_operator' retrieved from /home/airflow/.local/lib/python3.8/site-packages/airflow/example_dags/example_bash_operator.py
[2024-01-13T12:24:55.521+0000] {logging_mixin.py:188} INFO - [2024-01-13T12:24:55.521+0000] {dag.py:3033} INFO - Sync 1 DAGs
[2024-01-13T12:24:55.555+0000] {logging_mixin.py:188} INFO - [2024-01-13T12:24:55.554+0000] {dag.py:3820} INFO - Setting next_dagrun for example_bash_operator to 2024-01-12T00:00:00+00:00, run_after=2024-01-13T00:00:00+00:00
[2024-01-13T12:24:55.590+0000] {processor.py:183} INFO - Processing /home/airflow/.local/lib/python3.8/site-packages/airflow/example_dags/example_bash_operator.py took 0.144 seconds
