[2024-01-13T11:57:46.370+0000] {processor.py:161} INFO - Started process (PID=64) to work on /home/airflow/.local/lib/python3.8/site-packages/airflow/example_dags/example_latest_only.py
[2024-01-13T11:57:46.371+0000] {processor.py:830} INFO - Processing file /home/airflow/.local/lib/python3.8/site-packages/airflow/example_dags/example_latest_only.py for tasks to queue
[2024-01-13T11:57:46.378+0000] {logging_mixin.py:188} INFO - [2024-01-13T11:57:46.378+0000] {dagbag.py:538} INFO - Filling up the DagBag from /home/airflow/.local/lib/python3.8/site-packages/airflow/example_dags/example_latest_only.py
[2024-01-13T11:57:46.392+0000] {processor.py:840} INFO - DAG(s) 'latest_only' retrieved from /home/airflow/.local/lib/python3.8/site-packages/airflow/example_dags/example_latest_only.py
[2024-01-13T11:57:46.591+0000] {logging_mixin.py:188} INFO - [2024-01-13T11:57:46.590+0000] {override.py:1769} INFO - Created Permission View: can edit on DAG:latest_only
[2024-01-13T11:57:46.608+0000] {logging_mixin.py:188} INFO - [2024-01-13T11:57:46.607+0000] {override.py:1769} INFO - Created Permission View: can read on DAG:latest_only
[2024-01-13T11:57:46.618+0000] {logging_mixin.py:188} INFO - [2024-01-13T11:57:46.617+0000] {override.py:1769} INFO - Created Permission View: can delete on DAG:latest_only
[2024-01-13T11:57:46.618+0000] {logging_mixin.py:188} INFO - [2024-01-13T11:57:46.618+0000] {dag.py:3033} INFO - Sync 1 DAGs
[2024-01-13T11:57:46.637+0000] {logging_mixin.py:188} INFO - [2024-01-13T11:57:46.637+0000] {dag.py:3055} INFO - Creating ORM DAG for latest_only
[2024-01-13T11:57:46.655+0000] {logging_mixin.py:188} INFO - [2024-01-13T11:57:46.654+0000] {dag.py:3820} INFO - Setting next_dagrun for latest_only to 2024-01-13T04:00:00+00:00, run_after=2024-01-13T08:00:00+00:00
[2024-01-13T11:57:46.684+0000] {processor.py:183} INFO - Processing /home/airflow/.local/lib/python3.8/site-packages/airflow/example_dags/example_latest_only.py took 0.321 seconds
[2024-01-13T11:58:17.367+0000] {processor.py:161} INFO - Started process (PID=123) to work on /home/airflow/.local/lib/python3.8/site-packages/airflow/example_dags/example_latest_only.py
[2024-01-13T11:58:17.368+0000] {processor.py:830} INFO - Processing file /home/airflow/.local/lib/python3.8/site-packages/airflow/example_dags/example_latest_only.py for tasks to queue
[2024-01-13T11:58:17.372+0000] {logging_mixin.py:188} INFO - [2024-01-13T11:58:17.372+0000] {dagbag.py:538} INFO - Filling up the DagBag from /home/airflow/.local/lib/python3.8/site-packages/airflow/example_dags/example_latest_only.py
[2024-01-13T11:58:17.379+0000] {processor.py:840} INFO - DAG(s) 'latest_only' retrieved from /home/airflow/.local/lib/python3.8/site-packages/airflow/example_dags/example_latest_only.py
[2024-01-13T11:58:17.406+0000] {logging_mixin.py:188} INFO - [2024-01-13T11:58:17.405+0000] {dag.py:3033} INFO - Sync 1 DAGs
[2024-01-13T11:58:17.435+0000] {logging_mixin.py:188} INFO - [2024-01-13T11:58:17.435+0000] {dag.py:3820} INFO - Setting next_dagrun for latest_only to 2024-01-13T04:00:00+00:00, run_after=2024-01-13T08:00:00+00:00
[2024-01-13T11:58:17.458+0000] {processor.py:183} INFO - Processing /home/airflow/.local/lib/python3.8/site-packages/airflow/example_dags/example_latest_only.py took 0.095 seconds
[2024-01-13T11:58:47.616+0000] {processor.py:161} INFO - Started process (PID=182) to work on /home/airflow/.local/lib/python3.8/site-packages/airflow/example_dags/example_latest_only.py
[2024-01-13T11:58:47.618+0000] {processor.py:830} INFO - Processing file /home/airflow/.local/lib/python3.8/site-packages/airflow/example_dags/example_latest_only.py for tasks to queue
[2024-01-13T11:58:47.622+0000] {logging_mixin.py:188} INFO - [2024-01-13T11:58:47.621+0000] {dagbag.py:538} INFO - Filling up the DagBag from /home/airflow/.local/lib/python3.8/site-packages/airflow/example_dags/example_latest_only.py
[2024-01-13T11:58:47.632+0000] {processor.py:840} INFO - DAG(s) 'latest_only' retrieved from /home/airflow/.local/lib/python3.8/site-packages/airflow/example_dags/example_latest_only.py
[2024-01-13T11:58:47.670+0000] {logging_mixin.py:188} INFO - [2024-01-13T11:58:47.669+0000] {dag.py:3033} INFO - Sync 1 DAGs
[2024-01-13T11:58:47.711+0000] {logging_mixin.py:188} INFO - [2024-01-13T11:58:47.710+0000] {dag.py:3820} INFO - Setting next_dagrun for latest_only to 2024-01-13T04:00:00+00:00, run_after=2024-01-13T08:00:00+00:00
[2024-01-13T11:58:47.741+0000] {processor.py:183} INFO - Processing /home/airflow/.local/lib/python3.8/site-packages/airflow/example_dags/example_latest_only.py took 0.132 seconds
[2024-01-13T11:59:18.178+0000] {processor.py:161} INFO - Started process (PID=247) to work on /home/airflow/.local/lib/python3.8/site-packages/airflow/example_dags/example_latest_only.py
[2024-01-13T11:59:18.179+0000] {processor.py:830} INFO - Processing file /home/airflow/.local/lib/python3.8/site-packages/airflow/example_dags/example_latest_only.py for tasks to queue
[2024-01-13T11:59:18.183+0000] {logging_mixin.py:188} INFO - [2024-01-13T11:59:18.183+0000] {dagbag.py:538} INFO - Filling up the DagBag from /home/airflow/.local/lib/python3.8/site-packages/airflow/example_dags/example_latest_only.py
[2024-01-13T11:59:18.192+0000] {processor.py:840} INFO - DAG(s) 'latest_only' retrieved from /home/airflow/.local/lib/python3.8/site-packages/airflow/example_dags/example_latest_only.py
[2024-01-13T11:59:18.225+0000] {logging_mixin.py:188} INFO - [2024-01-13T11:59:18.225+0000] {dag.py:3033} INFO - Sync 1 DAGs
[2024-01-13T11:59:18.252+0000] {logging_mixin.py:188} INFO - [2024-01-13T11:59:18.252+0000] {dag.py:3820} INFO - Setting next_dagrun for latest_only to 2024-01-13T04:00:00+00:00, run_after=2024-01-13T08:00:00+00:00
[2024-01-13T11:59:18.273+0000] {processor.py:183} INFO - Processing /home/airflow/.local/lib/python3.8/site-packages/airflow/example_dags/example_latest_only.py took 0.102 seconds
[2024-01-13T11:59:48.868+0000] {processor.py:161} INFO - Started process (PID=306) to work on /home/airflow/.local/lib/python3.8/site-packages/airflow/example_dags/example_latest_only.py
[2024-01-13T11:59:48.871+0000] {processor.py:830} INFO - Processing file /home/airflow/.local/lib/python3.8/site-packages/airflow/example_dags/example_latest_only.py for tasks to queue
[2024-01-13T11:59:48.875+0000] {logging_mixin.py:188} INFO - [2024-01-13T11:59:48.875+0000] {dagbag.py:538} INFO - Filling up the DagBag from /home/airflow/.local/lib/python3.8/site-packages/airflow/example_dags/example_latest_only.py
[2024-01-13T11:59:48.885+0000] {processor.py:840} INFO - DAG(s) 'latest_only' retrieved from /home/airflow/.local/lib/python3.8/site-packages/airflow/example_dags/example_latest_only.py
[2024-01-13T11:59:48.914+0000] {logging_mixin.py:188} INFO - [2024-01-13T11:59:48.914+0000] {dag.py:3033} INFO - Sync 1 DAGs
[2024-01-13T11:59:48.943+0000] {logging_mixin.py:188} INFO - [2024-01-13T11:59:48.941+0000] {dag.py:3820} INFO - Setting next_dagrun for latest_only to 2024-01-13T04:00:00+00:00, run_after=2024-01-13T08:00:00+00:00
[2024-01-13T11:59:48.965+0000] {processor.py:183} INFO - Processing /home/airflow/.local/lib/python3.8/site-packages/airflow/example_dags/example_latest_only.py took 0.103 seconds
[2024-01-13T12:00:19.332+0000] {processor.py:161} INFO - Started process (PID=365) to work on /home/airflow/.local/lib/python3.8/site-packages/airflow/example_dags/example_latest_only.py
[2024-01-13T12:00:19.334+0000] {processor.py:830} INFO - Processing file /home/airflow/.local/lib/python3.8/site-packages/airflow/example_dags/example_latest_only.py for tasks to queue
[2024-01-13T12:00:19.338+0000] {logging_mixin.py:188} INFO - [2024-01-13T12:00:19.338+0000] {dagbag.py:538} INFO - Filling up the DagBag from /home/airflow/.local/lib/python3.8/site-packages/airflow/example_dags/example_latest_only.py
[2024-01-13T12:00:19.347+0000] {processor.py:840} INFO - DAG(s) 'latest_only' retrieved from /home/airflow/.local/lib/python3.8/site-packages/airflow/example_dags/example_latest_only.py
[2024-01-13T12:00:19.381+0000] {logging_mixin.py:188} INFO - [2024-01-13T12:00:19.381+0000] {dag.py:3033} INFO - Sync 1 DAGs
[2024-01-13T12:00:19.408+0000] {logging_mixin.py:188} INFO - [2024-01-13T12:00:19.408+0000] {dag.py:3820} INFO - Setting next_dagrun for latest_only to 2024-01-13T08:00:00+00:00, run_after=2024-01-13T12:00:00+00:00
[2024-01-13T12:00:19.431+0000] {processor.py:183} INFO - Processing /home/airflow/.local/lib/python3.8/site-packages/airflow/example_dags/example_latest_only.py took 0.104 seconds
[2024-01-13T12:00:49.711+0000] {processor.py:161} INFO - Started process (PID=422) to work on /home/airflow/.local/lib/python3.8/site-packages/airflow/example_dags/example_latest_only.py
[2024-01-13T12:00:49.713+0000] {processor.py:830} INFO - Processing file /home/airflow/.local/lib/python3.8/site-packages/airflow/example_dags/example_latest_only.py for tasks to queue
[2024-01-13T12:00:49.716+0000] {logging_mixin.py:188} INFO - [2024-01-13T12:00:49.716+0000] {dagbag.py:538} INFO - Filling up the DagBag from /home/airflow/.local/lib/python3.8/site-packages/airflow/example_dags/example_latest_only.py
[2024-01-13T12:00:49.725+0000] {processor.py:840} INFO - DAG(s) 'latest_only' retrieved from /home/airflow/.local/lib/python3.8/site-packages/airflow/example_dags/example_latest_only.py
[2024-01-13T12:00:49.754+0000] {logging_mixin.py:188} INFO - [2024-01-13T12:00:49.753+0000] {dag.py:3033} INFO - Sync 1 DAGs
[2024-01-13T12:00:49.781+0000] {logging_mixin.py:188} INFO - [2024-01-13T12:00:49.781+0000] {dag.py:3820} INFO - Setting next_dagrun for latest_only to 2024-01-13T08:00:00+00:00, run_after=2024-01-13T12:00:00+00:00
[2024-01-13T12:00:49.807+0000] {processor.py:183} INFO - Processing /home/airflow/.local/lib/python3.8/site-packages/airflow/example_dags/example_latest_only.py took 0.102 seconds
[2024-01-13T12:01:20.105+0000] {processor.py:161} INFO - Started process (PID=481) to work on /home/airflow/.local/lib/python3.8/site-packages/airflow/example_dags/example_latest_only.py
[2024-01-13T12:01:20.106+0000] {processor.py:830} INFO - Processing file /home/airflow/.local/lib/python3.8/site-packages/airflow/example_dags/example_latest_only.py for tasks to queue
[2024-01-13T12:01:20.109+0000] {logging_mixin.py:188} INFO - [2024-01-13T12:01:20.109+0000] {dagbag.py:538} INFO - Filling up the DagBag from /home/airflow/.local/lib/python3.8/site-packages/airflow/example_dags/example_latest_only.py
[2024-01-13T12:01:20.116+0000] {processor.py:840} INFO - DAG(s) 'latest_only' retrieved from /home/airflow/.local/lib/python3.8/site-packages/airflow/example_dags/example_latest_only.py
[2024-01-13T12:01:20.144+0000] {logging_mixin.py:188} INFO - [2024-01-13T12:01:20.143+0000] {dag.py:3033} INFO - Sync 1 DAGs
[2024-01-13T12:01:20.170+0000] {logging_mixin.py:188} INFO - [2024-01-13T12:01:20.170+0000] {dag.py:3820} INFO - Setting next_dagrun for latest_only to 2024-01-13T08:00:00+00:00, run_after=2024-01-13T12:00:00+00:00
[2024-01-13T12:01:20.193+0000] {processor.py:183} INFO - Processing /home/airflow/.local/lib/python3.8/site-packages/airflow/example_dags/example_latest_only.py took 0.093 seconds
[2024-01-13T12:01:50.271+0000] {processor.py:161} INFO - Started process (PID=539) to work on /home/airflow/.local/lib/python3.8/site-packages/airflow/example_dags/example_latest_only.py
[2024-01-13T12:01:50.273+0000] {processor.py:830} INFO - Processing file /home/airflow/.local/lib/python3.8/site-packages/airflow/example_dags/example_latest_only.py for tasks to queue
[2024-01-13T12:01:50.278+0000] {logging_mixin.py:188} INFO - [2024-01-13T12:01:50.278+0000] {dagbag.py:538} INFO - Filling up the DagBag from /home/airflow/.local/lib/python3.8/site-packages/airflow/example_dags/example_latest_only.py
[2024-01-13T12:01:50.287+0000] {processor.py:840} INFO - DAG(s) 'latest_only' retrieved from /home/airflow/.local/lib/python3.8/site-packages/airflow/example_dags/example_latest_only.py
[2024-01-13T12:01:50.317+0000] {logging_mixin.py:188} INFO - [2024-01-13T12:01:50.317+0000] {dag.py:3033} INFO - Sync 1 DAGs
[2024-01-13T12:01:50.347+0000] {logging_mixin.py:188} INFO - [2024-01-13T12:01:50.346+0000] {dag.py:3820} INFO - Setting next_dagrun for latest_only to 2024-01-13T08:00:00+00:00, run_after=2024-01-13T12:00:00+00:00
[2024-01-13T12:01:50.369+0000] {processor.py:183} INFO - Processing /home/airflow/.local/lib/python3.8/site-packages/airflow/example_dags/example_latest_only.py took 0.104 seconds
[2024-01-13T12:02:20.663+0000] {processor.py:161} INFO - Started process (PID=606) to work on /home/airflow/.local/lib/python3.8/site-packages/airflow/example_dags/example_latest_only.py
[2024-01-13T12:02:20.664+0000] {processor.py:830} INFO - Processing file /home/airflow/.local/lib/python3.8/site-packages/airflow/example_dags/example_latest_only.py for tasks to queue
[2024-01-13T12:02:20.667+0000] {logging_mixin.py:188} INFO - [2024-01-13T12:02:20.666+0000] {dagbag.py:538} INFO - Filling up the DagBag from /home/airflow/.local/lib/python3.8/site-packages/airflow/example_dags/example_latest_only.py
[2024-01-13T12:02:20.675+0000] {processor.py:840} INFO - DAG(s) 'latest_only' retrieved from /home/airflow/.local/lib/python3.8/site-packages/airflow/example_dags/example_latest_only.py
[2024-01-13T12:02:20.708+0000] {logging_mixin.py:188} INFO - [2024-01-13T12:02:20.708+0000] {dag.py:3033} INFO - Sync 1 DAGs
[2024-01-13T12:02:20.749+0000] {logging_mixin.py:188} INFO - [2024-01-13T12:02:20.749+0000] {dag.py:3820} INFO - Setting next_dagrun for latest_only to 2024-01-13T08:00:00+00:00, run_after=2024-01-13T12:00:00+00:00
[2024-01-13T12:02:20.780+0000] {processor.py:183} INFO - Processing /home/airflow/.local/lib/python3.8/site-packages/airflow/example_dags/example_latest_only.py took 0.122 seconds
[2024-01-13T12:02:51.565+0000] {processor.py:161} INFO - Started process (PID=685) to work on /home/airflow/.local/lib/python3.8/site-packages/airflow/example_dags/example_latest_only.py
[2024-01-13T12:02:51.569+0000] {processor.py:830} INFO - Processing file /home/airflow/.local/lib/python3.8/site-packages/airflow/example_dags/example_latest_only.py for tasks to queue
[2024-01-13T12:02:51.573+0000] {logging_mixin.py:188} INFO - [2024-01-13T12:02:51.573+0000] {dagbag.py:538} INFO - Filling up the DagBag from /home/airflow/.local/lib/python3.8/site-packages/airflow/example_dags/example_latest_only.py
[2024-01-13T12:02:51.595+0000] {processor.py:840} INFO - DAG(s) 'latest_only' retrieved from /home/airflow/.local/lib/python3.8/site-packages/airflow/example_dags/example_latest_only.py
[2024-01-13T12:02:51.644+0000] {logging_mixin.py:188} INFO - [2024-01-13T12:02:51.643+0000] {dag.py:3033} INFO - Sync 1 DAGs
[2024-01-13T12:02:51.684+0000] {logging_mixin.py:188} INFO - [2024-01-13T12:02:51.684+0000] {dag.py:3820} INFO - Setting next_dagrun for latest_only to 2024-01-13T08:00:00+00:00, run_after=2024-01-13T12:00:00+00:00
[2024-01-13T12:02:51.718+0000] {processor.py:183} INFO - Processing /home/airflow/.local/lib/python3.8/site-packages/airflow/example_dags/example_latest_only.py took 0.167 seconds
[2024-01-13T12:07:41.350+0000] {processor.py:161} INFO - Started process (PID=59) to work on /home/airflow/.local/lib/python3.8/site-packages/airflow/example_dags/example_latest_only.py
[2024-01-13T12:07:41.359+0000] {processor.py:830} INFO - Processing file /home/airflow/.local/lib/python3.8/site-packages/airflow/example_dags/example_latest_only.py for tasks to queue
[2024-01-13T12:07:41.364+0000] {logging_mixin.py:188} INFO - [2024-01-13T12:07:41.364+0000] {dagbag.py:538} INFO - Filling up the DagBag from /home/airflow/.local/lib/python3.8/site-packages/airflow/example_dags/example_latest_only.py
[2024-01-13T12:07:41.380+0000] {processor.py:840} INFO - DAG(s) 'latest_only' retrieved from /home/airflow/.local/lib/python3.8/site-packages/airflow/example_dags/example_latest_only.py
[2024-01-13T12:07:41.403+0000] {logging_mixin.py:188} INFO - [2024-01-13T12:07:41.403+0000] {dag.py:3033} INFO - Sync 1 DAGs
[2024-01-13T12:07:41.458+0000] {logging_mixin.py:188} INFO - [2024-01-13T12:07:41.458+0000] {dag.py:3820} INFO - Setting next_dagrun for latest_only to 2024-01-13T08:00:00+00:00, run_after=2024-01-13T12:00:00+00:00
[2024-01-13T12:07:41.517+0000] {processor.py:183} INFO - Processing /home/airflow/.local/lib/python3.8/site-packages/airflow/example_dags/example_latest_only.py took 0.174 seconds
[2024-01-13T12:08:15.995+0000] {processor.py:161} INFO - Started process (PID=151) to work on /home/airflow/.local/lib/python3.8/site-packages/airflow/example_dags/example_latest_only.py
[2024-01-13T12:08:15.997+0000] {processor.py:830} INFO - Processing file /home/airflow/.local/lib/python3.8/site-packages/airflow/example_dags/example_latest_only.py for tasks to queue
[2024-01-13T12:08:16.001+0000] {logging_mixin.py:188} INFO - [2024-01-13T12:08:16.000+0000] {dagbag.py:538} INFO - Filling up the DagBag from /home/airflow/.local/lib/python3.8/site-packages/airflow/example_dags/example_latest_only.py
[2024-01-13T12:08:16.014+0000] {processor.py:840} INFO - DAG(s) 'latest_only' retrieved from /home/airflow/.local/lib/python3.8/site-packages/airflow/example_dags/example_latest_only.py
[2024-01-13T12:08:16.253+0000] {logging_mixin.py:188} INFO - [2024-01-13T12:08:16.253+0000] {dag.py:3033} INFO - Sync 1 DAGs
[2024-01-13T12:08:16.315+0000] {logging_mixin.py:188} INFO - [2024-01-13T12:08:16.315+0000] {dag.py:3820} INFO - Setting next_dagrun for latest_only to 2024-01-13T08:00:00+00:00, run_after=2024-01-13T12:00:00+00:00
[2024-01-13T12:08:16.357+0000] {processor.py:183} INFO - Processing /home/airflow/.local/lib/python3.8/site-packages/airflow/example_dags/example_latest_only.py took 0.372 seconds
[2024-01-13T12:08:47.355+0000] {processor.py:161} INFO - Started process (PID=210) to work on /home/airflow/.local/lib/python3.8/site-packages/airflow/example_dags/example_latest_only.py
[2024-01-13T12:08:47.357+0000] {processor.py:830} INFO - Processing file /home/airflow/.local/lib/python3.8/site-packages/airflow/example_dags/example_latest_only.py for tasks to queue
[2024-01-13T12:08:47.360+0000] {logging_mixin.py:188} INFO - [2024-01-13T12:08:47.360+0000] {dagbag.py:538} INFO - Filling up the DagBag from /home/airflow/.local/lib/python3.8/site-packages/airflow/example_dags/example_latest_only.py
[2024-01-13T12:08:47.368+0000] {processor.py:840} INFO - DAG(s) 'latest_only' retrieved from /home/airflow/.local/lib/python3.8/site-packages/airflow/example_dags/example_latest_only.py
[2024-01-13T12:08:47.398+0000] {logging_mixin.py:188} INFO - [2024-01-13T12:08:47.398+0000] {dag.py:3033} INFO - Sync 1 DAGs
[2024-01-13T12:08:47.428+0000] {logging_mixin.py:188} INFO - [2024-01-13T12:08:47.428+0000] {dag.py:3820} INFO - Setting next_dagrun for latest_only to 2024-01-13T08:00:00+00:00, run_after=2024-01-13T12:00:00+00:00
[2024-01-13T12:08:47.450+0000] {processor.py:183} INFO - Processing /home/airflow/.local/lib/python3.8/site-packages/airflow/example_dags/example_latest_only.py took 0.101 seconds
[2024-01-13T12:09:17.870+0000] {processor.py:161} INFO - Started process (PID=270) to work on /home/airflow/.local/lib/python3.8/site-packages/airflow/example_dags/example_latest_only.py
[2024-01-13T12:09:17.871+0000] {processor.py:830} INFO - Processing file /home/airflow/.local/lib/python3.8/site-packages/airflow/example_dags/example_latest_only.py for tasks to queue
[2024-01-13T12:09:17.875+0000] {logging_mixin.py:188} INFO - [2024-01-13T12:09:17.874+0000] {dagbag.py:538} INFO - Filling up the DagBag from /home/airflow/.local/lib/python3.8/site-packages/airflow/example_dags/example_latest_only.py
[2024-01-13T12:09:17.882+0000] {processor.py:840} INFO - DAG(s) 'latest_only' retrieved from /home/airflow/.local/lib/python3.8/site-packages/airflow/example_dags/example_latest_only.py
[2024-01-13T12:09:17.912+0000] {logging_mixin.py:188} INFO - [2024-01-13T12:09:17.912+0000] {dag.py:3033} INFO - Sync 1 DAGs
[2024-01-13T12:09:17.949+0000] {logging_mixin.py:188} INFO - [2024-01-13T12:09:17.948+0000] {dag.py:3820} INFO - Setting next_dagrun for latest_only to 2024-01-13T08:00:00+00:00, run_after=2024-01-13T12:00:00+00:00
[2024-01-13T12:09:17.974+0000] {processor.py:183} INFO - Processing /home/airflow/.local/lib/python3.8/site-packages/airflow/example_dags/example_latest_only.py took 0.109 seconds
[2024-01-13T12:09:48.142+0000] {processor.py:161} INFO - Started process (PID=329) to work on /home/airflow/.local/lib/python3.8/site-packages/airflow/example_dags/example_latest_only.py
[2024-01-13T12:09:48.144+0000] {processor.py:830} INFO - Processing file /home/airflow/.local/lib/python3.8/site-packages/airflow/example_dags/example_latest_only.py for tasks to queue
[2024-01-13T12:09:48.147+0000] {logging_mixin.py:188} INFO - [2024-01-13T12:09:48.147+0000] {dagbag.py:538} INFO - Filling up the DagBag from /home/airflow/.local/lib/python3.8/site-packages/airflow/example_dags/example_latest_only.py
[2024-01-13T12:09:48.154+0000] {processor.py:840} INFO - DAG(s) 'latest_only' retrieved from /home/airflow/.local/lib/python3.8/site-packages/airflow/example_dags/example_latest_only.py
[2024-01-13T12:09:48.182+0000] {logging_mixin.py:188} INFO - [2024-01-13T12:09:48.182+0000] {dag.py:3033} INFO - Sync 1 DAGs
[2024-01-13T12:09:48.210+0000] {logging_mixin.py:188} INFO - [2024-01-13T12:09:48.209+0000] {dag.py:3820} INFO - Setting next_dagrun for latest_only to 2024-01-13T08:00:00+00:00, run_after=2024-01-13T12:00:00+00:00
[2024-01-13T12:09:48.232+0000] {processor.py:183} INFO - Processing /home/airflow/.local/lib/python3.8/site-packages/airflow/example_dags/example_latest_only.py took 0.095 seconds
[2024-01-13T12:10:19.046+0000] {processor.py:161} INFO - Started process (PID=388) to work on /home/airflow/.local/lib/python3.8/site-packages/airflow/example_dags/example_latest_only.py
[2024-01-13T12:10:19.047+0000] {processor.py:830} INFO - Processing file /home/airflow/.local/lib/python3.8/site-packages/airflow/example_dags/example_latest_only.py for tasks to queue
[2024-01-13T12:10:19.051+0000] {logging_mixin.py:188} INFO - [2024-01-13T12:10:19.050+0000] {dagbag.py:538} INFO - Filling up the DagBag from /home/airflow/.local/lib/python3.8/site-packages/airflow/example_dags/example_latest_only.py
[2024-01-13T12:10:19.058+0000] {processor.py:840} INFO - DAG(s) 'latest_only' retrieved from /home/airflow/.local/lib/python3.8/site-packages/airflow/example_dags/example_latest_only.py
[2024-01-13T12:10:19.085+0000] {logging_mixin.py:188} INFO - [2024-01-13T12:10:19.084+0000] {dag.py:3033} INFO - Sync 1 DAGs
[2024-01-13T12:10:19.112+0000] {logging_mixin.py:188} INFO - [2024-01-13T12:10:19.112+0000] {dag.py:3820} INFO - Setting next_dagrun for latest_only to 2024-01-13T08:00:00+00:00, run_after=2024-01-13T12:00:00+00:00
[2024-01-13T12:10:19.134+0000] {processor.py:183} INFO - Processing /home/airflow/.local/lib/python3.8/site-packages/airflow/example_dags/example_latest_only.py took 0.093 seconds
[2024-01-13T12:10:49.339+0000] {processor.py:161} INFO - Started process (PID=447) to work on /home/airflow/.local/lib/python3.8/site-packages/airflow/example_dags/example_latest_only.py
[2024-01-13T12:10:49.341+0000] {processor.py:830} INFO - Processing file /home/airflow/.local/lib/python3.8/site-packages/airflow/example_dags/example_latest_only.py for tasks to queue
[2024-01-13T12:10:49.344+0000] {logging_mixin.py:188} INFO - [2024-01-13T12:10:49.343+0000] {dagbag.py:538} INFO - Filling up the DagBag from /home/airflow/.local/lib/python3.8/site-packages/airflow/example_dags/example_latest_only.py
[2024-01-13T12:10:49.351+0000] {processor.py:840} INFO - DAG(s) 'latest_only' retrieved from /home/airflow/.local/lib/python3.8/site-packages/airflow/example_dags/example_latest_only.py
[2024-01-13T12:10:49.379+0000] {logging_mixin.py:188} INFO - [2024-01-13T12:10:49.379+0000] {dag.py:3033} INFO - Sync 1 DAGs
[2024-01-13T12:10:49.410+0000] {logging_mixin.py:188} INFO - [2024-01-13T12:10:49.410+0000] {dag.py:3820} INFO - Setting next_dagrun for latest_only to 2024-01-13T08:00:00+00:00, run_after=2024-01-13T12:00:00+00:00
[2024-01-13T12:10:49.432+0000] {processor.py:183} INFO - Processing /home/airflow/.local/lib/python3.8/site-packages/airflow/example_dags/example_latest_only.py took 0.098 seconds
[2024-01-13T12:11:19.755+0000] {processor.py:161} INFO - Started process (PID=506) to work on /home/airflow/.local/lib/python3.8/site-packages/airflow/example_dags/example_latest_only.py
[2024-01-13T12:11:19.756+0000] {processor.py:830} INFO - Processing file /home/airflow/.local/lib/python3.8/site-packages/airflow/example_dags/example_latest_only.py for tasks to queue
[2024-01-13T12:11:19.760+0000] {logging_mixin.py:188} INFO - [2024-01-13T12:11:19.759+0000] {dagbag.py:538} INFO - Filling up the DagBag from /home/airflow/.local/lib/python3.8/site-packages/airflow/example_dags/example_latest_only.py
[2024-01-13T12:11:19.767+0000] {processor.py:840} INFO - DAG(s) 'latest_only' retrieved from /home/airflow/.local/lib/python3.8/site-packages/airflow/example_dags/example_latest_only.py
[2024-01-13T12:11:19.796+0000] {logging_mixin.py:188} INFO - [2024-01-13T12:11:19.796+0000] {dag.py:3033} INFO - Sync 1 DAGs
[2024-01-13T12:11:19.825+0000] {logging_mixin.py:188} INFO - [2024-01-13T12:11:19.824+0000] {dag.py:3820} INFO - Setting next_dagrun for latest_only to 2024-01-13T08:00:00+00:00, run_after=2024-01-13T12:00:00+00:00
[2024-01-13T12:11:19.849+0000] {processor.py:183} INFO - Processing /home/airflow/.local/lib/python3.8/site-packages/airflow/example_dags/example_latest_only.py took 0.100 seconds
[2024-01-13T12:11:49.973+0000] {processor.py:161} INFO - Started process (PID=565) to work on /home/airflow/.local/lib/python3.8/site-packages/airflow/example_dags/example_latest_only.py
[2024-01-13T12:11:49.976+0000] {processor.py:830} INFO - Processing file /home/airflow/.local/lib/python3.8/site-packages/airflow/example_dags/example_latest_only.py for tasks to queue
[2024-01-13T12:11:49.980+0000] {logging_mixin.py:188} INFO - [2024-01-13T12:11:49.979+0000] {dagbag.py:538} INFO - Filling up the DagBag from /home/airflow/.local/lib/python3.8/site-packages/airflow/example_dags/example_latest_only.py
[2024-01-13T12:11:49.990+0000] {processor.py:840} INFO - DAG(s) 'latest_only' retrieved from /home/airflow/.local/lib/python3.8/site-packages/airflow/example_dags/example_latest_only.py
[2024-01-13T12:11:50.022+0000] {logging_mixin.py:188} INFO - [2024-01-13T12:11:50.022+0000] {dag.py:3033} INFO - Sync 1 DAGs
[2024-01-13T12:11:50.051+0000] {logging_mixin.py:188} INFO - [2024-01-13T12:11:50.051+0000] {dag.py:3820} INFO - Setting next_dagrun for latest_only to 2024-01-13T08:00:00+00:00, run_after=2024-01-13T12:00:00+00:00
[2024-01-13T12:11:50.076+0000] {processor.py:183} INFO - Processing /home/airflow/.local/lib/python3.8/site-packages/airflow/example_dags/example_latest_only.py took 0.110 seconds
[2024-01-13T12:12:20.264+0000] {processor.py:161} INFO - Started process (PID=624) to work on /home/airflow/.local/lib/python3.8/site-packages/airflow/example_dags/example_latest_only.py
[2024-01-13T12:12:20.265+0000] {processor.py:830} INFO - Processing file /home/airflow/.local/lib/python3.8/site-packages/airflow/example_dags/example_latest_only.py for tasks to queue
[2024-01-13T12:12:20.268+0000] {logging_mixin.py:188} INFO - [2024-01-13T12:12:20.268+0000] {dagbag.py:538} INFO - Filling up the DagBag from /home/airflow/.local/lib/python3.8/site-packages/airflow/example_dags/example_latest_only.py
[2024-01-13T12:12:20.276+0000] {processor.py:840} INFO - DAG(s) 'latest_only' retrieved from /home/airflow/.local/lib/python3.8/site-packages/airflow/example_dags/example_latest_only.py
[2024-01-13T12:12:20.303+0000] {logging_mixin.py:188} INFO - [2024-01-13T12:12:20.303+0000] {dag.py:3033} INFO - Sync 1 DAGs
[2024-01-13T12:12:20.331+0000] {logging_mixin.py:188} INFO - [2024-01-13T12:12:20.330+0000] {dag.py:3820} INFO - Setting next_dagrun for latest_only to 2024-01-13T08:00:00+00:00, run_after=2024-01-13T12:00:00+00:00
[2024-01-13T12:12:20.352+0000] {processor.py:183} INFO - Processing /home/airflow/.local/lib/python3.8/site-packages/airflow/example_dags/example_latest_only.py took 0.093 seconds
[2024-01-13T12:12:52.211+0000] {processor.py:161} INFO - Started process (PID=683) to work on /home/airflow/.local/lib/python3.8/site-packages/airflow/example_dags/example_latest_only.py
[2024-01-13T12:12:52.213+0000] {processor.py:830} INFO - Processing file /home/airflow/.local/lib/python3.8/site-packages/airflow/example_dags/example_latest_only.py for tasks to queue
[2024-01-13T12:12:52.216+0000] {logging_mixin.py:188} INFO - [2024-01-13T12:12:52.215+0000] {dagbag.py:538} INFO - Filling up the DagBag from /home/airflow/.local/lib/python3.8/site-packages/airflow/example_dags/example_latest_only.py
[2024-01-13T12:12:52.225+0000] {processor.py:840} INFO - DAG(s) 'latest_only' retrieved from /home/airflow/.local/lib/python3.8/site-packages/airflow/example_dags/example_latest_only.py
[2024-01-13T12:12:52.256+0000] {logging_mixin.py:188} INFO - [2024-01-13T12:12:52.255+0000] {dag.py:3033} INFO - Sync 1 DAGs
[2024-01-13T12:12:52.287+0000] {logging_mixin.py:188} INFO - [2024-01-13T12:12:52.286+0000] {dag.py:3820} INFO - Setting next_dagrun for latest_only to 2024-01-13T08:00:00+00:00, run_after=2024-01-13T12:00:00+00:00
[2024-01-13T12:12:52.309+0000] {processor.py:183} INFO - Processing /home/airflow/.local/lib/python3.8/site-packages/airflow/example_dags/example_latest_only.py took 0.104 seconds
[2024-01-13T12:13:27.855+0000] {processor.py:161} INFO - Started process (PID=756) to work on /home/airflow/.local/lib/python3.8/site-packages/airflow/example_dags/example_latest_only.py
[2024-01-13T12:13:27.857+0000] {processor.py:830} INFO - Processing file /home/airflow/.local/lib/python3.8/site-packages/airflow/example_dags/example_latest_only.py for tasks to queue
[2024-01-13T12:13:27.861+0000] {logging_mixin.py:188} INFO - [2024-01-13T12:13:27.861+0000] {dagbag.py:538} INFO - Filling up the DagBag from /home/airflow/.local/lib/python3.8/site-packages/airflow/example_dags/example_latest_only.py
[2024-01-13T12:13:27.871+0000] {processor.py:840} INFO - DAG(s) 'latest_only' retrieved from /home/airflow/.local/lib/python3.8/site-packages/airflow/example_dags/example_latest_only.py
[2024-01-13T12:13:27.913+0000] {logging_mixin.py:188} INFO - [2024-01-13T12:13:27.913+0000] {dag.py:3033} INFO - Sync 1 DAGs
[2024-01-13T12:13:27.957+0000] {logging_mixin.py:188} INFO - [2024-01-13T12:13:27.956+0000] {dag.py:3820} INFO - Setting next_dagrun for latest_only to 2024-01-13T08:00:00+00:00, run_after=2024-01-13T12:00:00+00:00
[2024-01-13T12:13:27.986+0000] {processor.py:183} INFO - Processing /home/airflow/.local/lib/python3.8/site-packages/airflow/example_dags/example_latest_only.py took 0.138 seconds
[2024-01-13T12:13:58.380+0000] {processor.py:161} INFO - Started process (PID=816) to work on /home/airflow/.local/lib/python3.8/site-packages/airflow/example_dags/example_latest_only.py
[2024-01-13T12:13:58.383+0000] {processor.py:830} INFO - Processing file /home/airflow/.local/lib/python3.8/site-packages/airflow/example_dags/example_latest_only.py for tasks to queue
[2024-01-13T12:13:58.387+0000] {logging_mixin.py:188} INFO - [2024-01-13T12:13:58.387+0000] {dagbag.py:538} INFO - Filling up the DagBag from /home/airflow/.local/lib/python3.8/site-packages/airflow/example_dags/example_latest_only.py
[2024-01-13T12:13:58.398+0000] {processor.py:840} INFO - DAG(s) 'latest_only' retrieved from /home/airflow/.local/lib/python3.8/site-packages/airflow/example_dags/example_latest_only.py
[2024-01-13T12:13:58.434+0000] {logging_mixin.py:188} INFO - [2024-01-13T12:13:58.434+0000] {dag.py:3033} INFO - Sync 1 DAGs
[2024-01-13T12:13:58.475+0000] {logging_mixin.py:188} INFO - [2024-01-13T12:13:58.475+0000] {dag.py:3820} INFO - Setting next_dagrun for latest_only to 2024-01-13T08:00:00+00:00, run_after=2024-01-13T12:00:00+00:00
[2024-01-13T12:13:58.507+0000] {processor.py:183} INFO - Processing /home/airflow/.local/lib/python3.8/site-packages/airflow/example_dags/example_latest_only.py took 0.133 seconds
[2024-01-13T12:14:28.830+0000] {processor.py:161} INFO - Started process (PID=875) to work on /home/airflow/.local/lib/python3.8/site-packages/airflow/example_dags/example_latest_only.py
[2024-01-13T12:14:28.831+0000] {processor.py:830} INFO - Processing file /home/airflow/.local/lib/python3.8/site-packages/airflow/example_dags/example_latest_only.py for tasks to queue
[2024-01-13T12:14:28.835+0000] {logging_mixin.py:188} INFO - [2024-01-13T12:14:28.835+0000] {dagbag.py:538} INFO - Filling up the DagBag from /home/airflow/.local/lib/python3.8/site-packages/airflow/example_dags/example_latest_only.py
[2024-01-13T12:14:28.843+0000] {processor.py:840} INFO - DAG(s) 'latest_only' retrieved from /home/airflow/.local/lib/python3.8/site-packages/airflow/example_dags/example_latest_only.py
[2024-01-13T12:14:28.883+0000] {logging_mixin.py:188} INFO - [2024-01-13T12:14:28.882+0000] {dag.py:3033} INFO - Sync 1 DAGs
[2024-01-13T12:14:28.919+0000] {logging_mixin.py:188} INFO - [2024-01-13T12:14:28.919+0000] {dag.py:3820} INFO - Setting next_dagrun for latest_only to 2024-01-13T08:00:00+00:00, run_after=2024-01-13T12:00:00+00:00
[2024-01-13T12:14:28.947+0000] {processor.py:183} INFO - Processing /home/airflow/.local/lib/python3.8/site-packages/airflow/example_dags/example_latest_only.py took 0.121 seconds
[2024-01-13T12:14:59.732+0000] {processor.py:161} INFO - Started process (PID=934) to work on /home/airflow/.local/lib/python3.8/site-packages/airflow/example_dags/example_latest_only.py
[2024-01-13T12:14:59.734+0000] {processor.py:830} INFO - Processing file /home/airflow/.local/lib/python3.8/site-packages/airflow/example_dags/example_latest_only.py for tasks to queue
[2024-01-13T12:14:59.738+0000] {logging_mixin.py:188} INFO - [2024-01-13T12:14:59.738+0000] {dagbag.py:538} INFO - Filling up the DagBag from /home/airflow/.local/lib/python3.8/site-packages/airflow/example_dags/example_latest_only.py
[2024-01-13T12:14:59.748+0000] {processor.py:840} INFO - DAG(s) 'latest_only' retrieved from /home/airflow/.local/lib/python3.8/site-packages/airflow/example_dags/example_latest_only.py
[2024-01-13T12:14:59.781+0000] {logging_mixin.py:188} INFO - [2024-01-13T12:14:59.781+0000] {dag.py:3033} INFO - Sync 1 DAGs
[2024-01-13T12:14:59.819+0000] {logging_mixin.py:188} INFO - [2024-01-13T12:14:59.819+0000] {dag.py:3820} INFO - Setting next_dagrun for latest_only to 2024-01-13T08:00:00+00:00, run_after=2024-01-13T12:00:00+00:00
[2024-01-13T12:14:59.846+0000] {processor.py:183} INFO - Processing /home/airflow/.local/lib/python3.8/site-packages/airflow/example_dags/example_latest_only.py took 0.119 seconds
[2024-01-13T12:15:30.585+0000] {processor.py:161} INFO - Started process (PID=993) to work on /home/airflow/.local/lib/python3.8/site-packages/airflow/example_dags/example_latest_only.py
[2024-01-13T12:15:30.588+0000] {processor.py:830} INFO - Processing file /home/airflow/.local/lib/python3.8/site-packages/airflow/example_dags/example_latest_only.py for tasks to queue
[2024-01-13T12:15:30.591+0000] {logging_mixin.py:188} INFO - [2024-01-13T12:15:30.591+0000] {dagbag.py:538} INFO - Filling up the DagBag from /home/airflow/.local/lib/python3.8/site-packages/airflow/example_dags/example_latest_only.py
[2024-01-13T12:15:30.600+0000] {processor.py:840} INFO - DAG(s) 'latest_only' retrieved from /home/airflow/.local/lib/python3.8/site-packages/airflow/example_dags/example_latest_only.py
[2024-01-13T12:15:30.632+0000] {logging_mixin.py:188} INFO - [2024-01-13T12:15:30.632+0000] {dag.py:3033} INFO - Sync 1 DAGs
[2024-01-13T12:15:30.660+0000] {logging_mixin.py:188} INFO - [2024-01-13T12:15:30.659+0000] {dag.py:3820} INFO - Setting next_dagrun for latest_only to 2024-01-13T08:00:00+00:00, run_after=2024-01-13T12:00:00+00:00
[2024-01-13T12:15:30.682+0000] {processor.py:183} INFO - Processing /home/airflow/.local/lib/python3.8/site-packages/airflow/example_dags/example_latest_only.py took 0.102 seconds
[2024-01-13T12:16:01.437+0000] {processor.py:161} INFO - Started process (PID=1052) to work on /home/airflow/.local/lib/python3.8/site-packages/airflow/example_dags/example_latest_only.py
[2024-01-13T12:16:01.439+0000] {processor.py:830} INFO - Processing file /home/airflow/.local/lib/python3.8/site-packages/airflow/example_dags/example_latest_only.py for tasks to queue
[2024-01-13T12:16:01.444+0000] {logging_mixin.py:188} INFO - [2024-01-13T12:16:01.443+0000] {dagbag.py:538} INFO - Filling up the DagBag from /home/airflow/.local/lib/python3.8/site-packages/airflow/example_dags/example_latest_only.py
[2024-01-13T12:16:01.452+0000] {processor.py:840} INFO - DAG(s) 'latest_only' retrieved from /home/airflow/.local/lib/python3.8/site-packages/airflow/example_dags/example_latest_only.py
[2024-01-13T12:16:01.485+0000] {logging_mixin.py:188} INFO - [2024-01-13T12:16:01.484+0000] {dag.py:3033} INFO - Sync 1 DAGs
[2024-01-13T12:16:01.520+0000] {logging_mixin.py:188} INFO - [2024-01-13T12:16:01.519+0000] {dag.py:3820} INFO - Setting next_dagrun for latest_only to 2024-01-13T08:00:00+00:00, run_after=2024-01-13T12:00:00+00:00
[2024-01-13T12:16:01.550+0000] {processor.py:183} INFO - Processing /home/airflow/.local/lib/python3.8/site-packages/airflow/example_dags/example_latest_only.py took 0.120 seconds
[2024-01-13T12:16:32.436+0000] {processor.py:161} INFO - Started process (PID=1111) to work on /home/airflow/.local/lib/python3.8/site-packages/airflow/example_dags/example_latest_only.py
[2024-01-13T12:16:32.438+0000] {processor.py:830} INFO - Processing file /home/airflow/.local/lib/python3.8/site-packages/airflow/example_dags/example_latest_only.py for tasks to queue
[2024-01-13T12:16:32.441+0000] {logging_mixin.py:188} INFO - [2024-01-13T12:16:32.441+0000] {dagbag.py:538} INFO - Filling up the DagBag from /home/airflow/.local/lib/python3.8/site-packages/airflow/example_dags/example_latest_only.py
[2024-01-13T12:16:32.449+0000] {processor.py:840} INFO - DAG(s) 'latest_only' retrieved from /home/airflow/.local/lib/python3.8/site-packages/airflow/example_dags/example_latest_only.py
[2024-01-13T12:16:32.478+0000] {logging_mixin.py:188} INFO - [2024-01-13T12:16:32.477+0000] {dag.py:3033} INFO - Sync 1 DAGs
[2024-01-13T12:16:32.506+0000] {logging_mixin.py:188} INFO - [2024-01-13T12:16:32.506+0000] {dag.py:3820} INFO - Setting next_dagrun for latest_only to 2024-01-13T08:00:00+00:00, run_after=2024-01-13T12:00:00+00:00
[2024-01-13T12:16:32.528+0000] {processor.py:183} INFO - Processing /home/airflow/.local/lib/python3.8/site-packages/airflow/example_dags/example_latest_only.py took 0.097 seconds
[2024-01-13T12:17:03.745+0000] {processor.py:161} INFO - Started process (PID=1170) to work on /home/airflow/.local/lib/python3.8/site-packages/airflow/example_dags/example_latest_only.py
[2024-01-13T12:17:03.748+0000] {processor.py:830} INFO - Processing file /home/airflow/.local/lib/python3.8/site-packages/airflow/example_dags/example_latest_only.py for tasks to queue
[2024-01-13T12:17:03.752+0000] {logging_mixin.py:188} INFO - [2024-01-13T12:17:03.752+0000] {dagbag.py:538} INFO - Filling up the DagBag from /home/airflow/.local/lib/python3.8/site-packages/airflow/example_dags/example_latest_only.py
[2024-01-13T12:17:03.763+0000] {processor.py:840} INFO - DAG(s) 'latest_only' retrieved from /home/airflow/.local/lib/python3.8/site-packages/airflow/example_dags/example_latest_only.py
[2024-01-13T12:17:03.790+0000] {logging_mixin.py:188} INFO - [2024-01-13T12:17:03.790+0000] {dag.py:3033} INFO - Sync 1 DAGs
[2024-01-13T12:17:03.818+0000] {logging_mixin.py:188} INFO - [2024-01-13T12:17:03.818+0000] {dag.py:3820} INFO - Setting next_dagrun for latest_only to 2024-01-13T08:00:00+00:00, run_after=2024-01-13T12:00:00+00:00
[2024-01-13T12:17:03.842+0000] {processor.py:183} INFO - Processing /home/airflow/.local/lib/python3.8/site-packages/airflow/example_dags/example_latest_only.py took 0.102 seconds
[2024-01-13T12:17:34.938+0000] {processor.py:161} INFO - Started process (PID=1229) to work on /home/airflow/.local/lib/python3.8/site-packages/airflow/example_dags/example_latest_only.py
[2024-01-13T12:17:34.940+0000] {processor.py:830} INFO - Processing file /home/airflow/.local/lib/python3.8/site-packages/airflow/example_dags/example_latest_only.py for tasks to queue
[2024-01-13T12:17:34.944+0000] {logging_mixin.py:188} INFO - [2024-01-13T12:17:34.943+0000] {dagbag.py:538} INFO - Filling up the DagBag from /home/airflow/.local/lib/python3.8/site-packages/airflow/example_dags/example_latest_only.py
[2024-01-13T12:17:34.954+0000] {processor.py:840} INFO - DAG(s) 'latest_only' retrieved from /home/airflow/.local/lib/python3.8/site-packages/airflow/example_dags/example_latest_only.py
[2024-01-13T12:17:34.983+0000] {logging_mixin.py:188} INFO - [2024-01-13T12:17:34.983+0000] {dag.py:3033} INFO - Sync 1 DAGs
[2024-01-13T12:17:35.012+0000] {logging_mixin.py:188} INFO - [2024-01-13T12:17:35.012+0000] {dag.py:3820} INFO - Setting next_dagrun for latest_only to 2024-01-13T08:00:00+00:00, run_after=2024-01-13T12:00:00+00:00
[2024-01-13T12:17:35.039+0000] {processor.py:183} INFO - Processing /home/airflow/.local/lib/python3.8/site-packages/airflow/example_dags/example_latest_only.py took 0.106 seconds
[2024-01-13T12:18:06.129+0000] {processor.py:161} INFO - Started process (PID=1288) to work on /home/airflow/.local/lib/python3.8/site-packages/airflow/example_dags/example_latest_only.py
[2024-01-13T12:18:06.147+0000] {processor.py:830} INFO - Processing file /home/airflow/.local/lib/python3.8/site-packages/airflow/example_dags/example_latest_only.py for tasks to queue
[2024-01-13T12:18:06.150+0000] {logging_mixin.py:188} INFO - [2024-01-13T12:18:06.150+0000] {dagbag.py:538} INFO - Filling up the DagBag from /home/airflow/.local/lib/python3.8/site-packages/airflow/example_dags/example_latest_only.py
[2024-01-13T12:18:06.160+0000] {processor.py:840} INFO - DAG(s) 'latest_only' retrieved from /home/airflow/.local/lib/python3.8/site-packages/airflow/example_dags/example_latest_only.py
[2024-01-13T12:18:06.192+0000] {logging_mixin.py:188} INFO - [2024-01-13T12:18:06.192+0000] {dag.py:3033} INFO - Sync 1 DAGs
[2024-01-13T12:18:06.224+0000] {logging_mixin.py:188} INFO - [2024-01-13T12:18:06.223+0000] {dag.py:3820} INFO - Setting next_dagrun for latest_only to 2024-01-13T08:00:00+00:00, run_after=2024-01-13T12:00:00+00:00
[2024-01-13T12:18:06.248+0000] {processor.py:183} INFO - Processing /home/airflow/.local/lib/python3.8/site-packages/airflow/example_dags/example_latest_only.py took 0.124 seconds
[2024-01-13T12:18:37.988+0000] {processor.py:161} INFO - Started process (PID=1347) to work on /home/airflow/.local/lib/python3.8/site-packages/airflow/example_dags/example_latest_only.py
[2024-01-13T12:18:37.989+0000] {processor.py:830} INFO - Processing file /home/airflow/.local/lib/python3.8/site-packages/airflow/example_dags/example_latest_only.py for tasks to queue
[2024-01-13T12:18:37.993+0000] {logging_mixin.py:188} INFO - [2024-01-13T12:18:37.993+0000] {dagbag.py:538} INFO - Filling up the DagBag from /home/airflow/.local/lib/python3.8/site-packages/airflow/example_dags/example_latest_only.py
[2024-01-13T12:18:38.003+0000] {processor.py:840} INFO - DAG(s) 'latest_only' retrieved from /home/airflow/.local/lib/python3.8/site-packages/airflow/example_dags/example_latest_only.py
[2024-01-13T12:18:38.034+0000] {logging_mixin.py:188} INFO - [2024-01-13T12:18:38.034+0000] {dag.py:3033} INFO - Sync 1 DAGs
[2024-01-13T12:18:38.074+0000] {logging_mixin.py:188} INFO - [2024-01-13T12:18:38.074+0000] {dag.py:3820} INFO - Setting next_dagrun for latest_only to 2024-01-13T08:00:00+00:00, run_after=2024-01-13T12:00:00+00:00
[2024-01-13T12:18:38.106+0000] {processor.py:183} INFO - Processing /home/airflow/.local/lib/python3.8/site-packages/airflow/example_dags/example_latest_only.py took 0.126 seconds
[2024-01-13T12:19:08.864+0000] {processor.py:161} INFO - Started process (PID=1418) to work on /home/airflow/.local/lib/python3.8/site-packages/airflow/example_dags/example_latest_only.py
[2024-01-13T12:19:08.866+0000] {processor.py:830} INFO - Processing file /home/airflow/.local/lib/python3.8/site-packages/airflow/example_dags/example_latest_only.py for tasks to queue
[2024-01-13T12:19:08.870+0000] {logging_mixin.py:188} INFO - [2024-01-13T12:19:08.870+0000] {dagbag.py:538} INFO - Filling up the DagBag from /home/airflow/.local/lib/python3.8/site-packages/airflow/example_dags/example_latest_only.py
[2024-01-13T12:19:08.879+0000] {processor.py:840} INFO - DAG(s) 'latest_only' retrieved from /home/airflow/.local/lib/python3.8/site-packages/airflow/example_dags/example_latest_only.py
[2024-01-13T12:19:08.917+0000] {logging_mixin.py:188} INFO - [2024-01-13T12:19:08.917+0000] {dag.py:3033} INFO - Sync 1 DAGs
[2024-01-13T12:19:08.949+0000] {logging_mixin.py:188} INFO - [2024-01-13T12:19:08.949+0000] {dag.py:3820} INFO - Setting next_dagrun for latest_only to 2024-01-13T08:00:00+00:00, run_after=2024-01-13T12:00:00+00:00
[2024-01-13T12:19:08.975+0000] {processor.py:183} INFO - Processing /home/airflow/.local/lib/python3.8/site-packages/airflow/example_dags/example_latest_only.py took 0.118 seconds
[2024-01-13T12:19:40.183+0000] {processor.py:161} INFO - Started process (PID=1477) to work on /home/airflow/.local/lib/python3.8/site-packages/airflow/example_dags/example_latest_only.py
[2024-01-13T12:19:40.184+0000] {processor.py:830} INFO - Processing file /home/airflow/.local/lib/python3.8/site-packages/airflow/example_dags/example_latest_only.py for tasks to queue
[2024-01-13T12:19:40.188+0000] {logging_mixin.py:188} INFO - [2024-01-13T12:19:40.187+0000] {dagbag.py:538} INFO - Filling up the DagBag from /home/airflow/.local/lib/python3.8/site-packages/airflow/example_dags/example_latest_only.py
[2024-01-13T12:19:40.198+0000] {processor.py:840} INFO - DAG(s) 'latest_only' retrieved from /home/airflow/.local/lib/python3.8/site-packages/airflow/example_dags/example_latest_only.py
[2024-01-13T12:19:40.235+0000] {logging_mixin.py:188} INFO - [2024-01-13T12:19:40.235+0000] {dag.py:3033} INFO - Sync 1 DAGs
[2024-01-13T12:19:40.266+0000] {logging_mixin.py:188} INFO - [2024-01-13T12:19:40.266+0000] {dag.py:3820} INFO - Setting next_dagrun for latest_only to 2024-01-13T08:00:00+00:00, run_after=2024-01-13T12:00:00+00:00
[2024-01-13T12:19:40.293+0000] {processor.py:183} INFO - Processing /home/airflow/.local/lib/python3.8/site-packages/airflow/example_dags/example_latest_only.py took 0.116 seconds
[2024-01-13T12:20:11.726+0000] {processor.py:161} INFO - Started process (PID=1536) to work on /home/airflow/.local/lib/python3.8/site-packages/airflow/example_dags/example_latest_only.py
[2024-01-13T12:20:11.729+0000] {processor.py:830} INFO - Processing file /home/airflow/.local/lib/python3.8/site-packages/airflow/example_dags/example_latest_only.py for tasks to queue
[2024-01-13T12:20:11.733+0000] {logging_mixin.py:188} INFO - [2024-01-13T12:20:11.732+0000] {dagbag.py:538} INFO - Filling up the DagBag from /home/airflow/.local/lib/python3.8/site-packages/airflow/example_dags/example_latest_only.py
[2024-01-13T12:20:11.744+0000] {processor.py:840} INFO - DAG(s) 'latest_only' retrieved from /home/airflow/.local/lib/python3.8/site-packages/airflow/example_dags/example_latest_only.py
[2024-01-13T12:20:11.784+0000] {logging_mixin.py:188} INFO - [2024-01-13T12:20:11.784+0000] {dag.py:3033} INFO - Sync 1 DAGs
[2024-01-13T12:20:11.813+0000] {logging_mixin.py:188} INFO - [2024-01-13T12:20:11.813+0000] {dag.py:3820} INFO - Setting next_dagrun for latest_only to 2024-01-13T08:00:00+00:00, run_after=2024-01-13T12:00:00+00:00
[2024-01-13T12:20:11.842+0000] {processor.py:183} INFO - Processing /home/airflow/.local/lib/python3.8/site-packages/airflow/example_dags/example_latest_only.py took 0.122 seconds
[2024-01-13T12:20:43.521+0000] {processor.py:161} INFO - Started process (PID=1596) to work on /home/airflow/.local/lib/python3.8/site-packages/airflow/example_dags/example_latest_only.py
[2024-01-13T12:20:43.525+0000] {processor.py:830} INFO - Processing file /home/airflow/.local/lib/python3.8/site-packages/airflow/example_dags/example_latest_only.py for tasks to queue
[2024-01-13T12:20:43.529+0000] {logging_mixin.py:188} INFO - [2024-01-13T12:20:43.529+0000] {dagbag.py:538} INFO - Filling up the DagBag from /home/airflow/.local/lib/python3.8/site-packages/airflow/example_dags/example_latest_only.py
[2024-01-13T12:20:43.537+0000] {processor.py:840} INFO - DAG(s) 'latest_only' retrieved from /home/airflow/.local/lib/python3.8/site-packages/airflow/example_dags/example_latest_only.py
[2024-01-13T12:20:43.567+0000] {logging_mixin.py:188} INFO - [2024-01-13T12:20:43.567+0000] {dag.py:3033} INFO - Sync 1 DAGs
[2024-01-13T12:20:43.610+0000] {logging_mixin.py:188} INFO - [2024-01-13T12:20:43.609+0000] {dag.py:3820} INFO - Setting next_dagrun for latest_only to 2024-01-13T08:00:00+00:00, run_after=2024-01-13T12:00:00+00:00
[2024-01-13T12:20:43.636+0000] {processor.py:183} INFO - Processing /home/airflow/.local/lib/python3.8/site-packages/airflow/example_dags/example_latest_only.py took 0.122 seconds
[2024-01-13T12:21:14.718+0000] {processor.py:161} INFO - Started process (PID=1663) to work on /home/airflow/.local/lib/python3.8/site-packages/airflow/example_dags/example_latest_only.py
[2024-01-13T12:21:14.720+0000] {processor.py:830} INFO - Processing file /home/airflow/.local/lib/python3.8/site-packages/airflow/example_dags/example_latest_only.py for tasks to queue
[2024-01-13T12:21:14.723+0000] {logging_mixin.py:188} INFO - [2024-01-13T12:21:14.723+0000] {dagbag.py:538} INFO - Filling up the DagBag from /home/airflow/.local/lib/python3.8/site-packages/airflow/example_dags/example_latest_only.py
[2024-01-13T12:21:14.731+0000] {processor.py:840} INFO - DAG(s) 'latest_only' retrieved from /home/airflow/.local/lib/python3.8/site-packages/airflow/example_dags/example_latest_only.py
[2024-01-13T12:21:14.767+0000] {logging_mixin.py:188} INFO - [2024-01-13T12:21:14.766+0000] {dag.py:3033} INFO - Sync 1 DAGs
[2024-01-13T12:21:14.801+0000] {logging_mixin.py:188} INFO - [2024-01-13T12:21:14.801+0000] {dag.py:3820} INFO - Setting next_dagrun for latest_only to 2024-01-13T08:00:00+00:00, run_after=2024-01-13T12:00:00+00:00
[2024-01-13T12:21:14.828+0000] {processor.py:183} INFO - Processing /home/airflow/.local/lib/python3.8/site-packages/airflow/example_dags/example_latest_only.py took 0.116 seconds
[2024-01-13T12:21:45.842+0000] {processor.py:161} INFO - Started process (PID=1736) to work on /home/airflow/.local/lib/python3.8/site-packages/airflow/example_dags/example_latest_only.py
[2024-01-13T12:21:45.844+0000] {processor.py:830} INFO - Processing file /home/airflow/.local/lib/python3.8/site-packages/airflow/example_dags/example_latest_only.py for tasks to queue
[2024-01-13T12:21:45.848+0000] {logging_mixin.py:188} INFO - [2024-01-13T12:21:45.847+0000] {dagbag.py:538} INFO - Filling up the DagBag from /home/airflow/.local/lib/python3.8/site-packages/airflow/example_dags/example_latest_only.py
[2024-01-13T12:21:45.857+0000] {processor.py:840} INFO - DAG(s) 'latest_only' retrieved from /home/airflow/.local/lib/python3.8/site-packages/airflow/example_dags/example_latest_only.py
[2024-01-13T12:21:45.889+0000] {logging_mixin.py:188} INFO - [2024-01-13T12:21:45.889+0000] {dag.py:3033} INFO - Sync 1 DAGs
[2024-01-13T12:21:45.917+0000] {logging_mixin.py:188} INFO - [2024-01-13T12:21:45.917+0000] {dag.py:3820} INFO - Setting next_dagrun for latest_only to 2024-01-13T08:00:00+00:00, run_after=2024-01-13T12:00:00+00:00
[2024-01-13T12:21:45.940+0000] {processor.py:183} INFO - Processing /home/airflow/.local/lib/python3.8/site-packages/airflow/example_dags/example_latest_only.py took 0.103 seconds
[2024-01-13T12:22:17.135+0000] {processor.py:161} INFO - Started process (PID=1807) to work on /home/airflow/.local/lib/python3.8/site-packages/airflow/example_dags/example_latest_only.py
[2024-01-13T12:22:17.138+0000] {processor.py:830} INFO - Processing file /home/airflow/.local/lib/python3.8/site-packages/airflow/example_dags/example_latest_only.py for tasks to queue
[2024-01-13T12:22:17.142+0000] {logging_mixin.py:188} INFO - [2024-01-13T12:22:17.142+0000] {dagbag.py:538} INFO - Filling up the DagBag from /home/airflow/.local/lib/python3.8/site-packages/airflow/example_dags/example_latest_only.py
[2024-01-13T12:22:17.153+0000] {processor.py:840} INFO - DAG(s) 'latest_only' retrieved from /home/airflow/.local/lib/python3.8/site-packages/airflow/example_dags/example_latest_only.py
[2024-01-13T12:22:17.186+0000] {logging_mixin.py:188} INFO - [2024-01-13T12:22:17.186+0000] {dag.py:3033} INFO - Sync 1 DAGs
[2024-01-13T12:22:17.229+0000] {logging_mixin.py:188} INFO - [2024-01-13T12:22:17.229+0000] {dag.py:3820} INFO - Setting next_dagrun for latest_only to 2024-01-13T08:00:00+00:00, run_after=2024-01-13T12:00:00+00:00
[2024-01-13T12:22:17.261+0000] {processor.py:183} INFO - Processing /home/airflow/.local/lib/python3.8/site-packages/airflow/example_dags/example_latest_only.py took 0.132 seconds
[2024-01-13T12:22:49.024+0000] {processor.py:161} INFO - Started process (PID=1900) to work on /home/airflow/.local/lib/python3.8/site-packages/airflow/example_dags/example_latest_only.py
[2024-01-13T12:22:49.026+0000] {processor.py:830} INFO - Processing file /home/airflow/.local/lib/python3.8/site-packages/airflow/example_dags/example_latest_only.py for tasks to queue
[2024-01-13T12:22:49.030+0000] {logging_mixin.py:188} INFO - [2024-01-13T12:22:49.030+0000] {dagbag.py:538} INFO - Filling up the DagBag from /home/airflow/.local/lib/python3.8/site-packages/airflow/example_dags/example_latest_only.py
[2024-01-13T12:22:49.040+0000] {processor.py:840} INFO - DAG(s) 'latest_only' retrieved from /home/airflow/.local/lib/python3.8/site-packages/airflow/example_dags/example_latest_only.py
[2024-01-13T12:22:49.081+0000] {logging_mixin.py:188} INFO - [2024-01-13T12:22:49.080+0000] {dag.py:3033} INFO - Sync 1 DAGs
[2024-01-13T12:22:49.121+0000] {logging_mixin.py:188} INFO - [2024-01-13T12:22:49.121+0000] {dag.py:3820} INFO - Setting next_dagrun for latest_only to 2024-01-13T08:00:00+00:00, run_after=2024-01-13T12:00:00+00:00
[2024-01-13T12:22:49.158+0000] {processor.py:183} INFO - Processing /home/airflow/.local/lib/python3.8/site-packages/airflow/example_dags/example_latest_only.py took 0.140 seconds
[2024-01-13T12:23:21.867+0000] {processor.py:161} INFO - Started process (PID=1959) to work on /home/airflow/.local/lib/python3.8/site-packages/airflow/example_dags/example_latest_only.py
[2024-01-13T12:23:21.870+0000] {processor.py:830} INFO - Processing file /home/airflow/.local/lib/python3.8/site-packages/airflow/example_dags/example_latest_only.py for tasks to queue
[2024-01-13T12:23:21.881+0000] {logging_mixin.py:188} INFO - [2024-01-13T12:23:21.880+0000] {dagbag.py:538} INFO - Filling up the DagBag from /home/airflow/.local/lib/python3.8/site-packages/airflow/example_dags/example_latest_only.py
[2024-01-13T12:23:21.910+0000] {processor.py:840} INFO - DAG(s) 'latest_only' retrieved from /home/airflow/.local/lib/python3.8/site-packages/airflow/example_dags/example_latest_only.py
[2024-01-13T12:23:21.986+0000] {logging_mixin.py:188} INFO - [2024-01-13T12:23:21.985+0000] {dag.py:3033} INFO - Sync 1 DAGs
[2024-01-13T12:23:22.039+0000] {logging_mixin.py:188} INFO - [2024-01-13T12:23:22.039+0000] {dag.py:3820} INFO - Setting next_dagrun for latest_only to 2024-01-13T08:00:00+00:00, run_after=2024-01-13T12:00:00+00:00
[2024-01-13T12:23:22.077+0000] {processor.py:183} INFO - Processing /home/airflow/.local/lib/python3.8/site-packages/airflow/example_dags/example_latest_only.py took 0.227 seconds
[2024-01-13T12:23:52.680+0000] {processor.py:161} INFO - Started process (PID=2018) to work on /home/airflow/.local/lib/python3.8/site-packages/airflow/example_dags/example_latest_only.py
[2024-01-13T12:23:52.683+0000] {processor.py:830} INFO - Processing file /home/airflow/.local/lib/python3.8/site-packages/airflow/example_dags/example_latest_only.py for tasks to queue
[2024-01-13T12:23:52.686+0000] {logging_mixin.py:188} INFO - [2024-01-13T12:23:52.686+0000] {dagbag.py:538} INFO - Filling up the DagBag from /home/airflow/.local/lib/python3.8/site-packages/airflow/example_dags/example_latest_only.py
[2024-01-13T12:23:52.694+0000] {processor.py:840} INFO - DAG(s) 'latest_only' retrieved from /home/airflow/.local/lib/python3.8/site-packages/airflow/example_dags/example_latest_only.py
[2024-01-13T12:23:52.724+0000] {logging_mixin.py:188} INFO - [2024-01-13T12:23:52.723+0000] {dag.py:3033} INFO - Sync 1 DAGs
[2024-01-13T12:23:52.752+0000] {logging_mixin.py:188} INFO - [2024-01-13T12:23:52.752+0000] {dag.py:3820} INFO - Setting next_dagrun for latest_only to 2024-01-13T08:00:00+00:00, run_after=2024-01-13T12:00:00+00:00
[2024-01-13T12:23:52.777+0000] {processor.py:183} INFO - Processing /home/airflow/.local/lib/python3.8/site-packages/airflow/example_dags/example_latest_only.py took 0.102 seconds
[2024-01-13T12:24:23.085+0000] {processor.py:161} INFO - Started process (PID=2077) to work on /home/airflow/.local/lib/python3.8/site-packages/airflow/example_dags/example_latest_only.py
[2024-01-13T12:24:23.086+0000] {processor.py:830} INFO - Processing file /home/airflow/.local/lib/python3.8/site-packages/airflow/example_dags/example_latest_only.py for tasks to queue
[2024-01-13T12:24:23.089+0000] {logging_mixin.py:188} INFO - [2024-01-13T12:24:23.089+0000] {dagbag.py:538} INFO - Filling up the DagBag from /home/airflow/.local/lib/python3.8/site-packages/airflow/example_dags/example_latest_only.py
[2024-01-13T12:24:23.097+0000] {processor.py:840} INFO - DAG(s) 'latest_only' retrieved from /home/airflow/.local/lib/python3.8/site-packages/airflow/example_dags/example_latest_only.py
[2024-01-13T12:24:23.125+0000] {logging_mixin.py:188} INFO - [2024-01-13T12:24:23.125+0000] {dag.py:3033} INFO - Sync 1 DAGs
[2024-01-13T12:24:23.163+0000] {logging_mixin.py:188} INFO - [2024-01-13T12:24:23.163+0000] {dag.py:3820} INFO - Setting next_dagrun for latest_only to 2024-01-13T08:00:00+00:00, run_after=2024-01-13T12:00:00+00:00
[2024-01-13T12:24:23.191+0000] {processor.py:183} INFO - Processing /home/airflow/.local/lib/python3.8/site-packages/airflow/example_dags/example_latest_only.py took 0.111 seconds
[2024-01-13T12:24:53.535+0000] {processor.py:161} INFO - Started process (PID=2136) to work on /home/airflow/.local/lib/python3.8/site-packages/airflow/example_dags/example_latest_only.py
[2024-01-13T12:24:53.537+0000] {processor.py:830} INFO - Processing file /home/airflow/.local/lib/python3.8/site-packages/airflow/example_dags/example_latest_only.py for tasks to queue
[2024-01-13T12:24:53.542+0000] {logging_mixin.py:188} INFO - [2024-01-13T12:24:53.541+0000] {dagbag.py:538} INFO - Filling up the DagBag from /home/airflow/.local/lib/python3.8/site-packages/airflow/example_dags/example_latest_only.py
[2024-01-13T12:24:53.549+0000] {processor.py:840} INFO - DAG(s) 'latest_only' retrieved from /home/airflow/.local/lib/python3.8/site-packages/airflow/example_dags/example_latest_only.py
[2024-01-13T12:24:53.579+0000] {logging_mixin.py:188} INFO - [2024-01-13T12:24:53.578+0000] {dag.py:3033} INFO - Sync 1 DAGs
[2024-01-13T12:24:53.608+0000] {logging_mixin.py:188} INFO - [2024-01-13T12:24:53.607+0000] {dag.py:3820} INFO - Setting next_dagrun for latest_only to 2024-01-13T08:00:00+00:00, run_after=2024-01-13T12:00:00+00:00
[2024-01-13T12:24:53.631+0000] {processor.py:183} INFO - Processing /home/airflow/.local/lib/python3.8/site-packages/airflow/example_dags/example_latest_only.py took 0.101 seconds
