[2024-01-13T11:57:40.068+0000] {processor.py:161} INFO - Started process (PID=45) to work on /home/airflow/.local/lib/python3.8/site-packages/airflow/example_dags/example_branch_operator_decorator.py
[2024-01-13T11:57:40.089+0000] {processor.py:830} INFO - Processing file /home/airflow/.local/lib/python3.8/site-packages/airflow/example_dags/example_branch_operator_decorator.py for tasks to queue
[2024-01-13T11:57:40.109+0000] {logging_mixin.py:188} INFO - [2024-01-13T11:57:40.108+0000] {dagbag.py:538} INFO - Filling up the DagBag from /home/airflow/.local/lib/python3.8/site-packages/airflow/example_dags/example_branch_operator_decorator.py
[2024-01-13T11:57:40.200+0000] {processor.py:840} INFO - DAG(s) 'example_branch_python_operator_decorator' retrieved from /home/airflow/.local/lib/python3.8/site-packages/airflow/example_dags/example_branch_operator_decorator.py
[2024-01-13T11:57:40.664+0000] {logging_mixin.py:188} INFO - [2024-01-13T11:57:40.663+0000] {override.py:1769} INFO - Created Permission View: can edit on DAG:example_branch_python_operator_decorator
[2024-01-13T11:57:40.688+0000] {logging_mixin.py:188} INFO - [2024-01-13T11:57:40.687+0000] {override.py:1769} INFO - Created Permission View: can read on DAG:example_branch_python_operator_decorator
[2024-01-13T11:57:40.701+0000] {logging_mixin.py:188} INFO - [2024-01-13T11:57:40.701+0000] {override.py:1769} INFO - Created Permission View: can delete on DAG:example_branch_python_operator_decorator
[2024-01-13T11:57:40.702+0000] {logging_mixin.py:188} INFO - [2024-01-13T11:57:40.701+0000] {dag.py:3033} INFO - Sync 1 DAGs
[2024-01-13T11:57:40.727+0000] {logging_mixin.py:188} INFO - [2024-01-13T11:57:40.726+0000] {dag.py:3055} INFO - Creating ORM DAG for example_branch_python_operator_decorator
[2024-01-13T11:57:40.761+0000] {logging_mixin.py:188} INFO - [2024-01-13T11:57:40.761+0000] {dag.py:3820} INFO - Setting next_dagrun for example_branch_python_operator_decorator to 2024-01-12T00:00:00+00:00, run_after=2024-01-13T00:00:00+00:00
[2024-01-13T11:57:40.806+0000] {processor.py:183} INFO - Processing /home/airflow/.local/lib/python3.8/site-packages/airflow/example_dags/example_branch_operator_decorator.py took 0.748 seconds
[2024-01-13T11:58:11.337+0000] {processor.py:161} INFO - Started process (PID=103) to work on /home/airflow/.local/lib/python3.8/site-packages/airflow/example_dags/example_branch_operator_decorator.py
[2024-01-13T11:58:11.339+0000] {processor.py:830} INFO - Processing file /home/airflow/.local/lib/python3.8/site-packages/airflow/example_dags/example_branch_operator_decorator.py for tasks to queue
[2024-01-13T11:58:11.342+0000] {logging_mixin.py:188} INFO - [2024-01-13T11:58:11.342+0000] {dagbag.py:538} INFO - Filling up the DagBag from /home/airflow/.local/lib/python3.8/site-packages/airflow/example_dags/example_branch_operator_decorator.py
[2024-01-13T11:58:11.366+0000] {processor.py:840} INFO - DAG(s) 'example_branch_python_operator_decorator' retrieved from /home/airflow/.local/lib/python3.8/site-packages/airflow/example_dags/example_branch_operator_decorator.py
[2024-01-13T11:58:11.414+0000] {logging_mixin.py:188} INFO - [2024-01-13T11:58:11.414+0000] {dag.py:3033} INFO - Sync 1 DAGs
[2024-01-13T11:58:11.459+0000] {logging_mixin.py:188} INFO - [2024-01-13T11:58:11.459+0000] {dag.py:3820} INFO - Setting next_dagrun for example_branch_python_operator_decorator to 2024-01-12T00:00:00+00:00, run_after=2024-01-13T00:00:00+00:00
[2024-01-13T11:58:11.484+0000] {processor.py:183} INFO - Processing /home/airflow/.local/lib/python3.8/site-packages/airflow/example_dags/example_branch_operator_decorator.py took 0.153 seconds
[2024-01-13T11:58:41.571+0000] {processor.py:161} INFO - Started process (PID=161) to work on /home/airflow/.local/lib/python3.8/site-packages/airflow/example_dags/example_branch_operator_decorator.py
[2024-01-13T11:58:41.572+0000] {processor.py:830} INFO - Processing file /home/airflow/.local/lib/python3.8/site-packages/airflow/example_dags/example_branch_operator_decorator.py for tasks to queue
[2024-01-13T11:58:41.576+0000] {logging_mixin.py:188} INFO - [2024-01-13T11:58:41.575+0000] {dagbag.py:538} INFO - Filling up the DagBag from /home/airflow/.local/lib/python3.8/site-packages/airflow/example_dags/example_branch_operator_decorator.py
[2024-01-13T11:58:41.599+0000] {processor.py:840} INFO - DAG(s) 'example_branch_python_operator_decorator' retrieved from /home/airflow/.local/lib/python3.8/site-packages/airflow/example_dags/example_branch_operator_decorator.py
[2024-01-13T11:58:41.635+0000] {logging_mixin.py:188} INFO - [2024-01-13T11:58:41.634+0000] {dag.py:3033} INFO - Sync 1 DAGs
[2024-01-13T11:58:41.663+0000] {logging_mixin.py:188} INFO - [2024-01-13T11:58:41.663+0000] {dag.py:3820} INFO - Setting next_dagrun for example_branch_python_operator_decorator to 2024-01-12T00:00:00+00:00, run_after=2024-01-13T00:00:00+00:00
[2024-01-13T11:58:41.685+0000] {processor.py:183} INFO - Processing /home/airflow/.local/lib/python3.8/site-packages/airflow/example_dags/example_branch_operator_decorator.py took 0.119 seconds
[2024-01-13T11:59:11.890+0000] {processor.py:161} INFO - Started process (PID=220) to work on /home/airflow/.local/lib/python3.8/site-packages/airflow/example_dags/example_branch_operator_decorator.py
[2024-01-13T11:59:11.891+0000] {processor.py:830} INFO - Processing file /home/airflow/.local/lib/python3.8/site-packages/airflow/example_dags/example_branch_operator_decorator.py for tasks to queue
[2024-01-13T11:59:11.894+0000] {logging_mixin.py:188} INFO - [2024-01-13T11:59:11.894+0000] {dagbag.py:538} INFO - Filling up the DagBag from /home/airflow/.local/lib/python3.8/site-packages/airflow/example_dags/example_branch_operator_decorator.py
[2024-01-13T11:59:11.922+0000] {processor.py:840} INFO - DAG(s) 'example_branch_python_operator_decorator' retrieved from /home/airflow/.local/lib/python3.8/site-packages/airflow/example_dags/example_branch_operator_decorator.py
[2024-01-13T11:59:11.970+0000] {logging_mixin.py:188} INFO - [2024-01-13T11:59:11.969+0000] {dag.py:3033} INFO - Sync 1 DAGs
[2024-01-13T11:59:12.012+0000] {logging_mixin.py:188} INFO - [2024-01-13T11:59:12.011+0000] {dag.py:3820} INFO - Setting next_dagrun for example_branch_python_operator_decorator to 2024-01-12T00:00:00+00:00, run_after=2024-01-13T00:00:00+00:00
[2024-01-13T11:59:12.033+0000] {processor.py:183} INFO - Processing /home/airflow/.local/lib/python3.8/site-packages/airflow/example_dags/example_branch_operator_decorator.py took 0.148 seconds
[2024-01-13T11:59:42.204+0000] {processor.py:161} INFO - Started process (PID=283) to work on /home/airflow/.local/lib/python3.8/site-packages/airflow/example_dags/example_branch_operator_decorator.py
[2024-01-13T11:59:42.233+0000] {processor.py:830} INFO - Processing file /home/airflow/.local/lib/python3.8/site-packages/airflow/example_dags/example_branch_operator_decorator.py for tasks to queue
[2024-01-13T11:59:42.236+0000] {logging_mixin.py:188} INFO - [2024-01-13T11:59:42.236+0000] {dagbag.py:538} INFO - Filling up the DagBag from /home/airflow/.local/lib/python3.8/site-packages/airflow/example_dags/example_branch_operator_decorator.py
[2024-01-13T11:59:42.264+0000] {processor.py:840} INFO - DAG(s) 'example_branch_python_operator_decorator' retrieved from /home/airflow/.local/lib/python3.8/site-packages/airflow/example_dags/example_branch_operator_decorator.py
[2024-01-13T11:59:42.299+0000] {logging_mixin.py:188} INFO - [2024-01-13T11:59:42.299+0000] {dag.py:3033} INFO - Sync 1 DAGs
[2024-01-13T11:59:42.329+0000] {logging_mixin.py:188} INFO - [2024-01-13T11:59:42.329+0000] {dag.py:3820} INFO - Setting next_dagrun for example_branch_python_operator_decorator to 2024-01-12T00:00:00+00:00, run_after=2024-01-13T00:00:00+00:00
[2024-01-13T11:59:42.351+0000] {processor.py:183} INFO - Processing /home/airflow/.local/lib/python3.8/site-packages/airflow/example_dags/example_branch_operator_decorator.py took 0.153 seconds
[2024-01-13T12:00:12.504+0000] {processor.py:161} INFO - Started process (PID=342) to work on /home/airflow/.local/lib/python3.8/site-packages/airflow/example_dags/example_branch_operator_decorator.py
[2024-01-13T12:00:12.505+0000] {processor.py:830} INFO - Processing file /home/airflow/.local/lib/python3.8/site-packages/airflow/example_dags/example_branch_operator_decorator.py for tasks to queue
[2024-01-13T12:00:12.508+0000] {logging_mixin.py:188} INFO - [2024-01-13T12:00:12.508+0000] {dagbag.py:538} INFO - Filling up the DagBag from /home/airflow/.local/lib/python3.8/site-packages/airflow/example_dags/example_branch_operator_decorator.py
[2024-01-13T12:00:12.533+0000] {processor.py:840} INFO - DAG(s) 'example_branch_python_operator_decorator' retrieved from /home/airflow/.local/lib/python3.8/site-packages/airflow/example_dags/example_branch_operator_decorator.py
[2024-01-13T12:00:12.572+0000] {logging_mixin.py:188} INFO - [2024-01-13T12:00:12.572+0000] {dag.py:3033} INFO - Sync 1 DAGs
[2024-01-13T12:00:12.613+0000] {logging_mixin.py:188} INFO - [2024-01-13T12:00:12.613+0000] {dag.py:3820} INFO - Setting next_dagrun for example_branch_python_operator_decorator to 2024-01-12T00:00:00+00:00, run_after=2024-01-13T00:00:00+00:00
[2024-01-13T12:00:12.648+0000] {processor.py:183} INFO - Processing /home/airflow/.local/lib/python3.8/site-packages/airflow/example_dags/example_branch_operator_decorator.py took 0.149 seconds
[2024-01-13T12:00:43.169+0000] {processor.py:161} INFO - Started process (PID=401) to work on /home/airflow/.local/lib/python3.8/site-packages/airflow/example_dags/example_branch_operator_decorator.py
[2024-01-13T12:00:43.171+0000] {processor.py:830} INFO - Processing file /home/airflow/.local/lib/python3.8/site-packages/airflow/example_dags/example_branch_operator_decorator.py for tasks to queue
[2024-01-13T12:00:43.174+0000] {logging_mixin.py:188} INFO - [2024-01-13T12:00:43.174+0000] {dagbag.py:538} INFO - Filling up the DagBag from /home/airflow/.local/lib/python3.8/site-packages/airflow/example_dags/example_branch_operator_decorator.py
[2024-01-13T12:00:43.199+0000] {processor.py:840} INFO - DAG(s) 'example_branch_python_operator_decorator' retrieved from /home/airflow/.local/lib/python3.8/site-packages/airflow/example_dags/example_branch_operator_decorator.py
[2024-01-13T12:00:43.248+0000] {logging_mixin.py:188} INFO - [2024-01-13T12:00:43.248+0000] {dag.py:3033} INFO - Sync 1 DAGs
[2024-01-13T12:00:43.289+0000] {logging_mixin.py:188} INFO - [2024-01-13T12:00:43.289+0000] {dag.py:3820} INFO - Setting next_dagrun for example_branch_python_operator_decorator to 2024-01-12T00:00:00+00:00, run_after=2024-01-13T00:00:00+00:00
[2024-01-13T12:00:43.311+0000] {processor.py:183} INFO - Processing /home/airflow/.local/lib/python3.8/site-packages/airflow/example_dags/example_branch_operator_decorator.py took 0.147 seconds
[2024-01-13T12:01:13.560+0000] {processor.py:161} INFO - Started process (PID=460) to work on /home/airflow/.local/lib/python3.8/site-packages/airflow/example_dags/example_branch_operator_decorator.py
[2024-01-13T12:01:13.561+0000] {processor.py:830} INFO - Processing file /home/airflow/.local/lib/python3.8/site-packages/airflow/example_dags/example_branch_operator_decorator.py for tasks to queue
[2024-01-13T12:01:13.564+0000] {logging_mixin.py:188} INFO - [2024-01-13T12:01:13.564+0000] {dagbag.py:538} INFO - Filling up the DagBag from /home/airflow/.local/lib/python3.8/site-packages/airflow/example_dags/example_branch_operator_decorator.py
[2024-01-13T12:01:13.587+0000] {processor.py:840} INFO - DAG(s) 'example_branch_python_operator_decorator' retrieved from /home/airflow/.local/lib/python3.8/site-packages/airflow/example_dags/example_branch_operator_decorator.py
[2024-01-13T12:01:13.626+0000] {logging_mixin.py:188} INFO - [2024-01-13T12:01:13.625+0000] {dag.py:3033} INFO - Sync 1 DAGs
[2024-01-13T12:01:13.656+0000] {logging_mixin.py:188} INFO - [2024-01-13T12:01:13.656+0000] {dag.py:3820} INFO - Setting next_dagrun for example_branch_python_operator_decorator to 2024-01-12T00:00:00+00:00, run_after=2024-01-13T00:00:00+00:00
[2024-01-13T12:01:13.678+0000] {processor.py:183} INFO - Processing /home/airflow/.local/lib/python3.8/site-packages/airflow/example_dags/example_branch_operator_decorator.py took 0.123 seconds
[2024-01-13T12:01:43.867+0000] {processor.py:161} INFO - Started process (PID=519) to work on /home/airflow/.local/lib/python3.8/site-packages/airflow/example_dags/example_branch_operator_decorator.py
[2024-01-13T12:01:43.869+0000] {processor.py:830} INFO - Processing file /home/airflow/.local/lib/python3.8/site-packages/airflow/example_dags/example_branch_operator_decorator.py for tasks to queue
[2024-01-13T12:01:43.872+0000] {logging_mixin.py:188} INFO - [2024-01-13T12:01:43.872+0000] {dagbag.py:538} INFO - Filling up the DagBag from /home/airflow/.local/lib/python3.8/site-packages/airflow/example_dags/example_branch_operator_decorator.py
[2024-01-13T12:01:43.895+0000] {processor.py:840} INFO - DAG(s) 'example_branch_python_operator_decorator' retrieved from /home/airflow/.local/lib/python3.8/site-packages/airflow/example_dags/example_branch_operator_decorator.py
[2024-01-13T12:01:43.930+0000] {logging_mixin.py:188} INFO - [2024-01-13T12:01:43.930+0000] {dag.py:3033} INFO - Sync 1 DAGs
[2024-01-13T12:01:43.966+0000] {logging_mixin.py:188} INFO - [2024-01-13T12:01:43.965+0000] {dag.py:3820} INFO - Setting next_dagrun for example_branch_python_operator_decorator to 2024-01-12T00:00:00+00:00, run_after=2024-01-13T00:00:00+00:00
[2024-01-13T12:01:43.988+0000] {processor.py:183} INFO - Processing /home/airflow/.local/lib/python3.8/site-packages/airflow/example_dags/example_branch_operator_decorator.py took 0.126 seconds
[2024-01-13T12:02:14.506+0000] {processor.py:161} INFO - Started process (PID=584) to work on /home/airflow/.local/lib/python3.8/site-packages/airflow/example_dags/example_branch_operator_decorator.py
[2024-01-13T12:02:14.507+0000] {processor.py:830} INFO - Processing file /home/airflow/.local/lib/python3.8/site-packages/airflow/example_dags/example_branch_operator_decorator.py for tasks to queue
[2024-01-13T12:02:14.510+0000] {logging_mixin.py:188} INFO - [2024-01-13T12:02:14.510+0000] {dagbag.py:538} INFO - Filling up the DagBag from /home/airflow/.local/lib/python3.8/site-packages/airflow/example_dags/example_branch_operator_decorator.py
[2024-01-13T12:02:14.534+0000] {processor.py:840} INFO - DAG(s) 'example_branch_python_operator_decorator' retrieved from /home/airflow/.local/lib/python3.8/site-packages/airflow/example_dags/example_branch_operator_decorator.py
[2024-01-13T12:02:14.577+0000] {logging_mixin.py:188} INFO - [2024-01-13T12:02:14.576+0000] {dag.py:3033} INFO - Sync 1 DAGs
[2024-01-13T12:02:14.607+0000] {logging_mixin.py:188} INFO - [2024-01-13T12:02:14.607+0000] {dag.py:3820} INFO - Setting next_dagrun for example_branch_python_operator_decorator to 2024-01-12T00:00:00+00:00, run_after=2024-01-13T00:00:00+00:00
[2024-01-13T12:02:14.630+0000] {processor.py:183} INFO - Processing /home/airflow/.local/lib/python3.8/site-packages/airflow/example_dags/example_branch_operator_decorator.py took 0.128 seconds
[2024-01-13T12:02:44.715+0000] {processor.py:161} INFO - Started process (PID=664) to work on /home/airflow/.local/lib/python3.8/site-packages/airflow/example_dags/example_branch_operator_decorator.py
[2024-01-13T12:02:44.724+0000] {processor.py:830} INFO - Processing file /home/airflow/.local/lib/python3.8/site-packages/airflow/example_dags/example_branch_operator_decorator.py for tasks to queue
[2024-01-13T12:02:44.730+0000] {logging_mixin.py:188} INFO - [2024-01-13T12:02:44.730+0000] {dagbag.py:538} INFO - Filling up the DagBag from /home/airflow/.local/lib/python3.8/site-packages/airflow/example_dags/example_branch_operator_decorator.py
[2024-01-13T12:02:44.786+0000] {processor.py:840} INFO - DAG(s) 'example_branch_python_operator_decorator' retrieved from /home/airflow/.local/lib/python3.8/site-packages/airflow/example_dags/example_branch_operator_decorator.py
[2024-01-13T12:02:44.870+0000] {logging_mixin.py:188} INFO - [2024-01-13T12:02:44.870+0000] {dag.py:3033} INFO - Sync 1 DAGs
[2024-01-13T12:02:44.949+0000] {logging_mixin.py:188} INFO - [2024-01-13T12:02:44.949+0000] {dag.py:3820} INFO - Setting next_dagrun for example_branch_python_operator_decorator to 2024-01-12T00:00:00+00:00, run_after=2024-01-13T00:00:00+00:00
[2024-01-13T12:02:45.016+0000] {processor.py:183} INFO - Processing /home/airflow/.local/lib/python3.8/site-packages/airflow/example_dags/example_branch_operator_decorator.py took 0.321 seconds
[2024-01-13T12:07:38.157+0000] {processor.py:161} INFO - Started process (PID=40) to work on /home/airflow/.local/lib/python3.8/site-packages/airflow/example_dags/example_branch_operator_decorator.py
[2024-01-13T12:07:38.160+0000] {processor.py:830} INFO - Processing file /home/airflow/.local/lib/python3.8/site-packages/airflow/example_dags/example_branch_operator_decorator.py for tasks to queue
[2024-01-13T12:07:38.168+0000] {logging_mixin.py:188} INFO - [2024-01-13T12:07:38.167+0000] {dagbag.py:538} INFO - Filling up the DagBag from /home/airflow/.local/lib/python3.8/site-packages/airflow/example_dags/example_branch_operator_decorator.py
[2024-01-13T12:07:38.275+0000] {processor.py:840} INFO - DAG(s) 'example_branch_python_operator_decorator' retrieved from /home/airflow/.local/lib/python3.8/site-packages/airflow/example_dags/example_branch_operator_decorator.py
[2024-01-13T12:07:38.313+0000] {logging_mixin.py:188} INFO - [2024-01-13T12:07:38.312+0000] {dag.py:3033} INFO - Sync 1 DAGs
[2024-01-13T12:07:38.396+0000] {logging_mixin.py:188} INFO - [2024-01-13T12:07:38.395+0000] {dag.py:3820} INFO - Setting next_dagrun for example_branch_python_operator_decorator to 2024-01-12T00:00:00+00:00, run_after=2024-01-13T00:00:00+00:00
[2024-01-13T12:07:38.469+0000] {processor.py:183} INFO - Processing /home/airflow/.local/lib/python3.8/site-packages/airflow/example_dags/example_branch_operator_decorator.py took 0.313 seconds
[2024-01-13T12:08:10.562+0000] {processor.py:161} INFO - Started process (PID=126) to work on /home/airflow/.local/lib/python3.8/site-packages/airflow/example_dags/example_branch_operator_decorator.py
[2024-01-13T12:08:10.564+0000] {processor.py:830} INFO - Processing file /home/airflow/.local/lib/python3.8/site-packages/airflow/example_dags/example_branch_operator_decorator.py for tasks to queue
[2024-01-13T12:08:10.568+0000] {logging_mixin.py:188} INFO - [2024-01-13T12:08:10.567+0000] {dagbag.py:538} INFO - Filling up the DagBag from /home/airflow/.local/lib/python3.8/site-packages/airflow/example_dags/example_branch_operator_decorator.py
[2024-01-13T12:08:10.614+0000] {processor.py:840} INFO - DAG(s) 'example_branch_python_operator_decorator' retrieved from /home/airflow/.local/lib/python3.8/site-packages/airflow/example_dags/example_branch_operator_decorator.py
[2024-01-13T12:08:10.935+0000] {logging_mixin.py:188} INFO - [2024-01-13T12:08:10.935+0000] {dag.py:3033} INFO - Sync 1 DAGs
[2024-01-13T12:08:10.989+0000] {logging_mixin.py:188} INFO - [2024-01-13T12:08:10.988+0000] {dag.py:3820} INFO - Setting next_dagrun for example_branch_python_operator_decorator to 2024-01-12T00:00:00+00:00, run_after=2024-01-13T00:00:00+00:00
[2024-01-13T12:08:11.037+0000] {processor.py:183} INFO - Processing /home/airflow/.local/lib/python3.8/site-packages/airflow/example_dags/example_branch_operator_decorator.py took 0.492 seconds
[2024-01-13T12:08:41.138+0000] {processor.py:161} INFO - Started process (PID=185) to work on /home/airflow/.local/lib/python3.8/site-packages/airflow/example_dags/example_branch_operator_decorator.py
[2024-01-13T12:08:41.157+0000] {processor.py:830} INFO - Processing file /home/airflow/.local/lib/python3.8/site-packages/airflow/example_dags/example_branch_operator_decorator.py for tasks to queue
[2024-01-13T12:08:41.160+0000] {logging_mixin.py:188} INFO - [2024-01-13T12:08:41.160+0000] {dagbag.py:538} INFO - Filling up the DagBag from /home/airflow/.local/lib/python3.8/site-packages/airflow/example_dags/example_branch_operator_decorator.py
[2024-01-13T12:08:41.184+0000] {processor.py:840} INFO - DAG(s) 'example_branch_python_operator_decorator' retrieved from /home/airflow/.local/lib/python3.8/site-packages/airflow/example_dags/example_branch_operator_decorator.py
[2024-01-13T12:08:41.223+0000] {logging_mixin.py:188} INFO - [2024-01-13T12:08:41.222+0000] {dag.py:3033} INFO - Sync 1 DAGs
[2024-01-13T12:08:41.255+0000] {logging_mixin.py:188} INFO - [2024-01-13T12:08:41.255+0000] {dag.py:3820} INFO - Setting next_dagrun for example_branch_python_operator_decorator to 2024-01-12T00:00:00+00:00, run_after=2024-01-13T00:00:00+00:00
[2024-01-13T12:08:41.279+0000] {processor.py:183} INFO - Processing /home/airflow/.local/lib/python3.8/site-packages/airflow/example_dags/example_branch_operator_decorator.py took 0.147 seconds
[2024-01-13T12:09:11.540+0000] {processor.py:161} INFO - Started process (PID=244) to work on /home/airflow/.local/lib/python3.8/site-packages/airflow/example_dags/example_branch_operator_decorator.py
[2024-01-13T12:09:11.541+0000] {processor.py:830} INFO - Processing file /home/airflow/.local/lib/python3.8/site-packages/airflow/example_dags/example_branch_operator_decorator.py for tasks to queue
[2024-01-13T12:09:11.544+0000] {logging_mixin.py:188} INFO - [2024-01-13T12:09:11.544+0000] {dagbag.py:538} INFO - Filling up the DagBag from /home/airflow/.local/lib/python3.8/site-packages/airflow/example_dags/example_branch_operator_decorator.py
[2024-01-13T12:09:11.575+0000] {processor.py:840} INFO - DAG(s) 'example_branch_python_operator_decorator' retrieved from /home/airflow/.local/lib/python3.8/site-packages/airflow/example_dags/example_branch_operator_decorator.py
[2024-01-13T12:09:11.610+0000] {logging_mixin.py:188} INFO - [2024-01-13T12:09:11.610+0000] {dag.py:3033} INFO - Sync 1 DAGs
[2024-01-13T12:09:11.641+0000] {logging_mixin.py:188} INFO - [2024-01-13T12:09:11.640+0000] {dag.py:3820} INFO - Setting next_dagrun for example_branch_python_operator_decorator to 2024-01-12T00:00:00+00:00, run_after=2024-01-13T00:00:00+00:00
[2024-01-13T12:09:11.663+0000] {processor.py:183} INFO - Processing /home/airflow/.local/lib/python3.8/site-packages/airflow/example_dags/example_branch_operator_decorator.py took 0.128 seconds
[2024-01-13T12:09:41.734+0000] {processor.py:161} INFO - Started process (PID=302) to work on /home/airflow/.local/lib/python3.8/site-packages/airflow/example_dags/example_branch_operator_decorator.py
[2024-01-13T12:09:41.736+0000] {processor.py:830} INFO - Processing file /home/airflow/.local/lib/python3.8/site-packages/airflow/example_dags/example_branch_operator_decorator.py for tasks to queue
[2024-01-13T12:09:41.739+0000] {logging_mixin.py:188} INFO - [2024-01-13T12:09:41.739+0000] {dagbag.py:538} INFO - Filling up the DagBag from /home/airflow/.local/lib/python3.8/site-packages/airflow/example_dags/example_branch_operator_decorator.py
[2024-01-13T12:09:41.764+0000] {processor.py:840} INFO - DAG(s) 'example_branch_python_operator_decorator' retrieved from /home/airflow/.local/lib/python3.8/site-packages/airflow/example_dags/example_branch_operator_decorator.py
[2024-01-13T12:09:41.805+0000] {logging_mixin.py:188} INFO - [2024-01-13T12:09:41.804+0000] {dag.py:3033} INFO - Sync 1 DAGs
[2024-01-13T12:09:41.835+0000] {logging_mixin.py:188} INFO - [2024-01-13T12:09:41.835+0000] {dag.py:3820} INFO - Setting next_dagrun for example_branch_python_operator_decorator to 2024-01-12T00:00:00+00:00, run_after=2024-01-13T00:00:00+00:00
[2024-01-13T12:09:41.860+0000] {processor.py:183} INFO - Processing /home/airflow/.local/lib/python3.8/site-packages/airflow/example_dags/example_branch_operator_decorator.py took 0.131 seconds
[2024-01-13T12:10:11.953+0000] {processor.py:161} INFO - Started process (PID=359) to work on /home/airflow/.local/lib/python3.8/site-packages/airflow/example_dags/example_branch_operator_decorator.py
[2024-01-13T12:10:11.954+0000] {processor.py:830} INFO - Processing file /home/airflow/.local/lib/python3.8/site-packages/airflow/example_dags/example_branch_operator_decorator.py for tasks to queue
[2024-01-13T12:10:11.957+0000] {logging_mixin.py:188} INFO - [2024-01-13T12:10:11.957+0000] {dagbag.py:538} INFO - Filling up the DagBag from /home/airflow/.local/lib/python3.8/site-packages/airflow/example_dags/example_branch_operator_decorator.py
[2024-01-13T12:10:11.981+0000] {processor.py:840} INFO - DAG(s) 'example_branch_python_operator_decorator' retrieved from /home/airflow/.local/lib/python3.8/site-packages/airflow/example_dags/example_branch_operator_decorator.py
[2024-01-13T12:10:12.017+0000] {logging_mixin.py:188} INFO - [2024-01-13T12:10:12.017+0000] {dag.py:3033} INFO - Sync 1 DAGs
[2024-01-13T12:10:12.047+0000] {logging_mixin.py:188} INFO - [2024-01-13T12:10:12.046+0000] {dag.py:3820} INFO - Setting next_dagrun for example_branch_python_operator_decorator to 2024-01-12T00:00:00+00:00, run_after=2024-01-13T00:00:00+00:00
[2024-01-13T12:10:12.071+0000] {processor.py:183} INFO - Processing /home/airflow/.local/lib/python3.8/site-packages/airflow/example_dags/example_branch_operator_decorator.py took 0.123 seconds
[2024-01-13T12:10:42.191+0000] {processor.py:161} INFO - Started process (PID=418) to work on /home/airflow/.local/lib/python3.8/site-packages/airflow/example_dags/example_branch_operator_decorator.py
[2024-01-13T12:10:42.193+0000] {processor.py:830} INFO - Processing file /home/airflow/.local/lib/python3.8/site-packages/airflow/example_dags/example_branch_operator_decorator.py for tasks to queue
[2024-01-13T12:10:42.196+0000] {logging_mixin.py:188} INFO - [2024-01-13T12:10:42.196+0000] {dagbag.py:538} INFO - Filling up the DagBag from /home/airflow/.local/lib/python3.8/site-packages/airflow/example_dags/example_branch_operator_decorator.py
[2024-01-13T12:10:42.221+0000] {processor.py:840} INFO - DAG(s) 'example_branch_python_operator_decorator' retrieved from /home/airflow/.local/lib/python3.8/site-packages/airflow/example_dags/example_branch_operator_decorator.py
[2024-01-13T12:10:42.258+0000] {logging_mixin.py:188} INFO - [2024-01-13T12:10:42.258+0000] {dag.py:3033} INFO - Sync 1 DAGs
[2024-01-13T12:10:42.288+0000] {logging_mixin.py:188} INFO - [2024-01-13T12:10:42.287+0000] {dag.py:3820} INFO - Setting next_dagrun for example_branch_python_operator_decorator to 2024-01-12T00:00:00+00:00, run_after=2024-01-13T00:00:00+00:00
[2024-01-13T12:10:42.310+0000] {processor.py:183} INFO - Processing /home/airflow/.local/lib/python3.8/site-packages/airflow/example_dags/example_branch_operator_decorator.py took 0.124 seconds
[2024-01-13T12:11:12.414+0000] {processor.py:161} INFO - Started process (PID=477) to work on /home/airflow/.local/lib/python3.8/site-packages/airflow/example_dags/example_branch_operator_decorator.py
[2024-01-13T12:11:12.416+0000] {processor.py:830} INFO - Processing file /home/airflow/.local/lib/python3.8/site-packages/airflow/example_dags/example_branch_operator_decorator.py for tasks to queue
[2024-01-13T12:11:12.419+0000] {logging_mixin.py:188} INFO - [2024-01-13T12:11:12.419+0000] {dagbag.py:538} INFO - Filling up the DagBag from /home/airflow/.local/lib/python3.8/site-packages/airflow/example_dags/example_branch_operator_decorator.py
[2024-01-13T12:11:12.442+0000] {processor.py:840} INFO - DAG(s) 'example_branch_python_operator_decorator' retrieved from /home/airflow/.local/lib/python3.8/site-packages/airflow/example_dags/example_branch_operator_decorator.py
[2024-01-13T12:11:12.479+0000] {logging_mixin.py:188} INFO - [2024-01-13T12:11:12.479+0000] {dag.py:3033} INFO - Sync 1 DAGs
[2024-01-13T12:11:12.509+0000] {logging_mixin.py:188} INFO - [2024-01-13T12:11:12.509+0000] {dag.py:3820} INFO - Setting next_dagrun for example_branch_python_operator_decorator to 2024-01-12T00:00:00+00:00, run_after=2024-01-13T00:00:00+00:00
[2024-01-13T12:11:12.531+0000] {processor.py:183} INFO - Processing /home/airflow/.local/lib/python3.8/site-packages/airflow/example_dags/example_branch_operator_decorator.py took 0.122 seconds
[2024-01-13T12:11:42.862+0000] {processor.py:161} INFO - Started process (PID=536) to work on /home/airflow/.local/lib/python3.8/site-packages/airflow/example_dags/example_branch_operator_decorator.py
[2024-01-13T12:11:42.864+0000] {processor.py:830} INFO - Processing file /home/airflow/.local/lib/python3.8/site-packages/airflow/example_dags/example_branch_operator_decorator.py for tasks to queue
[2024-01-13T12:11:42.868+0000] {logging_mixin.py:188} INFO - [2024-01-13T12:11:42.868+0000] {dagbag.py:538} INFO - Filling up the DagBag from /home/airflow/.local/lib/python3.8/site-packages/airflow/example_dags/example_branch_operator_decorator.py
[2024-01-13T12:11:42.907+0000] {processor.py:840} INFO - DAG(s) 'example_branch_python_operator_decorator' retrieved from /home/airflow/.local/lib/python3.8/site-packages/airflow/example_dags/example_branch_operator_decorator.py
[2024-01-13T12:11:42.961+0000] {logging_mixin.py:188} INFO - [2024-01-13T12:11:42.961+0000] {dag.py:3033} INFO - Sync 1 DAGs
[2024-01-13T12:11:43.003+0000] {logging_mixin.py:188} INFO - [2024-01-13T12:11:43.002+0000] {dag.py:3820} INFO - Setting next_dagrun for example_branch_python_operator_decorator to 2024-01-12T00:00:00+00:00, run_after=2024-01-13T00:00:00+00:00
[2024-01-13T12:11:43.030+0000] {processor.py:183} INFO - Processing /home/airflow/.local/lib/python3.8/site-packages/airflow/example_dags/example_branch_operator_decorator.py took 0.176 seconds
[2024-01-13T12:12:13.157+0000] {processor.py:161} INFO - Started process (PID=595) to work on /home/airflow/.local/lib/python3.8/site-packages/airflow/example_dags/example_branch_operator_decorator.py
[2024-01-13T12:12:13.158+0000] {processor.py:830} INFO - Processing file /home/airflow/.local/lib/python3.8/site-packages/airflow/example_dags/example_branch_operator_decorator.py for tasks to queue
[2024-01-13T12:12:13.160+0000] {logging_mixin.py:188} INFO - [2024-01-13T12:12:13.160+0000] {dagbag.py:538} INFO - Filling up the DagBag from /home/airflow/.local/lib/python3.8/site-packages/airflow/example_dags/example_branch_operator_decorator.py
[2024-01-13T12:12:13.184+0000] {processor.py:840} INFO - DAG(s) 'example_branch_python_operator_decorator' retrieved from /home/airflow/.local/lib/python3.8/site-packages/airflow/example_dags/example_branch_operator_decorator.py
[2024-01-13T12:12:13.224+0000] {logging_mixin.py:188} INFO - [2024-01-13T12:12:13.224+0000] {dag.py:3033} INFO - Sync 1 DAGs
[2024-01-13T12:12:13.257+0000] {logging_mixin.py:188} INFO - [2024-01-13T12:12:13.256+0000] {dag.py:3820} INFO - Setting next_dagrun for example_branch_python_operator_decorator to 2024-01-12T00:00:00+00:00, run_after=2024-01-13T00:00:00+00:00
[2024-01-13T12:12:13.283+0000] {processor.py:183} INFO - Processing /home/airflow/.local/lib/python3.8/site-packages/airflow/example_dags/example_branch_operator_decorator.py took 0.132 seconds
[2024-01-13T12:12:43.372+0000] {processor.py:161} INFO - Started process (PID=654) to work on /home/airflow/.local/lib/python3.8/site-packages/airflow/example_dags/example_branch_operator_decorator.py
[2024-01-13T12:12:43.374+0000] {processor.py:830} INFO - Processing file /home/airflow/.local/lib/python3.8/site-packages/airflow/example_dags/example_branch_operator_decorator.py for tasks to queue
[2024-01-13T12:12:43.377+0000] {logging_mixin.py:188} INFO - [2024-01-13T12:12:43.376+0000] {dagbag.py:538} INFO - Filling up the DagBag from /home/airflow/.local/lib/python3.8/site-packages/airflow/example_dags/example_branch_operator_decorator.py
[2024-01-13T12:12:43.405+0000] {processor.py:840} INFO - DAG(s) 'example_branch_python_operator_decorator' retrieved from /home/airflow/.local/lib/python3.8/site-packages/airflow/example_dags/example_branch_operator_decorator.py
[2024-01-13T12:12:43.439+0000] {logging_mixin.py:188} INFO - [2024-01-13T12:12:43.439+0000] {dag.py:3033} INFO - Sync 1 DAGs
[2024-01-13T12:12:43.469+0000] {logging_mixin.py:188} INFO - [2024-01-13T12:12:43.469+0000] {dag.py:3820} INFO - Setting next_dagrun for example_branch_python_operator_decorator to 2024-01-12T00:00:00+00:00, run_after=2024-01-13T00:00:00+00:00
[2024-01-13T12:12:43.491+0000] {processor.py:183} INFO - Processing /home/airflow/.local/lib/python3.8/site-packages/airflow/example_dags/example_branch_operator_decorator.py took 0.126 seconds
[2024-01-13T12:13:14.766+0000] {processor.py:161} INFO - Started process (PID=719) to work on /home/airflow/.local/lib/python3.8/site-packages/airflow/example_dags/example_branch_operator_decorator.py
[2024-01-13T12:13:14.767+0000] {processor.py:830} INFO - Processing file /home/airflow/.local/lib/python3.8/site-packages/airflow/example_dags/example_branch_operator_decorator.py for tasks to queue
[2024-01-13T12:13:14.770+0000] {logging_mixin.py:188} INFO - [2024-01-13T12:13:14.769+0000] {dagbag.py:538} INFO - Filling up the DagBag from /home/airflow/.local/lib/python3.8/site-packages/airflow/example_dags/example_branch_operator_decorator.py
[2024-01-13T12:13:14.793+0000] {processor.py:840} INFO - DAG(s) 'example_branch_python_operator_decorator' retrieved from /home/airflow/.local/lib/python3.8/site-packages/airflow/example_dags/example_branch_operator_decorator.py
[2024-01-13T12:13:14.828+0000] {logging_mixin.py:188} INFO - [2024-01-13T12:13:14.828+0000] {dag.py:3033} INFO - Sync 1 DAGs
[2024-01-13T12:13:14.856+0000] {logging_mixin.py:188} INFO - [2024-01-13T12:13:14.856+0000] {dag.py:3820} INFO - Setting next_dagrun for example_branch_python_operator_decorator to 2024-01-12T00:00:00+00:00, run_after=2024-01-13T00:00:00+00:00
[2024-01-13T12:13:14.879+0000] {processor.py:183} INFO - Processing /home/airflow/.local/lib/python3.8/site-packages/airflow/example_dags/example_branch_operator_decorator.py took 0.118 seconds
[2024-01-13T12:13:45.374+0000] {processor.py:161} INFO - Started process (PID=793) to work on /home/airflow/.local/lib/python3.8/site-packages/airflow/example_dags/example_branch_operator_decorator.py
[2024-01-13T12:13:45.381+0000] {processor.py:830} INFO - Processing file /home/airflow/.local/lib/python3.8/site-packages/airflow/example_dags/example_branch_operator_decorator.py for tasks to queue
[2024-01-13T12:13:45.389+0000] {logging_mixin.py:188} INFO - [2024-01-13T12:13:45.388+0000] {dagbag.py:538} INFO - Filling up the DagBag from /home/airflow/.local/lib/python3.8/site-packages/airflow/example_dags/example_branch_operator_decorator.py
[2024-01-13T12:13:45.461+0000] {processor.py:840} INFO - DAG(s) 'example_branch_python_operator_decorator' retrieved from /home/airflow/.local/lib/python3.8/site-packages/airflow/example_dags/example_branch_operator_decorator.py
[2024-01-13T12:13:45.567+0000] {logging_mixin.py:188} INFO - [2024-01-13T12:13:45.567+0000] {dag.py:3033} INFO - Sync 1 DAGs
[2024-01-13T12:13:45.616+0000] {logging_mixin.py:188} INFO - [2024-01-13T12:13:45.616+0000] {dag.py:3820} INFO - Setting next_dagrun for example_branch_python_operator_decorator to 2024-01-12T00:00:00+00:00, run_after=2024-01-13T00:00:00+00:00
[2024-01-13T12:13:45.646+0000] {processor.py:183} INFO - Processing /home/airflow/.local/lib/python3.8/site-packages/airflow/example_dags/example_branch_operator_decorator.py took 0.286 seconds
[2024-01-13T12:14:15.765+0000] {processor.py:161} INFO - Started process (PID=852) to work on /home/airflow/.local/lib/python3.8/site-packages/airflow/example_dags/example_branch_operator_decorator.py
[2024-01-13T12:14:15.767+0000] {processor.py:830} INFO - Processing file /home/airflow/.local/lib/python3.8/site-packages/airflow/example_dags/example_branch_operator_decorator.py for tasks to queue
[2024-01-13T12:14:15.770+0000] {logging_mixin.py:188} INFO - [2024-01-13T12:14:15.770+0000] {dagbag.py:538} INFO - Filling up the DagBag from /home/airflow/.local/lib/python3.8/site-packages/airflow/example_dags/example_branch_operator_decorator.py
[2024-01-13T12:14:15.799+0000] {processor.py:840} INFO - DAG(s) 'example_branch_python_operator_decorator' retrieved from /home/airflow/.local/lib/python3.8/site-packages/airflow/example_dags/example_branch_operator_decorator.py
[2024-01-13T12:14:15.853+0000] {logging_mixin.py:188} INFO - [2024-01-13T12:14:15.853+0000] {dag.py:3033} INFO - Sync 1 DAGs
[2024-01-13T12:14:15.894+0000] {logging_mixin.py:188} INFO - [2024-01-13T12:14:15.893+0000] {dag.py:3820} INFO - Setting next_dagrun for example_branch_python_operator_decorator to 2024-01-12T00:00:00+00:00, run_after=2024-01-13T00:00:00+00:00
[2024-01-13T12:14:15.919+0000] {processor.py:183} INFO - Processing /home/airflow/.local/lib/python3.8/site-packages/airflow/example_dags/example_branch_operator_decorator.py took 0.160 seconds
[2024-01-13T12:14:46.043+0000] {processor.py:161} INFO - Started process (PID=911) to work on /home/airflow/.local/lib/python3.8/site-packages/airflow/example_dags/example_branch_operator_decorator.py
[2024-01-13T12:14:46.045+0000] {processor.py:830} INFO - Processing file /home/airflow/.local/lib/python3.8/site-packages/airflow/example_dags/example_branch_operator_decorator.py for tasks to queue
[2024-01-13T12:14:46.048+0000] {logging_mixin.py:188} INFO - [2024-01-13T12:14:46.048+0000] {dagbag.py:538} INFO - Filling up the DagBag from /home/airflow/.local/lib/python3.8/site-packages/airflow/example_dags/example_branch_operator_decorator.py
[2024-01-13T12:14:46.074+0000] {processor.py:840} INFO - DAG(s) 'example_branch_python_operator_decorator' retrieved from /home/airflow/.local/lib/python3.8/site-packages/airflow/example_dags/example_branch_operator_decorator.py
[2024-01-13T12:14:46.114+0000] {logging_mixin.py:188} INFO - [2024-01-13T12:14:46.113+0000] {dag.py:3033} INFO - Sync 1 DAGs
[2024-01-13T12:14:46.147+0000] {logging_mixin.py:188} INFO - [2024-01-13T12:14:46.146+0000] {dag.py:3820} INFO - Setting next_dagrun for example_branch_python_operator_decorator to 2024-01-12T00:00:00+00:00, run_after=2024-01-13T00:00:00+00:00
[2024-01-13T12:14:46.171+0000] {processor.py:183} INFO - Processing /home/airflow/.local/lib/python3.8/site-packages/airflow/example_dags/example_branch_operator_decorator.py took 0.133 seconds
[2024-01-13T12:15:16.432+0000] {processor.py:161} INFO - Started process (PID=970) to work on /home/airflow/.local/lib/python3.8/site-packages/airflow/example_dags/example_branch_operator_decorator.py
[2024-01-13T12:15:16.434+0000] {processor.py:830} INFO - Processing file /home/airflow/.local/lib/python3.8/site-packages/airflow/example_dags/example_branch_operator_decorator.py for tasks to queue
[2024-01-13T12:15:16.437+0000] {logging_mixin.py:188} INFO - [2024-01-13T12:15:16.437+0000] {dagbag.py:538} INFO - Filling up the DagBag from /home/airflow/.local/lib/python3.8/site-packages/airflow/example_dags/example_branch_operator_decorator.py
[2024-01-13T12:15:16.462+0000] {processor.py:840} INFO - DAG(s) 'example_branch_python_operator_decorator' retrieved from /home/airflow/.local/lib/python3.8/site-packages/airflow/example_dags/example_branch_operator_decorator.py
[2024-01-13T12:15:16.500+0000] {logging_mixin.py:188} INFO - [2024-01-13T12:15:16.499+0000] {dag.py:3033} INFO - Sync 1 DAGs
[2024-01-13T12:15:16.532+0000] {logging_mixin.py:188} INFO - [2024-01-13T12:15:16.532+0000] {dag.py:3820} INFO - Setting next_dagrun for example_branch_python_operator_decorator to 2024-01-12T00:00:00+00:00, run_after=2024-01-13T00:00:00+00:00
[2024-01-13T12:15:16.559+0000] {processor.py:183} INFO - Processing /home/airflow/.local/lib/python3.8/site-packages/airflow/example_dags/example_branch_operator_decorator.py took 0.132 seconds
[2024-01-13T12:15:46.720+0000] {processor.py:161} INFO - Started process (PID=1029) to work on /home/airflow/.local/lib/python3.8/site-packages/airflow/example_dags/example_branch_operator_decorator.py
[2024-01-13T12:15:46.723+0000] {processor.py:830} INFO - Processing file /home/airflow/.local/lib/python3.8/site-packages/airflow/example_dags/example_branch_operator_decorator.py for tasks to queue
[2024-01-13T12:15:46.728+0000] {logging_mixin.py:188} INFO - [2024-01-13T12:15:46.727+0000] {dagbag.py:538} INFO - Filling up the DagBag from /home/airflow/.local/lib/python3.8/site-packages/airflow/example_dags/example_branch_operator_decorator.py
[2024-01-13T12:15:46.761+0000] {processor.py:840} INFO - DAG(s) 'example_branch_python_operator_decorator' retrieved from /home/airflow/.local/lib/python3.8/site-packages/airflow/example_dags/example_branch_operator_decorator.py
[2024-01-13T12:15:46.799+0000] {logging_mixin.py:188} INFO - [2024-01-13T12:15:46.799+0000] {dag.py:3033} INFO - Sync 1 DAGs
[2024-01-13T12:15:46.830+0000] {logging_mixin.py:188} INFO - [2024-01-13T12:15:46.830+0000] {dag.py:3820} INFO - Setting next_dagrun for example_branch_python_operator_decorator to 2024-01-12T00:00:00+00:00, run_after=2024-01-13T00:00:00+00:00
[2024-01-13T12:15:46.858+0000] {processor.py:183} INFO - Processing /home/airflow/.local/lib/python3.8/site-packages/airflow/example_dags/example_branch_operator_decorator.py took 0.144 seconds
[2024-01-13T12:16:17.044+0000] {processor.py:161} INFO - Started process (PID=1088) to work on /home/airflow/.local/lib/python3.8/site-packages/airflow/example_dags/example_branch_operator_decorator.py
[2024-01-13T12:16:17.046+0000] {processor.py:830} INFO - Processing file /home/airflow/.local/lib/python3.8/site-packages/airflow/example_dags/example_branch_operator_decorator.py for tasks to queue
[2024-01-13T12:16:17.049+0000] {logging_mixin.py:188} INFO - [2024-01-13T12:16:17.049+0000] {dagbag.py:538} INFO - Filling up the DagBag from /home/airflow/.local/lib/python3.8/site-packages/airflow/example_dags/example_branch_operator_decorator.py
[2024-01-13T12:16:17.075+0000] {processor.py:840} INFO - DAG(s) 'example_branch_python_operator_decorator' retrieved from /home/airflow/.local/lib/python3.8/site-packages/airflow/example_dags/example_branch_operator_decorator.py
[2024-01-13T12:16:17.118+0000] {logging_mixin.py:188} INFO - [2024-01-13T12:16:17.118+0000] {dag.py:3033} INFO - Sync 1 DAGs
[2024-01-13T12:16:17.162+0000] {logging_mixin.py:188} INFO - [2024-01-13T12:16:17.161+0000] {dag.py:3820} INFO - Setting next_dagrun for example_branch_python_operator_decorator to 2024-01-12T00:00:00+00:00, run_after=2024-01-13T00:00:00+00:00
[2024-01-13T12:16:17.195+0000] {processor.py:183} INFO - Processing /home/airflow/.local/lib/python3.8/site-packages/airflow/example_dags/example_branch_operator_decorator.py took 0.157 seconds
[2024-01-13T12:16:47.307+0000] {processor.py:161} INFO - Started process (PID=1147) to work on /home/airflow/.local/lib/python3.8/site-packages/airflow/example_dags/example_branch_operator_decorator.py
[2024-01-13T12:16:47.309+0000] {processor.py:830} INFO - Processing file /home/airflow/.local/lib/python3.8/site-packages/airflow/example_dags/example_branch_operator_decorator.py for tasks to queue
[2024-01-13T12:16:47.313+0000] {logging_mixin.py:188} INFO - [2024-01-13T12:16:47.313+0000] {dagbag.py:538} INFO - Filling up the DagBag from /home/airflow/.local/lib/python3.8/site-packages/airflow/example_dags/example_branch_operator_decorator.py
[2024-01-13T12:16:47.350+0000] {processor.py:840} INFO - DAG(s) 'example_branch_python_operator_decorator' retrieved from /home/airflow/.local/lib/python3.8/site-packages/airflow/example_dags/example_branch_operator_decorator.py
[2024-01-13T12:16:47.397+0000] {logging_mixin.py:188} INFO - [2024-01-13T12:16:47.397+0000] {dag.py:3033} INFO - Sync 1 DAGs
[2024-01-13T12:16:47.429+0000] {logging_mixin.py:188} INFO - [2024-01-13T12:16:47.429+0000] {dag.py:3820} INFO - Setting next_dagrun for example_branch_python_operator_decorator to 2024-01-12T00:00:00+00:00, run_after=2024-01-13T00:00:00+00:00
[2024-01-13T12:16:47.451+0000] {processor.py:183} INFO - Processing /home/airflow/.local/lib/python3.8/site-packages/airflow/example_dags/example_branch_operator_decorator.py took 0.150 seconds
[2024-01-13T12:17:17.602+0000] {processor.py:161} INFO - Started process (PID=1206) to work on /home/airflow/.local/lib/python3.8/site-packages/airflow/example_dags/example_branch_operator_decorator.py
[2024-01-13T12:17:17.604+0000] {processor.py:830} INFO - Processing file /home/airflow/.local/lib/python3.8/site-packages/airflow/example_dags/example_branch_operator_decorator.py for tasks to queue
[2024-01-13T12:17:17.607+0000] {logging_mixin.py:188} INFO - [2024-01-13T12:17:17.607+0000] {dagbag.py:538} INFO - Filling up the DagBag from /home/airflow/.local/lib/python3.8/site-packages/airflow/example_dags/example_branch_operator_decorator.py
[2024-01-13T12:17:17.632+0000] {processor.py:840} INFO - DAG(s) 'example_branch_python_operator_decorator' retrieved from /home/airflow/.local/lib/python3.8/site-packages/airflow/example_dags/example_branch_operator_decorator.py
[2024-01-13T12:17:17.671+0000] {logging_mixin.py:188} INFO - [2024-01-13T12:17:17.671+0000] {dag.py:3033} INFO - Sync 1 DAGs
[2024-01-13T12:17:17.710+0000] {logging_mixin.py:188} INFO - [2024-01-13T12:17:17.710+0000] {dag.py:3820} INFO - Setting next_dagrun for example_branch_python_operator_decorator to 2024-01-12T00:00:00+00:00, run_after=2024-01-13T00:00:00+00:00
[2024-01-13T12:17:17.742+0000] {processor.py:183} INFO - Processing /home/airflow/.local/lib/python3.8/site-packages/airflow/example_dags/example_branch_operator_decorator.py took 0.147 seconds
[2024-01-13T12:17:47.807+0000] {processor.py:161} INFO - Started process (PID=1265) to work on /home/airflow/.local/lib/python3.8/site-packages/airflow/example_dags/example_branch_operator_decorator.py
[2024-01-13T12:17:47.808+0000] {processor.py:830} INFO - Processing file /home/airflow/.local/lib/python3.8/site-packages/airflow/example_dags/example_branch_operator_decorator.py for tasks to queue
[2024-01-13T12:17:47.812+0000] {logging_mixin.py:188} INFO - [2024-01-13T12:17:47.811+0000] {dagbag.py:538} INFO - Filling up the DagBag from /home/airflow/.local/lib/python3.8/site-packages/airflow/example_dags/example_branch_operator_decorator.py
[2024-01-13T12:17:47.837+0000] {processor.py:840} INFO - DAG(s) 'example_branch_python_operator_decorator' retrieved from /home/airflow/.local/lib/python3.8/site-packages/airflow/example_dags/example_branch_operator_decorator.py
[2024-01-13T12:17:47.879+0000] {logging_mixin.py:188} INFO - [2024-01-13T12:17:47.879+0000] {dag.py:3033} INFO - Sync 1 DAGs
[2024-01-13T12:17:47.912+0000] {logging_mixin.py:188} INFO - [2024-01-13T12:17:47.911+0000] {dag.py:3820} INFO - Setting next_dagrun for example_branch_python_operator_decorator to 2024-01-12T00:00:00+00:00, run_after=2024-01-13T00:00:00+00:00
[2024-01-13T12:17:47.937+0000] {processor.py:183} INFO - Processing /home/airflow/.local/lib/python3.8/site-packages/airflow/example_dags/example_branch_operator_decorator.py took 0.136 seconds
[2024-01-13T12:18:18.034+0000] {processor.py:161} INFO - Started process (PID=1324) to work on /home/airflow/.local/lib/python3.8/site-packages/airflow/example_dags/example_branch_operator_decorator.py
[2024-01-13T12:18:18.037+0000] {processor.py:830} INFO - Processing file /home/airflow/.local/lib/python3.8/site-packages/airflow/example_dags/example_branch_operator_decorator.py for tasks to queue
[2024-01-13T12:18:18.041+0000] {logging_mixin.py:188} INFO - [2024-01-13T12:18:18.041+0000] {dagbag.py:538} INFO - Filling up the DagBag from /home/airflow/.local/lib/python3.8/site-packages/airflow/example_dags/example_branch_operator_decorator.py
[2024-01-13T12:18:18.079+0000] {processor.py:840} INFO - DAG(s) 'example_branch_python_operator_decorator' retrieved from /home/airflow/.local/lib/python3.8/site-packages/airflow/example_dags/example_branch_operator_decorator.py
[2024-01-13T12:18:18.122+0000] {logging_mixin.py:188} INFO - [2024-01-13T12:18:18.122+0000] {dag.py:3033} INFO - Sync 1 DAGs
[2024-01-13T12:18:18.156+0000] {logging_mixin.py:188} INFO - [2024-01-13T12:18:18.156+0000] {dag.py:3820} INFO - Setting next_dagrun for example_branch_python_operator_decorator to 2024-01-12T00:00:00+00:00, run_after=2024-01-13T00:00:00+00:00
[2024-01-13T12:18:18.183+0000] {processor.py:183} INFO - Processing /home/airflow/.local/lib/python3.8/site-packages/airflow/example_dags/example_branch_operator_decorator.py took 0.156 seconds
[2024-01-13T12:18:48.345+0000] {processor.py:161} INFO - Started process (PID=1395) to work on /home/airflow/.local/lib/python3.8/site-packages/airflow/example_dags/example_branch_operator_decorator.py
[2024-01-13T12:18:48.346+0000] {processor.py:830} INFO - Processing file /home/airflow/.local/lib/python3.8/site-packages/airflow/example_dags/example_branch_operator_decorator.py for tasks to queue
[2024-01-13T12:18:48.349+0000] {logging_mixin.py:188} INFO - [2024-01-13T12:18:48.349+0000] {dagbag.py:538} INFO - Filling up the DagBag from /home/airflow/.local/lib/python3.8/site-packages/airflow/example_dags/example_branch_operator_decorator.py
[2024-01-13T12:18:48.375+0000] {processor.py:840} INFO - DAG(s) 'example_branch_python_operator_decorator' retrieved from /home/airflow/.local/lib/python3.8/site-packages/airflow/example_dags/example_branch_operator_decorator.py
[2024-01-13T12:18:48.413+0000] {logging_mixin.py:188} INFO - [2024-01-13T12:18:48.413+0000] {dag.py:3033} INFO - Sync 1 DAGs
[2024-01-13T12:18:48.444+0000] {logging_mixin.py:188} INFO - [2024-01-13T12:18:48.444+0000] {dag.py:3820} INFO - Setting next_dagrun for example_branch_python_operator_decorator to 2024-01-12T00:00:00+00:00, run_after=2024-01-13T00:00:00+00:00
[2024-01-13T12:18:48.469+0000] {processor.py:183} INFO - Processing /home/airflow/.local/lib/python3.8/site-packages/airflow/example_dags/example_branch_operator_decorator.py took 0.129 seconds
[2024-01-13T12:19:19.024+0000] {processor.py:161} INFO - Started process (PID=1452) to work on /home/airflow/.local/lib/python3.8/site-packages/airflow/example_dags/example_branch_operator_decorator.py
[2024-01-13T12:19:19.027+0000] {processor.py:830} INFO - Processing file /home/airflow/.local/lib/python3.8/site-packages/airflow/example_dags/example_branch_operator_decorator.py for tasks to queue
[2024-01-13T12:19:19.030+0000] {logging_mixin.py:188} INFO - [2024-01-13T12:19:19.030+0000] {dagbag.py:538} INFO - Filling up the DagBag from /home/airflow/.local/lib/python3.8/site-packages/airflow/example_dags/example_branch_operator_decorator.py
[2024-01-13T12:19:19.059+0000] {processor.py:840} INFO - DAG(s) 'example_branch_python_operator_decorator' retrieved from /home/airflow/.local/lib/python3.8/site-packages/airflow/example_dags/example_branch_operator_decorator.py
[2024-01-13T12:19:19.098+0000] {logging_mixin.py:188} INFO - [2024-01-13T12:19:19.097+0000] {dag.py:3033} INFO - Sync 1 DAGs
[2024-01-13T12:19:19.131+0000] {logging_mixin.py:188} INFO - [2024-01-13T12:19:19.130+0000] {dag.py:3820} INFO - Setting next_dagrun for example_branch_python_operator_decorator to 2024-01-12T00:00:00+00:00, run_after=2024-01-13T00:00:00+00:00
[2024-01-13T12:19:19.155+0000] {processor.py:183} INFO - Processing /home/airflow/.local/lib/python3.8/site-packages/airflow/example_dags/example_branch_operator_decorator.py took 0.137 seconds
[2024-01-13T12:19:49.531+0000] {processor.py:161} INFO - Started process (PID=1511) to work on /home/airflow/.local/lib/python3.8/site-packages/airflow/example_dags/example_branch_operator_decorator.py
[2024-01-13T12:19:49.532+0000] {processor.py:830} INFO - Processing file /home/airflow/.local/lib/python3.8/site-packages/airflow/example_dags/example_branch_operator_decorator.py for tasks to queue
[2024-01-13T12:19:49.535+0000] {logging_mixin.py:188} INFO - [2024-01-13T12:19:49.535+0000] {dagbag.py:538} INFO - Filling up the DagBag from /home/airflow/.local/lib/python3.8/site-packages/airflow/example_dags/example_branch_operator_decorator.py
[2024-01-13T12:19:49.563+0000] {processor.py:840} INFO - DAG(s) 'example_branch_python_operator_decorator' retrieved from /home/airflow/.local/lib/python3.8/site-packages/airflow/example_dags/example_branch_operator_decorator.py
[2024-01-13T12:19:49.610+0000] {logging_mixin.py:188} INFO - [2024-01-13T12:19:49.609+0000] {dag.py:3033} INFO - Sync 1 DAGs
[2024-01-13T12:19:49.646+0000] {logging_mixin.py:188} INFO - [2024-01-13T12:19:49.646+0000] {dag.py:3820} INFO - Setting next_dagrun for example_branch_python_operator_decorator to 2024-01-12T00:00:00+00:00, run_after=2024-01-13T00:00:00+00:00
[2024-01-13T12:19:49.676+0000] {processor.py:183} INFO - Processing /home/airflow/.local/lib/python3.8/site-packages/airflow/example_dags/example_branch_operator_decorator.py took 0.150 seconds
[2024-01-13T12:20:19.948+0000] {processor.py:161} INFO - Started process (PID=1571) to work on /home/airflow/.local/lib/python3.8/site-packages/airflow/example_dags/example_branch_operator_decorator.py
[2024-01-13T12:20:19.951+0000] {processor.py:830} INFO - Processing file /home/airflow/.local/lib/python3.8/site-packages/airflow/example_dags/example_branch_operator_decorator.py for tasks to queue
[2024-01-13T12:20:19.955+0000] {logging_mixin.py:188} INFO - [2024-01-13T12:20:19.954+0000] {dagbag.py:538} INFO - Filling up the DagBag from /home/airflow/.local/lib/python3.8/site-packages/airflow/example_dags/example_branch_operator_decorator.py
[2024-01-13T12:20:19.995+0000] {processor.py:840} INFO - DAG(s) 'example_branch_python_operator_decorator' retrieved from /home/airflow/.local/lib/python3.8/site-packages/airflow/example_dags/example_branch_operator_decorator.py
[2024-01-13T12:20:20.041+0000] {logging_mixin.py:188} INFO - [2024-01-13T12:20:20.041+0000] {dag.py:3033} INFO - Sync 1 DAGs
[2024-01-13T12:20:20.076+0000] {logging_mixin.py:188} INFO - [2024-01-13T12:20:20.076+0000] {dag.py:3820} INFO - Setting next_dagrun for example_branch_python_operator_decorator to 2024-01-12T00:00:00+00:00, run_after=2024-01-13T00:00:00+00:00
[2024-01-13T12:20:20.106+0000] {processor.py:183} INFO - Processing /home/airflow/.local/lib/python3.8/site-packages/airflow/example_dags/example_branch_operator_decorator.py took 0.165 seconds
[2024-01-13T12:20:50.180+0000] {processor.py:161} INFO - Started process (PID=1630) to work on /home/airflow/.local/lib/python3.8/site-packages/airflow/example_dags/example_branch_operator_decorator.py
[2024-01-13T12:20:50.182+0000] {processor.py:830} INFO - Processing file /home/airflow/.local/lib/python3.8/site-packages/airflow/example_dags/example_branch_operator_decorator.py for tasks to queue
[2024-01-13T12:20:50.186+0000] {logging_mixin.py:188} INFO - [2024-01-13T12:20:50.185+0000] {dagbag.py:538} INFO - Filling up the DagBag from /home/airflow/.local/lib/python3.8/site-packages/airflow/example_dags/example_branch_operator_decorator.py
[2024-01-13T12:20:50.214+0000] {processor.py:840} INFO - DAG(s) 'example_branch_python_operator_decorator' retrieved from /home/airflow/.local/lib/python3.8/site-packages/airflow/example_dags/example_branch_operator_decorator.py
[2024-01-13T12:20:50.261+0000] {logging_mixin.py:188} INFO - [2024-01-13T12:20:50.260+0000] {dag.py:3033} INFO - Sync 1 DAGs
[2024-01-13T12:20:50.292+0000] {logging_mixin.py:188} INFO - [2024-01-13T12:20:50.291+0000] {dag.py:3820} INFO - Setting next_dagrun for example_branch_python_operator_decorator to 2024-01-12T00:00:00+00:00, run_after=2024-01-13T00:00:00+00:00
[2024-01-13T12:20:50.317+0000] {processor.py:183} INFO - Processing /home/airflow/.local/lib/python3.8/site-packages/airflow/example_dags/example_branch_operator_decorator.py took 0.144 seconds
[2024-01-13T12:21:20.568+0000] {processor.py:161} INFO - Started process (PID=1697) to work on /home/airflow/.local/lib/python3.8/site-packages/airflow/example_dags/example_branch_operator_decorator.py
[2024-01-13T12:21:20.570+0000] {processor.py:830} INFO - Processing file /home/airflow/.local/lib/python3.8/site-packages/airflow/example_dags/example_branch_operator_decorator.py for tasks to queue
[2024-01-13T12:21:20.573+0000] {logging_mixin.py:188} INFO - [2024-01-13T12:21:20.572+0000] {dagbag.py:538} INFO - Filling up the DagBag from /home/airflow/.local/lib/python3.8/site-packages/airflow/example_dags/example_branch_operator_decorator.py
[2024-01-13T12:21:20.597+0000] {processor.py:840} INFO - DAG(s) 'example_branch_python_operator_decorator' retrieved from /home/airflow/.local/lib/python3.8/site-packages/airflow/example_dags/example_branch_operator_decorator.py
[2024-01-13T12:21:20.639+0000] {logging_mixin.py:188} INFO - [2024-01-13T12:21:20.639+0000] {dag.py:3033} INFO - Sync 1 DAGs
[2024-01-13T12:21:20.672+0000] {logging_mixin.py:188} INFO - [2024-01-13T12:21:20.672+0000] {dag.py:3820} INFO - Setting next_dagrun for example_branch_python_operator_decorator to 2024-01-12T00:00:00+00:00, run_after=2024-01-13T00:00:00+00:00
[2024-01-13T12:21:20.700+0000] {processor.py:183} INFO - Processing /home/airflow/.local/lib/python3.8/site-packages/airflow/example_dags/example_branch_operator_decorator.py took 0.138 seconds
[2024-01-13T12:21:51.712+0000] {processor.py:161} INFO - Started process (PID=1768) to work on /home/airflow/.local/lib/python3.8/site-packages/airflow/example_dags/example_branch_operator_decorator.py
[2024-01-13T12:21:51.731+0000] {processor.py:830} INFO - Processing file /home/airflow/.local/lib/python3.8/site-packages/airflow/example_dags/example_branch_operator_decorator.py for tasks to queue
[2024-01-13T12:21:51.736+0000] {logging_mixin.py:188} INFO - [2024-01-13T12:21:51.735+0000] {dagbag.py:538} INFO - Filling up the DagBag from /home/airflow/.local/lib/python3.8/site-packages/airflow/example_dags/example_branch_operator_decorator.py
[2024-01-13T12:21:51.809+0000] {processor.py:840} INFO - DAG(s) 'example_branch_python_operator_decorator' retrieved from /home/airflow/.local/lib/python3.8/site-packages/airflow/example_dags/example_branch_operator_decorator.py
[2024-01-13T12:21:51.892+0000] {logging_mixin.py:188} INFO - [2024-01-13T12:21:51.892+0000] {dag.py:3033} INFO - Sync 1 DAGs
[2024-01-13T12:21:51.962+0000] {logging_mixin.py:188} INFO - [2024-01-13T12:21:51.962+0000] {dag.py:3820} INFO - Setting next_dagrun for example_branch_python_operator_decorator to 2024-01-12T00:00:00+00:00, run_after=2024-01-13T00:00:00+00:00
[2024-01-13T12:21:52.066+0000] {processor.py:183} INFO - Processing /home/airflow/.local/lib/python3.8/site-packages/airflow/example_dags/example_branch_operator_decorator.py took 0.364 seconds
[2024-01-13T12:22:22.871+0000] {processor.py:161} INFO - Started process (PID=1845) to work on /home/airflow/.local/lib/python3.8/site-packages/airflow/example_dags/example_branch_operator_decorator.py
[2024-01-13T12:22:22.879+0000] {processor.py:830} INFO - Processing file /home/airflow/.local/lib/python3.8/site-packages/airflow/example_dags/example_branch_operator_decorator.py for tasks to queue
[2024-01-13T12:22:22.885+0000] {logging_mixin.py:188} INFO - [2024-01-13T12:22:22.885+0000] {dagbag.py:538} INFO - Filling up the DagBag from /home/airflow/.local/lib/python3.8/site-packages/airflow/example_dags/example_branch_operator_decorator.py
[2024-01-13T12:22:23.039+0000] {processor.py:840} INFO - DAG(s) 'example_branch_python_operator_decorator' retrieved from /home/airflow/.local/lib/python3.8/site-packages/airflow/example_dags/example_branch_operator_decorator.py
[2024-01-13T12:22:23.164+0000] {logging_mixin.py:188} INFO - [2024-01-13T12:22:23.164+0000] {dag.py:3033} INFO - Sync 1 DAGs
[2024-01-13T12:22:23.282+0000] {logging_mixin.py:188} INFO - [2024-01-13T12:22:23.282+0000] {dag.py:3820} INFO - Setting next_dagrun for example_branch_python_operator_decorator to 2024-01-12T00:00:00+00:00, run_after=2024-01-13T00:00:00+00:00
[2024-01-13T12:22:23.336+0000] {processor.py:183} INFO - Processing /home/airflow/.local/lib/python3.8/site-packages/airflow/example_dags/example_branch_operator_decorator.py took 0.496 seconds
[2024-01-13T12:22:54.223+0000] {processor.py:161} INFO - Started process (PID=1928) to work on /home/airflow/.local/lib/python3.8/site-packages/airflow/example_dags/example_branch_operator_decorator.py
[2024-01-13T12:22:54.225+0000] {processor.py:830} INFO - Processing file /home/airflow/.local/lib/python3.8/site-packages/airflow/example_dags/example_branch_operator_decorator.py for tasks to queue
[2024-01-13T12:22:54.229+0000] {logging_mixin.py:188} INFO - [2024-01-13T12:22:54.228+0000] {dagbag.py:538} INFO - Filling up the DagBag from /home/airflow/.local/lib/python3.8/site-packages/airflow/example_dags/example_branch_operator_decorator.py
[2024-01-13T12:22:54.315+0000] {processor.py:840} INFO - DAG(s) 'example_branch_python_operator_decorator' retrieved from /home/airflow/.local/lib/python3.8/site-packages/airflow/example_dags/example_branch_operator_decorator.py
[2024-01-13T12:22:54.394+0000] {logging_mixin.py:188} INFO - [2024-01-13T12:22:54.394+0000] {dag.py:3033} INFO - Sync 1 DAGs
[2024-01-13T12:22:54.452+0000] {logging_mixin.py:188} INFO - [2024-01-13T12:22:54.451+0000] {dag.py:3820} INFO - Setting next_dagrun for example_branch_python_operator_decorator to 2024-01-12T00:00:00+00:00, run_after=2024-01-13T00:00:00+00:00
[2024-01-13T12:22:54.491+0000] {processor.py:183} INFO - Processing /home/airflow/.local/lib/python3.8/site-packages/airflow/example_dags/example_branch_operator_decorator.py took 0.281 seconds
[2024-01-13T12:23:25.423+0000] {processor.py:161} INFO - Started process (PID=1987) to work on /home/airflow/.local/lib/python3.8/site-packages/airflow/example_dags/example_branch_operator_decorator.py
[2024-01-13T12:23:25.425+0000] {processor.py:830} INFO - Processing file /home/airflow/.local/lib/python3.8/site-packages/airflow/example_dags/example_branch_operator_decorator.py for tasks to queue
[2024-01-13T12:23:25.428+0000] {logging_mixin.py:188} INFO - [2024-01-13T12:23:25.428+0000] {dagbag.py:538} INFO - Filling up the DagBag from /home/airflow/.local/lib/python3.8/site-packages/airflow/example_dags/example_branch_operator_decorator.py
[2024-01-13T12:23:25.461+0000] {processor.py:840} INFO - DAG(s) 'example_branch_python_operator_decorator' retrieved from /home/airflow/.local/lib/python3.8/site-packages/airflow/example_dags/example_branch_operator_decorator.py
[2024-01-13T12:23:25.498+0000] {logging_mixin.py:188} INFO - [2024-01-13T12:23:25.498+0000] {dag.py:3033} INFO - Sync 1 DAGs
[2024-01-13T12:23:25.531+0000] {logging_mixin.py:188} INFO - [2024-01-13T12:23:25.531+0000] {dag.py:3820} INFO - Setting next_dagrun for example_branch_python_operator_decorator to 2024-01-12T00:00:00+00:00, run_after=2024-01-13T00:00:00+00:00
[2024-01-13T12:23:25.556+0000] {processor.py:183} INFO - Processing /home/airflow/.local/lib/python3.8/site-packages/airflow/example_dags/example_branch_operator_decorator.py took 0.139 seconds
[2024-01-13T12:23:56.224+0000] {processor.py:161} INFO - Started process (PID=2046) to work on /home/airflow/.local/lib/python3.8/site-packages/airflow/example_dags/example_branch_operator_decorator.py
[2024-01-13T12:23:56.226+0000] {processor.py:830} INFO - Processing file /home/airflow/.local/lib/python3.8/site-packages/airflow/example_dags/example_branch_operator_decorator.py for tasks to queue
[2024-01-13T12:23:56.231+0000] {logging_mixin.py:188} INFO - [2024-01-13T12:23:56.230+0000] {dagbag.py:538} INFO - Filling up the DagBag from /home/airflow/.local/lib/python3.8/site-packages/airflow/example_dags/example_branch_operator_decorator.py
[2024-01-13T12:23:56.268+0000] {processor.py:840} INFO - DAG(s) 'example_branch_python_operator_decorator' retrieved from /home/airflow/.local/lib/python3.8/site-packages/airflow/example_dags/example_branch_operator_decorator.py
[2024-01-13T12:23:56.309+0000] {logging_mixin.py:188} INFO - [2024-01-13T12:23:56.309+0000] {dag.py:3033} INFO - Sync 1 DAGs
[2024-01-13T12:23:56.339+0000] {logging_mixin.py:188} INFO - [2024-01-13T12:23:56.339+0000] {dag.py:3820} INFO - Setting next_dagrun for example_branch_python_operator_decorator to 2024-01-12T00:00:00+00:00, run_after=2024-01-13T00:00:00+00:00
[2024-01-13T12:23:56.365+0000] {processor.py:183} INFO - Processing /home/airflow/.local/lib/python3.8/site-packages/airflow/example_dags/example_branch_operator_decorator.py took 0.145 seconds
[2024-01-13T12:24:26.668+0000] {processor.py:161} INFO - Started process (PID=2105) to work on /home/airflow/.local/lib/python3.8/site-packages/airflow/example_dags/example_branch_operator_decorator.py
[2024-01-13T12:24:26.671+0000] {processor.py:830} INFO - Processing file /home/airflow/.local/lib/python3.8/site-packages/airflow/example_dags/example_branch_operator_decorator.py for tasks to queue
[2024-01-13T12:24:26.675+0000] {logging_mixin.py:188} INFO - [2024-01-13T12:24:26.674+0000] {dagbag.py:538} INFO - Filling up the DagBag from /home/airflow/.local/lib/python3.8/site-packages/airflow/example_dags/example_branch_operator_decorator.py
[2024-01-13T12:24:26.704+0000] {processor.py:840} INFO - DAG(s) 'example_branch_python_operator_decorator' retrieved from /home/airflow/.local/lib/python3.8/site-packages/airflow/example_dags/example_branch_operator_decorator.py
[2024-01-13T12:24:26.744+0000] {logging_mixin.py:188} INFO - [2024-01-13T12:24:26.743+0000] {dag.py:3033} INFO - Sync 1 DAGs
[2024-01-13T12:24:26.777+0000] {logging_mixin.py:188} INFO - [2024-01-13T12:24:26.777+0000] {dag.py:3820} INFO - Setting next_dagrun for example_branch_python_operator_decorator to 2024-01-12T00:00:00+00:00, run_after=2024-01-13T00:00:00+00:00
[2024-01-13T12:24:26.803+0000] {processor.py:183} INFO - Processing /home/airflow/.local/lib/python3.8/site-packages/airflow/example_dags/example_branch_operator_decorator.py took 0.141 seconds
[2024-01-13T12:24:57.261+0000] {processor.py:161} INFO - Started process (PID=2165) to work on /home/airflow/.local/lib/python3.8/site-packages/airflow/example_dags/example_branch_operator_decorator.py
[2024-01-13T12:24:57.265+0000] {processor.py:830} INFO - Processing file /home/airflow/.local/lib/python3.8/site-packages/airflow/example_dags/example_branch_operator_decorator.py for tasks to queue
[2024-01-13T12:24:57.268+0000] {logging_mixin.py:188} INFO - [2024-01-13T12:24:57.267+0000] {dagbag.py:538} INFO - Filling up the DagBag from /home/airflow/.local/lib/python3.8/site-packages/airflow/example_dags/example_branch_operator_decorator.py
[2024-01-13T12:24:57.296+0000] {processor.py:840} INFO - DAG(s) 'example_branch_python_operator_decorator' retrieved from /home/airflow/.local/lib/python3.8/site-packages/airflow/example_dags/example_branch_operator_decorator.py
[2024-01-13T12:24:57.333+0000] {logging_mixin.py:188} INFO - [2024-01-13T12:24:57.333+0000] {dag.py:3033} INFO - Sync 1 DAGs
[2024-01-13T12:24:57.368+0000] {logging_mixin.py:188} INFO - [2024-01-13T12:24:57.368+0000] {dag.py:3820} INFO - Setting next_dagrun for example_branch_python_operator_decorator to 2024-01-12T00:00:00+00:00, run_after=2024-01-13T00:00:00+00:00
[2024-01-13T12:24:57.395+0000] {processor.py:183} INFO - Processing /home/airflow/.local/lib/python3.8/site-packages/airflow/example_dags/example_branch_operator_decorator.py took 0.140 seconds
[2024-01-13T12:25:27.504+0000] {processor.py:161} INFO - Started process (PID=2224) to work on /home/airflow/.local/lib/python3.8/site-packages/airflow/example_dags/example_branch_operator_decorator.py
[2024-01-13T12:25:27.505+0000] {processor.py:830} INFO - Processing file /home/airflow/.local/lib/python3.8/site-packages/airflow/example_dags/example_branch_operator_decorator.py for tasks to queue
[2024-01-13T12:25:27.509+0000] {logging_mixin.py:188} INFO - [2024-01-13T12:25:27.508+0000] {dagbag.py:538} INFO - Filling up the DagBag from /home/airflow/.local/lib/python3.8/site-packages/airflow/example_dags/example_branch_operator_decorator.py
[2024-01-13T12:25:27.534+0000] {processor.py:840} INFO - DAG(s) 'example_branch_python_operator_decorator' retrieved from /home/airflow/.local/lib/python3.8/site-packages/airflow/example_dags/example_branch_operator_decorator.py
[2024-01-13T12:25:27.572+0000] {logging_mixin.py:188} INFO - [2024-01-13T12:25:27.572+0000] {dag.py:3033} INFO - Sync 1 DAGs
[2024-01-13T12:25:27.606+0000] {logging_mixin.py:188} INFO - [2024-01-13T12:25:27.606+0000] {dag.py:3820} INFO - Setting next_dagrun for example_branch_python_operator_decorator to 2024-01-12T00:00:00+00:00, run_after=2024-01-13T00:00:00+00:00
[2024-01-13T12:25:27.632+0000] {processor.py:183} INFO - Processing /home/airflow/.local/lib/python3.8/site-packages/airflow/example_dags/example_branch_operator_decorator.py took 0.133 seconds
