[2024-01-13T11:57:49.603+0000] {processor.py:161} INFO - Started process (PID=79) to work on /home/airflow/.local/lib/python3.8/site-packages/airflow/example_dags/example_task_group_decorator.py
[2024-01-13T11:57:49.604+0000] {processor.py:830} INFO - Processing file /home/airflow/.local/lib/python3.8/site-packages/airflow/example_dags/example_task_group_decorator.py for tasks to queue
[2024-01-13T11:57:49.608+0000] {logging_mixin.py:188} INFO - [2024-01-13T11:57:49.607+0000] {dagbag.py:538} INFO - Filling up the DagBag from /home/airflow/.local/lib/python3.8/site-packages/airflow/example_dags/example_task_group_decorator.py
[2024-01-13T11:57:49.638+0000] {processor.py:840} INFO - DAG(s) 'example_task_group_decorator' retrieved from /home/airflow/.local/lib/python3.8/site-packages/airflow/example_dags/example_task_group_decorator.py
[2024-01-13T11:57:49.850+0000] {logging_mixin.py:188} INFO - [2024-01-13T11:57:49.849+0000] {override.py:1769} INFO - Created Permission View: can edit on DAG:example_task_group_decorator
[2024-01-13T11:57:49.867+0000] {logging_mixin.py:188} INFO - [2024-01-13T11:57:49.867+0000] {override.py:1769} INFO - Created Permission View: can read on DAG:example_task_group_decorator
[2024-01-13T11:57:49.877+0000] {logging_mixin.py:188} INFO - [2024-01-13T11:57:49.876+0000] {override.py:1769} INFO - Created Permission View: can delete on DAG:example_task_group_decorator
[2024-01-13T11:57:49.877+0000] {logging_mixin.py:188} INFO - [2024-01-13T11:57:49.877+0000] {dag.py:3033} INFO - Sync 1 DAGs
[2024-01-13T11:57:49.900+0000] {logging_mixin.py:188} INFO - [2024-01-13T11:57:49.899+0000] {dag.py:3055} INFO - Creating ORM DAG for example_task_group_decorator
[2024-01-13T11:57:49.921+0000] {logging_mixin.py:188} INFO - [2024-01-13T11:57:49.921+0000] {dag.py:3820} INFO - Setting next_dagrun for example_task_group_decorator to 2024-01-12T00:00:00+00:00, run_after=2024-01-13T00:00:00+00:00
[2024-01-13T11:57:49.951+0000] {processor.py:183} INFO - Processing /home/airflow/.local/lib/python3.8/site-packages/airflow/example_dags/example_task_group_decorator.py took 0.355 seconds
[2024-01-13T11:58:20.795+0000] {processor.py:161} INFO - Started process (PID=138) to work on /home/airflow/.local/lib/python3.8/site-packages/airflow/example_dags/example_task_group_decorator.py
[2024-01-13T11:58:20.796+0000] {processor.py:830} INFO - Processing file /home/airflow/.local/lib/python3.8/site-packages/airflow/example_dags/example_task_group_decorator.py for tasks to queue
[2024-01-13T11:58:20.799+0000] {logging_mixin.py:188} INFO - [2024-01-13T11:58:20.799+0000] {dagbag.py:538} INFO - Filling up the DagBag from /home/airflow/.local/lib/python3.8/site-packages/airflow/example_dags/example_task_group_decorator.py
[2024-01-13T11:58:20.818+0000] {processor.py:840} INFO - DAG(s) 'example_task_group_decorator' retrieved from /home/airflow/.local/lib/python3.8/site-packages/airflow/example_dags/example_task_group_decorator.py
[2024-01-13T11:58:20.853+0000] {logging_mixin.py:188} INFO - [2024-01-13T11:58:20.853+0000] {dag.py:3033} INFO - Sync 1 DAGs
[2024-01-13T11:58:20.880+0000] {logging_mixin.py:188} INFO - [2024-01-13T11:58:20.880+0000] {dag.py:3820} INFO - Setting next_dagrun for example_task_group_decorator to 2024-01-12T00:00:00+00:00, run_after=2024-01-13T00:00:00+00:00
[2024-01-13T11:58:20.903+0000] {processor.py:183} INFO - Processing /home/airflow/.local/lib/python3.8/site-packages/airflow/example_dags/example_task_group_decorator.py took 0.112 seconds
[2024-01-13T11:58:51.251+0000] {processor.py:161} INFO - Started process (PID=197) to work on /home/airflow/.local/lib/python3.8/site-packages/airflow/example_dags/example_task_group_decorator.py
[2024-01-13T11:58:51.253+0000] {processor.py:830} INFO - Processing file /home/airflow/.local/lib/python3.8/site-packages/airflow/example_dags/example_task_group_decorator.py for tasks to queue
[2024-01-13T11:58:51.257+0000] {logging_mixin.py:188} INFO - [2024-01-13T11:58:51.257+0000] {dagbag.py:538} INFO - Filling up the DagBag from /home/airflow/.local/lib/python3.8/site-packages/airflow/example_dags/example_task_group_decorator.py
[2024-01-13T11:58:51.286+0000] {processor.py:840} INFO - DAG(s) 'example_task_group_decorator' retrieved from /home/airflow/.local/lib/python3.8/site-packages/airflow/example_dags/example_task_group_decorator.py
[2024-01-13T11:58:51.331+0000] {logging_mixin.py:188} INFO - [2024-01-13T11:58:51.331+0000] {dag.py:3033} INFO - Sync 1 DAGs
[2024-01-13T11:58:51.364+0000] {logging_mixin.py:188} INFO - [2024-01-13T11:58:51.363+0000] {dag.py:3820} INFO - Setting next_dagrun for example_task_group_decorator to 2024-01-12T00:00:00+00:00, run_after=2024-01-13T00:00:00+00:00
[2024-01-13T11:58:51.388+0000] {processor.py:183} INFO - Processing /home/airflow/.local/lib/python3.8/site-packages/airflow/example_dags/example_task_group_decorator.py took 0.143 seconds
[2024-01-13T11:59:22.097+0000] {processor.py:161} INFO - Started process (PID=262) to work on /home/airflow/.local/lib/python3.8/site-packages/airflow/example_dags/example_task_group_decorator.py
[2024-01-13T11:59:22.098+0000] {processor.py:830} INFO - Processing file /home/airflow/.local/lib/python3.8/site-packages/airflow/example_dags/example_task_group_decorator.py for tasks to queue
[2024-01-13T11:59:22.102+0000] {logging_mixin.py:188} INFO - [2024-01-13T11:59:22.102+0000] {dagbag.py:538} INFO - Filling up the DagBag from /home/airflow/.local/lib/python3.8/site-packages/airflow/example_dags/example_task_group_decorator.py
[2024-01-13T11:59:22.131+0000] {processor.py:840} INFO - DAG(s) 'example_task_group_decorator' retrieved from /home/airflow/.local/lib/python3.8/site-packages/airflow/example_dags/example_task_group_decorator.py
[2024-01-13T11:59:22.180+0000] {logging_mixin.py:188} INFO - [2024-01-13T11:59:22.179+0000] {dag.py:3033} INFO - Sync 1 DAGs
[2024-01-13T11:59:22.224+0000] {logging_mixin.py:188} INFO - [2024-01-13T11:59:22.224+0000] {dag.py:3820} INFO - Setting next_dagrun for example_task_group_decorator to 2024-01-12T00:00:00+00:00, run_after=2024-01-13T00:00:00+00:00
[2024-01-13T11:59:22.255+0000] {processor.py:183} INFO - Processing /home/airflow/.local/lib/python3.8/site-packages/airflow/example_dags/example_task_group_decorator.py took 0.165 seconds
[2024-01-13T11:59:52.864+0000] {processor.py:161} INFO - Started process (PID=321) to work on /home/airflow/.local/lib/python3.8/site-packages/airflow/example_dags/example_task_group_decorator.py
[2024-01-13T11:59:52.866+0000] {processor.py:830} INFO - Processing file /home/airflow/.local/lib/python3.8/site-packages/airflow/example_dags/example_task_group_decorator.py for tasks to queue
[2024-01-13T11:59:52.869+0000] {logging_mixin.py:188} INFO - [2024-01-13T11:59:52.868+0000] {dagbag.py:538} INFO - Filling up the DagBag from /home/airflow/.local/lib/python3.8/site-packages/airflow/example_dags/example_task_group_decorator.py
[2024-01-13T11:59:52.888+0000] {processor.py:840} INFO - DAG(s) 'example_task_group_decorator' retrieved from /home/airflow/.local/lib/python3.8/site-packages/airflow/example_dags/example_task_group_decorator.py
[2024-01-13T11:59:52.922+0000] {logging_mixin.py:188} INFO - [2024-01-13T11:59:52.922+0000] {dag.py:3033} INFO - Sync 1 DAGs
[2024-01-13T11:59:52.959+0000] {logging_mixin.py:188} INFO - [2024-01-13T11:59:52.959+0000] {dag.py:3820} INFO - Setting next_dagrun for example_task_group_decorator to 2024-01-12T00:00:00+00:00, run_after=2024-01-13T00:00:00+00:00
[2024-01-13T11:59:52.986+0000] {processor.py:183} INFO - Processing /home/airflow/.local/lib/python3.8/site-packages/airflow/example_dags/example_task_group_decorator.py took 0.127 seconds
[2024-01-13T12:00:23.569+0000] {processor.py:161} INFO - Started process (PID=380) to work on /home/airflow/.local/lib/python3.8/site-packages/airflow/example_dags/example_task_group_decorator.py
[2024-01-13T12:00:23.571+0000] {processor.py:830} INFO - Processing file /home/airflow/.local/lib/python3.8/site-packages/airflow/example_dags/example_task_group_decorator.py for tasks to queue
[2024-01-13T12:00:23.575+0000] {logging_mixin.py:188} INFO - [2024-01-13T12:00:23.574+0000] {dagbag.py:538} INFO - Filling up the DagBag from /home/airflow/.local/lib/python3.8/site-packages/airflow/example_dags/example_task_group_decorator.py
[2024-01-13T12:00:23.593+0000] {processor.py:840} INFO - DAG(s) 'example_task_group_decorator' retrieved from /home/airflow/.local/lib/python3.8/site-packages/airflow/example_dags/example_task_group_decorator.py
[2024-01-13T12:00:23.626+0000] {logging_mixin.py:188} INFO - [2024-01-13T12:00:23.626+0000] {dag.py:3033} INFO - Sync 1 DAGs
[2024-01-13T12:00:23.655+0000] {logging_mixin.py:188} INFO - [2024-01-13T12:00:23.655+0000] {dag.py:3820} INFO - Setting next_dagrun for example_task_group_decorator to 2024-01-12T00:00:00+00:00, run_after=2024-01-13T00:00:00+00:00
[2024-01-13T12:00:23.677+0000] {processor.py:183} INFO - Processing /home/airflow/.local/lib/python3.8/site-packages/airflow/example_dags/example_task_group_decorator.py took 0.114 seconds
[2024-01-13T12:00:53.993+0000] {processor.py:161} INFO - Started process (PID=439) to work on /home/airflow/.local/lib/python3.8/site-packages/airflow/example_dags/example_task_group_decorator.py
[2024-01-13T12:00:53.995+0000] {processor.py:830} INFO - Processing file /home/airflow/.local/lib/python3.8/site-packages/airflow/example_dags/example_task_group_decorator.py for tasks to queue
[2024-01-13T12:00:53.998+0000] {logging_mixin.py:188} INFO - [2024-01-13T12:00:53.997+0000] {dagbag.py:538} INFO - Filling up the DagBag from /home/airflow/.local/lib/python3.8/site-packages/airflow/example_dags/example_task_group_decorator.py
[2024-01-13T12:00:54.017+0000] {processor.py:840} INFO - DAG(s) 'example_task_group_decorator' retrieved from /home/airflow/.local/lib/python3.8/site-packages/airflow/example_dags/example_task_group_decorator.py
[2024-01-13T12:00:54.052+0000] {logging_mixin.py:188} INFO - [2024-01-13T12:00:54.052+0000] {dag.py:3033} INFO - Sync 1 DAGs
[2024-01-13T12:00:54.085+0000] {logging_mixin.py:188} INFO - [2024-01-13T12:00:54.085+0000] {dag.py:3820} INFO - Setting next_dagrun for example_task_group_decorator to 2024-01-12T00:00:00+00:00, run_after=2024-01-13T00:00:00+00:00
[2024-01-13T12:00:54.108+0000] {processor.py:183} INFO - Processing /home/airflow/.local/lib/python3.8/site-packages/airflow/example_dags/example_task_group_decorator.py took 0.120 seconds
[2024-01-13T12:01:24.741+0000] {processor.py:161} INFO - Started process (PID=498) to work on /home/airflow/.local/lib/python3.8/site-packages/airflow/example_dags/example_task_group_decorator.py
[2024-01-13T12:01:24.742+0000] {processor.py:830} INFO - Processing file /home/airflow/.local/lib/python3.8/site-packages/airflow/example_dags/example_task_group_decorator.py for tasks to queue
[2024-01-13T12:01:24.745+0000] {logging_mixin.py:188} INFO - [2024-01-13T12:01:24.745+0000] {dagbag.py:538} INFO - Filling up the DagBag from /home/airflow/.local/lib/python3.8/site-packages/airflow/example_dags/example_task_group_decorator.py
[2024-01-13T12:01:24.765+0000] {processor.py:840} INFO - DAG(s) 'example_task_group_decorator' retrieved from /home/airflow/.local/lib/python3.8/site-packages/airflow/example_dags/example_task_group_decorator.py
[2024-01-13T12:01:24.804+0000] {logging_mixin.py:188} INFO - [2024-01-13T12:01:24.804+0000] {dag.py:3033} INFO - Sync 1 DAGs
[2024-01-13T12:01:24.831+0000] {logging_mixin.py:188} INFO - [2024-01-13T12:01:24.831+0000] {dag.py:3820} INFO - Setting next_dagrun for example_task_group_decorator to 2024-01-12T00:00:00+00:00, run_after=2024-01-13T00:00:00+00:00
[2024-01-13T12:01:24.859+0000] {processor.py:183} INFO - Processing /home/airflow/.local/lib/python3.8/site-packages/airflow/example_dags/example_task_group_decorator.py took 0.123 seconds
[2024-01-13T12:01:54.935+0000] {processor.py:161} INFO - Started process (PID=556) to work on /home/airflow/.local/lib/python3.8/site-packages/airflow/example_dags/example_task_group_decorator.py
[2024-01-13T12:01:54.937+0000] {processor.py:830} INFO - Processing file /home/airflow/.local/lib/python3.8/site-packages/airflow/example_dags/example_task_group_decorator.py for tasks to queue
[2024-01-13T12:01:54.941+0000] {logging_mixin.py:188} INFO - [2024-01-13T12:01:54.941+0000] {dagbag.py:538} INFO - Filling up the DagBag from /home/airflow/.local/lib/python3.8/site-packages/airflow/example_dags/example_task_group_decorator.py
[2024-01-13T12:01:54.964+0000] {processor.py:840} INFO - DAG(s) 'example_task_group_decorator' retrieved from /home/airflow/.local/lib/python3.8/site-packages/airflow/example_dags/example_task_group_decorator.py
[2024-01-13T12:01:54.998+0000] {logging_mixin.py:188} INFO - [2024-01-13T12:01:54.998+0000] {dag.py:3033} INFO - Sync 1 DAGs
[2024-01-13T12:01:55.026+0000] {logging_mixin.py:188} INFO - [2024-01-13T12:01:55.026+0000] {dag.py:3820} INFO - Setting next_dagrun for example_task_group_decorator to 2024-01-12T00:00:00+00:00, run_after=2024-01-13T00:00:00+00:00
[2024-01-13T12:01:55.049+0000] {processor.py:183} INFO - Processing /home/airflow/.local/lib/python3.8/site-packages/airflow/example_dags/example_task_group_decorator.py took 0.121 seconds
[2024-01-13T12:02:25.398+0000] {processor.py:161} INFO - Started process (PID=623) to work on /home/airflow/.local/lib/python3.8/site-packages/airflow/example_dags/example_task_group_decorator.py
[2024-01-13T12:02:25.399+0000] {processor.py:830} INFO - Processing file /home/airflow/.local/lib/python3.8/site-packages/airflow/example_dags/example_task_group_decorator.py for tasks to queue
[2024-01-13T12:02:25.402+0000] {logging_mixin.py:188} INFO - [2024-01-13T12:02:25.402+0000] {dagbag.py:538} INFO - Filling up the DagBag from /home/airflow/.local/lib/python3.8/site-packages/airflow/example_dags/example_task_group_decorator.py
[2024-01-13T12:02:25.420+0000] {processor.py:840} INFO - DAG(s) 'example_task_group_decorator' retrieved from /home/airflow/.local/lib/python3.8/site-packages/airflow/example_dags/example_task_group_decorator.py
[2024-01-13T12:02:25.452+0000] {logging_mixin.py:188} INFO - [2024-01-13T12:02:25.451+0000] {dag.py:3033} INFO - Sync 1 DAGs
[2024-01-13T12:02:25.480+0000] {logging_mixin.py:188} INFO - [2024-01-13T12:02:25.480+0000] {dag.py:3820} INFO - Setting next_dagrun for example_task_group_decorator to 2024-01-12T00:00:00+00:00, run_after=2024-01-13T00:00:00+00:00
[2024-01-13T12:02:25.510+0000] {processor.py:183} INFO - Processing /home/airflow/.local/lib/python3.8/site-packages/airflow/example_dags/example_task_group_decorator.py took 0.118 seconds
[2024-01-13T12:07:43.390+0000] {processor.py:161} INFO - Started process (PID=79) to work on /home/airflow/.local/lib/python3.8/site-packages/airflow/example_dags/example_task_group_decorator.py
[2024-01-13T12:07:43.393+0000] {processor.py:830} INFO - Processing file /home/airflow/.local/lib/python3.8/site-packages/airflow/example_dags/example_task_group_decorator.py for tasks to queue
[2024-01-13T12:07:43.397+0000] {logging_mixin.py:188} INFO - [2024-01-13T12:07:43.396+0000] {dagbag.py:538} INFO - Filling up the DagBag from /home/airflow/.local/lib/python3.8/site-packages/airflow/example_dags/example_task_group_decorator.py
[2024-01-13T12:07:43.427+0000] {processor.py:840} INFO - DAG(s) 'example_task_group_decorator' retrieved from /home/airflow/.local/lib/python3.8/site-packages/airflow/example_dags/example_task_group_decorator.py
[2024-01-13T12:07:43.452+0000] {logging_mixin.py:188} INFO - [2024-01-13T12:07:43.452+0000] {dag.py:3033} INFO - Sync 1 DAGs
[2024-01-13T12:07:43.496+0000] {logging_mixin.py:188} INFO - [2024-01-13T12:07:43.496+0000] {dag.py:3820} INFO - Setting next_dagrun for example_task_group_decorator to 2024-01-12T00:00:00+00:00, run_after=2024-01-13T00:00:00+00:00
[2024-01-13T12:07:43.528+0000] {processor.py:183} INFO - Processing /home/airflow/.local/lib/python3.8/site-packages/airflow/example_dags/example_task_group_decorator.py took 0.144 seconds
[2024-01-13T12:08:20.556+0000] {processor.py:161} INFO - Started process (PID=166) to work on /home/airflow/.local/lib/python3.8/site-packages/airflow/example_dags/example_task_group_decorator.py
[2024-01-13T12:08:20.562+0000] {processor.py:830} INFO - Processing file /home/airflow/.local/lib/python3.8/site-packages/airflow/example_dags/example_task_group_decorator.py for tasks to queue
[2024-01-13T12:08:20.566+0000] {logging_mixin.py:188} INFO - [2024-01-13T12:08:20.566+0000] {dagbag.py:538} INFO - Filling up the DagBag from /home/airflow/.local/lib/python3.8/site-packages/airflow/example_dags/example_task_group_decorator.py
[2024-01-13T12:08:20.644+0000] {processor.py:840} INFO - DAG(s) 'example_task_group_decorator' retrieved from /home/airflow/.local/lib/python3.8/site-packages/airflow/example_dags/example_task_group_decorator.py
[2024-01-13T12:08:21.120+0000] {logging_mixin.py:188} INFO - [2024-01-13T12:08:21.120+0000] {dag.py:3033} INFO - Sync 1 DAGs
[2024-01-13T12:08:21.204+0000] {logging_mixin.py:188} INFO - [2024-01-13T12:08:21.204+0000] {dag.py:3820} INFO - Setting next_dagrun for example_task_group_decorator to 2024-01-12T00:00:00+00:00, run_after=2024-01-13T00:00:00+00:00
[2024-01-13T12:08:21.245+0000] {processor.py:183} INFO - Processing /home/airflow/.local/lib/python3.8/site-packages/airflow/example_dags/example_task_group_decorator.py took 0.709 seconds
[2024-01-13T12:08:51.405+0000] {processor.py:161} INFO - Started process (PID=225) to work on /home/airflow/.local/lib/python3.8/site-packages/airflow/example_dags/example_task_group_decorator.py
[2024-01-13T12:08:51.408+0000] {processor.py:830} INFO - Processing file /home/airflow/.local/lib/python3.8/site-packages/airflow/example_dags/example_task_group_decorator.py for tasks to queue
[2024-01-13T12:08:51.411+0000] {logging_mixin.py:188} INFO - [2024-01-13T12:08:51.411+0000] {dagbag.py:538} INFO - Filling up the DagBag from /home/airflow/.local/lib/python3.8/site-packages/airflow/example_dags/example_task_group_decorator.py
[2024-01-13T12:08:51.430+0000] {processor.py:840} INFO - DAG(s) 'example_task_group_decorator' retrieved from /home/airflow/.local/lib/python3.8/site-packages/airflow/example_dags/example_task_group_decorator.py
[2024-01-13T12:08:51.461+0000] {logging_mixin.py:188} INFO - [2024-01-13T12:08:51.461+0000] {dag.py:3033} INFO - Sync 1 DAGs
[2024-01-13T12:08:51.489+0000] {logging_mixin.py:188} INFO - [2024-01-13T12:08:51.489+0000] {dag.py:3820} INFO - Setting next_dagrun for example_task_group_decorator to 2024-01-12T00:00:00+00:00, run_after=2024-01-13T00:00:00+00:00
[2024-01-13T12:08:51.514+0000] {processor.py:183} INFO - Processing /home/airflow/.local/lib/python3.8/site-packages/airflow/example_dags/example_task_group_decorator.py took 0.114 seconds
[2024-01-13T12:09:21.962+0000] {processor.py:161} INFO - Started process (PID=285) to work on /home/airflow/.local/lib/python3.8/site-packages/airflow/example_dags/example_task_group_decorator.py
[2024-01-13T12:09:21.963+0000] {processor.py:830} INFO - Processing file /home/airflow/.local/lib/python3.8/site-packages/airflow/example_dags/example_task_group_decorator.py for tasks to queue
[2024-01-13T12:09:21.966+0000] {logging_mixin.py:188} INFO - [2024-01-13T12:09:21.966+0000] {dagbag.py:538} INFO - Filling up the DagBag from /home/airflow/.local/lib/python3.8/site-packages/airflow/example_dags/example_task_group_decorator.py
[2024-01-13T12:09:21.986+0000] {processor.py:840} INFO - DAG(s) 'example_task_group_decorator' retrieved from /home/airflow/.local/lib/python3.8/site-packages/airflow/example_dags/example_task_group_decorator.py
[2024-01-13T12:09:22.019+0000] {logging_mixin.py:188} INFO - [2024-01-13T12:09:22.019+0000] {dag.py:3033} INFO - Sync 1 DAGs
[2024-01-13T12:09:22.048+0000] {logging_mixin.py:188} INFO - [2024-01-13T12:09:22.048+0000] {dag.py:3820} INFO - Setting next_dagrun for example_task_group_decorator to 2024-01-12T00:00:00+00:00, run_after=2024-01-13T00:00:00+00:00
[2024-01-13T12:09:22.071+0000] {processor.py:183} INFO - Processing /home/airflow/.local/lib/python3.8/site-packages/airflow/example_dags/example_task_group_decorator.py took 0.114 seconds
[2024-01-13T12:09:52.153+0000] {processor.py:161} INFO - Started process (PID=344) to work on /home/airflow/.local/lib/python3.8/site-packages/airflow/example_dags/example_task_group_decorator.py
[2024-01-13T12:09:52.170+0000] {processor.py:830} INFO - Processing file /home/airflow/.local/lib/python3.8/site-packages/airflow/example_dags/example_task_group_decorator.py for tasks to queue
[2024-01-13T12:09:52.174+0000] {logging_mixin.py:188} INFO - [2024-01-13T12:09:52.173+0000] {dagbag.py:538} INFO - Filling up the DagBag from /home/airflow/.local/lib/python3.8/site-packages/airflow/example_dags/example_task_group_decorator.py
[2024-01-13T12:09:52.196+0000] {processor.py:840} INFO - DAG(s) 'example_task_group_decorator' retrieved from /home/airflow/.local/lib/python3.8/site-packages/airflow/example_dags/example_task_group_decorator.py
[2024-01-13T12:09:52.237+0000] {logging_mixin.py:188} INFO - [2024-01-13T12:09:52.237+0000] {dag.py:3033} INFO - Sync 1 DAGs
[2024-01-13T12:09:52.272+0000] {logging_mixin.py:188} INFO - [2024-01-13T12:09:52.271+0000] {dag.py:3820} INFO - Setting next_dagrun for example_task_group_decorator to 2024-01-12T00:00:00+00:00, run_after=2024-01-13T00:00:00+00:00
[2024-01-13T12:09:52.301+0000] {processor.py:183} INFO - Processing /home/airflow/.local/lib/python3.8/site-packages/airflow/example_dags/example_task_group_decorator.py took 0.153 seconds
[2024-01-13T12:10:23.057+0000] {processor.py:161} INFO - Started process (PID=403) to work on /home/airflow/.local/lib/python3.8/site-packages/airflow/example_dags/example_task_group_decorator.py
[2024-01-13T12:10:23.058+0000] {processor.py:830} INFO - Processing file /home/airflow/.local/lib/python3.8/site-packages/airflow/example_dags/example_task_group_decorator.py for tasks to queue
[2024-01-13T12:10:23.062+0000] {logging_mixin.py:188} INFO - [2024-01-13T12:10:23.062+0000] {dagbag.py:538} INFO - Filling up the DagBag from /home/airflow/.local/lib/python3.8/site-packages/airflow/example_dags/example_task_group_decorator.py
[2024-01-13T12:10:23.086+0000] {processor.py:840} INFO - DAG(s) 'example_task_group_decorator' retrieved from /home/airflow/.local/lib/python3.8/site-packages/airflow/example_dags/example_task_group_decorator.py
[2024-01-13T12:10:23.120+0000] {logging_mixin.py:188} INFO - [2024-01-13T12:10:23.119+0000] {dag.py:3033} INFO - Sync 1 DAGs
[2024-01-13T12:10:23.147+0000] {logging_mixin.py:188} INFO - [2024-01-13T12:10:23.147+0000] {dag.py:3820} INFO - Setting next_dagrun for example_task_group_decorator to 2024-01-12T00:00:00+00:00, run_after=2024-01-13T00:00:00+00:00
[2024-01-13T12:10:23.172+0000] {processor.py:183} INFO - Processing /home/airflow/.local/lib/python3.8/site-packages/airflow/example_dags/example_task_group_decorator.py took 0.122 seconds
[2024-01-13T12:10:53.427+0000] {processor.py:161} INFO - Started process (PID=462) to work on /home/airflow/.local/lib/python3.8/site-packages/airflow/example_dags/example_task_group_decorator.py
[2024-01-13T12:10:53.477+0000] {processor.py:830} INFO - Processing file /home/airflow/.local/lib/python3.8/site-packages/airflow/example_dags/example_task_group_decorator.py for tasks to queue
[2024-01-13T12:10:53.480+0000] {logging_mixin.py:188} INFO - [2024-01-13T12:10:53.480+0000] {dagbag.py:538} INFO - Filling up the DagBag from /home/airflow/.local/lib/python3.8/site-packages/airflow/example_dags/example_task_group_decorator.py
[2024-01-13T12:10:53.509+0000] {processor.py:840} INFO - DAG(s) 'example_task_group_decorator' retrieved from /home/airflow/.local/lib/python3.8/site-packages/airflow/example_dags/example_task_group_decorator.py
[2024-01-13T12:10:53.555+0000] {logging_mixin.py:188} INFO - [2024-01-13T12:10:53.554+0000] {dag.py:3033} INFO - Sync 1 DAGs
[2024-01-13T12:10:53.586+0000] {logging_mixin.py:188} INFO - [2024-01-13T12:10:53.586+0000] {dag.py:3820} INFO - Setting next_dagrun for example_task_group_decorator to 2024-01-12T00:00:00+00:00, run_after=2024-01-13T00:00:00+00:00
[2024-01-13T12:10:53.611+0000] {processor.py:183} INFO - Processing /home/airflow/.local/lib/python3.8/site-packages/airflow/example_dags/example_task_group_decorator.py took 0.190 seconds
[2024-01-13T12:11:23.794+0000] {processor.py:161} INFO - Started process (PID=521) to work on /home/airflow/.local/lib/python3.8/site-packages/airflow/example_dags/example_task_group_decorator.py
[2024-01-13T12:11:23.795+0000] {processor.py:830} INFO - Processing file /home/airflow/.local/lib/python3.8/site-packages/airflow/example_dags/example_task_group_decorator.py for tasks to queue
[2024-01-13T12:11:23.798+0000] {logging_mixin.py:188} INFO - [2024-01-13T12:11:23.797+0000] {dagbag.py:538} INFO - Filling up the DagBag from /home/airflow/.local/lib/python3.8/site-packages/airflow/example_dags/example_task_group_decorator.py
[2024-01-13T12:11:23.817+0000] {processor.py:840} INFO - DAG(s) 'example_task_group_decorator' retrieved from /home/airflow/.local/lib/python3.8/site-packages/airflow/example_dags/example_task_group_decorator.py
[2024-01-13T12:11:23.852+0000] {logging_mixin.py:188} INFO - [2024-01-13T12:11:23.852+0000] {dag.py:3033} INFO - Sync 1 DAGs
[2024-01-13T12:11:23.893+0000] {logging_mixin.py:188} INFO - [2024-01-13T12:11:23.893+0000] {dag.py:3820} INFO - Setting next_dagrun for example_task_group_decorator to 2024-01-12T00:00:00+00:00, run_after=2024-01-13T00:00:00+00:00
[2024-01-13T12:11:23.922+0000] {processor.py:183} INFO - Processing /home/airflow/.local/lib/python3.8/site-packages/airflow/example_dags/example_task_group_decorator.py took 0.133 seconds
[2024-01-13T12:11:54.082+0000] {processor.py:161} INFO - Started process (PID=580) to work on /home/airflow/.local/lib/python3.8/site-packages/airflow/example_dags/example_task_group_decorator.py
[2024-01-13T12:11:54.102+0000] {processor.py:830} INFO - Processing file /home/airflow/.local/lib/python3.8/site-packages/airflow/example_dags/example_task_group_decorator.py for tasks to queue
[2024-01-13T12:11:54.106+0000] {logging_mixin.py:188} INFO - [2024-01-13T12:11:54.106+0000] {dagbag.py:538} INFO - Filling up the DagBag from /home/airflow/.local/lib/python3.8/site-packages/airflow/example_dags/example_task_group_decorator.py
[2024-01-13T12:11:54.128+0000] {processor.py:840} INFO - DAG(s) 'example_task_group_decorator' retrieved from /home/airflow/.local/lib/python3.8/site-packages/airflow/example_dags/example_task_group_decorator.py
[2024-01-13T12:11:54.163+0000] {logging_mixin.py:188} INFO - [2024-01-13T12:11:54.162+0000] {dag.py:3033} INFO - Sync 1 DAGs
[2024-01-13T12:11:54.191+0000] {logging_mixin.py:188} INFO - [2024-01-13T12:11:54.191+0000] {dag.py:3820} INFO - Setting next_dagrun for example_task_group_decorator to 2024-01-12T00:00:00+00:00, run_after=2024-01-13T00:00:00+00:00
[2024-01-13T12:11:54.216+0000] {processor.py:183} INFO - Processing /home/airflow/.local/lib/python3.8/site-packages/airflow/example_dags/example_task_group_decorator.py took 0.138 seconds
[2024-01-13T12:12:24.443+0000] {processor.py:161} INFO - Started process (PID=639) to work on /home/airflow/.local/lib/python3.8/site-packages/airflow/example_dags/example_task_group_decorator.py
[2024-01-13T12:12:24.444+0000] {processor.py:830} INFO - Processing file /home/airflow/.local/lib/python3.8/site-packages/airflow/example_dags/example_task_group_decorator.py for tasks to queue
[2024-01-13T12:12:24.447+0000] {logging_mixin.py:188} INFO - [2024-01-13T12:12:24.447+0000] {dagbag.py:538} INFO - Filling up the DagBag from /home/airflow/.local/lib/python3.8/site-packages/airflow/example_dags/example_task_group_decorator.py
[2024-01-13T12:12:24.470+0000] {processor.py:840} INFO - DAG(s) 'example_task_group_decorator' retrieved from /home/airflow/.local/lib/python3.8/site-packages/airflow/example_dags/example_task_group_decorator.py
[2024-01-13T12:12:24.502+0000] {logging_mixin.py:188} INFO - [2024-01-13T12:12:24.501+0000] {dag.py:3033} INFO - Sync 1 DAGs
[2024-01-13T12:12:24.533+0000] {logging_mixin.py:188} INFO - [2024-01-13T12:12:24.533+0000] {dag.py:3820} INFO - Setting next_dagrun for example_task_group_decorator to 2024-01-12T00:00:00+00:00, run_after=2024-01-13T00:00:00+00:00
[2024-01-13T12:12:24.556+0000] {processor.py:183} INFO - Processing /home/airflow/.local/lib/python3.8/site-packages/airflow/example_dags/example_task_group_decorator.py took 0.118 seconds
[2024-01-13T12:12:55.360+0000] {processor.py:161} INFO - Started process (PID=698) to work on /home/airflow/.local/lib/python3.8/site-packages/airflow/example_dags/example_task_group_decorator.py
[2024-01-13T12:12:55.362+0000] {processor.py:830} INFO - Processing file /home/airflow/.local/lib/python3.8/site-packages/airflow/example_dags/example_task_group_decorator.py for tasks to queue
[2024-01-13T12:12:55.366+0000] {logging_mixin.py:188} INFO - [2024-01-13T12:12:55.366+0000] {dagbag.py:538} INFO - Filling up the DagBag from /home/airflow/.local/lib/python3.8/site-packages/airflow/example_dags/example_task_group_decorator.py
[2024-01-13T12:12:55.390+0000] {processor.py:840} INFO - DAG(s) 'example_task_group_decorator' retrieved from /home/airflow/.local/lib/python3.8/site-packages/airflow/example_dags/example_task_group_decorator.py
[2024-01-13T12:12:55.422+0000] {logging_mixin.py:188} INFO - [2024-01-13T12:12:55.422+0000] {dag.py:3033} INFO - Sync 1 DAGs
[2024-01-13T12:12:55.452+0000] {logging_mixin.py:188} INFO - [2024-01-13T12:12:55.452+0000] {dag.py:3820} INFO - Setting next_dagrun for example_task_group_decorator to 2024-01-12T00:00:00+00:00, run_after=2024-01-13T00:00:00+00:00
[2024-01-13T12:12:55.475+0000] {processor.py:183} INFO - Processing /home/airflow/.local/lib/python3.8/site-packages/airflow/example_dags/example_task_group_decorator.py took 0.120 seconds
[2024-01-13T12:13:30.349+0000] {processor.py:161} INFO - Started process (PID=771) to work on /home/airflow/.local/lib/python3.8/site-packages/airflow/example_dags/example_task_group_decorator.py
[2024-01-13T12:13:30.356+0000] {processor.py:830} INFO - Processing file /home/airflow/.local/lib/python3.8/site-packages/airflow/example_dags/example_task_group_decorator.py for tasks to queue
[2024-01-13T12:13:30.360+0000] {logging_mixin.py:188} INFO - [2024-01-13T12:13:30.360+0000] {dagbag.py:538} INFO - Filling up the DagBag from /home/airflow/.local/lib/python3.8/site-packages/airflow/example_dags/example_task_group_decorator.py
[2024-01-13T12:13:30.410+0000] {processor.py:840} INFO - DAG(s) 'example_task_group_decorator' retrieved from /home/airflow/.local/lib/python3.8/site-packages/airflow/example_dags/example_task_group_decorator.py
[2024-01-13T12:13:30.490+0000] {logging_mixin.py:188} INFO - [2024-01-13T12:13:30.490+0000] {dag.py:3033} INFO - Sync 1 DAGs
[2024-01-13T12:13:30.538+0000] {logging_mixin.py:188} INFO - [2024-01-13T12:13:30.538+0000] {dag.py:3820} INFO - Setting next_dagrun for example_task_group_decorator to 2024-01-12T00:00:00+00:00, run_after=2024-01-13T00:00:00+00:00
[2024-01-13T12:13:30.579+0000] {processor.py:183} INFO - Processing /home/airflow/.local/lib/python3.8/site-packages/airflow/example_dags/example_task_group_decorator.py took 0.236 seconds
[2024-01-13T12:14:00.808+0000] {processor.py:161} INFO - Started process (PID=831) to work on /home/airflow/.local/lib/python3.8/site-packages/airflow/example_dags/example_task_group_decorator.py
[2024-01-13T12:14:00.810+0000] {processor.py:830} INFO - Processing file /home/airflow/.local/lib/python3.8/site-packages/airflow/example_dags/example_task_group_decorator.py for tasks to queue
[2024-01-13T12:14:00.814+0000] {logging_mixin.py:188} INFO - [2024-01-13T12:14:00.814+0000] {dagbag.py:538} INFO - Filling up the DagBag from /home/airflow/.local/lib/python3.8/site-packages/airflow/example_dags/example_task_group_decorator.py
[2024-01-13T12:14:00.846+0000] {processor.py:840} INFO - DAG(s) 'example_task_group_decorator' retrieved from /home/airflow/.local/lib/python3.8/site-packages/airflow/example_dags/example_task_group_decorator.py
[2024-01-13T12:14:00.895+0000] {logging_mixin.py:188} INFO - [2024-01-13T12:14:00.894+0000] {dag.py:3033} INFO - Sync 1 DAGs
[2024-01-13T12:14:00.939+0000] {logging_mixin.py:188} INFO - [2024-01-13T12:14:00.939+0000] {dag.py:3820} INFO - Setting next_dagrun for example_task_group_decorator to 2024-01-12T00:00:00+00:00, run_after=2024-01-13T00:00:00+00:00
[2024-01-13T12:14:00.972+0000] {processor.py:183} INFO - Processing /home/airflow/.local/lib/python3.8/site-packages/airflow/example_dags/example_task_group_decorator.py took 0.171 seconds
[2024-01-13T12:14:31.084+0000] {processor.py:161} INFO - Started process (PID=890) to work on /home/airflow/.local/lib/python3.8/site-packages/airflow/example_dags/example_task_group_decorator.py
[2024-01-13T12:14:31.086+0000] {processor.py:830} INFO - Processing file /home/airflow/.local/lib/python3.8/site-packages/airflow/example_dags/example_task_group_decorator.py for tasks to queue
[2024-01-13T12:14:31.089+0000] {logging_mixin.py:188} INFO - [2024-01-13T12:14:31.089+0000] {dagbag.py:538} INFO - Filling up the DagBag from /home/airflow/.local/lib/python3.8/site-packages/airflow/example_dags/example_task_group_decorator.py
[2024-01-13T12:14:31.110+0000] {processor.py:840} INFO - DAG(s) 'example_task_group_decorator' retrieved from /home/airflow/.local/lib/python3.8/site-packages/airflow/example_dags/example_task_group_decorator.py
[2024-01-13T12:14:31.144+0000] {logging_mixin.py:188} INFO - [2024-01-13T12:14:31.143+0000] {dag.py:3033} INFO - Sync 1 DAGs
[2024-01-13T12:14:31.178+0000] {logging_mixin.py:188} INFO - [2024-01-13T12:14:31.177+0000] {dag.py:3820} INFO - Setting next_dagrun for example_task_group_decorator to 2024-01-12T00:00:00+00:00, run_after=2024-01-13T00:00:00+00:00
[2024-01-13T12:14:31.201+0000] {processor.py:183} INFO - Processing /home/airflow/.local/lib/python3.8/site-packages/airflow/example_dags/example_task_group_decorator.py took 0.124 seconds
[2024-01-13T12:15:01.934+0000] {processor.py:161} INFO - Started process (PID=949) to work on /home/airflow/.local/lib/python3.8/site-packages/airflow/example_dags/example_task_group_decorator.py
[2024-01-13T12:15:01.935+0000] {processor.py:830} INFO - Processing file /home/airflow/.local/lib/python3.8/site-packages/airflow/example_dags/example_task_group_decorator.py for tasks to queue
[2024-01-13T12:15:01.938+0000] {logging_mixin.py:188} INFO - [2024-01-13T12:15:01.938+0000] {dagbag.py:538} INFO - Filling up the DagBag from /home/airflow/.local/lib/python3.8/site-packages/airflow/example_dags/example_task_group_decorator.py
[2024-01-13T12:15:01.958+0000] {processor.py:840} INFO - DAG(s) 'example_task_group_decorator' retrieved from /home/airflow/.local/lib/python3.8/site-packages/airflow/example_dags/example_task_group_decorator.py
[2024-01-13T12:15:01.998+0000] {logging_mixin.py:188} INFO - [2024-01-13T12:15:01.997+0000] {dag.py:3033} INFO - Sync 1 DAGs
[2024-01-13T12:15:02.039+0000] {logging_mixin.py:188} INFO - [2024-01-13T12:15:02.039+0000] {dag.py:3820} INFO - Setting next_dagrun for example_task_group_decorator to 2024-01-12T00:00:00+00:00, run_after=2024-01-13T00:00:00+00:00
[2024-01-13T12:15:02.065+0000] {processor.py:183} INFO - Processing /home/airflow/.local/lib/python3.8/site-packages/airflow/example_dags/example_task_group_decorator.py took 0.135 seconds
[2024-01-13T12:15:32.716+0000] {processor.py:161} INFO - Started process (PID=1008) to work on /home/airflow/.local/lib/python3.8/site-packages/airflow/example_dags/example_task_group_decorator.py
[2024-01-13T12:15:32.719+0000] {processor.py:830} INFO - Processing file /home/airflow/.local/lib/python3.8/site-packages/airflow/example_dags/example_task_group_decorator.py for tasks to queue
[2024-01-13T12:15:32.722+0000] {logging_mixin.py:188} INFO - [2024-01-13T12:15:32.722+0000] {dagbag.py:538} INFO - Filling up the DagBag from /home/airflow/.local/lib/python3.8/site-packages/airflow/example_dags/example_task_group_decorator.py
[2024-01-13T12:15:32.746+0000] {processor.py:840} INFO - DAG(s) 'example_task_group_decorator' retrieved from /home/airflow/.local/lib/python3.8/site-packages/airflow/example_dags/example_task_group_decorator.py
[2024-01-13T12:15:32.779+0000] {logging_mixin.py:188} INFO - [2024-01-13T12:15:32.779+0000] {dag.py:3033} INFO - Sync 1 DAGs
[2024-01-13T12:15:32.807+0000] {logging_mixin.py:188} INFO - [2024-01-13T12:15:32.807+0000] {dag.py:3820} INFO - Setting next_dagrun for example_task_group_decorator to 2024-01-12T00:00:00+00:00, run_after=2024-01-13T00:00:00+00:00
[2024-01-13T12:15:32.831+0000] {processor.py:183} INFO - Processing /home/airflow/.local/lib/python3.8/site-packages/airflow/example_dags/example_task_group_decorator.py took 0.120 seconds
[2024-01-13T12:16:03.618+0000] {processor.py:161} INFO - Started process (PID=1067) to work on /home/airflow/.local/lib/python3.8/site-packages/airflow/example_dags/example_task_group_decorator.py
[2024-01-13T12:16:03.620+0000] {processor.py:830} INFO - Processing file /home/airflow/.local/lib/python3.8/site-packages/airflow/example_dags/example_task_group_decorator.py for tasks to queue
[2024-01-13T12:16:03.623+0000] {logging_mixin.py:188} INFO - [2024-01-13T12:16:03.622+0000] {dagbag.py:538} INFO - Filling up the DagBag from /home/airflow/.local/lib/python3.8/site-packages/airflow/example_dags/example_task_group_decorator.py
[2024-01-13T12:16:03.642+0000] {processor.py:840} INFO - DAG(s) 'example_task_group_decorator' retrieved from /home/airflow/.local/lib/python3.8/site-packages/airflow/example_dags/example_task_group_decorator.py
[2024-01-13T12:16:03.680+0000] {logging_mixin.py:188} INFO - [2024-01-13T12:16:03.680+0000] {dag.py:3033} INFO - Sync 1 DAGs
[2024-01-13T12:16:03.712+0000] {logging_mixin.py:188} INFO - [2024-01-13T12:16:03.712+0000] {dag.py:3820} INFO - Setting next_dagrun for example_task_group_decorator to 2024-01-12T00:00:00+00:00, run_after=2024-01-13T00:00:00+00:00
[2024-01-13T12:16:03.735+0000] {processor.py:183} INFO - Processing /home/airflow/.local/lib/python3.8/site-packages/airflow/example_dags/example_task_group_decorator.py took 0.122 seconds
[2024-01-13T12:16:34.728+0000] {processor.py:161} INFO - Started process (PID=1126) to work on /home/airflow/.local/lib/python3.8/site-packages/airflow/example_dags/example_task_group_decorator.py
[2024-01-13T12:16:34.731+0000] {processor.py:830} INFO - Processing file /home/airflow/.local/lib/python3.8/site-packages/airflow/example_dags/example_task_group_decorator.py for tasks to queue
[2024-01-13T12:16:34.734+0000] {logging_mixin.py:188} INFO - [2024-01-13T12:16:34.734+0000] {dagbag.py:538} INFO - Filling up the DagBag from /home/airflow/.local/lib/python3.8/site-packages/airflow/example_dags/example_task_group_decorator.py
[2024-01-13T12:16:34.755+0000] {processor.py:840} INFO - DAG(s) 'example_task_group_decorator' retrieved from /home/airflow/.local/lib/python3.8/site-packages/airflow/example_dags/example_task_group_decorator.py
[2024-01-13T12:16:34.788+0000] {logging_mixin.py:188} INFO - [2024-01-13T12:16:34.787+0000] {dag.py:3033} INFO - Sync 1 DAGs
[2024-01-13T12:16:34.819+0000] {logging_mixin.py:188} INFO - [2024-01-13T12:16:34.819+0000] {dag.py:3820} INFO - Setting next_dagrun for example_task_group_decorator to 2024-01-12T00:00:00+00:00, run_after=2024-01-13T00:00:00+00:00
[2024-01-13T12:16:34.843+0000] {processor.py:183} INFO - Processing /home/airflow/.local/lib/python3.8/site-packages/airflow/example_dags/example_task_group_decorator.py took 0.119 seconds
[2024-01-13T12:17:05.167+0000] {processor.py:161} INFO - Started process (PID=1185) to work on /home/airflow/.local/lib/python3.8/site-packages/airflow/example_dags/example_task_group_decorator.py
[2024-01-13T12:17:05.168+0000] {processor.py:830} INFO - Processing file /home/airflow/.local/lib/python3.8/site-packages/airflow/example_dags/example_task_group_decorator.py for tasks to queue
[2024-01-13T12:17:05.171+0000] {logging_mixin.py:188} INFO - [2024-01-13T12:17:05.171+0000] {dagbag.py:538} INFO - Filling up the DagBag from /home/airflow/.local/lib/python3.8/site-packages/airflow/example_dags/example_task_group_decorator.py
[2024-01-13T12:17:05.193+0000] {processor.py:840} INFO - DAG(s) 'example_task_group_decorator' retrieved from /home/airflow/.local/lib/python3.8/site-packages/airflow/example_dags/example_task_group_decorator.py
[2024-01-13T12:17:05.229+0000] {logging_mixin.py:188} INFO - [2024-01-13T12:17:05.228+0000] {dag.py:3033} INFO - Sync 1 DAGs
[2024-01-13T12:17:05.257+0000] {logging_mixin.py:188} INFO - [2024-01-13T12:17:05.257+0000] {dag.py:3820} INFO - Setting next_dagrun for example_task_group_decorator to 2024-01-12T00:00:00+00:00, run_after=2024-01-13T00:00:00+00:00
[2024-01-13T12:17:05.280+0000] {processor.py:183} INFO - Processing /home/airflow/.local/lib/python3.8/site-packages/airflow/example_dags/example_task_group_decorator.py took 0.119 seconds
[2024-01-13T12:17:36.318+0000] {processor.py:161} INFO - Started process (PID=1244) to work on /home/airflow/.local/lib/python3.8/site-packages/airflow/example_dags/example_task_group_decorator.py
[2024-01-13T12:17:36.320+0000] {processor.py:830} INFO - Processing file /home/airflow/.local/lib/python3.8/site-packages/airflow/example_dags/example_task_group_decorator.py for tasks to queue
[2024-01-13T12:17:36.324+0000] {logging_mixin.py:188} INFO - [2024-01-13T12:17:36.323+0000] {dagbag.py:538} INFO - Filling up the DagBag from /home/airflow/.local/lib/python3.8/site-packages/airflow/example_dags/example_task_group_decorator.py
[2024-01-13T12:17:36.348+0000] {processor.py:840} INFO - DAG(s) 'example_task_group_decorator' retrieved from /home/airflow/.local/lib/python3.8/site-packages/airflow/example_dags/example_task_group_decorator.py
[2024-01-13T12:17:36.392+0000] {logging_mixin.py:188} INFO - [2024-01-13T12:17:36.392+0000] {dag.py:3033} INFO - Sync 1 DAGs
[2024-01-13T12:17:36.430+0000] {logging_mixin.py:188} INFO - [2024-01-13T12:17:36.429+0000] {dag.py:3820} INFO - Setting next_dagrun for example_task_group_decorator to 2024-01-12T00:00:00+00:00, run_after=2024-01-13T00:00:00+00:00
[2024-01-13T12:17:36.457+0000] {processor.py:183} INFO - Processing /home/airflow/.local/lib/python3.8/site-packages/airflow/example_dags/example_task_group_decorator.py took 0.144 seconds
[2024-01-13T12:18:07.495+0000] {processor.py:161} INFO - Started process (PID=1303) to work on /home/airflow/.local/lib/python3.8/site-packages/airflow/example_dags/example_task_group_decorator.py
[2024-01-13T12:18:07.496+0000] {processor.py:830} INFO - Processing file /home/airflow/.local/lib/python3.8/site-packages/airflow/example_dags/example_task_group_decorator.py for tasks to queue
[2024-01-13T12:18:07.499+0000] {logging_mixin.py:188} INFO - [2024-01-13T12:18:07.499+0000] {dagbag.py:538} INFO - Filling up the DagBag from /home/airflow/.local/lib/python3.8/site-packages/airflow/example_dags/example_task_group_decorator.py
[2024-01-13T12:18:07.519+0000] {processor.py:840} INFO - DAG(s) 'example_task_group_decorator' retrieved from /home/airflow/.local/lib/python3.8/site-packages/airflow/example_dags/example_task_group_decorator.py
[2024-01-13T12:18:07.566+0000] {logging_mixin.py:188} INFO - [2024-01-13T12:18:07.565+0000] {dag.py:3033} INFO - Sync 1 DAGs
[2024-01-13T12:18:07.598+0000] {logging_mixin.py:188} INFO - [2024-01-13T12:18:07.597+0000] {dag.py:3820} INFO - Setting next_dagrun for example_task_group_decorator to 2024-01-12T00:00:00+00:00, run_after=2024-01-13T00:00:00+00:00
[2024-01-13T12:18:07.625+0000] {processor.py:183} INFO - Processing /home/airflow/.local/lib/python3.8/site-packages/airflow/example_dags/example_task_group_decorator.py took 0.135 seconds
[2024-01-13T12:18:40.699+0000] {processor.py:161} INFO - Started process (PID=1374) to work on /home/airflow/.local/lib/python3.8/site-packages/airflow/example_dags/example_task_group_decorator.py
[2024-01-13T12:18:40.703+0000] {processor.py:830} INFO - Processing file /home/airflow/.local/lib/python3.8/site-packages/airflow/example_dags/example_task_group_decorator.py for tasks to queue
[2024-01-13T12:18:40.710+0000] {logging_mixin.py:188} INFO - [2024-01-13T12:18:40.706+0000] {dagbag.py:538} INFO - Filling up the DagBag from /home/airflow/.local/lib/python3.8/site-packages/airflow/example_dags/example_task_group_decorator.py
[2024-01-13T12:18:40.758+0000] {processor.py:840} INFO - DAG(s) 'example_task_group_decorator' retrieved from /home/airflow/.local/lib/python3.8/site-packages/airflow/example_dags/example_task_group_decorator.py
[2024-01-13T12:18:40.837+0000] {logging_mixin.py:188} INFO - [2024-01-13T12:18:40.836+0000] {dag.py:3033} INFO - Sync 1 DAGs
[2024-01-13T12:18:40.921+0000] {logging_mixin.py:188} INFO - [2024-01-13T12:18:40.921+0000] {dag.py:3820} INFO - Setting next_dagrun for example_task_group_decorator to 2024-01-12T00:00:00+00:00, run_after=2024-01-13T00:00:00+00:00
[2024-01-13T12:18:40.995+0000] {processor.py:183} INFO - Processing /home/airflow/.local/lib/python3.8/site-packages/airflow/example_dags/example_task_group_decorator.py took 0.310 seconds
[2024-01-13T12:19:11.120+0000] {processor.py:161} INFO - Started process (PID=1433) to work on /home/airflow/.local/lib/python3.8/site-packages/airflow/example_dags/example_task_group_decorator.py
[2024-01-13T12:19:11.122+0000] {processor.py:830} INFO - Processing file /home/airflow/.local/lib/python3.8/site-packages/airflow/example_dags/example_task_group_decorator.py for tasks to queue
[2024-01-13T12:19:11.126+0000] {logging_mixin.py:188} INFO - [2024-01-13T12:19:11.126+0000] {dagbag.py:538} INFO - Filling up the DagBag from /home/airflow/.local/lib/python3.8/site-packages/airflow/example_dags/example_task_group_decorator.py
[2024-01-13T12:19:11.148+0000] {processor.py:840} INFO - DAG(s) 'example_task_group_decorator' retrieved from /home/airflow/.local/lib/python3.8/site-packages/airflow/example_dags/example_task_group_decorator.py
[2024-01-13T12:19:11.182+0000] {logging_mixin.py:188} INFO - [2024-01-13T12:19:11.182+0000] {dag.py:3033} INFO - Sync 1 DAGs
[2024-01-13T12:19:11.212+0000] {logging_mixin.py:188} INFO - [2024-01-13T12:19:11.212+0000] {dag.py:3820} INFO - Setting next_dagrun for example_task_group_decorator to 2024-01-12T00:00:00+00:00, run_after=2024-01-13T00:00:00+00:00
[2024-01-13T12:19:11.237+0000] {processor.py:183} INFO - Processing /home/airflow/.local/lib/python3.8/site-packages/airflow/example_dags/example_task_group_decorator.py took 0.123 seconds
[2024-01-13T12:19:41.609+0000] {processor.py:161} INFO - Started process (PID=1492) to work on /home/airflow/.local/lib/python3.8/site-packages/airflow/example_dags/example_task_group_decorator.py
[2024-01-13T12:19:41.610+0000] {processor.py:830} INFO - Processing file /home/airflow/.local/lib/python3.8/site-packages/airflow/example_dags/example_task_group_decorator.py for tasks to queue
[2024-01-13T12:19:41.613+0000] {logging_mixin.py:188} INFO - [2024-01-13T12:19:41.613+0000] {dagbag.py:538} INFO - Filling up the DagBag from /home/airflow/.local/lib/python3.8/site-packages/airflow/example_dags/example_task_group_decorator.py
[2024-01-13T12:19:41.633+0000] {processor.py:840} INFO - DAG(s) 'example_task_group_decorator' retrieved from /home/airflow/.local/lib/python3.8/site-packages/airflow/example_dags/example_task_group_decorator.py
[2024-01-13T12:19:41.666+0000] {logging_mixin.py:188} INFO - [2024-01-13T12:19:41.666+0000] {dag.py:3033} INFO - Sync 1 DAGs
[2024-01-13T12:19:41.696+0000] {logging_mixin.py:188} INFO - [2024-01-13T12:19:41.696+0000] {dag.py:3820} INFO - Setting next_dagrun for example_task_group_decorator to 2024-01-12T00:00:00+00:00, run_after=2024-01-13T00:00:00+00:00
[2024-01-13T12:19:41.722+0000] {processor.py:183} INFO - Processing /home/airflow/.local/lib/python3.8/site-packages/airflow/example_dags/example_task_group_decorator.py took 0.118 seconds
[2024-01-13T12:20:13.086+0000] {processor.py:161} INFO - Started process (PID=1551) to work on /home/airflow/.local/lib/python3.8/site-packages/airflow/example_dags/example_task_group_decorator.py
[2024-01-13T12:20:13.088+0000] {processor.py:830} INFO - Processing file /home/airflow/.local/lib/python3.8/site-packages/airflow/example_dags/example_task_group_decorator.py for tasks to queue
[2024-01-13T12:20:13.092+0000] {logging_mixin.py:188} INFO - [2024-01-13T12:20:13.091+0000] {dagbag.py:538} INFO - Filling up the DagBag from /home/airflow/.local/lib/python3.8/site-packages/airflow/example_dags/example_task_group_decorator.py
[2024-01-13T12:20:13.115+0000] {processor.py:840} INFO - DAG(s) 'example_task_group_decorator' retrieved from /home/airflow/.local/lib/python3.8/site-packages/airflow/example_dags/example_task_group_decorator.py
[2024-01-13T12:20:13.155+0000] {logging_mixin.py:188} INFO - [2024-01-13T12:20:13.154+0000] {dag.py:3033} INFO - Sync 1 DAGs
[2024-01-13T12:20:13.185+0000] {logging_mixin.py:188} INFO - [2024-01-13T12:20:13.185+0000] {dag.py:3820} INFO - Setting next_dagrun for example_task_group_decorator to 2024-01-12T00:00:00+00:00, run_after=2024-01-13T00:00:00+00:00
[2024-01-13T12:20:13.209+0000] {processor.py:183} INFO - Processing /home/airflow/.local/lib/python3.8/site-packages/airflow/example_dags/example_task_group_decorator.py took 0.129 seconds
[2024-01-13T12:20:45.171+0000] {processor.py:161} INFO - Started process (PID=1611) to work on /home/airflow/.local/lib/python3.8/site-packages/airflow/example_dags/example_task_group_decorator.py
[2024-01-13T12:20:45.174+0000] {processor.py:830} INFO - Processing file /home/airflow/.local/lib/python3.8/site-packages/airflow/example_dags/example_task_group_decorator.py for tasks to queue
[2024-01-13T12:20:45.179+0000] {logging_mixin.py:188} INFO - [2024-01-13T12:20:45.179+0000] {dagbag.py:538} INFO - Filling up the DagBag from /home/airflow/.local/lib/python3.8/site-packages/airflow/example_dags/example_task_group_decorator.py
[2024-01-13T12:20:45.210+0000] {processor.py:840} INFO - DAG(s) 'example_task_group_decorator' retrieved from /home/airflow/.local/lib/python3.8/site-packages/airflow/example_dags/example_task_group_decorator.py
[2024-01-13T12:20:45.260+0000] {logging_mixin.py:188} INFO - [2024-01-13T12:20:45.259+0000] {dag.py:3033} INFO - Sync 1 DAGs
[2024-01-13T12:20:45.302+0000] {logging_mixin.py:188} INFO - [2024-01-13T12:20:45.302+0000] {dag.py:3820} INFO - Setting next_dagrun for example_task_group_decorator to 2024-01-12T00:00:00+00:00, run_after=2024-01-13T00:00:00+00:00
[2024-01-13T12:20:45.335+0000] {processor.py:183} INFO - Processing /home/airflow/.local/lib/python3.8/site-packages/airflow/example_dags/example_task_group_decorator.py took 0.173 seconds
[2024-01-13T12:21:16.499+0000] {processor.py:161} INFO - Started process (PID=1684) to work on /home/airflow/.local/lib/python3.8/site-packages/airflow/example_dags/example_task_group_decorator.py
[2024-01-13T12:21:16.502+0000] {processor.py:830} INFO - Processing file /home/airflow/.local/lib/python3.8/site-packages/airflow/example_dags/example_task_group_decorator.py for tasks to queue
[2024-01-13T12:21:16.506+0000] {logging_mixin.py:188} INFO - [2024-01-13T12:21:16.505+0000] {dagbag.py:538} INFO - Filling up the DagBag from /home/airflow/.local/lib/python3.8/site-packages/airflow/example_dags/example_task_group_decorator.py
[2024-01-13T12:21:16.538+0000] {processor.py:840} INFO - DAG(s) 'example_task_group_decorator' retrieved from /home/airflow/.local/lib/python3.8/site-packages/airflow/example_dags/example_task_group_decorator.py
[2024-01-13T12:21:16.588+0000] {logging_mixin.py:188} INFO - [2024-01-13T12:21:16.588+0000] {dag.py:3033} INFO - Sync 1 DAGs
[2024-01-13T12:21:16.646+0000] {logging_mixin.py:188} INFO - [2024-01-13T12:21:16.646+0000] {dag.py:3820} INFO - Setting next_dagrun for example_task_group_decorator to 2024-01-12T00:00:00+00:00, run_after=2024-01-13T00:00:00+00:00
[2024-01-13T12:21:16.680+0000] {processor.py:183} INFO - Processing /home/airflow/.local/lib/python3.8/site-packages/airflow/example_dags/example_task_group_decorator.py took 0.188 seconds
[2024-01-13T12:21:47.319+0000] {processor.py:161} INFO - Started process (PID=1751) to work on /home/airflow/.local/lib/python3.8/site-packages/airflow/example_dags/example_task_group_decorator.py
[2024-01-13T12:21:47.322+0000] {processor.py:830} INFO - Processing file /home/airflow/.local/lib/python3.8/site-packages/airflow/example_dags/example_task_group_decorator.py for tasks to queue
[2024-01-13T12:21:47.326+0000] {logging_mixin.py:188} INFO - [2024-01-13T12:21:47.326+0000] {dagbag.py:538} INFO - Filling up the DagBag from /home/airflow/.local/lib/python3.8/site-packages/airflow/example_dags/example_task_group_decorator.py
[2024-01-13T12:21:47.347+0000] {processor.py:840} INFO - DAG(s) 'example_task_group_decorator' retrieved from /home/airflow/.local/lib/python3.8/site-packages/airflow/example_dags/example_task_group_decorator.py
[2024-01-13T12:21:47.387+0000] {logging_mixin.py:188} INFO - [2024-01-13T12:21:47.386+0000] {dag.py:3033} INFO - Sync 1 DAGs
[2024-01-13T12:21:47.420+0000] {logging_mixin.py:188} INFO - [2024-01-13T12:21:47.419+0000] {dag.py:3820} INFO - Setting next_dagrun for example_task_group_decorator to 2024-01-12T00:00:00+00:00, run_after=2024-01-13T00:00:00+00:00
[2024-01-13T12:21:47.447+0000] {processor.py:183} INFO - Processing /home/airflow/.local/lib/python3.8/site-packages/airflow/example_dags/example_task_group_decorator.py took 0.134 seconds
[2024-01-13T12:22:18.808+0000] {processor.py:161} INFO - Started process (PID=1822) to work on /home/airflow/.local/lib/python3.8/site-packages/airflow/example_dags/example_task_group_decorator.py
[2024-01-13T12:22:18.809+0000] {processor.py:830} INFO - Processing file /home/airflow/.local/lib/python3.8/site-packages/airflow/example_dags/example_task_group_decorator.py for tasks to queue
[2024-01-13T12:22:18.812+0000] {logging_mixin.py:188} INFO - [2024-01-13T12:22:18.812+0000] {dagbag.py:538} INFO - Filling up the DagBag from /home/airflow/.local/lib/python3.8/site-packages/airflow/example_dags/example_task_group_decorator.py
[2024-01-13T12:22:18.836+0000] {processor.py:840} INFO - DAG(s) 'example_task_group_decorator' retrieved from /home/airflow/.local/lib/python3.8/site-packages/airflow/example_dags/example_task_group_decorator.py
[2024-01-13T12:22:18.885+0000] {logging_mixin.py:188} INFO - [2024-01-13T12:22:18.885+0000] {dag.py:3033} INFO - Sync 1 DAGs
[2024-01-13T12:22:18.916+0000] {logging_mixin.py:188} INFO - [2024-01-13T12:22:18.916+0000] {dag.py:3820} INFO - Setting next_dagrun for example_task_group_decorator to 2024-01-12T00:00:00+00:00, run_after=2024-01-13T00:00:00+00:00
[2024-01-13T12:22:18.942+0000] {processor.py:183} INFO - Processing /home/airflow/.local/lib/python3.8/site-packages/airflow/example_dags/example_task_group_decorator.py took 0.139 seconds
[2024-01-13T12:22:51.859+0000] {processor.py:161} INFO - Started process (PID=1918) to work on /home/airflow/.local/lib/python3.8/site-packages/airflow/example_dags/example_task_group_decorator.py
[2024-01-13T12:22:51.934+0000] {processor.py:830} INFO - Processing file /home/airflow/.local/lib/python3.8/site-packages/airflow/example_dags/example_task_group_decorator.py for tasks to queue
[2024-01-13T12:22:51.940+0000] {logging_mixin.py:188} INFO - [2024-01-13T12:22:51.938+0000] {dagbag.py:538} INFO - Filling up the DagBag from /home/airflow/.local/lib/python3.8/site-packages/airflow/example_dags/example_task_group_decorator.py
[2024-01-13T12:22:51.989+0000] {processor.py:840} INFO - DAG(s) 'example_task_group_decorator' retrieved from /home/airflow/.local/lib/python3.8/site-packages/airflow/example_dags/example_task_group_decorator.py
[2024-01-13T12:22:52.061+0000] {logging_mixin.py:188} INFO - [2024-01-13T12:22:52.061+0000] {dag.py:3033} INFO - Sync 1 DAGs
[2024-01-13T12:22:52.123+0000] {logging_mixin.py:188} INFO - [2024-01-13T12:22:52.123+0000] {dag.py:3820} INFO - Setting next_dagrun for example_task_group_decorator to 2024-01-12T00:00:00+00:00, run_after=2024-01-13T00:00:00+00:00
[2024-01-13T12:22:52.174+0000] {processor.py:183} INFO - Processing /home/airflow/.local/lib/python3.8/site-packages/airflow/example_dags/example_task_group_decorator.py took 0.332 seconds
[2024-01-13T12:23:23.934+0000] {processor.py:161} INFO - Started process (PID=1980) to work on /home/airflow/.local/lib/python3.8/site-packages/airflow/example_dags/example_task_group_decorator.py
[2024-01-13T12:23:23.936+0000] {processor.py:830} INFO - Processing file /home/airflow/.local/lib/python3.8/site-packages/airflow/example_dags/example_task_group_decorator.py for tasks to queue
[2024-01-13T12:23:23.941+0000] {logging_mixin.py:188} INFO - [2024-01-13T12:23:23.940+0000] {dagbag.py:538} INFO - Filling up the DagBag from /home/airflow/.local/lib/python3.8/site-packages/airflow/example_dags/example_task_group_decorator.py
[2024-01-13T12:23:23.970+0000] {processor.py:840} INFO - DAG(s) 'example_task_group_decorator' retrieved from /home/airflow/.local/lib/python3.8/site-packages/airflow/example_dags/example_task_group_decorator.py
[2024-01-13T12:23:24.008+0000] {logging_mixin.py:188} INFO - [2024-01-13T12:23:24.007+0000] {dag.py:3033} INFO - Sync 1 DAGs
[2024-01-13T12:23:24.037+0000] {logging_mixin.py:188} INFO - [2024-01-13T12:23:24.037+0000] {dag.py:3820} INFO - Setting next_dagrun for example_task_group_decorator to 2024-01-12T00:00:00+00:00, run_after=2024-01-13T00:00:00+00:00
[2024-01-13T12:23:24.060+0000] {processor.py:183} INFO - Processing /home/airflow/.local/lib/python3.8/site-packages/airflow/example_dags/example_task_group_decorator.py took 0.131 seconds
[2024-01-13T12:23:54.748+0000] {processor.py:161} INFO - Started process (PID=2039) to work on /home/airflow/.local/lib/python3.8/site-packages/airflow/example_dags/example_task_group_decorator.py
[2024-01-13T12:23:54.779+0000] {processor.py:830} INFO - Processing file /home/airflow/.local/lib/python3.8/site-packages/airflow/example_dags/example_task_group_decorator.py for tasks to queue
[2024-01-13T12:23:54.783+0000] {logging_mixin.py:188} INFO - [2024-01-13T12:23:54.782+0000] {dagbag.py:538} INFO - Filling up the DagBag from /home/airflow/.local/lib/python3.8/site-packages/airflow/example_dags/example_task_group_decorator.py
[2024-01-13T12:23:54.808+0000] {processor.py:840} INFO - DAG(s) 'example_task_group_decorator' retrieved from /home/airflow/.local/lib/python3.8/site-packages/airflow/example_dags/example_task_group_decorator.py
[2024-01-13T12:23:54.853+0000] {logging_mixin.py:188} INFO - [2024-01-13T12:23:54.853+0000] {dag.py:3033} INFO - Sync 1 DAGs
[2024-01-13T12:23:54.890+0000] {logging_mixin.py:188} INFO - [2024-01-13T12:23:54.890+0000] {dag.py:3820} INFO - Setting next_dagrun for example_task_group_decorator to 2024-01-12T00:00:00+00:00, run_after=2024-01-13T00:00:00+00:00
[2024-01-13T12:23:54.912+0000] {processor.py:183} INFO - Processing /home/airflow/.local/lib/python3.8/site-packages/airflow/example_dags/example_task_group_decorator.py took 0.169 seconds
[2024-01-13T12:24:25.210+0000] {processor.py:161} INFO - Started process (PID=2098) to work on /home/airflow/.local/lib/python3.8/site-packages/airflow/example_dags/example_task_group_decorator.py
[2024-01-13T12:24:25.211+0000] {processor.py:830} INFO - Processing file /home/airflow/.local/lib/python3.8/site-packages/airflow/example_dags/example_task_group_decorator.py for tasks to queue
[2024-01-13T12:24:25.214+0000] {logging_mixin.py:188} INFO - [2024-01-13T12:24:25.214+0000] {dagbag.py:538} INFO - Filling up the DagBag from /home/airflow/.local/lib/python3.8/site-packages/airflow/example_dags/example_task_group_decorator.py
[2024-01-13T12:24:25.234+0000] {processor.py:840} INFO - DAG(s) 'example_task_group_decorator' retrieved from /home/airflow/.local/lib/python3.8/site-packages/airflow/example_dags/example_task_group_decorator.py
[2024-01-13T12:24:25.271+0000] {logging_mixin.py:188} INFO - [2024-01-13T12:24:25.271+0000] {dag.py:3033} INFO - Sync 1 DAGs
[2024-01-13T12:24:25.304+0000] {logging_mixin.py:188} INFO - [2024-01-13T12:24:25.304+0000] {dag.py:3820} INFO - Setting next_dagrun for example_task_group_decorator to 2024-01-12T00:00:00+00:00, run_after=2024-01-13T00:00:00+00:00
[2024-01-13T12:24:25.332+0000] {processor.py:183} INFO - Processing /home/airflow/.local/lib/python3.8/site-packages/airflow/example_dags/example_task_group_decorator.py took 0.127 seconds
[2024-01-13T12:24:55.802+0000] {processor.py:161} INFO - Started process (PID=2158) to work on /home/airflow/.local/lib/python3.8/site-packages/airflow/example_dags/example_task_group_decorator.py
[2024-01-13T12:24:55.804+0000] {processor.py:830} INFO - Processing file /home/airflow/.local/lib/python3.8/site-packages/airflow/example_dags/example_task_group_decorator.py for tasks to queue
[2024-01-13T12:24:55.808+0000] {logging_mixin.py:188} INFO - [2024-01-13T12:24:55.807+0000] {dagbag.py:538} INFO - Filling up the DagBag from /home/airflow/.local/lib/python3.8/site-packages/airflow/example_dags/example_task_group_decorator.py
[2024-01-13T12:24:55.827+0000] {processor.py:840} INFO - DAG(s) 'example_task_group_decorator' retrieved from /home/airflow/.local/lib/python3.8/site-packages/airflow/example_dags/example_task_group_decorator.py
[2024-01-13T12:24:55.860+0000] {logging_mixin.py:188} INFO - [2024-01-13T12:24:55.860+0000] {dag.py:3033} INFO - Sync 1 DAGs
[2024-01-13T12:24:55.897+0000] {logging_mixin.py:188} INFO - [2024-01-13T12:24:55.897+0000] {dag.py:3820} INFO - Setting next_dagrun for example_task_group_decorator to 2024-01-12T00:00:00+00:00, run_after=2024-01-13T00:00:00+00:00
[2024-01-13T12:24:55.920+0000] {processor.py:183} INFO - Processing /home/airflow/.local/lib/python3.8/site-packages/airflow/example_dags/example_task_group_decorator.py took 0.125 seconds
