[2024-01-13T11:57:46.746+0000] {processor.py:161} INFO - Started process (PID=66) to work on /home/airflow/.local/lib/python3.8/site-packages/airflow/example_dags/example_dag_decorator.py
[2024-01-13T11:57:46.747+0000] {processor.py:830} INFO - Processing file /home/airflow/.local/lib/python3.8/site-packages/airflow/example_dags/example_dag_decorator.py for tasks to queue
[2024-01-13T11:57:46.751+0000] {logging_mixin.py:188} INFO - [2024-01-13T11:57:46.751+0000] {dagbag.py:538} INFO - Filling up the DagBag from /home/airflow/.local/lib/python3.8/site-packages/airflow/example_dags/example_dag_decorator.py
[2024-01-13T11:57:47.302+0000] {processor.py:840} INFO - DAG(s) 'example_dag_decorator' retrieved from /home/airflow/.local/lib/python3.8/site-packages/airflow/example_dags/example_dag_decorator.py
[2024-01-13T11:57:47.518+0000] {logging_mixin.py:188} INFO - [2024-01-13T11:57:47.517+0000] {override.py:1769} INFO - Created Permission View: can edit on DAG:example_dag_decorator
[2024-01-13T11:57:47.534+0000] {logging_mixin.py:188} INFO - [2024-01-13T11:57:47.533+0000] {override.py:1769} INFO - Created Permission View: can read on DAG:example_dag_decorator
[2024-01-13T11:57:47.543+0000] {logging_mixin.py:188} INFO - [2024-01-13T11:57:47.543+0000] {override.py:1769} INFO - Created Permission View: can delete on DAG:example_dag_decorator
[2024-01-13T11:57:47.544+0000] {logging_mixin.py:188} INFO - [2024-01-13T11:57:47.544+0000] {dag.py:3033} INFO - Sync 1 DAGs
[2024-01-13T11:57:47.565+0000] {logging_mixin.py:188} INFO - [2024-01-13T11:57:47.564+0000] {dag.py:3055} INFO - Creating ORM DAG for example_dag_decorator
[2024-01-13T11:57:47.566+0000] {logging_mixin.py:188} INFO - [2024-01-13T11:57:47.565+0000] {dag.py:3820} INFO - Setting next_dagrun for example_dag_decorator to None, run_after=None
[2024-01-13T11:57:47.591+0000] {processor.py:183} INFO - Processing /home/airflow/.local/lib/python3.8/site-packages/airflow/example_dags/example_dag_decorator.py took 0.851 seconds
[2024-01-13T11:58:17.676+0000] {processor.py:161} INFO - Started process (PID=126) to work on /home/airflow/.local/lib/python3.8/site-packages/airflow/example_dags/example_dag_decorator.py
[2024-01-13T11:58:17.677+0000] {processor.py:830} INFO - Processing file /home/airflow/.local/lib/python3.8/site-packages/airflow/example_dags/example_dag_decorator.py for tasks to queue
[2024-01-13T11:58:17.681+0000] {logging_mixin.py:188} INFO - [2024-01-13T11:58:17.681+0000] {dagbag.py:538} INFO - Filling up the DagBag from /home/airflow/.local/lib/python3.8/site-packages/airflow/example_dags/example_dag_decorator.py
[2024-01-13T11:58:17.797+0000] {processor.py:840} INFO - DAG(s) 'example_dag_decorator' retrieved from /home/airflow/.local/lib/python3.8/site-packages/airflow/example_dags/example_dag_decorator.py
[2024-01-13T11:58:17.937+0000] {logging_mixin.py:188} INFO - [2024-01-13T11:58:17.937+0000] {dag.py:3033} INFO - Sync 1 DAGs
[2024-01-13T11:58:17.950+0000] {logging_mixin.py:188} INFO - [2024-01-13T11:58:17.950+0000] {dag.py:3820} INFO - Setting next_dagrun for example_dag_decorator to None, run_after=None
[2024-01-13T11:58:17.972+0000] {processor.py:183} INFO - Processing /home/airflow/.local/lib/python3.8/site-packages/airflow/example_dags/example_dag_decorator.py took 0.302 seconds
[2024-01-13T11:58:48.834+0000] {processor.py:161} INFO - Started process (PID=185) to work on /home/airflow/.local/lib/python3.8/site-packages/airflow/example_dags/example_dag_decorator.py
[2024-01-13T11:58:48.836+0000] {processor.py:830} INFO - Processing file /home/airflow/.local/lib/python3.8/site-packages/airflow/example_dags/example_dag_decorator.py for tasks to queue
[2024-01-13T11:58:48.840+0000] {logging_mixin.py:188} INFO - [2024-01-13T11:58:48.839+0000] {dagbag.py:538} INFO - Filling up the DagBag from /home/airflow/.local/lib/python3.8/site-packages/airflow/example_dags/example_dag_decorator.py
[2024-01-13T11:58:49.106+0000] {processor.py:840} INFO - DAG(s) 'example_dag_decorator' retrieved from /home/airflow/.local/lib/python3.8/site-packages/airflow/example_dags/example_dag_decorator.py
[2024-01-13T11:58:49.362+0000] {logging_mixin.py:188} INFO - [2024-01-13T11:58:49.361+0000] {dag.py:3033} INFO - Sync 1 DAGs
[2024-01-13T11:58:49.381+0000] {logging_mixin.py:188} INFO - [2024-01-13T11:58:49.381+0000] {dag.py:3820} INFO - Setting next_dagrun for example_dag_decorator to None, run_after=None
[2024-01-13T11:58:49.413+0000] {processor.py:183} INFO - Processing /home/airflow/.local/lib/python3.8/site-packages/airflow/example_dags/example_dag_decorator.py took 0.593 seconds
[2024-01-13T11:59:19.460+0000] {processor.py:161} INFO - Started process (PID=252) to work on /home/airflow/.local/lib/python3.8/site-packages/airflow/example_dags/example_dag_decorator.py
[2024-01-13T11:59:19.461+0000] {processor.py:830} INFO - Processing file /home/airflow/.local/lib/python3.8/site-packages/airflow/example_dags/example_dag_decorator.py for tasks to queue
[2024-01-13T11:59:19.464+0000] {logging_mixin.py:188} INFO - [2024-01-13T11:59:19.464+0000] {dagbag.py:538} INFO - Filling up the DagBag from /home/airflow/.local/lib/python3.8/site-packages/airflow/example_dags/example_dag_decorator.py
[2024-01-13T11:59:19.590+0000] {processor.py:840} INFO - DAG(s) 'example_dag_decorator' retrieved from /home/airflow/.local/lib/python3.8/site-packages/airflow/example_dags/example_dag_decorator.py
[2024-01-13T11:59:19.721+0000] {logging_mixin.py:188} INFO - [2024-01-13T11:59:19.720+0000] {dag.py:3033} INFO - Sync 1 DAGs
[2024-01-13T11:59:19.737+0000] {logging_mixin.py:188} INFO - [2024-01-13T11:59:19.737+0000] {dag.py:3820} INFO - Setting next_dagrun for example_dag_decorator to None, run_after=None
[2024-01-13T11:59:19.762+0000] {processor.py:183} INFO - Processing /home/airflow/.local/lib/python3.8/site-packages/airflow/example_dags/example_dag_decorator.py took 0.308 seconds
[2024-01-13T11:59:50.045+0000] {processor.py:161} INFO - Started process (PID=309) to work on /home/airflow/.local/lib/python3.8/site-packages/airflow/example_dags/example_dag_decorator.py
[2024-01-13T11:59:50.047+0000] {processor.py:830} INFO - Processing file /home/airflow/.local/lib/python3.8/site-packages/airflow/example_dags/example_dag_decorator.py for tasks to queue
[2024-01-13T11:59:50.051+0000] {logging_mixin.py:188} INFO - [2024-01-13T11:59:50.050+0000] {dagbag.py:538} INFO - Filling up the DagBag from /home/airflow/.local/lib/python3.8/site-packages/airflow/example_dags/example_dag_decorator.py
[2024-01-13T11:59:50.170+0000] {processor.py:840} INFO - DAG(s) 'example_dag_decorator' retrieved from /home/airflow/.local/lib/python3.8/site-packages/airflow/example_dags/example_dag_decorator.py
[2024-01-13T11:59:50.327+0000] {logging_mixin.py:188} INFO - [2024-01-13T11:59:50.327+0000] {dag.py:3033} INFO - Sync 1 DAGs
[2024-01-13T11:59:50.349+0000] {logging_mixin.py:188} INFO - [2024-01-13T11:59:50.349+0000] {dag.py:3820} INFO - Setting next_dagrun for example_dag_decorator to None, run_after=None
[2024-01-13T11:59:50.380+0000] {processor.py:183} INFO - Processing /home/airflow/.local/lib/python3.8/site-packages/airflow/example_dags/example_dag_decorator.py took 0.340 seconds
[2024-01-13T12:00:20.732+0000] {processor.py:161} INFO - Started process (PID=368) to work on /home/airflow/.local/lib/python3.8/site-packages/airflow/example_dags/example_dag_decorator.py
[2024-01-13T12:00:20.733+0000] {processor.py:830} INFO - Processing file /home/airflow/.local/lib/python3.8/site-packages/airflow/example_dags/example_dag_decorator.py for tasks to queue
[2024-01-13T12:00:20.738+0000] {logging_mixin.py:188} INFO - [2024-01-13T12:00:20.737+0000] {dagbag.py:538} INFO - Filling up the DagBag from /home/airflow/.local/lib/python3.8/site-packages/airflow/example_dags/example_dag_decorator.py
[2024-01-13T12:00:20.895+0000] {processor.py:840} INFO - DAG(s) 'example_dag_decorator' retrieved from /home/airflow/.local/lib/python3.8/site-packages/airflow/example_dags/example_dag_decorator.py
[2024-01-13T12:00:21.029+0000] {logging_mixin.py:188} INFO - [2024-01-13T12:00:21.029+0000] {dag.py:3033} INFO - Sync 1 DAGs
[2024-01-13T12:00:21.043+0000] {logging_mixin.py:188} INFO - [2024-01-13T12:00:21.042+0000] {dag.py:3820} INFO - Setting next_dagrun for example_dag_decorator to None, run_after=None
[2024-01-13T12:00:21.069+0000] {processor.py:183} INFO - Processing /home/airflow/.local/lib/python3.8/site-packages/airflow/example_dags/example_dag_decorator.py took 0.342 seconds
[2024-01-13T12:00:51.219+0000] {processor.py:161} INFO - Started process (PID=427) to work on /home/airflow/.local/lib/python3.8/site-packages/airflow/example_dags/example_dag_decorator.py
[2024-01-13T12:00:51.221+0000] {processor.py:830} INFO - Processing file /home/airflow/.local/lib/python3.8/site-packages/airflow/example_dags/example_dag_decorator.py for tasks to queue
[2024-01-13T12:00:51.224+0000] {logging_mixin.py:188} INFO - [2024-01-13T12:00:51.224+0000] {dagbag.py:538} INFO - Filling up the DagBag from /home/airflow/.local/lib/python3.8/site-packages/airflow/example_dags/example_dag_decorator.py
[2024-01-13T12:00:51.359+0000] {processor.py:840} INFO - DAG(s) 'example_dag_decorator' retrieved from /home/airflow/.local/lib/python3.8/site-packages/airflow/example_dags/example_dag_decorator.py
[2024-01-13T12:00:51.493+0000] {logging_mixin.py:188} INFO - [2024-01-13T12:00:51.492+0000] {dag.py:3033} INFO - Sync 1 DAGs
[2024-01-13T12:00:51.507+0000] {logging_mixin.py:188} INFO - [2024-01-13T12:00:51.506+0000] {dag.py:3820} INFO - Setting next_dagrun for example_dag_decorator to None, run_after=None
[2024-01-13T12:00:51.538+0000] {processor.py:183} INFO - Processing /home/airflow/.local/lib/python3.8/site-packages/airflow/example_dags/example_dag_decorator.py took 0.324 seconds
[2024-01-13T12:01:21.810+0000] {processor.py:161} INFO - Started process (PID=488) to work on /home/airflow/.local/lib/python3.8/site-packages/airflow/example_dags/example_dag_decorator.py
[2024-01-13T12:01:21.811+0000] {processor.py:830} INFO - Processing file /home/airflow/.local/lib/python3.8/site-packages/airflow/example_dags/example_dag_decorator.py for tasks to queue
[2024-01-13T12:01:21.814+0000] {logging_mixin.py:188} INFO - [2024-01-13T12:01:21.813+0000] {dagbag.py:538} INFO - Filling up the DagBag from /home/airflow/.local/lib/python3.8/site-packages/airflow/example_dags/example_dag_decorator.py
[2024-01-13T12:01:21.944+0000] {processor.py:840} INFO - DAG(s) 'example_dag_decorator' retrieved from /home/airflow/.local/lib/python3.8/site-packages/airflow/example_dags/example_dag_decorator.py
[2024-01-13T12:01:22.085+0000] {logging_mixin.py:188} INFO - [2024-01-13T12:01:22.084+0000] {dag.py:3033} INFO - Sync 1 DAGs
[2024-01-13T12:01:22.098+0000] {logging_mixin.py:188} INFO - [2024-01-13T12:01:22.098+0000] {dag.py:3820} INFO - Setting next_dagrun for example_dag_decorator to None, run_after=None
[2024-01-13T12:01:22.123+0000] {processor.py:183} INFO - Processing /home/airflow/.local/lib/python3.8/site-packages/airflow/example_dags/example_dag_decorator.py took 0.319 seconds
[2024-01-13T12:01:52.693+0000] {processor.py:161} INFO - Started process (PID=544) to work on /home/airflow/.local/lib/python3.8/site-packages/airflow/example_dags/example_dag_decorator.py
[2024-01-13T12:01:52.694+0000] {processor.py:830} INFO - Processing file /home/airflow/.local/lib/python3.8/site-packages/airflow/example_dags/example_dag_decorator.py for tasks to queue
[2024-01-13T12:01:52.698+0000] {logging_mixin.py:188} INFO - [2024-01-13T12:01:52.697+0000] {dagbag.py:538} INFO - Filling up the DagBag from /home/airflow/.local/lib/python3.8/site-packages/airflow/example_dags/example_dag_decorator.py
[2024-01-13T12:01:52.822+0000] {processor.py:840} INFO - DAG(s) 'example_dag_decorator' retrieved from /home/airflow/.local/lib/python3.8/site-packages/airflow/example_dags/example_dag_decorator.py
[2024-01-13T12:01:52.953+0000] {logging_mixin.py:188} INFO - [2024-01-13T12:01:52.952+0000] {dag.py:3033} INFO - Sync 1 DAGs
[2024-01-13T12:01:52.967+0000] {logging_mixin.py:188} INFO - [2024-01-13T12:01:52.966+0000] {dag.py:3820} INFO - Setting next_dagrun for example_dag_decorator to None, run_after=None
[2024-01-13T12:01:52.991+0000] {processor.py:183} INFO - Processing /home/airflow/.local/lib/python3.8/site-packages/airflow/example_dags/example_dag_decorator.py took 0.303 seconds
[2024-01-13T12:02:23.062+0000] {processor.py:161} INFO - Started process (PID=610) to work on /home/airflow/.local/lib/python3.8/site-packages/airflow/example_dags/example_dag_decorator.py
[2024-01-13T12:02:23.063+0000] {processor.py:830} INFO - Processing file /home/airflow/.local/lib/python3.8/site-packages/airflow/example_dags/example_dag_decorator.py for tasks to queue
[2024-01-13T12:02:23.066+0000] {logging_mixin.py:188} INFO - [2024-01-13T12:02:23.066+0000] {dagbag.py:538} INFO - Filling up the DagBag from /home/airflow/.local/lib/python3.8/site-packages/airflow/example_dags/example_dag_decorator.py
[2024-01-13T12:02:23.180+0000] {processor.py:840} INFO - DAG(s) 'example_dag_decorator' retrieved from /home/airflow/.local/lib/python3.8/site-packages/airflow/example_dags/example_dag_decorator.py
[2024-01-13T12:02:23.310+0000] {logging_mixin.py:188} INFO - [2024-01-13T12:02:23.310+0000] {dag.py:3033} INFO - Sync 1 DAGs
[2024-01-13T12:02:23.324+0000] {logging_mixin.py:188} INFO - [2024-01-13T12:02:23.324+0000] {dag.py:3820} INFO - Setting next_dagrun for example_dag_decorator to None, run_after=None
[2024-01-13T12:02:23.348+0000] {processor.py:183} INFO - Processing /home/airflow/.local/lib/python3.8/site-packages/airflow/example_dags/example_dag_decorator.py took 0.292 seconds
[2024-01-13T12:07:41.623+0000] {processor.py:161} INFO - Started process (PID=61) to work on /home/airflow/.local/lib/python3.8/site-packages/airflow/example_dags/example_dag_decorator.py
[2024-01-13T12:07:41.642+0000] {processor.py:830} INFO - Processing file /home/airflow/.local/lib/python3.8/site-packages/airflow/example_dags/example_dag_decorator.py for tasks to queue
[2024-01-13T12:07:41.650+0000] {logging_mixin.py:188} INFO - [2024-01-13T12:07:41.649+0000] {dagbag.py:538} INFO - Filling up the DagBag from /home/airflow/.local/lib/python3.8/site-packages/airflow/example_dags/example_dag_decorator.py
[2024-01-13T12:07:41.880+0000] {processor.py:840} INFO - DAG(s) 'example_dag_decorator' retrieved from /home/airflow/.local/lib/python3.8/site-packages/airflow/example_dags/example_dag_decorator.py
[2024-01-13T12:07:41.902+0000] {logging_mixin.py:188} INFO - [2024-01-13T12:07:41.902+0000] {dag.py:3033} INFO - Sync 1 DAGs
[2024-01-13T12:07:41.939+0000] {logging_mixin.py:188} INFO - [2024-01-13T12:07:41.939+0000] {dag.py:3820} INFO - Setting next_dagrun for example_dag_decorator to None, run_after=None
[2024-01-13T12:07:42.012+0000] {processor.py:183} INFO - Processing /home/airflow/.local/lib/python3.8/site-packages/airflow/example_dags/example_dag_decorator.py took 0.404 seconds
[2024-01-13T12:08:16.426+0000] {processor.py:161} INFO - Started process (PID=153) to work on /home/airflow/.local/lib/python3.8/site-packages/airflow/example_dags/example_dag_decorator.py
[2024-01-13T12:08:16.430+0000] {processor.py:830} INFO - Processing file /home/airflow/.local/lib/python3.8/site-packages/airflow/example_dags/example_dag_decorator.py for tasks to queue
[2024-01-13T12:08:16.435+0000] {logging_mixin.py:188} INFO - [2024-01-13T12:08:16.434+0000] {dagbag.py:538} INFO - Filling up the DagBag from /home/airflow/.local/lib/python3.8/site-packages/airflow/example_dags/example_dag_decorator.py
[2024-01-13T12:08:16.670+0000] {processor.py:840} INFO - DAG(s) 'example_dag_decorator' retrieved from /home/airflow/.local/lib/python3.8/site-packages/airflow/example_dags/example_dag_decorator.py
[2024-01-13T12:08:16.937+0000] {logging_mixin.py:188} INFO - [2024-01-13T12:08:16.936+0000] {dag.py:3033} INFO - Sync 1 DAGs
[2024-01-13T12:08:16.988+0000] {logging_mixin.py:188} INFO - [2024-01-13T12:08:16.988+0000] {dag.py:3820} INFO - Setting next_dagrun for example_dag_decorator to None, run_after=None
[2024-01-13T12:08:17.064+0000] {processor.py:183} INFO - Processing /home/airflow/.local/lib/python3.8/site-packages/airflow/example_dags/example_dag_decorator.py took 0.654 seconds
[2024-01-13T12:08:47.486+0000] {processor.py:161} INFO - Started process (PID=212) to work on /home/airflow/.local/lib/python3.8/site-packages/airflow/example_dags/example_dag_decorator.py
[2024-01-13T12:08:47.489+0000] {processor.py:830} INFO - Processing file /home/airflow/.local/lib/python3.8/site-packages/airflow/example_dags/example_dag_decorator.py for tasks to queue
[2024-01-13T12:08:47.492+0000] {logging_mixin.py:188} INFO - [2024-01-13T12:08:47.492+0000] {dagbag.py:538} INFO - Filling up the DagBag from /home/airflow/.local/lib/python3.8/site-packages/airflow/example_dags/example_dag_decorator.py
[2024-01-13T12:08:47.615+0000] {processor.py:840} INFO - DAG(s) 'example_dag_decorator' retrieved from /home/airflow/.local/lib/python3.8/site-packages/airflow/example_dags/example_dag_decorator.py
[2024-01-13T12:08:47.784+0000] {logging_mixin.py:188} INFO - [2024-01-13T12:08:47.783+0000] {dag.py:3033} INFO - Sync 1 DAGs
[2024-01-13T12:08:47.799+0000] {logging_mixin.py:188} INFO - [2024-01-13T12:08:47.798+0000] {dag.py:3820} INFO - Setting next_dagrun for example_dag_decorator to None, run_after=None
[2024-01-13T12:08:47.822+0000] {processor.py:183} INFO - Processing /home/airflow/.local/lib/python3.8/site-packages/airflow/example_dags/example_dag_decorator.py took 0.342 seconds
[2024-01-13T12:09:18.006+0000] {processor.py:161} INFO - Started process (PID=272) to work on /home/airflow/.local/lib/python3.8/site-packages/airflow/example_dags/example_dag_decorator.py
[2024-01-13T12:09:18.008+0000] {processor.py:830} INFO - Processing file /home/airflow/.local/lib/python3.8/site-packages/airflow/example_dags/example_dag_decorator.py for tasks to queue
[2024-01-13T12:09:18.013+0000] {logging_mixin.py:188} INFO - [2024-01-13T12:09:18.012+0000] {dagbag.py:538} INFO - Filling up the DagBag from /home/airflow/.local/lib/python3.8/site-packages/airflow/example_dags/example_dag_decorator.py
[2024-01-13T12:09:18.133+0000] {processor.py:840} INFO - DAG(s) 'example_dag_decorator' retrieved from /home/airflow/.local/lib/python3.8/site-packages/airflow/example_dags/example_dag_decorator.py
[2024-01-13T12:09:18.273+0000] {logging_mixin.py:188} INFO - [2024-01-13T12:09:18.273+0000] {dag.py:3033} INFO - Sync 1 DAGs
[2024-01-13T12:09:18.288+0000] {logging_mixin.py:188} INFO - [2024-01-13T12:09:18.287+0000] {dag.py:3820} INFO - Setting next_dagrun for example_dag_decorator to None, run_after=None
[2024-01-13T12:09:18.312+0000] {processor.py:183} INFO - Processing /home/airflow/.local/lib/python3.8/site-packages/airflow/example_dags/example_dag_decorator.py took 0.313 seconds
[2024-01-13T12:09:48.399+0000] {processor.py:161} INFO - Started process (PID=332) to work on /home/airflow/.local/lib/python3.8/site-packages/airflow/example_dags/example_dag_decorator.py
[2024-01-13T12:09:48.401+0000] {processor.py:830} INFO - Processing file /home/airflow/.local/lib/python3.8/site-packages/airflow/example_dags/example_dag_decorator.py for tasks to queue
[2024-01-13T12:09:48.404+0000] {logging_mixin.py:188} INFO - [2024-01-13T12:09:48.404+0000] {dagbag.py:538} INFO - Filling up the DagBag from /home/airflow/.local/lib/python3.8/site-packages/airflow/example_dags/example_dag_decorator.py
[2024-01-13T12:09:48.529+0000] {processor.py:840} INFO - DAG(s) 'example_dag_decorator' retrieved from /home/airflow/.local/lib/python3.8/site-packages/airflow/example_dags/example_dag_decorator.py
[2024-01-13T12:09:48.658+0000] {logging_mixin.py:188} INFO - [2024-01-13T12:09:48.658+0000] {dag.py:3033} INFO - Sync 1 DAGs
[2024-01-13T12:09:48.673+0000] {logging_mixin.py:188} INFO - [2024-01-13T12:09:48.672+0000] {dag.py:3820} INFO - Setting next_dagrun for example_dag_decorator to None, run_after=None
[2024-01-13T12:09:48.695+0000] {processor.py:183} INFO - Processing /home/airflow/.local/lib/python3.8/site-packages/airflow/example_dags/example_dag_decorator.py took 0.302 seconds
[2024-01-13T12:10:19.173+0000] {processor.py:161} INFO - Started process (PID=390) to work on /home/airflow/.local/lib/python3.8/site-packages/airflow/example_dags/example_dag_decorator.py
[2024-01-13T12:10:19.174+0000] {processor.py:830} INFO - Processing file /home/airflow/.local/lib/python3.8/site-packages/airflow/example_dags/example_dag_decorator.py for tasks to queue
[2024-01-13T12:10:19.177+0000] {logging_mixin.py:188} INFO - [2024-01-13T12:10:19.177+0000] {dagbag.py:538} INFO - Filling up the DagBag from /home/airflow/.local/lib/python3.8/site-packages/airflow/example_dags/example_dag_decorator.py
[2024-01-13T12:10:19.293+0000] {processor.py:840} INFO - DAG(s) 'example_dag_decorator' retrieved from /home/airflow/.local/lib/python3.8/site-packages/airflow/example_dags/example_dag_decorator.py
[2024-01-13T12:10:19.428+0000] {logging_mixin.py:188} INFO - [2024-01-13T12:10:19.427+0000] {dag.py:3033} INFO - Sync 1 DAGs
[2024-01-13T12:10:19.441+0000] {logging_mixin.py:188} INFO - [2024-01-13T12:10:19.441+0000] {dag.py:3820} INFO - Setting next_dagrun for example_dag_decorator to None, run_after=None
[2024-01-13T12:10:19.467+0000] {processor.py:183} INFO - Processing /home/airflow/.local/lib/python3.8/site-packages/airflow/example_dags/example_dag_decorator.py took 0.302 seconds
[2024-01-13T12:10:49.594+0000] {processor.py:161} INFO - Started process (PID=450) to work on /home/airflow/.local/lib/python3.8/site-packages/airflow/example_dags/example_dag_decorator.py
[2024-01-13T12:10:49.597+0000] {processor.py:830} INFO - Processing file /home/airflow/.local/lib/python3.8/site-packages/airflow/example_dags/example_dag_decorator.py for tasks to queue
[2024-01-13T12:10:49.599+0000] {logging_mixin.py:188} INFO - [2024-01-13T12:10:49.599+0000] {dagbag.py:538} INFO - Filling up the DagBag from /home/airflow/.local/lib/python3.8/site-packages/airflow/example_dags/example_dag_decorator.py
[2024-01-13T12:10:49.717+0000] {processor.py:840} INFO - DAG(s) 'example_dag_decorator' retrieved from /home/airflow/.local/lib/python3.8/site-packages/airflow/example_dags/example_dag_decorator.py
[2024-01-13T12:10:49.852+0000] {logging_mixin.py:188} INFO - [2024-01-13T12:10:49.851+0000] {dag.py:3033} INFO - Sync 1 DAGs
[2024-01-13T12:10:49.865+0000] {logging_mixin.py:188} INFO - [2024-01-13T12:10:49.864+0000] {dag.py:3820} INFO - Setting next_dagrun for example_dag_decorator to None, run_after=None
[2024-01-13T12:10:49.890+0000] {processor.py:183} INFO - Processing /home/airflow/.local/lib/python3.8/site-packages/airflow/example_dags/example_dag_decorator.py took 0.301 seconds
[2024-01-13T12:11:20.161+0000] {processor.py:161} INFO - Started process (PID=510) to work on /home/airflow/.local/lib/python3.8/site-packages/airflow/example_dags/example_dag_decorator.py
[2024-01-13T12:11:20.162+0000] {processor.py:830} INFO - Processing file /home/airflow/.local/lib/python3.8/site-packages/airflow/example_dags/example_dag_decorator.py for tasks to queue
[2024-01-13T12:11:20.165+0000] {logging_mixin.py:188} INFO - [2024-01-13T12:11:20.165+0000] {dagbag.py:538} INFO - Filling up the DagBag from /home/airflow/.local/lib/python3.8/site-packages/airflow/example_dags/example_dag_decorator.py
[2024-01-13T12:11:20.278+0000] {processor.py:840} INFO - DAG(s) 'example_dag_decorator' retrieved from /home/airflow/.local/lib/python3.8/site-packages/airflow/example_dags/example_dag_decorator.py
[2024-01-13T12:11:20.310+0000] {logging_mixin.py:188} INFO - [2024-01-13T12:11:20.309+0000] {dag.py:3033} INFO - Sync 1 DAGs
[2024-01-13T12:11:20.325+0000] {logging_mixin.py:188} INFO - [2024-01-13T12:11:20.325+0000] {dag.py:3820} INFO - Setting next_dagrun for example_dag_decorator to None, run_after=None
[2024-01-13T12:11:20.346+0000] {processor.py:183} INFO - Processing /home/airflow/.local/lib/python3.8/site-packages/airflow/example_dags/example_dag_decorator.py took 0.191 seconds
[2024-01-13T12:11:50.375+0000] {processor.py:161} INFO - Started process (PID=569) to work on /home/airflow/.local/lib/python3.8/site-packages/airflow/example_dags/example_dag_decorator.py
[2024-01-13T12:11:50.377+0000] {processor.py:830} INFO - Processing file /home/airflow/.local/lib/python3.8/site-packages/airflow/example_dags/example_dag_decorator.py for tasks to queue
[2024-01-13T12:11:50.380+0000] {logging_mixin.py:188} INFO - [2024-01-13T12:11:50.380+0000] {dagbag.py:538} INFO - Filling up the DagBag from /home/airflow/.local/lib/python3.8/site-packages/airflow/example_dags/example_dag_decorator.py
[2024-01-13T12:11:50.495+0000] {processor.py:840} INFO - DAG(s) 'example_dag_decorator' retrieved from /home/airflow/.local/lib/python3.8/site-packages/airflow/example_dags/example_dag_decorator.py
[2024-01-13T12:11:50.629+0000] {logging_mixin.py:188} INFO - [2024-01-13T12:11:50.629+0000] {dag.py:3033} INFO - Sync 1 DAGs
[2024-01-13T12:11:50.643+0000] {logging_mixin.py:188} INFO - [2024-01-13T12:11:50.643+0000] {dag.py:3820} INFO - Setting next_dagrun for example_dag_decorator to None, run_after=None
[2024-01-13T12:11:50.669+0000] {processor.py:183} INFO - Processing /home/airflow/.local/lib/python3.8/site-packages/airflow/example_dags/example_dag_decorator.py took 0.299 seconds
[2024-01-13T12:12:21.546+0000] {processor.py:161} INFO - Started process (PID=628) to work on /home/airflow/.local/lib/python3.8/site-packages/airflow/example_dags/example_dag_decorator.py
[2024-01-13T12:12:21.547+0000] {processor.py:830} INFO - Processing file /home/airflow/.local/lib/python3.8/site-packages/airflow/example_dags/example_dag_decorator.py for tasks to queue
[2024-01-13T12:12:21.550+0000] {logging_mixin.py:188} INFO - [2024-01-13T12:12:21.550+0000] {dagbag.py:538} INFO - Filling up the DagBag from /home/airflow/.local/lib/python3.8/site-packages/airflow/example_dags/example_dag_decorator.py
[2024-01-13T12:12:21.670+0000] {processor.py:840} INFO - DAG(s) 'example_dag_decorator' retrieved from /home/airflow/.local/lib/python3.8/site-packages/airflow/example_dags/example_dag_decorator.py
[2024-01-13T12:12:21.820+0000] {logging_mixin.py:188} INFO - [2024-01-13T12:12:21.820+0000] {dag.py:3033} INFO - Sync 1 DAGs
[2024-01-13T12:12:21.840+0000] {logging_mixin.py:188} INFO - [2024-01-13T12:12:21.840+0000] {dag.py:3820} INFO - Setting next_dagrun for example_dag_decorator to None, run_after=None
[2024-01-13T12:12:21.872+0000] {processor.py:183} INFO - Processing /home/airflow/.local/lib/python3.8/site-packages/airflow/example_dags/example_dag_decorator.py took 0.331 seconds
[2024-01-13T12:12:52.503+0000] {processor.py:161} INFO - Started process (PID=687) to work on /home/airflow/.local/lib/python3.8/site-packages/airflow/example_dags/example_dag_decorator.py
[2024-01-13T12:12:52.505+0000] {processor.py:830} INFO - Processing file /home/airflow/.local/lib/python3.8/site-packages/airflow/example_dags/example_dag_decorator.py for tasks to queue
[2024-01-13T12:12:52.508+0000] {logging_mixin.py:188} INFO - [2024-01-13T12:12:52.508+0000] {dagbag.py:538} INFO - Filling up the DagBag from /home/airflow/.local/lib/python3.8/site-packages/airflow/example_dags/example_dag_decorator.py
[2024-01-13T12:12:52.632+0000] {processor.py:840} INFO - DAG(s) 'example_dag_decorator' retrieved from /home/airflow/.local/lib/python3.8/site-packages/airflow/example_dags/example_dag_decorator.py
[2024-01-13T12:12:52.799+0000] {logging_mixin.py:188} INFO - [2024-01-13T12:12:52.799+0000] {dag.py:3033} INFO - Sync 1 DAGs
[2024-01-13T12:12:52.812+0000] {logging_mixin.py:188} INFO - [2024-01-13T12:12:52.812+0000] {dag.py:3820} INFO - Setting next_dagrun for example_dag_decorator to None, run_after=None
[2024-01-13T12:12:52.834+0000] {processor.py:183} INFO - Processing /home/airflow/.local/lib/python3.8/site-packages/airflow/example_dags/example_dag_decorator.py took 0.337 seconds
[2024-01-13T12:13:28.057+0000] {processor.py:161} INFO - Started process (PID=758) to work on /home/airflow/.local/lib/python3.8/site-packages/airflow/example_dags/example_dag_decorator.py
[2024-01-13T12:13:28.059+0000] {processor.py:830} INFO - Processing file /home/airflow/.local/lib/python3.8/site-packages/airflow/example_dags/example_dag_decorator.py for tasks to queue
[2024-01-13T12:13:28.063+0000] {logging_mixin.py:188} INFO - [2024-01-13T12:13:28.063+0000] {dagbag.py:538} INFO - Filling up the DagBag from /home/airflow/.local/lib/python3.8/site-packages/airflow/example_dags/example_dag_decorator.py
[2024-01-13T12:13:28.299+0000] {processor.py:840} INFO - DAG(s) 'example_dag_decorator' retrieved from /home/airflow/.local/lib/python3.8/site-packages/airflow/example_dags/example_dag_decorator.py
[2024-01-13T12:13:28.720+0000] {logging_mixin.py:188} INFO - [2024-01-13T12:13:28.719+0000] {dag.py:3033} INFO - Sync 1 DAGs
[2024-01-13T12:13:28.749+0000] {logging_mixin.py:188} INFO - [2024-01-13T12:13:28.748+0000] {dag.py:3820} INFO - Setting next_dagrun for example_dag_decorator to None, run_after=None
[2024-01-13T12:13:28.801+0000] {processor.py:183} INFO - Processing /home/airflow/.local/lib/python3.8/site-packages/airflow/example_dags/example_dag_decorator.py took 0.753 seconds
[2024-01-13T12:13:59.617+0000] {processor.py:161} INFO - Started process (PID=819) to work on /home/airflow/.local/lib/python3.8/site-packages/airflow/example_dags/example_dag_decorator.py
[2024-01-13T12:13:59.621+0000] {processor.py:830} INFO - Processing file /home/airflow/.local/lib/python3.8/site-packages/airflow/example_dags/example_dag_decorator.py for tasks to queue
[2024-01-13T12:13:59.625+0000] {logging_mixin.py:188} INFO - [2024-01-13T12:13:59.625+0000] {dagbag.py:538} INFO - Filling up the DagBag from /home/airflow/.local/lib/python3.8/site-packages/airflow/example_dags/example_dag_decorator.py
[2024-01-13T12:13:59.757+0000] {processor.py:840} INFO - DAG(s) 'example_dag_decorator' retrieved from /home/airflow/.local/lib/python3.8/site-packages/airflow/example_dags/example_dag_decorator.py
[2024-01-13T12:13:59.954+0000] {logging_mixin.py:188} INFO - [2024-01-13T12:13:59.953+0000] {dag.py:3033} INFO - Sync 1 DAGs
[2024-01-13T12:14:00.240+0000] {logging_mixin.py:188} INFO - [2024-01-13T12:14:00.239+0000] {dag.py:3820} INFO - Setting next_dagrun for example_dag_decorator to None, run_after=None
[2024-01-13T12:14:00.269+0000] {processor.py:183} INFO - Processing /home/airflow/.local/lib/python3.8/site-packages/airflow/example_dags/example_dag_decorator.py took 0.659 seconds
[2024-01-13T12:14:30.355+0000] {processor.py:161} INFO - Started process (PID=881) to work on /home/airflow/.local/lib/python3.8/site-packages/airflow/example_dags/example_dag_decorator.py
[2024-01-13T12:14:30.356+0000] {processor.py:830} INFO - Processing file /home/airflow/.local/lib/python3.8/site-packages/airflow/example_dags/example_dag_decorator.py for tasks to queue
[2024-01-13T12:14:30.359+0000] {logging_mixin.py:188} INFO - [2024-01-13T12:14:30.359+0000] {dagbag.py:538} INFO - Filling up the DagBag from /home/airflow/.local/lib/python3.8/site-packages/airflow/example_dags/example_dag_decorator.py
[2024-01-13T12:14:30.486+0000] {processor.py:840} INFO - DAG(s) 'example_dag_decorator' retrieved from /home/airflow/.local/lib/python3.8/site-packages/airflow/example_dags/example_dag_decorator.py
[2024-01-13T12:14:30.626+0000] {logging_mixin.py:188} INFO - [2024-01-13T12:14:30.626+0000] {dag.py:3033} INFO - Sync 1 DAGs
[2024-01-13T12:14:30.642+0000] {logging_mixin.py:188} INFO - [2024-01-13T12:14:30.641+0000] {dag.py:3820} INFO - Setting next_dagrun for example_dag_decorator to None, run_after=None
[2024-01-13T12:14:30.672+0000] {processor.py:183} INFO - Processing /home/airflow/.local/lib/python3.8/site-packages/airflow/example_dags/example_dag_decorator.py took 0.322 seconds
[2024-01-13T12:15:01.005+0000] {processor.py:161} INFO - Started process (PID=937) to work on /home/airflow/.local/lib/python3.8/site-packages/airflow/example_dags/example_dag_decorator.py
[2024-01-13T12:15:01.027+0000] {processor.py:830} INFO - Processing file /home/airflow/.local/lib/python3.8/site-packages/airflow/example_dags/example_dag_decorator.py for tasks to queue
[2024-01-13T12:15:01.031+0000] {logging_mixin.py:188} INFO - [2024-01-13T12:15:01.031+0000] {dagbag.py:538} INFO - Filling up the DagBag from /home/airflow/.local/lib/python3.8/site-packages/airflow/example_dags/example_dag_decorator.py
[2024-01-13T12:15:01.151+0000] {processor.py:840} INFO - DAG(s) 'example_dag_decorator' retrieved from /home/airflow/.local/lib/python3.8/site-packages/airflow/example_dags/example_dag_decorator.py
[2024-01-13T12:15:01.287+0000] {logging_mixin.py:188} INFO - [2024-01-13T12:15:01.287+0000] {dag.py:3033} INFO - Sync 1 DAGs
[2024-01-13T12:15:01.301+0000] {logging_mixin.py:188} INFO - [2024-01-13T12:15:01.301+0000] {dag.py:3820} INFO - Setting next_dagrun for example_dag_decorator to None, run_after=None
[2024-01-13T12:15:01.326+0000] {processor.py:183} INFO - Processing /home/airflow/.local/lib/python3.8/site-packages/airflow/example_dags/example_dag_decorator.py took 0.326 seconds
[2024-01-13T12:15:31.763+0000] {processor.py:161} INFO - Started process (PID=996) to work on /home/airflow/.local/lib/python3.8/site-packages/airflow/example_dags/example_dag_decorator.py
[2024-01-13T12:15:31.764+0000] {processor.py:830} INFO - Processing file /home/airflow/.local/lib/python3.8/site-packages/airflow/example_dags/example_dag_decorator.py for tasks to queue
[2024-01-13T12:15:31.767+0000] {logging_mixin.py:188} INFO - [2024-01-13T12:15:31.766+0000] {dagbag.py:538} INFO - Filling up the DagBag from /home/airflow/.local/lib/python3.8/site-packages/airflow/example_dags/example_dag_decorator.py
[2024-01-13T12:15:31.897+0000] {processor.py:840} INFO - DAG(s) 'example_dag_decorator' retrieved from /home/airflow/.local/lib/python3.8/site-packages/airflow/example_dags/example_dag_decorator.py
[2024-01-13T12:15:32.055+0000] {logging_mixin.py:188} INFO - [2024-01-13T12:15:32.055+0000] {dag.py:3033} INFO - Sync 1 DAGs
[2024-01-13T12:15:32.072+0000] {logging_mixin.py:188} INFO - [2024-01-13T12:15:32.072+0000] {dag.py:3820} INFO - Setting next_dagrun for example_dag_decorator to None, run_after=None
[2024-01-13T12:15:32.098+0000] {processor.py:183} INFO - Processing /home/airflow/.local/lib/python3.8/site-packages/airflow/example_dags/example_dag_decorator.py took 0.340 seconds
[2024-01-13T12:16:02.684+0000] {processor.py:161} INFO - Started process (PID=1055) to work on /home/airflow/.local/lib/python3.8/site-packages/airflow/example_dags/example_dag_decorator.py
[2024-01-13T12:16:02.700+0000] {processor.py:830} INFO - Processing file /home/airflow/.local/lib/python3.8/site-packages/airflow/example_dags/example_dag_decorator.py for tasks to queue
[2024-01-13T12:16:02.703+0000] {logging_mixin.py:188} INFO - [2024-01-13T12:16:02.703+0000] {dagbag.py:538} INFO - Filling up the DagBag from /home/airflow/.local/lib/python3.8/site-packages/airflow/example_dags/example_dag_decorator.py
[2024-01-13T12:16:02.843+0000] {processor.py:840} INFO - DAG(s) 'example_dag_decorator' retrieved from /home/airflow/.local/lib/python3.8/site-packages/airflow/example_dags/example_dag_decorator.py
[2024-01-13T12:16:02.978+0000] {logging_mixin.py:188} INFO - [2024-01-13T12:16:02.978+0000] {dag.py:3033} INFO - Sync 1 DAGs
[2024-01-13T12:16:02.992+0000] {logging_mixin.py:188} INFO - [2024-01-13T12:16:02.991+0000] {dag.py:3820} INFO - Setting next_dagrun for example_dag_decorator to None, run_after=None
[2024-01-13T12:16:03.015+0000] {processor.py:183} INFO - Processing /home/airflow/.local/lib/python3.8/site-packages/airflow/example_dags/example_dag_decorator.py took 0.336 seconds
[2024-01-13T12:16:33.697+0000] {processor.py:161} INFO - Started process (PID=1114) to work on /home/airflow/.local/lib/python3.8/site-packages/airflow/example_dags/example_dag_decorator.py
[2024-01-13T12:16:33.699+0000] {processor.py:830} INFO - Processing file /home/airflow/.local/lib/python3.8/site-packages/airflow/example_dags/example_dag_decorator.py for tasks to queue
[2024-01-13T12:16:33.703+0000] {logging_mixin.py:188} INFO - [2024-01-13T12:16:33.702+0000] {dagbag.py:538} INFO - Filling up the DagBag from /home/airflow/.local/lib/python3.8/site-packages/airflow/example_dags/example_dag_decorator.py
[2024-01-13T12:16:33.819+0000] {processor.py:840} INFO - DAG(s) 'example_dag_decorator' retrieved from /home/airflow/.local/lib/python3.8/site-packages/airflow/example_dags/example_dag_decorator.py
[2024-01-13T12:16:34.178+0000] {logging_mixin.py:188} INFO - [2024-01-13T12:16:34.177+0000] {dag.py:3033} INFO - Sync 1 DAGs
[2024-01-13T12:16:34.194+0000] {logging_mixin.py:188} INFO - [2024-01-13T12:16:34.194+0000] {dag.py:3820} INFO - Setting next_dagrun for example_dag_decorator to None, run_after=None
[2024-01-13T12:16:34.218+0000] {processor.py:183} INFO - Processing /home/airflow/.local/lib/python3.8/site-packages/airflow/example_dags/example_dag_decorator.py took 0.528 seconds
[2024-01-13T12:17:04.314+0000] {processor.py:161} INFO - Started process (PID=1176) to work on /home/airflow/.local/lib/python3.8/site-packages/airflow/example_dags/example_dag_decorator.py
[2024-01-13T12:17:04.316+0000] {processor.py:830} INFO - Processing file /home/airflow/.local/lib/python3.8/site-packages/airflow/example_dags/example_dag_decorator.py for tasks to queue
[2024-01-13T12:17:04.319+0000] {logging_mixin.py:188} INFO - [2024-01-13T12:17:04.319+0000] {dagbag.py:538} INFO - Filling up the DagBag from /home/airflow/.local/lib/python3.8/site-packages/airflow/example_dags/example_dag_decorator.py
[2024-01-13T12:17:04.446+0000] {processor.py:840} INFO - DAG(s) 'example_dag_decorator' retrieved from /home/airflow/.local/lib/python3.8/site-packages/airflow/example_dags/example_dag_decorator.py
[2024-01-13T12:17:04.595+0000] {logging_mixin.py:188} INFO - [2024-01-13T12:17:04.595+0000] {dag.py:3033} INFO - Sync 1 DAGs
[2024-01-13T12:17:04.826+0000] {logging_mixin.py:188} INFO - [2024-01-13T12:17:04.825+0000] {dag.py:3820} INFO - Setting next_dagrun for example_dag_decorator to None, run_after=None
[2024-01-13T12:17:04.852+0000] {processor.py:183} INFO - Processing /home/airflow/.local/lib/python3.8/site-packages/airflow/example_dags/example_dag_decorator.py took 0.544 seconds
[2024-01-13T12:17:35.084+0000] {processor.py:161} INFO - Started process (PID=1231) to work on /home/airflow/.local/lib/python3.8/site-packages/airflow/example_dags/example_dag_decorator.py
[2024-01-13T12:17:35.135+0000] {processor.py:830} INFO - Processing file /home/airflow/.local/lib/python3.8/site-packages/airflow/example_dags/example_dag_decorator.py for tasks to queue
[2024-01-13T12:17:35.139+0000] {logging_mixin.py:188} INFO - [2024-01-13T12:17:35.139+0000] {dagbag.py:538} INFO - Filling up the DagBag from /home/airflow/.local/lib/python3.8/site-packages/airflow/example_dags/example_dag_decorator.py
[2024-01-13T12:17:35.265+0000] {processor.py:840} INFO - DAG(s) 'example_dag_decorator' retrieved from /home/airflow/.local/lib/python3.8/site-packages/airflow/example_dags/example_dag_decorator.py
[2024-01-13T12:17:35.409+0000] {logging_mixin.py:188} INFO - [2024-01-13T12:17:35.408+0000] {dag.py:3033} INFO - Sync 1 DAGs
[2024-01-13T12:17:35.647+0000] {logging_mixin.py:188} INFO - [2024-01-13T12:17:35.646+0000] {dag.py:3820} INFO - Setting next_dagrun for example_dag_decorator to None, run_after=None
[2024-01-13T12:17:35.670+0000] {processor.py:183} INFO - Processing /home/airflow/.local/lib/python3.8/site-packages/airflow/example_dags/example_dag_decorator.py took 0.593 seconds
[2024-01-13T12:18:06.282+0000] {processor.py:161} INFO - Started process (PID=1290) to work on /home/airflow/.local/lib/python3.8/site-packages/airflow/example_dags/example_dag_decorator.py
[2024-01-13T12:18:06.283+0000] {processor.py:830} INFO - Processing file /home/airflow/.local/lib/python3.8/site-packages/airflow/example_dags/example_dag_decorator.py for tasks to queue
[2024-01-13T12:18:06.287+0000] {logging_mixin.py:188} INFO - [2024-01-13T12:18:06.286+0000] {dagbag.py:538} INFO - Filling up the DagBag from /home/airflow/.local/lib/python3.8/site-packages/airflow/example_dags/example_dag_decorator.py
[2024-01-13T12:18:06.419+0000] {processor.py:840} INFO - DAG(s) 'example_dag_decorator' retrieved from /home/airflow/.local/lib/python3.8/site-packages/airflow/example_dags/example_dag_decorator.py
[2024-01-13T12:18:06.572+0000] {logging_mixin.py:188} INFO - [2024-01-13T12:18:06.572+0000] {dag.py:3033} INFO - Sync 1 DAGs
[2024-01-13T12:18:06.811+0000] {logging_mixin.py:188} INFO - [2024-01-13T12:18:06.811+0000] {dag.py:3820} INFO - Setting next_dagrun for example_dag_decorator to None, run_after=None
[2024-01-13T12:18:06.842+0000] {processor.py:183} INFO - Processing /home/airflow/.local/lib/python3.8/site-packages/airflow/example_dags/example_dag_decorator.py took 0.566 seconds
[2024-01-13T12:18:38.153+0000] {processor.py:161} INFO - Started process (PID=1349) to work on /home/airflow/.local/lib/python3.8/site-packages/airflow/example_dags/example_dag_decorator.py
[2024-01-13T12:18:38.156+0000] {processor.py:830} INFO - Processing file /home/airflow/.local/lib/python3.8/site-packages/airflow/example_dags/example_dag_decorator.py for tasks to queue
[2024-01-13T12:18:38.161+0000] {logging_mixin.py:188} INFO - [2024-01-13T12:18:38.160+0000] {dagbag.py:538} INFO - Filling up the DagBag from /home/airflow/.local/lib/python3.8/site-packages/airflow/example_dags/example_dag_decorator.py
[2024-01-13T12:18:38.313+0000] {processor.py:840} INFO - DAG(s) 'example_dag_decorator' retrieved from /home/airflow/.local/lib/python3.8/site-packages/airflow/example_dags/example_dag_decorator.py
[2024-01-13T12:18:38.477+0000] {logging_mixin.py:188} INFO - [2024-01-13T12:18:38.477+0000] {dag.py:3033} INFO - Sync 1 DAGs
[2024-01-13T12:18:38.501+0000] {logging_mixin.py:188} INFO - [2024-01-13T12:18:38.500+0000] {dag.py:3820} INFO - Setting next_dagrun for example_dag_decorator to None, run_after=None
[2024-01-13T12:18:38.901+0000] {processor.py:183} INFO - Processing /home/airflow/.local/lib/python3.8/site-packages/airflow/example_dags/example_dag_decorator.py took 0.754 seconds
[2024-01-13T12:19:09.167+0000] {processor.py:161} INFO - Started process (PID=1422) to work on /home/airflow/.local/lib/python3.8/site-packages/airflow/example_dags/example_dag_decorator.py
[2024-01-13T12:19:09.168+0000] {processor.py:830} INFO - Processing file /home/airflow/.local/lib/python3.8/site-packages/airflow/example_dags/example_dag_decorator.py for tasks to queue
[2024-01-13T12:19:09.171+0000] {logging_mixin.py:188} INFO - [2024-01-13T12:19:09.171+0000] {dagbag.py:538} INFO - Filling up the DagBag from /home/airflow/.local/lib/python3.8/site-packages/airflow/example_dags/example_dag_decorator.py
[2024-01-13T12:19:09.318+0000] {processor.py:840} INFO - DAG(s) 'example_dag_decorator' retrieved from /home/airflow/.local/lib/python3.8/site-packages/airflow/example_dags/example_dag_decorator.py
[2024-01-13T12:19:09.460+0000] {logging_mixin.py:188} INFO - [2024-01-13T12:19:09.459+0000] {dag.py:3033} INFO - Sync 1 DAGs
[2024-01-13T12:19:09.476+0000] {logging_mixin.py:188} INFO - [2024-01-13T12:19:09.476+0000] {dag.py:3820} INFO - Setting next_dagrun for example_dag_decorator to None, run_after=None
[2024-01-13T12:19:09.505+0000] {processor.py:183} INFO - Processing /home/airflow/.local/lib/python3.8/site-packages/airflow/example_dags/example_dag_decorator.py took 0.344 seconds
[2024-01-13T12:19:40.333+0000] {processor.py:161} INFO - Started process (PID=1479) to work on /home/airflow/.local/lib/python3.8/site-packages/airflow/example_dags/example_dag_decorator.py
[2024-01-13T12:19:40.336+0000] {processor.py:830} INFO - Processing file /home/airflow/.local/lib/python3.8/site-packages/airflow/example_dags/example_dag_decorator.py for tasks to queue
[2024-01-13T12:19:40.339+0000] {logging_mixin.py:188} INFO - [2024-01-13T12:19:40.338+0000] {dagbag.py:538} INFO - Filling up the DagBag from /home/airflow/.local/lib/python3.8/site-packages/airflow/example_dags/example_dag_decorator.py
[2024-01-13T12:19:40.460+0000] {processor.py:840} INFO - DAG(s) 'example_dag_decorator' retrieved from /home/airflow/.local/lib/python3.8/site-packages/airflow/example_dags/example_dag_decorator.py
[2024-01-13T12:19:40.815+0000] {logging_mixin.py:188} INFO - [2024-01-13T12:19:40.814+0000] {dag.py:3033} INFO - Sync 1 DAGs
[2024-01-13T12:19:40.827+0000] {logging_mixin.py:188} INFO - [2024-01-13T12:19:40.827+0000] {dag.py:3820} INFO - Setting next_dagrun for example_dag_decorator to None, run_after=None
[2024-01-13T12:19:40.852+0000] {processor.py:183} INFO - Processing /home/airflow/.local/lib/python3.8/site-packages/airflow/example_dags/example_dag_decorator.py took 0.524 seconds
[2024-01-13T12:20:11.880+0000] {processor.py:161} INFO - Started process (PID=1538) to work on /home/airflow/.local/lib/python3.8/site-packages/airflow/example_dags/example_dag_decorator.py
[2024-01-13T12:20:11.882+0000] {processor.py:830} INFO - Processing file /home/airflow/.local/lib/python3.8/site-packages/airflow/example_dags/example_dag_decorator.py for tasks to queue
[2024-01-13T12:20:11.885+0000] {logging_mixin.py:188} INFO - [2024-01-13T12:20:11.885+0000] {dagbag.py:538} INFO - Filling up the DagBag from /home/airflow/.local/lib/python3.8/site-packages/airflow/example_dags/example_dag_decorator.py
[2024-01-13T12:20:12.008+0000] {processor.py:840} INFO - DAG(s) 'example_dag_decorator' retrieved from /home/airflow/.local/lib/python3.8/site-packages/airflow/example_dags/example_dag_decorator.py
[2024-01-13T12:20:12.377+0000] {logging_mixin.py:188} INFO - [2024-01-13T12:20:12.377+0000] {dag.py:3033} INFO - Sync 1 DAGs
[2024-01-13T12:20:12.391+0000] {logging_mixin.py:188} INFO - [2024-01-13T12:20:12.391+0000] {dag.py:3820} INFO - Setting next_dagrun for example_dag_decorator to None, run_after=None
[2024-01-13T12:20:12.418+0000] {processor.py:183} INFO - Processing /home/airflow/.local/lib/python3.8/site-packages/airflow/example_dags/example_dag_decorator.py took 0.544 seconds
[2024-01-13T12:20:43.803+0000] {processor.py:161} INFO - Started process (PID=1598) to work on /home/airflow/.local/lib/python3.8/site-packages/airflow/example_dags/example_dag_decorator.py
[2024-01-13T12:20:43.805+0000] {processor.py:830} INFO - Processing file /home/airflow/.local/lib/python3.8/site-packages/airflow/example_dags/example_dag_decorator.py for tasks to queue
[2024-01-13T12:20:43.809+0000] {logging_mixin.py:188} INFO - [2024-01-13T12:20:43.809+0000] {dagbag.py:538} INFO - Filling up the DagBag from /home/airflow/.local/lib/python3.8/site-packages/airflow/example_dags/example_dag_decorator.py
[2024-01-13T12:20:43.995+0000] {processor.py:840} INFO - DAG(s) 'example_dag_decorator' retrieved from /home/airflow/.local/lib/python3.8/site-packages/airflow/example_dags/example_dag_decorator.py
[2024-01-13T12:20:44.428+0000] {logging_mixin.py:188} INFO - [2024-01-13T12:20:44.428+0000] {dag.py:3033} INFO - Sync 1 DAGs
[2024-01-13T12:20:44.440+0000] {logging_mixin.py:188} INFO - [2024-01-13T12:20:44.440+0000] {dag.py:3820} INFO - Setting next_dagrun for example_dag_decorator to None, run_after=None
[2024-01-13T12:20:44.463+0000] {processor.py:183} INFO - Processing /home/airflow/.local/lib/python3.8/site-packages/airflow/example_dags/example_dag_decorator.py took 0.667 seconds
[2024-01-13T12:21:15.139+0000] {processor.py:161} INFO - Started process (PID=1667) to work on /home/airflow/.local/lib/python3.8/site-packages/airflow/example_dags/example_dag_decorator.py
[2024-01-13T12:21:15.142+0000] {processor.py:830} INFO - Processing file /home/airflow/.local/lib/python3.8/site-packages/airflow/example_dags/example_dag_decorator.py for tasks to queue
[2024-01-13T12:21:15.145+0000] {logging_mixin.py:188} INFO - [2024-01-13T12:21:15.145+0000] {dagbag.py:538} INFO - Filling up the DagBag from /home/airflow/.local/lib/python3.8/site-packages/airflow/example_dags/example_dag_decorator.py
[2024-01-13T12:21:15.305+0000] {processor.py:840} INFO - DAG(s) 'example_dag_decorator' retrieved from /home/airflow/.local/lib/python3.8/site-packages/airflow/example_dags/example_dag_decorator.py
[2024-01-13T12:21:15.755+0000] {logging_mixin.py:188} INFO - [2024-01-13T12:21:15.755+0000] {dag.py:3033} INFO - Sync 1 DAGs
[2024-01-13T12:21:15.775+0000] {logging_mixin.py:188} INFO - [2024-01-13T12:21:15.774+0000] {dag.py:3820} INFO - Setting next_dagrun for example_dag_decorator to None, run_after=None
[2024-01-13T12:21:15.810+0000] {processor.py:183} INFO - Processing /home/airflow/.local/lib/python3.8/site-packages/airflow/example_dags/example_dag_decorator.py took 0.675 seconds
[2024-01-13T12:21:46.316+0000] {processor.py:161} INFO - Started process (PID=1742) to work on /home/airflow/.local/lib/python3.8/site-packages/airflow/example_dags/example_dag_decorator.py
[2024-01-13T12:21:46.317+0000] {processor.py:830} INFO - Processing file /home/airflow/.local/lib/python3.8/site-packages/airflow/example_dags/example_dag_decorator.py for tasks to queue
[2024-01-13T12:21:46.322+0000] {logging_mixin.py:188} INFO - [2024-01-13T12:21:46.321+0000] {dagbag.py:538} INFO - Filling up the DagBag from /home/airflow/.local/lib/python3.8/site-packages/airflow/example_dags/example_dag_decorator.py
[2024-01-13T12:21:46.452+0000] {processor.py:840} INFO - DAG(s) 'example_dag_decorator' retrieved from /home/airflow/.local/lib/python3.8/site-packages/airflow/example_dags/example_dag_decorator.py
[2024-01-13T12:21:46.793+0000] {logging_mixin.py:188} INFO - [2024-01-13T12:21:46.792+0000] {dag.py:3033} INFO - Sync 1 DAGs
[2024-01-13T12:21:46.805+0000] {logging_mixin.py:188} INFO - [2024-01-13T12:21:46.804+0000] {dag.py:3820} INFO - Setting next_dagrun for example_dag_decorator to None, run_after=None
[2024-01-13T12:21:46.828+0000] {processor.py:183} INFO - Processing /home/airflow/.local/lib/python3.8/site-packages/airflow/example_dags/example_dag_decorator.py took 0.517 seconds
[2024-01-13T12:22:17.295+0000] {processor.py:161} INFO - Started process (PID=1809) to work on /home/airflow/.local/lib/python3.8/site-packages/airflow/example_dags/example_dag_decorator.py
[2024-01-13T12:22:17.297+0000] {processor.py:830} INFO - Processing file /home/airflow/.local/lib/python3.8/site-packages/airflow/example_dags/example_dag_decorator.py for tasks to queue
[2024-01-13T12:22:17.300+0000] {logging_mixin.py:188} INFO - [2024-01-13T12:22:17.300+0000] {dagbag.py:538} INFO - Filling up the DagBag from /home/airflow/.local/lib/python3.8/site-packages/airflow/example_dags/example_dag_decorator.py
[2024-01-13T12:22:17.414+0000] {processor.py:840} INFO - DAG(s) 'example_dag_decorator' retrieved from /home/airflow/.local/lib/python3.8/site-packages/airflow/example_dags/example_dag_decorator.py
[2024-01-13T12:22:17.756+0000] {logging_mixin.py:188} INFO - [2024-01-13T12:22:17.755+0000] {dag.py:3033} INFO - Sync 1 DAGs
[2024-01-13T12:22:17.768+0000] {logging_mixin.py:188} INFO - [2024-01-13T12:22:17.768+0000] {dag.py:3820} INFO - Setting next_dagrun for example_dag_decorator to None, run_after=None
[2024-01-13T12:22:17.797+0000] {processor.py:183} INFO - Processing /home/airflow/.local/lib/python3.8/site-packages/airflow/example_dags/example_dag_decorator.py took 0.507 seconds
[2024-01-13T12:22:49.408+0000] {processor.py:161} INFO - Started process (PID=1902) to work on /home/airflow/.local/lib/python3.8/site-packages/airflow/example_dags/example_dag_decorator.py
[2024-01-13T12:22:49.409+0000] {processor.py:830} INFO - Processing file /home/airflow/.local/lib/python3.8/site-packages/airflow/example_dags/example_dag_decorator.py for tasks to queue
[2024-01-13T12:22:49.413+0000] {logging_mixin.py:188} INFO - [2024-01-13T12:22:49.412+0000] {dagbag.py:538} INFO - Filling up the DagBag from /home/airflow/.local/lib/python3.8/site-packages/airflow/example_dags/example_dag_decorator.py
[2024-01-13T12:22:49.655+0000] {processor.py:840} INFO - DAG(s) 'example_dag_decorator' retrieved from /home/airflow/.local/lib/python3.8/site-packages/airflow/example_dags/example_dag_decorator.py
[2024-01-13T12:22:50.323+0000] {logging_mixin.py:188} INFO - [2024-01-13T12:22:50.323+0000] {dag.py:3033} INFO - Sync 1 DAGs
[2024-01-13T12:22:50.345+0000] {logging_mixin.py:188} INFO - [2024-01-13T12:22:50.345+0000] {dag.py:3820} INFO - Setting next_dagrun for example_dag_decorator to None, run_after=None
[2024-01-13T12:22:50.388+0000] {processor.py:183} INFO - Processing /home/airflow/.local/lib/python3.8/site-packages/airflow/example_dags/example_dag_decorator.py took 0.990 seconds
[2024-01-13T12:23:22.498+0000] {processor.py:161} INFO - Started process (PID=1964) to work on /home/airflow/.local/lib/python3.8/site-packages/airflow/example_dags/example_dag_decorator.py
[2024-01-13T12:23:22.501+0000] {processor.py:830} INFO - Processing file /home/airflow/.local/lib/python3.8/site-packages/airflow/example_dags/example_dag_decorator.py for tasks to queue
[2024-01-13T12:23:22.508+0000] {logging_mixin.py:188} INFO - [2024-01-13T12:23:22.507+0000] {dagbag.py:538} INFO - Filling up the DagBag from /home/airflow/.local/lib/python3.8/site-packages/airflow/example_dags/example_dag_decorator.py
[2024-01-13T12:23:22.929+0000] {processor.py:840} INFO - DAG(s) 'example_dag_decorator' retrieved from /home/airflow/.local/lib/python3.8/site-packages/airflow/example_dags/example_dag_decorator.py
[2024-01-13T12:23:23.068+0000] {logging_mixin.py:188} INFO - [2024-01-13T12:23:23.068+0000] {dag.py:3033} INFO - Sync 1 DAGs
[2024-01-13T12:23:23.081+0000] {logging_mixin.py:188} INFO - [2024-01-13T12:23:23.081+0000] {dag.py:3820} INFO - Setting next_dagrun for example_dag_decorator to None, run_after=None
[2024-01-13T12:23:23.105+0000] {processor.py:183} INFO - Processing /home/airflow/.local/lib/python3.8/site-packages/airflow/example_dags/example_dag_decorator.py took 0.613 seconds
[2024-01-13T12:23:53.431+0000] {processor.py:161} INFO - Started process (PID=2024) to work on /home/airflow/.local/lib/python3.8/site-packages/airflow/example_dags/example_dag_decorator.py
[2024-01-13T12:23:53.433+0000] {processor.py:830} INFO - Processing file /home/airflow/.local/lib/python3.8/site-packages/airflow/example_dags/example_dag_decorator.py for tasks to queue
[2024-01-13T12:23:53.437+0000] {logging_mixin.py:188} INFO - [2024-01-13T12:23:53.437+0000] {dagbag.py:538} INFO - Filling up the DagBag from /home/airflow/.local/lib/python3.8/site-packages/airflow/example_dags/example_dag_decorator.py
[2024-01-13T12:23:53.568+0000] {processor.py:840} INFO - DAG(s) 'example_dag_decorator' retrieved from /home/airflow/.local/lib/python3.8/site-packages/airflow/example_dags/example_dag_decorator.py
[2024-01-13T12:23:53.916+0000] {logging_mixin.py:188} INFO - [2024-01-13T12:23:53.916+0000] {dag.py:3033} INFO - Sync 1 DAGs
[2024-01-13T12:23:53.935+0000] {logging_mixin.py:188} INFO - [2024-01-13T12:23:53.935+0000] {dag.py:3820} INFO - Setting next_dagrun for example_dag_decorator to None, run_after=None
[2024-01-13T12:23:53.965+0000] {processor.py:183} INFO - Processing /home/airflow/.local/lib/python3.8/site-packages/airflow/example_dags/example_dag_decorator.py took 0.540 seconds
[2024-01-13T12:24:24.068+0000] {processor.py:161} INFO - Started process (PID=2086) to work on /home/airflow/.local/lib/python3.8/site-packages/airflow/example_dags/example_dag_decorator.py
[2024-01-13T12:24:24.069+0000] {processor.py:830} INFO - Processing file /home/airflow/.local/lib/python3.8/site-packages/airflow/example_dags/example_dag_decorator.py for tasks to queue
[2024-01-13T12:24:24.072+0000] {logging_mixin.py:188} INFO - [2024-01-13T12:24:24.072+0000] {dagbag.py:538} INFO - Filling up the DagBag from /home/airflow/.local/lib/python3.8/site-packages/airflow/example_dags/example_dag_decorator.py
[2024-01-13T12:24:24.188+0000] {processor.py:840} INFO - DAG(s) 'example_dag_decorator' retrieved from /home/airflow/.local/lib/python3.8/site-packages/airflow/example_dags/example_dag_decorator.py
[2024-01-13T12:24:24.572+0000] {logging_mixin.py:188} INFO - [2024-01-13T12:24:24.572+0000] {dag.py:3033} INFO - Sync 1 DAGs
[2024-01-13T12:24:24.591+0000] {logging_mixin.py:188} INFO - [2024-01-13T12:24:24.591+0000] {dag.py:3820} INFO - Setting next_dagrun for example_dag_decorator to None, run_after=None
[2024-01-13T12:24:24.616+0000] {processor.py:183} INFO - Processing /home/airflow/.local/lib/python3.8/site-packages/airflow/example_dags/example_dag_decorator.py took 0.554 seconds
[2024-01-13T12:24:54.839+0000] {processor.py:161} INFO - Started process (PID=2148) to work on /home/airflow/.local/lib/python3.8/site-packages/airflow/example_dags/example_dag_decorator.py
[2024-01-13T12:24:54.841+0000] {processor.py:830} INFO - Processing file /home/airflow/.local/lib/python3.8/site-packages/airflow/example_dags/example_dag_decorator.py for tasks to queue
[2024-01-13T12:24:54.845+0000] {logging_mixin.py:188} INFO - [2024-01-13T12:24:54.844+0000] {dagbag.py:538} INFO - Filling up the DagBag from /home/airflow/.local/lib/python3.8/site-packages/airflow/example_dags/example_dag_decorator.py
[2024-01-13T12:24:54.978+0000] {processor.py:840} INFO - DAG(s) 'example_dag_decorator' retrieved from /home/airflow/.local/lib/python3.8/site-packages/airflow/example_dags/example_dag_decorator.py
[2024-01-13T12:24:55.323+0000] {logging_mixin.py:188} INFO - [2024-01-13T12:24:55.323+0000] {dag.py:3033} INFO - Sync 1 DAGs
[2024-01-13T12:24:55.337+0000] {logging_mixin.py:188} INFO - [2024-01-13T12:24:55.337+0000] {dag.py:3820} INFO - Setting next_dagrun for example_dag_decorator to None, run_after=None
[2024-01-13T12:24:55.364+0000] {processor.py:183} INFO - Processing /home/airflow/.local/lib/python3.8/site-packages/airflow/example_dags/example_dag_decorator.py took 0.532 seconds
