[2024-01-13T11:57:40.914+0000] {processor.py:161} INFO - Started process (PID=47) to work on /home/airflow/.local/lib/python3.8/site-packages/airflow/example_dags/example_external_task_marker_dag.py
[2024-01-13T11:57:40.915+0000] {processor.py:830} INFO - Processing file /home/airflow/.local/lib/python3.8/site-packages/airflow/example_dags/example_external_task_marker_dag.py for tasks to queue
[2024-01-13T11:57:40.921+0000] {logging_mixin.py:188} INFO - [2024-01-13T11:57:40.921+0000] {dagbag.py:538} INFO - Filling up the DagBag from /home/airflow/.local/lib/python3.8/site-packages/airflow/example_dags/example_external_task_marker_dag.py
[2024-01-13T11:57:40.968+0000] {processor.py:840} INFO - DAG(s) 'example_external_task_marker_child', 'example_external_task_marker_parent' retrieved from /home/airflow/.local/lib/python3.8/site-packages/airflow/example_dags/example_external_task_marker_dag.py
[2024-01-13T11:57:41.449+0000] {logging_mixin.py:188} INFO - [2024-01-13T11:57:41.447+0000] {override.py:1769} INFO - Created Permission View: can edit on DAG:example_external_task_marker_child
[2024-01-13T11:57:41.475+0000] {logging_mixin.py:188} INFO - [2024-01-13T11:57:41.475+0000] {override.py:1769} INFO - Created Permission View: can read on DAG:example_external_task_marker_child
[2024-01-13T11:57:41.490+0000] {logging_mixin.py:188} INFO - [2024-01-13T11:57:41.489+0000] {override.py:1769} INFO - Created Permission View: can delete on DAG:example_external_task_marker_child
[2024-01-13T11:57:41.517+0000] {logging_mixin.py:188} INFO - [2024-01-13T11:57:41.517+0000] {override.py:1769} INFO - Created Permission View: can edit on DAG:example_external_task_marker_parent
[2024-01-13T11:57:41.531+0000] {logging_mixin.py:188} INFO - [2024-01-13T11:57:41.531+0000] {override.py:1769} INFO - Created Permission View: can read on DAG:example_external_task_marker_parent
[2024-01-13T11:57:41.595+0000] {logging_mixin.py:188} INFO - [2024-01-13T11:57:41.594+0000] {override.py:1769} INFO - Created Permission View: can delete on DAG:example_external_task_marker_parent
[2024-01-13T11:57:41.596+0000] {logging_mixin.py:188} INFO - [2024-01-13T11:57:41.595+0000] {dag.py:3033} INFO - Sync 2 DAGs
[2024-01-13T11:57:41.673+0000] {logging_mixin.py:188} INFO - [2024-01-13T11:57:41.673+0000] {dag.py:3055} INFO - Creating ORM DAG for example_external_task_marker_child
[2024-01-13T11:57:41.674+0000] {logging_mixin.py:188} INFO - [2024-01-13T11:57:41.674+0000] {dag.py:3055} INFO - Creating ORM DAG for example_external_task_marker_parent
[2024-01-13T11:57:41.675+0000] {logging_mixin.py:188} INFO - [2024-01-13T11:57:41.675+0000] {dag.py:3820} INFO - Setting next_dagrun for example_external_task_marker_child to None, run_after=None
[2024-01-13T11:57:41.676+0000] {logging_mixin.py:188} INFO - [2024-01-13T11:57:41.676+0000] {dag.py:3820} INFO - Setting next_dagrun for example_external_task_marker_parent to None, run_after=None
[2024-01-13T11:57:41.743+0000] {processor.py:183} INFO - Processing /home/airflow/.local/lib/python3.8/site-packages/airflow/example_dags/example_external_task_marker_dag.py took 0.863 seconds
[2024-01-13T11:58:12.191+0000] {processor.py:161} INFO - Started process (PID=106) to work on /home/airflow/.local/lib/python3.8/site-packages/airflow/example_dags/example_external_task_marker_dag.py
[2024-01-13T11:58:12.193+0000] {processor.py:830} INFO - Processing file /home/airflow/.local/lib/python3.8/site-packages/airflow/example_dags/example_external_task_marker_dag.py for tasks to queue
[2024-01-13T11:58:12.196+0000] {logging_mixin.py:188} INFO - [2024-01-13T11:58:12.196+0000] {dagbag.py:538} INFO - Filling up the DagBag from /home/airflow/.local/lib/python3.8/site-packages/airflow/example_dags/example_external_task_marker_dag.py
[2024-01-13T11:58:12.205+0000] {processor.py:840} INFO - DAG(s) 'example_external_task_marker_child', 'example_external_task_marker_parent' retrieved from /home/airflow/.local/lib/python3.8/site-packages/airflow/example_dags/example_external_task_marker_dag.py
[2024-01-13T11:58:12.244+0000] {logging_mixin.py:188} INFO - [2024-01-13T11:58:12.244+0000] {dag.py:3033} INFO - Sync 2 DAGs
[2024-01-13T11:58:12.261+0000] {logging_mixin.py:188} INFO - [2024-01-13T11:58:12.260+0000] {dag.py:3820} INFO - Setting next_dagrun for example_external_task_marker_child to None, run_after=None
[2024-01-13T11:58:12.265+0000] {logging_mixin.py:188} INFO - [2024-01-13T11:58:12.265+0000] {dag.py:3820} INFO - Setting next_dagrun for example_external_task_marker_parent to None, run_after=None
[2024-01-13T11:58:12.284+0000] {processor.py:183} INFO - Processing /home/airflow/.local/lib/python3.8/site-packages/airflow/example_dags/example_external_task_marker_dag.py took 0.097 seconds
[2024-01-13T11:58:42.737+0000] {processor.py:161} INFO - Started process (PID=164) to work on /home/airflow/.local/lib/python3.8/site-packages/airflow/example_dags/example_external_task_marker_dag.py
[2024-01-13T11:58:42.738+0000] {processor.py:830} INFO - Processing file /home/airflow/.local/lib/python3.8/site-packages/airflow/example_dags/example_external_task_marker_dag.py for tasks to queue
[2024-01-13T11:58:42.745+0000] {logging_mixin.py:188} INFO - [2024-01-13T11:58:42.745+0000] {dagbag.py:538} INFO - Filling up the DagBag from /home/airflow/.local/lib/python3.8/site-packages/airflow/example_dags/example_external_task_marker_dag.py
[2024-01-13T11:58:42.753+0000] {processor.py:840} INFO - DAG(s) 'example_external_task_marker_parent', 'example_external_task_marker_child' retrieved from /home/airflow/.local/lib/python3.8/site-packages/airflow/example_dags/example_external_task_marker_dag.py
[2024-01-13T11:58:42.786+0000] {logging_mixin.py:188} INFO - [2024-01-13T11:58:42.786+0000] {dag.py:3033} INFO - Sync 2 DAGs
[2024-01-13T11:58:42.803+0000] {logging_mixin.py:188} INFO - [2024-01-13T11:58:42.803+0000] {dag.py:3820} INFO - Setting next_dagrun for example_external_task_marker_child to None, run_after=None
[2024-01-13T11:58:42.809+0000] {logging_mixin.py:188} INFO - [2024-01-13T11:58:42.809+0000] {dag.py:3820} INFO - Setting next_dagrun for example_external_task_marker_parent to None, run_after=None
[2024-01-13T11:58:42.830+0000] {processor.py:183} INFO - Processing /home/airflow/.local/lib/python3.8/site-packages/airflow/example_dags/example_external_task_marker_dag.py took 0.098 seconds
[2024-01-13T11:59:13.041+0000] {processor.py:161} INFO - Started process (PID=223) to work on /home/airflow/.local/lib/python3.8/site-packages/airflow/example_dags/example_external_task_marker_dag.py
[2024-01-13T11:59:13.101+0000] {processor.py:830} INFO - Processing file /home/airflow/.local/lib/python3.8/site-packages/airflow/example_dags/example_external_task_marker_dag.py for tasks to queue
[2024-01-13T11:59:13.104+0000] {logging_mixin.py:188} INFO - [2024-01-13T11:59:13.104+0000] {dagbag.py:538} INFO - Filling up the DagBag from /home/airflow/.local/lib/python3.8/site-packages/airflow/example_dags/example_external_task_marker_dag.py
[2024-01-13T11:59:13.113+0000] {processor.py:840} INFO - DAG(s) 'example_external_task_marker_parent', 'example_external_task_marker_child' retrieved from /home/airflow/.local/lib/python3.8/site-packages/airflow/example_dags/example_external_task_marker_dag.py
[2024-01-13T11:59:13.145+0000] {logging_mixin.py:188} INFO - [2024-01-13T11:59:13.145+0000] {dag.py:3033} INFO - Sync 2 DAGs
[2024-01-13T11:59:13.162+0000] {logging_mixin.py:188} INFO - [2024-01-13T11:59:13.161+0000] {dag.py:3820} INFO - Setting next_dagrun for example_external_task_marker_child to None, run_after=None
[2024-01-13T11:59:13.166+0000] {logging_mixin.py:188} INFO - [2024-01-13T11:59:13.166+0000] {dag.py:3820} INFO - Setting next_dagrun for example_external_task_marker_parent to None, run_after=None
[2024-01-13T11:59:13.187+0000] {processor.py:183} INFO - Processing /home/airflow/.local/lib/python3.8/site-packages/airflow/example_dags/example_external_task_marker_dag.py took 0.151 seconds
[2024-01-13T11:59:43.344+0000] {processor.py:161} INFO - Started process (PID=285) to work on /home/airflow/.local/lib/python3.8/site-packages/airflow/example_dags/example_external_task_marker_dag.py
[2024-01-13T11:59:43.346+0000] {processor.py:830} INFO - Processing file /home/airflow/.local/lib/python3.8/site-packages/airflow/example_dags/example_external_task_marker_dag.py for tasks to queue
[2024-01-13T11:59:43.349+0000] {logging_mixin.py:188} INFO - [2024-01-13T11:59:43.349+0000] {dagbag.py:538} INFO - Filling up the DagBag from /home/airflow/.local/lib/python3.8/site-packages/airflow/example_dags/example_external_task_marker_dag.py
[2024-01-13T11:59:43.357+0000] {processor.py:840} INFO - DAG(s) 'example_external_task_marker_child', 'example_external_task_marker_parent' retrieved from /home/airflow/.local/lib/python3.8/site-packages/airflow/example_dags/example_external_task_marker_dag.py
[2024-01-13T11:59:43.389+0000] {logging_mixin.py:188} INFO - [2024-01-13T11:59:43.389+0000] {dag.py:3033} INFO - Sync 2 DAGs
[2024-01-13T11:59:43.406+0000] {logging_mixin.py:188} INFO - [2024-01-13T11:59:43.406+0000] {dag.py:3820} INFO - Setting next_dagrun for example_external_task_marker_child to None, run_after=None
[2024-01-13T11:59:43.411+0000] {logging_mixin.py:188} INFO - [2024-01-13T11:59:43.411+0000] {dag.py:3820} INFO - Setting next_dagrun for example_external_task_marker_parent to None, run_after=None
[2024-01-13T11:59:43.432+0000] {processor.py:183} INFO - Processing /home/airflow/.local/lib/python3.8/site-packages/airflow/example_dags/example_external_task_marker_dag.py took 0.093 seconds
[2024-01-13T12:00:13.638+0000] {processor.py:161} INFO - Started process (PID=344) to work on /home/airflow/.local/lib/python3.8/site-packages/airflow/example_dags/example_external_task_marker_dag.py
[2024-01-13T12:00:13.639+0000] {processor.py:830} INFO - Processing file /home/airflow/.local/lib/python3.8/site-packages/airflow/example_dags/example_external_task_marker_dag.py for tasks to queue
[2024-01-13T12:00:13.643+0000] {logging_mixin.py:188} INFO - [2024-01-13T12:00:13.643+0000] {dagbag.py:538} INFO - Filling up the DagBag from /home/airflow/.local/lib/python3.8/site-packages/airflow/example_dags/example_external_task_marker_dag.py
[2024-01-13T12:00:13.651+0000] {processor.py:840} INFO - DAG(s) 'example_external_task_marker_child', 'example_external_task_marker_parent' retrieved from /home/airflow/.local/lib/python3.8/site-packages/airflow/example_dags/example_external_task_marker_dag.py
[2024-01-13T12:00:13.687+0000] {logging_mixin.py:188} INFO - [2024-01-13T12:00:13.686+0000] {dag.py:3033} INFO - Sync 2 DAGs
[2024-01-13T12:00:13.706+0000] {logging_mixin.py:188} INFO - [2024-01-13T12:00:13.706+0000] {dag.py:3820} INFO - Setting next_dagrun for example_external_task_marker_child to None, run_after=None
[2024-01-13T12:00:13.710+0000] {logging_mixin.py:188} INFO - [2024-01-13T12:00:13.710+0000] {dag.py:3820} INFO - Setting next_dagrun for example_external_task_marker_parent to None, run_after=None
[2024-01-13T12:00:13.732+0000] {processor.py:183} INFO - Processing /home/airflow/.local/lib/python3.8/site-packages/airflow/example_dags/example_external_task_marker_dag.py took 0.099 seconds
[2024-01-13T12:00:44.314+0000] {processor.py:161} INFO - Started process (PID=403) to work on /home/airflow/.local/lib/python3.8/site-packages/airflow/example_dags/example_external_task_marker_dag.py
[2024-01-13T12:00:44.316+0000] {processor.py:830} INFO - Processing file /home/airflow/.local/lib/python3.8/site-packages/airflow/example_dags/example_external_task_marker_dag.py for tasks to queue
[2024-01-13T12:00:44.319+0000] {logging_mixin.py:188} INFO - [2024-01-13T12:00:44.319+0000] {dagbag.py:538} INFO - Filling up the DagBag from /home/airflow/.local/lib/python3.8/site-packages/airflow/example_dags/example_external_task_marker_dag.py
[2024-01-13T12:00:44.328+0000] {processor.py:840} INFO - DAG(s) 'example_external_task_marker_parent', 'example_external_task_marker_child' retrieved from /home/airflow/.local/lib/python3.8/site-packages/airflow/example_dags/example_external_task_marker_dag.py
[2024-01-13T12:00:44.364+0000] {logging_mixin.py:188} INFO - [2024-01-13T12:00:44.364+0000] {dag.py:3033} INFO - Sync 2 DAGs
[2024-01-13T12:00:44.383+0000] {logging_mixin.py:188} INFO - [2024-01-13T12:00:44.383+0000] {dag.py:3820} INFO - Setting next_dagrun for example_external_task_marker_child to None, run_after=None
[2024-01-13T12:00:44.388+0000] {logging_mixin.py:188} INFO - [2024-01-13T12:00:44.388+0000] {dag.py:3820} INFO - Setting next_dagrun for example_external_task_marker_parent to None, run_after=None
[2024-01-13T12:00:44.407+0000] {processor.py:183} INFO - Processing /home/airflow/.local/lib/python3.8/site-packages/airflow/example_dags/example_external_task_marker_dag.py took 0.098 seconds
[2024-01-13T12:01:14.680+0000] {processor.py:161} INFO - Started process (PID=462) to work on /home/airflow/.local/lib/python3.8/site-packages/airflow/example_dags/example_external_task_marker_dag.py
[2024-01-13T12:01:14.681+0000] {processor.py:830} INFO - Processing file /home/airflow/.local/lib/python3.8/site-packages/airflow/example_dags/example_external_task_marker_dag.py for tasks to queue
[2024-01-13T12:01:14.684+0000] {logging_mixin.py:188} INFO - [2024-01-13T12:01:14.684+0000] {dagbag.py:538} INFO - Filling up the DagBag from /home/airflow/.local/lib/python3.8/site-packages/airflow/example_dags/example_external_task_marker_dag.py
[2024-01-13T12:01:14.692+0000] {processor.py:840} INFO - DAG(s) 'example_external_task_marker_parent', 'example_external_task_marker_child' retrieved from /home/airflow/.local/lib/python3.8/site-packages/airflow/example_dags/example_external_task_marker_dag.py
[2024-01-13T12:01:14.726+0000] {logging_mixin.py:188} INFO - [2024-01-13T12:01:14.725+0000] {dag.py:3033} INFO - Sync 2 DAGs
[2024-01-13T12:01:14.742+0000] {logging_mixin.py:188} INFO - [2024-01-13T12:01:14.742+0000] {dag.py:3820} INFO - Setting next_dagrun for example_external_task_marker_child to None, run_after=None
[2024-01-13T12:01:14.747+0000] {logging_mixin.py:188} INFO - [2024-01-13T12:01:14.746+0000] {dag.py:3820} INFO - Setting next_dagrun for example_external_task_marker_parent to None, run_after=None
[2024-01-13T12:01:14.765+0000] {processor.py:183} INFO - Processing /home/airflow/.local/lib/python3.8/site-packages/airflow/example_dags/example_external_task_marker_dag.py took 0.090 seconds
[2024-01-13T12:01:44.989+0000] {processor.py:161} INFO - Started process (PID=521) to work on /home/airflow/.local/lib/python3.8/site-packages/airflow/example_dags/example_external_task_marker_dag.py
[2024-01-13T12:01:44.991+0000] {processor.py:830} INFO - Processing file /home/airflow/.local/lib/python3.8/site-packages/airflow/example_dags/example_external_task_marker_dag.py for tasks to queue
[2024-01-13T12:01:44.996+0000] {logging_mixin.py:188} INFO - [2024-01-13T12:01:44.995+0000] {dagbag.py:538} INFO - Filling up the DagBag from /home/airflow/.local/lib/python3.8/site-packages/airflow/example_dags/example_external_task_marker_dag.py
[2024-01-13T12:01:45.011+0000] {processor.py:840} INFO - DAG(s) 'example_external_task_marker_child', 'example_external_task_marker_parent' retrieved from /home/airflow/.local/lib/python3.8/site-packages/airflow/example_dags/example_external_task_marker_dag.py
[2024-01-13T12:01:45.042+0000] {logging_mixin.py:188} INFO - [2024-01-13T12:01:45.042+0000] {dag.py:3033} INFO - Sync 2 DAGs
[2024-01-13T12:01:45.059+0000] {logging_mixin.py:188} INFO - [2024-01-13T12:01:45.059+0000] {dag.py:3820} INFO - Setting next_dagrun for example_external_task_marker_child to None, run_after=None
[2024-01-13T12:01:45.064+0000] {logging_mixin.py:188} INFO - [2024-01-13T12:01:45.064+0000] {dag.py:3820} INFO - Setting next_dagrun for example_external_task_marker_parent to None, run_after=None
[2024-01-13T12:01:45.083+0000] {processor.py:183} INFO - Processing /home/airflow/.local/lib/python3.8/site-packages/airflow/example_dags/example_external_task_marker_dag.py took 0.098 seconds
[2024-01-13T12:02:15.324+0000] {processor.py:161} INFO - Started process (PID=587) to work on /home/airflow/.local/lib/python3.8/site-packages/airflow/example_dags/example_external_task_marker_dag.py
[2024-01-13T12:02:15.325+0000] {processor.py:830} INFO - Processing file /home/airflow/.local/lib/python3.8/site-packages/airflow/example_dags/example_external_task_marker_dag.py for tasks to queue
[2024-01-13T12:02:15.329+0000] {logging_mixin.py:188} INFO - [2024-01-13T12:02:15.328+0000] {dagbag.py:538} INFO - Filling up the DagBag from /home/airflow/.local/lib/python3.8/site-packages/airflow/example_dags/example_external_task_marker_dag.py
[2024-01-13T12:02:15.337+0000] {processor.py:840} INFO - DAG(s) 'example_external_task_marker_child', 'example_external_task_marker_parent' retrieved from /home/airflow/.local/lib/python3.8/site-packages/airflow/example_dags/example_external_task_marker_dag.py
[2024-01-13T12:02:15.370+0000] {logging_mixin.py:188} INFO - [2024-01-13T12:02:15.369+0000] {dag.py:3033} INFO - Sync 2 DAGs
[2024-01-13T12:02:15.387+0000] {logging_mixin.py:188} INFO - [2024-01-13T12:02:15.386+0000] {dag.py:3820} INFO - Setting next_dagrun for example_external_task_marker_child to None, run_after=None
[2024-01-13T12:02:15.391+0000] {logging_mixin.py:188} INFO - [2024-01-13T12:02:15.391+0000] {dag.py:3820} INFO - Setting next_dagrun for example_external_task_marker_parent to None, run_after=None
[2024-01-13T12:02:15.410+0000] {processor.py:183} INFO - Processing /home/airflow/.local/lib/python3.8/site-packages/airflow/example_dags/example_external_task_marker_dag.py took 0.092 seconds
[2024-01-13T12:02:46.084+0000] {processor.py:161} INFO - Started process (PID=666) to work on /home/airflow/.local/lib/python3.8/site-packages/airflow/example_dags/example_external_task_marker_dag.py
[2024-01-13T12:02:46.089+0000] {processor.py:830} INFO - Processing file /home/airflow/.local/lib/python3.8/site-packages/airflow/example_dags/example_external_task_marker_dag.py for tasks to queue
[2024-01-13T12:02:46.096+0000] {logging_mixin.py:188} INFO - [2024-01-13T12:02:46.095+0000] {dagbag.py:538} INFO - Filling up the DagBag from /home/airflow/.local/lib/python3.8/site-packages/airflow/example_dags/example_external_task_marker_dag.py
[2024-01-13T12:02:46.116+0000] {processor.py:840} INFO - DAG(s) 'example_external_task_marker_parent', 'example_external_task_marker_child' retrieved from /home/airflow/.local/lib/python3.8/site-packages/airflow/example_dags/example_external_task_marker_dag.py
[2024-01-13T12:02:46.212+0000] {logging_mixin.py:188} INFO - [2024-01-13T12:02:46.211+0000] {dag.py:3033} INFO - Sync 2 DAGs
[2024-01-13T12:02:46.274+0000] {logging_mixin.py:188} INFO - [2024-01-13T12:02:46.274+0000] {dag.py:3820} INFO - Setting next_dagrun for example_external_task_marker_child to None, run_after=None
[2024-01-13T12:02:46.294+0000] {logging_mixin.py:188} INFO - [2024-01-13T12:02:46.294+0000] {dag.py:3820} INFO - Setting next_dagrun for example_external_task_marker_parent to None, run_after=None
[2024-01-13T12:02:46.356+0000] {processor.py:183} INFO - Processing /home/airflow/.local/lib/python3.8/site-packages/airflow/example_dags/example_external_task_marker_dag.py took 0.283 seconds
[2024-01-13T12:07:38.532+0000] {processor.py:161} INFO - Started process (PID=42) to work on /home/airflow/.local/lib/python3.8/site-packages/airflow/example_dags/example_external_task_marker_dag.py
[2024-01-13T12:07:38.537+0000] {processor.py:830} INFO - Processing file /home/airflow/.local/lib/python3.8/site-packages/airflow/example_dags/example_external_task_marker_dag.py for tasks to queue
[2024-01-13T12:07:38.542+0000] {logging_mixin.py:188} INFO - [2024-01-13T12:07:38.541+0000] {dagbag.py:538} INFO - Filling up the DagBag from /home/airflow/.local/lib/python3.8/site-packages/airflow/example_dags/example_external_task_marker_dag.py
[2024-01-13T12:07:38.557+0000] {processor.py:840} INFO - DAG(s) 'example_external_task_marker_parent', 'example_external_task_marker_child' retrieved from /home/airflow/.local/lib/python3.8/site-packages/airflow/example_dags/example_external_task_marker_dag.py
[2024-01-13T12:07:38.587+0000] {logging_mixin.py:188} INFO - [2024-01-13T12:07:38.586+0000] {dag.py:3033} INFO - Sync 2 DAGs
[2024-01-13T12:07:38.620+0000] {logging_mixin.py:188} INFO - [2024-01-13T12:07:38.620+0000] {dag.py:3820} INFO - Setting next_dagrun for example_external_task_marker_child to None, run_after=None
[2024-01-13T12:07:38.627+0000] {logging_mixin.py:188} INFO - [2024-01-13T12:07:38.627+0000] {dag.py:3820} INFO - Setting next_dagrun for example_external_task_marker_parent to None, run_after=None
[2024-01-13T12:07:38.705+0000] {processor.py:183} INFO - Processing /home/airflow/.local/lib/python3.8/site-packages/airflow/example_dags/example_external_task_marker_dag.py took 0.184 seconds
[2024-01-13T12:08:11.098+0000] {processor.py:161} INFO - Started process (PID=128) to work on /home/airflow/.local/lib/python3.8/site-packages/airflow/example_dags/example_external_task_marker_dag.py
[2024-01-13T12:08:11.100+0000] {processor.py:830} INFO - Processing file /home/airflow/.local/lib/python3.8/site-packages/airflow/example_dags/example_external_task_marker_dag.py for tasks to queue
[2024-01-13T12:08:11.104+0000] {logging_mixin.py:188} INFO - [2024-01-13T12:08:11.104+0000] {dagbag.py:538} INFO - Filling up the DagBag from /home/airflow/.local/lib/python3.8/site-packages/airflow/example_dags/example_external_task_marker_dag.py
[2024-01-13T12:08:11.119+0000] {processor.py:840} INFO - DAG(s) 'example_external_task_marker_parent', 'example_external_task_marker_child' retrieved from /home/airflow/.local/lib/python3.8/site-packages/airflow/example_dags/example_external_task_marker_dag.py
[2024-01-13T12:08:11.422+0000] {logging_mixin.py:188} INFO - [2024-01-13T12:08:11.421+0000] {dag.py:3033} INFO - Sync 2 DAGs
[2024-01-13T12:08:11.452+0000] {logging_mixin.py:188} INFO - [2024-01-13T12:08:11.452+0000] {dag.py:3820} INFO - Setting next_dagrun for example_external_task_marker_child to None, run_after=None
[2024-01-13T12:08:11.460+0000] {logging_mixin.py:188} INFO - [2024-01-13T12:08:11.460+0000] {dag.py:3820} INFO - Setting next_dagrun for example_external_task_marker_parent to None, run_after=None
[2024-01-13T12:08:11.496+0000] {processor.py:183} INFO - Processing /home/airflow/.local/lib/python3.8/site-packages/airflow/example_dags/example_external_task_marker_dag.py took 0.408 seconds
[2024-01-13T12:08:42.168+0000] {processor.py:161} INFO - Started process (PID=187) to work on /home/airflow/.local/lib/python3.8/site-packages/airflow/example_dags/example_external_task_marker_dag.py
[2024-01-13T12:08:42.170+0000] {processor.py:830} INFO - Processing file /home/airflow/.local/lib/python3.8/site-packages/airflow/example_dags/example_external_task_marker_dag.py for tasks to queue
[2024-01-13T12:08:42.174+0000] {logging_mixin.py:188} INFO - [2024-01-13T12:08:42.173+0000] {dagbag.py:538} INFO - Filling up the DagBag from /home/airflow/.local/lib/python3.8/site-packages/airflow/example_dags/example_external_task_marker_dag.py
[2024-01-13T12:08:42.185+0000] {processor.py:840} INFO - DAG(s) 'example_external_task_marker_child', 'example_external_task_marker_parent' retrieved from /home/airflow/.local/lib/python3.8/site-packages/airflow/example_dags/example_external_task_marker_dag.py
[2024-01-13T12:08:42.217+0000] {logging_mixin.py:188} INFO - [2024-01-13T12:08:42.217+0000] {dag.py:3033} INFO - Sync 2 DAGs
[2024-01-13T12:08:42.234+0000] {logging_mixin.py:188} INFO - [2024-01-13T12:08:42.234+0000] {dag.py:3820} INFO - Setting next_dagrun for example_external_task_marker_child to None, run_after=None
[2024-01-13T12:08:42.238+0000] {logging_mixin.py:188} INFO - [2024-01-13T12:08:42.238+0000] {dag.py:3820} INFO - Setting next_dagrun for example_external_task_marker_parent to None, run_after=None
[2024-01-13T12:08:42.260+0000] {processor.py:183} INFO - Processing /home/airflow/.local/lib/python3.8/site-packages/airflow/example_dags/example_external_task_marker_dag.py took 0.100 seconds
[2024-01-13T12:09:12.716+0000] {processor.py:161} INFO - Started process (PID=246) to work on /home/airflow/.local/lib/python3.8/site-packages/airflow/example_dags/example_external_task_marker_dag.py
[2024-01-13T12:09:12.717+0000] {processor.py:830} INFO - Processing file /home/airflow/.local/lib/python3.8/site-packages/airflow/example_dags/example_external_task_marker_dag.py for tasks to queue
[2024-01-13T12:09:12.721+0000] {logging_mixin.py:188} INFO - [2024-01-13T12:09:12.721+0000] {dagbag.py:538} INFO - Filling up the DagBag from /home/airflow/.local/lib/python3.8/site-packages/airflow/example_dags/example_external_task_marker_dag.py
[2024-01-13T12:09:12.730+0000] {processor.py:840} INFO - DAG(s) 'example_external_task_marker_child', 'example_external_task_marker_parent' retrieved from /home/airflow/.local/lib/python3.8/site-packages/airflow/example_dags/example_external_task_marker_dag.py
[2024-01-13T12:09:12.761+0000] {logging_mixin.py:188} INFO - [2024-01-13T12:09:12.761+0000] {dag.py:3033} INFO - Sync 2 DAGs
[2024-01-13T12:09:12.780+0000] {logging_mixin.py:188} INFO - [2024-01-13T12:09:12.779+0000] {dag.py:3820} INFO - Setting next_dagrun for example_external_task_marker_child to None, run_after=None
[2024-01-13T12:09:12.786+0000] {logging_mixin.py:188} INFO - [2024-01-13T12:09:12.786+0000] {dag.py:3820} INFO - Setting next_dagrun for example_external_task_marker_parent to None, run_after=None
[2024-01-13T12:09:12.810+0000] {processor.py:183} INFO - Processing /home/airflow/.local/lib/python3.8/site-packages/airflow/example_dags/example_external_task_marker_dag.py took 0.100 seconds
[2024-01-13T12:09:43.020+0000] {processor.py:161} INFO - Started process (PID=306) to work on /home/airflow/.local/lib/python3.8/site-packages/airflow/example_dags/example_external_task_marker_dag.py
[2024-01-13T12:09:43.023+0000] {processor.py:830} INFO - Processing file /home/airflow/.local/lib/python3.8/site-packages/airflow/example_dags/example_external_task_marker_dag.py for tasks to queue
[2024-01-13T12:09:43.027+0000] {logging_mixin.py:188} INFO - [2024-01-13T12:09:43.027+0000] {dagbag.py:538} INFO - Filling up the DagBag from /home/airflow/.local/lib/python3.8/site-packages/airflow/example_dags/example_external_task_marker_dag.py
[2024-01-13T12:09:43.037+0000] {processor.py:840} INFO - DAG(s) 'example_external_task_marker_parent', 'example_external_task_marker_child' retrieved from /home/airflow/.local/lib/python3.8/site-packages/airflow/example_dags/example_external_task_marker_dag.py
[2024-01-13T12:09:43.078+0000] {logging_mixin.py:188} INFO - [2024-01-13T12:09:43.078+0000] {dag.py:3033} INFO - Sync 2 DAGs
[2024-01-13T12:09:43.097+0000] {logging_mixin.py:188} INFO - [2024-01-13T12:09:43.097+0000] {dag.py:3820} INFO - Setting next_dagrun for example_external_task_marker_child to None, run_after=None
[2024-01-13T12:09:43.102+0000] {logging_mixin.py:188} INFO - [2024-01-13T12:09:43.101+0000] {dag.py:3820} INFO - Setting next_dagrun for example_external_task_marker_parent to None, run_after=None
[2024-01-13T12:09:43.121+0000] {processor.py:183} INFO - Processing /home/airflow/.local/lib/python3.8/site-packages/airflow/example_dags/example_external_task_marker_dag.py took 0.108 seconds
[2024-01-13T12:10:13.859+0000] {processor.py:161} INFO - Started process (PID=371) to work on /home/airflow/.local/lib/python3.8/site-packages/airflow/example_dags/example_external_task_marker_dag.py
[2024-01-13T12:10:13.860+0000] {processor.py:830} INFO - Processing file /home/airflow/.local/lib/python3.8/site-packages/airflow/example_dags/example_external_task_marker_dag.py for tasks to queue
[2024-01-13T12:10:13.863+0000] {logging_mixin.py:188} INFO - [2024-01-13T12:10:13.863+0000] {dagbag.py:538} INFO - Filling up the DagBag from /home/airflow/.local/lib/python3.8/site-packages/airflow/example_dags/example_external_task_marker_dag.py
[2024-01-13T12:10:13.872+0000] {processor.py:840} INFO - DAG(s) 'example_external_task_marker_parent', 'example_external_task_marker_child' retrieved from /home/airflow/.local/lib/python3.8/site-packages/airflow/example_dags/example_external_task_marker_dag.py
[2024-01-13T12:10:13.904+0000] {logging_mixin.py:188} INFO - [2024-01-13T12:10:13.904+0000] {dag.py:3033} INFO - Sync 2 DAGs
[2024-01-13T12:10:13.920+0000] {logging_mixin.py:188} INFO - [2024-01-13T12:10:13.920+0000] {dag.py:3820} INFO - Setting next_dagrun for example_external_task_marker_child to None, run_after=None
[2024-01-13T12:10:13.925+0000] {logging_mixin.py:188} INFO - [2024-01-13T12:10:13.925+0000] {dag.py:3820} INFO - Setting next_dagrun for example_external_task_marker_parent to None, run_after=None
[2024-01-13T12:10:13.947+0000] {processor.py:183} INFO - Processing /home/airflow/.local/lib/python3.8/site-packages/airflow/example_dags/example_external_task_marker_dag.py took 0.094 seconds
[2024-01-13T12:10:45.251+0000] {processor.py:161} INFO - Started process (PID=430) to work on /home/airflow/.local/lib/python3.8/site-packages/airflow/example_dags/example_external_task_marker_dag.py
[2024-01-13T12:10:45.253+0000] {processor.py:830} INFO - Processing file /home/airflow/.local/lib/python3.8/site-packages/airflow/example_dags/example_external_task_marker_dag.py for tasks to queue
[2024-01-13T12:10:45.256+0000] {logging_mixin.py:188} INFO - [2024-01-13T12:10:45.255+0000] {dagbag.py:538} INFO - Filling up the DagBag from /home/airflow/.local/lib/python3.8/site-packages/airflow/example_dags/example_external_task_marker_dag.py
[2024-01-13T12:10:45.264+0000] {processor.py:840} INFO - DAG(s) 'example_external_task_marker_parent', 'example_external_task_marker_child' retrieved from /home/airflow/.local/lib/python3.8/site-packages/airflow/example_dags/example_external_task_marker_dag.py
[2024-01-13T12:10:45.298+0000] {logging_mixin.py:188} INFO - [2024-01-13T12:10:45.298+0000] {dag.py:3033} INFO - Sync 2 DAGs
[2024-01-13T12:10:45.314+0000] {logging_mixin.py:188} INFO - [2024-01-13T12:10:45.314+0000] {dag.py:3820} INFO - Setting next_dagrun for example_external_task_marker_child to None, run_after=None
[2024-01-13T12:10:45.319+0000] {logging_mixin.py:188} INFO - [2024-01-13T12:10:45.319+0000] {dag.py:3820} INFO - Setting next_dagrun for example_external_task_marker_parent to None, run_after=None
[2024-01-13T12:10:45.339+0000] {processor.py:183} INFO - Processing /home/airflow/.local/lib/python3.8/site-packages/airflow/example_dags/example_external_task_marker_dag.py took 0.094 seconds
[2024-01-13T12:11:16.428+0000] {processor.py:161} INFO - Started process (PID=489) to work on /home/airflow/.local/lib/python3.8/site-packages/airflow/example_dags/example_external_task_marker_dag.py
[2024-01-13T12:11:16.429+0000] {processor.py:830} INFO - Processing file /home/airflow/.local/lib/python3.8/site-packages/airflow/example_dags/example_external_task_marker_dag.py for tasks to queue
[2024-01-13T12:11:16.432+0000] {logging_mixin.py:188} INFO - [2024-01-13T12:11:16.432+0000] {dagbag.py:538} INFO - Filling up the DagBag from /home/airflow/.local/lib/python3.8/site-packages/airflow/example_dags/example_external_task_marker_dag.py
[2024-01-13T12:11:16.440+0000] {processor.py:840} INFO - DAG(s) 'example_external_task_marker_child', 'example_external_task_marker_parent' retrieved from /home/airflow/.local/lib/python3.8/site-packages/airflow/example_dags/example_external_task_marker_dag.py
[2024-01-13T12:11:16.473+0000] {logging_mixin.py:188} INFO - [2024-01-13T12:11:16.473+0000] {dag.py:3033} INFO - Sync 2 DAGs
[2024-01-13T12:11:16.490+0000] {logging_mixin.py:188} INFO - [2024-01-13T12:11:16.490+0000] {dag.py:3820} INFO - Setting next_dagrun for example_external_task_marker_child to None, run_after=None
[2024-01-13T12:11:16.495+0000] {logging_mixin.py:188} INFO - [2024-01-13T12:11:16.495+0000] {dag.py:3820} INFO - Setting next_dagrun for example_external_task_marker_parent to None, run_after=None
[2024-01-13T12:11:16.516+0000] {processor.py:183} INFO - Processing /home/airflow/.local/lib/python3.8/site-packages/airflow/example_dags/example_external_task_marker_dag.py took 0.093 seconds
[2024-01-13T12:11:47.798+0000] {processor.py:161} INFO - Started process (PID=548) to work on /home/airflow/.local/lib/python3.8/site-packages/airflow/example_dags/example_external_task_marker_dag.py
[2024-01-13T12:11:47.802+0000] {processor.py:830} INFO - Processing file /home/airflow/.local/lib/python3.8/site-packages/airflow/example_dags/example_external_task_marker_dag.py for tasks to queue
[2024-01-13T12:11:47.804+0000] {logging_mixin.py:188} INFO - [2024-01-13T12:11:47.804+0000] {dagbag.py:538} INFO - Filling up the DagBag from /home/airflow/.local/lib/python3.8/site-packages/airflow/example_dags/example_external_task_marker_dag.py
[2024-01-13T12:11:47.814+0000] {processor.py:840} INFO - DAG(s) 'example_external_task_marker_child', 'example_external_task_marker_parent' retrieved from /home/airflow/.local/lib/python3.8/site-packages/airflow/example_dags/example_external_task_marker_dag.py
[2024-01-13T12:11:47.849+0000] {logging_mixin.py:188} INFO - [2024-01-13T12:11:47.849+0000] {dag.py:3033} INFO - Sync 2 DAGs
[2024-01-13T12:11:47.874+0000] {logging_mixin.py:188} INFO - [2024-01-13T12:11:47.873+0000] {dag.py:3820} INFO - Setting next_dagrun for example_external_task_marker_child to None, run_after=None
[2024-01-13T12:11:47.879+0000] {logging_mixin.py:188} INFO - [2024-01-13T12:11:47.878+0000] {dag.py:3820} INFO - Setting next_dagrun for example_external_task_marker_parent to None, run_after=None
[2024-01-13T12:11:47.899+0000] {processor.py:183} INFO - Processing /home/airflow/.local/lib/python3.8/site-packages/airflow/example_dags/example_external_task_marker_dag.py took 0.107 seconds
[2024-01-13T12:12:19.065+0000] {processor.py:161} INFO - Started process (PID=607) to work on /home/airflow/.local/lib/python3.8/site-packages/airflow/example_dags/example_external_task_marker_dag.py
[2024-01-13T12:12:19.067+0000] {processor.py:830} INFO - Processing file /home/airflow/.local/lib/python3.8/site-packages/airflow/example_dags/example_external_task_marker_dag.py for tasks to queue
[2024-01-13T12:12:19.070+0000] {logging_mixin.py:188} INFO - [2024-01-13T12:12:19.070+0000] {dagbag.py:538} INFO - Filling up the DagBag from /home/airflow/.local/lib/python3.8/site-packages/airflow/example_dags/example_external_task_marker_dag.py
[2024-01-13T12:12:19.078+0000] {processor.py:840} INFO - DAG(s) 'example_external_task_marker_child', 'example_external_task_marker_parent' retrieved from /home/airflow/.local/lib/python3.8/site-packages/airflow/example_dags/example_external_task_marker_dag.py
[2024-01-13T12:12:19.110+0000] {logging_mixin.py:188} INFO - [2024-01-13T12:12:19.110+0000] {dag.py:3033} INFO - Sync 2 DAGs
[2024-01-13T12:12:19.132+0000] {logging_mixin.py:188} INFO - [2024-01-13T12:12:19.132+0000] {dag.py:3820} INFO - Setting next_dagrun for example_external_task_marker_child to None, run_after=None
[2024-01-13T12:12:19.138+0000] {logging_mixin.py:188} INFO - [2024-01-13T12:12:19.138+0000] {dag.py:3820} INFO - Setting next_dagrun for example_external_task_marker_parent to None, run_after=None
[2024-01-13T12:12:19.164+0000] {processor.py:183} INFO - Processing /home/airflow/.local/lib/python3.8/site-packages/airflow/example_dags/example_external_task_marker_dag.py took 0.104 seconds
[2024-01-13T12:12:50.735+0000] {processor.py:161} INFO - Started process (PID=666) to work on /home/airflow/.local/lib/python3.8/site-packages/airflow/example_dags/example_external_task_marker_dag.py
[2024-01-13T12:12:50.736+0000] {processor.py:830} INFO - Processing file /home/airflow/.local/lib/python3.8/site-packages/airflow/example_dags/example_external_task_marker_dag.py for tasks to queue
[2024-01-13T12:12:50.739+0000] {logging_mixin.py:188} INFO - [2024-01-13T12:12:50.739+0000] {dagbag.py:538} INFO - Filling up the DagBag from /home/airflow/.local/lib/python3.8/site-packages/airflow/example_dags/example_external_task_marker_dag.py
[2024-01-13T12:12:50.750+0000] {processor.py:840} INFO - DAG(s) 'example_external_task_marker_parent', 'example_external_task_marker_child' retrieved from /home/airflow/.local/lib/python3.8/site-packages/airflow/example_dags/example_external_task_marker_dag.py
[2024-01-13T12:12:50.794+0000] {logging_mixin.py:188} INFO - [2024-01-13T12:12:50.793+0000] {dag.py:3033} INFO - Sync 2 DAGs
[2024-01-13T12:12:50.820+0000] {logging_mixin.py:188} INFO - [2024-01-13T12:12:50.819+0000] {dag.py:3820} INFO - Setting next_dagrun for example_external_task_marker_child to None, run_after=None
[2024-01-13T12:12:50.828+0000] {logging_mixin.py:188} INFO - [2024-01-13T12:12:50.827+0000] {dag.py:3820} INFO - Setting next_dagrun for example_external_task_marker_parent to None, run_after=None
[2024-01-13T12:12:50.857+0000] {processor.py:183} INFO - Processing /home/airflow/.local/lib/python3.8/site-packages/airflow/example_dags/example_external_task_marker_dag.py took 0.127 seconds
[2024-01-13T12:13:20.964+0000] {processor.py:161} INFO - Started process (PID=722) to work on /home/airflow/.local/lib/python3.8/site-packages/airflow/example_dags/example_external_task_marker_dag.py
[2024-01-13T12:13:20.979+0000] {processor.py:830} INFO - Processing file /home/airflow/.local/lib/python3.8/site-packages/airflow/example_dags/example_external_task_marker_dag.py for tasks to queue
[2024-01-13T12:13:20.983+0000] {logging_mixin.py:188} INFO - [2024-01-13T12:13:20.982+0000] {dagbag.py:538} INFO - Filling up the DagBag from /home/airflow/.local/lib/python3.8/site-packages/airflow/example_dags/example_external_task_marker_dag.py
[2024-01-13T12:13:20.994+0000] {processor.py:840} INFO - DAG(s) 'example_external_task_marker_child', 'example_external_task_marker_parent' retrieved from /home/airflow/.local/lib/python3.8/site-packages/airflow/example_dags/example_external_task_marker_dag.py
[2024-01-13T12:13:21.027+0000] {logging_mixin.py:188} INFO - [2024-01-13T12:13:21.026+0000] {dag.py:3033} INFO - Sync 2 DAGs
[2024-01-13T12:13:21.043+0000] {logging_mixin.py:188} INFO - [2024-01-13T12:13:21.042+0000] {dag.py:3820} INFO - Setting next_dagrun for example_external_task_marker_child to None, run_after=None
[2024-01-13T12:13:21.048+0000] {logging_mixin.py:188} INFO - [2024-01-13T12:13:21.047+0000] {dag.py:3820} INFO - Setting next_dagrun for example_external_task_marker_parent to None, run_after=None
[2024-01-13T12:13:21.074+0000] {processor.py:183} INFO - Processing /home/airflow/.local/lib/python3.8/site-packages/airflow/example_dags/example_external_task_marker_dag.py took 0.115 seconds
[2024-01-13T12:13:51.714+0000] {processor.py:161} INFO - Started process (PID=795) to work on /home/airflow/.local/lib/python3.8/site-packages/airflow/example_dags/example_external_task_marker_dag.py
[2024-01-13T12:13:51.715+0000] {processor.py:830} INFO - Processing file /home/airflow/.local/lib/python3.8/site-packages/airflow/example_dags/example_external_task_marker_dag.py for tasks to queue
[2024-01-13T12:13:51.719+0000] {logging_mixin.py:188} INFO - [2024-01-13T12:13:51.718+0000] {dagbag.py:538} INFO - Filling up the DagBag from /home/airflow/.local/lib/python3.8/site-packages/airflow/example_dags/example_external_task_marker_dag.py
[2024-01-13T12:13:51.726+0000] {processor.py:840} INFO - DAG(s) 'example_external_task_marker_child', 'example_external_task_marker_parent' retrieved from /home/airflow/.local/lib/python3.8/site-packages/airflow/example_dags/example_external_task_marker_dag.py
[2024-01-13T12:13:51.755+0000] {logging_mixin.py:188} INFO - [2024-01-13T12:13:51.755+0000] {dag.py:3033} INFO - Sync 2 DAGs
[2024-01-13T12:13:51.771+0000] {logging_mixin.py:188} INFO - [2024-01-13T12:13:51.770+0000] {dag.py:3820} INFO - Setting next_dagrun for example_external_task_marker_child to None, run_after=None
[2024-01-13T12:13:51.775+0000] {logging_mixin.py:188} INFO - [2024-01-13T12:13:51.774+0000] {dag.py:3820} INFO - Setting next_dagrun for example_external_task_marker_parent to None, run_after=None
[2024-01-13T12:13:51.796+0000] {processor.py:183} INFO - Processing /home/airflow/.local/lib/python3.8/site-packages/airflow/example_dags/example_external_task_marker_dag.py took 0.086 seconds
[2024-01-13T12:14:21.951+0000] {processor.py:161} INFO - Started process (PID=854) to work on /home/airflow/.local/lib/python3.8/site-packages/airflow/example_dags/example_external_task_marker_dag.py
[2024-01-13T12:14:21.971+0000] {processor.py:830} INFO - Processing file /home/airflow/.local/lib/python3.8/site-packages/airflow/example_dags/example_external_task_marker_dag.py for tasks to queue
[2024-01-13T12:14:21.975+0000] {logging_mixin.py:188} INFO - [2024-01-13T12:14:21.975+0000] {dagbag.py:538} INFO - Filling up the DagBag from /home/airflow/.local/lib/python3.8/site-packages/airflow/example_dags/example_external_task_marker_dag.py
[2024-01-13T12:14:21.983+0000] {processor.py:840} INFO - DAG(s) 'example_external_task_marker_parent', 'example_external_task_marker_child' retrieved from /home/airflow/.local/lib/python3.8/site-packages/airflow/example_dags/example_external_task_marker_dag.py
[2024-01-13T12:14:22.014+0000] {logging_mixin.py:188} INFO - [2024-01-13T12:14:22.014+0000] {dag.py:3033} INFO - Sync 2 DAGs
[2024-01-13T12:14:22.034+0000] {logging_mixin.py:188} INFO - [2024-01-13T12:14:22.034+0000] {dag.py:3820} INFO - Setting next_dagrun for example_external_task_marker_child to None, run_after=None
[2024-01-13T12:14:22.039+0000] {logging_mixin.py:188} INFO - [2024-01-13T12:14:22.039+0000] {dag.py:3820} INFO - Setting next_dagrun for example_external_task_marker_parent to None, run_after=None
[2024-01-13T12:14:22.061+0000] {processor.py:183} INFO - Processing /home/airflow/.local/lib/python3.8/site-packages/airflow/example_dags/example_external_task_marker_dag.py took 0.116 seconds
[2024-01-13T12:14:52.238+0000] {processor.py:161} INFO - Started process (PID=913) to work on /home/airflow/.local/lib/python3.8/site-packages/airflow/example_dags/example_external_task_marker_dag.py
[2024-01-13T12:14:52.240+0000] {processor.py:830} INFO - Processing file /home/airflow/.local/lib/python3.8/site-packages/airflow/example_dags/example_external_task_marker_dag.py for tasks to queue
[2024-01-13T12:14:52.245+0000] {logging_mixin.py:188} INFO - [2024-01-13T12:14:52.245+0000] {dagbag.py:538} INFO - Filling up the DagBag from /home/airflow/.local/lib/python3.8/site-packages/airflow/example_dags/example_external_task_marker_dag.py
[2024-01-13T12:14:52.254+0000] {processor.py:840} INFO - DAG(s) 'example_external_task_marker_parent', 'example_external_task_marker_child' retrieved from /home/airflow/.local/lib/python3.8/site-packages/airflow/example_dags/example_external_task_marker_dag.py
[2024-01-13T12:14:52.285+0000] {logging_mixin.py:188} INFO - [2024-01-13T12:14:52.285+0000] {dag.py:3033} INFO - Sync 2 DAGs
[2024-01-13T12:14:52.302+0000] {logging_mixin.py:188} INFO - [2024-01-13T12:14:52.302+0000] {dag.py:3820} INFO - Setting next_dagrun for example_external_task_marker_child to None, run_after=None
[2024-01-13T12:14:52.308+0000] {logging_mixin.py:188} INFO - [2024-01-13T12:14:52.308+0000] {dag.py:3820} INFO - Setting next_dagrun for example_external_task_marker_parent to None, run_after=None
[2024-01-13T12:14:52.335+0000] {processor.py:183} INFO - Processing /home/airflow/.local/lib/python3.8/site-packages/airflow/example_dags/example_external_task_marker_dag.py took 0.103 seconds
[2024-01-13T12:15:22.626+0000] {processor.py:161} INFO - Started process (PID=972) to work on /home/airflow/.local/lib/python3.8/site-packages/airflow/example_dags/example_external_task_marker_dag.py
[2024-01-13T12:15:22.691+0000] {processor.py:830} INFO - Processing file /home/airflow/.local/lib/python3.8/site-packages/airflow/example_dags/example_external_task_marker_dag.py for tasks to queue
[2024-01-13T12:15:22.696+0000] {logging_mixin.py:188} INFO - [2024-01-13T12:15:22.695+0000] {dagbag.py:538} INFO - Filling up the DagBag from /home/airflow/.local/lib/python3.8/site-packages/airflow/example_dags/example_external_task_marker_dag.py
[2024-01-13T12:15:22.704+0000] {processor.py:840} INFO - DAG(s) 'example_external_task_marker_child', 'example_external_task_marker_parent' retrieved from /home/airflow/.local/lib/python3.8/site-packages/airflow/example_dags/example_external_task_marker_dag.py
[2024-01-13T12:15:22.736+0000] {logging_mixin.py:188} INFO - [2024-01-13T12:15:22.736+0000] {dag.py:3033} INFO - Sync 2 DAGs
[2024-01-13T12:15:22.753+0000] {logging_mixin.py:188} INFO - [2024-01-13T12:15:22.753+0000] {dag.py:3820} INFO - Setting next_dagrun for example_external_task_marker_child to None, run_after=None
[2024-01-13T12:15:22.758+0000] {logging_mixin.py:188} INFO - [2024-01-13T12:15:22.758+0000] {dag.py:3820} INFO - Setting next_dagrun for example_external_task_marker_parent to None, run_after=None
[2024-01-13T12:15:22.777+0000] {processor.py:183} INFO - Processing /home/airflow/.local/lib/python3.8/site-packages/airflow/example_dags/example_external_task_marker_dag.py took 0.156 seconds
[2024-01-13T12:15:52.923+0000] {processor.py:161} INFO - Started process (PID=1031) to work on /home/airflow/.local/lib/python3.8/site-packages/airflow/example_dags/example_external_task_marker_dag.py
[2024-01-13T12:15:52.924+0000] {processor.py:830} INFO - Processing file /home/airflow/.local/lib/python3.8/site-packages/airflow/example_dags/example_external_task_marker_dag.py for tasks to queue
[2024-01-13T12:15:52.928+0000] {logging_mixin.py:188} INFO - [2024-01-13T12:15:52.928+0000] {dagbag.py:538} INFO - Filling up the DagBag from /home/airflow/.local/lib/python3.8/site-packages/airflow/example_dags/example_external_task_marker_dag.py
[2024-01-13T12:15:52.936+0000] {processor.py:840} INFO - DAG(s) 'example_external_task_marker_parent', 'example_external_task_marker_child' retrieved from /home/airflow/.local/lib/python3.8/site-packages/airflow/example_dags/example_external_task_marker_dag.py
[2024-01-13T12:15:52.965+0000] {logging_mixin.py:188} INFO - [2024-01-13T12:15:52.965+0000] {dag.py:3033} INFO - Sync 2 DAGs
[2024-01-13T12:15:52.982+0000] {logging_mixin.py:188} INFO - [2024-01-13T12:15:52.981+0000] {dag.py:3820} INFO - Setting next_dagrun for example_external_task_marker_child to None, run_after=None
[2024-01-13T12:15:52.986+0000] {logging_mixin.py:188} INFO - [2024-01-13T12:15:52.986+0000] {dag.py:3820} INFO - Setting next_dagrun for example_external_task_marker_parent to None, run_after=None
[2024-01-13T12:15:53.006+0000] {processor.py:183} INFO - Processing /home/airflow/.local/lib/python3.8/site-packages/airflow/example_dags/example_external_task_marker_dag.py took 0.088 seconds
[2024-01-13T12:16:23.263+0000] {processor.py:161} INFO - Started process (PID=1090) to work on /home/airflow/.local/lib/python3.8/site-packages/airflow/example_dags/example_external_task_marker_dag.py
[2024-01-13T12:16:23.277+0000] {processor.py:830} INFO - Processing file /home/airflow/.local/lib/python3.8/site-packages/airflow/example_dags/example_external_task_marker_dag.py for tasks to queue
[2024-01-13T12:16:23.282+0000] {logging_mixin.py:188} INFO - [2024-01-13T12:16:23.281+0000] {dagbag.py:538} INFO - Filling up the DagBag from /home/airflow/.local/lib/python3.8/site-packages/airflow/example_dags/example_external_task_marker_dag.py
[2024-01-13T12:16:23.290+0000] {processor.py:840} INFO - DAG(s) 'example_external_task_marker_child', 'example_external_task_marker_parent' retrieved from /home/airflow/.local/lib/python3.8/site-packages/airflow/example_dags/example_external_task_marker_dag.py
[2024-01-13T12:16:23.326+0000] {logging_mixin.py:188} INFO - [2024-01-13T12:16:23.326+0000] {dag.py:3033} INFO - Sync 2 DAGs
[2024-01-13T12:16:23.345+0000] {logging_mixin.py:188} INFO - [2024-01-13T12:16:23.344+0000] {dag.py:3820} INFO - Setting next_dagrun for example_external_task_marker_child to None, run_after=None
[2024-01-13T12:16:23.349+0000] {logging_mixin.py:188} INFO - [2024-01-13T12:16:23.349+0000] {dag.py:3820} INFO - Setting next_dagrun for example_external_task_marker_parent to None, run_after=None
[2024-01-13T12:16:23.370+0000] {processor.py:183} INFO - Processing /home/airflow/.local/lib/python3.8/site-packages/airflow/example_dags/example_external_task_marker_dag.py took 0.112 seconds
[2024-01-13T12:16:53.518+0000] {processor.py:161} INFO - Started process (PID=1149) to work on /home/airflow/.local/lib/python3.8/site-packages/airflow/example_dags/example_external_task_marker_dag.py
[2024-01-13T12:16:53.519+0000] {processor.py:830} INFO - Processing file /home/airflow/.local/lib/python3.8/site-packages/airflow/example_dags/example_external_task_marker_dag.py for tasks to queue
[2024-01-13T12:16:53.523+0000] {logging_mixin.py:188} INFO - [2024-01-13T12:16:53.522+0000] {dagbag.py:538} INFO - Filling up the DagBag from /home/airflow/.local/lib/python3.8/site-packages/airflow/example_dags/example_external_task_marker_dag.py
[2024-01-13T12:16:53.531+0000] {processor.py:840} INFO - DAG(s) 'example_external_task_marker_child', 'example_external_task_marker_parent' retrieved from /home/airflow/.local/lib/python3.8/site-packages/airflow/example_dags/example_external_task_marker_dag.py
[2024-01-13T12:16:53.563+0000] {logging_mixin.py:188} INFO - [2024-01-13T12:16:53.562+0000] {dag.py:3033} INFO - Sync 2 DAGs
[2024-01-13T12:16:53.579+0000] {logging_mixin.py:188} INFO - [2024-01-13T12:16:53.579+0000] {dag.py:3820} INFO - Setting next_dagrun for example_external_task_marker_child to None, run_after=None
[2024-01-13T12:16:53.583+0000] {logging_mixin.py:188} INFO - [2024-01-13T12:16:53.583+0000] {dag.py:3820} INFO - Setting next_dagrun for example_external_task_marker_parent to None, run_after=None
[2024-01-13T12:16:53.604+0000] {processor.py:183} INFO - Processing /home/airflow/.local/lib/python3.8/site-packages/airflow/example_dags/example_external_task_marker_dag.py took 0.092 seconds
[2024-01-13T12:17:23.818+0000] {processor.py:161} INFO - Started process (PID=1208) to work on /home/airflow/.local/lib/python3.8/site-packages/airflow/example_dags/example_external_task_marker_dag.py
[2024-01-13T12:17:23.826+0000] {processor.py:830} INFO - Processing file /home/airflow/.local/lib/python3.8/site-packages/airflow/example_dags/example_external_task_marker_dag.py for tasks to queue
[2024-01-13T12:17:23.830+0000] {logging_mixin.py:188} INFO - [2024-01-13T12:17:23.829+0000] {dagbag.py:538} INFO - Filling up the DagBag from /home/airflow/.local/lib/python3.8/site-packages/airflow/example_dags/example_external_task_marker_dag.py
[2024-01-13T12:17:23.839+0000] {processor.py:840} INFO - DAG(s) 'example_external_task_marker_parent', 'example_external_task_marker_child' retrieved from /home/airflow/.local/lib/python3.8/site-packages/airflow/example_dags/example_external_task_marker_dag.py
[2024-01-13T12:17:23.883+0000] {logging_mixin.py:188} INFO - [2024-01-13T12:17:23.882+0000] {dag.py:3033} INFO - Sync 2 DAGs
[2024-01-13T12:17:23.904+0000] {logging_mixin.py:188} INFO - [2024-01-13T12:17:23.904+0000] {dag.py:3820} INFO - Setting next_dagrun for example_external_task_marker_child to None, run_after=None
[2024-01-13T12:17:23.908+0000] {logging_mixin.py:188} INFO - [2024-01-13T12:17:23.908+0000] {dag.py:3820} INFO - Setting next_dagrun for example_external_task_marker_parent to None, run_after=None
[2024-01-13T12:17:23.932+0000] {processor.py:183} INFO - Processing /home/airflow/.local/lib/python3.8/site-packages/airflow/example_dags/example_external_task_marker_dag.py took 0.120 seconds
[2024-01-13T12:17:54.005+0000] {processor.py:161} INFO - Started process (PID=1267) to work on /home/airflow/.local/lib/python3.8/site-packages/airflow/example_dags/example_external_task_marker_dag.py
[2024-01-13T12:17:54.007+0000] {processor.py:830} INFO - Processing file /home/airflow/.local/lib/python3.8/site-packages/airflow/example_dags/example_external_task_marker_dag.py for tasks to queue
[2024-01-13T12:17:54.011+0000] {logging_mixin.py:188} INFO - [2024-01-13T12:17:54.011+0000] {dagbag.py:538} INFO - Filling up the DagBag from /home/airflow/.local/lib/python3.8/site-packages/airflow/example_dags/example_external_task_marker_dag.py
[2024-01-13T12:17:54.021+0000] {processor.py:840} INFO - DAG(s) 'example_external_task_marker_parent', 'example_external_task_marker_child' retrieved from /home/airflow/.local/lib/python3.8/site-packages/airflow/example_dags/example_external_task_marker_dag.py
[2024-01-13T12:17:54.054+0000] {logging_mixin.py:188} INFO - [2024-01-13T12:17:54.053+0000] {dag.py:3033} INFO - Sync 2 DAGs
[2024-01-13T12:17:54.071+0000] {logging_mixin.py:188} INFO - [2024-01-13T12:17:54.071+0000] {dag.py:3820} INFO - Setting next_dagrun for example_external_task_marker_child to None, run_after=None
[2024-01-13T12:17:54.076+0000] {logging_mixin.py:188} INFO - [2024-01-13T12:17:54.076+0000] {dag.py:3820} INFO - Setting next_dagrun for example_external_task_marker_parent to None, run_after=None
[2024-01-13T12:17:54.097+0000] {processor.py:183} INFO - Processing /home/airflow/.local/lib/python3.8/site-packages/airflow/example_dags/example_external_task_marker_dag.py took 0.097 seconds
[2024-01-13T12:18:24.251+0000] {processor.py:161} INFO - Started process (PID=1326) to work on /home/airflow/.local/lib/python3.8/site-packages/airflow/example_dags/example_external_task_marker_dag.py
[2024-01-13T12:18:24.336+0000] {processor.py:830} INFO - Processing file /home/airflow/.local/lib/python3.8/site-packages/airflow/example_dags/example_external_task_marker_dag.py for tasks to queue
[2024-01-13T12:18:24.340+0000] {logging_mixin.py:188} INFO - [2024-01-13T12:18:24.340+0000] {dagbag.py:538} INFO - Filling up the DagBag from /home/airflow/.local/lib/python3.8/site-packages/airflow/example_dags/example_external_task_marker_dag.py
[2024-01-13T12:18:24.349+0000] {processor.py:840} INFO - DAG(s) 'example_external_task_marker_parent', 'example_external_task_marker_child' retrieved from /home/airflow/.local/lib/python3.8/site-packages/airflow/example_dags/example_external_task_marker_dag.py
[2024-01-13T12:18:24.387+0000] {logging_mixin.py:188} INFO - [2024-01-13T12:18:24.387+0000] {dag.py:3033} INFO - Sync 2 DAGs
[2024-01-13T12:18:24.404+0000] {logging_mixin.py:188} INFO - [2024-01-13T12:18:24.404+0000] {dag.py:3820} INFO - Setting next_dagrun for example_external_task_marker_child to None, run_after=None
[2024-01-13T12:18:24.409+0000] {logging_mixin.py:188} INFO - [2024-01-13T12:18:24.409+0000] {dag.py:3820} INFO - Setting next_dagrun for example_external_task_marker_parent to None, run_after=None
[2024-01-13T12:18:24.429+0000] {processor.py:183} INFO - Processing /home/airflow/.local/lib/python3.8/site-packages/airflow/example_dags/example_external_task_marker_dag.py took 0.183 seconds
[2024-01-13T12:18:54.536+0000] {processor.py:161} INFO - Started process (PID=1397) to work on /home/airflow/.local/lib/python3.8/site-packages/airflow/example_dags/example_external_task_marker_dag.py
[2024-01-13T12:18:54.538+0000] {processor.py:830} INFO - Processing file /home/airflow/.local/lib/python3.8/site-packages/airflow/example_dags/example_external_task_marker_dag.py for tasks to queue
[2024-01-13T12:18:54.542+0000] {logging_mixin.py:188} INFO - [2024-01-13T12:18:54.541+0000] {dagbag.py:538} INFO - Filling up the DagBag from /home/airflow/.local/lib/python3.8/site-packages/airflow/example_dags/example_external_task_marker_dag.py
[2024-01-13T12:18:54.550+0000] {processor.py:840} INFO - DAG(s) 'example_external_task_marker_parent', 'example_external_task_marker_child' retrieved from /home/airflow/.local/lib/python3.8/site-packages/airflow/example_dags/example_external_task_marker_dag.py
[2024-01-13T12:18:54.581+0000] {logging_mixin.py:188} INFO - [2024-01-13T12:18:54.581+0000] {dag.py:3033} INFO - Sync 2 DAGs
[2024-01-13T12:18:54.598+0000] {logging_mixin.py:188} INFO - [2024-01-13T12:18:54.598+0000] {dag.py:3820} INFO - Setting next_dagrun for example_external_task_marker_child to None, run_after=None
[2024-01-13T12:18:54.603+0000] {logging_mixin.py:188} INFO - [2024-01-13T12:18:54.603+0000] {dag.py:3820} INFO - Setting next_dagrun for example_external_task_marker_parent to None, run_after=None
[2024-01-13T12:18:54.623+0000] {processor.py:183} INFO - Processing /home/airflow/.local/lib/python3.8/site-packages/airflow/example_dags/example_external_task_marker_dag.py took 0.092 seconds
[2024-01-13T12:19:24.814+0000] {processor.py:161} INFO - Started process (PID=1456) to work on /home/airflow/.local/lib/python3.8/site-packages/airflow/example_dags/example_external_task_marker_dag.py
[2024-01-13T12:19:24.837+0000] {processor.py:830} INFO - Processing file /home/airflow/.local/lib/python3.8/site-packages/airflow/example_dags/example_external_task_marker_dag.py for tasks to queue
[2024-01-13T12:19:24.841+0000] {logging_mixin.py:188} INFO - [2024-01-13T12:19:24.840+0000] {dagbag.py:538} INFO - Filling up the DagBag from /home/airflow/.local/lib/python3.8/site-packages/airflow/example_dags/example_external_task_marker_dag.py
[2024-01-13T12:19:24.849+0000] {processor.py:840} INFO - DAG(s) 'example_external_task_marker_parent', 'example_external_task_marker_child' retrieved from /home/airflow/.local/lib/python3.8/site-packages/airflow/example_dags/example_external_task_marker_dag.py
[2024-01-13T12:19:24.881+0000] {logging_mixin.py:188} INFO - [2024-01-13T12:19:24.881+0000] {dag.py:3033} INFO - Sync 2 DAGs
[2024-01-13T12:19:24.898+0000] {logging_mixin.py:188} INFO - [2024-01-13T12:19:24.898+0000] {dag.py:3820} INFO - Setting next_dagrun for example_external_task_marker_child to None, run_after=None
[2024-01-13T12:19:24.903+0000] {logging_mixin.py:188} INFO - [2024-01-13T12:19:24.903+0000] {dag.py:3820} INFO - Setting next_dagrun for example_external_task_marker_parent to None, run_after=None
[2024-01-13T12:19:24.924+0000] {processor.py:183} INFO - Processing /home/airflow/.local/lib/python3.8/site-packages/airflow/example_dags/example_external_task_marker_dag.py took 0.116 seconds
[2024-01-13T12:19:55.358+0000] {processor.py:161} INFO - Started process (PID=1515) to work on /home/airflow/.local/lib/python3.8/site-packages/airflow/example_dags/example_external_task_marker_dag.py
[2024-01-13T12:19:55.359+0000] {processor.py:830} INFO - Processing file /home/airflow/.local/lib/python3.8/site-packages/airflow/example_dags/example_external_task_marker_dag.py for tasks to queue
[2024-01-13T12:19:55.362+0000] {logging_mixin.py:188} INFO - [2024-01-13T12:19:55.361+0000] {dagbag.py:538} INFO - Filling up the DagBag from /home/airflow/.local/lib/python3.8/site-packages/airflow/example_dags/example_external_task_marker_dag.py
[2024-01-13T12:19:55.371+0000] {processor.py:840} INFO - DAG(s) 'example_external_task_marker_parent', 'example_external_task_marker_child' retrieved from /home/airflow/.local/lib/python3.8/site-packages/airflow/example_dags/example_external_task_marker_dag.py
[2024-01-13T12:19:55.405+0000] {logging_mixin.py:188} INFO - [2024-01-13T12:19:55.405+0000] {dag.py:3033} INFO - Sync 2 DAGs
[2024-01-13T12:19:55.425+0000] {logging_mixin.py:188} INFO - [2024-01-13T12:19:55.425+0000] {dag.py:3820} INFO - Setting next_dagrun for example_external_task_marker_child to None, run_after=None
[2024-01-13T12:19:55.430+0000] {logging_mixin.py:188} INFO - [2024-01-13T12:19:55.430+0000] {dag.py:3820} INFO - Setting next_dagrun for example_external_task_marker_parent to None, run_after=None
[2024-01-13T12:19:55.452+0000] {processor.py:183} INFO - Processing /home/airflow/.local/lib/python3.8/site-packages/airflow/example_dags/example_external_task_marker_dag.py took 0.100 seconds
[2024-01-13T12:20:25.816+0000] {processor.py:161} INFO - Started process (PID=1575) to work on /home/airflow/.local/lib/python3.8/site-packages/airflow/example_dags/example_external_task_marker_dag.py
[2024-01-13T12:20:25.843+0000] {processor.py:830} INFO - Processing file /home/airflow/.local/lib/python3.8/site-packages/airflow/example_dags/example_external_task_marker_dag.py for tasks to queue
[2024-01-13T12:20:25.847+0000] {logging_mixin.py:188} INFO - [2024-01-13T12:20:25.846+0000] {dagbag.py:538} INFO - Filling up the DagBag from /home/airflow/.local/lib/python3.8/site-packages/airflow/example_dags/example_external_task_marker_dag.py
[2024-01-13T12:20:25.856+0000] {processor.py:840} INFO - DAG(s) 'example_external_task_marker_child', 'example_external_task_marker_parent' retrieved from /home/airflow/.local/lib/python3.8/site-packages/airflow/example_dags/example_external_task_marker_dag.py
[2024-01-13T12:20:25.892+0000] {logging_mixin.py:188} INFO - [2024-01-13T12:20:25.891+0000] {dag.py:3033} INFO - Sync 2 DAGs
[2024-01-13T12:20:25.911+0000] {logging_mixin.py:188} INFO - [2024-01-13T12:20:25.911+0000] {dag.py:3820} INFO - Setting next_dagrun for example_external_task_marker_child to None, run_after=None
[2024-01-13T12:20:25.916+0000] {logging_mixin.py:188} INFO - [2024-01-13T12:20:25.916+0000] {dag.py:3820} INFO - Setting next_dagrun for example_external_task_marker_parent to None, run_after=None
[2024-01-13T12:20:25.941+0000] {processor.py:183} INFO - Processing /home/airflow/.local/lib/python3.8/site-packages/airflow/example_dags/example_external_task_marker_dag.py took 0.130 seconds
[2024-01-13T12:20:55.991+0000] {processor.py:161} INFO - Started process (PID=1634) to work on /home/airflow/.local/lib/python3.8/site-packages/airflow/example_dags/example_external_task_marker_dag.py
[2024-01-13T12:20:55.992+0000] {processor.py:830} INFO - Processing file /home/airflow/.local/lib/python3.8/site-packages/airflow/example_dags/example_external_task_marker_dag.py for tasks to queue
[2024-01-13T12:20:55.995+0000] {logging_mixin.py:188} INFO - [2024-01-13T12:20:55.995+0000] {dagbag.py:538} INFO - Filling up the DagBag from /home/airflow/.local/lib/python3.8/site-packages/airflow/example_dags/example_external_task_marker_dag.py
[2024-01-13T12:20:56.004+0000] {processor.py:840} INFO - DAG(s) 'example_external_task_marker_parent', 'example_external_task_marker_child' retrieved from /home/airflow/.local/lib/python3.8/site-packages/airflow/example_dags/example_external_task_marker_dag.py
[2024-01-13T12:20:56.038+0000] {logging_mixin.py:188} INFO - [2024-01-13T12:20:56.038+0000] {dag.py:3033} INFO - Sync 2 DAGs
[2024-01-13T12:20:56.058+0000] {logging_mixin.py:188} INFO - [2024-01-13T12:20:56.057+0000] {dag.py:3820} INFO - Setting next_dagrun for example_external_task_marker_child to None, run_after=None
[2024-01-13T12:20:56.063+0000] {logging_mixin.py:188} INFO - [2024-01-13T12:20:56.063+0000] {dag.py:3820} INFO - Setting next_dagrun for example_external_task_marker_parent to None, run_after=None
[2024-01-13T12:20:56.084+0000] {processor.py:183} INFO - Processing /home/airflow/.local/lib/python3.8/site-packages/airflow/example_dags/example_external_task_marker_dag.py took 0.098 seconds
[2024-01-13T12:21:26.423+0000] {processor.py:161} INFO - Started process (PID=1701) to work on /home/airflow/.local/lib/python3.8/site-packages/airflow/example_dags/example_external_task_marker_dag.py
[2024-01-13T12:21:26.425+0000] {processor.py:830} INFO - Processing file /home/airflow/.local/lib/python3.8/site-packages/airflow/example_dags/example_external_task_marker_dag.py for tasks to queue
[2024-01-13T12:21:26.428+0000] {logging_mixin.py:188} INFO - [2024-01-13T12:21:26.428+0000] {dagbag.py:538} INFO - Filling up the DagBag from /home/airflow/.local/lib/python3.8/site-packages/airflow/example_dags/example_external_task_marker_dag.py
[2024-01-13T12:21:26.437+0000] {processor.py:840} INFO - DAG(s) 'example_external_task_marker_parent', 'example_external_task_marker_child' retrieved from /home/airflow/.local/lib/python3.8/site-packages/airflow/example_dags/example_external_task_marker_dag.py
[2024-01-13T12:21:26.469+0000] {logging_mixin.py:188} INFO - [2024-01-13T12:21:26.468+0000] {dag.py:3033} INFO - Sync 2 DAGs
[2024-01-13T12:21:26.486+0000] {logging_mixin.py:188} INFO - [2024-01-13T12:21:26.485+0000] {dag.py:3820} INFO - Setting next_dagrun for example_external_task_marker_child to None, run_after=None
[2024-01-13T12:21:26.490+0000] {logging_mixin.py:188} INFO - [2024-01-13T12:21:26.490+0000] {dag.py:3820} INFO - Setting next_dagrun for example_external_task_marker_parent to None, run_after=None
[2024-01-13T12:21:26.512+0000] {processor.py:183} INFO - Processing /home/airflow/.local/lib/python3.8/site-packages/airflow/example_dags/example_external_task_marker_dag.py took 0.095 seconds
[2024-01-13T12:21:56.738+0000] {processor.py:161} INFO - Started process (PID=1776) to work on /home/airflow/.local/lib/python3.8/site-packages/airflow/example_dags/example_external_task_marker_dag.py
[2024-01-13T12:21:56.739+0000] {processor.py:830} INFO - Processing file /home/airflow/.local/lib/python3.8/site-packages/airflow/example_dags/example_external_task_marker_dag.py for tasks to queue
[2024-01-13T12:21:56.743+0000] {logging_mixin.py:188} INFO - [2024-01-13T12:21:56.742+0000] {dagbag.py:538} INFO - Filling up the DagBag from /home/airflow/.local/lib/python3.8/site-packages/airflow/example_dags/example_external_task_marker_dag.py
[2024-01-13T12:21:56.751+0000] {processor.py:840} INFO - DAG(s) 'example_external_task_marker_parent', 'example_external_task_marker_child' retrieved from /home/airflow/.local/lib/python3.8/site-packages/airflow/example_dags/example_external_task_marker_dag.py
[2024-01-13T12:21:56.785+0000] {logging_mixin.py:188} INFO - [2024-01-13T12:21:56.785+0000] {dag.py:3033} INFO - Sync 2 DAGs
[2024-01-13T12:21:56.802+0000] {logging_mixin.py:188} INFO - [2024-01-13T12:21:56.801+0000] {dag.py:3820} INFO - Setting next_dagrun for example_external_task_marker_child to None, run_after=None
[2024-01-13T12:21:56.806+0000] {logging_mixin.py:188} INFO - [2024-01-13T12:21:56.806+0000] {dag.py:3820} INFO - Setting next_dagrun for example_external_task_marker_parent to None, run_after=None
[2024-01-13T12:21:56.826+0000] {processor.py:183} INFO - Processing /home/airflow/.local/lib/python3.8/site-packages/airflow/example_dags/example_external_task_marker_dag.py took 0.094 seconds
[2024-01-13T12:22:27.474+0000] {processor.py:161} INFO - Started process (PID=1857) to work on /home/airflow/.local/lib/python3.8/site-packages/airflow/example_dags/example_external_task_marker_dag.py
[2024-01-13T12:22:27.508+0000] {processor.py:830} INFO - Processing file /home/airflow/.local/lib/python3.8/site-packages/airflow/example_dags/example_external_task_marker_dag.py for tasks to queue
[2024-01-13T12:22:27.512+0000] {logging_mixin.py:188} INFO - [2024-01-13T12:22:27.511+0000] {dagbag.py:538} INFO - Filling up the DagBag from /home/airflow/.local/lib/python3.8/site-packages/airflow/example_dags/example_external_task_marker_dag.py
[2024-01-13T12:22:27.536+0000] {processor.py:840} INFO - DAG(s) 'example_external_task_marker_child', 'example_external_task_marker_parent' retrieved from /home/airflow/.local/lib/python3.8/site-packages/airflow/example_dags/example_external_task_marker_dag.py
[2024-01-13T12:22:27.597+0000] {logging_mixin.py:188} INFO - [2024-01-13T12:22:27.596+0000] {dag.py:3033} INFO - Sync 2 DAGs
[2024-01-13T12:22:27.625+0000] {logging_mixin.py:188} INFO - [2024-01-13T12:22:27.624+0000] {dag.py:3820} INFO - Setting next_dagrun for example_external_task_marker_child to None, run_after=None
[2024-01-13T12:22:27.632+0000] {logging_mixin.py:188} INFO - [2024-01-13T12:22:27.631+0000] {dag.py:3820} INFO - Setting next_dagrun for example_external_task_marker_parent to None, run_after=None
[2024-01-13T12:22:27.666+0000] {processor.py:183} INFO - Processing /home/airflow/.local/lib/python3.8/site-packages/airflow/example_dags/example_external_task_marker_dag.py took 0.214 seconds
[2024-01-13T12:22:58.512+0000] {processor.py:161} INFO - Started process (PID=1930) to work on /home/airflow/.local/lib/python3.8/site-packages/airflow/example_dags/example_external_task_marker_dag.py
[2024-01-13T12:22:58.514+0000] {processor.py:830} INFO - Processing file /home/airflow/.local/lib/python3.8/site-packages/airflow/example_dags/example_external_task_marker_dag.py for tasks to queue
[2024-01-13T12:22:58.522+0000] {logging_mixin.py:188} INFO - [2024-01-13T12:22:58.521+0000] {dagbag.py:538} INFO - Filling up the DagBag from /home/airflow/.local/lib/python3.8/site-packages/airflow/example_dags/example_external_task_marker_dag.py
[2024-01-13T12:22:58.537+0000] {processor.py:840} INFO - DAG(s) 'example_external_task_marker_parent', 'example_external_task_marker_child' retrieved from /home/airflow/.local/lib/python3.8/site-packages/airflow/example_dags/example_external_task_marker_dag.py
[2024-01-13T12:22:58.595+0000] {logging_mixin.py:188} INFO - [2024-01-13T12:22:58.594+0000] {dag.py:3033} INFO - Sync 2 DAGs
[2024-01-13T12:22:58.624+0000] {logging_mixin.py:188} INFO - [2024-01-13T12:22:58.623+0000] {dag.py:3820} INFO - Setting next_dagrun for example_external_task_marker_child to None, run_after=None
[2024-01-13T12:22:58.634+0000] {logging_mixin.py:188} INFO - [2024-01-13T12:22:58.634+0000] {dag.py:3820} INFO - Setting next_dagrun for example_external_task_marker_parent to None, run_after=None
[2024-01-13T12:22:58.666+0000] {processor.py:183} INFO - Processing /home/airflow/.local/lib/python3.8/site-packages/airflow/example_dags/example_external_task_marker_dag.py took 0.164 seconds
[2024-01-13T12:23:29.586+0000] {processor.py:161} INFO - Started process (PID=1989) to work on /home/airflow/.local/lib/python3.8/site-packages/airflow/example_dags/example_external_task_marker_dag.py
[2024-01-13T12:23:29.589+0000] {processor.py:830} INFO - Processing file /home/airflow/.local/lib/python3.8/site-packages/airflow/example_dags/example_external_task_marker_dag.py for tasks to queue
[2024-01-13T12:23:29.593+0000] {logging_mixin.py:188} INFO - [2024-01-13T12:23:29.593+0000] {dagbag.py:538} INFO - Filling up the DagBag from /home/airflow/.local/lib/python3.8/site-packages/airflow/example_dags/example_external_task_marker_dag.py
[2024-01-13T12:23:29.606+0000] {processor.py:840} INFO - DAG(s) 'example_external_task_marker_parent', 'example_external_task_marker_child' retrieved from /home/airflow/.local/lib/python3.8/site-packages/airflow/example_dags/example_external_task_marker_dag.py
[2024-01-13T12:23:29.651+0000] {logging_mixin.py:188} INFO - [2024-01-13T12:23:29.651+0000] {dag.py:3033} INFO - Sync 2 DAGs
[2024-01-13T12:23:29.675+0000] {logging_mixin.py:188} INFO - [2024-01-13T12:23:29.675+0000] {dag.py:3820} INFO - Setting next_dagrun for example_external_task_marker_child to None, run_after=None
[2024-01-13T12:23:29.681+0000] {logging_mixin.py:188} INFO - [2024-01-13T12:23:29.681+0000] {dag.py:3820} INFO - Setting next_dagrun for example_external_task_marker_parent to None, run_after=None
[2024-01-13T12:23:29.707+0000] {processor.py:183} INFO - Processing /home/airflow/.local/lib/python3.8/site-packages/airflow/example_dags/example_external_task_marker_dag.py took 0.128 seconds
[2024-01-13T12:24:00.390+0000] {processor.py:161} INFO - Started process (PID=2048) to work on /home/airflow/.local/lib/python3.8/site-packages/airflow/example_dags/example_external_task_marker_dag.py
[2024-01-13T12:24:00.391+0000] {processor.py:830} INFO - Processing file /home/airflow/.local/lib/python3.8/site-packages/airflow/example_dags/example_external_task_marker_dag.py for tasks to queue
[2024-01-13T12:24:00.394+0000] {logging_mixin.py:188} INFO - [2024-01-13T12:24:00.394+0000] {dagbag.py:538} INFO - Filling up the DagBag from /home/airflow/.local/lib/python3.8/site-packages/airflow/example_dags/example_external_task_marker_dag.py
[2024-01-13T12:24:00.403+0000] {processor.py:840} INFO - DAG(s) 'example_external_task_marker_child', 'example_external_task_marker_parent' retrieved from /home/airflow/.local/lib/python3.8/site-packages/airflow/example_dags/example_external_task_marker_dag.py
[2024-01-13T12:24:00.436+0000] {logging_mixin.py:188} INFO - [2024-01-13T12:24:00.435+0000] {dag.py:3033} INFO - Sync 2 DAGs
[2024-01-13T12:24:00.453+0000] {logging_mixin.py:188} INFO - [2024-01-13T12:24:00.453+0000] {dag.py:3820} INFO - Setting next_dagrun for example_external_task_marker_child to None, run_after=None
[2024-01-13T12:24:00.458+0000] {logging_mixin.py:188} INFO - [2024-01-13T12:24:00.457+0000] {dag.py:3820} INFO - Setting next_dagrun for example_external_task_marker_parent to None, run_after=None
[2024-01-13T12:24:00.478+0000] {processor.py:183} INFO - Processing /home/airflow/.local/lib/python3.8/site-packages/airflow/example_dags/example_external_task_marker_dag.py took 0.093 seconds
[2024-01-13T12:24:30.830+0000] {processor.py:161} INFO - Started process (PID=2107) to work on /home/airflow/.local/lib/python3.8/site-packages/airflow/example_dags/example_external_task_marker_dag.py
[2024-01-13T12:24:30.832+0000] {processor.py:830} INFO - Processing file /home/airflow/.local/lib/python3.8/site-packages/airflow/example_dags/example_external_task_marker_dag.py for tasks to queue
[2024-01-13T12:24:30.836+0000] {logging_mixin.py:188} INFO - [2024-01-13T12:24:30.835+0000] {dagbag.py:538} INFO - Filling up the DagBag from /home/airflow/.local/lib/python3.8/site-packages/airflow/example_dags/example_external_task_marker_dag.py
[2024-01-13T12:24:30.846+0000] {processor.py:840} INFO - DAG(s) 'example_external_task_marker_child', 'example_external_task_marker_parent' retrieved from /home/airflow/.local/lib/python3.8/site-packages/airflow/example_dags/example_external_task_marker_dag.py
[2024-01-13T12:24:30.877+0000] {logging_mixin.py:188} INFO - [2024-01-13T12:24:30.876+0000] {dag.py:3033} INFO - Sync 2 DAGs
[2024-01-13T12:24:30.894+0000] {logging_mixin.py:188} INFO - [2024-01-13T12:24:30.894+0000] {dag.py:3820} INFO - Setting next_dagrun for example_external_task_marker_child to None, run_after=None
[2024-01-13T12:24:30.899+0000] {logging_mixin.py:188} INFO - [2024-01-13T12:24:30.899+0000] {dag.py:3820} INFO - Setting next_dagrun for example_external_task_marker_parent to None, run_after=None
[2024-01-13T12:24:30.919+0000] {processor.py:183} INFO - Processing /home/airflow/.local/lib/python3.8/site-packages/airflow/example_dags/example_external_task_marker_dag.py took 0.095 seconds
[2024-01-13T12:25:01.420+0000] {processor.py:161} INFO - Started process (PID=2167) to work on /home/airflow/.local/lib/python3.8/site-packages/airflow/example_dags/example_external_task_marker_dag.py
[2024-01-13T12:25:01.424+0000] {processor.py:830} INFO - Processing file /home/airflow/.local/lib/python3.8/site-packages/airflow/example_dags/example_external_task_marker_dag.py for tasks to queue
[2024-01-13T12:25:01.429+0000] {logging_mixin.py:188} INFO - [2024-01-13T12:25:01.428+0000] {dagbag.py:538} INFO - Filling up the DagBag from /home/airflow/.local/lib/python3.8/site-packages/airflow/example_dags/example_external_task_marker_dag.py
[2024-01-13T12:25:01.440+0000] {processor.py:840} INFO - DAG(s) 'example_external_task_marker_child', 'example_external_task_marker_parent' retrieved from /home/airflow/.local/lib/python3.8/site-packages/airflow/example_dags/example_external_task_marker_dag.py
[2024-01-13T12:25:01.474+0000] {logging_mixin.py:188} INFO - [2024-01-13T12:25:01.473+0000] {dag.py:3033} INFO - Sync 2 DAGs
[2024-01-13T12:25:01.491+0000] {logging_mixin.py:188} INFO - [2024-01-13T12:25:01.491+0000] {dag.py:3820} INFO - Setting next_dagrun for example_external_task_marker_child to None, run_after=None
[2024-01-13T12:25:01.496+0000] {logging_mixin.py:188} INFO - [2024-01-13T12:25:01.496+0000] {dag.py:3820} INFO - Setting next_dagrun for example_external_task_marker_parent to None, run_after=None
[2024-01-13T12:25:01.527+0000] {processor.py:183} INFO - Processing /home/airflow/.local/lib/python3.8/site-packages/airflow/example_dags/example_external_task_marker_dag.py took 0.113 seconds
