[2024-01-13T11:57:39.172+0000] {processor.py:161} INFO - Started process (PID=44) to work on /home/airflow/.local/lib/python3.8/site-packages/airflow/example_dags/example_python_operator.py
[2024-01-13T11:57:39.174+0000] {processor.py:830} INFO - Processing file /home/airflow/.local/lib/python3.8/site-packages/airflow/example_dags/example_python_operator.py for tasks to queue
[2024-01-13T11:57:39.190+0000] {logging_mixin.py:188} INFO - [2024-01-13T11:57:39.183+0000] {dagbag.py:538} INFO - Filling up the DagBag from /home/airflow/.local/lib/python3.8/site-packages/airflow/example_dags/example_python_operator.py
[2024-01-13T11:57:39.325+0000] {processor.py:840} INFO - DAG(s) 'example_python_operator' retrieved from /home/airflow/.local/lib/python3.8/site-packages/airflow/example_dags/example_python_operator.py
[2024-01-13T11:57:39.833+0000] {logging_mixin.py:188} INFO - [2024-01-13T11:57:39.832+0000] {override.py:1769} INFO - Created Permission View: can edit on DAG:example_python_operator
[2024-01-13T11:57:39.870+0000] {logging_mixin.py:188} INFO - [2024-01-13T11:57:39.869+0000] {override.py:1769} INFO - Created Permission View: can read on DAG:example_python_operator
[2024-01-13T11:57:39.885+0000] {logging_mixin.py:188} INFO - [2024-01-13T11:57:39.884+0000] {override.py:1769} INFO - Created Permission View: can delete on DAG:example_python_operator
[2024-01-13T11:57:39.885+0000] {logging_mixin.py:188} INFO - [2024-01-13T11:57:39.885+0000] {dag.py:3033} INFO - Sync 1 DAGs
[2024-01-13T11:57:39.930+0000] {logging_mixin.py:188} INFO - [2024-01-13T11:57:39.930+0000] {dag.py:3055} INFO - Creating ORM DAG for example_python_operator
[2024-01-13T11:57:39.931+0000] {logging_mixin.py:188} INFO - [2024-01-13T11:57:39.931+0000] {dag.py:3820} INFO - Setting next_dagrun for example_python_operator to None, run_after=None
[2024-01-13T11:57:40.017+0000] {processor.py:183} INFO - Processing /home/airflow/.local/lib/python3.8/site-packages/airflow/example_dags/example_python_operator.py took 0.858 seconds
[2024-01-13T11:58:10.204+0000] {processor.py:161} INFO - Started process (PID=101) to work on /home/airflow/.local/lib/python3.8/site-packages/airflow/example_dags/example_python_operator.py
[2024-01-13T11:58:10.208+0000] {processor.py:830} INFO - Processing file /home/airflow/.local/lib/python3.8/site-packages/airflow/example_dags/example_python_operator.py for tasks to queue
[2024-01-13T11:58:10.212+0000] {logging_mixin.py:188} INFO - [2024-01-13T11:58:10.211+0000] {dagbag.py:538} INFO - Filling up the DagBag from /home/airflow/.local/lib/python3.8/site-packages/airflow/example_dags/example_python_operator.py
[2024-01-13T11:58:10.227+0000] {processor.py:840} INFO - DAG(s) 'example_python_operator' retrieved from /home/airflow/.local/lib/python3.8/site-packages/airflow/example_dags/example_python_operator.py
[2024-01-13T11:58:10.257+0000] {logging_mixin.py:188} INFO - [2024-01-13T11:58:10.256+0000] {dag.py:3033} INFO - Sync 1 DAGs
[2024-01-13T11:58:10.273+0000] {logging_mixin.py:188} INFO - [2024-01-13T11:58:10.273+0000] {dag.py:3820} INFO - Setting next_dagrun for example_python_operator to None, run_after=None
[2024-01-13T11:58:10.294+0000] {processor.py:183} INFO - Processing /home/airflow/.local/lib/python3.8/site-packages/airflow/example_dags/example_python_operator.py took 0.095 seconds
[2024-01-13T11:58:40.450+0000] {processor.py:161} INFO - Started process (PID=160) to work on /home/airflow/.local/lib/python3.8/site-packages/airflow/example_dags/example_python_operator.py
[2024-01-13T11:58:40.451+0000] {processor.py:830} INFO - Processing file /home/airflow/.local/lib/python3.8/site-packages/airflow/example_dags/example_python_operator.py for tasks to queue
[2024-01-13T11:58:40.454+0000] {logging_mixin.py:188} INFO - [2024-01-13T11:58:40.454+0000] {dagbag.py:538} INFO - Filling up the DagBag from /home/airflow/.local/lib/python3.8/site-packages/airflow/example_dags/example_python_operator.py
[2024-01-13T11:58:40.473+0000] {processor.py:840} INFO - DAG(s) 'example_python_operator' retrieved from /home/airflow/.local/lib/python3.8/site-packages/airflow/example_dags/example_python_operator.py
[2024-01-13T11:58:40.500+0000] {logging_mixin.py:188} INFO - [2024-01-13T11:58:40.500+0000] {dag.py:3033} INFO - Sync 1 DAGs
[2024-01-13T11:58:40.516+0000] {logging_mixin.py:188} INFO - [2024-01-13T11:58:40.516+0000] {dag.py:3820} INFO - Setting next_dagrun for example_python_operator to None, run_after=None
[2024-01-13T11:58:40.540+0000] {processor.py:183} INFO - Processing /home/airflow/.local/lib/python3.8/site-packages/airflow/example_dags/example_python_operator.py took 0.095 seconds
[2024-01-13T11:59:10.853+0000] {processor.py:161} INFO - Started process (PID=219) to work on /home/airflow/.local/lib/python3.8/site-packages/airflow/example_dags/example_python_operator.py
[2024-01-13T11:59:10.855+0000] {processor.py:830} INFO - Processing file /home/airflow/.local/lib/python3.8/site-packages/airflow/example_dags/example_python_operator.py for tasks to queue
[2024-01-13T11:59:10.858+0000] {logging_mixin.py:188} INFO - [2024-01-13T11:59:10.858+0000] {dagbag.py:538} INFO - Filling up the DagBag from /home/airflow/.local/lib/python3.8/site-packages/airflow/example_dags/example_python_operator.py
[2024-01-13T11:59:10.873+0000] {processor.py:840} INFO - DAG(s) 'example_python_operator' retrieved from /home/airflow/.local/lib/python3.8/site-packages/airflow/example_dags/example_python_operator.py
[2024-01-13T11:59:10.901+0000] {logging_mixin.py:188} INFO - [2024-01-13T11:59:10.901+0000] {dag.py:3033} INFO - Sync 1 DAGs
[2024-01-13T11:59:10.918+0000] {logging_mixin.py:188} INFO - [2024-01-13T11:59:10.918+0000] {dag.py:3820} INFO - Setting next_dagrun for example_python_operator to None, run_after=None
[2024-01-13T11:59:10.941+0000] {processor.py:183} INFO - Processing /home/airflow/.local/lib/python3.8/site-packages/airflow/example_dags/example_python_operator.py took 0.093 seconds
[2024-01-13T11:59:41.134+0000] {processor.py:161} INFO - Started process (PID=282) to work on /home/airflow/.local/lib/python3.8/site-packages/airflow/example_dags/example_python_operator.py
[2024-01-13T11:59:41.137+0000] {processor.py:830} INFO - Processing file /home/airflow/.local/lib/python3.8/site-packages/airflow/example_dags/example_python_operator.py for tasks to queue
[2024-01-13T11:59:41.142+0000] {logging_mixin.py:188} INFO - [2024-01-13T11:59:41.141+0000] {dagbag.py:538} INFO - Filling up the DagBag from /home/airflow/.local/lib/python3.8/site-packages/airflow/example_dags/example_python_operator.py
[2024-01-13T11:59:41.163+0000] {processor.py:840} INFO - DAG(s) 'example_python_operator' retrieved from /home/airflow/.local/lib/python3.8/site-packages/airflow/example_dags/example_python_operator.py
[2024-01-13T11:59:41.196+0000] {logging_mixin.py:188} INFO - [2024-01-13T11:59:41.196+0000] {dag.py:3033} INFO - Sync 1 DAGs
[2024-01-13T11:59:41.213+0000] {logging_mixin.py:188} INFO - [2024-01-13T11:59:41.212+0000] {dag.py:3820} INFO - Setting next_dagrun for example_python_operator to None, run_after=None
[2024-01-13T11:59:41.235+0000] {processor.py:183} INFO - Processing /home/airflow/.local/lib/python3.8/site-packages/airflow/example_dags/example_python_operator.py took 0.106 seconds
[2024-01-13T12:00:11.458+0000] {processor.py:161} INFO - Started process (PID=341) to work on /home/airflow/.local/lib/python3.8/site-packages/airflow/example_dags/example_python_operator.py
[2024-01-13T12:00:11.459+0000] {processor.py:830} INFO - Processing file /home/airflow/.local/lib/python3.8/site-packages/airflow/example_dags/example_python_operator.py for tasks to queue
[2024-01-13T12:00:11.462+0000] {logging_mixin.py:188} INFO - [2024-01-13T12:00:11.462+0000] {dagbag.py:538} INFO - Filling up the DagBag from /home/airflow/.local/lib/python3.8/site-packages/airflow/example_dags/example_python_operator.py
[2024-01-13T12:00:11.477+0000] {processor.py:840} INFO - DAG(s) 'example_python_operator' retrieved from /home/airflow/.local/lib/python3.8/site-packages/airflow/example_dags/example_python_operator.py
[2024-01-13T12:00:11.507+0000] {logging_mixin.py:188} INFO - [2024-01-13T12:00:11.506+0000] {dag.py:3033} INFO - Sync 1 DAGs
[2024-01-13T12:00:11.523+0000] {logging_mixin.py:188} INFO - [2024-01-13T12:00:11.523+0000] {dag.py:3820} INFO - Setting next_dagrun for example_python_operator to None, run_after=None
[2024-01-13T12:00:11.546+0000] {processor.py:183} INFO - Processing /home/airflow/.local/lib/python3.8/site-packages/airflow/example_dags/example_python_operator.py took 0.092 seconds
[2024-01-13T12:00:42.141+0000] {processor.py:161} INFO - Started process (PID=400) to work on /home/airflow/.local/lib/python3.8/site-packages/airflow/example_dags/example_python_operator.py
[2024-01-13T12:00:42.143+0000] {processor.py:830} INFO - Processing file /home/airflow/.local/lib/python3.8/site-packages/airflow/example_dags/example_python_operator.py for tasks to queue
[2024-01-13T12:00:42.146+0000] {logging_mixin.py:188} INFO - [2024-01-13T12:00:42.145+0000] {dagbag.py:538} INFO - Filling up the DagBag from /home/airflow/.local/lib/python3.8/site-packages/airflow/example_dags/example_python_operator.py
[2024-01-13T12:00:42.160+0000] {processor.py:840} INFO - DAG(s) 'example_python_operator' retrieved from /home/airflow/.local/lib/python3.8/site-packages/airflow/example_dags/example_python_operator.py
[2024-01-13T12:00:42.189+0000] {logging_mixin.py:188} INFO - [2024-01-13T12:00:42.189+0000] {dag.py:3033} INFO - Sync 1 DAGs
[2024-01-13T12:00:42.205+0000] {logging_mixin.py:188} INFO - [2024-01-13T12:00:42.205+0000] {dag.py:3820} INFO - Setting next_dagrun for example_python_operator to None, run_after=None
[2024-01-13T12:00:42.232+0000] {processor.py:183} INFO - Processing /home/airflow/.local/lib/python3.8/site-packages/airflow/example_dags/example_python_operator.py took 0.097 seconds
[2024-01-13T12:01:12.517+0000] {processor.py:161} INFO - Started process (PID=459) to work on /home/airflow/.local/lib/python3.8/site-packages/airflow/example_dags/example_python_operator.py
[2024-01-13T12:01:12.518+0000] {processor.py:830} INFO - Processing file /home/airflow/.local/lib/python3.8/site-packages/airflow/example_dags/example_python_operator.py for tasks to queue
[2024-01-13T12:01:12.521+0000] {logging_mixin.py:188} INFO - [2024-01-13T12:01:12.521+0000] {dagbag.py:538} INFO - Filling up the DagBag from /home/airflow/.local/lib/python3.8/site-packages/airflow/example_dags/example_python_operator.py
[2024-01-13T12:01:12.536+0000] {processor.py:840} INFO - DAG(s) 'example_python_operator' retrieved from /home/airflow/.local/lib/python3.8/site-packages/airflow/example_dags/example_python_operator.py
[2024-01-13T12:01:12.564+0000] {logging_mixin.py:188} INFO - [2024-01-13T12:01:12.564+0000] {dag.py:3033} INFO - Sync 1 DAGs
[2024-01-13T12:01:12.579+0000] {logging_mixin.py:188} INFO - [2024-01-13T12:01:12.579+0000] {dag.py:3820} INFO - Setting next_dagrun for example_python_operator to None, run_after=None
[2024-01-13T12:01:12.601+0000] {processor.py:183} INFO - Processing /home/airflow/.local/lib/python3.8/site-packages/airflow/example_dags/example_python_operator.py took 0.089 seconds
[2024-01-13T12:01:42.847+0000] {processor.py:161} INFO - Started process (PID=518) to work on /home/airflow/.local/lib/python3.8/site-packages/airflow/example_dags/example_python_operator.py
[2024-01-13T12:01:42.849+0000] {processor.py:830} INFO - Processing file /home/airflow/.local/lib/python3.8/site-packages/airflow/example_dags/example_python_operator.py for tasks to queue
[2024-01-13T12:01:42.852+0000] {logging_mixin.py:188} INFO - [2024-01-13T12:01:42.852+0000] {dagbag.py:538} INFO - Filling up the DagBag from /home/airflow/.local/lib/python3.8/site-packages/airflow/example_dags/example_python_operator.py
[2024-01-13T12:01:42.867+0000] {processor.py:840} INFO - DAG(s) 'example_python_operator' retrieved from /home/airflow/.local/lib/python3.8/site-packages/airflow/example_dags/example_python_operator.py
[2024-01-13T12:01:42.899+0000] {logging_mixin.py:188} INFO - [2024-01-13T12:01:42.899+0000] {dag.py:3033} INFO - Sync 1 DAGs
[2024-01-13T12:01:42.917+0000] {logging_mixin.py:188} INFO - [2024-01-13T12:01:42.916+0000] {dag.py:3820} INFO - Setting next_dagrun for example_python_operator to None, run_after=None
[2024-01-13T12:01:42.942+0000] {processor.py:183} INFO - Processing /home/airflow/.local/lib/python3.8/site-packages/airflow/example_dags/example_python_operator.py took 0.099 seconds
[2024-01-13T12:02:13.437+0000] {processor.py:161} INFO - Started process (PID=582) to work on /home/airflow/.local/lib/python3.8/site-packages/airflow/example_dags/example_python_operator.py
[2024-01-13T12:02:13.438+0000] {processor.py:830} INFO - Processing file /home/airflow/.local/lib/python3.8/site-packages/airflow/example_dags/example_python_operator.py for tasks to queue
[2024-01-13T12:02:13.441+0000] {logging_mixin.py:188} INFO - [2024-01-13T12:02:13.441+0000] {dagbag.py:538} INFO - Filling up the DagBag from /home/airflow/.local/lib/python3.8/site-packages/airflow/example_dags/example_python_operator.py
[2024-01-13T12:02:13.456+0000] {processor.py:840} INFO - DAG(s) 'example_python_operator' retrieved from /home/airflow/.local/lib/python3.8/site-packages/airflow/example_dags/example_python_operator.py
[2024-01-13T12:02:13.487+0000] {logging_mixin.py:188} INFO - [2024-01-13T12:02:13.487+0000] {dag.py:3033} INFO - Sync 1 DAGs
[2024-01-13T12:02:13.503+0000] {logging_mixin.py:188} INFO - [2024-01-13T12:02:13.502+0000] {dag.py:3820} INFO - Setting next_dagrun for example_python_operator to None, run_after=None
[2024-01-13T12:02:13.527+0000] {processor.py:183} INFO - Processing /home/airflow/.local/lib/python3.8/site-packages/airflow/example_dags/example_python_operator.py took 0.094 seconds
[2024-01-13T12:02:43.592+0000] {processor.py:161} INFO - Started process (PID=663) to work on /home/airflow/.local/lib/python3.8/site-packages/airflow/example_dags/example_python_operator.py
[2024-01-13T12:02:43.598+0000] {processor.py:830} INFO - Processing file /home/airflow/.local/lib/python3.8/site-packages/airflow/example_dags/example_python_operator.py for tasks to queue
[2024-01-13T12:02:43.604+0000] {logging_mixin.py:188} INFO - [2024-01-13T12:02:43.604+0000] {dagbag.py:538} INFO - Filling up the DagBag from /home/airflow/.local/lib/python3.8/site-packages/airflow/example_dags/example_python_operator.py
[2024-01-13T12:02:43.660+0000] {processor.py:840} INFO - DAG(s) 'example_python_operator' retrieved from /home/airflow/.local/lib/python3.8/site-packages/airflow/example_dags/example_python_operator.py
[2024-01-13T12:02:43.707+0000] {logging_mixin.py:188} INFO - [2024-01-13T12:02:43.707+0000] {dag.py:3033} INFO - Sync 1 DAGs
[2024-01-13T12:02:43.741+0000] {logging_mixin.py:188} INFO - [2024-01-13T12:02:43.740+0000] {dag.py:3820} INFO - Setting next_dagrun for example_python_operator to None, run_after=None
[2024-01-13T12:02:43.779+0000] {processor.py:183} INFO - Processing /home/airflow/.local/lib/python3.8/site-packages/airflow/example_dags/example_python_operator.py took 0.213 seconds
[2024-01-13T12:07:38.086+0000] {processor.py:161} INFO - Started process (PID=39) to work on /home/airflow/.local/lib/python3.8/site-packages/airflow/example_dags/example_python_operator.py
[2024-01-13T12:07:38.093+0000] {processor.py:830} INFO - Processing file /home/airflow/.local/lib/python3.8/site-packages/airflow/example_dags/example_python_operator.py for tasks to queue
[2024-01-13T12:07:38.097+0000] {logging_mixin.py:188} INFO - [2024-01-13T12:07:38.097+0000] {dagbag.py:538} INFO - Filling up the DagBag from /home/airflow/.local/lib/python3.8/site-packages/airflow/example_dags/example_python_operator.py
[2024-01-13T12:07:38.145+0000] {processor.py:840} INFO - DAG(s) 'example_python_operator' retrieved from /home/airflow/.local/lib/python3.8/site-packages/airflow/example_dags/example_python_operator.py
[2024-01-13T12:07:38.195+0000] {logging_mixin.py:188} INFO - [2024-01-13T12:07:38.195+0000] {dag.py:3033} INFO - Sync 1 DAGs
[2024-01-13T12:07:38.252+0000] {logging_mixin.py:188} INFO - [2024-01-13T12:07:38.251+0000] {dag.py:3820} INFO - Setting next_dagrun for example_python_operator to None, run_after=None
[2024-01-13T12:07:38.335+0000] {processor.py:183} INFO - Processing /home/airflow/.local/lib/python3.8/site-packages/airflow/example_dags/example_python_operator.py took 0.260 seconds
[2024-01-13T12:08:10.366+0000] {processor.py:161} INFO - Started process (PID=125) to work on /home/airflow/.local/lib/python3.8/site-packages/airflow/example_dags/example_python_operator.py
[2024-01-13T12:08:10.370+0000] {processor.py:830} INFO - Processing file /home/airflow/.local/lib/python3.8/site-packages/airflow/example_dags/example_python_operator.py for tasks to queue
[2024-01-13T12:08:10.374+0000] {logging_mixin.py:188} INFO - [2024-01-13T12:08:10.374+0000] {dagbag.py:538} INFO - Filling up the DagBag from /home/airflow/.local/lib/python3.8/site-packages/airflow/example_dags/example_python_operator.py
[2024-01-13T12:08:10.398+0000] {processor.py:840} INFO - DAG(s) 'example_python_operator' retrieved from /home/airflow/.local/lib/python3.8/site-packages/airflow/example_dags/example_python_operator.py
[2024-01-13T12:08:10.729+0000] {logging_mixin.py:188} INFO - [2024-01-13T12:08:10.729+0000] {dag.py:3033} INFO - Sync 1 DAGs
[2024-01-13T12:08:10.758+0000] {logging_mixin.py:188} INFO - [2024-01-13T12:08:10.757+0000] {dag.py:3820} INFO - Setting next_dagrun for example_python_operator to None, run_after=None
[2024-01-13T12:08:10.806+0000] {processor.py:183} INFO - Processing /home/airflow/.local/lib/python3.8/site-packages/airflow/example_dags/example_python_operator.py took 0.452 seconds
[2024-01-13T12:08:40.855+0000] {processor.py:161} INFO - Started process (PID=184) to work on /home/airflow/.local/lib/python3.8/site-packages/airflow/example_dags/example_python_operator.py
[2024-01-13T12:08:40.857+0000] {processor.py:830} INFO - Processing file /home/airflow/.local/lib/python3.8/site-packages/airflow/example_dags/example_python_operator.py for tasks to queue
[2024-01-13T12:08:40.861+0000] {logging_mixin.py:188} INFO - [2024-01-13T12:08:40.860+0000] {dagbag.py:538} INFO - Filling up the DagBag from /home/airflow/.local/lib/python3.8/site-packages/airflow/example_dags/example_python_operator.py
[2024-01-13T12:08:40.881+0000] {processor.py:840} INFO - DAG(s) 'example_python_operator' retrieved from /home/airflow/.local/lib/python3.8/site-packages/airflow/example_dags/example_python_operator.py
[2024-01-13T12:08:40.914+0000] {logging_mixin.py:188} INFO - [2024-01-13T12:08:40.914+0000] {dag.py:3033} INFO - Sync 1 DAGs
[2024-01-13T12:08:40.931+0000] {logging_mixin.py:188} INFO - [2024-01-13T12:08:40.930+0000] {dag.py:3820} INFO - Setting next_dagrun for example_python_operator to None, run_after=None
[2024-01-13T12:08:40.955+0000] {processor.py:183} INFO - Processing /home/airflow/.local/lib/python3.8/site-packages/airflow/example_dags/example_python_operator.py took 0.107 seconds
[2024-01-13T12:09:11.413+0000] {processor.py:161} INFO - Started process (PID=243) to work on /home/airflow/.local/lib/python3.8/site-packages/airflow/example_dags/example_python_operator.py
[2024-01-13T12:09:11.414+0000] {processor.py:830} INFO - Processing file /home/airflow/.local/lib/python3.8/site-packages/airflow/example_dags/example_python_operator.py for tasks to queue
[2024-01-13T12:09:11.417+0000] {logging_mixin.py:188} INFO - [2024-01-13T12:09:11.417+0000] {dagbag.py:538} INFO - Filling up the DagBag from /home/airflow/.local/lib/python3.8/site-packages/airflow/example_dags/example_python_operator.py
[2024-01-13T12:09:11.433+0000] {processor.py:840} INFO - DAG(s) 'example_python_operator' retrieved from /home/airflow/.local/lib/python3.8/site-packages/airflow/example_dags/example_python_operator.py
[2024-01-13T12:09:11.463+0000] {logging_mixin.py:188} INFO - [2024-01-13T12:09:11.463+0000] {dag.py:3033} INFO - Sync 1 DAGs
[2024-01-13T12:09:11.479+0000] {logging_mixin.py:188} INFO - [2024-01-13T12:09:11.479+0000] {dag.py:3820} INFO - Setting next_dagrun for example_python_operator to None, run_after=None
[2024-01-13T12:09:11.501+0000] {processor.py:183} INFO - Processing /home/airflow/.local/lib/python3.8/site-packages/airflow/example_dags/example_python_operator.py took 0.095 seconds
[2024-01-13T12:09:41.605+0000] {processor.py:161} INFO - Started process (PID=300) to work on /home/airflow/.local/lib/python3.8/site-packages/airflow/example_dags/example_python_operator.py
[2024-01-13T12:09:41.607+0000] {processor.py:830} INFO - Processing file /home/airflow/.local/lib/python3.8/site-packages/airflow/example_dags/example_python_operator.py for tasks to queue
[2024-01-13T12:09:41.610+0000] {logging_mixin.py:188} INFO - [2024-01-13T12:09:41.610+0000] {dagbag.py:538} INFO - Filling up the DagBag from /home/airflow/.local/lib/python3.8/site-packages/airflow/example_dags/example_python_operator.py
[2024-01-13T12:09:41.625+0000] {processor.py:840} INFO - DAG(s) 'example_python_operator' retrieved from /home/airflow/.local/lib/python3.8/site-packages/airflow/example_dags/example_python_operator.py
[2024-01-13T12:09:41.663+0000] {logging_mixin.py:188} INFO - [2024-01-13T12:09:41.663+0000] {dag.py:3033} INFO - Sync 1 DAGs
[2024-01-13T12:09:41.679+0000] {logging_mixin.py:188} INFO - [2024-01-13T12:09:41.679+0000] {dag.py:3820} INFO - Setting next_dagrun for example_python_operator to None, run_after=None
[2024-01-13T12:09:41.701+0000] {processor.py:183} INFO - Processing /home/airflow/.local/lib/python3.8/site-packages/airflow/example_dags/example_python_operator.py took 0.101 seconds
[2024-01-13T12:10:11.833+0000] {processor.py:161} INFO - Started process (PID=358) to work on /home/airflow/.local/lib/python3.8/site-packages/airflow/example_dags/example_python_operator.py
[2024-01-13T12:10:11.835+0000] {processor.py:830} INFO - Processing file /home/airflow/.local/lib/python3.8/site-packages/airflow/example_dags/example_python_operator.py for tasks to queue
[2024-01-13T12:10:11.838+0000] {logging_mixin.py:188} INFO - [2024-01-13T12:10:11.837+0000] {dagbag.py:538} INFO - Filling up the DagBag from /home/airflow/.local/lib/python3.8/site-packages/airflow/example_dags/example_python_operator.py
[2024-01-13T12:10:11.853+0000] {processor.py:840} INFO - DAG(s) 'example_python_operator' retrieved from /home/airflow/.local/lib/python3.8/site-packages/airflow/example_dags/example_python_operator.py
[2024-01-13T12:10:11.882+0000] {logging_mixin.py:188} INFO - [2024-01-13T12:10:11.882+0000] {dag.py:3033} INFO - Sync 1 DAGs
[2024-01-13T12:10:11.897+0000] {logging_mixin.py:188} INFO - [2024-01-13T12:10:11.897+0000] {dag.py:3820} INFO - Setting next_dagrun for example_python_operator to None, run_after=None
[2024-01-13T12:10:11.921+0000] {processor.py:183} INFO - Processing /home/airflow/.local/lib/python3.8/site-packages/airflow/example_dags/example_python_operator.py took 0.093 seconds
[2024-01-13T12:10:42.065+0000] {processor.py:161} INFO - Started process (PID=417) to work on /home/airflow/.local/lib/python3.8/site-packages/airflow/example_dags/example_python_operator.py
[2024-01-13T12:10:42.069+0000] {processor.py:830} INFO - Processing file /home/airflow/.local/lib/python3.8/site-packages/airflow/example_dags/example_python_operator.py for tasks to queue
[2024-01-13T12:10:42.072+0000] {logging_mixin.py:188} INFO - [2024-01-13T12:10:42.071+0000] {dagbag.py:538} INFO - Filling up the DagBag from /home/airflow/.local/lib/python3.8/site-packages/airflow/example_dags/example_python_operator.py
[2024-01-13T12:10:42.088+0000] {processor.py:840} INFO - DAG(s) 'example_python_operator' retrieved from /home/airflow/.local/lib/python3.8/site-packages/airflow/example_dags/example_python_operator.py
[2024-01-13T12:10:42.119+0000] {logging_mixin.py:188} INFO - [2024-01-13T12:10:42.119+0000] {dag.py:3033} INFO - Sync 1 DAGs
[2024-01-13T12:10:42.135+0000] {logging_mixin.py:188} INFO - [2024-01-13T12:10:42.135+0000] {dag.py:3820} INFO - Setting next_dagrun for example_python_operator to None, run_after=None
[2024-01-13T12:10:42.159+0000] {processor.py:183} INFO - Processing /home/airflow/.local/lib/python3.8/site-packages/airflow/example_dags/example_python_operator.py took 0.100 seconds
[2024-01-13T12:11:12.300+0000] {processor.py:161} INFO - Started process (PID=476) to work on /home/airflow/.local/lib/python3.8/site-packages/airflow/example_dags/example_python_operator.py
[2024-01-13T12:11:12.302+0000] {processor.py:830} INFO - Processing file /home/airflow/.local/lib/python3.8/site-packages/airflow/example_dags/example_python_operator.py for tasks to queue
[2024-01-13T12:11:12.305+0000] {logging_mixin.py:188} INFO - [2024-01-13T12:11:12.305+0000] {dagbag.py:538} INFO - Filling up the DagBag from /home/airflow/.local/lib/python3.8/site-packages/airflow/example_dags/example_python_operator.py
[2024-01-13T12:11:12.320+0000] {processor.py:840} INFO - DAG(s) 'example_python_operator' retrieved from /home/airflow/.local/lib/python3.8/site-packages/airflow/example_dags/example_python_operator.py
[2024-01-13T12:11:12.347+0000] {logging_mixin.py:188} INFO - [2024-01-13T12:11:12.347+0000] {dag.py:3033} INFO - Sync 1 DAGs
[2024-01-13T12:11:12.363+0000] {logging_mixin.py:188} INFO - [2024-01-13T12:11:12.363+0000] {dag.py:3820} INFO - Setting next_dagrun for example_python_operator to None, run_after=None
[2024-01-13T12:11:12.384+0000] {processor.py:183} INFO - Processing /home/airflow/.local/lib/python3.8/site-packages/airflow/example_dags/example_python_operator.py took 0.092 seconds
[2024-01-13T12:11:42.773+0000] {processor.py:161} INFO - Started process (PID=535) to work on /home/airflow/.local/lib/python3.8/site-packages/airflow/example_dags/example_python_operator.py
[2024-01-13T12:11:42.774+0000] {processor.py:830} INFO - Processing file /home/airflow/.local/lib/python3.8/site-packages/airflow/example_dags/example_python_operator.py for tasks to queue
[2024-01-13T12:11:42.778+0000] {logging_mixin.py:188} INFO - [2024-01-13T12:11:42.777+0000] {dagbag.py:538} INFO - Filling up the DagBag from /home/airflow/.local/lib/python3.8/site-packages/airflow/example_dags/example_python_operator.py
[2024-01-13T12:11:42.799+0000] {processor.py:840} INFO - DAG(s) 'example_python_operator' retrieved from /home/airflow/.local/lib/python3.8/site-packages/airflow/example_dags/example_python_operator.py
[2024-01-13T12:11:42.844+0000] {logging_mixin.py:188} INFO - [2024-01-13T12:11:42.843+0000] {dag.py:3033} INFO - Sync 1 DAGs
[2024-01-13T12:11:42.871+0000] {logging_mixin.py:188} INFO - [2024-01-13T12:11:42.871+0000] {dag.py:3820} INFO - Setting next_dagrun for example_python_operator to None, run_after=None
[2024-01-13T12:11:42.899+0000] {processor.py:183} INFO - Processing /home/airflow/.local/lib/python3.8/site-packages/airflow/example_dags/example_python_operator.py took 0.134 seconds
[2024-01-13T12:12:12.983+0000] {processor.py:161} INFO - Started process (PID=594) to work on /home/airflow/.local/lib/python3.8/site-packages/airflow/example_dags/example_python_operator.py
[2024-01-13T12:12:13.011+0000] {processor.py:830} INFO - Processing file /home/airflow/.local/lib/python3.8/site-packages/airflow/example_dags/example_python_operator.py for tasks to queue
[2024-01-13T12:12:13.014+0000] {logging_mixin.py:188} INFO - [2024-01-13T12:12:13.013+0000] {dagbag.py:538} INFO - Filling up the DagBag from /home/airflow/.local/lib/python3.8/site-packages/airflow/example_dags/example_python_operator.py
[2024-01-13T12:12:13.031+0000] {processor.py:840} INFO - DAG(s) 'example_python_operator' retrieved from /home/airflow/.local/lib/python3.8/site-packages/airflow/example_dags/example_python_operator.py
[2024-01-13T12:12:13.067+0000] {logging_mixin.py:188} INFO - [2024-01-13T12:12:13.067+0000] {dag.py:3033} INFO - Sync 1 DAGs
[2024-01-13T12:12:13.088+0000] {logging_mixin.py:188} INFO - [2024-01-13T12:12:13.088+0000] {dag.py:3820} INFO - Setting next_dagrun for example_python_operator to None, run_after=None
[2024-01-13T12:12:13.120+0000] {processor.py:183} INFO - Processing /home/airflow/.local/lib/python3.8/site-packages/airflow/example_dags/example_python_operator.py took 0.141 seconds
[2024-01-13T12:12:43.221+0000] {processor.py:161} INFO - Started process (PID=653) to work on /home/airflow/.local/lib/python3.8/site-packages/airflow/example_dags/example_python_operator.py
[2024-01-13T12:12:43.222+0000] {processor.py:830} INFO - Processing file /home/airflow/.local/lib/python3.8/site-packages/airflow/example_dags/example_python_operator.py for tasks to queue
[2024-01-13T12:12:43.225+0000] {logging_mixin.py:188} INFO - [2024-01-13T12:12:43.225+0000] {dagbag.py:538} INFO - Filling up the DagBag from /home/airflow/.local/lib/python3.8/site-packages/airflow/example_dags/example_python_operator.py
[2024-01-13T12:12:43.242+0000] {processor.py:840} INFO - DAG(s) 'example_python_operator' retrieved from /home/airflow/.local/lib/python3.8/site-packages/airflow/example_dags/example_python_operator.py
[2024-01-13T12:12:43.276+0000] {logging_mixin.py:188} INFO - [2024-01-13T12:12:43.275+0000] {dag.py:3033} INFO - Sync 1 DAGs
[2024-01-13T12:12:43.300+0000] {logging_mixin.py:188} INFO - [2024-01-13T12:12:43.299+0000] {dag.py:3820} INFO - Setting next_dagrun for example_python_operator to None, run_after=None
[2024-01-13T12:12:43.331+0000] {processor.py:183} INFO - Processing /home/airflow/.local/lib/python3.8/site-packages/airflow/example_dags/example_python_operator.py took 0.115 seconds
[2024-01-13T12:13:14.723+0000] {processor.py:161} INFO - Started process (PID=718) to work on /home/airflow/.local/lib/python3.8/site-packages/airflow/example_dags/example_python_operator.py
[2024-01-13T12:13:14.725+0000] {processor.py:830} INFO - Processing file /home/airflow/.local/lib/python3.8/site-packages/airflow/example_dags/example_python_operator.py for tasks to queue
[2024-01-13T12:13:14.728+0000] {logging_mixin.py:188} INFO - [2024-01-13T12:13:14.727+0000] {dagbag.py:538} INFO - Filling up the DagBag from /home/airflow/.local/lib/python3.8/site-packages/airflow/example_dags/example_python_operator.py
[2024-01-13T12:13:14.744+0000] {processor.py:840} INFO - DAG(s) 'example_python_operator' retrieved from /home/airflow/.local/lib/python3.8/site-packages/airflow/example_dags/example_python_operator.py
[2024-01-13T12:13:14.774+0000] {logging_mixin.py:188} INFO - [2024-01-13T12:13:14.774+0000] {dag.py:3033} INFO - Sync 1 DAGs
[2024-01-13T12:13:14.790+0000] {logging_mixin.py:188} INFO - [2024-01-13T12:13:14.790+0000] {dag.py:3820} INFO - Setting next_dagrun for example_python_operator to None, run_after=None
[2024-01-13T12:13:14.813+0000] {processor.py:183} INFO - Processing /home/airflow/.local/lib/python3.8/site-packages/airflow/example_dags/example_python_operator.py took 0.095 seconds
[2024-01-13T12:13:45.293+0000] {processor.py:161} INFO - Started process (PID=792) to work on /home/airflow/.local/lib/python3.8/site-packages/airflow/example_dags/example_python_operator.py
[2024-01-13T12:13:45.296+0000] {processor.py:830} INFO - Processing file /home/airflow/.local/lib/python3.8/site-packages/airflow/example_dags/example_python_operator.py for tasks to queue
[2024-01-13T12:13:45.301+0000] {logging_mixin.py:188} INFO - [2024-01-13T12:13:45.301+0000] {dagbag.py:538} INFO - Filling up the DagBag from /home/airflow/.local/lib/python3.8/site-packages/airflow/example_dags/example_python_operator.py
[2024-01-13T12:13:45.326+0000] {processor.py:840} INFO - DAG(s) 'example_python_operator' retrieved from /home/airflow/.local/lib/python3.8/site-packages/airflow/example_dags/example_python_operator.py
[2024-01-13T12:13:45.377+0000] {logging_mixin.py:188} INFO - [2024-01-13T12:13:45.376+0000] {dag.py:3033} INFO - Sync 1 DAGs
[2024-01-13T12:13:45.407+0000] {logging_mixin.py:188} INFO - [2024-01-13T12:13:45.407+0000] {dag.py:3820} INFO - Setting next_dagrun for example_python_operator to None, run_after=None
[2024-01-13T12:13:45.477+0000] {processor.py:183} INFO - Processing /home/airflow/.local/lib/python3.8/site-packages/airflow/example_dags/example_python_operator.py took 0.197 seconds
[2024-01-13T12:14:15.611+0000] {processor.py:161} INFO - Started process (PID=851) to work on /home/airflow/.local/lib/python3.8/site-packages/airflow/example_dags/example_python_operator.py
[2024-01-13T12:14:15.644+0000] {processor.py:830} INFO - Processing file /home/airflow/.local/lib/python3.8/site-packages/airflow/example_dags/example_python_operator.py for tasks to queue
[2024-01-13T12:14:15.647+0000] {logging_mixin.py:188} INFO - [2024-01-13T12:14:15.647+0000] {dagbag.py:538} INFO - Filling up the DagBag from /home/airflow/.local/lib/python3.8/site-packages/airflow/example_dags/example_python_operator.py
[2024-01-13T12:14:15.662+0000] {processor.py:840} INFO - DAG(s) 'example_python_operator' retrieved from /home/airflow/.local/lib/python3.8/site-packages/airflow/example_dags/example_python_operator.py
[2024-01-13T12:14:15.692+0000] {logging_mixin.py:188} INFO - [2024-01-13T12:14:15.692+0000] {dag.py:3033} INFO - Sync 1 DAGs
[2024-01-13T12:14:15.709+0000] {logging_mixin.py:188} INFO - [2024-01-13T12:14:15.709+0000] {dag.py:3820} INFO - Setting next_dagrun for example_python_operator to None, run_after=None
[2024-01-13T12:14:15.734+0000] {processor.py:183} INFO - Processing /home/airflow/.local/lib/python3.8/site-packages/airflow/example_dags/example_python_operator.py took 0.128 seconds
[2024-01-13T12:14:45.992+0000] {processor.py:161} INFO - Started process (PID=910) to work on /home/airflow/.local/lib/python3.8/site-packages/airflow/example_dags/example_python_operator.py
[2024-01-13T12:14:45.993+0000] {processor.py:830} INFO - Processing file /home/airflow/.local/lib/python3.8/site-packages/airflow/example_dags/example_python_operator.py for tasks to queue
[2024-01-13T12:14:45.996+0000] {logging_mixin.py:188} INFO - [2024-01-13T12:14:45.995+0000] {dagbag.py:538} INFO - Filling up the DagBag from /home/airflow/.local/lib/python3.8/site-packages/airflow/example_dags/example_python_operator.py
[2024-01-13T12:14:46.010+0000] {processor.py:840} INFO - DAG(s) 'example_python_operator' retrieved from /home/airflow/.local/lib/python3.8/site-packages/airflow/example_dags/example_python_operator.py
[2024-01-13T12:14:46.041+0000] {logging_mixin.py:188} INFO - [2024-01-13T12:14:46.041+0000] {dag.py:3033} INFO - Sync 1 DAGs
[2024-01-13T12:14:46.060+0000] {logging_mixin.py:188} INFO - [2024-01-13T12:14:46.060+0000] {dag.py:3820} INFO - Setting next_dagrun for example_python_operator to None, run_after=None
[2024-01-13T12:14:46.084+0000] {processor.py:183} INFO - Processing /home/airflow/.local/lib/python3.8/site-packages/airflow/example_dags/example_python_operator.py took 0.098 seconds
[2024-01-13T12:15:16.387+0000] {processor.py:161} INFO - Started process (PID=969) to work on /home/airflow/.local/lib/python3.8/site-packages/airflow/example_dags/example_python_operator.py
[2024-01-13T12:15:16.396+0000] {processor.py:830} INFO - Processing file /home/airflow/.local/lib/python3.8/site-packages/airflow/example_dags/example_python_operator.py for tasks to queue
[2024-01-13T12:15:16.400+0000] {logging_mixin.py:188} INFO - [2024-01-13T12:15:16.399+0000] {dagbag.py:538} INFO - Filling up the DagBag from /home/airflow/.local/lib/python3.8/site-packages/airflow/example_dags/example_python_operator.py
[2024-01-13T12:15:16.419+0000] {processor.py:840} INFO - DAG(s) 'example_python_operator' retrieved from /home/airflow/.local/lib/python3.8/site-packages/airflow/example_dags/example_python_operator.py
[2024-01-13T12:15:16.449+0000] {logging_mixin.py:188} INFO - [2024-01-13T12:15:16.449+0000] {dag.py:3033} INFO - Sync 1 DAGs
[2024-01-13T12:15:16.465+0000] {logging_mixin.py:188} INFO - [2024-01-13T12:15:16.465+0000] {dag.py:3820} INFO - Setting next_dagrun for example_python_operator to None, run_after=None
[2024-01-13T12:15:16.490+0000] {processor.py:183} INFO - Processing /home/airflow/.local/lib/python3.8/site-packages/airflow/example_dags/example_python_operator.py took 0.109 seconds
[2024-01-13T12:15:46.667+0000] {processor.py:161} INFO - Started process (PID=1028) to work on /home/airflow/.local/lib/python3.8/site-packages/airflow/example_dags/example_python_operator.py
[2024-01-13T12:15:46.668+0000] {processor.py:830} INFO - Processing file /home/airflow/.local/lib/python3.8/site-packages/airflow/example_dags/example_python_operator.py for tasks to queue
[2024-01-13T12:15:46.671+0000] {logging_mixin.py:188} INFO - [2024-01-13T12:15:46.671+0000] {dagbag.py:538} INFO - Filling up the DagBag from /home/airflow/.local/lib/python3.8/site-packages/airflow/example_dags/example_python_operator.py
[2024-01-13T12:15:46.687+0000] {processor.py:840} INFO - DAG(s) 'example_python_operator' retrieved from /home/airflow/.local/lib/python3.8/site-packages/airflow/example_dags/example_python_operator.py
[2024-01-13T12:15:46.724+0000] {logging_mixin.py:188} INFO - [2024-01-13T12:15:46.723+0000] {dag.py:3033} INFO - Sync 1 DAGs
[2024-01-13T12:15:46.747+0000] {logging_mixin.py:188} INFO - [2024-01-13T12:15:46.747+0000] {dag.py:3820} INFO - Setting next_dagrun for example_python_operator to None, run_after=None
[2024-01-13T12:15:46.776+0000] {processor.py:183} INFO - Processing /home/airflow/.local/lib/python3.8/site-packages/airflow/example_dags/example_python_operator.py took 0.114 seconds
[2024-01-13T12:16:17.013+0000] {processor.py:161} INFO - Started process (PID=1087) to work on /home/airflow/.local/lib/python3.8/site-packages/airflow/example_dags/example_python_operator.py
[2024-01-13T12:16:17.038+0000] {processor.py:830} INFO - Processing file /home/airflow/.local/lib/python3.8/site-packages/airflow/example_dags/example_python_operator.py for tasks to queue
[2024-01-13T12:16:17.042+0000] {logging_mixin.py:188} INFO - [2024-01-13T12:16:17.042+0000] {dagbag.py:538} INFO - Filling up the DagBag from /home/airflow/.local/lib/python3.8/site-packages/airflow/example_dags/example_python_operator.py
[2024-01-13T12:16:17.064+0000] {processor.py:840} INFO - DAG(s) 'example_python_operator' retrieved from /home/airflow/.local/lib/python3.8/site-packages/airflow/example_dags/example_python_operator.py
[2024-01-13T12:16:17.105+0000] {logging_mixin.py:188} INFO - [2024-01-13T12:16:17.105+0000] {dag.py:3033} INFO - Sync 1 DAGs
[2024-01-13T12:16:17.129+0000] {logging_mixin.py:188} INFO - [2024-01-13T12:16:17.129+0000] {dag.py:3820} INFO - Setting next_dagrun for example_python_operator to None, run_after=None
[2024-01-13T12:16:17.158+0000] {processor.py:183} INFO - Processing /home/airflow/.local/lib/python3.8/site-packages/airflow/example_dags/example_python_operator.py took 0.152 seconds
[2024-01-13T12:16:47.265+0000] {processor.py:161} INFO - Started process (PID=1146) to work on /home/airflow/.local/lib/python3.8/site-packages/airflow/example_dags/example_python_operator.py
[2024-01-13T12:16:47.266+0000] {processor.py:830} INFO - Processing file /home/airflow/.local/lib/python3.8/site-packages/airflow/example_dags/example_python_operator.py for tasks to queue
[2024-01-13T12:16:47.270+0000] {logging_mixin.py:188} INFO - [2024-01-13T12:16:47.270+0000] {dagbag.py:538} INFO - Filling up the DagBag from /home/airflow/.local/lib/python3.8/site-packages/airflow/example_dags/example_python_operator.py
[2024-01-13T12:16:47.290+0000] {processor.py:840} INFO - DAG(s) 'example_python_operator' retrieved from /home/airflow/.local/lib/python3.8/site-packages/airflow/example_dags/example_python_operator.py
[2024-01-13T12:16:47.320+0000] {logging_mixin.py:188} INFO - [2024-01-13T12:16:47.320+0000] {dag.py:3033} INFO - Sync 1 DAGs
[2024-01-13T12:16:47.335+0000] {logging_mixin.py:188} INFO - [2024-01-13T12:16:47.335+0000] {dag.py:3820} INFO - Setting next_dagrun for example_python_operator to None, run_after=None
[2024-01-13T12:16:47.358+0000] {processor.py:183} INFO - Processing /home/airflow/.local/lib/python3.8/site-packages/airflow/example_dags/example_python_operator.py took 0.102 seconds
[2024-01-13T12:17:17.552+0000] {processor.py:161} INFO - Started process (PID=1205) to work on /home/airflow/.local/lib/python3.8/site-packages/airflow/example_dags/example_python_operator.py
[2024-01-13T12:17:17.553+0000] {processor.py:830} INFO - Processing file /home/airflow/.local/lib/python3.8/site-packages/airflow/example_dags/example_python_operator.py for tasks to queue
[2024-01-13T12:17:17.557+0000] {logging_mixin.py:188} INFO - [2024-01-13T12:17:17.557+0000] {dagbag.py:538} INFO - Filling up the DagBag from /home/airflow/.local/lib/python3.8/site-packages/airflow/example_dags/example_python_operator.py
[2024-01-13T12:17:17.575+0000] {processor.py:840} INFO - DAG(s) 'example_python_operator' retrieved from /home/airflow/.local/lib/python3.8/site-packages/airflow/example_dags/example_python_operator.py
[2024-01-13T12:17:17.607+0000] {logging_mixin.py:188} INFO - [2024-01-13T12:17:17.606+0000] {dag.py:3033} INFO - Sync 1 DAGs
[2024-01-13T12:17:17.623+0000] {logging_mixin.py:188} INFO - [2024-01-13T12:17:17.623+0000] {dag.py:3820} INFO - Setting next_dagrun for example_python_operator to None, run_after=None
[2024-01-13T12:17:17.648+0000] {processor.py:183} INFO - Processing /home/airflow/.local/lib/python3.8/site-packages/airflow/example_dags/example_python_operator.py took 0.102 seconds
[2024-01-13T12:17:47.754+0000] {processor.py:161} INFO - Started process (PID=1264) to work on /home/airflow/.local/lib/python3.8/site-packages/airflow/example_dags/example_python_operator.py
[2024-01-13T12:17:47.755+0000] {processor.py:830} INFO - Processing file /home/airflow/.local/lib/python3.8/site-packages/airflow/example_dags/example_python_operator.py for tasks to queue
[2024-01-13T12:17:47.759+0000] {logging_mixin.py:188} INFO - [2024-01-13T12:17:47.759+0000] {dagbag.py:538} INFO - Filling up the DagBag from /home/airflow/.local/lib/python3.8/site-packages/airflow/example_dags/example_python_operator.py
[2024-01-13T12:17:47.777+0000] {processor.py:840} INFO - DAG(s) 'example_python_operator' retrieved from /home/airflow/.local/lib/python3.8/site-packages/airflow/example_dags/example_python_operator.py
[2024-01-13T12:17:47.808+0000] {logging_mixin.py:188} INFO - [2024-01-13T12:17:47.808+0000] {dag.py:3033} INFO - Sync 1 DAGs
[2024-01-13T12:17:47.825+0000] {logging_mixin.py:188} INFO - [2024-01-13T12:17:47.825+0000] {dag.py:3820} INFO - Setting next_dagrun for example_python_operator to None, run_after=None
[2024-01-13T12:17:47.850+0000] {processor.py:183} INFO - Processing /home/airflow/.local/lib/python3.8/site-packages/airflow/example_dags/example_python_operator.py took 0.101 seconds
[2024-01-13T12:18:17.960+0000] {processor.py:161} INFO - Started process (PID=1323) to work on /home/airflow/.local/lib/python3.8/site-packages/airflow/example_dags/example_python_operator.py
[2024-01-13T12:18:17.962+0000] {processor.py:830} INFO - Processing file /home/airflow/.local/lib/python3.8/site-packages/airflow/example_dags/example_python_operator.py for tasks to queue
[2024-01-13T12:18:17.966+0000] {logging_mixin.py:188} INFO - [2024-01-13T12:18:17.965+0000] {dagbag.py:538} INFO - Filling up the DagBag from /home/airflow/.local/lib/python3.8/site-packages/airflow/example_dags/example_python_operator.py
[2024-01-13T12:18:17.981+0000] {processor.py:840} INFO - DAG(s) 'example_python_operator' retrieved from /home/airflow/.local/lib/python3.8/site-packages/airflow/example_dags/example_python_operator.py
[2024-01-13T12:18:18.015+0000] {logging_mixin.py:188} INFO - [2024-01-13T12:18:18.014+0000] {dag.py:3033} INFO - Sync 1 DAGs
[2024-01-13T12:18:18.039+0000] {logging_mixin.py:188} INFO - [2024-01-13T12:18:18.039+0000] {dag.py:3820} INFO - Setting next_dagrun for example_python_operator to None, run_after=None
[2024-01-13T12:18:18.074+0000] {processor.py:183} INFO - Processing /home/airflow/.local/lib/python3.8/site-packages/airflow/example_dags/example_python_operator.py took 0.119 seconds
[2024-01-13T12:18:48.295+0000] {processor.py:161} INFO - Started process (PID=1394) to work on /home/airflow/.local/lib/python3.8/site-packages/airflow/example_dags/example_python_operator.py
[2024-01-13T12:18:48.297+0000] {processor.py:830} INFO - Processing file /home/airflow/.local/lib/python3.8/site-packages/airflow/example_dags/example_python_operator.py for tasks to queue
[2024-01-13T12:18:48.301+0000] {logging_mixin.py:188} INFO - [2024-01-13T12:18:48.300+0000] {dagbag.py:538} INFO - Filling up the DagBag from /home/airflow/.local/lib/python3.8/site-packages/airflow/example_dags/example_python_operator.py
[2024-01-13T12:18:48.317+0000] {processor.py:840} INFO - DAG(s) 'example_python_operator' retrieved from /home/airflow/.local/lib/python3.8/site-packages/airflow/example_dags/example_python_operator.py
[2024-01-13T12:18:48.349+0000] {logging_mixin.py:188} INFO - [2024-01-13T12:18:48.349+0000] {dag.py:3033} INFO - Sync 1 DAGs
[2024-01-13T12:18:48.368+0000] {logging_mixin.py:188} INFO - [2024-01-13T12:18:48.368+0000] {dag.py:3820} INFO - Setting next_dagrun for example_python_operator to None, run_after=None
[2024-01-13T12:18:48.393+0000] {processor.py:183} INFO - Processing /home/airflow/.local/lib/python3.8/site-packages/airflow/example_dags/example_python_operator.py took 0.104 seconds
[2024-01-13T12:19:18.961+0000] {processor.py:161} INFO - Started process (PID=1451) to work on /home/airflow/.local/lib/python3.8/site-packages/airflow/example_dags/example_python_operator.py
[2024-01-13T12:19:18.963+0000] {processor.py:830} INFO - Processing file /home/airflow/.local/lib/python3.8/site-packages/airflow/example_dags/example_python_operator.py for tasks to queue
[2024-01-13T12:19:18.968+0000] {logging_mixin.py:188} INFO - [2024-01-13T12:19:18.966+0000] {dagbag.py:538} INFO - Filling up the DagBag from /home/airflow/.local/lib/python3.8/site-packages/airflow/example_dags/example_python_operator.py
[2024-01-13T12:19:18.991+0000] {processor.py:840} INFO - DAG(s) 'example_python_operator' retrieved from /home/airflow/.local/lib/python3.8/site-packages/airflow/example_dags/example_python_operator.py
[2024-01-13T12:19:19.023+0000] {logging_mixin.py:188} INFO - [2024-01-13T12:19:19.023+0000] {dag.py:3033} INFO - Sync 1 DAGs
[2024-01-13T12:19:19.039+0000] {logging_mixin.py:188} INFO - [2024-01-13T12:19:19.039+0000] {dag.py:3820} INFO - Setting next_dagrun for example_python_operator to None, run_after=None
[2024-01-13T12:19:19.065+0000] {processor.py:183} INFO - Processing /home/airflow/.local/lib/python3.8/site-packages/airflow/example_dags/example_python_operator.py took 0.110 seconds
[2024-01-13T12:19:49.485+0000] {processor.py:161} INFO - Started process (PID=1510) to work on /home/airflow/.local/lib/python3.8/site-packages/airflow/example_dags/example_python_operator.py
[2024-01-13T12:19:49.486+0000] {processor.py:830} INFO - Processing file /home/airflow/.local/lib/python3.8/site-packages/airflow/example_dags/example_python_operator.py for tasks to queue
[2024-01-13T12:19:49.489+0000] {logging_mixin.py:188} INFO - [2024-01-13T12:19:49.489+0000] {dagbag.py:538} INFO - Filling up the DagBag from /home/airflow/.local/lib/python3.8/site-packages/airflow/example_dags/example_python_operator.py
[2024-01-13T12:19:49.505+0000] {processor.py:840} INFO - DAG(s) 'example_python_operator' retrieved from /home/airflow/.local/lib/python3.8/site-packages/airflow/example_dags/example_python_operator.py
[2024-01-13T12:19:49.536+0000] {logging_mixin.py:188} INFO - [2024-01-13T12:19:49.536+0000] {dag.py:3033} INFO - Sync 1 DAGs
[2024-01-13T12:19:49.556+0000] {logging_mixin.py:188} INFO - [2024-01-13T12:19:49.555+0000] {dag.py:3820} INFO - Setting next_dagrun for example_python_operator to None, run_after=None
[2024-01-13T12:19:49.582+0000] {processor.py:183} INFO - Processing /home/airflow/.local/lib/python3.8/site-packages/airflow/example_dags/example_python_operator.py took 0.102 seconds
[2024-01-13T12:20:19.898+0000] {processor.py:161} INFO - Started process (PID=1570) to work on /home/airflow/.local/lib/python3.8/site-packages/airflow/example_dags/example_python_operator.py
[2024-01-13T12:20:19.901+0000] {processor.py:830} INFO - Processing file /home/airflow/.local/lib/python3.8/site-packages/airflow/example_dags/example_python_operator.py for tasks to queue
[2024-01-13T12:20:19.904+0000] {logging_mixin.py:188} INFO - [2024-01-13T12:20:19.904+0000] {dagbag.py:538} INFO - Filling up the DagBag from /home/airflow/.local/lib/python3.8/site-packages/airflow/example_dags/example_python_operator.py
[2024-01-13T12:20:19.921+0000] {processor.py:840} INFO - DAG(s) 'example_python_operator' retrieved from /home/airflow/.local/lib/python3.8/site-packages/airflow/example_dags/example_python_operator.py
[2024-01-13T12:20:19.963+0000] {logging_mixin.py:188} INFO - [2024-01-13T12:20:19.963+0000] {dag.py:3033} INFO - Sync 1 DAGs
[2024-01-13T12:20:19.990+0000] {logging_mixin.py:188} INFO - [2024-01-13T12:20:19.989+0000] {dag.py:3820} INFO - Setting next_dagrun for example_python_operator to None, run_after=None
[2024-01-13T12:20:20.025+0000] {processor.py:183} INFO - Processing /home/airflow/.local/lib/python3.8/site-packages/airflow/example_dags/example_python_operator.py took 0.134 seconds
[2024-01-13T12:20:50.115+0000] {processor.py:161} INFO - Started process (PID=1629) to work on /home/airflow/.local/lib/python3.8/site-packages/airflow/example_dags/example_python_operator.py
[2024-01-13T12:20:50.116+0000] {processor.py:830} INFO - Processing file /home/airflow/.local/lib/python3.8/site-packages/airflow/example_dags/example_python_operator.py for tasks to queue
[2024-01-13T12:20:50.119+0000] {logging_mixin.py:188} INFO - [2024-01-13T12:20:50.119+0000] {dagbag.py:538} INFO - Filling up the DagBag from /home/airflow/.local/lib/python3.8/site-packages/airflow/example_dags/example_python_operator.py
[2024-01-13T12:20:50.135+0000] {processor.py:840} INFO - DAG(s) 'example_python_operator' retrieved from /home/airflow/.local/lib/python3.8/site-packages/airflow/example_dags/example_python_operator.py
[2024-01-13T12:20:50.171+0000] {logging_mixin.py:188} INFO - [2024-01-13T12:20:50.171+0000] {dag.py:3033} INFO - Sync 1 DAGs
[2024-01-13T12:20:50.189+0000] {logging_mixin.py:188} INFO - [2024-01-13T12:20:50.189+0000] {dag.py:3820} INFO - Setting next_dagrun for example_python_operator to None, run_after=None
[2024-01-13T12:20:50.218+0000] {processor.py:183} INFO - Processing /home/airflow/.local/lib/python3.8/site-packages/airflow/example_dags/example_python_operator.py took 0.108 seconds
[2024-01-13T12:21:20.447+0000] {processor.py:161} INFO - Started process (PID=1696) to work on /home/airflow/.local/lib/python3.8/site-packages/airflow/example_dags/example_python_operator.py
[2024-01-13T12:21:20.449+0000] {processor.py:830} INFO - Processing file /home/airflow/.local/lib/python3.8/site-packages/airflow/example_dags/example_python_operator.py for tasks to queue
[2024-01-13T12:21:20.454+0000] {logging_mixin.py:188} INFO - [2024-01-13T12:21:20.453+0000] {dagbag.py:538} INFO - Filling up the DagBag from /home/airflow/.local/lib/python3.8/site-packages/airflow/example_dags/example_python_operator.py
[2024-01-13T12:21:20.474+0000] {processor.py:840} INFO - DAG(s) 'example_python_operator' retrieved from /home/airflow/.local/lib/python3.8/site-packages/airflow/example_dags/example_python_operator.py
[2024-01-13T12:21:20.507+0000] {logging_mixin.py:188} INFO - [2024-01-13T12:21:20.507+0000] {dag.py:3033} INFO - Sync 1 DAGs
[2024-01-13T12:21:20.524+0000] {logging_mixin.py:188} INFO - [2024-01-13T12:21:20.524+0000] {dag.py:3820} INFO - Setting next_dagrun for example_python_operator to None, run_after=None
[2024-01-13T12:21:20.550+0000] {processor.py:183} INFO - Processing /home/airflow/.local/lib/python3.8/site-packages/airflow/example_dags/example_python_operator.py took 0.109 seconds
[2024-01-13T12:21:51.652+0000] {processor.py:161} INFO - Started process (PID=1767) to work on /home/airflow/.local/lib/python3.8/site-packages/airflow/example_dags/example_python_operator.py
[2024-01-13T12:21:51.654+0000] {processor.py:830} INFO - Processing file /home/airflow/.local/lib/python3.8/site-packages/airflow/example_dags/example_python_operator.py for tasks to queue
[2024-01-13T12:21:51.660+0000] {logging_mixin.py:188} INFO - [2024-01-13T12:21:51.660+0000] {dagbag.py:538} INFO - Filling up the DagBag from /home/airflow/.local/lib/python3.8/site-packages/airflow/example_dags/example_python_operator.py
[2024-01-13T12:21:51.682+0000] {processor.py:840} INFO - DAG(s) 'example_python_operator' retrieved from /home/airflow/.local/lib/python3.8/site-packages/airflow/example_dags/example_python_operator.py
[2024-01-13T12:21:51.767+0000] {logging_mixin.py:188} INFO - [2024-01-13T12:21:51.767+0000] {dag.py:3033} INFO - Sync 1 DAGs
[2024-01-13T12:21:51.813+0000] {logging_mixin.py:188} INFO - [2024-01-13T12:21:51.812+0000] {dag.py:3820} INFO - Setting next_dagrun for example_python_operator to None, run_after=None
[2024-01-13T12:21:51.920+0000] {processor.py:183} INFO - Processing /home/airflow/.local/lib/python3.8/site-packages/airflow/example_dags/example_python_operator.py took 0.275 seconds
[2024-01-13T12:22:22.797+0000] {processor.py:161} INFO - Started process (PID=1844) to work on /home/airflow/.local/lib/python3.8/site-packages/airflow/example_dags/example_python_operator.py
[2024-01-13T12:22:22.800+0000] {processor.py:830} INFO - Processing file /home/airflow/.local/lib/python3.8/site-packages/airflow/example_dags/example_python_operator.py for tasks to queue
[2024-01-13T12:22:22.808+0000] {logging_mixin.py:188} INFO - [2024-01-13T12:22:22.808+0000] {dagbag.py:538} INFO - Filling up the DagBag from /home/airflow/.local/lib/python3.8/site-packages/airflow/example_dags/example_python_operator.py
[2024-01-13T12:22:22.839+0000] {processor.py:840} INFO - DAG(s) 'example_python_operator' retrieved from /home/airflow/.local/lib/python3.8/site-packages/airflow/example_dags/example_python_operator.py
[2024-01-13T12:22:22.898+0000] {logging_mixin.py:188} INFO - [2024-01-13T12:22:22.897+0000] {dag.py:3033} INFO - Sync 1 DAGs
[2024-01-13T12:22:22.926+0000] {logging_mixin.py:188} INFO - [2024-01-13T12:22:22.926+0000] {dag.py:3820} INFO - Setting next_dagrun for example_python_operator to None, run_after=None
[2024-01-13T12:22:22.972+0000] {processor.py:183} INFO - Processing /home/airflow/.local/lib/python3.8/site-packages/airflow/example_dags/example_python_operator.py took 0.184 seconds
[2024-01-13T12:22:53.123+0000] {processor.py:161} INFO - Started process (PID=1927) to work on /home/airflow/.local/lib/python3.8/site-packages/airflow/example_dags/example_python_operator.py
[2024-01-13T12:22:53.125+0000] {processor.py:830} INFO - Processing file /home/airflow/.local/lib/python3.8/site-packages/airflow/example_dags/example_python_operator.py for tasks to queue
[2024-01-13T12:22:53.130+0000] {logging_mixin.py:188} INFO - [2024-01-13T12:22:53.130+0000] {dagbag.py:538} INFO - Filling up the DagBag from /home/airflow/.local/lib/python3.8/site-packages/airflow/example_dags/example_python_operator.py
[2024-01-13T12:22:53.161+0000] {processor.py:840} INFO - DAG(s) 'example_python_operator' retrieved from /home/airflow/.local/lib/python3.8/site-packages/airflow/example_dags/example_python_operator.py
[2024-01-13T12:22:53.226+0000] {logging_mixin.py:188} INFO - [2024-01-13T12:22:53.226+0000] {dag.py:3033} INFO - Sync 1 DAGs
[2024-01-13T12:22:53.255+0000] {logging_mixin.py:188} INFO - [2024-01-13T12:22:53.255+0000] {dag.py:3820} INFO - Setting next_dagrun for example_python_operator to None, run_after=None
[2024-01-13T12:22:53.289+0000] {processor.py:183} INFO - Processing /home/airflow/.local/lib/python3.8/site-packages/airflow/example_dags/example_python_operator.py took 0.173 seconds
[2024-01-13T12:23:23.908+0000] {processor.py:161} INFO - Started process (PID=1979) to work on /home/airflow/.local/lib/python3.8/site-packages/airflow/example_dags/example_python_operator.py
[2024-01-13T12:23:23.911+0000] {processor.py:830} INFO - Processing file /home/airflow/.local/lib/python3.8/site-packages/airflow/example_dags/example_python_operator.py for tasks to queue
[2024-01-13T12:23:23.914+0000] {logging_mixin.py:188} INFO - [2024-01-13T12:23:23.914+0000] {dagbag.py:538} INFO - Filling up the DagBag from /home/airflow/.local/lib/python3.8/site-packages/airflow/example_dags/example_python_operator.py
[2024-01-13T12:23:23.929+0000] {processor.py:840} INFO - DAG(s) 'example_python_operator' retrieved from /home/airflow/.local/lib/python3.8/site-packages/airflow/example_dags/example_python_operator.py
[2024-01-13T12:23:23.971+0000] {logging_mixin.py:188} INFO - [2024-01-13T12:23:23.970+0000] {dag.py:3033} INFO - Sync 1 DAGs
[2024-01-13T12:23:23.990+0000] {logging_mixin.py:188} INFO - [2024-01-13T12:23:23.990+0000] {dag.py:3820} INFO - Setting next_dagrun for example_python_operator to None, run_after=None
[2024-01-13T12:23:24.014+0000] {processor.py:183} INFO - Processing /home/airflow/.local/lib/python3.8/site-packages/airflow/example_dags/example_python_operator.py took 0.112 seconds
[2024-01-13T12:23:54.302+0000] {processor.py:161} INFO - Started process (PID=2033) to work on /home/airflow/.local/lib/python3.8/site-packages/airflow/example_dags/example_python_operator.py
[2024-01-13T12:23:54.304+0000] {processor.py:830} INFO - Processing file /home/airflow/.local/lib/python3.8/site-packages/airflow/example_dags/example_python_operator.py for tasks to queue
[2024-01-13T12:23:54.308+0000] {logging_mixin.py:188} INFO - [2024-01-13T12:23:54.308+0000] {dagbag.py:538} INFO - Filling up the DagBag from /home/airflow/.local/lib/python3.8/site-packages/airflow/example_dags/example_python_operator.py
[2024-01-13T12:23:54.327+0000] {processor.py:840} INFO - DAG(s) 'example_python_operator' retrieved from /home/airflow/.local/lib/python3.8/site-packages/airflow/example_dags/example_python_operator.py
[2024-01-13T12:23:54.362+0000] {logging_mixin.py:188} INFO - [2024-01-13T12:23:54.361+0000] {dag.py:3033} INFO - Sync 1 DAGs
[2024-01-13T12:23:54.378+0000] {logging_mixin.py:188} INFO - [2024-01-13T12:23:54.378+0000] {dag.py:3820} INFO - Setting next_dagrun for example_python_operator to None, run_after=None
[2024-01-13T12:23:54.405+0000] {processor.py:183} INFO - Processing /home/airflow/.local/lib/python3.8/site-packages/airflow/example_dags/example_python_operator.py took 0.109 seconds
[2024-01-13T12:24:24.704+0000] {processor.py:161} INFO - Started process (PID=2092) to work on /home/airflow/.local/lib/python3.8/site-packages/airflow/example_dags/example_python_operator.py
[2024-01-13T12:24:24.707+0000] {processor.py:830} INFO - Processing file /home/airflow/.local/lib/python3.8/site-packages/airflow/example_dags/example_python_operator.py for tasks to queue
[2024-01-13T12:24:24.710+0000] {logging_mixin.py:188} INFO - [2024-01-13T12:24:24.710+0000] {dagbag.py:538} INFO - Filling up the DagBag from /home/airflow/.local/lib/python3.8/site-packages/airflow/example_dags/example_python_operator.py
[2024-01-13T12:24:24.733+0000] {processor.py:840} INFO - DAG(s) 'example_python_operator' retrieved from /home/airflow/.local/lib/python3.8/site-packages/airflow/example_dags/example_python_operator.py
[2024-01-13T12:24:24.774+0000] {logging_mixin.py:188} INFO - [2024-01-13T12:24:24.773+0000] {dag.py:3033} INFO - Sync 1 DAGs
[2024-01-13T12:24:24.792+0000] {logging_mixin.py:188} INFO - [2024-01-13T12:24:24.792+0000] {dag.py:3820} INFO - Setting next_dagrun for example_python_operator to None, run_after=None
[2024-01-13T12:24:24.819+0000] {processor.py:183} INFO - Processing /home/airflow/.local/lib/python3.8/site-packages/airflow/example_dags/example_python_operator.py took 0.120 seconds
[2024-01-13T12:24:55.312+0000] {processor.py:161} INFO - Started process (PID=2152) to work on /home/airflow/.local/lib/python3.8/site-packages/airflow/example_dags/example_python_operator.py
[2024-01-13T12:24:55.314+0000] {processor.py:830} INFO - Processing file /home/airflow/.local/lib/python3.8/site-packages/airflow/example_dags/example_python_operator.py for tasks to queue
[2024-01-13T12:24:55.318+0000] {logging_mixin.py:188} INFO - [2024-01-13T12:24:55.317+0000] {dagbag.py:538} INFO - Filling up the DagBag from /home/airflow/.local/lib/python3.8/site-packages/airflow/example_dags/example_python_operator.py
[2024-01-13T12:24:55.334+0000] {processor.py:840} INFO - DAG(s) 'example_python_operator' retrieved from /home/airflow/.local/lib/python3.8/site-packages/airflow/example_dags/example_python_operator.py
[2024-01-13T12:24:55.370+0000] {logging_mixin.py:188} INFO - [2024-01-13T12:24:55.370+0000] {dag.py:3033} INFO - Sync 1 DAGs
[2024-01-13T12:24:55.390+0000] {logging_mixin.py:188} INFO - [2024-01-13T12:24:55.390+0000] {dag.py:3820} INFO - Setting next_dagrun for example_python_operator to None, run_after=None
[2024-01-13T12:24:55.418+0000] {processor.py:183} INFO - Processing /home/airflow/.local/lib/python3.8/site-packages/airflow/example_dags/example_python_operator.py took 0.111 seconds
