[2024-01-13T11:57:41.832+0000] {processor.py:161} INFO - Started process (PID=49) to work on /home/airflow/.local/lib/python3.8/site-packages/airflow/example_dags/example_short_circuit_decorator.py
[2024-01-13T11:57:41.846+0000] {processor.py:830} INFO - Processing file /home/airflow/.local/lib/python3.8/site-packages/airflow/example_dags/example_short_circuit_decorator.py for tasks to queue
[2024-01-13T11:57:41.850+0000] {logging_mixin.py:188} INFO - [2024-01-13T11:57:41.849+0000] {dagbag.py:538} INFO - Filling up the DagBag from /home/airflow/.local/lib/python3.8/site-packages/airflow/example_dags/example_short_circuit_decorator.py
[2024-01-13T11:57:41.892+0000] {processor.py:840} INFO - DAG(s) 'example_short_circuit_decorator' retrieved from /home/airflow/.local/lib/python3.8/site-packages/airflow/example_dags/example_short_circuit_decorator.py
[2024-01-13T11:57:42.323+0000] {logging_mixin.py:188} INFO - [2024-01-13T11:57:42.322+0000] {override.py:1769} INFO - Created Permission View: can edit on DAG:example_short_circuit_decorator
[2024-01-13T11:57:42.357+0000] {logging_mixin.py:188} INFO - [2024-01-13T11:57:42.356+0000] {override.py:1769} INFO - Created Permission View: can read on DAG:example_short_circuit_decorator
[2024-01-13T11:57:42.372+0000] {logging_mixin.py:188} INFO - [2024-01-13T11:57:42.372+0000] {override.py:1769} INFO - Created Permission View: can delete on DAG:example_short_circuit_decorator
[2024-01-13T11:57:42.373+0000] {logging_mixin.py:188} INFO - [2024-01-13T11:57:42.372+0000] {dag.py:3033} INFO - Sync 1 DAGs
[2024-01-13T11:57:42.423+0000] {logging_mixin.py:188} INFO - [2024-01-13T11:57:42.423+0000] {dag.py:3055} INFO - Creating ORM DAG for example_short_circuit_decorator
[2024-01-13T11:57:42.469+0000] {logging_mixin.py:188} INFO - [2024-01-13T11:57:42.468+0000] {dag.py:3820} INFO - Setting next_dagrun for example_short_circuit_decorator to 2024-01-12T00:00:00+00:00, run_after=2024-01-13T00:00:00+00:00
[2024-01-13T11:57:42.520+0000] {processor.py:183} INFO - Processing /home/airflow/.local/lib/python3.8/site-packages/airflow/example_dags/example_short_circuit_decorator.py took 0.698 seconds
[2024-01-13T11:58:13.324+0000] {processor.py:161} INFO - Started process (PID=108) to work on /home/airflow/.local/lib/python3.8/site-packages/airflow/example_dags/example_short_circuit_decorator.py
[2024-01-13T11:58:13.326+0000] {processor.py:830} INFO - Processing file /home/airflow/.local/lib/python3.8/site-packages/airflow/example_dags/example_short_circuit_decorator.py for tasks to queue
[2024-01-13T11:58:13.329+0000] {logging_mixin.py:188} INFO - [2024-01-13T11:58:13.328+0000] {dagbag.py:538} INFO - Filling up the DagBag from /home/airflow/.local/lib/python3.8/site-packages/airflow/example_dags/example_short_circuit_decorator.py
[2024-01-13T11:58:13.341+0000] {processor.py:840} INFO - DAG(s) 'example_short_circuit_decorator' retrieved from /home/airflow/.local/lib/python3.8/site-packages/airflow/example_dags/example_short_circuit_decorator.py
[2024-01-13T11:58:13.375+0000] {logging_mixin.py:188} INFO - [2024-01-13T11:58:13.374+0000] {dag.py:3033} INFO - Sync 1 DAGs
[2024-01-13T11:58:13.402+0000] {logging_mixin.py:188} INFO - [2024-01-13T11:58:13.402+0000] {dag.py:3820} INFO - Setting next_dagrun for example_short_circuit_decorator to 2024-01-12T00:00:00+00:00, run_after=2024-01-13T00:00:00+00:00
[2024-01-13T11:58:13.424+0000] {processor.py:183} INFO - Processing /home/airflow/.local/lib/python3.8/site-packages/airflow/example_dags/example_short_circuit_decorator.py took 0.106 seconds
[2024-01-13T11:58:43.531+0000] {processor.py:161} INFO - Started process (PID=167) to work on /home/airflow/.local/lib/python3.8/site-packages/airflow/example_dags/example_short_circuit_decorator.py
[2024-01-13T11:58:43.532+0000] {processor.py:830} INFO - Processing file /home/airflow/.local/lib/python3.8/site-packages/airflow/example_dags/example_short_circuit_decorator.py for tasks to queue
[2024-01-13T11:58:43.535+0000] {logging_mixin.py:188} INFO - [2024-01-13T11:58:43.534+0000] {dagbag.py:538} INFO - Filling up the DagBag from /home/airflow/.local/lib/python3.8/site-packages/airflow/example_dags/example_short_circuit_decorator.py
[2024-01-13T11:58:43.548+0000] {processor.py:840} INFO - DAG(s) 'example_short_circuit_decorator' retrieved from /home/airflow/.local/lib/python3.8/site-packages/airflow/example_dags/example_short_circuit_decorator.py
[2024-01-13T11:58:43.581+0000] {logging_mixin.py:188} INFO - [2024-01-13T11:58:43.581+0000] {dag.py:3033} INFO - Sync 1 DAGs
[2024-01-13T11:58:43.609+0000] {logging_mixin.py:188} INFO - [2024-01-13T11:58:43.608+0000] {dag.py:3820} INFO - Setting next_dagrun for example_short_circuit_decorator to 2024-01-12T00:00:00+00:00, run_after=2024-01-13T00:00:00+00:00
[2024-01-13T11:58:43.634+0000] {processor.py:183} INFO - Processing /home/airflow/.local/lib/python3.8/site-packages/airflow/example_dags/example_short_circuit_decorator.py took 0.109 seconds
[2024-01-13T11:59:13.972+0000] {processor.py:161} INFO - Started process (PID=227) to work on /home/airflow/.local/lib/python3.8/site-packages/airflow/example_dags/example_short_circuit_decorator.py
[2024-01-13T11:59:13.974+0000] {processor.py:830} INFO - Processing file /home/airflow/.local/lib/python3.8/site-packages/airflow/example_dags/example_short_circuit_decorator.py for tasks to queue
[2024-01-13T11:59:13.977+0000] {logging_mixin.py:188} INFO - [2024-01-13T11:59:13.977+0000] {dagbag.py:538} INFO - Filling up the DagBag from /home/airflow/.local/lib/python3.8/site-packages/airflow/example_dags/example_short_circuit_decorator.py
[2024-01-13T11:59:13.990+0000] {processor.py:840} INFO - DAG(s) 'example_short_circuit_decorator' retrieved from /home/airflow/.local/lib/python3.8/site-packages/airflow/example_dags/example_short_circuit_decorator.py
[2024-01-13T11:59:14.021+0000] {logging_mixin.py:188} INFO - [2024-01-13T11:59:14.021+0000] {dag.py:3033} INFO - Sync 1 DAGs
[2024-01-13T11:59:14.049+0000] {logging_mixin.py:188} INFO - [2024-01-13T11:59:14.049+0000] {dag.py:3820} INFO - Setting next_dagrun for example_short_circuit_decorator to 2024-01-12T00:00:00+00:00, run_after=2024-01-13T00:00:00+00:00
[2024-01-13T11:59:14.072+0000] {processor.py:183} INFO - Processing /home/airflow/.local/lib/python3.8/site-packages/airflow/example_dags/example_short_circuit_decorator.py took 0.105 seconds
[2024-01-13T11:59:44.465+0000] {processor.py:161} INFO - Started process (PID=287) to work on /home/airflow/.local/lib/python3.8/site-packages/airflow/example_dags/example_short_circuit_decorator.py
[2024-01-13T11:59:44.467+0000] {processor.py:830} INFO - Processing file /home/airflow/.local/lib/python3.8/site-packages/airflow/example_dags/example_short_circuit_decorator.py for tasks to queue
[2024-01-13T11:59:44.471+0000] {logging_mixin.py:188} INFO - [2024-01-13T11:59:44.470+0000] {dagbag.py:538} INFO - Filling up the DagBag from /home/airflow/.local/lib/python3.8/site-packages/airflow/example_dags/example_short_circuit_decorator.py
[2024-01-13T11:59:44.484+0000] {processor.py:840} INFO - DAG(s) 'example_short_circuit_decorator' retrieved from /home/airflow/.local/lib/python3.8/site-packages/airflow/example_dags/example_short_circuit_decorator.py
[2024-01-13T11:59:44.518+0000] {logging_mixin.py:188} INFO - [2024-01-13T11:59:44.517+0000] {dag.py:3033} INFO - Sync 1 DAGs
[2024-01-13T11:59:44.546+0000] {logging_mixin.py:188} INFO - [2024-01-13T11:59:44.546+0000] {dag.py:3820} INFO - Setting next_dagrun for example_short_circuit_decorator to 2024-01-12T00:00:00+00:00, run_after=2024-01-13T00:00:00+00:00
[2024-01-13T11:59:44.568+0000] {processor.py:183} INFO - Processing /home/airflow/.local/lib/python3.8/site-packages/airflow/example_dags/example_short_circuit_decorator.py took 0.108 seconds
[2024-01-13T12:00:14.767+0000] {processor.py:161} INFO - Started process (PID=346) to work on /home/airflow/.local/lib/python3.8/site-packages/airflow/example_dags/example_short_circuit_decorator.py
[2024-01-13T12:00:14.768+0000] {processor.py:830} INFO - Processing file /home/airflow/.local/lib/python3.8/site-packages/airflow/example_dags/example_short_circuit_decorator.py for tasks to queue
[2024-01-13T12:00:14.771+0000] {logging_mixin.py:188} INFO - [2024-01-13T12:00:14.771+0000] {dagbag.py:538} INFO - Filling up the DagBag from /home/airflow/.local/lib/python3.8/site-packages/airflow/example_dags/example_short_circuit_decorator.py
[2024-01-13T12:00:14.785+0000] {processor.py:840} INFO - DAG(s) 'example_short_circuit_decorator' retrieved from /home/airflow/.local/lib/python3.8/site-packages/airflow/example_dags/example_short_circuit_decorator.py
[2024-01-13T12:00:14.819+0000] {logging_mixin.py:188} INFO - [2024-01-13T12:00:14.819+0000] {dag.py:3033} INFO - Sync 1 DAGs
[2024-01-13T12:00:14.851+0000] {logging_mixin.py:188} INFO - [2024-01-13T12:00:14.851+0000] {dag.py:3820} INFO - Setting next_dagrun for example_short_circuit_decorator to 2024-01-12T00:00:00+00:00, run_after=2024-01-13T00:00:00+00:00
[2024-01-13T12:00:14.877+0000] {processor.py:183} INFO - Processing /home/airflow/.local/lib/python3.8/site-packages/airflow/example_dags/example_short_circuit_decorator.py took 0.115 seconds
[2024-01-13T12:00:45.440+0000] {processor.py:161} INFO - Started process (PID=405) to work on /home/airflow/.local/lib/python3.8/site-packages/airflow/example_dags/example_short_circuit_decorator.py
[2024-01-13T12:00:45.449+0000] {processor.py:830} INFO - Processing file /home/airflow/.local/lib/python3.8/site-packages/airflow/example_dags/example_short_circuit_decorator.py for tasks to queue
[2024-01-13T12:00:45.452+0000] {logging_mixin.py:188} INFO - [2024-01-13T12:00:45.451+0000] {dagbag.py:538} INFO - Filling up the DagBag from /home/airflow/.local/lib/python3.8/site-packages/airflow/example_dags/example_short_circuit_decorator.py
[2024-01-13T12:00:45.464+0000] {processor.py:840} INFO - DAG(s) 'example_short_circuit_decorator' retrieved from /home/airflow/.local/lib/python3.8/site-packages/airflow/example_dags/example_short_circuit_decorator.py
[2024-01-13T12:00:45.503+0000] {logging_mixin.py:188} INFO - [2024-01-13T12:00:45.503+0000] {dag.py:3033} INFO - Sync 1 DAGs
[2024-01-13T12:00:45.536+0000] {logging_mixin.py:188} INFO - [2024-01-13T12:00:45.536+0000] {dag.py:3820} INFO - Setting next_dagrun for example_short_circuit_decorator to 2024-01-12T00:00:00+00:00, run_after=2024-01-13T00:00:00+00:00
[2024-01-13T12:00:45.560+0000] {processor.py:183} INFO - Processing /home/airflow/.local/lib/python3.8/site-packages/airflow/example_dags/example_short_circuit_decorator.py took 0.125 seconds
[2024-01-13T12:01:15.799+0000] {processor.py:161} INFO - Started process (PID=464) to work on /home/airflow/.local/lib/python3.8/site-packages/airflow/example_dags/example_short_circuit_decorator.py
[2024-01-13T12:01:15.800+0000] {processor.py:830} INFO - Processing file /home/airflow/.local/lib/python3.8/site-packages/airflow/example_dags/example_short_circuit_decorator.py for tasks to queue
[2024-01-13T12:01:15.803+0000] {logging_mixin.py:188} INFO - [2024-01-13T12:01:15.803+0000] {dagbag.py:538} INFO - Filling up the DagBag from /home/airflow/.local/lib/python3.8/site-packages/airflow/example_dags/example_short_circuit_decorator.py
[2024-01-13T12:01:15.816+0000] {processor.py:840} INFO - DAG(s) 'example_short_circuit_decorator' retrieved from /home/airflow/.local/lib/python3.8/site-packages/airflow/example_dags/example_short_circuit_decorator.py
[2024-01-13T12:01:15.855+0000] {logging_mixin.py:188} INFO - [2024-01-13T12:01:15.855+0000] {dag.py:3033} INFO - Sync 1 DAGs
[2024-01-13T12:01:15.891+0000] {logging_mixin.py:188} INFO - [2024-01-13T12:01:15.891+0000] {dag.py:3820} INFO - Setting next_dagrun for example_short_circuit_decorator to 2024-01-12T00:00:00+00:00, run_after=2024-01-13T00:00:00+00:00
[2024-01-13T12:01:15.916+0000] {processor.py:183} INFO - Processing /home/airflow/.local/lib/python3.8/site-packages/airflow/example_dags/example_short_circuit_decorator.py took 0.122 seconds
[2024-01-13T12:01:46.122+0000] {processor.py:161} INFO - Started process (PID=523) to work on /home/airflow/.local/lib/python3.8/site-packages/airflow/example_dags/example_short_circuit_decorator.py
[2024-01-13T12:01:46.124+0000] {processor.py:830} INFO - Processing file /home/airflow/.local/lib/python3.8/site-packages/airflow/example_dags/example_short_circuit_decorator.py for tasks to queue
[2024-01-13T12:01:46.129+0000] {logging_mixin.py:188} INFO - [2024-01-13T12:01:46.128+0000] {dagbag.py:538} INFO - Filling up the DagBag from /home/airflow/.local/lib/python3.8/site-packages/airflow/example_dags/example_short_circuit_decorator.py
[2024-01-13T12:01:46.147+0000] {processor.py:840} INFO - DAG(s) 'example_short_circuit_decorator' retrieved from /home/airflow/.local/lib/python3.8/site-packages/airflow/example_dags/example_short_circuit_decorator.py
[2024-01-13T12:01:46.193+0000] {logging_mixin.py:188} INFO - [2024-01-13T12:01:46.193+0000] {dag.py:3033} INFO - Sync 1 DAGs
[2024-01-13T12:01:46.238+0000] {logging_mixin.py:188} INFO - [2024-01-13T12:01:46.238+0000] {dag.py:3820} INFO - Setting next_dagrun for example_short_circuit_decorator to 2024-01-12T00:00:00+00:00, run_after=2024-01-13T00:00:00+00:00
[2024-01-13T12:01:46.268+0000] {processor.py:183} INFO - Processing /home/airflow/.local/lib/python3.8/site-packages/airflow/example_dags/example_short_circuit_decorator.py took 0.152 seconds
[2024-01-13T12:02:16.460+0000] {processor.py:161} INFO - Started process (PID=590) to work on /home/airflow/.local/lib/python3.8/site-packages/airflow/example_dags/example_short_circuit_decorator.py
[2024-01-13T12:02:16.461+0000] {processor.py:830} INFO - Processing file /home/airflow/.local/lib/python3.8/site-packages/airflow/example_dags/example_short_circuit_decorator.py for tasks to queue
[2024-01-13T12:02:16.464+0000] {logging_mixin.py:188} INFO - [2024-01-13T12:02:16.464+0000] {dagbag.py:538} INFO - Filling up the DagBag from /home/airflow/.local/lib/python3.8/site-packages/airflow/example_dags/example_short_circuit_decorator.py
[2024-01-13T12:02:16.476+0000] {processor.py:840} INFO - DAG(s) 'example_short_circuit_decorator' retrieved from /home/airflow/.local/lib/python3.8/site-packages/airflow/example_dags/example_short_circuit_decorator.py
[2024-01-13T12:02:16.508+0000] {logging_mixin.py:188} INFO - [2024-01-13T12:02:16.508+0000] {dag.py:3033} INFO - Sync 1 DAGs
[2024-01-13T12:02:16.538+0000] {logging_mixin.py:188} INFO - [2024-01-13T12:02:16.538+0000] {dag.py:3820} INFO - Setting next_dagrun for example_short_circuit_decorator to 2024-01-12T00:00:00+00:00, run_after=2024-01-13T00:00:00+00:00
[2024-01-13T12:02:16.564+0000] {processor.py:183} INFO - Processing /home/airflow/.local/lib/python3.8/site-packages/airflow/example_dags/example_short_circuit_decorator.py took 0.110 seconds
[2024-01-13T12:02:47.475+0000] {processor.py:161} INFO - Started process (PID=669) to work on /home/airflow/.local/lib/python3.8/site-packages/airflow/example_dags/example_short_circuit_decorator.py
[2024-01-13T12:02:47.478+0000] {processor.py:830} INFO - Processing file /home/airflow/.local/lib/python3.8/site-packages/airflow/example_dags/example_short_circuit_decorator.py for tasks to queue
[2024-01-13T12:02:47.484+0000] {logging_mixin.py:188} INFO - [2024-01-13T12:02:47.483+0000] {dagbag.py:538} INFO - Filling up the DagBag from /home/airflow/.local/lib/python3.8/site-packages/airflow/example_dags/example_short_circuit_decorator.py
[2024-01-13T12:02:47.525+0000] {processor.py:840} INFO - DAG(s) 'example_short_circuit_decorator' retrieved from /home/airflow/.local/lib/python3.8/site-packages/airflow/example_dags/example_short_circuit_decorator.py
[2024-01-13T12:02:47.595+0000] {logging_mixin.py:188} INFO - [2024-01-13T12:02:47.588+0000] {dag.py:3033} INFO - Sync 1 DAGs
[2024-01-13T12:02:47.668+0000] {logging_mixin.py:188} INFO - [2024-01-13T12:02:47.668+0000] {dag.py:3820} INFO - Setting next_dagrun for example_short_circuit_decorator to 2024-01-12T00:00:00+00:00, run_after=2024-01-13T00:00:00+00:00
[2024-01-13T12:02:47.717+0000] {processor.py:183} INFO - Processing /home/airflow/.local/lib/python3.8/site-packages/airflow/example_dags/example_short_circuit_decorator.py took 0.253 seconds
[2024-01-13T12:07:38.825+0000] {processor.py:161} INFO - Started process (PID=44) to work on /home/airflow/.local/lib/python3.8/site-packages/airflow/example_dags/example_short_circuit_decorator.py
[2024-01-13T12:07:38.837+0000] {processor.py:830} INFO - Processing file /home/airflow/.local/lib/python3.8/site-packages/airflow/example_dags/example_short_circuit_decorator.py for tasks to queue
[2024-01-13T12:07:38.843+0000] {logging_mixin.py:188} INFO - [2024-01-13T12:07:38.842+0000] {dagbag.py:538} INFO - Filling up the DagBag from /home/airflow/.local/lib/python3.8/site-packages/airflow/example_dags/example_short_circuit_decorator.py
[2024-01-13T12:07:38.911+0000] {processor.py:840} INFO - DAG(s) 'example_short_circuit_decorator' retrieved from /home/airflow/.local/lib/python3.8/site-packages/airflow/example_dags/example_short_circuit_decorator.py
[2024-01-13T12:07:38.963+0000] {logging_mixin.py:188} INFO - [2024-01-13T12:07:38.963+0000] {dag.py:3033} INFO - Sync 1 DAGs
[2024-01-13T12:07:39.026+0000] {logging_mixin.py:188} INFO - [2024-01-13T12:07:39.026+0000] {dag.py:3820} INFO - Setting next_dagrun for example_short_circuit_decorator to 2024-01-12T00:00:00+00:00, run_after=2024-01-13T00:00:00+00:00
[2024-01-13T12:07:39.087+0000] {processor.py:183} INFO - Processing /home/airflow/.local/lib/python3.8/site-packages/airflow/example_dags/example_short_circuit_decorator.py took 0.291 seconds
[2024-01-13T12:08:11.554+0000] {processor.py:161} INFO - Started process (PID=130) to work on /home/airflow/.local/lib/python3.8/site-packages/airflow/example_dags/example_short_circuit_decorator.py
[2024-01-13T12:08:11.559+0000] {processor.py:830} INFO - Processing file /home/airflow/.local/lib/python3.8/site-packages/airflow/example_dags/example_short_circuit_decorator.py for tasks to queue
[2024-01-13T12:08:11.563+0000] {logging_mixin.py:188} INFO - [2024-01-13T12:08:11.563+0000] {dagbag.py:538} INFO - Filling up the DagBag from /home/airflow/.local/lib/python3.8/site-packages/airflow/example_dags/example_short_circuit_decorator.py
[2024-01-13T12:08:11.580+0000] {processor.py:840} INFO - DAG(s) 'example_short_circuit_decorator' retrieved from /home/airflow/.local/lib/python3.8/site-packages/airflow/example_dags/example_short_circuit_decorator.py
[2024-01-13T12:08:11.972+0000] {logging_mixin.py:188} INFO - [2024-01-13T12:08:11.971+0000] {dag.py:3033} INFO - Sync 1 DAGs
[2024-01-13T12:08:12.023+0000] {logging_mixin.py:188} INFO - [2024-01-13T12:08:12.023+0000] {dag.py:3820} INFO - Setting next_dagrun for example_short_circuit_decorator to 2024-01-12T00:00:00+00:00, run_after=2024-01-13T00:00:00+00:00
[2024-01-13T12:08:12.064+0000] {processor.py:183} INFO - Processing /home/airflow/.local/lib/python3.8/site-packages/airflow/example_dags/example_short_circuit_decorator.py took 0.516 seconds
[2024-01-13T12:08:42.294+0000] {processor.py:161} INFO - Started process (PID=189) to work on /home/airflow/.local/lib/python3.8/site-packages/airflow/example_dags/example_short_circuit_decorator.py
[2024-01-13T12:08:42.298+0000] {processor.py:830} INFO - Processing file /home/airflow/.local/lib/python3.8/site-packages/airflow/example_dags/example_short_circuit_decorator.py for tasks to queue
[2024-01-13T12:08:42.301+0000] {logging_mixin.py:188} INFO - [2024-01-13T12:08:42.300+0000] {dagbag.py:538} INFO - Filling up the DagBag from /home/airflow/.local/lib/python3.8/site-packages/airflow/example_dags/example_short_circuit_decorator.py
[2024-01-13T12:08:42.314+0000] {processor.py:840} INFO - DAG(s) 'example_short_circuit_decorator' retrieved from /home/airflow/.local/lib/python3.8/site-packages/airflow/example_dags/example_short_circuit_decorator.py
[2024-01-13T12:08:42.347+0000] {logging_mixin.py:188} INFO - [2024-01-13T12:08:42.347+0000] {dag.py:3033} INFO - Sync 1 DAGs
[2024-01-13T12:08:42.377+0000] {logging_mixin.py:188} INFO - [2024-01-13T12:08:42.376+0000] {dag.py:3820} INFO - Setting next_dagrun for example_short_circuit_decorator to 2024-01-12T00:00:00+00:00, run_after=2024-01-13T00:00:00+00:00
[2024-01-13T12:08:42.399+0000] {processor.py:183} INFO - Processing /home/airflow/.local/lib/python3.8/site-packages/airflow/example_dags/example_short_circuit_decorator.py took 0.110 seconds
[2024-01-13T12:09:12.850+0000] {processor.py:161} INFO - Started process (PID=248) to work on /home/airflow/.local/lib/python3.8/site-packages/airflow/example_dags/example_short_circuit_decorator.py
[2024-01-13T12:09:12.851+0000] {processor.py:830} INFO - Processing file /home/airflow/.local/lib/python3.8/site-packages/airflow/example_dags/example_short_circuit_decorator.py for tasks to queue
[2024-01-13T12:09:12.854+0000] {logging_mixin.py:188} INFO - [2024-01-13T12:09:12.853+0000] {dagbag.py:538} INFO - Filling up the DagBag from /home/airflow/.local/lib/python3.8/site-packages/airflow/example_dags/example_short_circuit_decorator.py
[2024-01-13T12:09:12.867+0000] {processor.py:840} INFO - DAG(s) 'example_short_circuit_decorator' retrieved from /home/airflow/.local/lib/python3.8/site-packages/airflow/example_dags/example_short_circuit_decorator.py
[2024-01-13T12:09:12.912+0000] {logging_mixin.py:188} INFO - [2024-01-13T12:09:12.912+0000] {dag.py:3033} INFO - Sync 1 DAGs
[2024-01-13T12:09:12.950+0000] {logging_mixin.py:188} INFO - [2024-01-13T12:09:12.950+0000] {dag.py:3820} INFO - Setting next_dagrun for example_short_circuit_decorator to 2024-01-12T00:00:00+00:00, run_after=2024-01-13T00:00:00+00:00
[2024-01-13T12:09:12.977+0000] {processor.py:183} INFO - Processing /home/airflow/.local/lib/python3.8/site-packages/airflow/example_dags/example_short_circuit_decorator.py took 0.132 seconds
[2024-01-13T12:09:43.239+0000] {processor.py:161} INFO - Started process (PID=314) to work on /home/airflow/.local/lib/python3.8/site-packages/airflow/example_dags/example_short_circuit_decorator.py
[2024-01-13T12:09:43.241+0000] {processor.py:830} INFO - Processing file /home/airflow/.local/lib/python3.8/site-packages/airflow/example_dags/example_short_circuit_decorator.py for tasks to queue
[2024-01-13T12:09:43.245+0000] {logging_mixin.py:188} INFO - [2024-01-13T12:09:43.244+0000] {dagbag.py:538} INFO - Filling up the DagBag from /home/airflow/.local/lib/python3.8/site-packages/airflow/example_dags/example_short_circuit_decorator.py
[2024-01-13T12:09:43.265+0000] {processor.py:840} INFO - DAG(s) 'example_short_circuit_decorator' retrieved from /home/airflow/.local/lib/python3.8/site-packages/airflow/example_dags/example_short_circuit_decorator.py
[2024-01-13T12:09:43.299+0000] {logging_mixin.py:188} INFO - [2024-01-13T12:09:43.299+0000] {dag.py:3033} INFO - Sync 1 DAGs
[2024-01-13T12:09:43.329+0000] {logging_mixin.py:188} INFO - [2024-01-13T12:09:43.328+0000] {dag.py:3820} INFO - Setting next_dagrun for example_short_circuit_decorator to 2024-01-12T00:00:00+00:00, run_after=2024-01-13T00:00:00+00:00
[2024-01-13T12:09:43.353+0000] {processor.py:183} INFO - Processing /home/airflow/.local/lib/python3.8/site-packages/airflow/example_dags/example_short_circuit_decorator.py took 0.120 seconds
[2024-01-13T12:10:14.114+0000] {processor.py:161} INFO - Started process (PID=373) to work on /home/airflow/.local/lib/python3.8/site-packages/airflow/example_dags/example_short_circuit_decorator.py
[2024-01-13T12:10:14.115+0000] {processor.py:830} INFO - Processing file /home/airflow/.local/lib/python3.8/site-packages/airflow/example_dags/example_short_circuit_decorator.py for tasks to queue
[2024-01-13T12:10:14.118+0000] {logging_mixin.py:188} INFO - [2024-01-13T12:10:14.118+0000] {dagbag.py:538} INFO - Filling up the DagBag from /home/airflow/.local/lib/python3.8/site-packages/airflow/example_dags/example_short_circuit_decorator.py
[2024-01-13T12:10:14.131+0000] {processor.py:840} INFO - DAG(s) 'example_short_circuit_decorator' retrieved from /home/airflow/.local/lib/python3.8/site-packages/airflow/example_dags/example_short_circuit_decorator.py
[2024-01-13T12:10:14.162+0000] {logging_mixin.py:188} INFO - [2024-01-13T12:10:14.162+0000] {dag.py:3033} INFO - Sync 1 DAGs
[2024-01-13T12:10:14.191+0000] {logging_mixin.py:188} INFO - [2024-01-13T12:10:14.191+0000] {dag.py:3820} INFO - Setting next_dagrun for example_short_circuit_decorator to 2024-01-12T00:00:00+00:00, run_after=2024-01-13T00:00:00+00:00
[2024-01-13T12:10:14.218+0000] {processor.py:183} INFO - Processing /home/airflow/.local/lib/python3.8/site-packages/airflow/example_dags/example_short_circuit_decorator.py took 0.110 seconds
[2024-01-13T12:10:45.372+0000] {processor.py:161} INFO - Started process (PID=432) to work on /home/airflow/.local/lib/python3.8/site-packages/airflow/example_dags/example_short_circuit_decorator.py
[2024-01-13T12:10:45.374+0000] {processor.py:830} INFO - Processing file /home/airflow/.local/lib/python3.8/site-packages/airflow/example_dags/example_short_circuit_decorator.py for tasks to queue
[2024-01-13T12:10:45.378+0000] {logging_mixin.py:188} INFO - [2024-01-13T12:10:45.377+0000] {dagbag.py:538} INFO - Filling up the DagBag from /home/airflow/.local/lib/python3.8/site-packages/airflow/example_dags/example_short_circuit_decorator.py
[2024-01-13T12:10:45.391+0000] {processor.py:840} INFO - DAG(s) 'example_short_circuit_decorator' retrieved from /home/airflow/.local/lib/python3.8/site-packages/airflow/example_dags/example_short_circuit_decorator.py
[2024-01-13T12:10:45.420+0000] {logging_mixin.py:188} INFO - [2024-01-13T12:10:45.419+0000] {dag.py:3033} INFO - Sync 1 DAGs
[2024-01-13T12:10:45.447+0000] {logging_mixin.py:188} INFO - [2024-01-13T12:10:45.447+0000] {dag.py:3820} INFO - Setting next_dagrun for example_short_circuit_decorator to 2024-01-12T00:00:00+00:00, run_after=2024-01-13T00:00:00+00:00
[2024-01-13T12:10:45.469+0000] {processor.py:183} INFO - Processing /home/airflow/.local/lib/python3.8/site-packages/airflow/example_dags/example_short_circuit_decorator.py took 0.102 seconds
[2024-01-13T12:11:16.557+0000] {processor.py:161} INFO - Started process (PID=491) to work on /home/airflow/.local/lib/python3.8/site-packages/airflow/example_dags/example_short_circuit_decorator.py
[2024-01-13T12:11:16.558+0000] {processor.py:830} INFO - Processing file /home/airflow/.local/lib/python3.8/site-packages/airflow/example_dags/example_short_circuit_decorator.py for tasks to queue
[2024-01-13T12:11:16.561+0000] {logging_mixin.py:188} INFO - [2024-01-13T12:11:16.561+0000] {dagbag.py:538} INFO - Filling up the DagBag from /home/airflow/.local/lib/python3.8/site-packages/airflow/example_dags/example_short_circuit_decorator.py
[2024-01-13T12:11:16.574+0000] {processor.py:840} INFO - DAG(s) 'example_short_circuit_decorator' retrieved from /home/airflow/.local/lib/python3.8/site-packages/airflow/example_dags/example_short_circuit_decorator.py
[2024-01-13T12:11:16.618+0000] {logging_mixin.py:188} INFO - [2024-01-13T12:11:16.618+0000] {dag.py:3033} INFO - Sync 1 DAGs
[2024-01-13T12:11:16.659+0000] {logging_mixin.py:188} INFO - [2024-01-13T12:11:16.659+0000] {dag.py:3820} INFO - Setting next_dagrun for example_short_circuit_decorator to 2024-01-12T00:00:00+00:00, run_after=2024-01-13T00:00:00+00:00
[2024-01-13T12:11:16.683+0000] {processor.py:183} INFO - Processing /home/airflow/.local/lib/python3.8/site-packages/airflow/example_dags/example_short_circuit_decorator.py took 0.130 seconds
[2024-01-13T12:11:47.935+0000] {processor.py:161} INFO - Started process (PID=550) to work on /home/airflow/.local/lib/python3.8/site-packages/airflow/example_dags/example_short_circuit_decorator.py
[2024-01-13T12:11:47.937+0000] {processor.py:830} INFO - Processing file /home/airflow/.local/lib/python3.8/site-packages/airflow/example_dags/example_short_circuit_decorator.py for tasks to queue
[2024-01-13T12:11:47.940+0000] {logging_mixin.py:188} INFO - [2024-01-13T12:11:47.940+0000] {dagbag.py:538} INFO - Filling up the DagBag from /home/airflow/.local/lib/python3.8/site-packages/airflow/example_dags/example_short_circuit_decorator.py
[2024-01-13T12:11:47.953+0000] {processor.py:840} INFO - DAG(s) 'example_short_circuit_decorator' retrieved from /home/airflow/.local/lib/python3.8/site-packages/airflow/example_dags/example_short_circuit_decorator.py
[2024-01-13T12:11:47.983+0000] {logging_mixin.py:188} INFO - [2024-01-13T12:11:47.983+0000] {dag.py:3033} INFO - Sync 1 DAGs
[2024-01-13T12:11:48.012+0000] {logging_mixin.py:188} INFO - [2024-01-13T12:11:48.012+0000] {dag.py:3820} INFO - Setting next_dagrun for example_short_circuit_decorator to 2024-01-12T00:00:00+00:00, run_after=2024-01-13T00:00:00+00:00
[2024-01-13T12:11:48.039+0000] {processor.py:183} INFO - Processing /home/airflow/.local/lib/python3.8/site-packages/airflow/example_dags/example_short_circuit_decorator.py took 0.108 seconds
[2024-01-13T12:12:19.195+0000] {processor.py:161} INFO - Started process (PID=609) to work on /home/airflow/.local/lib/python3.8/site-packages/airflow/example_dags/example_short_circuit_decorator.py
[2024-01-13T12:12:19.197+0000] {processor.py:830} INFO - Processing file /home/airflow/.local/lib/python3.8/site-packages/airflow/example_dags/example_short_circuit_decorator.py for tasks to queue
[2024-01-13T12:12:19.200+0000] {logging_mixin.py:188} INFO - [2024-01-13T12:12:19.200+0000] {dagbag.py:538} INFO - Filling up the DagBag from /home/airflow/.local/lib/python3.8/site-packages/airflow/example_dags/example_short_circuit_decorator.py
[2024-01-13T12:12:19.213+0000] {processor.py:840} INFO - DAG(s) 'example_short_circuit_decorator' retrieved from /home/airflow/.local/lib/python3.8/site-packages/airflow/example_dags/example_short_circuit_decorator.py
[2024-01-13T12:12:19.244+0000] {logging_mixin.py:188} INFO - [2024-01-13T12:12:19.244+0000] {dag.py:3033} INFO - Sync 1 DAGs
[2024-01-13T12:12:19.273+0000] {logging_mixin.py:188} INFO - [2024-01-13T12:12:19.273+0000] {dag.py:3820} INFO - Setting next_dagrun for example_short_circuit_decorator to 2024-01-12T00:00:00+00:00, run_after=2024-01-13T00:00:00+00:00
[2024-01-13T12:12:19.301+0000] {processor.py:183} INFO - Processing /home/airflow/.local/lib/python3.8/site-packages/airflow/example_dags/example_short_circuit_decorator.py took 0.111 seconds
[2024-01-13T12:12:50.965+0000] {processor.py:161} INFO - Started process (PID=668) to work on /home/airflow/.local/lib/python3.8/site-packages/airflow/example_dags/example_short_circuit_decorator.py
[2024-01-13T12:12:50.966+0000] {processor.py:830} INFO - Processing file /home/airflow/.local/lib/python3.8/site-packages/airflow/example_dags/example_short_circuit_decorator.py for tasks to queue
[2024-01-13T12:12:50.969+0000] {logging_mixin.py:188} INFO - [2024-01-13T12:12:50.969+0000] {dagbag.py:538} INFO - Filling up the DagBag from /home/airflow/.local/lib/python3.8/site-packages/airflow/example_dags/example_short_circuit_decorator.py
[2024-01-13T12:12:50.982+0000] {processor.py:840} INFO - DAG(s) 'example_short_circuit_decorator' retrieved from /home/airflow/.local/lib/python3.8/site-packages/airflow/example_dags/example_short_circuit_decorator.py
[2024-01-13T12:12:51.011+0000] {logging_mixin.py:188} INFO - [2024-01-13T12:12:51.011+0000] {dag.py:3033} INFO - Sync 1 DAGs
[2024-01-13T12:12:51.051+0000] {logging_mixin.py:188} INFO - [2024-01-13T12:12:51.050+0000] {dag.py:3820} INFO - Setting next_dagrun for example_short_circuit_decorator to 2024-01-12T00:00:00+00:00, run_after=2024-01-13T00:00:00+00:00
[2024-01-13T12:12:51.079+0000] {processor.py:183} INFO - Processing /home/airflow/.local/lib/python3.8/site-packages/airflow/example_dags/example_short_circuit_decorator.py took 0.119 seconds
[2024-01-13T12:13:24.301+0000] {processor.py:161} INFO - Started process (PID=731) to work on /home/airflow/.local/lib/python3.8/site-packages/airflow/example_dags/example_short_circuit_decorator.py
[2024-01-13T12:13:24.307+0000] {processor.py:830} INFO - Processing file /home/airflow/.local/lib/python3.8/site-packages/airflow/example_dags/example_short_circuit_decorator.py for tasks to queue
[2024-01-13T12:13:24.327+0000] {logging_mixin.py:188} INFO - [2024-01-13T12:13:24.326+0000] {dagbag.py:538} INFO - Filling up the DagBag from /home/airflow/.local/lib/python3.8/site-packages/airflow/example_dags/example_short_circuit_decorator.py
[2024-01-13T12:13:24.414+0000] {processor.py:840} INFO - DAG(s) 'example_short_circuit_decorator' retrieved from /home/airflow/.local/lib/python3.8/site-packages/airflow/example_dags/example_short_circuit_decorator.py
[2024-01-13T12:13:24.656+0000] {logging_mixin.py:188} INFO - [2024-01-13T12:13:24.654+0000] {dag.py:3033} INFO - Sync 1 DAGs
[2024-01-13T12:13:24.783+0000] {logging_mixin.py:188} INFO - [2024-01-13T12:13:24.782+0000] {dag.py:3820} INFO - Setting next_dagrun for example_short_circuit_decorator to 2024-01-12T00:00:00+00:00, run_after=2024-01-13T00:00:00+00:00
[2024-01-13T12:13:24.914+0000] {processor.py:183} INFO - Processing /home/airflow/.local/lib/python3.8/site-packages/airflow/example_dags/example_short_circuit_decorator.py took 0.624 seconds
[2024-01-13T12:13:55.578+0000] {processor.py:161} INFO - Started process (PID=800) to work on /home/airflow/.local/lib/python3.8/site-packages/airflow/example_dags/example_short_circuit_decorator.py
[2024-01-13T12:13:55.580+0000] {processor.py:830} INFO - Processing file /home/airflow/.local/lib/python3.8/site-packages/airflow/example_dags/example_short_circuit_decorator.py for tasks to queue
[2024-01-13T12:13:55.583+0000] {logging_mixin.py:188} INFO - [2024-01-13T12:13:55.582+0000] {dagbag.py:538} INFO - Filling up the DagBag from /home/airflow/.local/lib/python3.8/site-packages/airflow/example_dags/example_short_circuit_decorator.py
[2024-01-13T12:13:55.596+0000] {processor.py:840} INFO - DAG(s) 'example_short_circuit_decorator' retrieved from /home/airflow/.local/lib/python3.8/site-packages/airflow/example_dags/example_short_circuit_decorator.py
[2024-01-13T12:13:55.639+0000] {logging_mixin.py:188} INFO - [2024-01-13T12:13:55.639+0000] {dag.py:3033} INFO - Sync 1 DAGs
[2024-01-13T12:13:55.681+0000] {logging_mixin.py:188} INFO - [2024-01-13T12:13:55.681+0000] {dag.py:3820} INFO - Setting next_dagrun for example_short_circuit_decorator to 2024-01-12T00:00:00+00:00, run_after=2024-01-13T00:00:00+00:00
[2024-01-13T12:13:55.705+0000] {processor.py:183} INFO - Processing /home/airflow/.local/lib/python3.8/site-packages/airflow/example_dags/example_short_circuit_decorator.py took 0.133 seconds
[2024-01-13T12:14:25.849+0000] {processor.py:161} INFO - Started process (PID=858) to work on /home/airflow/.local/lib/python3.8/site-packages/airflow/example_dags/example_short_circuit_decorator.py
[2024-01-13T12:14:25.851+0000] {processor.py:830} INFO - Processing file /home/airflow/.local/lib/python3.8/site-packages/airflow/example_dags/example_short_circuit_decorator.py for tasks to queue
[2024-01-13T12:14:25.855+0000] {logging_mixin.py:188} INFO - [2024-01-13T12:14:25.854+0000] {dagbag.py:538} INFO - Filling up the DagBag from /home/airflow/.local/lib/python3.8/site-packages/airflow/example_dags/example_short_circuit_decorator.py
[2024-01-13T12:14:25.867+0000] {processor.py:840} INFO - DAG(s) 'example_short_circuit_decorator' retrieved from /home/airflow/.local/lib/python3.8/site-packages/airflow/example_dags/example_short_circuit_decorator.py
[2024-01-13T12:14:25.901+0000] {logging_mixin.py:188} INFO - [2024-01-13T12:14:25.901+0000] {dag.py:3033} INFO - Sync 1 DAGs
[2024-01-13T12:14:25.930+0000] {logging_mixin.py:188} INFO - [2024-01-13T12:14:25.929+0000] {dag.py:3820} INFO - Setting next_dagrun for example_short_circuit_decorator to 2024-01-12T00:00:00+00:00, run_after=2024-01-13T00:00:00+00:00
[2024-01-13T12:14:25.954+0000] {processor.py:183} INFO - Processing /home/airflow/.local/lib/python3.8/site-packages/airflow/example_dags/example_short_circuit_decorator.py took 0.110 seconds
[2024-01-13T12:14:56.411+0000] {processor.py:161} INFO - Started process (PID=916) to work on /home/airflow/.local/lib/python3.8/site-packages/airflow/example_dags/example_short_circuit_decorator.py
[2024-01-13T12:14:56.412+0000] {processor.py:830} INFO - Processing file /home/airflow/.local/lib/python3.8/site-packages/airflow/example_dags/example_short_circuit_decorator.py for tasks to queue
[2024-01-13T12:14:56.415+0000] {logging_mixin.py:188} INFO - [2024-01-13T12:14:56.415+0000] {dagbag.py:538} INFO - Filling up the DagBag from /home/airflow/.local/lib/python3.8/site-packages/airflow/example_dags/example_short_circuit_decorator.py
[2024-01-13T12:14:56.429+0000] {processor.py:840} INFO - DAG(s) 'example_short_circuit_decorator' retrieved from /home/airflow/.local/lib/python3.8/site-packages/airflow/example_dags/example_short_circuit_decorator.py
[2024-01-13T12:14:56.460+0000] {logging_mixin.py:188} INFO - [2024-01-13T12:14:56.459+0000] {dag.py:3033} INFO - Sync 1 DAGs
[2024-01-13T12:14:56.488+0000] {logging_mixin.py:188} INFO - [2024-01-13T12:14:56.488+0000] {dag.py:3820} INFO - Setting next_dagrun for example_short_circuit_decorator to 2024-01-12T00:00:00+00:00, run_after=2024-01-13T00:00:00+00:00
[2024-01-13T12:14:56.511+0000] {processor.py:183} INFO - Processing /home/airflow/.local/lib/python3.8/site-packages/airflow/example_dags/example_short_circuit_decorator.py took 0.105 seconds
[2024-01-13T12:15:26.830+0000] {processor.py:161} INFO - Started process (PID=974) to work on /home/airflow/.local/lib/python3.8/site-packages/airflow/example_dags/example_short_circuit_decorator.py
[2024-01-13T12:15:26.833+0000] {processor.py:830} INFO - Processing file /home/airflow/.local/lib/python3.8/site-packages/airflow/example_dags/example_short_circuit_decorator.py for tasks to queue
[2024-01-13T12:15:26.836+0000] {logging_mixin.py:188} INFO - [2024-01-13T12:15:26.836+0000] {dagbag.py:538} INFO - Filling up the DagBag from /home/airflow/.local/lib/python3.8/site-packages/airflow/example_dags/example_short_circuit_decorator.py
[2024-01-13T12:15:26.848+0000] {processor.py:840} INFO - DAG(s) 'example_short_circuit_decorator' retrieved from /home/airflow/.local/lib/python3.8/site-packages/airflow/example_dags/example_short_circuit_decorator.py
[2024-01-13T12:15:26.879+0000] {logging_mixin.py:188} INFO - [2024-01-13T12:15:26.879+0000] {dag.py:3033} INFO - Sync 1 DAGs
[2024-01-13T12:15:26.907+0000] {logging_mixin.py:188} INFO - [2024-01-13T12:15:26.907+0000] {dag.py:3820} INFO - Setting next_dagrun for example_short_circuit_decorator to 2024-01-12T00:00:00+00:00, run_after=2024-01-13T00:00:00+00:00
[2024-01-13T12:15:26.930+0000] {processor.py:183} INFO - Processing /home/airflow/.local/lib/python3.8/site-packages/airflow/example_dags/example_short_circuit_decorator.py took 0.105 seconds
[2024-01-13T12:15:57.059+0000] {processor.py:161} INFO - Started process (PID=1033) to work on /home/airflow/.local/lib/python3.8/site-packages/airflow/example_dags/example_short_circuit_decorator.py
[2024-01-13T12:15:57.060+0000] {processor.py:830} INFO - Processing file /home/airflow/.local/lib/python3.8/site-packages/airflow/example_dags/example_short_circuit_decorator.py for tasks to queue
[2024-01-13T12:15:57.063+0000] {logging_mixin.py:188} INFO - [2024-01-13T12:15:57.062+0000] {dagbag.py:538} INFO - Filling up the DagBag from /home/airflow/.local/lib/python3.8/site-packages/airflow/example_dags/example_short_circuit_decorator.py
[2024-01-13T12:15:57.075+0000] {processor.py:840} INFO - DAG(s) 'example_short_circuit_decorator' retrieved from /home/airflow/.local/lib/python3.8/site-packages/airflow/example_dags/example_short_circuit_decorator.py
[2024-01-13T12:15:57.107+0000] {logging_mixin.py:188} INFO - [2024-01-13T12:15:57.106+0000] {dag.py:3033} INFO - Sync 1 DAGs
[2024-01-13T12:15:57.146+0000] {logging_mixin.py:188} INFO - [2024-01-13T12:15:57.146+0000] {dag.py:3820} INFO - Setting next_dagrun for example_short_circuit_decorator to 2024-01-12T00:00:00+00:00, run_after=2024-01-13T00:00:00+00:00
[2024-01-13T12:15:57.177+0000] {processor.py:183} INFO - Processing /home/airflow/.local/lib/python3.8/site-packages/airflow/example_dags/example_short_circuit_decorator.py took 0.123 seconds
[2024-01-13T12:16:27.425+0000] {processor.py:161} INFO - Started process (PID=1092) to work on /home/airflow/.local/lib/python3.8/site-packages/airflow/example_dags/example_short_circuit_decorator.py
[2024-01-13T12:16:27.427+0000] {processor.py:830} INFO - Processing file /home/airflow/.local/lib/python3.8/site-packages/airflow/example_dags/example_short_circuit_decorator.py for tasks to queue
[2024-01-13T12:16:27.430+0000] {logging_mixin.py:188} INFO - [2024-01-13T12:16:27.430+0000] {dagbag.py:538} INFO - Filling up the DagBag from /home/airflow/.local/lib/python3.8/site-packages/airflow/example_dags/example_short_circuit_decorator.py
[2024-01-13T12:16:27.443+0000] {processor.py:840} INFO - DAG(s) 'example_short_circuit_decorator' retrieved from /home/airflow/.local/lib/python3.8/site-packages/airflow/example_dags/example_short_circuit_decorator.py
[2024-01-13T12:16:27.474+0000] {logging_mixin.py:188} INFO - [2024-01-13T12:16:27.474+0000] {dag.py:3033} INFO - Sync 1 DAGs
[2024-01-13T12:16:27.503+0000] {logging_mixin.py:188} INFO - [2024-01-13T12:16:27.503+0000] {dag.py:3820} INFO - Setting next_dagrun for example_short_circuit_decorator to 2024-01-12T00:00:00+00:00, run_after=2024-01-13T00:00:00+00:00
[2024-01-13T12:16:27.527+0000] {processor.py:183} INFO - Processing /home/airflow/.local/lib/python3.8/site-packages/airflow/example_dags/example_short_circuit_decorator.py took 0.108 seconds
[2024-01-13T12:16:57.657+0000] {processor.py:161} INFO - Started process (PID=1151) to work on /home/airflow/.local/lib/python3.8/site-packages/airflow/example_dags/example_short_circuit_decorator.py
[2024-01-13T12:16:57.658+0000] {processor.py:830} INFO - Processing file /home/airflow/.local/lib/python3.8/site-packages/airflow/example_dags/example_short_circuit_decorator.py for tasks to queue
[2024-01-13T12:16:57.661+0000] {logging_mixin.py:188} INFO - [2024-01-13T12:16:57.660+0000] {dagbag.py:538} INFO - Filling up the DagBag from /home/airflow/.local/lib/python3.8/site-packages/airflow/example_dags/example_short_circuit_decorator.py
[2024-01-13T12:16:57.673+0000] {processor.py:840} INFO - DAG(s) 'example_short_circuit_decorator' retrieved from /home/airflow/.local/lib/python3.8/site-packages/airflow/example_dags/example_short_circuit_decorator.py
[2024-01-13T12:16:57.705+0000] {logging_mixin.py:188} INFO - [2024-01-13T12:16:57.705+0000] {dag.py:3033} INFO - Sync 1 DAGs
[2024-01-13T12:16:57.739+0000] {logging_mixin.py:188} INFO - [2024-01-13T12:16:57.738+0000] {dag.py:3820} INFO - Setting next_dagrun for example_short_circuit_decorator to 2024-01-12T00:00:00+00:00, run_after=2024-01-13T00:00:00+00:00
[2024-01-13T12:16:57.764+0000] {processor.py:183} INFO - Processing /home/airflow/.local/lib/python3.8/site-packages/airflow/example_dags/example_short_circuit_decorator.py took 0.112 seconds
[2024-01-13T12:17:27.988+0000] {processor.py:161} INFO - Started process (PID=1210) to work on /home/airflow/.local/lib/python3.8/site-packages/airflow/example_dags/example_short_circuit_decorator.py
[2024-01-13T12:17:27.993+0000] {processor.py:830} INFO - Processing file /home/airflow/.local/lib/python3.8/site-packages/airflow/example_dags/example_short_circuit_decorator.py for tasks to queue
[2024-01-13T12:17:27.997+0000] {logging_mixin.py:188} INFO - [2024-01-13T12:17:27.997+0000] {dagbag.py:538} INFO - Filling up the DagBag from /home/airflow/.local/lib/python3.8/site-packages/airflow/example_dags/example_short_circuit_decorator.py
[2024-01-13T12:17:28.015+0000] {processor.py:840} INFO - DAG(s) 'example_short_circuit_decorator' retrieved from /home/airflow/.local/lib/python3.8/site-packages/airflow/example_dags/example_short_circuit_decorator.py
[2024-01-13T12:17:28.052+0000] {logging_mixin.py:188} INFO - [2024-01-13T12:17:28.052+0000] {dag.py:3033} INFO - Sync 1 DAGs
[2024-01-13T12:17:28.082+0000] {logging_mixin.py:188} INFO - [2024-01-13T12:17:28.081+0000] {dag.py:3820} INFO - Setting next_dagrun for example_short_circuit_decorator to 2024-01-12T00:00:00+00:00, run_after=2024-01-13T00:00:00+00:00
[2024-01-13T12:17:28.106+0000] {processor.py:183} INFO - Processing /home/airflow/.local/lib/python3.8/site-packages/airflow/example_dags/example_short_circuit_decorator.py took 0.123 seconds
[2024-01-13T12:17:58.156+0000] {processor.py:161} INFO - Started process (PID=1269) to work on /home/airflow/.local/lib/python3.8/site-packages/airflow/example_dags/example_short_circuit_decorator.py
[2024-01-13T12:17:58.179+0000] {processor.py:830} INFO - Processing file /home/airflow/.local/lib/python3.8/site-packages/airflow/example_dags/example_short_circuit_decorator.py for tasks to queue
[2024-01-13T12:17:58.183+0000] {logging_mixin.py:188} INFO - [2024-01-13T12:17:58.183+0000] {dagbag.py:538} INFO - Filling up the DagBag from /home/airflow/.local/lib/python3.8/site-packages/airflow/example_dags/example_short_circuit_decorator.py
[2024-01-13T12:17:58.197+0000] {processor.py:840} INFO - DAG(s) 'example_short_circuit_decorator' retrieved from /home/airflow/.local/lib/python3.8/site-packages/airflow/example_dags/example_short_circuit_decorator.py
[2024-01-13T12:17:58.241+0000] {logging_mixin.py:188} INFO - [2024-01-13T12:17:58.241+0000] {dag.py:3033} INFO - Sync 1 DAGs
[2024-01-13T12:17:58.272+0000] {logging_mixin.py:188} INFO - [2024-01-13T12:17:58.271+0000] {dag.py:3820} INFO - Setting next_dagrun for example_short_circuit_decorator to 2024-01-12T00:00:00+00:00, run_after=2024-01-13T00:00:00+00:00
[2024-01-13T12:17:58.300+0000] {processor.py:183} INFO - Processing /home/airflow/.local/lib/python3.8/site-packages/airflow/example_dags/example_short_circuit_decorator.py took 0.151 seconds
[2024-01-13T12:18:28.474+0000] {processor.py:161} INFO - Started process (PID=1328) to work on /home/airflow/.local/lib/python3.8/site-packages/airflow/example_dags/example_short_circuit_decorator.py
[2024-01-13T12:18:28.477+0000] {processor.py:830} INFO - Processing file /home/airflow/.local/lib/python3.8/site-packages/airflow/example_dags/example_short_circuit_decorator.py for tasks to queue
[2024-01-13T12:18:28.482+0000] {logging_mixin.py:188} INFO - [2024-01-13T12:18:28.481+0000] {dagbag.py:538} INFO - Filling up the DagBag from /home/airflow/.local/lib/python3.8/site-packages/airflow/example_dags/example_short_circuit_decorator.py
[2024-01-13T12:18:28.502+0000] {processor.py:840} INFO - DAG(s) 'example_short_circuit_decorator' retrieved from /home/airflow/.local/lib/python3.8/site-packages/airflow/example_dags/example_short_circuit_decorator.py
[2024-01-13T12:18:28.548+0000] {logging_mixin.py:188} INFO - [2024-01-13T12:18:28.548+0000] {dag.py:3033} INFO - Sync 1 DAGs
[2024-01-13T12:18:28.594+0000] {logging_mixin.py:188} INFO - [2024-01-13T12:18:28.594+0000] {dag.py:3820} INFO - Setting next_dagrun for example_short_circuit_decorator to 2024-01-12T00:00:00+00:00, run_after=2024-01-13T00:00:00+00:00
[2024-01-13T12:18:28.628+0000] {processor.py:183} INFO - Processing /home/airflow/.local/lib/python3.8/site-packages/airflow/example_dags/example_short_circuit_decorator.py took 0.160 seconds
[2024-01-13T12:18:58.677+0000] {processor.py:161} INFO - Started process (PID=1399) to work on /home/airflow/.local/lib/python3.8/site-packages/airflow/example_dags/example_short_circuit_decorator.py
[2024-01-13T12:18:58.678+0000] {processor.py:830} INFO - Processing file /home/airflow/.local/lib/python3.8/site-packages/airflow/example_dags/example_short_circuit_decorator.py for tasks to queue
[2024-01-13T12:18:58.681+0000] {logging_mixin.py:188} INFO - [2024-01-13T12:18:58.681+0000] {dagbag.py:538} INFO - Filling up the DagBag from /home/airflow/.local/lib/python3.8/site-packages/airflow/example_dags/example_short_circuit_decorator.py
[2024-01-13T12:18:58.694+0000] {processor.py:840} INFO - DAG(s) 'example_short_circuit_decorator' retrieved from /home/airflow/.local/lib/python3.8/site-packages/airflow/example_dags/example_short_circuit_decorator.py
[2024-01-13T12:18:58.731+0000] {logging_mixin.py:188} INFO - [2024-01-13T12:18:58.731+0000] {dag.py:3033} INFO - Sync 1 DAGs
[2024-01-13T12:18:58.773+0000] {logging_mixin.py:188} INFO - [2024-01-13T12:18:58.773+0000] {dag.py:3820} INFO - Setting next_dagrun for example_short_circuit_decorator to 2024-01-12T00:00:00+00:00, run_after=2024-01-13T00:00:00+00:00
[2024-01-13T12:18:58.804+0000] {processor.py:183} INFO - Processing /home/airflow/.local/lib/python3.8/site-packages/airflow/example_dags/example_short_circuit_decorator.py took 0.132 seconds
[2024-01-13T12:19:28.977+0000] {processor.py:161} INFO - Started process (PID=1458) to work on /home/airflow/.local/lib/python3.8/site-packages/airflow/example_dags/example_short_circuit_decorator.py
[2024-01-13T12:19:28.979+0000] {processor.py:830} INFO - Processing file /home/airflow/.local/lib/python3.8/site-packages/airflow/example_dags/example_short_circuit_decorator.py for tasks to queue
[2024-01-13T12:19:28.983+0000] {logging_mixin.py:188} INFO - [2024-01-13T12:19:28.982+0000] {dagbag.py:538} INFO - Filling up the DagBag from /home/airflow/.local/lib/python3.8/site-packages/airflow/example_dags/example_short_circuit_decorator.py
[2024-01-13T12:19:28.996+0000] {processor.py:840} INFO - DAG(s) 'example_short_circuit_decorator' retrieved from /home/airflow/.local/lib/python3.8/site-packages/airflow/example_dags/example_short_circuit_decorator.py
[2024-01-13T12:19:29.029+0000] {logging_mixin.py:188} INFO - [2024-01-13T12:19:29.029+0000] {dag.py:3033} INFO - Sync 1 DAGs
[2024-01-13T12:19:29.072+0000] {logging_mixin.py:188} INFO - [2024-01-13T12:19:29.072+0000] {dag.py:3820} INFO - Setting next_dagrun for example_short_circuit_decorator to 2024-01-12T00:00:00+00:00, run_after=2024-01-13T00:00:00+00:00
[2024-01-13T12:19:29.102+0000] {processor.py:183} INFO - Processing /home/airflow/.local/lib/python3.8/site-packages/airflow/example_dags/example_short_circuit_decorator.py took 0.131 seconds
[2024-01-13T12:19:59.510+0000] {processor.py:161} INFO - Started process (PID=1517) to work on /home/airflow/.local/lib/python3.8/site-packages/airflow/example_dags/example_short_circuit_decorator.py
[2024-01-13T12:19:59.511+0000] {processor.py:830} INFO - Processing file /home/airflow/.local/lib/python3.8/site-packages/airflow/example_dags/example_short_circuit_decorator.py for tasks to queue
[2024-01-13T12:19:59.516+0000] {logging_mixin.py:188} INFO - [2024-01-13T12:19:59.515+0000] {dagbag.py:538} INFO - Filling up the DagBag from /home/airflow/.local/lib/python3.8/site-packages/airflow/example_dags/example_short_circuit_decorator.py
[2024-01-13T12:19:59.533+0000] {processor.py:840} INFO - DAG(s) 'example_short_circuit_decorator' retrieved from /home/airflow/.local/lib/python3.8/site-packages/airflow/example_dags/example_short_circuit_decorator.py
[2024-01-13T12:19:59.573+0000] {logging_mixin.py:188} INFO - [2024-01-13T12:19:59.572+0000] {dag.py:3033} INFO - Sync 1 DAGs
[2024-01-13T12:19:59.621+0000] {logging_mixin.py:188} INFO - [2024-01-13T12:19:59.620+0000] {dag.py:3820} INFO - Setting next_dagrun for example_short_circuit_decorator to 2024-01-12T00:00:00+00:00, run_after=2024-01-13T00:00:00+00:00
[2024-01-13T12:19:59.659+0000] {processor.py:183} INFO - Processing /home/airflow/.local/lib/python3.8/site-packages/airflow/example_dags/example_short_circuit_decorator.py took 0.155 seconds
[2024-01-13T12:20:30.002+0000] {processor.py:161} INFO - Started process (PID=1577) to work on /home/airflow/.local/lib/python3.8/site-packages/airflow/example_dags/example_short_circuit_decorator.py
[2024-01-13T12:20:30.004+0000] {processor.py:830} INFO - Processing file /home/airflow/.local/lib/python3.8/site-packages/airflow/example_dags/example_short_circuit_decorator.py for tasks to queue
[2024-01-13T12:20:30.009+0000] {logging_mixin.py:188} INFO - [2024-01-13T12:20:30.009+0000] {dagbag.py:538} INFO - Filling up the DagBag from /home/airflow/.local/lib/python3.8/site-packages/airflow/example_dags/example_short_circuit_decorator.py
[2024-01-13T12:20:30.027+0000] {processor.py:840} INFO - DAG(s) 'example_short_circuit_decorator' retrieved from /home/airflow/.local/lib/python3.8/site-packages/airflow/example_dags/example_short_circuit_decorator.py
[2024-01-13T12:20:30.062+0000] {logging_mixin.py:188} INFO - [2024-01-13T12:20:30.062+0000] {dag.py:3033} INFO - Sync 1 DAGs
[2024-01-13T12:20:30.094+0000] {logging_mixin.py:188} INFO - [2024-01-13T12:20:30.094+0000] {dag.py:3820} INFO - Setting next_dagrun for example_short_circuit_decorator to 2024-01-12T00:00:00+00:00, run_after=2024-01-13T00:00:00+00:00
[2024-01-13T12:20:30.123+0000] {processor.py:183} INFO - Processing /home/airflow/.local/lib/python3.8/site-packages/airflow/example_dags/example_short_circuit_decorator.py took 0.128 seconds
[2024-01-13T12:21:00.275+0000] {processor.py:161} INFO - Started process (PID=1640) to work on /home/airflow/.local/lib/python3.8/site-packages/airflow/example_dags/example_short_circuit_decorator.py
[2024-01-13T12:21:00.277+0000] {processor.py:830} INFO - Processing file /home/airflow/.local/lib/python3.8/site-packages/airflow/example_dags/example_short_circuit_decorator.py for tasks to queue
[2024-01-13T12:21:00.281+0000] {logging_mixin.py:188} INFO - [2024-01-13T12:21:00.280+0000] {dagbag.py:538} INFO - Filling up the DagBag from /home/airflow/.local/lib/python3.8/site-packages/airflow/example_dags/example_short_circuit_decorator.py
[2024-01-13T12:21:00.293+0000] {processor.py:840} INFO - DAG(s) 'example_short_circuit_decorator' retrieved from /home/airflow/.local/lib/python3.8/site-packages/airflow/example_dags/example_short_circuit_decorator.py
[2024-01-13T12:21:00.332+0000] {logging_mixin.py:188} INFO - [2024-01-13T12:21:00.331+0000] {dag.py:3033} INFO - Sync 1 DAGs
[2024-01-13T12:21:00.362+0000] {logging_mixin.py:188} INFO - [2024-01-13T12:21:00.361+0000] {dag.py:3820} INFO - Setting next_dagrun for example_short_circuit_decorator to 2024-01-12T00:00:00+00:00, run_after=2024-01-13T00:00:00+00:00
[2024-01-13T12:21:00.386+0000] {processor.py:183} INFO - Processing /home/airflow/.local/lib/python3.8/site-packages/airflow/example_dags/example_short_circuit_decorator.py took 0.116 seconds
[2024-01-13T12:21:30.571+0000] {processor.py:161} INFO - Started process (PID=1707) to work on /home/airflow/.local/lib/python3.8/site-packages/airflow/example_dags/example_short_circuit_decorator.py
[2024-01-13T12:21:30.573+0000] {processor.py:830} INFO - Processing file /home/airflow/.local/lib/python3.8/site-packages/airflow/example_dags/example_short_circuit_decorator.py for tasks to queue
[2024-01-13T12:21:30.579+0000] {logging_mixin.py:188} INFO - [2024-01-13T12:21:30.578+0000] {dagbag.py:538} INFO - Filling up the DagBag from /home/airflow/.local/lib/python3.8/site-packages/airflow/example_dags/example_short_circuit_decorator.py
[2024-01-13T12:21:30.597+0000] {processor.py:840} INFO - DAG(s) 'example_short_circuit_decorator' retrieved from /home/airflow/.local/lib/python3.8/site-packages/airflow/example_dags/example_short_circuit_decorator.py
[2024-01-13T12:21:30.642+0000] {logging_mixin.py:188} INFO - [2024-01-13T12:21:30.642+0000] {dag.py:3033} INFO - Sync 1 DAGs
[2024-01-13T12:21:30.698+0000] {logging_mixin.py:188} INFO - [2024-01-13T12:21:30.697+0000] {dag.py:3820} INFO - Setting next_dagrun for example_short_circuit_decorator to 2024-01-12T00:00:00+00:00, run_after=2024-01-13T00:00:00+00:00
[2024-01-13T12:21:30.734+0000] {processor.py:183} INFO - Processing /home/airflow/.local/lib/python3.8/site-packages/airflow/example_dags/example_short_circuit_decorator.py took 0.169 seconds
[2024-01-13T12:22:00.882+0000] {processor.py:161} INFO - Started process (PID=1778) to work on /home/airflow/.local/lib/python3.8/site-packages/airflow/example_dags/example_short_circuit_decorator.py
[2024-01-13T12:22:00.884+0000] {processor.py:830} INFO - Processing file /home/airflow/.local/lib/python3.8/site-packages/airflow/example_dags/example_short_circuit_decorator.py for tasks to queue
[2024-01-13T12:22:00.888+0000] {logging_mixin.py:188} INFO - [2024-01-13T12:22:00.887+0000] {dagbag.py:538} INFO - Filling up the DagBag from /home/airflow/.local/lib/python3.8/site-packages/airflow/example_dags/example_short_circuit_decorator.py
[2024-01-13T12:22:00.901+0000] {processor.py:840} INFO - DAG(s) 'example_short_circuit_decorator' retrieved from /home/airflow/.local/lib/python3.8/site-packages/airflow/example_dags/example_short_circuit_decorator.py
[2024-01-13T12:22:00.933+0000] {logging_mixin.py:188} INFO - [2024-01-13T12:22:00.933+0000] {dag.py:3033} INFO - Sync 1 DAGs
[2024-01-13T12:22:00.971+0000] {logging_mixin.py:188} INFO - [2024-01-13T12:22:00.971+0000] {dag.py:3820} INFO - Setting next_dagrun for example_short_circuit_decorator to 2024-01-12T00:00:00+00:00, run_after=2024-01-13T00:00:00+00:00
[2024-01-13T12:22:00.999+0000] {processor.py:183} INFO - Processing /home/airflow/.local/lib/python3.8/site-packages/airflow/example_dags/example_short_circuit_decorator.py took 0.122 seconds
[2024-01-13T12:22:31.691+0000] {processor.py:161} INFO - Started process (PID=1861) to work on /home/airflow/.local/lib/python3.8/site-packages/airflow/example_dags/example_short_circuit_decorator.py
[2024-01-13T12:22:31.752+0000] {processor.py:830} INFO - Processing file /home/airflow/.local/lib/python3.8/site-packages/airflow/example_dags/example_short_circuit_decorator.py for tasks to queue
[2024-01-13T12:22:31.760+0000] {logging_mixin.py:188} INFO - [2024-01-13T12:22:31.760+0000] {dagbag.py:538} INFO - Filling up the DagBag from /home/airflow/.local/lib/python3.8/site-packages/airflow/example_dags/example_short_circuit_decorator.py
[2024-01-13T12:22:31.790+0000] {processor.py:840} INFO - DAG(s) 'example_short_circuit_decorator' retrieved from /home/airflow/.local/lib/python3.8/site-packages/airflow/example_dags/example_short_circuit_decorator.py
[2024-01-13T12:22:31.852+0000] {logging_mixin.py:188} INFO - [2024-01-13T12:22:31.851+0000] {dag.py:3033} INFO - Sync 1 DAGs
[2024-01-13T12:22:31.903+0000] {logging_mixin.py:188} INFO - [2024-01-13T12:22:31.902+0000] {dag.py:3820} INFO - Setting next_dagrun for example_short_circuit_decorator to 2024-01-12T00:00:00+00:00, run_after=2024-01-13T00:00:00+00:00
[2024-01-13T12:22:31.942+0000] {processor.py:183} INFO - Processing /home/airflow/.local/lib/python3.8/site-packages/airflow/example_dags/example_short_circuit_decorator.py took 0.262 seconds
[2024-01-13T12:23:02.143+0000] {processor.py:161} INFO - Started process (PID=1934) to work on /home/airflow/.local/lib/python3.8/site-packages/airflow/example_dags/example_short_circuit_decorator.py
[2024-01-13T12:23:02.145+0000] {processor.py:830} INFO - Processing file /home/airflow/.local/lib/python3.8/site-packages/airflow/example_dags/example_short_circuit_decorator.py for tasks to queue
[2024-01-13T12:23:02.160+0000] {logging_mixin.py:188} INFO - [2024-01-13T12:23:02.159+0000] {dagbag.py:538} INFO - Filling up the DagBag from /home/airflow/.local/lib/python3.8/site-packages/airflow/example_dags/example_short_circuit_decorator.py
[2024-01-13T12:23:02.230+0000] {processor.py:840} INFO - DAG(s) 'example_short_circuit_decorator' retrieved from /home/airflow/.local/lib/python3.8/site-packages/airflow/example_dags/example_short_circuit_decorator.py
[2024-01-13T12:23:02.343+0000] {logging_mixin.py:188} INFO - [2024-01-13T12:23:02.342+0000] {dag.py:3033} INFO - Sync 1 DAGs
[2024-01-13T12:23:02.468+0000] {logging_mixin.py:188} INFO - [2024-01-13T12:23:02.467+0000] {dag.py:3820} INFO - Setting next_dagrun for example_short_circuit_decorator to 2024-01-12T00:00:00+00:00, run_after=2024-01-13T00:00:00+00:00
[2024-01-13T12:23:02.541+0000] {processor.py:183} INFO - Processing /home/airflow/.local/lib/python3.8/site-packages/airflow/example_dags/example_short_circuit_decorator.py took 0.411 seconds
[2024-01-13T12:23:33.287+0000] {processor.py:161} INFO - Started process (PID=1993) to work on /home/airflow/.local/lib/python3.8/site-packages/airflow/example_dags/example_short_circuit_decorator.py
[2024-01-13T12:23:33.318+0000] {processor.py:830} INFO - Processing file /home/airflow/.local/lib/python3.8/site-packages/airflow/example_dags/example_short_circuit_decorator.py for tasks to queue
[2024-01-13T12:23:33.323+0000] {logging_mixin.py:188} INFO - [2024-01-13T12:23:33.322+0000] {dagbag.py:538} INFO - Filling up the DagBag from /home/airflow/.local/lib/python3.8/site-packages/airflow/example_dags/example_short_circuit_decorator.py
[2024-01-13T12:23:33.338+0000] {processor.py:840} INFO - DAG(s) 'example_short_circuit_decorator' retrieved from /home/airflow/.local/lib/python3.8/site-packages/airflow/example_dags/example_short_circuit_decorator.py
[2024-01-13T12:23:33.378+0000] {logging_mixin.py:188} INFO - [2024-01-13T12:23:33.378+0000] {dag.py:3033} INFO - Sync 1 DAGs
[2024-01-13T12:23:33.414+0000] {logging_mixin.py:188} INFO - [2024-01-13T12:23:33.414+0000] {dag.py:3820} INFO - Setting next_dagrun for example_short_circuit_decorator to 2024-01-12T00:00:00+00:00, run_after=2024-01-13T00:00:00+00:00
[2024-01-13T12:23:33.440+0000] {processor.py:183} INFO - Processing /home/airflow/.local/lib/python3.8/site-packages/airflow/example_dags/example_short_circuit_decorator.py took 0.158 seconds
[2024-01-13T12:24:03.599+0000] {processor.py:161} INFO - Started process (PID=2052) to work on /home/airflow/.local/lib/python3.8/site-packages/airflow/example_dags/example_short_circuit_decorator.py
[2024-01-13T12:24:03.600+0000] {processor.py:830} INFO - Processing file /home/airflow/.local/lib/python3.8/site-packages/airflow/example_dags/example_short_circuit_decorator.py for tasks to queue
[2024-01-13T12:24:03.603+0000] {logging_mixin.py:188} INFO - [2024-01-13T12:24:03.603+0000] {dagbag.py:538} INFO - Filling up the DagBag from /home/airflow/.local/lib/python3.8/site-packages/airflow/example_dags/example_short_circuit_decorator.py
[2024-01-13T12:24:03.616+0000] {processor.py:840} INFO - DAG(s) 'example_short_circuit_decorator' retrieved from /home/airflow/.local/lib/python3.8/site-packages/airflow/example_dags/example_short_circuit_decorator.py
[2024-01-13T12:24:03.656+0000] {logging_mixin.py:188} INFO - [2024-01-13T12:24:03.656+0000] {dag.py:3033} INFO - Sync 1 DAGs
[2024-01-13T12:24:03.693+0000] {logging_mixin.py:188} INFO - [2024-01-13T12:24:03.693+0000] {dag.py:3820} INFO - Setting next_dagrun for example_short_circuit_decorator to 2024-01-12T00:00:00+00:00, run_after=2024-01-13T00:00:00+00:00
[2024-01-13T12:24:03.719+0000] {processor.py:183} INFO - Processing /home/airflow/.local/lib/python3.8/site-packages/airflow/example_dags/example_short_circuit_decorator.py took 0.125 seconds
[2024-01-13T12:24:34.013+0000] {processor.py:161} INFO - Started process (PID=2111) to work on /home/airflow/.local/lib/python3.8/site-packages/airflow/example_dags/example_short_circuit_decorator.py
[2024-01-13T12:24:34.053+0000] {processor.py:830} INFO - Processing file /home/airflow/.local/lib/python3.8/site-packages/airflow/example_dags/example_short_circuit_decorator.py for tasks to queue
[2024-01-13T12:24:34.056+0000] {logging_mixin.py:188} INFO - [2024-01-13T12:24:34.056+0000] {dagbag.py:538} INFO - Filling up the DagBag from /home/airflow/.local/lib/python3.8/site-packages/airflow/example_dags/example_short_circuit_decorator.py
[2024-01-13T12:24:34.073+0000] {processor.py:840} INFO - DAG(s) 'example_short_circuit_decorator' retrieved from /home/airflow/.local/lib/python3.8/site-packages/airflow/example_dags/example_short_circuit_decorator.py
[2024-01-13T12:24:34.107+0000] {logging_mixin.py:188} INFO - [2024-01-13T12:24:34.107+0000] {dag.py:3033} INFO - Sync 1 DAGs
[2024-01-13T12:24:34.135+0000] {logging_mixin.py:188} INFO - [2024-01-13T12:24:34.135+0000] {dag.py:3820} INFO - Setting next_dagrun for example_short_circuit_decorator to 2024-01-12T00:00:00+00:00, run_after=2024-01-13T00:00:00+00:00
[2024-01-13T12:24:34.162+0000] {processor.py:183} INFO - Processing /home/airflow/.local/lib/python3.8/site-packages/airflow/example_dags/example_short_circuit_decorator.py took 0.154 seconds
