[2024-01-13T11:57:41.083+0000] {processor.py:161} INFO - Started process (PID=48) to work on /home/airflow/.local/lib/python3.8/site-packages/airflow/example_dags/example_branch_python_dop_operator_3.py
[2024-01-13T11:57:41.085+0000] {processor.py:830} INFO - Processing file /home/airflow/.local/lib/python3.8/site-packages/airflow/example_dags/example_branch_python_dop_operator_3.py for tasks to queue
[2024-01-13T11:57:41.099+0000] {logging_mixin.py:188} INFO - [2024-01-13T11:57:41.098+0000] {dagbag.py:538} INFO - Filling up the DagBag from /home/airflow/.local/lib/python3.8/site-packages/airflow/example_dags/example_branch_python_dop_operator_3.py
[2024-01-13T11:57:41.152+0000] {processor.py:840} INFO - DAG(s) 'example_branch_dop_operator_v3' retrieved from /home/airflow/.local/lib/python3.8/site-packages/airflow/example_dags/example_branch_python_dop_operator_3.py
[2024-01-13T11:57:41.555+0000] {logging_mixin.py:188} INFO - [2024-01-13T11:57:41.554+0000] {override.py:1769} INFO - Created Permission View: can edit on DAG:example_branch_dop_operator_v3
[2024-01-13T11:57:41.585+0000] {logging_mixin.py:188} INFO - [2024-01-13T11:57:41.584+0000] {override.py:1769} INFO - Created Permission View: can read on DAG:example_branch_dop_operator_v3
[2024-01-13T11:57:41.611+0000] {logging_mixin.py:188} INFO - [2024-01-13T11:57:41.610+0000] {override.py:1769} INFO - Created Permission View: can delete on DAG:example_branch_dop_operator_v3
[2024-01-13T11:57:41.612+0000] {logging_mixin.py:188} INFO - [2024-01-13T11:57:41.611+0000] {dag.py:3033} INFO - Sync 1 DAGs
[2024-01-13T11:57:41.675+0000] {logging_mixin.py:188} INFO - [2024-01-13T11:57:41.675+0000] {dag.py:3055} INFO - Creating ORM DAG for example_branch_dop_operator_v3
[2024-01-13T11:57:41.791+0000] {logging_mixin.py:188} INFO - [2024-01-13T11:57:41.790+0000] {dag.py:3820} INFO - Setting next_dagrun for example_branch_dop_operator_v3 to 2024-01-13T11:56:00+00:00, run_after=2024-01-13T11:57:00+00:00
[2024-01-13T11:57:41.922+0000] {processor.py:183} INFO - Processing /home/airflow/.local/lib/python3.8/site-packages/airflow/example_dags/example_branch_python_dop_operator_3.py took 0.857 seconds
[2024-01-13T11:58:12.201+0000] {processor.py:161} INFO - Started process (PID=107) to work on /home/airflow/.local/lib/python3.8/site-packages/airflow/example_dags/example_branch_python_dop_operator_3.py
[2024-01-13T11:58:12.203+0000] {processor.py:830} INFO - Processing file /home/airflow/.local/lib/python3.8/site-packages/airflow/example_dags/example_branch_python_dop_operator_3.py for tasks to queue
[2024-01-13T11:58:12.206+0000] {logging_mixin.py:188} INFO - [2024-01-13T11:58:12.206+0000] {dagbag.py:538} INFO - Filling up the DagBag from /home/airflow/.local/lib/python3.8/site-packages/airflow/example_dags/example_branch_python_dop_operator_3.py
[2024-01-13T11:58:12.222+0000] {processor.py:840} INFO - DAG(s) 'example_branch_dop_operator_v3' retrieved from /home/airflow/.local/lib/python3.8/site-packages/airflow/example_dags/example_branch_python_dop_operator_3.py
[2024-01-13T11:58:12.251+0000] {logging_mixin.py:188} INFO - [2024-01-13T11:58:12.251+0000] {dag.py:3033} INFO - Sync 1 DAGs
[2024-01-13T11:58:12.283+0000] {logging_mixin.py:188} INFO - [2024-01-13T11:58:12.283+0000] {dag.py:3820} INFO - Setting next_dagrun for example_branch_dop_operator_v3 to 2024-01-13T11:57:00+00:00, run_after=2024-01-13T11:58:00+00:00
[2024-01-13T11:58:12.307+0000] {processor.py:183} INFO - Processing /home/airflow/.local/lib/python3.8/site-packages/airflow/example_dags/example_branch_python_dop_operator_3.py took 0.111 seconds
[2024-01-13T11:58:42.860+0000] {processor.py:161} INFO - Started process (PID=165) to work on /home/airflow/.local/lib/python3.8/site-packages/airflow/example_dags/example_branch_python_dop_operator_3.py
[2024-01-13T11:58:42.861+0000] {processor.py:830} INFO - Processing file /home/airflow/.local/lib/python3.8/site-packages/airflow/example_dags/example_branch_python_dop_operator_3.py for tasks to queue
[2024-01-13T11:58:42.865+0000] {logging_mixin.py:188} INFO - [2024-01-13T11:58:42.865+0000] {dagbag.py:538} INFO - Filling up the DagBag from /home/airflow/.local/lib/python3.8/site-packages/airflow/example_dags/example_branch_python_dop_operator_3.py
[2024-01-13T11:58:42.879+0000] {processor.py:840} INFO - DAG(s) 'example_branch_dop_operator_v3' retrieved from /home/airflow/.local/lib/python3.8/site-packages/airflow/example_dags/example_branch_python_dop_operator_3.py
[2024-01-13T11:58:42.914+0000] {logging_mixin.py:188} INFO - [2024-01-13T11:58:42.914+0000] {dag.py:3033} INFO - Sync 1 DAGs
[2024-01-13T11:58:42.954+0000] {logging_mixin.py:188} INFO - [2024-01-13T11:58:42.953+0000] {dag.py:3820} INFO - Setting next_dagrun for example_branch_dop_operator_v3 to 2024-01-13T11:57:00+00:00, run_after=2024-01-13T11:58:00+00:00
[2024-01-13T11:58:42.975+0000] {processor.py:183} INFO - Processing /home/airflow/.local/lib/python3.8/site-packages/airflow/example_dags/example_branch_python_dop_operator_3.py took 0.122 seconds
[2024-01-13T11:59:13.214+0000] {processor.py:161} INFO - Started process (PID=224) to work on /home/airflow/.local/lib/python3.8/site-packages/airflow/example_dags/example_branch_python_dop_operator_3.py
[2024-01-13T11:59:13.216+0000] {processor.py:830} INFO - Processing file /home/airflow/.local/lib/python3.8/site-packages/airflow/example_dags/example_branch_python_dop_operator_3.py for tasks to queue
[2024-01-13T11:59:13.219+0000] {logging_mixin.py:188} INFO - [2024-01-13T11:59:13.219+0000] {dagbag.py:538} INFO - Filling up the DagBag from /home/airflow/.local/lib/python3.8/site-packages/airflow/example_dags/example_branch_python_dop_operator_3.py
[2024-01-13T11:59:13.231+0000] {processor.py:840} INFO - DAG(s) 'example_branch_dop_operator_v3' retrieved from /home/airflow/.local/lib/python3.8/site-packages/airflow/example_dags/example_branch_python_dop_operator_3.py
[2024-01-13T11:59:13.260+0000] {logging_mixin.py:188} INFO - [2024-01-13T11:59:13.259+0000] {dag.py:3033} INFO - Sync 1 DAGs
[2024-01-13T11:59:13.292+0000] {logging_mixin.py:188} INFO - [2024-01-13T11:59:13.292+0000] {dag.py:3820} INFO - Setting next_dagrun for example_branch_dop_operator_v3 to 2024-01-13T11:58:00+00:00, run_after=2024-01-13T11:59:00+00:00
[2024-01-13T11:59:13.314+0000] {processor.py:183} INFO - Processing /home/airflow/.local/lib/python3.8/site-packages/airflow/example_dags/example_branch_python_dop_operator_3.py took 0.105 seconds
[2024-01-13T11:59:43.353+0000] {processor.py:161} INFO - Started process (PID=286) to work on /home/airflow/.local/lib/python3.8/site-packages/airflow/example_dags/example_branch_python_dop_operator_3.py
[2024-01-13T11:59:43.355+0000] {processor.py:830} INFO - Processing file /home/airflow/.local/lib/python3.8/site-packages/airflow/example_dags/example_branch_python_dop_operator_3.py for tasks to queue
[2024-01-13T11:59:43.358+0000] {logging_mixin.py:188} INFO - [2024-01-13T11:59:43.357+0000] {dagbag.py:538} INFO - Filling up the DagBag from /home/airflow/.local/lib/python3.8/site-packages/airflow/example_dags/example_branch_python_dop_operator_3.py
[2024-01-13T11:59:43.373+0000] {processor.py:840} INFO - DAG(s) 'example_branch_dop_operator_v3' retrieved from /home/airflow/.local/lib/python3.8/site-packages/airflow/example_dags/example_branch_python_dop_operator_3.py
[2024-01-13T11:59:43.399+0000] {logging_mixin.py:188} INFO - [2024-01-13T11:59:43.399+0000] {dag.py:3033} INFO - Sync 1 DAGs
[2024-01-13T11:59:43.434+0000] {logging_mixin.py:188} INFO - [2024-01-13T11:59:43.434+0000] {dag.py:3820} INFO - Setting next_dagrun for example_branch_dop_operator_v3 to 2024-01-13T11:58:00+00:00, run_after=2024-01-13T11:59:00+00:00
[2024-01-13T11:59:43.456+0000] {processor.py:183} INFO - Processing /home/airflow/.local/lib/python3.8/site-packages/airflow/example_dags/example_branch_python_dop_operator_3.py took 0.108 seconds
[2024-01-13T12:00:13.648+0000] {processor.py:161} INFO - Started process (PID=345) to work on /home/airflow/.local/lib/python3.8/site-packages/airflow/example_dags/example_branch_python_dop_operator_3.py
[2024-01-13T12:00:13.649+0000] {processor.py:830} INFO - Processing file /home/airflow/.local/lib/python3.8/site-packages/airflow/example_dags/example_branch_python_dop_operator_3.py for tasks to queue
[2024-01-13T12:00:13.652+0000] {logging_mixin.py:188} INFO - [2024-01-13T12:00:13.651+0000] {dagbag.py:538} INFO - Filling up the DagBag from /home/airflow/.local/lib/python3.8/site-packages/airflow/example_dags/example_branch_python_dop_operator_3.py
[2024-01-13T12:00:13.666+0000] {processor.py:840} INFO - DAG(s) 'example_branch_dop_operator_v3' retrieved from /home/airflow/.local/lib/python3.8/site-packages/airflow/example_dags/example_branch_python_dop_operator_3.py
[2024-01-13T12:00:13.700+0000] {logging_mixin.py:188} INFO - [2024-01-13T12:00:13.699+0000] {dag.py:3033} INFO - Sync 1 DAGs
[2024-01-13T12:00:13.735+0000] {logging_mixin.py:188} INFO - [2024-01-13T12:00:13.735+0000] {dag.py:3820} INFO - Setting next_dagrun for example_branch_dop_operator_v3 to 2024-01-13T11:59:00+00:00, run_after=2024-01-13T12:00:00+00:00
[2024-01-13T12:00:13.758+0000] {processor.py:183} INFO - Processing /home/airflow/.local/lib/python3.8/site-packages/airflow/example_dags/example_branch_python_dop_operator_3.py took 0.115 seconds
[2024-01-13T12:00:44.326+0000] {processor.py:161} INFO - Started process (PID=404) to work on /home/airflow/.local/lib/python3.8/site-packages/airflow/example_dags/example_branch_python_dop_operator_3.py
[2024-01-13T12:00:44.328+0000] {processor.py:830} INFO - Processing file /home/airflow/.local/lib/python3.8/site-packages/airflow/example_dags/example_branch_python_dop_operator_3.py for tasks to queue
[2024-01-13T12:00:44.333+0000] {logging_mixin.py:188} INFO - [2024-01-13T12:00:44.332+0000] {dagbag.py:538} INFO - Filling up the DagBag from /home/airflow/.local/lib/python3.8/site-packages/airflow/example_dags/example_branch_python_dop_operator_3.py
[2024-01-13T12:00:44.346+0000] {processor.py:840} INFO - DAG(s) 'example_branch_dop_operator_v3' retrieved from /home/airflow/.local/lib/python3.8/site-packages/airflow/example_dags/example_branch_python_dop_operator_3.py
[2024-01-13T12:00:44.372+0000] {logging_mixin.py:188} INFO - [2024-01-13T12:00:44.372+0000] {dag.py:3033} INFO - Sync 1 DAGs
[2024-01-13T12:00:44.404+0000] {logging_mixin.py:188} INFO - [2024-01-13T12:00:44.404+0000] {dag.py:3820} INFO - Setting next_dagrun for example_branch_dop_operator_v3 to 2024-01-13T11:59:00+00:00, run_after=2024-01-13T12:00:00+00:00
[2024-01-13T12:00:44.426+0000] {processor.py:183} INFO - Processing /home/airflow/.local/lib/python3.8/site-packages/airflow/example_dags/example_branch_python_dop_operator_3.py took 0.107 seconds
[2024-01-13T12:01:14.689+0000] {processor.py:161} INFO - Started process (PID=463) to work on /home/airflow/.local/lib/python3.8/site-packages/airflow/example_dags/example_branch_python_dop_operator_3.py
[2024-01-13T12:01:14.690+0000] {processor.py:830} INFO - Processing file /home/airflow/.local/lib/python3.8/site-packages/airflow/example_dags/example_branch_python_dop_operator_3.py for tasks to queue
[2024-01-13T12:01:14.694+0000] {logging_mixin.py:188} INFO - [2024-01-13T12:01:14.694+0000] {dagbag.py:538} INFO - Filling up the DagBag from /home/airflow/.local/lib/python3.8/site-packages/airflow/example_dags/example_branch_python_dop_operator_3.py
[2024-01-13T12:01:14.709+0000] {processor.py:840} INFO - DAG(s) 'example_branch_dop_operator_v3' retrieved from /home/airflow/.local/lib/python3.8/site-packages/airflow/example_dags/example_branch_python_dop_operator_3.py
[2024-01-13T12:01:14.735+0000] {logging_mixin.py:188} INFO - [2024-01-13T12:01:14.735+0000] {dag.py:3033} INFO - Sync 1 DAGs
[2024-01-13T12:01:14.768+0000] {logging_mixin.py:188} INFO - [2024-01-13T12:01:14.767+0000] {dag.py:3820} INFO - Setting next_dagrun for example_branch_dop_operator_v3 to 2024-01-13T12:00:00+00:00, run_after=2024-01-13T12:01:00+00:00
[2024-01-13T12:01:14.790+0000] {processor.py:183} INFO - Processing /home/airflow/.local/lib/python3.8/site-packages/airflow/example_dags/example_branch_python_dop_operator_3.py took 0.106 seconds
[2024-01-13T12:01:45.002+0000] {processor.py:161} INFO - Started process (PID=522) to work on /home/airflow/.local/lib/python3.8/site-packages/airflow/example_dags/example_branch_python_dop_operator_3.py
[2024-01-13T12:01:45.004+0000] {processor.py:830} INFO - Processing file /home/airflow/.local/lib/python3.8/site-packages/airflow/example_dags/example_branch_python_dop_operator_3.py for tasks to queue
[2024-01-13T12:01:45.007+0000] {logging_mixin.py:188} INFO - [2024-01-13T12:01:45.007+0000] {dagbag.py:538} INFO - Filling up the DagBag from /home/airflow/.local/lib/python3.8/site-packages/airflow/example_dags/example_branch_python_dop_operator_3.py
[2024-01-13T12:01:45.019+0000] {processor.py:840} INFO - DAG(s) 'example_branch_dop_operator_v3' retrieved from /home/airflow/.local/lib/python3.8/site-packages/airflow/example_dags/example_branch_python_dop_operator_3.py
[2024-01-13T12:01:45.046+0000] {logging_mixin.py:188} INFO - [2024-01-13T12:01:45.045+0000] {dag.py:3033} INFO - Sync 1 DAGs
[2024-01-13T12:01:45.078+0000] {logging_mixin.py:188} INFO - [2024-01-13T12:01:45.078+0000] {dag.py:3820} INFO - Setting next_dagrun for example_branch_dop_operator_v3 to 2024-01-13T12:00:00+00:00, run_after=2024-01-13T12:01:00+00:00
[2024-01-13T12:01:45.101+0000] {processor.py:183} INFO - Processing /home/airflow/.local/lib/python3.8/site-packages/airflow/example_dags/example_branch_python_dop_operator_3.py took 0.106 seconds
[2024-01-13T12:02:15.334+0000] {processor.py:161} INFO - Started process (PID=588) to work on /home/airflow/.local/lib/python3.8/site-packages/airflow/example_dags/example_branch_python_dop_operator_3.py
[2024-01-13T12:02:15.335+0000] {processor.py:830} INFO - Processing file /home/airflow/.local/lib/python3.8/site-packages/airflow/example_dags/example_branch_python_dop_operator_3.py for tasks to queue
[2024-01-13T12:02:15.338+0000] {logging_mixin.py:188} INFO - [2024-01-13T12:02:15.338+0000] {dagbag.py:538} INFO - Filling up the DagBag from /home/airflow/.local/lib/python3.8/site-packages/airflow/example_dags/example_branch_python_dop_operator_3.py
[2024-01-13T12:02:15.351+0000] {processor.py:840} INFO - DAG(s) 'example_branch_dop_operator_v3' retrieved from /home/airflow/.local/lib/python3.8/site-packages/airflow/example_dags/example_branch_python_dop_operator_3.py
[2024-01-13T12:02:15.379+0000] {logging_mixin.py:188} INFO - [2024-01-13T12:02:15.379+0000] {dag.py:3033} INFO - Sync 1 DAGs
[2024-01-13T12:02:15.412+0000] {logging_mixin.py:188} INFO - [2024-01-13T12:02:15.412+0000] {dag.py:3820} INFO - Setting next_dagrun for example_branch_dop_operator_v3 to 2024-01-13T12:01:00+00:00, run_after=2024-01-13T12:02:00+00:00
[2024-01-13T12:02:15.434+0000] {processor.py:183} INFO - Processing /home/airflow/.local/lib/python3.8/site-packages/airflow/example_dags/example_branch_python_dop_operator_3.py took 0.105 seconds
[2024-01-13T12:02:46.162+0000] {processor.py:161} INFO - Started process (PID=667) to work on /home/airflow/.local/lib/python3.8/site-packages/airflow/example_dags/example_branch_python_dop_operator_3.py
[2024-01-13T12:02:46.165+0000] {processor.py:830} INFO - Processing file /home/airflow/.local/lib/python3.8/site-packages/airflow/example_dags/example_branch_python_dop_operator_3.py for tasks to queue
[2024-01-13T12:02:46.171+0000] {logging_mixin.py:188} INFO - [2024-01-13T12:02:46.171+0000] {dagbag.py:538} INFO - Filling up the DagBag from /home/airflow/.local/lib/python3.8/site-packages/airflow/example_dags/example_branch_python_dop_operator_3.py
[2024-01-13T12:02:46.227+0000] {processor.py:840} INFO - DAG(s) 'example_branch_dop_operator_v3' retrieved from /home/airflow/.local/lib/python3.8/site-packages/airflow/example_dags/example_branch_python_dop_operator_3.py
[2024-01-13T12:02:46.303+0000] {logging_mixin.py:188} INFO - [2024-01-13T12:02:46.302+0000] {dag.py:3033} INFO - Sync 1 DAGs
[2024-01-13T12:02:46.390+0000] {logging_mixin.py:188} INFO - [2024-01-13T12:02:46.390+0000] {dag.py:3820} INFO - Setting next_dagrun for example_branch_dop_operator_v3 to 2024-01-13T12:01:00+00:00, run_after=2024-01-13T12:02:00+00:00
[2024-01-13T12:02:46.430+0000] {processor.py:183} INFO - Processing /home/airflow/.local/lib/python3.8/site-packages/airflow/example_dags/example_branch_python_dop_operator_3.py took 0.302 seconds
[2024-01-13T12:07:38.687+0000] {processor.py:161} INFO - Started process (PID=43) to work on /home/airflow/.local/lib/python3.8/site-packages/airflow/example_dags/example_branch_python_dop_operator_3.py
[2024-01-13T12:07:38.696+0000] {processor.py:830} INFO - Processing file /home/airflow/.local/lib/python3.8/site-packages/airflow/example_dags/example_branch_python_dop_operator_3.py for tasks to queue
[2024-01-13T12:07:38.703+0000] {logging_mixin.py:188} INFO - [2024-01-13T12:07:38.703+0000] {dagbag.py:538} INFO - Filling up the DagBag from /home/airflow/.local/lib/python3.8/site-packages/airflow/example_dags/example_branch_python_dop_operator_3.py
[2024-01-13T12:07:38.787+0000] {processor.py:840} INFO - DAG(s) 'example_branch_dop_operator_v3' retrieved from /home/airflow/.local/lib/python3.8/site-packages/airflow/example_dags/example_branch_python_dop_operator_3.py
[2024-01-13T12:07:38.820+0000] {logging_mixin.py:188} INFO - [2024-01-13T12:07:38.820+0000] {dag.py:3033} INFO - Sync 1 DAGs
[2024-01-13T12:07:38.879+0000] {logging_mixin.py:188} INFO - [2024-01-13T12:07:38.879+0000] {dag.py:3820} INFO - Setting next_dagrun for example_branch_dop_operator_v3 to 2024-01-13T12:06:00+00:00, run_after=2024-01-13T12:07:00+00:00
[2024-01-13T12:07:38.934+0000] {processor.py:183} INFO - Processing /home/airflow/.local/lib/python3.8/site-packages/airflow/example_dags/example_branch_python_dop_operator_3.py took 0.265 seconds
[2024-01-13T12:08:11.331+0000] {processor.py:161} INFO - Started process (PID=129) to work on /home/airflow/.local/lib/python3.8/site-packages/airflow/example_dags/example_branch_python_dop_operator_3.py
[2024-01-13T12:08:11.335+0000] {processor.py:830} INFO - Processing file /home/airflow/.local/lib/python3.8/site-packages/airflow/example_dags/example_branch_python_dop_operator_3.py for tasks to queue
[2024-01-13T12:08:11.342+0000] {logging_mixin.py:188} INFO - [2024-01-13T12:08:11.342+0000] {dagbag.py:538} INFO - Filling up the DagBag from /home/airflow/.local/lib/python3.8/site-packages/airflow/example_dags/example_branch_python_dop_operator_3.py
[2024-01-13T12:08:11.364+0000] {processor.py:840} INFO - DAG(s) 'example_branch_dop_operator_v3' retrieved from /home/airflow/.local/lib/python3.8/site-packages/airflow/example_dags/example_branch_python_dop_operator_3.py
[2024-01-13T12:08:11.705+0000] {logging_mixin.py:188} INFO - [2024-01-13T12:08:11.705+0000] {dag.py:3033} INFO - Sync 1 DAGs
[2024-01-13T12:08:11.855+0000] {logging_mixin.py:188} INFO - [2024-01-13T12:08:11.855+0000] {dag.py:3820} INFO - Setting next_dagrun for example_branch_dop_operator_v3 to 2024-01-13T12:07:00+00:00, run_after=2024-01-13T12:08:00+00:00
[2024-01-13T12:08:11.954+0000] {processor.py:183} INFO - Processing /home/airflow/.local/lib/python3.8/site-packages/airflow/example_dags/example_branch_python_dop_operator_3.py took 0.630 seconds
[2024-01-13T12:08:42.277+0000] {processor.py:161} INFO - Started process (PID=188) to work on /home/airflow/.local/lib/python3.8/site-packages/airflow/example_dags/example_branch_python_dop_operator_3.py
[2024-01-13T12:08:42.302+0000] {processor.py:830} INFO - Processing file /home/airflow/.local/lib/python3.8/site-packages/airflow/example_dags/example_branch_python_dop_operator_3.py for tasks to queue
[2024-01-13T12:08:42.305+0000] {logging_mixin.py:188} INFO - [2024-01-13T12:08:42.304+0000] {dagbag.py:538} INFO - Filling up the DagBag from /home/airflow/.local/lib/python3.8/site-packages/airflow/example_dags/example_branch_python_dop_operator_3.py
[2024-01-13T12:08:42.316+0000] {processor.py:840} INFO - DAG(s) 'example_branch_dop_operator_v3' retrieved from /home/airflow/.local/lib/python3.8/site-packages/airflow/example_dags/example_branch_python_dop_operator_3.py
[2024-01-13T12:08:42.341+0000] {logging_mixin.py:188} INFO - [2024-01-13T12:08:42.341+0000] {dag.py:3033} INFO - Sync 1 DAGs
[2024-01-13T12:08:42.373+0000] {logging_mixin.py:188} INFO - [2024-01-13T12:08:42.373+0000] {dag.py:3820} INFO - Setting next_dagrun for example_branch_dop_operator_v3 to 2024-01-13T12:07:00+00:00, run_after=2024-01-13T12:08:00+00:00
[2024-01-13T12:08:42.394+0000] {processor.py:183} INFO - Processing /home/airflow/.local/lib/python3.8/site-packages/airflow/example_dags/example_branch_python_dop_operator_3.py took 0.122 seconds
[2024-01-13T12:09:12.821+0000] {processor.py:161} INFO - Started process (PID=247) to work on /home/airflow/.local/lib/python3.8/site-packages/airflow/example_dags/example_branch_python_dop_operator_3.py
[2024-01-13T12:09:12.822+0000] {processor.py:830} INFO - Processing file /home/airflow/.local/lib/python3.8/site-packages/airflow/example_dags/example_branch_python_dop_operator_3.py for tasks to queue
[2024-01-13T12:09:12.826+0000] {logging_mixin.py:188} INFO - [2024-01-13T12:09:12.826+0000] {dagbag.py:538} INFO - Filling up the DagBag from /home/airflow/.local/lib/python3.8/site-packages/airflow/example_dags/example_branch_python_dop_operator_3.py
[2024-01-13T12:09:12.842+0000] {processor.py:840} INFO - DAG(s) 'example_branch_dop_operator_v3' retrieved from /home/airflow/.local/lib/python3.8/site-packages/airflow/example_dags/example_branch_python_dop_operator_3.py
[2024-01-13T12:09:12.870+0000] {logging_mixin.py:188} INFO - [2024-01-13T12:09:12.870+0000] {dag.py:3033} INFO - Sync 1 DAGs
[2024-01-13T12:09:12.912+0000] {logging_mixin.py:188} INFO - [2024-01-13T12:09:12.912+0000] {dag.py:3820} INFO - Setting next_dagrun for example_branch_dop_operator_v3 to 2024-01-13T12:08:00+00:00, run_after=2024-01-13T12:09:00+00:00
[2024-01-13T12:09:12.934+0000] {processor.py:183} INFO - Processing /home/airflow/.local/lib/python3.8/site-packages/airflow/example_dags/example_branch_python_dop_operator_3.py took 0.119 seconds
[2024-01-13T12:09:43.155+0000] {processor.py:161} INFO - Started process (PID=313) to work on /home/airflow/.local/lib/python3.8/site-packages/airflow/example_dags/example_branch_python_dop_operator_3.py
[2024-01-13T12:09:43.158+0000] {processor.py:830} INFO - Processing file /home/airflow/.local/lib/python3.8/site-packages/airflow/example_dags/example_branch_python_dop_operator_3.py for tasks to queue
[2024-01-13T12:09:43.161+0000] {logging_mixin.py:188} INFO - [2024-01-13T12:09:43.161+0000] {dagbag.py:538} INFO - Filling up the DagBag from /home/airflow/.local/lib/python3.8/site-packages/airflow/example_dags/example_branch_python_dop_operator_3.py
[2024-01-13T12:09:43.173+0000] {processor.py:840} INFO - DAG(s) 'example_branch_dop_operator_v3' retrieved from /home/airflow/.local/lib/python3.8/site-packages/airflow/example_dags/example_branch_python_dop_operator_3.py
[2024-01-13T12:09:43.203+0000] {logging_mixin.py:188} INFO - [2024-01-13T12:09:43.203+0000] {dag.py:3033} INFO - Sync 1 DAGs
[2024-01-13T12:09:43.241+0000] {logging_mixin.py:188} INFO - [2024-01-13T12:09:43.241+0000] {dag.py:3820} INFO - Setting next_dagrun for example_branch_dop_operator_v3 to 2024-01-13T12:08:00+00:00, run_after=2024-01-13T12:09:00+00:00
[2024-01-13T12:09:43.263+0000] {processor.py:183} INFO - Processing /home/airflow/.local/lib/python3.8/site-packages/airflow/example_dags/example_branch_python_dop_operator_3.py took 0.114 seconds
[2024-01-13T12:10:13.986+0000] {processor.py:161} INFO - Started process (PID=372) to work on /home/airflow/.local/lib/python3.8/site-packages/airflow/example_dags/example_branch_python_dop_operator_3.py
[2024-01-13T12:10:13.987+0000] {processor.py:830} INFO - Processing file /home/airflow/.local/lib/python3.8/site-packages/airflow/example_dags/example_branch_python_dop_operator_3.py for tasks to queue
[2024-01-13T12:10:13.990+0000] {logging_mixin.py:188} INFO - [2024-01-13T12:10:13.989+0000] {dagbag.py:538} INFO - Filling up the DagBag from /home/airflow/.local/lib/python3.8/site-packages/airflow/example_dags/example_branch_python_dop_operator_3.py
[2024-01-13T12:10:14.002+0000] {processor.py:840} INFO - DAG(s) 'example_branch_dop_operator_v3' retrieved from /home/airflow/.local/lib/python3.8/site-packages/airflow/example_dags/example_branch_python_dop_operator_3.py
[2024-01-13T12:10:14.029+0000] {logging_mixin.py:188} INFO - [2024-01-13T12:10:14.029+0000] {dag.py:3033} INFO - Sync 1 DAGs
[2024-01-13T12:10:14.061+0000] {logging_mixin.py:188} INFO - [2024-01-13T12:10:14.061+0000] {dag.py:3820} INFO - Setting next_dagrun for example_branch_dop_operator_v3 to 2024-01-13T12:09:00+00:00, run_after=2024-01-13T12:10:00+00:00
[2024-01-13T12:10:14.085+0000] {processor.py:183} INFO - Processing /home/airflow/.local/lib/python3.8/site-packages/airflow/example_dags/example_branch_python_dop_operator_3.py took 0.104 seconds
[2024-01-13T12:10:45.269+0000] {processor.py:161} INFO - Started process (PID=431) to work on /home/airflow/.local/lib/python3.8/site-packages/airflow/example_dags/example_branch_python_dop_operator_3.py
[2024-01-13T12:10:45.271+0000] {processor.py:830} INFO - Processing file /home/airflow/.local/lib/python3.8/site-packages/airflow/example_dags/example_branch_python_dop_operator_3.py for tasks to queue
[2024-01-13T12:10:45.275+0000] {logging_mixin.py:188} INFO - [2024-01-13T12:10:45.274+0000] {dagbag.py:538} INFO - Filling up the DagBag from /home/airflow/.local/lib/python3.8/site-packages/airflow/example_dags/example_branch_python_dop_operator_3.py
[2024-01-13T12:10:45.289+0000] {processor.py:840} INFO - DAG(s) 'example_branch_dop_operator_v3' retrieved from /home/airflow/.local/lib/python3.8/site-packages/airflow/example_dags/example_branch_python_dop_operator_3.py
[2024-01-13T12:10:45.315+0000] {logging_mixin.py:188} INFO - [2024-01-13T12:10:45.315+0000] {dag.py:3033} INFO - Sync 1 DAGs
[2024-01-13T12:10:45.346+0000] {logging_mixin.py:188} INFO - [2024-01-13T12:10:45.346+0000] {dag.py:3820} INFO - Setting next_dagrun for example_branch_dop_operator_v3 to 2024-01-13T12:09:00+00:00, run_after=2024-01-13T12:10:00+00:00
[2024-01-13T12:10:45.368+0000] {processor.py:183} INFO - Processing /home/airflow/.local/lib/python3.8/site-packages/airflow/example_dags/example_branch_python_dop_operator_3.py took 0.104 seconds
[2024-01-13T12:11:16.547+0000] {processor.py:161} INFO - Started process (PID=490) to work on /home/airflow/.local/lib/python3.8/site-packages/airflow/example_dags/example_branch_python_dop_operator_3.py
[2024-01-13T12:11:16.548+0000] {processor.py:830} INFO - Processing file /home/airflow/.local/lib/python3.8/site-packages/airflow/example_dags/example_branch_python_dop_operator_3.py for tasks to queue
[2024-01-13T12:11:16.551+0000] {logging_mixin.py:188} INFO - [2024-01-13T12:11:16.551+0000] {dagbag.py:538} INFO - Filling up the DagBag from /home/airflow/.local/lib/python3.8/site-packages/airflow/example_dags/example_branch_python_dop_operator_3.py
[2024-01-13T12:11:16.563+0000] {processor.py:840} INFO - DAG(s) 'example_branch_dop_operator_v3' retrieved from /home/airflow/.local/lib/python3.8/site-packages/airflow/example_dags/example_branch_python_dop_operator_3.py
[2024-01-13T12:11:16.594+0000] {logging_mixin.py:188} INFO - [2024-01-13T12:11:16.594+0000] {dag.py:3033} INFO - Sync 1 DAGs
[2024-01-13T12:11:16.644+0000] {logging_mixin.py:188} INFO - [2024-01-13T12:11:16.643+0000] {dag.py:3820} INFO - Setting next_dagrun for example_branch_dop_operator_v3 to 2024-01-13T12:10:00+00:00, run_after=2024-01-13T12:11:00+00:00
[2024-01-13T12:11:16.672+0000] {processor.py:183} INFO - Processing /home/airflow/.local/lib/python3.8/site-packages/airflow/example_dags/example_branch_python_dop_operator_3.py took 0.130 seconds
[2024-01-13T12:11:47.840+0000] {processor.py:161} INFO - Started process (PID=549) to work on /home/airflow/.local/lib/python3.8/site-packages/airflow/example_dags/example_branch_python_dop_operator_3.py
[2024-01-13T12:11:47.842+0000] {processor.py:830} INFO - Processing file /home/airflow/.local/lib/python3.8/site-packages/airflow/example_dags/example_branch_python_dop_operator_3.py for tasks to queue
[2024-01-13T12:11:47.846+0000] {logging_mixin.py:188} INFO - [2024-01-13T12:11:47.846+0000] {dagbag.py:538} INFO - Filling up the DagBag from /home/airflow/.local/lib/python3.8/site-packages/airflow/example_dags/example_branch_python_dop_operator_3.py
[2024-01-13T12:11:47.864+0000] {processor.py:840} INFO - DAG(s) 'example_branch_dop_operator_v3' retrieved from /home/airflow/.local/lib/python3.8/site-packages/airflow/example_dags/example_branch_python_dop_operator_3.py
[2024-01-13T12:11:47.895+0000] {logging_mixin.py:188} INFO - [2024-01-13T12:11:47.895+0000] {dag.py:3033} INFO - Sync 1 DAGs
[2024-01-13T12:11:47.934+0000] {logging_mixin.py:188} INFO - [2024-01-13T12:11:47.933+0000] {dag.py:3820} INFO - Setting next_dagrun for example_branch_dop_operator_v3 to 2024-01-13T12:10:00+00:00, run_after=2024-01-13T12:11:00+00:00
[2024-01-13T12:11:47.955+0000] {processor.py:183} INFO - Processing /home/airflow/.local/lib/python3.8/site-packages/airflow/example_dags/example_branch_python_dop_operator_3.py took 0.120 seconds
[2024-01-13T12:12:19.087+0000] {processor.py:161} INFO - Started process (PID=608) to work on /home/airflow/.local/lib/python3.8/site-packages/airflow/example_dags/example_branch_python_dop_operator_3.py
[2024-01-13T12:12:19.090+0000] {processor.py:830} INFO - Processing file /home/airflow/.local/lib/python3.8/site-packages/airflow/example_dags/example_branch_python_dop_operator_3.py for tasks to queue
[2024-01-13T12:12:19.094+0000] {logging_mixin.py:188} INFO - [2024-01-13T12:12:19.094+0000] {dagbag.py:538} INFO - Filling up the DagBag from /home/airflow/.local/lib/python3.8/site-packages/airflow/example_dags/example_branch_python_dop_operator_3.py
[2024-01-13T12:12:19.108+0000] {processor.py:840} INFO - DAG(s) 'example_branch_dop_operator_v3' retrieved from /home/airflow/.local/lib/python3.8/site-packages/airflow/example_dags/example_branch_python_dop_operator_3.py
[2024-01-13T12:12:19.142+0000] {logging_mixin.py:188} INFO - [2024-01-13T12:12:19.142+0000] {dag.py:3033} INFO - Sync 1 DAGs
[2024-01-13T12:12:19.183+0000] {logging_mixin.py:188} INFO - [2024-01-13T12:12:19.183+0000] {dag.py:3820} INFO - Setting next_dagrun for example_branch_dop_operator_v3 to 2024-01-13T12:11:00+00:00, run_after=2024-01-13T12:12:00+00:00
[2024-01-13T12:12:19.205+0000] {processor.py:183} INFO - Processing /home/airflow/.local/lib/python3.8/site-packages/airflow/example_dags/example_branch_python_dop_operator_3.py took 0.123 seconds
[2024-01-13T12:12:50.900+0000] {processor.py:161} INFO - Started process (PID=667) to work on /home/airflow/.local/lib/python3.8/site-packages/airflow/example_dags/example_branch_python_dop_operator_3.py
[2024-01-13T12:12:50.902+0000] {processor.py:830} INFO - Processing file /home/airflow/.local/lib/python3.8/site-packages/airflow/example_dags/example_branch_python_dop_operator_3.py for tasks to queue
[2024-01-13T12:12:50.906+0000] {logging_mixin.py:188} INFO - [2024-01-13T12:12:50.905+0000] {dagbag.py:538} INFO - Filling up the DagBag from /home/airflow/.local/lib/python3.8/site-packages/airflow/example_dags/example_branch_python_dop_operator_3.py
[2024-01-13T12:12:50.924+0000] {processor.py:840} INFO - DAG(s) 'example_branch_dop_operator_v3' retrieved from /home/airflow/.local/lib/python3.8/site-packages/airflow/example_dags/example_branch_python_dop_operator_3.py
[2024-01-13T12:12:50.961+0000] {logging_mixin.py:188} INFO - [2024-01-13T12:12:50.961+0000] {dag.py:3033} INFO - Sync 1 DAGs
[2024-01-13T12:12:51.013+0000] {logging_mixin.py:188} INFO - [2024-01-13T12:12:51.012+0000] {dag.py:3820} INFO - Setting next_dagrun for example_branch_dop_operator_v3 to 2024-01-13T12:11:00+00:00, run_after=2024-01-13T12:12:00+00:00
[2024-01-13T12:12:51.044+0000] {processor.py:183} INFO - Processing /home/airflow/.local/lib/python3.8/site-packages/airflow/example_dags/example_branch_python_dop_operator_3.py took 0.151 seconds
[2024-01-13T12:13:23.748+0000] {processor.py:161} INFO - Started process (PID=726) to work on /home/airflow/.local/lib/python3.8/site-packages/airflow/example_dags/example_branch_python_dop_operator_3.py
[2024-01-13T12:13:23.752+0000] {processor.py:830} INFO - Processing file /home/airflow/.local/lib/python3.8/site-packages/airflow/example_dags/example_branch_python_dop_operator_3.py for tasks to queue
[2024-01-13T12:13:23.760+0000] {logging_mixin.py:188} INFO - [2024-01-13T12:13:23.759+0000] {dagbag.py:538} INFO - Filling up the DagBag from /home/airflow/.local/lib/python3.8/site-packages/airflow/example_dags/example_branch_python_dop_operator_3.py
[2024-01-13T12:13:23.810+0000] {processor.py:840} INFO - DAG(s) 'example_branch_dop_operator_v3' retrieved from /home/airflow/.local/lib/python3.8/site-packages/airflow/example_dags/example_branch_python_dop_operator_3.py
[2024-01-13T12:13:23.920+0000] {logging_mixin.py:188} INFO - [2024-01-13T12:13:23.920+0000] {dag.py:3033} INFO - Sync 1 DAGs
[2024-01-13T12:13:24.076+0000] {logging_mixin.py:188} INFO - [2024-01-13T12:13:24.076+0000] {dag.py:3820} INFO - Setting next_dagrun for example_branch_dop_operator_v3 to 2024-01-13T12:12:00+00:00, run_after=2024-01-13T12:13:00+00:00
[2024-01-13T12:13:24.192+0000] {processor.py:183} INFO - Processing /home/airflow/.local/lib/python3.8/site-packages/airflow/example_dags/example_branch_python_dop_operator_3.py took 0.475 seconds
[2024-01-13T12:13:54.552+0000] {processor.py:161} INFO - Started process (PID=798) to work on /home/airflow/.local/lib/python3.8/site-packages/airflow/example_dags/example_branch_python_dop_operator_3.py
[2024-01-13T12:13:54.553+0000] {processor.py:830} INFO - Processing file /home/airflow/.local/lib/python3.8/site-packages/airflow/example_dags/example_branch_python_dop_operator_3.py for tasks to queue
[2024-01-13T12:13:54.556+0000] {logging_mixin.py:188} INFO - [2024-01-13T12:13:54.556+0000] {dagbag.py:538} INFO - Filling up the DagBag from /home/airflow/.local/lib/python3.8/site-packages/airflow/example_dags/example_branch_python_dop_operator_3.py
[2024-01-13T12:13:54.570+0000] {processor.py:840} INFO - DAG(s) 'example_branch_dop_operator_v3' retrieved from /home/airflow/.local/lib/python3.8/site-packages/airflow/example_dags/example_branch_python_dop_operator_3.py
[2024-01-13T12:13:54.598+0000] {logging_mixin.py:188} INFO - [2024-01-13T12:13:54.598+0000] {dag.py:3033} INFO - Sync 1 DAGs
[2024-01-13T12:13:54.630+0000] {logging_mixin.py:188} INFO - [2024-01-13T12:13:54.630+0000] {dag.py:3820} INFO - Setting next_dagrun for example_branch_dop_operator_v3 to 2024-01-13T12:12:00+00:00, run_after=2024-01-13T12:13:00+00:00
[2024-01-13T12:13:54.653+0000] {processor.py:183} INFO - Processing /home/airflow/.local/lib/python3.8/site-packages/airflow/example_dags/example_branch_python_dop_operator_3.py took 0.107 seconds
[2024-01-13T12:14:25.007+0000] {processor.py:161} INFO - Started process (PID=856) to work on /home/airflow/.local/lib/python3.8/site-packages/airflow/example_dags/example_branch_python_dop_operator_3.py
[2024-01-13T12:14:25.009+0000] {processor.py:830} INFO - Processing file /home/airflow/.local/lib/python3.8/site-packages/airflow/example_dags/example_branch_python_dop_operator_3.py for tasks to queue
[2024-01-13T12:14:25.012+0000] {logging_mixin.py:188} INFO - [2024-01-13T12:14:25.012+0000] {dagbag.py:538} INFO - Filling up the DagBag from /home/airflow/.local/lib/python3.8/site-packages/airflow/example_dags/example_branch_python_dop_operator_3.py
[2024-01-13T12:14:25.025+0000] {processor.py:840} INFO - DAG(s) 'example_branch_dop_operator_v3' retrieved from /home/airflow/.local/lib/python3.8/site-packages/airflow/example_dags/example_branch_python_dop_operator_3.py
[2024-01-13T12:14:25.061+0000] {logging_mixin.py:188} INFO - [2024-01-13T12:14:25.061+0000] {dag.py:3033} INFO - Sync 1 DAGs
[2024-01-13T12:14:25.107+0000] {logging_mixin.py:188} INFO - [2024-01-13T12:14:25.106+0000] {dag.py:3820} INFO - Setting next_dagrun for example_branch_dop_operator_v3 to 2024-01-13T12:13:00+00:00, run_after=2024-01-13T12:14:00+00:00
[2024-01-13T12:14:25.138+0000] {processor.py:183} INFO - Processing /home/airflow/.local/lib/python3.8/site-packages/airflow/example_dags/example_branch_python_dop_operator_3.py took 0.136 seconds
[2024-01-13T12:14:55.278+0000] {processor.py:161} INFO - Started process (PID=914) to work on /home/airflow/.local/lib/python3.8/site-packages/airflow/example_dags/example_branch_python_dop_operator_3.py
[2024-01-13T12:14:55.279+0000] {processor.py:830} INFO - Processing file /home/airflow/.local/lib/python3.8/site-packages/airflow/example_dags/example_branch_python_dop_operator_3.py for tasks to queue
[2024-01-13T12:14:55.282+0000] {logging_mixin.py:188} INFO - [2024-01-13T12:14:55.282+0000] {dagbag.py:538} INFO - Filling up the DagBag from /home/airflow/.local/lib/python3.8/site-packages/airflow/example_dags/example_branch_python_dop_operator_3.py
[2024-01-13T12:14:55.294+0000] {processor.py:840} INFO - DAG(s) 'example_branch_dop_operator_v3' retrieved from /home/airflow/.local/lib/python3.8/site-packages/airflow/example_dags/example_branch_python_dop_operator_3.py
[2024-01-13T12:14:55.325+0000] {logging_mixin.py:188} INFO - [2024-01-13T12:14:55.324+0000] {dag.py:3033} INFO - Sync 1 DAGs
[2024-01-13T12:14:55.360+0000] {logging_mixin.py:188} INFO - [2024-01-13T12:14:55.360+0000] {dag.py:3820} INFO - Setting next_dagrun for example_branch_dop_operator_v3 to 2024-01-13T12:13:00+00:00, run_after=2024-01-13T12:14:00+00:00
[2024-01-13T12:14:55.384+0000] {processor.py:183} INFO - Processing /home/airflow/.local/lib/python3.8/site-packages/airflow/example_dags/example_branch_python_dop_operator_3.py took 0.112 seconds
[2024-01-13T12:15:25.696+0000] {processor.py:161} INFO - Started process (PID=973) to work on /home/airflow/.local/lib/python3.8/site-packages/airflow/example_dags/example_branch_python_dop_operator_3.py
[2024-01-13T12:15:25.711+0000] {processor.py:830} INFO - Processing file /home/airflow/.local/lib/python3.8/site-packages/airflow/example_dags/example_branch_python_dop_operator_3.py for tasks to queue
[2024-01-13T12:15:25.715+0000] {logging_mixin.py:188} INFO - [2024-01-13T12:15:25.715+0000] {dagbag.py:538} INFO - Filling up the DagBag from /home/airflow/.local/lib/python3.8/site-packages/airflow/example_dags/example_branch_python_dop_operator_3.py
[2024-01-13T12:15:25.730+0000] {processor.py:840} INFO - DAG(s) 'example_branch_dop_operator_v3' retrieved from /home/airflow/.local/lib/python3.8/site-packages/airflow/example_dags/example_branch_python_dop_operator_3.py
[2024-01-13T12:15:25.757+0000] {logging_mixin.py:188} INFO - [2024-01-13T12:15:25.756+0000] {dag.py:3033} INFO - Sync 1 DAGs
[2024-01-13T12:15:25.797+0000] {logging_mixin.py:188} INFO - [2024-01-13T12:15:25.796+0000] {dag.py:3820} INFO - Setting next_dagrun for example_branch_dop_operator_v3 to 2024-01-13T12:14:00+00:00, run_after=2024-01-13T12:15:00+00:00
[2024-01-13T12:15:25.821+0000] {processor.py:183} INFO - Processing /home/airflow/.local/lib/python3.8/site-packages/airflow/example_dags/example_branch_python_dop_operator_3.py took 0.131 seconds
[2024-01-13T12:15:55.970+0000] {processor.py:161} INFO - Started process (PID=1032) to work on /home/airflow/.local/lib/python3.8/site-packages/airflow/example_dags/example_branch_python_dop_operator_3.py
[2024-01-13T12:15:55.972+0000] {processor.py:830} INFO - Processing file /home/airflow/.local/lib/python3.8/site-packages/airflow/example_dags/example_branch_python_dop_operator_3.py for tasks to queue
[2024-01-13T12:15:55.977+0000] {logging_mixin.py:188} INFO - [2024-01-13T12:15:55.976+0000] {dagbag.py:538} INFO - Filling up the DagBag from /home/airflow/.local/lib/python3.8/site-packages/airflow/example_dags/example_branch_python_dop_operator_3.py
[2024-01-13T12:15:55.992+0000] {processor.py:840} INFO - DAG(s) 'example_branch_dop_operator_v3' retrieved from /home/airflow/.local/lib/python3.8/site-packages/airflow/example_dags/example_branch_python_dop_operator_3.py
[2024-01-13T12:15:56.024+0000] {logging_mixin.py:188} INFO - [2024-01-13T12:15:56.023+0000] {dag.py:3033} INFO - Sync 1 DAGs
[2024-01-13T12:15:56.057+0000] {logging_mixin.py:188} INFO - [2024-01-13T12:15:56.057+0000] {dag.py:3820} INFO - Setting next_dagrun for example_branch_dop_operator_v3 to 2024-01-13T12:14:00+00:00, run_after=2024-01-13T12:15:00+00:00
[2024-01-13T12:15:56.082+0000] {processor.py:183} INFO - Processing /home/airflow/.local/lib/python3.8/site-packages/airflow/example_dags/example_branch_python_dop_operator_3.py took 0.117 seconds
[2024-01-13T12:16:26.361+0000] {processor.py:161} INFO - Started process (PID=1091) to work on /home/airflow/.local/lib/python3.8/site-packages/airflow/example_dags/example_branch_python_dop_operator_3.py
[2024-01-13T12:16:26.392+0000] {processor.py:830} INFO - Processing file /home/airflow/.local/lib/python3.8/site-packages/airflow/example_dags/example_branch_python_dop_operator_3.py for tasks to queue
[2024-01-13T12:16:26.398+0000] {logging_mixin.py:188} INFO - [2024-01-13T12:16:26.397+0000] {dagbag.py:538} INFO - Filling up the DagBag from /home/airflow/.local/lib/python3.8/site-packages/airflow/example_dags/example_branch_python_dop_operator_3.py
[2024-01-13T12:16:26.410+0000] {processor.py:840} INFO - DAG(s) 'example_branch_dop_operator_v3' retrieved from /home/airflow/.local/lib/python3.8/site-packages/airflow/example_dags/example_branch_python_dop_operator_3.py
[2024-01-13T12:16:26.436+0000] {logging_mixin.py:188} INFO - [2024-01-13T12:16:26.436+0000] {dag.py:3033} INFO - Sync 1 DAGs
[2024-01-13T12:16:26.469+0000] {logging_mixin.py:188} INFO - [2024-01-13T12:16:26.468+0000] {dag.py:3820} INFO - Setting next_dagrun for example_branch_dop_operator_v3 to 2024-01-13T12:15:00+00:00, run_after=2024-01-13T12:16:00+00:00
[2024-01-13T12:16:26.493+0000] {processor.py:183} INFO - Processing /home/airflow/.local/lib/python3.8/site-packages/airflow/example_dags/example_branch_python_dop_operator_3.py took 0.137 seconds
[2024-01-13T12:16:56.577+0000] {processor.py:161} INFO - Started process (PID=1150) to work on /home/airflow/.local/lib/python3.8/site-packages/airflow/example_dags/example_branch_python_dop_operator_3.py
[2024-01-13T12:16:56.578+0000] {processor.py:830} INFO - Processing file /home/airflow/.local/lib/python3.8/site-packages/airflow/example_dags/example_branch_python_dop_operator_3.py for tasks to queue
[2024-01-13T12:16:56.581+0000] {logging_mixin.py:188} INFO - [2024-01-13T12:16:56.581+0000] {dagbag.py:538} INFO - Filling up the DagBag from /home/airflow/.local/lib/python3.8/site-packages/airflow/example_dags/example_branch_python_dop_operator_3.py
[2024-01-13T12:16:56.593+0000] {processor.py:840} INFO - DAG(s) 'example_branch_dop_operator_v3' retrieved from /home/airflow/.local/lib/python3.8/site-packages/airflow/example_dags/example_branch_python_dop_operator_3.py
[2024-01-13T12:16:56.621+0000] {logging_mixin.py:188} INFO - [2024-01-13T12:16:56.620+0000] {dag.py:3033} INFO - Sync 1 DAGs
[2024-01-13T12:16:56.658+0000] {logging_mixin.py:188} INFO - [2024-01-13T12:16:56.658+0000] {dag.py:3820} INFO - Setting next_dagrun for example_branch_dop_operator_v3 to 2024-01-13T12:15:00+00:00, run_after=2024-01-13T12:16:00+00:00
[2024-01-13T12:16:56.681+0000] {processor.py:183} INFO - Processing /home/airflow/.local/lib/python3.8/site-packages/airflow/example_dags/example_branch_python_dop_operator_3.py took 0.109 seconds
[2024-01-13T12:17:26.852+0000] {processor.py:161} INFO - Started process (PID=1209) to work on /home/airflow/.local/lib/python3.8/site-packages/airflow/example_dags/example_branch_python_dop_operator_3.py
[2024-01-13T12:17:26.855+0000] {processor.py:830} INFO - Processing file /home/airflow/.local/lib/python3.8/site-packages/airflow/example_dags/example_branch_python_dop_operator_3.py for tasks to queue
[2024-01-13T12:17:26.859+0000] {logging_mixin.py:188} INFO - [2024-01-13T12:17:26.858+0000] {dagbag.py:538} INFO - Filling up the DagBag from /home/airflow/.local/lib/python3.8/site-packages/airflow/example_dags/example_branch_python_dop_operator_3.py
[2024-01-13T12:17:26.871+0000] {processor.py:840} INFO - DAG(s) 'example_branch_dop_operator_v3' retrieved from /home/airflow/.local/lib/python3.8/site-packages/airflow/example_dags/example_branch_python_dop_operator_3.py
[2024-01-13T12:17:26.898+0000] {logging_mixin.py:188} INFO - [2024-01-13T12:17:26.898+0000] {dag.py:3033} INFO - Sync 1 DAGs
[2024-01-13T12:17:26.930+0000] {logging_mixin.py:188} INFO - [2024-01-13T12:17:26.930+0000] {dag.py:3820} INFO - Setting next_dagrun for example_branch_dop_operator_v3 to 2024-01-13T12:16:00+00:00, run_after=2024-01-13T12:17:00+00:00
[2024-01-13T12:17:26.955+0000] {processor.py:183} INFO - Processing /home/airflow/.local/lib/python3.8/site-packages/airflow/example_dags/example_branch_python_dop_operator_3.py took 0.107 seconds
[2024-01-13T12:17:57.055+0000] {processor.py:161} INFO - Started process (PID=1268) to work on /home/airflow/.local/lib/python3.8/site-packages/airflow/example_dags/example_branch_python_dop_operator_3.py
[2024-01-13T12:17:57.056+0000] {processor.py:830} INFO - Processing file /home/airflow/.local/lib/python3.8/site-packages/airflow/example_dags/example_branch_python_dop_operator_3.py for tasks to queue
[2024-01-13T12:17:57.060+0000] {logging_mixin.py:188} INFO - [2024-01-13T12:17:57.060+0000] {dagbag.py:538} INFO - Filling up the DagBag from /home/airflow/.local/lib/python3.8/site-packages/airflow/example_dags/example_branch_python_dop_operator_3.py
[2024-01-13T12:17:57.072+0000] {processor.py:840} INFO - DAG(s) 'example_branch_dop_operator_v3' retrieved from /home/airflow/.local/lib/python3.8/site-packages/airflow/example_dags/example_branch_python_dop_operator_3.py
[2024-01-13T12:17:57.099+0000] {logging_mixin.py:188} INFO - [2024-01-13T12:17:57.099+0000] {dag.py:3033} INFO - Sync 1 DAGs
[2024-01-13T12:17:57.135+0000] {logging_mixin.py:188} INFO - [2024-01-13T12:17:57.135+0000] {dag.py:3820} INFO - Setting next_dagrun for example_branch_dop_operator_v3 to 2024-01-13T12:16:00+00:00, run_after=2024-01-13T12:17:00+00:00
[2024-01-13T12:17:57.159+0000] {processor.py:183} INFO - Processing /home/airflow/.local/lib/python3.8/site-packages/airflow/example_dags/example_branch_python_dop_operator_3.py took 0.110 seconds
[2024-01-13T12:18:27.292+0000] {processor.py:161} INFO - Started process (PID=1327) to work on /home/airflow/.local/lib/python3.8/site-packages/airflow/example_dags/example_branch_python_dop_operator_3.py
[2024-01-13T12:18:27.316+0000] {processor.py:830} INFO - Processing file /home/airflow/.local/lib/python3.8/site-packages/airflow/example_dags/example_branch_python_dop_operator_3.py for tasks to queue
[2024-01-13T12:18:27.320+0000] {logging_mixin.py:188} INFO - [2024-01-13T12:18:27.320+0000] {dagbag.py:538} INFO - Filling up the DagBag from /home/airflow/.local/lib/python3.8/site-packages/airflow/example_dags/example_branch_python_dop_operator_3.py
[2024-01-13T12:18:27.332+0000] {processor.py:840} INFO - DAG(s) 'example_branch_dop_operator_v3' retrieved from /home/airflow/.local/lib/python3.8/site-packages/airflow/example_dags/example_branch_python_dop_operator_3.py
[2024-01-13T12:18:27.369+0000] {logging_mixin.py:188} INFO - [2024-01-13T12:18:27.368+0000] {dag.py:3033} INFO - Sync 1 DAGs
[2024-01-13T12:18:27.407+0000] {logging_mixin.py:188} INFO - [2024-01-13T12:18:27.407+0000] {dag.py:3820} INFO - Setting next_dagrun for example_branch_dop_operator_v3 to 2024-01-13T12:17:00+00:00, run_after=2024-01-13T12:18:00+00:00
[2024-01-13T12:18:27.433+0000] {processor.py:183} INFO - Processing /home/airflow/.local/lib/python3.8/site-packages/airflow/example_dags/example_branch_python_dop_operator_3.py took 0.146 seconds
[2024-01-13T12:18:57.590+0000] {processor.py:161} INFO - Started process (PID=1398) to work on /home/airflow/.local/lib/python3.8/site-packages/airflow/example_dags/example_branch_python_dop_operator_3.py
[2024-01-13T12:18:57.591+0000] {processor.py:830} INFO - Processing file /home/airflow/.local/lib/python3.8/site-packages/airflow/example_dags/example_branch_python_dop_operator_3.py for tasks to queue
[2024-01-13T12:18:57.595+0000] {logging_mixin.py:188} INFO - [2024-01-13T12:18:57.594+0000] {dagbag.py:538} INFO - Filling up the DagBag from /home/airflow/.local/lib/python3.8/site-packages/airflow/example_dags/example_branch_python_dop_operator_3.py
[2024-01-13T12:18:57.607+0000] {processor.py:840} INFO - DAG(s) 'example_branch_dop_operator_v3' retrieved from /home/airflow/.local/lib/python3.8/site-packages/airflow/example_dags/example_branch_python_dop_operator_3.py
[2024-01-13T12:18:57.636+0000] {logging_mixin.py:188} INFO - [2024-01-13T12:18:57.636+0000] {dag.py:3033} INFO - Sync 1 DAGs
[2024-01-13T12:18:57.675+0000] {logging_mixin.py:188} INFO - [2024-01-13T12:18:57.674+0000] {dag.py:3820} INFO - Setting next_dagrun for example_branch_dop_operator_v3 to 2024-01-13T12:17:00+00:00, run_after=2024-01-13T12:18:00+00:00
[2024-01-13T12:18:57.699+0000] {processor.py:183} INFO - Processing /home/airflow/.local/lib/python3.8/site-packages/airflow/example_dags/example_branch_python_dop_operator_3.py took 0.115 seconds
[2024-01-13T12:19:27.837+0000] {processor.py:161} INFO - Started process (PID=1457) to work on /home/airflow/.local/lib/python3.8/site-packages/airflow/example_dags/example_branch_python_dop_operator_3.py
[2024-01-13T12:19:27.840+0000] {processor.py:830} INFO - Processing file /home/airflow/.local/lib/python3.8/site-packages/airflow/example_dags/example_branch_python_dop_operator_3.py for tasks to queue
[2024-01-13T12:19:27.845+0000] {logging_mixin.py:188} INFO - [2024-01-13T12:19:27.845+0000] {dagbag.py:538} INFO - Filling up the DagBag from /home/airflow/.local/lib/python3.8/site-packages/airflow/example_dags/example_branch_python_dop_operator_3.py
[2024-01-13T12:19:27.857+0000] {processor.py:840} INFO - DAG(s) 'example_branch_dop_operator_v3' retrieved from /home/airflow/.local/lib/python3.8/site-packages/airflow/example_dags/example_branch_python_dop_operator_3.py
[2024-01-13T12:19:27.887+0000] {logging_mixin.py:188} INFO - [2024-01-13T12:19:27.887+0000] {dag.py:3033} INFO - Sync 1 DAGs
[2024-01-13T12:19:27.923+0000] {logging_mixin.py:188} INFO - [2024-01-13T12:19:27.922+0000] {dag.py:3820} INFO - Setting next_dagrun for example_branch_dop_operator_v3 to 2024-01-13T12:18:00+00:00, run_after=2024-01-13T12:19:00+00:00
[2024-01-13T12:19:27.948+0000] {processor.py:183} INFO - Processing /home/airflow/.local/lib/python3.8/site-packages/airflow/example_dags/example_branch_python_dop_operator_3.py took 0.116 seconds
[2024-01-13T12:19:58.382+0000] {processor.py:161} INFO - Started process (PID=1516) to work on /home/airflow/.local/lib/python3.8/site-packages/airflow/example_dags/example_branch_python_dop_operator_3.py
[2024-01-13T12:19:58.384+0000] {processor.py:830} INFO - Processing file /home/airflow/.local/lib/python3.8/site-packages/airflow/example_dags/example_branch_python_dop_operator_3.py for tasks to queue
[2024-01-13T12:19:58.388+0000] {logging_mixin.py:188} INFO - [2024-01-13T12:19:58.387+0000] {dagbag.py:538} INFO - Filling up the DagBag from /home/airflow/.local/lib/python3.8/site-packages/airflow/example_dags/example_branch_python_dop_operator_3.py
[2024-01-13T12:19:58.400+0000] {processor.py:840} INFO - DAG(s) 'example_branch_dop_operator_v3' retrieved from /home/airflow/.local/lib/python3.8/site-packages/airflow/example_dags/example_branch_python_dop_operator_3.py
[2024-01-13T12:19:58.428+0000] {logging_mixin.py:188} INFO - [2024-01-13T12:19:58.427+0000] {dag.py:3033} INFO - Sync 1 DAGs
[2024-01-13T12:19:58.462+0000] {logging_mixin.py:188} INFO - [2024-01-13T12:19:58.462+0000] {dag.py:3820} INFO - Setting next_dagrun for example_branch_dop_operator_v3 to 2024-01-13T12:18:00+00:00, run_after=2024-01-13T12:19:00+00:00
[2024-01-13T12:19:58.490+0000] {processor.py:183} INFO - Processing /home/airflow/.local/lib/python3.8/site-packages/airflow/example_dags/example_branch_python_dop_operator_3.py took 0.113 seconds
[2024-01-13T12:20:28.839+0000] {processor.py:161} INFO - Started process (PID=1576) to work on /home/airflow/.local/lib/python3.8/site-packages/airflow/example_dags/example_branch_python_dop_operator_3.py
[2024-01-13T12:20:28.890+0000] {processor.py:830} INFO - Processing file /home/airflow/.local/lib/python3.8/site-packages/airflow/example_dags/example_branch_python_dop_operator_3.py for tasks to queue
[2024-01-13T12:20:28.895+0000] {logging_mixin.py:188} INFO - [2024-01-13T12:20:28.894+0000] {dagbag.py:538} INFO - Filling up the DagBag from /home/airflow/.local/lib/python3.8/site-packages/airflow/example_dags/example_branch_python_dop_operator_3.py
[2024-01-13T12:20:28.907+0000] {processor.py:840} INFO - DAG(s) 'example_branch_dop_operator_v3' retrieved from /home/airflow/.local/lib/python3.8/site-packages/airflow/example_dags/example_branch_python_dop_operator_3.py
[2024-01-13T12:20:28.938+0000] {logging_mixin.py:188} INFO - [2024-01-13T12:20:28.938+0000] {dag.py:3033} INFO - Sync 1 DAGs
[2024-01-13T12:20:28.973+0000] {logging_mixin.py:188} INFO - [2024-01-13T12:20:28.973+0000] {dag.py:3820} INFO - Setting next_dagrun for example_branch_dop_operator_v3 to 2024-01-13T12:19:00+00:00, run_after=2024-01-13T12:20:00+00:00
[2024-01-13T12:20:28.998+0000] {processor.py:183} INFO - Processing /home/airflow/.local/lib/python3.8/site-packages/airflow/example_dags/example_branch_python_dop_operator_3.py took 0.164 seconds
[2024-01-13T12:20:59.129+0000] {processor.py:161} INFO - Started process (PID=1639) to work on /home/airflow/.local/lib/python3.8/site-packages/airflow/example_dags/example_branch_python_dop_operator_3.py
[2024-01-13T12:20:59.131+0000] {processor.py:830} INFO - Processing file /home/airflow/.local/lib/python3.8/site-packages/airflow/example_dags/example_branch_python_dop_operator_3.py for tasks to queue
[2024-01-13T12:20:59.135+0000] {logging_mixin.py:188} INFO - [2024-01-13T12:20:59.134+0000] {dagbag.py:538} INFO - Filling up the DagBag from /home/airflow/.local/lib/python3.8/site-packages/airflow/example_dags/example_branch_python_dop_operator_3.py
[2024-01-13T12:20:59.147+0000] {processor.py:840} INFO - DAG(s) 'example_branch_dop_operator_v3' retrieved from /home/airflow/.local/lib/python3.8/site-packages/airflow/example_dags/example_branch_python_dop_operator_3.py
[2024-01-13T12:20:59.173+0000] {logging_mixin.py:188} INFO - [2024-01-13T12:20:59.173+0000] {dag.py:3033} INFO - Sync 1 DAGs
[2024-01-13T12:20:59.207+0000] {logging_mixin.py:188} INFO - [2024-01-13T12:20:59.207+0000] {dag.py:3820} INFO - Setting next_dagrun for example_branch_dop_operator_v3 to 2024-01-13T12:19:00+00:00, run_after=2024-01-13T12:20:00+00:00
[2024-01-13T12:20:59.232+0000] {processor.py:183} INFO - Processing /home/airflow/.local/lib/python3.8/site-packages/airflow/example_dags/example_branch_python_dop_operator_3.py took 0.107 seconds
[2024-01-13T12:21:29.461+0000] {processor.py:161} INFO - Started process (PID=1706) to work on /home/airflow/.local/lib/python3.8/site-packages/airflow/example_dags/example_branch_python_dop_operator_3.py
[2024-01-13T12:21:29.467+0000] {processor.py:830} INFO - Processing file /home/airflow/.local/lib/python3.8/site-packages/airflow/example_dags/example_branch_python_dop_operator_3.py for tasks to queue
[2024-01-13T12:21:29.472+0000] {logging_mixin.py:188} INFO - [2024-01-13T12:21:29.471+0000] {dagbag.py:538} INFO - Filling up the DagBag from /home/airflow/.local/lib/python3.8/site-packages/airflow/example_dags/example_branch_python_dop_operator_3.py
[2024-01-13T12:21:29.490+0000] {processor.py:840} INFO - DAG(s) 'example_branch_dop_operator_v3' retrieved from /home/airflow/.local/lib/python3.8/site-packages/airflow/example_dags/example_branch_python_dop_operator_3.py
[2024-01-13T12:21:29.530+0000] {logging_mixin.py:188} INFO - [2024-01-13T12:21:29.530+0000] {dag.py:3033} INFO - Sync 1 DAGs
[2024-01-13T12:21:29.582+0000] {logging_mixin.py:188} INFO - [2024-01-13T12:21:29.582+0000] {dag.py:3820} INFO - Setting next_dagrun for example_branch_dop_operator_v3 to 2024-01-13T12:20:00+00:00, run_after=2024-01-13T12:21:00+00:00
[2024-01-13T12:21:29.625+0000] {processor.py:183} INFO - Processing /home/airflow/.local/lib/python3.8/site-packages/airflow/example_dags/example_branch_python_dop_operator_3.py took 0.171 seconds
[2024-01-13T12:21:59.763+0000] {processor.py:161} INFO - Started process (PID=1777) to work on /home/airflow/.local/lib/python3.8/site-packages/airflow/example_dags/example_branch_python_dop_operator_3.py
[2024-01-13T12:21:59.764+0000] {processor.py:830} INFO - Processing file /home/airflow/.local/lib/python3.8/site-packages/airflow/example_dags/example_branch_python_dop_operator_3.py for tasks to queue
[2024-01-13T12:21:59.767+0000] {logging_mixin.py:188} INFO - [2024-01-13T12:21:59.767+0000] {dagbag.py:538} INFO - Filling up the DagBag from /home/airflow/.local/lib/python3.8/site-packages/airflow/example_dags/example_branch_python_dop_operator_3.py
[2024-01-13T12:21:59.782+0000] {processor.py:840} INFO - DAG(s) 'example_branch_dop_operator_v3' retrieved from /home/airflow/.local/lib/python3.8/site-packages/airflow/example_dags/example_branch_python_dop_operator_3.py
[2024-01-13T12:21:59.812+0000] {logging_mixin.py:188} INFO - [2024-01-13T12:21:59.812+0000] {dag.py:3033} INFO - Sync 1 DAGs
[2024-01-13T12:21:59.848+0000] {logging_mixin.py:188} INFO - [2024-01-13T12:21:59.848+0000] {dag.py:3820} INFO - Setting next_dagrun for example_branch_dop_operator_v3 to 2024-01-13T12:20:00+00:00, run_after=2024-01-13T12:21:00+00:00
[2024-01-13T12:21:59.874+0000] {processor.py:183} INFO - Processing /home/airflow/.local/lib/python3.8/site-packages/airflow/example_dags/example_branch_python_dop_operator_3.py took 0.117 seconds
[2024-01-13T12:22:30.543+0000] {processor.py:161} INFO - Started process (PID=1860) to work on /home/airflow/.local/lib/python3.8/site-packages/airflow/example_dags/example_branch_python_dop_operator_3.py
[2024-01-13T12:22:30.547+0000] {processor.py:830} INFO - Processing file /home/airflow/.local/lib/python3.8/site-packages/airflow/example_dags/example_branch_python_dop_operator_3.py for tasks to queue
[2024-01-13T12:22:30.553+0000] {logging_mixin.py:188} INFO - [2024-01-13T12:22:30.552+0000] {dagbag.py:538} INFO - Filling up the DagBag from /home/airflow/.local/lib/python3.8/site-packages/airflow/example_dags/example_branch_python_dop_operator_3.py
[2024-01-13T12:22:30.581+0000] {processor.py:840} INFO - DAG(s) 'example_branch_dop_operator_v3' retrieved from /home/airflow/.local/lib/python3.8/site-packages/airflow/example_dags/example_branch_python_dop_operator_3.py
[2024-01-13T12:22:30.636+0000] {logging_mixin.py:188} INFO - [2024-01-13T12:22:30.635+0000] {dag.py:3033} INFO - Sync 1 DAGs
[2024-01-13T12:22:30.702+0000] {logging_mixin.py:188} INFO - [2024-01-13T12:22:30.702+0000] {dag.py:3820} INFO - Setting next_dagrun for example_branch_dop_operator_v3 to 2024-01-13T12:21:00+00:00, run_after=2024-01-13T12:22:00+00:00
[2024-01-13T12:22:30.740+0000] {processor.py:183} INFO - Processing /home/airflow/.local/lib/python3.8/site-packages/airflow/example_dags/example_branch_python_dop_operator_3.py took 0.215 seconds
[2024-01-13T12:23:00.916+0000] {processor.py:161} INFO - Started process (PID=1933) to work on /home/airflow/.local/lib/python3.8/site-packages/airflow/example_dags/example_branch_python_dop_operator_3.py
[2024-01-13T12:23:00.918+0000] {processor.py:830} INFO - Processing file /home/airflow/.local/lib/python3.8/site-packages/airflow/example_dags/example_branch_python_dop_operator_3.py for tasks to queue
[2024-01-13T12:23:00.922+0000] {logging_mixin.py:188} INFO - [2024-01-13T12:23:00.921+0000] {dagbag.py:538} INFO - Filling up the DagBag from /home/airflow/.local/lib/python3.8/site-packages/airflow/example_dags/example_branch_python_dop_operator_3.py
[2024-01-13T12:23:00.940+0000] {processor.py:840} INFO - DAG(s) 'example_branch_dop_operator_v3' retrieved from /home/airflow/.local/lib/python3.8/site-packages/airflow/example_dags/example_branch_python_dop_operator_3.py
[2024-01-13T12:23:00.983+0000] {logging_mixin.py:188} INFO - [2024-01-13T12:23:00.983+0000] {dag.py:3033} INFO - Sync 1 DAGs
[2024-01-13T12:23:01.040+0000] {logging_mixin.py:188} INFO - [2024-01-13T12:23:01.040+0000] {dag.py:3820} INFO - Setting next_dagrun for example_branch_dop_operator_v3 to 2024-01-13T12:22:00+00:00, run_after=2024-01-13T12:23:00+00:00
[2024-01-13T12:23:01.075+0000] {processor.py:183} INFO - Processing /home/airflow/.local/lib/python3.8/site-packages/airflow/example_dags/example_branch_python_dop_operator_3.py took 0.166 seconds
[2024-01-13T12:23:31.269+0000] {processor.py:161} INFO - Started process (PID=1992) to work on /home/airflow/.local/lib/python3.8/site-packages/airflow/example_dags/example_branch_python_dop_operator_3.py
[2024-01-13T12:23:31.271+0000] {processor.py:830} INFO - Processing file /home/airflow/.local/lib/python3.8/site-packages/airflow/example_dags/example_branch_python_dop_operator_3.py for tasks to queue
[2024-01-13T12:23:31.274+0000] {logging_mixin.py:188} INFO - [2024-01-13T12:23:31.274+0000] {dagbag.py:538} INFO - Filling up the DagBag from /home/airflow/.local/lib/python3.8/site-packages/airflow/example_dags/example_branch_python_dop_operator_3.py
[2024-01-13T12:23:31.287+0000] {processor.py:840} INFO - DAG(s) 'example_branch_dop_operator_v3' retrieved from /home/airflow/.local/lib/python3.8/site-packages/airflow/example_dags/example_branch_python_dop_operator_3.py
[2024-01-13T12:23:31.316+0000] {logging_mixin.py:188} INFO - [2024-01-13T12:23:31.315+0000] {dag.py:3033} INFO - Sync 1 DAGs
[2024-01-13T12:23:31.355+0000] {logging_mixin.py:188} INFO - [2024-01-13T12:23:31.355+0000] {dag.py:3820} INFO - Setting next_dagrun for example_branch_dop_operator_v3 to 2024-01-13T12:22:00+00:00, run_after=2024-01-13T12:23:00+00:00
[2024-01-13T12:23:31.382+0000] {processor.py:183} INFO - Processing /home/airflow/.local/lib/python3.8/site-packages/airflow/example_dags/example_branch_python_dop_operator_3.py took 0.119 seconds
[2024-01-13T12:24:01.428+0000] {processor.py:161} INFO - Started process (PID=2049) to work on /home/airflow/.local/lib/python3.8/site-packages/airflow/example_dags/example_branch_python_dop_operator_3.py
[2024-01-13T12:24:01.429+0000] {processor.py:830} INFO - Processing file /home/airflow/.local/lib/python3.8/site-packages/airflow/example_dags/example_branch_python_dop_operator_3.py for tasks to queue
[2024-01-13T12:24:01.434+0000] {logging_mixin.py:188} INFO - [2024-01-13T12:24:01.434+0000] {dagbag.py:538} INFO - Filling up the DagBag from /home/airflow/.local/lib/python3.8/site-packages/airflow/example_dags/example_branch_python_dop_operator_3.py
[2024-01-13T12:24:01.450+0000] {processor.py:840} INFO - DAG(s) 'example_branch_dop_operator_v3' retrieved from /home/airflow/.local/lib/python3.8/site-packages/airflow/example_dags/example_branch_python_dop_operator_3.py
[2024-01-13T12:24:01.480+0000] {logging_mixin.py:188} INFO - [2024-01-13T12:24:01.479+0000] {dag.py:3033} INFO - Sync 1 DAGs
[2024-01-13T12:24:01.523+0000] {logging_mixin.py:188} INFO - [2024-01-13T12:24:01.522+0000] {dag.py:3820} INFO - Setting next_dagrun for example_branch_dop_operator_v3 to 2024-01-13T12:23:00+00:00, run_after=2024-01-13T12:24:00+00:00
[2024-01-13T12:24:01.557+0000] {processor.py:183} INFO - Processing /home/airflow/.local/lib/python3.8/site-packages/airflow/example_dags/example_branch_python_dop_operator_3.py took 0.136 seconds
[2024-01-13T12:24:31.863+0000] {processor.py:161} INFO - Started process (PID=2108) to work on /home/airflow/.local/lib/python3.8/site-packages/airflow/example_dags/example_branch_python_dop_operator_3.py
[2024-01-13T12:24:31.865+0000] {processor.py:830} INFO - Processing file /home/airflow/.local/lib/python3.8/site-packages/airflow/example_dags/example_branch_python_dop_operator_3.py for tasks to queue
[2024-01-13T12:24:31.869+0000] {logging_mixin.py:188} INFO - [2024-01-13T12:24:31.869+0000] {dagbag.py:538} INFO - Filling up the DagBag from /home/airflow/.local/lib/python3.8/site-packages/airflow/example_dags/example_branch_python_dop_operator_3.py
[2024-01-13T12:24:31.881+0000] {processor.py:840} INFO - DAG(s) 'example_branch_dop_operator_v3' retrieved from /home/airflow/.local/lib/python3.8/site-packages/airflow/example_dags/example_branch_python_dop_operator_3.py
[2024-01-13T12:24:31.909+0000] {logging_mixin.py:188} INFO - [2024-01-13T12:24:31.909+0000] {dag.py:3033} INFO - Sync 1 DAGs
[2024-01-13T12:24:31.945+0000] {logging_mixin.py:188} INFO - [2024-01-13T12:24:31.945+0000] {dag.py:3820} INFO - Setting next_dagrun for example_branch_dop_operator_v3 to 2024-01-13T12:23:00+00:00, run_after=2024-01-13T12:24:00+00:00
[2024-01-13T12:24:31.969+0000] {processor.py:183} INFO - Processing /home/airflow/.local/lib/python3.8/site-packages/airflow/example_dags/example_branch_python_dop_operator_3.py took 0.111 seconds
