[2024-01-13T11:57:47.889+0000] {processor.py:161} INFO - Started process (PID=70) to work on /home/airflow/.local/lib/python3.8/site-packages/airflow/example_dags/example_setup_teardown.py
[2024-01-13T11:57:47.891+0000] {processor.py:830} INFO - Processing file /home/airflow/.local/lib/python3.8/site-packages/airflow/example_dags/example_setup_teardown.py for tasks to queue
[2024-01-13T11:57:47.896+0000] {logging_mixin.py:188} INFO - [2024-01-13T11:57:47.896+0000] {dagbag.py:538} INFO - Filling up the DagBag from /home/airflow/.local/lib/python3.8/site-packages/airflow/example_dags/example_setup_teardown.py
[2024-01-13T11:57:47.909+0000] {processor.py:840} INFO - DAG(s) 'example_setup_teardown' retrieved from /home/airflow/.local/lib/python3.8/site-packages/airflow/example_dags/example_setup_teardown.py
[2024-01-13T11:57:48.121+0000] {logging_mixin.py:188} INFO - [2024-01-13T11:57:48.120+0000] {override.py:1769} INFO - Created Permission View: can edit on DAG:example_setup_teardown
[2024-01-13T11:57:48.136+0000] {logging_mixin.py:188} INFO - [2024-01-13T11:57:48.136+0000] {override.py:1769} INFO - Created Permission View: can read on DAG:example_setup_teardown
[2024-01-13T11:57:48.146+0000] {logging_mixin.py:188} INFO - [2024-01-13T11:57:48.146+0000] {override.py:1769} INFO - Created Permission View: can delete on DAG:example_setup_teardown
[2024-01-13T11:57:48.147+0000] {logging_mixin.py:188} INFO - [2024-01-13T11:57:48.146+0000] {dag.py:3033} INFO - Sync 1 DAGs
[2024-01-13T11:57:48.166+0000] {logging_mixin.py:188} INFO - [2024-01-13T11:57:48.166+0000] {dag.py:3055} INFO - Creating ORM DAG for example_setup_teardown
[2024-01-13T11:57:48.183+0000] {logging_mixin.py:188} INFO - [2024-01-13T11:57:48.182+0000] {dag.py:3820} INFO - Setting next_dagrun for example_setup_teardown to 2024-01-12T00:00:00+00:00, run_after=2024-01-13T00:00:00+00:00
[2024-01-13T11:57:48.212+0000] {processor.py:183} INFO - Processing /home/airflow/.local/lib/python3.8/site-packages/airflow/example_dags/example_setup_teardown.py took 0.329 seconds
[2024-01-13T11:58:18.268+0000] {processor.py:161} INFO - Started process (PID=129) to work on /home/airflow/.local/lib/python3.8/site-packages/airflow/example_dags/example_setup_teardown.py
[2024-01-13T11:58:18.269+0000] {processor.py:830} INFO - Processing file /home/airflow/.local/lib/python3.8/site-packages/airflow/example_dags/example_setup_teardown.py for tasks to queue
[2024-01-13T11:58:18.273+0000] {logging_mixin.py:188} INFO - [2024-01-13T11:58:18.272+0000] {dagbag.py:538} INFO - Filling up the DagBag from /home/airflow/.local/lib/python3.8/site-packages/airflow/example_dags/example_setup_teardown.py
[2024-01-13T11:58:18.284+0000] {processor.py:840} INFO - DAG(s) 'example_setup_teardown' retrieved from /home/airflow/.local/lib/python3.8/site-packages/airflow/example_dags/example_setup_teardown.py
[2024-01-13T11:58:18.312+0000] {logging_mixin.py:188} INFO - [2024-01-13T11:58:18.312+0000] {dag.py:3033} INFO - Sync 1 DAGs
[2024-01-13T11:58:18.340+0000] {logging_mixin.py:188} INFO - [2024-01-13T11:58:18.340+0000] {dag.py:3820} INFO - Setting next_dagrun for example_setup_teardown to 2024-01-12T00:00:00+00:00, run_after=2024-01-13T00:00:00+00:00
[2024-01-13T11:58:18.361+0000] {processor.py:183} INFO - Processing /home/airflow/.local/lib/python3.8/site-packages/airflow/example_dags/example_setup_teardown.py took 0.099 seconds
[2024-01-13T11:58:49.253+0000] {processor.py:161} INFO - Started process (PID=188) to work on /home/airflow/.local/lib/python3.8/site-packages/airflow/example_dags/example_setup_teardown.py
[2024-01-13T11:58:49.257+0000] {processor.py:830} INFO - Processing file /home/airflow/.local/lib/python3.8/site-packages/airflow/example_dags/example_setup_teardown.py for tasks to queue
[2024-01-13T11:58:49.268+0000] {logging_mixin.py:188} INFO - [2024-01-13T11:58:49.267+0000] {dagbag.py:538} INFO - Filling up the DagBag from /home/airflow/.local/lib/python3.8/site-packages/airflow/example_dags/example_setup_teardown.py
[2024-01-13T11:58:49.297+0000] {processor.py:840} INFO - DAG(s) 'example_setup_teardown' retrieved from /home/airflow/.local/lib/python3.8/site-packages/airflow/example_dags/example_setup_teardown.py
[2024-01-13T11:58:49.353+0000] {logging_mixin.py:188} INFO - [2024-01-13T11:58:49.352+0000] {dag.py:3033} INFO - Sync 1 DAGs
[2024-01-13T11:58:49.392+0000] {logging_mixin.py:188} INFO - [2024-01-13T11:58:49.392+0000] {dag.py:3820} INFO - Setting next_dagrun for example_setup_teardown to 2024-01-12T00:00:00+00:00, run_after=2024-01-13T00:00:00+00:00
[2024-01-13T11:58:49.424+0000] {processor.py:183} INFO - Processing /home/airflow/.local/lib/python3.8/site-packages/airflow/example_dags/example_setup_teardown.py took 0.177 seconds
[2024-01-13T11:59:19.509+0000] {processor.py:161} INFO - Started process (PID=253) to work on /home/airflow/.local/lib/python3.8/site-packages/airflow/example_dags/example_setup_teardown.py
[2024-01-13T11:59:19.510+0000] {processor.py:830} INFO - Processing file /home/airflow/.local/lib/python3.8/site-packages/airflow/example_dags/example_setup_teardown.py for tasks to queue
[2024-01-13T11:59:19.513+0000] {logging_mixin.py:188} INFO - [2024-01-13T11:59:19.513+0000] {dagbag.py:538} INFO - Filling up the DagBag from /home/airflow/.local/lib/python3.8/site-packages/airflow/example_dags/example_setup_teardown.py
[2024-01-13T11:59:19.522+0000] {processor.py:840} INFO - DAG(s) 'example_setup_teardown' retrieved from /home/airflow/.local/lib/python3.8/site-packages/airflow/example_dags/example_setup_teardown.py
[2024-01-13T11:59:19.551+0000] {logging_mixin.py:188} INFO - [2024-01-13T11:59:19.551+0000] {dag.py:3033} INFO - Sync 1 DAGs
[2024-01-13T11:59:19.579+0000] {logging_mixin.py:188} INFO - [2024-01-13T11:59:19.579+0000] {dag.py:3820} INFO - Setting next_dagrun for example_setup_teardown to 2024-01-12T00:00:00+00:00, run_after=2024-01-13T00:00:00+00:00
[2024-01-13T11:59:19.602+0000] {processor.py:183} INFO - Processing /home/airflow/.local/lib/python3.8/site-packages/airflow/example_dags/example_setup_teardown.py took 0.098 seconds
[2024-01-13T11:59:50.369+0000] {processor.py:161} INFO - Started process (PID=312) to work on /home/airflow/.local/lib/python3.8/site-packages/airflow/example_dags/example_setup_teardown.py
[2024-01-13T11:59:50.371+0000] {processor.py:830} INFO - Processing file /home/airflow/.local/lib/python3.8/site-packages/airflow/example_dags/example_setup_teardown.py for tasks to queue
[2024-01-13T11:59:50.375+0000] {logging_mixin.py:188} INFO - [2024-01-13T11:59:50.375+0000] {dagbag.py:538} INFO - Filling up the DagBag from /home/airflow/.local/lib/python3.8/site-packages/airflow/example_dags/example_setup_teardown.py
[2024-01-13T11:59:50.388+0000] {processor.py:840} INFO - DAG(s) 'example_setup_teardown' retrieved from /home/airflow/.local/lib/python3.8/site-packages/airflow/example_dags/example_setup_teardown.py
[2024-01-13T11:59:50.420+0000] {logging_mixin.py:188} INFO - [2024-01-13T11:59:50.420+0000] {dag.py:3033} INFO - Sync 1 DAGs
[2024-01-13T11:59:50.450+0000] {logging_mixin.py:188} INFO - [2024-01-13T11:59:50.450+0000] {dag.py:3820} INFO - Setting next_dagrun for example_setup_teardown to 2024-01-12T00:00:00+00:00, run_after=2024-01-13T00:00:00+00:00
[2024-01-13T11:59:50.475+0000] {processor.py:183} INFO - Processing /home/airflow/.local/lib/python3.8/site-packages/airflow/example_dags/example_setup_teardown.py took 0.112 seconds
[2024-01-13T12:00:21.080+0000] {processor.py:161} INFO - Started process (PID=371) to work on /home/airflow/.local/lib/python3.8/site-packages/airflow/example_dags/example_setup_teardown.py
[2024-01-13T12:00:21.082+0000] {processor.py:830} INFO - Processing file /home/airflow/.local/lib/python3.8/site-packages/airflow/example_dags/example_setup_teardown.py for tasks to queue
[2024-01-13T12:00:21.086+0000] {logging_mixin.py:188} INFO - [2024-01-13T12:00:21.086+0000] {dagbag.py:538} INFO - Filling up the DagBag from /home/airflow/.local/lib/python3.8/site-packages/airflow/example_dags/example_setup_teardown.py
[2024-01-13T12:00:21.099+0000] {processor.py:840} INFO - DAG(s) 'example_setup_teardown' retrieved from /home/airflow/.local/lib/python3.8/site-packages/airflow/example_dags/example_setup_teardown.py
[2024-01-13T12:00:21.131+0000] {logging_mixin.py:188} INFO - [2024-01-13T12:00:21.130+0000] {dag.py:3033} INFO - Sync 1 DAGs
[2024-01-13T12:00:21.159+0000] {logging_mixin.py:188} INFO - [2024-01-13T12:00:21.159+0000] {dag.py:3820} INFO - Setting next_dagrun for example_setup_teardown to 2024-01-12T00:00:00+00:00, run_after=2024-01-13T00:00:00+00:00
[2024-01-13T12:00:21.183+0000] {processor.py:183} INFO - Processing /home/airflow/.local/lib/python3.8/site-packages/airflow/example_dags/example_setup_teardown.py took 0.109 seconds
[2024-01-13T12:00:51.508+0000] {processor.py:161} INFO - Started process (PID=430) to work on /home/airflow/.local/lib/python3.8/site-packages/airflow/example_dags/example_setup_teardown.py
[2024-01-13T12:00:51.512+0000] {processor.py:830} INFO - Processing file /home/airflow/.local/lib/python3.8/site-packages/airflow/example_dags/example_setup_teardown.py for tasks to queue
[2024-01-13T12:00:51.516+0000] {logging_mixin.py:188} INFO - [2024-01-13T12:00:51.515+0000] {dagbag.py:538} INFO - Filling up the DagBag from /home/airflow/.local/lib/python3.8/site-packages/airflow/example_dags/example_setup_teardown.py
[2024-01-13T12:00:51.525+0000] {processor.py:840} INFO - DAG(s) 'example_setup_teardown' retrieved from /home/airflow/.local/lib/python3.8/site-packages/airflow/example_dags/example_setup_teardown.py
[2024-01-13T12:00:51.556+0000] {logging_mixin.py:188} INFO - [2024-01-13T12:00:51.555+0000] {dag.py:3033} INFO - Sync 1 DAGs
[2024-01-13T12:00:51.584+0000] {logging_mixin.py:188} INFO - [2024-01-13T12:00:51.584+0000] {dag.py:3820} INFO - Setting next_dagrun for example_setup_teardown to 2024-01-12T00:00:00+00:00, run_after=2024-01-13T00:00:00+00:00
[2024-01-13T12:00:51.606+0000] {processor.py:183} INFO - Processing /home/airflow/.local/lib/python3.8/site-packages/airflow/example_dags/example_setup_teardown.py took 0.103 seconds
[2024-01-13T12:01:22.154+0000] {processor.py:161} INFO - Started process (PID=489) to work on /home/airflow/.local/lib/python3.8/site-packages/airflow/example_dags/example_setup_teardown.py
[2024-01-13T12:01:22.155+0000] {processor.py:830} INFO - Processing file /home/airflow/.local/lib/python3.8/site-packages/airflow/example_dags/example_setup_teardown.py for tasks to queue
[2024-01-13T12:01:22.158+0000] {logging_mixin.py:188} INFO - [2024-01-13T12:01:22.158+0000] {dagbag.py:538} INFO - Filling up the DagBag from /home/airflow/.local/lib/python3.8/site-packages/airflow/example_dags/example_setup_teardown.py
[2024-01-13T12:01:22.169+0000] {processor.py:840} INFO - DAG(s) 'example_setup_teardown' retrieved from /home/airflow/.local/lib/python3.8/site-packages/airflow/example_dags/example_setup_teardown.py
[2024-01-13T12:01:22.201+0000] {logging_mixin.py:188} INFO - [2024-01-13T12:01:22.201+0000] {dag.py:3033} INFO - Sync 1 DAGs
[2024-01-13T12:01:22.231+0000] {logging_mixin.py:188} INFO - [2024-01-13T12:01:22.231+0000] {dag.py:3820} INFO - Setting next_dagrun for example_setup_teardown to 2024-01-12T00:00:00+00:00, run_after=2024-01-13T00:00:00+00:00
[2024-01-13T12:01:22.258+0000] {processor.py:183} INFO - Processing /home/airflow/.local/lib/python3.8/site-packages/airflow/example_dags/example_setup_teardown.py took 0.109 seconds
[2024-01-13T12:01:53.177+0000] {processor.py:161} INFO - Started process (PID=547) to work on /home/airflow/.local/lib/python3.8/site-packages/airflow/example_dags/example_setup_teardown.py
[2024-01-13T12:01:53.179+0000] {processor.py:830} INFO - Processing file /home/airflow/.local/lib/python3.8/site-packages/airflow/example_dags/example_setup_teardown.py for tasks to queue
[2024-01-13T12:01:53.182+0000] {logging_mixin.py:188} INFO - [2024-01-13T12:01:53.182+0000] {dagbag.py:538} INFO - Filling up the DagBag from /home/airflow/.local/lib/python3.8/site-packages/airflow/example_dags/example_setup_teardown.py
[2024-01-13T12:01:53.191+0000] {processor.py:840} INFO - DAG(s) 'example_setup_teardown' retrieved from /home/airflow/.local/lib/python3.8/site-packages/airflow/example_dags/example_setup_teardown.py
[2024-01-13T12:01:53.221+0000] {logging_mixin.py:188} INFO - [2024-01-13T12:01:53.220+0000] {dag.py:3033} INFO - Sync 1 DAGs
[2024-01-13T12:01:53.254+0000] {logging_mixin.py:188} INFO - [2024-01-13T12:01:53.254+0000] {dag.py:3820} INFO - Setting next_dagrun for example_setup_teardown to 2024-01-12T00:00:00+00:00, run_after=2024-01-13T00:00:00+00:00
[2024-01-13T12:01:53.278+0000] {processor.py:183} INFO - Processing /home/airflow/.local/lib/python3.8/site-packages/airflow/example_dags/example_setup_teardown.py took 0.106 seconds
[2024-01-13T12:02:23.389+0000] {processor.py:161} INFO - Started process (PID=612) to work on /home/airflow/.local/lib/python3.8/site-packages/airflow/example_dags/example_setup_teardown.py
[2024-01-13T12:02:23.390+0000] {processor.py:830} INFO - Processing file /home/airflow/.local/lib/python3.8/site-packages/airflow/example_dags/example_setup_teardown.py for tasks to queue
[2024-01-13T12:02:23.393+0000] {logging_mixin.py:188} INFO - [2024-01-13T12:02:23.393+0000] {dagbag.py:538} INFO - Filling up the DagBag from /home/airflow/.local/lib/python3.8/site-packages/airflow/example_dags/example_setup_teardown.py
[2024-01-13T12:02:23.402+0000] {processor.py:840} INFO - DAG(s) 'example_setup_teardown' retrieved from /home/airflow/.local/lib/python3.8/site-packages/airflow/example_dags/example_setup_teardown.py
[2024-01-13T12:02:23.431+0000] {logging_mixin.py:188} INFO - [2024-01-13T12:02:23.430+0000] {dag.py:3033} INFO - Sync 1 DAGs
[2024-01-13T12:02:23.457+0000] {logging_mixin.py:188} INFO - [2024-01-13T12:02:23.457+0000] {dag.py:3820} INFO - Setting next_dagrun for example_setup_teardown to 2024-01-12T00:00:00+00:00, run_after=2024-01-13T00:00:00+00:00
[2024-01-13T12:02:23.480+0000] {processor.py:183} INFO - Processing /home/airflow/.local/lib/python3.8/site-packages/airflow/example_dags/example_setup_teardown.py took 0.097 seconds
[2024-01-13T12:07:42.269+0000] {processor.py:161} INFO - Started process (PID=65) to work on /home/airflow/.local/lib/python3.8/site-packages/airflow/example_dags/example_setup_teardown.py
[2024-01-13T12:07:42.292+0000] {processor.py:830} INFO - Processing file /home/airflow/.local/lib/python3.8/site-packages/airflow/example_dags/example_setup_teardown.py for tasks to queue
[2024-01-13T12:07:42.308+0000] {logging_mixin.py:188} INFO - [2024-01-13T12:07:42.307+0000] {dagbag.py:538} INFO - Filling up the DagBag from /home/airflow/.local/lib/python3.8/site-packages/airflow/example_dags/example_setup_teardown.py
[2024-01-13T12:07:42.354+0000] {processor.py:840} INFO - DAG(s) 'example_setup_teardown' retrieved from /home/airflow/.local/lib/python3.8/site-packages/airflow/example_dags/example_setup_teardown.py
[2024-01-13T12:07:42.443+0000] {logging_mixin.py:188} INFO - [2024-01-13T12:07:42.442+0000] {dag.py:3033} INFO - Sync 1 DAGs
[2024-01-13T12:07:42.597+0000] {logging_mixin.py:188} INFO - [2024-01-13T12:07:42.597+0000] {dag.py:3820} INFO - Setting next_dagrun for example_setup_teardown to 2024-01-12T00:00:00+00:00, run_after=2024-01-13T00:00:00+00:00
[2024-01-13T12:07:42.682+0000] {processor.py:183} INFO - Processing /home/airflow/.local/lib/python3.8/site-packages/airflow/example_dags/example_setup_teardown.py took 0.432 seconds
[2024-01-13T12:08:17.571+0000] {processor.py:161} INFO - Started process (PID=157) to work on /home/airflow/.local/lib/python3.8/site-packages/airflow/example_dags/example_setup_teardown.py
[2024-01-13T12:08:17.574+0000] {processor.py:830} INFO - Processing file /home/airflow/.local/lib/python3.8/site-packages/airflow/example_dags/example_setup_teardown.py for tasks to queue
[2024-01-13T12:08:17.578+0000] {logging_mixin.py:188} INFO - [2024-01-13T12:08:17.577+0000] {dagbag.py:538} INFO - Filling up the DagBag from /home/airflow/.local/lib/python3.8/site-packages/airflow/example_dags/example_setup_teardown.py
[2024-01-13T12:08:17.602+0000] {processor.py:840} INFO - DAG(s) 'example_setup_teardown' retrieved from /home/airflow/.local/lib/python3.8/site-packages/airflow/example_dags/example_setup_teardown.py
[2024-01-13T12:08:17.862+0000] {logging_mixin.py:188} INFO - [2024-01-13T12:08:17.861+0000] {dag.py:3033} INFO - Sync 1 DAGs
[2024-01-13T12:08:17.904+0000] {logging_mixin.py:188} INFO - [2024-01-13T12:08:17.904+0000] {dag.py:3820} INFO - Setting next_dagrun for example_setup_teardown to 2024-01-12T00:00:00+00:00, run_after=2024-01-13T00:00:00+00:00
[2024-01-13T12:08:17.941+0000] {processor.py:183} INFO - Processing /home/airflow/.local/lib/python3.8/site-packages/airflow/example_dags/example_setup_teardown.py took 0.376 seconds
[2024-01-13T12:08:48.828+0000] {processor.py:161} INFO - Started process (PID=216) to work on /home/airflow/.local/lib/python3.8/site-packages/airflow/example_dags/example_setup_teardown.py
[2024-01-13T12:08:48.832+0000] {processor.py:830} INFO - Processing file /home/airflow/.local/lib/python3.8/site-packages/airflow/example_dags/example_setup_teardown.py for tasks to queue
[2024-01-13T12:08:48.837+0000] {logging_mixin.py:188} INFO - [2024-01-13T12:08:48.836+0000] {dagbag.py:538} INFO - Filling up the DagBag from /home/airflow/.local/lib/python3.8/site-packages/airflow/example_dags/example_setup_teardown.py
[2024-01-13T12:08:48.851+0000] {processor.py:840} INFO - DAG(s) 'example_setup_teardown' retrieved from /home/airflow/.local/lib/python3.8/site-packages/airflow/example_dags/example_setup_teardown.py
[2024-01-13T12:08:48.879+0000] {logging_mixin.py:188} INFO - [2024-01-13T12:08:48.879+0000] {dag.py:3033} INFO - Sync 1 DAGs
[2024-01-13T12:08:48.906+0000] {logging_mixin.py:188} INFO - [2024-01-13T12:08:48.905+0000] {dag.py:3820} INFO - Setting next_dagrun for example_setup_teardown to 2024-01-12T00:00:00+00:00, run_after=2024-01-13T00:00:00+00:00
[2024-01-13T12:08:48.927+0000] {processor.py:183} INFO - Processing /home/airflow/.local/lib/python3.8/site-packages/airflow/example_dags/example_setup_teardown.py took 0.106 seconds
[2024-01-13T12:09:19.313+0000] {processor.py:161} INFO - Started process (PID=276) to work on /home/airflow/.local/lib/python3.8/site-packages/airflow/example_dags/example_setup_teardown.py
[2024-01-13T12:09:19.314+0000] {processor.py:830} INFO - Processing file /home/airflow/.local/lib/python3.8/site-packages/airflow/example_dags/example_setup_teardown.py for tasks to queue
[2024-01-13T12:09:19.317+0000] {logging_mixin.py:188} INFO - [2024-01-13T12:09:19.317+0000] {dagbag.py:538} INFO - Filling up the DagBag from /home/airflow/.local/lib/python3.8/site-packages/airflow/example_dags/example_setup_teardown.py
[2024-01-13T12:09:19.328+0000] {processor.py:840} INFO - DAG(s) 'example_setup_teardown' retrieved from /home/airflow/.local/lib/python3.8/site-packages/airflow/example_dags/example_setup_teardown.py
[2024-01-13T12:09:19.359+0000] {logging_mixin.py:188} INFO - [2024-01-13T12:09:19.358+0000] {dag.py:3033} INFO - Sync 1 DAGs
[2024-01-13T12:09:19.387+0000] {logging_mixin.py:188} INFO - [2024-01-13T12:09:19.387+0000] {dag.py:3820} INFO - Setting next_dagrun for example_setup_teardown to 2024-01-12T00:00:00+00:00, run_after=2024-01-13T00:00:00+00:00
[2024-01-13T12:09:19.407+0000] {processor.py:183} INFO - Processing /home/airflow/.local/lib/python3.8/site-packages/airflow/example_dags/example_setup_teardown.py took 0.101 seconds
[2024-01-13T12:09:49.552+0000] {processor.py:161} INFO - Started process (PID=335) to work on /home/airflow/.local/lib/python3.8/site-packages/airflow/example_dags/example_setup_teardown.py
[2024-01-13T12:09:49.554+0000] {processor.py:830} INFO - Processing file /home/airflow/.local/lib/python3.8/site-packages/airflow/example_dags/example_setup_teardown.py for tasks to queue
[2024-01-13T12:09:49.557+0000] {logging_mixin.py:188} INFO - [2024-01-13T12:09:49.557+0000] {dagbag.py:538} INFO - Filling up the DagBag from /home/airflow/.local/lib/python3.8/site-packages/airflow/example_dags/example_setup_teardown.py
[2024-01-13T12:09:49.569+0000] {processor.py:840} INFO - DAG(s) 'example_setup_teardown' retrieved from /home/airflow/.local/lib/python3.8/site-packages/airflow/example_dags/example_setup_teardown.py
[2024-01-13T12:09:49.599+0000] {logging_mixin.py:188} INFO - [2024-01-13T12:09:49.598+0000] {dag.py:3033} INFO - Sync 1 DAGs
[2024-01-13T12:09:49.626+0000] {logging_mixin.py:188} INFO - [2024-01-13T12:09:49.626+0000] {dag.py:3820} INFO - Setting next_dagrun for example_setup_teardown to 2024-01-12T00:00:00+00:00, run_after=2024-01-13T00:00:00+00:00
[2024-01-13T12:09:49.650+0000] {processor.py:183} INFO - Processing /home/airflow/.local/lib/python3.8/site-packages/airflow/example_dags/example_setup_teardown.py took 0.104 seconds
[2024-01-13T12:10:20.471+0000] {processor.py:161} INFO - Started process (PID=394) to work on /home/airflow/.local/lib/python3.8/site-packages/airflow/example_dags/example_setup_teardown.py
[2024-01-13T12:10:20.472+0000] {processor.py:830} INFO - Processing file /home/airflow/.local/lib/python3.8/site-packages/airflow/example_dags/example_setup_teardown.py for tasks to queue
[2024-01-13T12:10:20.475+0000] {logging_mixin.py:188} INFO - [2024-01-13T12:10:20.475+0000] {dagbag.py:538} INFO - Filling up the DagBag from /home/airflow/.local/lib/python3.8/site-packages/airflow/example_dags/example_setup_teardown.py
[2024-01-13T12:10:20.487+0000] {processor.py:840} INFO - DAG(s) 'example_setup_teardown' retrieved from /home/airflow/.local/lib/python3.8/site-packages/airflow/example_dags/example_setup_teardown.py
[2024-01-13T12:10:20.519+0000] {logging_mixin.py:188} INFO - [2024-01-13T12:10:20.519+0000] {dag.py:3033} INFO - Sync 1 DAGs
[2024-01-13T12:10:20.551+0000] {logging_mixin.py:188} INFO - [2024-01-13T12:10:20.550+0000] {dag.py:3820} INFO - Setting next_dagrun for example_setup_teardown to 2024-01-12T00:00:00+00:00, run_after=2024-01-13T00:00:00+00:00
[2024-01-13T12:10:20.579+0000] {processor.py:183} INFO - Processing /home/airflow/.local/lib/python3.8/site-packages/airflow/example_dags/example_setup_teardown.py took 0.113 seconds
[2024-01-13T12:10:50.741+0000] {processor.py:161} INFO - Started process (PID=453) to work on /home/airflow/.local/lib/python3.8/site-packages/airflow/example_dags/example_setup_teardown.py
[2024-01-13T12:10:50.743+0000] {processor.py:830} INFO - Processing file /home/airflow/.local/lib/python3.8/site-packages/airflow/example_dags/example_setup_teardown.py for tasks to queue
[2024-01-13T12:10:50.746+0000] {logging_mixin.py:188} INFO - [2024-01-13T12:10:50.746+0000] {dagbag.py:538} INFO - Filling up the DagBag from /home/airflow/.local/lib/python3.8/site-packages/airflow/example_dags/example_setup_teardown.py
[2024-01-13T12:10:50.755+0000] {processor.py:840} INFO - DAG(s) 'example_setup_teardown' retrieved from /home/airflow/.local/lib/python3.8/site-packages/airflow/example_dags/example_setup_teardown.py
[2024-01-13T12:10:50.784+0000] {logging_mixin.py:188} INFO - [2024-01-13T12:10:50.783+0000] {dag.py:3033} INFO - Sync 1 DAGs
[2024-01-13T12:10:50.812+0000] {logging_mixin.py:188} INFO - [2024-01-13T12:10:50.812+0000] {dag.py:3820} INFO - Setting next_dagrun for example_setup_teardown to 2024-01-12T00:00:00+00:00, run_after=2024-01-13T00:00:00+00:00
[2024-01-13T12:10:50.836+0000] {processor.py:183} INFO - Processing /home/airflow/.local/lib/python3.8/site-packages/airflow/example_dags/example_setup_teardown.py took 0.100 seconds
[2024-01-13T12:11:21.183+0000] {processor.py:161} INFO - Started process (PID=512) to work on /home/airflow/.local/lib/python3.8/site-packages/airflow/example_dags/example_setup_teardown.py
[2024-01-13T12:11:21.184+0000] {processor.py:830} INFO - Processing file /home/airflow/.local/lib/python3.8/site-packages/airflow/example_dags/example_setup_teardown.py for tasks to queue
[2024-01-13T12:11:21.187+0000] {logging_mixin.py:188} INFO - [2024-01-13T12:11:21.187+0000] {dagbag.py:538} INFO - Filling up the DagBag from /home/airflow/.local/lib/python3.8/site-packages/airflow/example_dags/example_setup_teardown.py
[2024-01-13T12:11:21.199+0000] {processor.py:840} INFO - DAG(s) 'example_setup_teardown' retrieved from /home/airflow/.local/lib/python3.8/site-packages/airflow/example_dags/example_setup_teardown.py
[2024-01-13T12:11:21.226+0000] {logging_mixin.py:188} INFO - [2024-01-13T12:11:21.226+0000] {dag.py:3033} INFO - Sync 1 DAGs
[2024-01-13T12:11:21.264+0000] {logging_mixin.py:188} INFO - [2024-01-13T12:11:21.264+0000] {dag.py:3820} INFO - Setting next_dagrun for example_setup_teardown to 2024-01-12T00:00:00+00:00, run_after=2024-01-13T00:00:00+00:00
[2024-01-13T12:11:21.295+0000] {processor.py:183} INFO - Processing /home/airflow/.local/lib/python3.8/site-packages/airflow/example_dags/example_setup_teardown.py took 0.117 seconds
[2024-01-13T12:11:51.403+0000] {processor.py:161} INFO - Started process (PID=571) to work on /home/airflow/.local/lib/python3.8/site-packages/airflow/example_dags/example_setup_teardown.py
[2024-01-13T12:11:51.405+0000] {processor.py:830} INFO - Processing file /home/airflow/.local/lib/python3.8/site-packages/airflow/example_dags/example_setup_teardown.py for tasks to queue
[2024-01-13T12:11:51.409+0000] {logging_mixin.py:188} INFO - [2024-01-13T12:11:51.409+0000] {dagbag.py:538} INFO - Filling up the DagBag from /home/airflow/.local/lib/python3.8/site-packages/airflow/example_dags/example_setup_teardown.py
[2024-01-13T12:11:51.421+0000] {processor.py:840} INFO - DAG(s) 'example_setup_teardown' retrieved from /home/airflow/.local/lib/python3.8/site-packages/airflow/example_dags/example_setup_teardown.py
[2024-01-13T12:11:51.452+0000] {logging_mixin.py:188} INFO - [2024-01-13T12:11:51.451+0000] {dag.py:3033} INFO - Sync 1 DAGs
[2024-01-13T12:11:51.492+0000] {logging_mixin.py:188} INFO - [2024-01-13T12:11:51.492+0000] {dag.py:3820} INFO - Setting next_dagrun for example_setup_teardown to 2024-01-12T00:00:00+00:00, run_after=2024-01-13T00:00:00+00:00
[2024-01-13T12:11:51.517+0000] {processor.py:183} INFO - Processing /home/airflow/.local/lib/python3.8/site-packages/airflow/example_dags/example_setup_teardown.py took 0.120 seconds
[2024-01-13T12:12:21.791+0000] {processor.py:161} INFO - Started process (PID=630) to work on /home/airflow/.local/lib/python3.8/site-packages/airflow/example_dags/example_setup_teardown.py
[2024-01-13T12:12:21.792+0000] {processor.py:830} INFO - Processing file /home/airflow/.local/lib/python3.8/site-packages/airflow/example_dags/example_setup_teardown.py for tasks to queue
[2024-01-13T12:12:21.795+0000] {logging_mixin.py:188} INFO - [2024-01-13T12:12:21.795+0000] {dagbag.py:538} INFO - Filling up the DagBag from /home/airflow/.local/lib/python3.8/site-packages/airflow/example_dags/example_setup_teardown.py
[2024-01-13T12:12:21.805+0000] {processor.py:840} INFO - DAG(s) 'example_setup_teardown' retrieved from /home/airflow/.local/lib/python3.8/site-packages/airflow/example_dags/example_setup_teardown.py
[2024-01-13T12:12:21.833+0000] {logging_mixin.py:188} INFO - [2024-01-13T12:12:21.833+0000] {dag.py:3033} INFO - Sync 1 DAGs
[2024-01-13T12:12:21.860+0000] {logging_mixin.py:188} INFO - [2024-01-13T12:12:21.860+0000] {dag.py:3820} INFO - Setting next_dagrun for example_setup_teardown to 2024-01-12T00:00:00+00:00, run_after=2024-01-13T00:00:00+00:00
[2024-01-13T12:12:21.882+0000] {processor.py:183} INFO - Processing /home/airflow/.local/lib/python3.8/site-packages/airflow/example_dags/example_setup_teardown.py took 0.096 seconds
[2024-01-13T12:12:52.746+0000] {processor.py:161} INFO - Started process (PID=689) to work on /home/airflow/.local/lib/python3.8/site-packages/airflow/example_dags/example_setup_teardown.py
[2024-01-13T12:12:52.748+0000] {processor.py:830} INFO - Processing file /home/airflow/.local/lib/python3.8/site-packages/airflow/example_dags/example_setup_teardown.py for tasks to queue
[2024-01-13T12:12:52.752+0000] {logging_mixin.py:188} INFO - [2024-01-13T12:12:52.752+0000] {dagbag.py:538} INFO - Filling up the DagBag from /home/airflow/.local/lib/python3.8/site-packages/airflow/example_dags/example_setup_teardown.py
[2024-01-13T12:12:52.766+0000] {processor.py:840} INFO - DAG(s) 'example_setup_teardown' retrieved from /home/airflow/.local/lib/python3.8/site-packages/airflow/example_dags/example_setup_teardown.py
[2024-01-13T12:12:52.800+0000] {logging_mixin.py:188} INFO - [2024-01-13T12:12:52.800+0000] {dag.py:3033} INFO - Sync 1 DAGs
[2024-01-13T12:12:52.827+0000] {logging_mixin.py:188} INFO - [2024-01-13T12:12:52.827+0000] {dag.py:3820} INFO - Setting next_dagrun for example_setup_teardown to 2024-01-12T00:00:00+00:00, run_after=2024-01-13T00:00:00+00:00
[2024-01-13T12:12:52.848+0000] {processor.py:183} INFO - Processing /home/airflow/.local/lib/python3.8/site-packages/airflow/example_dags/example_setup_teardown.py took 0.108 seconds
[2024-01-13T12:13:29.091+0000] {processor.py:161} INFO - Started process (PID=762) to work on /home/airflow/.local/lib/python3.8/site-packages/airflow/example_dags/example_setup_teardown.py
[2024-01-13T12:13:29.094+0000] {processor.py:830} INFO - Processing file /home/airflow/.local/lib/python3.8/site-packages/airflow/example_dags/example_setup_teardown.py for tasks to queue
[2024-01-13T12:13:29.103+0000] {logging_mixin.py:188} INFO - [2024-01-13T12:13:29.102+0000] {dagbag.py:538} INFO - Filling up the DagBag from /home/airflow/.local/lib/python3.8/site-packages/airflow/example_dags/example_setup_teardown.py
[2024-01-13T12:13:29.124+0000] {processor.py:840} INFO - DAG(s) 'example_setup_teardown' retrieved from /home/airflow/.local/lib/python3.8/site-packages/airflow/example_dags/example_setup_teardown.py
[2024-01-13T12:13:29.184+0000] {logging_mixin.py:188} INFO - [2024-01-13T12:13:29.184+0000] {dag.py:3033} INFO - Sync 1 DAGs
[2024-01-13T12:13:29.245+0000] {logging_mixin.py:188} INFO - [2024-01-13T12:13:29.245+0000] {dag.py:3820} INFO - Setting next_dagrun for example_setup_teardown to 2024-01-12T00:00:00+00:00, run_after=2024-01-13T00:00:00+00:00
[2024-01-13T12:13:29.286+0000] {processor.py:183} INFO - Processing /home/airflow/.local/lib/python3.8/site-packages/airflow/example_dags/example_setup_teardown.py took 0.209 seconds
[2024-01-13T12:13:59.945+0000] {processor.py:161} INFO - Started process (PID=822) to work on /home/airflow/.local/lib/python3.8/site-packages/airflow/example_dags/example_setup_teardown.py
[2024-01-13T12:13:59.947+0000] {processor.py:830} INFO - Processing file /home/airflow/.local/lib/python3.8/site-packages/airflow/example_dags/example_setup_teardown.py for tasks to queue
[2024-01-13T12:13:59.953+0000] {logging_mixin.py:188} INFO - [2024-01-13T12:13:59.952+0000] {dagbag.py:538} INFO - Filling up the DagBag from /home/airflow/.local/lib/python3.8/site-packages/airflow/example_dags/example_setup_teardown.py
[2024-01-13T12:13:59.971+0000] {processor.py:840} INFO - DAG(s) 'example_setup_teardown' retrieved from /home/airflow/.local/lib/python3.8/site-packages/airflow/example_dags/example_setup_teardown.py
[2024-01-13T12:14:00.020+0000] {logging_mixin.py:188} INFO - [2024-01-13T12:14:00.020+0000] {dag.py:3033} INFO - Sync 1 DAGs
[2024-01-13T12:14:00.061+0000] {logging_mixin.py:188} INFO - [2024-01-13T12:14:00.060+0000] {dag.py:3820} INFO - Setting next_dagrun for example_setup_teardown to 2024-01-12T00:00:00+00:00, run_after=2024-01-13T00:00:00+00:00
[2024-01-13T12:14:00.091+0000] {processor.py:183} INFO - Processing /home/airflow/.local/lib/python3.8/site-packages/airflow/example_dags/example_setup_teardown.py took 0.155 seconds
[2024-01-13T12:14:30.227+0000] {processor.py:161} INFO - Started process (PID=880) to work on /home/airflow/.local/lib/python3.8/site-packages/airflow/example_dags/example_setup_teardown.py
[2024-01-13T12:14:30.230+0000] {processor.py:830} INFO - Processing file /home/airflow/.local/lib/python3.8/site-packages/airflow/example_dags/example_setup_teardown.py for tasks to queue
[2024-01-13T12:14:30.235+0000] {logging_mixin.py:188} INFO - [2024-01-13T12:14:30.234+0000] {dagbag.py:538} INFO - Filling up the DagBag from /home/airflow/.local/lib/python3.8/site-packages/airflow/example_dags/example_setup_teardown.py
[2024-01-13T12:14:30.246+0000] {processor.py:840} INFO - DAG(s) 'example_setup_teardown' retrieved from /home/airflow/.local/lib/python3.8/site-packages/airflow/example_dags/example_setup_teardown.py
[2024-01-13T12:14:30.272+0000] {logging_mixin.py:188} INFO - [2024-01-13T12:14:30.272+0000] {dag.py:3033} INFO - Sync 1 DAGs
[2024-01-13T12:14:30.300+0000] {logging_mixin.py:188} INFO - [2024-01-13T12:14:30.300+0000] {dag.py:3820} INFO - Setting next_dagrun for example_setup_teardown to 2024-01-12T00:00:00+00:00, run_after=2024-01-13T00:00:00+00:00
[2024-01-13T12:14:30.323+0000] {processor.py:183} INFO - Processing /home/airflow/.local/lib/python3.8/site-packages/airflow/example_dags/example_setup_teardown.py took 0.103 seconds
[2024-01-13T12:15:01.306+0000] {processor.py:161} INFO - Started process (PID=940) to work on /home/airflow/.local/lib/python3.8/site-packages/airflow/example_dags/example_setup_teardown.py
[2024-01-13T12:15:01.307+0000] {processor.py:830} INFO - Processing file /home/airflow/.local/lib/python3.8/site-packages/airflow/example_dags/example_setup_teardown.py for tasks to queue
[2024-01-13T12:15:01.311+0000] {logging_mixin.py:188} INFO - [2024-01-13T12:15:01.310+0000] {dagbag.py:538} INFO - Filling up the DagBag from /home/airflow/.local/lib/python3.8/site-packages/airflow/example_dags/example_setup_teardown.py
[2024-01-13T12:15:01.320+0000] {processor.py:840} INFO - DAG(s) 'example_setup_teardown' retrieved from /home/airflow/.local/lib/python3.8/site-packages/airflow/example_dags/example_setup_teardown.py
[2024-01-13T12:15:01.349+0000] {logging_mixin.py:188} INFO - [2024-01-13T12:15:01.349+0000] {dag.py:3033} INFO - Sync 1 DAGs
[2024-01-13T12:15:01.378+0000] {logging_mixin.py:188} INFO - [2024-01-13T12:15:01.378+0000] {dag.py:3820} INFO - Setting next_dagrun for example_setup_teardown to 2024-01-12T00:00:00+00:00, run_after=2024-01-13T00:00:00+00:00
[2024-01-13T12:15:01.401+0000] {processor.py:183} INFO - Processing /home/airflow/.local/lib/python3.8/site-packages/airflow/example_dags/example_setup_teardown.py took 0.101 seconds
[2024-01-13T12:15:32.093+0000] {processor.py:161} INFO - Started process (PID=999) to work on /home/airflow/.local/lib/python3.8/site-packages/airflow/example_dags/example_setup_teardown.py
[2024-01-13T12:15:32.095+0000] {processor.py:830} INFO - Processing file /home/airflow/.local/lib/python3.8/site-packages/airflow/example_dags/example_setup_teardown.py for tasks to queue
[2024-01-13T12:15:32.099+0000] {logging_mixin.py:188} INFO - [2024-01-13T12:15:32.098+0000] {dagbag.py:538} INFO - Filling up the DagBag from /home/airflow/.local/lib/python3.8/site-packages/airflow/example_dags/example_setup_teardown.py
[2024-01-13T12:15:32.108+0000] {processor.py:840} INFO - DAG(s) 'example_setup_teardown' retrieved from /home/airflow/.local/lib/python3.8/site-packages/airflow/example_dags/example_setup_teardown.py
[2024-01-13T12:15:32.138+0000] {logging_mixin.py:188} INFO - [2024-01-13T12:15:32.137+0000] {dag.py:3033} INFO - Sync 1 DAGs
[2024-01-13T12:15:32.170+0000] {logging_mixin.py:188} INFO - [2024-01-13T12:15:32.170+0000] {dag.py:3820} INFO - Setting next_dagrun for example_setup_teardown to 2024-01-12T00:00:00+00:00, run_after=2024-01-13T00:00:00+00:00
[2024-01-13T12:15:32.199+0000] {processor.py:183} INFO - Processing /home/airflow/.local/lib/python3.8/site-packages/airflow/example_dags/example_setup_teardown.py took 0.113 seconds
[2024-01-13T12:16:02.984+0000] {processor.py:161} INFO - Started process (PID=1058) to work on /home/airflow/.local/lib/python3.8/site-packages/airflow/example_dags/example_setup_teardown.py
[2024-01-13T12:16:02.985+0000] {processor.py:830} INFO - Processing file /home/airflow/.local/lib/python3.8/site-packages/airflow/example_dags/example_setup_teardown.py for tasks to queue
[2024-01-13T12:16:02.988+0000] {logging_mixin.py:188} INFO - [2024-01-13T12:16:02.988+0000] {dagbag.py:538} INFO - Filling up the DagBag from /home/airflow/.local/lib/python3.8/site-packages/airflow/example_dags/example_setup_teardown.py
[2024-01-13T12:16:02.998+0000] {processor.py:840} INFO - DAG(s) 'example_setup_teardown' retrieved from /home/airflow/.local/lib/python3.8/site-packages/airflow/example_dags/example_setup_teardown.py
[2024-01-13T12:16:03.027+0000] {logging_mixin.py:188} INFO - [2024-01-13T12:16:03.027+0000] {dag.py:3033} INFO - Sync 1 DAGs
[2024-01-13T12:16:03.060+0000] {logging_mixin.py:188} INFO - [2024-01-13T12:16:03.060+0000] {dag.py:3820} INFO - Setting next_dagrun for example_setup_teardown to 2024-01-12T00:00:00+00:00, run_after=2024-01-13T00:00:00+00:00
[2024-01-13T12:16:03.083+0000] {processor.py:183} INFO - Processing /home/airflow/.local/lib/python3.8/site-packages/airflow/example_dags/example_setup_teardown.py took 0.104 seconds
[2024-01-13T12:16:34.008+0000] {processor.py:161} INFO - Started process (PID=1117) to work on /home/airflow/.local/lib/python3.8/site-packages/airflow/example_dags/example_setup_teardown.py
[2024-01-13T12:16:34.011+0000] {processor.py:830} INFO - Processing file /home/airflow/.local/lib/python3.8/site-packages/airflow/example_dags/example_setup_teardown.py for tasks to queue
[2024-01-13T12:16:34.015+0000] {logging_mixin.py:188} INFO - [2024-01-13T12:16:34.014+0000] {dagbag.py:538} INFO - Filling up the DagBag from /home/airflow/.local/lib/python3.8/site-packages/airflow/example_dags/example_setup_teardown.py
[2024-01-13T12:16:34.029+0000] {processor.py:840} INFO - DAG(s) 'example_setup_teardown' retrieved from /home/airflow/.local/lib/python3.8/site-packages/airflow/example_dags/example_setup_teardown.py
[2024-01-13T12:16:34.062+0000] {logging_mixin.py:188} INFO - [2024-01-13T12:16:34.061+0000] {dag.py:3033} INFO - Sync 1 DAGs
[2024-01-13T12:16:34.090+0000] {logging_mixin.py:188} INFO - [2024-01-13T12:16:34.089+0000] {dag.py:3820} INFO - Setting next_dagrun for example_setup_teardown to 2024-01-12T00:00:00+00:00, run_after=2024-01-13T00:00:00+00:00
[2024-01-13T12:16:34.111+0000] {processor.py:183} INFO - Processing /home/airflow/.local/lib/python3.8/site-packages/airflow/example_dags/example_setup_teardown.py took 0.110 seconds
[2024-01-13T12:17:04.184+0000] {processor.py:161} INFO - Started process (PID=1175) to work on /home/airflow/.local/lib/python3.8/site-packages/airflow/example_dags/example_setup_teardown.py
[2024-01-13T12:17:04.185+0000] {processor.py:830} INFO - Processing file /home/airflow/.local/lib/python3.8/site-packages/airflow/example_dags/example_setup_teardown.py for tasks to queue
[2024-01-13T12:17:04.189+0000] {logging_mixin.py:188} INFO - [2024-01-13T12:17:04.188+0000] {dagbag.py:538} INFO - Filling up the DagBag from /home/airflow/.local/lib/python3.8/site-packages/airflow/example_dags/example_setup_teardown.py
[2024-01-13T12:17:04.200+0000] {processor.py:840} INFO - DAG(s) 'example_setup_teardown' retrieved from /home/airflow/.local/lib/python3.8/site-packages/airflow/example_dags/example_setup_teardown.py
[2024-01-13T12:17:04.229+0000] {logging_mixin.py:188} INFO - [2024-01-13T12:17:04.229+0000] {dag.py:3033} INFO - Sync 1 DAGs
[2024-01-13T12:17:04.257+0000] {logging_mixin.py:188} INFO - [2024-01-13T12:17:04.257+0000] {dag.py:3820} INFO - Setting next_dagrun for example_setup_teardown to 2024-01-12T00:00:00+00:00, run_after=2024-01-13T00:00:00+00:00
[2024-01-13T12:17:04.280+0000] {processor.py:183} INFO - Processing /home/airflow/.local/lib/python3.8/site-packages/airflow/example_dags/example_setup_teardown.py took 0.103 seconds
[2024-01-13T12:17:35.677+0000] {processor.py:161} INFO - Started process (PID=1235) to work on /home/airflow/.local/lib/python3.8/site-packages/airflow/example_dags/example_setup_teardown.py
[2024-01-13T12:17:35.679+0000] {processor.py:830} INFO - Processing file /home/airflow/.local/lib/python3.8/site-packages/airflow/example_dags/example_setup_teardown.py for tasks to queue
[2024-01-13T12:17:35.683+0000] {logging_mixin.py:188} INFO - [2024-01-13T12:17:35.682+0000] {dagbag.py:538} INFO - Filling up the DagBag from /home/airflow/.local/lib/python3.8/site-packages/airflow/example_dags/example_setup_teardown.py
[2024-01-13T12:17:35.696+0000] {processor.py:840} INFO - DAG(s) 'example_setup_teardown' retrieved from /home/airflow/.local/lib/python3.8/site-packages/airflow/example_dags/example_setup_teardown.py
[2024-01-13T12:17:35.724+0000] {logging_mixin.py:188} INFO - [2024-01-13T12:17:35.723+0000] {dag.py:3033} INFO - Sync 1 DAGs
[2024-01-13T12:17:35.755+0000] {logging_mixin.py:188} INFO - [2024-01-13T12:17:35.755+0000] {dag.py:3820} INFO - Setting next_dagrun for example_setup_teardown to 2024-01-12T00:00:00+00:00, run_after=2024-01-13T00:00:00+00:00
[2024-01-13T12:17:35.776+0000] {processor.py:183} INFO - Processing /home/airflow/.local/lib/python3.8/site-packages/airflow/example_dags/example_setup_teardown.py took 0.104 seconds
[2024-01-13T12:18:06.785+0000] {processor.py:161} INFO - Started process (PID=1294) to work on /home/airflow/.local/lib/python3.8/site-packages/airflow/example_dags/example_setup_teardown.py
[2024-01-13T12:18:06.787+0000] {processor.py:830} INFO - Processing file /home/airflow/.local/lib/python3.8/site-packages/airflow/example_dags/example_setup_teardown.py for tasks to queue
[2024-01-13T12:18:06.792+0000] {logging_mixin.py:188} INFO - [2024-01-13T12:18:06.791+0000] {dagbag.py:538} INFO - Filling up the DagBag from /home/airflow/.local/lib/python3.8/site-packages/airflow/example_dags/example_setup_teardown.py
[2024-01-13T12:18:06.807+0000] {processor.py:840} INFO - DAG(s) 'example_setup_teardown' retrieved from /home/airflow/.local/lib/python3.8/site-packages/airflow/example_dags/example_setup_teardown.py
[2024-01-13T12:18:06.841+0000] {logging_mixin.py:188} INFO - [2024-01-13T12:18:06.841+0000] {dag.py:3033} INFO - Sync 1 DAGs
[2024-01-13T12:18:06.881+0000] {logging_mixin.py:188} INFO - [2024-01-13T12:18:06.881+0000] {dag.py:3820} INFO - Setting next_dagrun for example_setup_teardown to 2024-01-12T00:00:00+00:00, run_after=2024-01-13T00:00:00+00:00
[2024-01-13T12:18:06.906+0000] {processor.py:183} INFO - Processing /home/airflow/.local/lib/python3.8/site-packages/airflow/example_dags/example_setup_teardown.py took 0.128 seconds
[2024-01-13T12:18:38.934+0000] {processor.py:161} INFO - Started process (PID=1357) to work on /home/airflow/.local/lib/python3.8/site-packages/airflow/example_dags/example_setup_teardown.py
[2024-01-13T12:18:38.937+0000] {processor.py:830} INFO - Processing file /home/airflow/.local/lib/python3.8/site-packages/airflow/example_dags/example_setup_teardown.py for tasks to queue
[2024-01-13T12:18:38.941+0000] {logging_mixin.py:188} INFO - [2024-01-13T12:18:38.941+0000] {dagbag.py:538} INFO - Filling up the DagBag from /home/airflow/.local/lib/python3.8/site-packages/airflow/example_dags/example_setup_teardown.py
[2024-01-13T12:18:38.969+0000] {processor.py:840} INFO - DAG(s) 'example_setup_teardown' retrieved from /home/airflow/.local/lib/python3.8/site-packages/airflow/example_dags/example_setup_teardown.py
[2024-01-13T12:18:39.058+0000] {logging_mixin.py:188} INFO - [2024-01-13T12:18:39.058+0000] {dag.py:3033} INFO - Sync 1 DAGs
[2024-01-13T12:18:39.139+0000] {logging_mixin.py:188} INFO - [2024-01-13T12:18:39.139+0000] {dag.py:3820} INFO - Setting next_dagrun for example_setup_teardown to 2024-01-12T00:00:00+00:00, run_after=2024-01-13T00:00:00+00:00
[2024-01-13T12:18:39.208+0000] {processor.py:183} INFO - Processing /home/airflow/.local/lib/python3.8/site-packages/airflow/example_dags/example_setup_teardown.py took 0.295 seconds
[2024-01-13T12:19:09.440+0000] {processor.py:161} INFO - Started process (PID=1424) to work on /home/airflow/.local/lib/python3.8/site-packages/airflow/example_dags/example_setup_teardown.py
[2024-01-13T12:19:09.441+0000] {processor.py:830} INFO - Processing file /home/airflow/.local/lib/python3.8/site-packages/airflow/example_dags/example_setup_teardown.py for tasks to queue
[2024-01-13T12:19:09.445+0000] {logging_mixin.py:188} INFO - [2024-01-13T12:19:09.444+0000] {dagbag.py:538} INFO - Filling up the DagBag from /home/airflow/.local/lib/python3.8/site-packages/airflow/example_dags/example_setup_teardown.py
[2024-01-13T12:19:09.457+0000] {processor.py:840} INFO - DAG(s) 'example_setup_teardown' retrieved from /home/airflow/.local/lib/python3.8/site-packages/airflow/example_dags/example_setup_teardown.py
[2024-01-13T12:19:09.491+0000] {logging_mixin.py:188} INFO - [2024-01-13T12:19:09.490+0000] {dag.py:3033} INFO - Sync 1 DAGs
[2024-01-13T12:19:09.526+0000] {logging_mixin.py:188} INFO - [2024-01-13T12:19:09.525+0000] {dag.py:3820} INFO - Setting next_dagrun for example_setup_teardown to 2024-01-12T00:00:00+00:00, run_after=2024-01-13T00:00:00+00:00
[2024-01-13T12:19:09.557+0000] {processor.py:183} INFO - Processing /home/airflow/.local/lib/python3.8/site-packages/airflow/example_dags/example_setup_teardown.py took 0.122 seconds
[2024-01-13T12:19:40.879+0000] {processor.py:161} INFO - Started process (PID=1483) to work on /home/airflow/.local/lib/python3.8/site-packages/airflow/example_dags/example_setup_teardown.py
[2024-01-13T12:19:40.881+0000] {processor.py:830} INFO - Processing file /home/airflow/.local/lib/python3.8/site-packages/airflow/example_dags/example_setup_teardown.py for tasks to queue
[2024-01-13T12:19:40.884+0000] {logging_mixin.py:188} INFO - [2024-01-13T12:19:40.884+0000] {dagbag.py:538} INFO - Filling up the DagBag from /home/airflow/.local/lib/python3.8/site-packages/airflow/example_dags/example_setup_teardown.py
[2024-01-13T12:19:40.894+0000] {processor.py:840} INFO - DAG(s) 'example_setup_teardown' retrieved from /home/airflow/.local/lib/python3.8/site-packages/airflow/example_dags/example_setup_teardown.py
[2024-01-13T12:19:40.923+0000] {logging_mixin.py:188} INFO - [2024-01-13T12:19:40.923+0000] {dag.py:3033} INFO - Sync 1 DAGs
[2024-01-13T12:19:40.957+0000] {logging_mixin.py:188} INFO - [2024-01-13T12:19:40.956+0000] {dag.py:3820} INFO - Setting next_dagrun for example_setup_teardown to 2024-01-12T00:00:00+00:00, run_after=2024-01-13T00:00:00+00:00
[2024-01-13T12:19:40.980+0000] {processor.py:183} INFO - Processing /home/airflow/.local/lib/python3.8/site-packages/airflow/example_dags/example_setup_teardown.py took 0.107 seconds
[2024-01-13T12:20:12.349+0000] {processor.py:161} INFO - Started process (PID=1542) to work on /home/airflow/.local/lib/python3.8/site-packages/airflow/example_dags/example_setup_teardown.py
[2024-01-13T12:20:12.350+0000] {processor.py:830} INFO - Processing file /home/airflow/.local/lib/python3.8/site-packages/airflow/example_dags/example_setup_teardown.py for tasks to queue
[2024-01-13T12:20:12.353+0000] {logging_mixin.py:188} INFO - [2024-01-13T12:20:12.353+0000] {dagbag.py:538} INFO - Filling up the DagBag from /home/airflow/.local/lib/python3.8/site-packages/airflow/example_dags/example_setup_teardown.py
[2024-01-13T12:20:12.362+0000] {processor.py:840} INFO - DAG(s) 'example_setup_teardown' retrieved from /home/airflow/.local/lib/python3.8/site-packages/airflow/example_dags/example_setup_teardown.py
[2024-01-13T12:20:12.394+0000] {logging_mixin.py:188} INFO - [2024-01-13T12:20:12.394+0000] {dag.py:3033} INFO - Sync 1 DAGs
[2024-01-13T12:20:12.424+0000] {logging_mixin.py:188} INFO - [2024-01-13T12:20:12.423+0000] {dag.py:3820} INFO - Setting next_dagrun for example_setup_teardown to 2024-01-12T00:00:00+00:00, run_after=2024-01-13T00:00:00+00:00
[2024-01-13T12:20:12.456+0000] {processor.py:183} INFO - Processing /home/airflow/.local/lib/python3.8/site-packages/airflow/example_dags/example_setup_teardown.py took 0.113 seconds
[2024-01-13T12:20:44.366+0000] {processor.py:161} INFO - Started process (PID=1602) to work on /home/airflow/.local/lib/python3.8/site-packages/airflow/example_dags/example_setup_teardown.py
[2024-01-13T12:20:44.368+0000] {processor.py:830} INFO - Processing file /home/airflow/.local/lib/python3.8/site-packages/airflow/example_dags/example_setup_teardown.py for tasks to queue
[2024-01-13T12:20:44.372+0000] {logging_mixin.py:188} INFO - [2024-01-13T12:20:44.372+0000] {dagbag.py:538} INFO - Filling up the DagBag from /home/airflow/.local/lib/python3.8/site-packages/airflow/example_dags/example_setup_teardown.py
[2024-01-13T12:20:44.386+0000] {processor.py:840} INFO - DAG(s) 'example_setup_teardown' retrieved from /home/airflow/.local/lib/python3.8/site-packages/airflow/example_dags/example_setup_teardown.py
[2024-01-13T12:20:44.425+0000] {logging_mixin.py:188} INFO - [2024-01-13T12:20:44.425+0000] {dag.py:3033} INFO - Sync 1 DAGs
[2024-01-13T12:20:44.469+0000] {logging_mixin.py:188} INFO - [2024-01-13T12:20:44.469+0000] {dag.py:3820} INFO - Setting next_dagrun for example_setup_teardown to 2024-01-12T00:00:00+00:00, run_after=2024-01-13T00:00:00+00:00
[2024-01-13T12:20:44.503+0000] {processor.py:183} INFO - Processing /home/airflow/.local/lib/python3.8/site-packages/airflow/example_dags/example_setup_teardown.py took 0.144 seconds
[2024-01-13T12:21:15.410+0000] {processor.py:161} INFO - Started process (PID=1675) to work on /home/airflow/.local/lib/python3.8/site-packages/airflow/example_dags/example_setup_teardown.py
[2024-01-13T12:21:15.411+0000] {processor.py:830} INFO - Processing file /home/airflow/.local/lib/python3.8/site-packages/airflow/example_dags/example_setup_teardown.py for tasks to queue
[2024-01-13T12:21:15.415+0000] {logging_mixin.py:188} INFO - [2024-01-13T12:21:15.415+0000] {dagbag.py:538} INFO - Filling up the DagBag from /home/airflow/.local/lib/python3.8/site-packages/airflow/example_dags/example_setup_teardown.py
[2024-01-13T12:21:15.428+0000] {processor.py:840} INFO - DAG(s) 'example_setup_teardown' retrieved from /home/airflow/.local/lib/python3.8/site-packages/airflow/example_dags/example_setup_teardown.py
[2024-01-13T12:21:15.474+0000] {logging_mixin.py:188} INFO - [2024-01-13T12:21:15.474+0000] {dag.py:3033} INFO - Sync 1 DAGs
[2024-01-13T12:21:15.516+0000] {logging_mixin.py:188} INFO - [2024-01-13T12:21:15.516+0000] {dag.py:3820} INFO - Setting next_dagrun for example_setup_teardown to 2024-01-12T00:00:00+00:00, run_after=2024-01-13T00:00:00+00:00
[2024-01-13T12:21:15.547+0000] {processor.py:183} INFO - Processing /home/airflow/.local/lib/python3.8/site-packages/airflow/example_dags/example_setup_teardown.py took 0.144 seconds
[2024-01-13T12:21:46.198+0000] {processor.py:161} INFO - Started process (PID=1741) to work on /home/airflow/.local/lib/python3.8/site-packages/airflow/example_dags/example_setup_teardown.py
[2024-01-13T12:21:46.200+0000] {processor.py:830} INFO - Processing file /home/airflow/.local/lib/python3.8/site-packages/airflow/example_dags/example_setup_teardown.py for tasks to queue
[2024-01-13T12:21:46.203+0000] {logging_mixin.py:188} INFO - [2024-01-13T12:21:46.203+0000] {dagbag.py:538} INFO - Filling up the DagBag from /home/airflow/.local/lib/python3.8/site-packages/airflow/example_dags/example_setup_teardown.py
[2024-01-13T12:21:46.213+0000] {processor.py:840} INFO - DAG(s) 'example_setup_teardown' retrieved from /home/airflow/.local/lib/python3.8/site-packages/airflow/example_dags/example_setup_teardown.py
[2024-01-13T12:21:46.242+0000] {logging_mixin.py:188} INFO - [2024-01-13T12:21:46.242+0000] {dag.py:3033} INFO - Sync 1 DAGs
[2024-01-13T12:21:46.270+0000] {logging_mixin.py:188} INFO - [2024-01-13T12:21:46.270+0000] {dag.py:3820} INFO - Setting next_dagrun for example_setup_teardown to 2024-01-12T00:00:00+00:00, run_after=2024-01-13T00:00:00+00:00
[2024-01-13T12:21:46.298+0000] {processor.py:183} INFO - Processing /home/airflow/.local/lib/python3.8/site-packages/airflow/example_dags/example_setup_teardown.py took 0.105 seconds
[2024-01-13T12:22:18.136+0000] {processor.py:161} INFO - Started process (PID=1813) to work on /home/airflow/.local/lib/python3.8/site-packages/airflow/example_dags/example_setup_teardown.py
[2024-01-13T12:22:18.137+0000] {processor.py:830} INFO - Processing file /home/airflow/.local/lib/python3.8/site-packages/airflow/example_dags/example_setup_teardown.py for tasks to queue
[2024-01-13T12:22:18.140+0000] {logging_mixin.py:188} INFO - [2024-01-13T12:22:18.140+0000] {dagbag.py:538} INFO - Filling up the DagBag from /home/airflow/.local/lib/python3.8/site-packages/airflow/example_dags/example_setup_teardown.py
[2024-01-13T12:22:18.150+0000] {processor.py:840} INFO - DAG(s) 'example_setup_teardown' retrieved from /home/airflow/.local/lib/python3.8/site-packages/airflow/example_dags/example_setup_teardown.py
[2024-01-13T12:22:18.180+0000] {logging_mixin.py:188} INFO - [2024-01-13T12:22:18.180+0000] {dag.py:3033} INFO - Sync 1 DAGs
[2024-01-13T12:22:18.211+0000] {logging_mixin.py:188} INFO - [2024-01-13T12:22:18.211+0000] {dag.py:3820} INFO - Setting next_dagrun for example_setup_teardown to 2024-01-12T00:00:00+00:00, run_after=2024-01-13T00:00:00+00:00
[2024-01-13T12:22:18.234+0000] {processor.py:183} INFO - Processing /home/airflow/.local/lib/python3.8/site-packages/airflow/example_dags/example_setup_teardown.py took 0.103 seconds
[2024-01-13T12:22:50.287+0000] {processor.py:161} INFO - Started process (PID=1906) to work on /home/airflow/.local/lib/python3.8/site-packages/airflow/example_dags/example_setup_teardown.py
[2024-01-13T12:22:50.291+0000] {processor.py:830} INFO - Processing file /home/airflow/.local/lib/python3.8/site-packages/airflow/example_dags/example_setup_teardown.py for tasks to queue
[2024-01-13T12:22:50.295+0000] {logging_mixin.py:188} INFO - [2024-01-13T12:22:50.294+0000] {dagbag.py:538} INFO - Filling up the DagBag from /home/airflow/.local/lib/python3.8/site-packages/airflow/example_dags/example_setup_teardown.py
[2024-01-13T12:22:50.312+0000] {processor.py:840} INFO - DAG(s) 'example_setup_teardown' retrieved from /home/airflow/.local/lib/python3.8/site-packages/airflow/example_dags/example_setup_teardown.py
[2024-01-13T12:22:50.357+0000] {logging_mixin.py:188} INFO - [2024-01-13T12:22:50.357+0000] {dag.py:3033} INFO - Sync 1 DAGs
[2024-01-13T12:22:50.406+0000] {logging_mixin.py:188} INFO - [2024-01-13T12:22:50.405+0000] {dag.py:3820} INFO - Setting next_dagrun for example_setup_teardown to 2024-01-12T00:00:00+00:00, run_after=2024-01-13T00:00:00+00:00
[2024-01-13T12:22:50.471+0000] {processor.py:183} INFO - Processing /home/airflow/.local/lib/python3.8/site-packages/airflow/example_dags/example_setup_teardown.py took 0.194 seconds
[2024-01-13T12:23:23.047+0000] {processor.py:161} INFO - Started process (PID=1968) to work on /home/airflow/.local/lib/python3.8/site-packages/airflow/example_dags/example_setup_teardown.py
[2024-01-13T12:23:23.050+0000] {processor.py:830} INFO - Processing file /home/airflow/.local/lib/python3.8/site-packages/airflow/example_dags/example_setup_teardown.py for tasks to queue
[2024-01-13T12:23:23.055+0000] {logging_mixin.py:188} INFO - [2024-01-13T12:23:23.054+0000] {dagbag.py:538} INFO - Filling up the DagBag from /home/airflow/.local/lib/python3.8/site-packages/airflow/example_dags/example_setup_teardown.py
[2024-01-13T12:23:23.067+0000] {processor.py:840} INFO - DAG(s) 'example_setup_teardown' retrieved from /home/airflow/.local/lib/python3.8/site-packages/airflow/example_dags/example_setup_teardown.py
[2024-01-13T12:23:23.095+0000] {logging_mixin.py:188} INFO - [2024-01-13T12:23:23.095+0000] {dag.py:3033} INFO - Sync 1 DAGs
[2024-01-13T12:23:23.124+0000] {logging_mixin.py:188} INFO - [2024-01-13T12:23:23.124+0000] {dag.py:3820} INFO - Setting next_dagrun for example_setup_teardown to 2024-01-12T00:00:00+00:00, run_after=2024-01-13T00:00:00+00:00
[2024-01-13T12:23:23.147+0000] {processor.py:183} INFO - Processing /home/airflow/.local/lib/python3.8/site-packages/airflow/example_dags/example_setup_teardown.py took 0.106 seconds
[2024-01-13T12:23:53.751+0000] {processor.py:161} INFO - Started process (PID=2027) to work on /home/airflow/.local/lib/python3.8/site-packages/airflow/example_dags/example_setup_teardown.py
[2024-01-13T12:23:53.752+0000] {processor.py:830} INFO - Processing file /home/airflow/.local/lib/python3.8/site-packages/airflow/example_dags/example_setup_teardown.py for tasks to queue
[2024-01-13T12:23:53.755+0000] {logging_mixin.py:188} INFO - [2024-01-13T12:23:53.755+0000] {dagbag.py:538} INFO - Filling up the DagBag from /home/airflow/.local/lib/python3.8/site-packages/airflow/example_dags/example_setup_teardown.py
[2024-01-13T12:23:53.765+0000] {processor.py:840} INFO - DAG(s) 'example_setup_teardown' retrieved from /home/airflow/.local/lib/python3.8/site-packages/airflow/example_dags/example_setup_teardown.py
[2024-01-13T12:23:53.793+0000] {logging_mixin.py:188} INFO - [2024-01-13T12:23:53.793+0000] {dag.py:3033} INFO - Sync 1 DAGs
[2024-01-13T12:23:53.822+0000] {logging_mixin.py:188} INFO - [2024-01-13T12:23:53.822+0000] {dag.py:3820} INFO - Setting next_dagrun for example_setup_teardown to 2024-01-12T00:00:00+00:00, run_after=2024-01-13T00:00:00+00:00
[2024-01-13T12:23:53.849+0000] {processor.py:183} INFO - Processing /home/airflow/.local/lib/python3.8/site-packages/airflow/example_dags/example_setup_teardown.py took 0.103 seconds
[2024-01-13T12:24:23.932+0000] {processor.py:161} INFO - Started process (PID=2085) to work on /home/airflow/.local/lib/python3.8/site-packages/airflow/example_dags/example_setup_teardown.py
[2024-01-13T12:24:23.935+0000] {processor.py:830} INFO - Processing file /home/airflow/.local/lib/python3.8/site-packages/airflow/example_dags/example_setup_teardown.py for tasks to queue
[2024-01-13T12:24:23.938+0000] {logging_mixin.py:188} INFO - [2024-01-13T12:24:23.938+0000] {dagbag.py:538} INFO - Filling up the DagBag from /home/airflow/.local/lib/python3.8/site-packages/airflow/example_dags/example_setup_teardown.py
[2024-01-13T12:24:23.949+0000] {processor.py:840} INFO - DAG(s) 'example_setup_teardown' retrieved from /home/airflow/.local/lib/python3.8/site-packages/airflow/example_dags/example_setup_teardown.py
[2024-01-13T12:24:23.981+0000] {logging_mixin.py:188} INFO - [2024-01-13T12:24:23.981+0000] {dag.py:3033} INFO - Sync 1 DAGs
[2024-01-13T12:24:24.011+0000] {logging_mixin.py:188} INFO - [2024-01-13T12:24:24.010+0000] {dag.py:3820} INFO - Setting next_dagrun for example_setup_teardown to 2024-01-12T00:00:00+00:00, run_after=2024-01-13T00:00:00+00:00
[2024-01-13T12:24:24.038+0000] {processor.py:183} INFO - Processing /home/airflow/.local/lib/python3.8/site-packages/airflow/example_dags/example_setup_teardown.py took 0.112 seconds
[2024-01-13T12:24:54.594+0000] {processor.py:161} INFO - Started process (PID=2145) to work on /home/airflow/.local/lib/python3.8/site-packages/airflow/example_dags/example_setup_teardown.py
[2024-01-13T12:24:54.596+0000] {processor.py:830} INFO - Processing file /home/airflow/.local/lib/python3.8/site-packages/airflow/example_dags/example_setup_teardown.py for tasks to queue
[2024-01-13T12:24:54.599+0000] {logging_mixin.py:188} INFO - [2024-01-13T12:24:54.599+0000] {dagbag.py:538} INFO - Filling up the DagBag from /home/airflow/.local/lib/python3.8/site-packages/airflow/example_dags/example_setup_teardown.py
[2024-01-13T12:24:54.609+0000] {processor.py:840} INFO - DAG(s) 'example_setup_teardown' retrieved from /home/airflow/.local/lib/python3.8/site-packages/airflow/example_dags/example_setup_teardown.py
[2024-01-13T12:24:54.639+0000] {logging_mixin.py:188} INFO - [2024-01-13T12:24:54.639+0000] {dag.py:3033} INFO - Sync 1 DAGs
[2024-01-13T12:24:54.671+0000] {logging_mixin.py:188} INFO - [2024-01-13T12:24:54.670+0000] {dag.py:3820} INFO - Setting next_dagrun for example_setup_teardown to 2024-01-12T00:00:00+00:00, run_after=2024-01-13T00:00:00+00:00
[2024-01-13T12:24:54.694+0000] {processor.py:183} INFO - Processing /home/airflow/.local/lib/python3.8/site-packages/airflow/example_dags/example_setup_teardown.py took 0.105 seconds
[2024-01-13T12:25:25.468+0000] {processor.py:161} INFO - Started process (PID=2204) to work on /home/airflow/.local/lib/python3.8/site-packages/airflow/example_dags/example_setup_teardown.py
[2024-01-13T12:25:25.472+0000] {processor.py:830} INFO - Processing file /home/airflow/.local/lib/python3.8/site-packages/airflow/example_dags/example_setup_teardown.py for tasks to queue
[2024-01-13T12:25:25.477+0000] {logging_mixin.py:188} INFO - [2024-01-13T12:25:25.476+0000] {dagbag.py:538} INFO - Filling up the DagBag from /home/airflow/.local/lib/python3.8/site-packages/airflow/example_dags/example_setup_teardown.py
[2024-01-13T12:25:25.493+0000] {processor.py:840} INFO - DAG(s) 'example_setup_teardown' retrieved from /home/airflow/.local/lib/python3.8/site-packages/airflow/example_dags/example_setup_teardown.py
[2024-01-13T12:25:25.538+0000] {logging_mixin.py:188} INFO - [2024-01-13T12:25:25.538+0000] {dag.py:3033} INFO - Sync 1 DAGs
[2024-01-13T12:25:25.580+0000] {logging_mixin.py:188} INFO - [2024-01-13T12:25:25.580+0000] {dag.py:3820} INFO - Setting next_dagrun for example_setup_teardown to 2024-01-12T00:00:00+00:00, run_after=2024-01-13T00:00:00+00:00
[2024-01-13T12:25:25.613+0000] {processor.py:183} INFO - Processing /home/airflow/.local/lib/python3.8/site-packages/airflow/example_dags/example_setup_teardown.py took 0.153 seconds
