[2024-01-13T11:57:48.702+0000] {processor.py:161} INFO - Started process (PID=74) to work on /home/airflow/.local/lib/python3.8/site-packages/airflow/example_dags/example_xcomargs.py
[2024-01-13T11:57:48.703+0000] {processor.py:830} INFO - Processing file /home/airflow/.local/lib/python3.8/site-packages/airflow/example_dags/example_xcomargs.py for tasks to queue
[2024-01-13T11:57:48.713+0000] {logging_mixin.py:188} INFO - [2024-01-13T11:57:48.713+0000] {dagbag.py:538} INFO - Filling up the DagBag from /home/airflow/.local/lib/python3.8/site-packages/airflow/example_dags/example_xcomargs.py
[2024-01-13T11:57:48.738+0000] {processor.py:840} INFO - DAG(s) 'example_xcom_args', 'example_xcom_args_with_operators' retrieved from /home/airflow/.local/lib/python3.8/site-packages/airflow/example_dags/example_xcomargs.py
[2024-01-13T11:57:48.964+0000] {logging_mixin.py:188} INFO - [2024-01-13T11:57:48.963+0000] {override.py:1769} INFO - Created Permission View: can edit on DAG:example_xcom_args
[2024-01-13T11:57:48.980+0000] {logging_mixin.py:188} INFO - [2024-01-13T11:57:48.979+0000] {override.py:1769} INFO - Created Permission View: can read on DAG:example_xcom_args
[2024-01-13T11:57:48.989+0000] {logging_mixin.py:188} INFO - [2024-01-13T11:57:48.989+0000] {override.py:1769} INFO - Created Permission View: can delete on DAG:example_xcom_args
[2024-01-13T11:57:49.014+0000] {logging_mixin.py:188} INFO - [2024-01-13T11:57:49.014+0000] {override.py:1769} INFO - Created Permission View: can edit on DAG:example_xcom_args_with_operators
[2024-01-13T11:57:49.042+0000] {logging_mixin.py:188} INFO - [2024-01-13T11:57:49.042+0000] {override.py:1769} INFO - Created Permission View: can read on DAG:example_xcom_args_with_operators
[2024-01-13T11:57:49.053+0000] {logging_mixin.py:188} INFO - [2024-01-13T11:57:49.052+0000] {override.py:1769} INFO - Created Permission View: can delete on DAG:example_xcom_args_with_operators
[2024-01-13T11:57:49.053+0000] {logging_mixin.py:188} INFO - [2024-01-13T11:57:49.053+0000] {dag.py:3033} INFO - Sync 2 DAGs
[2024-01-13T11:57:49.074+0000] {logging_mixin.py:188} INFO - [2024-01-13T11:57:49.074+0000] {dag.py:3055} INFO - Creating ORM DAG for example_xcom_args_with_operators
[2024-01-13T11:57:49.075+0000] {logging_mixin.py:188} INFO - [2024-01-13T11:57:49.075+0000] {dag.py:3055} INFO - Creating ORM DAG for example_xcom_args
[2024-01-13T11:57:49.076+0000] {logging_mixin.py:188} INFO - [2024-01-13T11:57:49.076+0000] {dag.py:3820} INFO - Setting next_dagrun for example_xcom_args to None, run_after=None
[2024-01-13T11:57:49.077+0000] {logging_mixin.py:188} INFO - [2024-01-13T11:57:49.077+0000] {dag.py:3820} INFO - Setting next_dagrun for example_xcom_args_with_operators to None, run_after=None
[2024-01-13T11:57:49.105+0000] {processor.py:183} INFO - Processing /home/airflow/.local/lib/python3.8/site-packages/airflow/example_dags/example_xcomargs.py took 0.410 seconds
[2024-01-13T11:58:19.452+0000] {processor.py:161} INFO - Started process (PID=133) to work on /home/airflow/.local/lib/python3.8/site-packages/airflow/example_dags/example_xcomargs.py
[2024-01-13T11:58:19.454+0000] {processor.py:830} INFO - Processing file /home/airflow/.local/lib/python3.8/site-packages/airflow/example_dags/example_xcomargs.py for tasks to queue
[2024-01-13T11:58:19.458+0000] {logging_mixin.py:188} INFO - [2024-01-13T11:58:19.458+0000] {dagbag.py:538} INFO - Filling up the DagBag from /home/airflow/.local/lib/python3.8/site-packages/airflow/example_dags/example_xcomargs.py
[2024-01-13T11:58:19.473+0000] {processor.py:840} INFO - DAG(s) 'example_xcom_args', 'example_xcom_args_with_operators' retrieved from /home/airflow/.local/lib/python3.8/site-packages/airflow/example_dags/example_xcomargs.py
[2024-01-13T11:58:19.519+0000] {logging_mixin.py:188} INFO - [2024-01-13T11:58:19.519+0000] {dag.py:3033} INFO - Sync 2 DAGs
[2024-01-13T11:58:19.542+0000] {logging_mixin.py:188} INFO - [2024-01-13T11:58:19.542+0000] {dag.py:3820} INFO - Setting next_dagrun for example_xcom_args to None, run_after=None
[2024-01-13T11:58:19.548+0000] {logging_mixin.py:188} INFO - [2024-01-13T11:58:19.548+0000] {dag.py:3820} INFO - Setting next_dagrun for example_xcom_args_with_operators to None, run_after=None
[2024-01-13T11:58:19.568+0000] {processor.py:183} INFO - Processing /home/airflow/.local/lib/python3.8/site-packages/airflow/example_dags/example_xcomargs.py took 0.121 seconds
[2024-01-13T11:58:49.782+0000] {processor.py:161} INFO - Started process (PID=192) to work on /home/airflow/.local/lib/python3.8/site-packages/airflow/example_dags/example_xcomargs.py
[2024-01-13T11:58:49.784+0000] {processor.py:830} INFO - Processing file /home/airflow/.local/lib/python3.8/site-packages/airflow/example_dags/example_xcomargs.py for tasks to queue
[2024-01-13T11:58:49.788+0000] {logging_mixin.py:188} INFO - [2024-01-13T11:58:49.787+0000] {dagbag.py:538} INFO - Filling up the DagBag from /home/airflow/.local/lib/python3.8/site-packages/airflow/example_dags/example_xcomargs.py
[2024-01-13T11:58:49.807+0000] {processor.py:840} INFO - DAG(s) 'example_xcom_args', 'example_xcom_args_with_operators' retrieved from /home/airflow/.local/lib/python3.8/site-packages/airflow/example_dags/example_xcomargs.py
[2024-01-13T11:58:49.859+0000] {logging_mixin.py:188} INFO - [2024-01-13T11:58:49.859+0000] {dag.py:3033} INFO - Sync 2 DAGs
[2024-01-13T11:58:49.884+0000] {logging_mixin.py:188} INFO - [2024-01-13T11:58:49.883+0000] {dag.py:3820} INFO - Setting next_dagrun for example_xcom_args to None, run_after=None
[2024-01-13T11:58:49.890+0000] {logging_mixin.py:188} INFO - [2024-01-13T11:58:49.890+0000] {dag.py:3820} INFO - Setting next_dagrun for example_xcom_args_with_operators to None, run_after=None
[2024-01-13T11:58:49.919+0000] {processor.py:183} INFO - Processing /home/airflow/.local/lib/python3.8/site-packages/airflow/example_dags/example_xcomargs.py took 0.144 seconds
[2024-01-13T11:59:20.813+0000] {processor.py:161} INFO - Started process (PID=257) to work on /home/airflow/.local/lib/python3.8/site-packages/airflow/example_dags/example_xcomargs.py
[2024-01-13T11:59:20.814+0000] {processor.py:830} INFO - Processing file /home/airflow/.local/lib/python3.8/site-packages/airflow/example_dags/example_xcomargs.py for tasks to queue
[2024-01-13T11:59:20.820+0000] {logging_mixin.py:188} INFO - [2024-01-13T11:59:20.819+0000] {dagbag.py:538} INFO - Filling up the DagBag from /home/airflow/.local/lib/python3.8/site-packages/airflow/example_dags/example_xcomargs.py
[2024-01-13T11:59:20.834+0000] {processor.py:840} INFO - DAG(s) 'example_xcom_args', 'example_xcom_args_with_operators' retrieved from /home/airflow/.local/lib/python3.8/site-packages/airflow/example_dags/example_xcomargs.py
[2024-01-13T11:59:20.869+0000] {logging_mixin.py:188} INFO - [2024-01-13T11:59:20.869+0000] {dag.py:3033} INFO - Sync 2 DAGs
[2024-01-13T11:59:20.886+0000] {logging_mixin.py:188} INFO - [2024-01-13T11:59:20.886+0000] {dag.py:3820} INFO - Setting next_dagrun for example_xcom_args to None, run_after=None
[2024-01-13T11:59:20.891+0000] {logging_mixin.py:188} INFO - [2024-01-13T11:59:20.891+0000] {dag.py:3820} INFO - Setting next_dagrun for example_xcom_args_with_operators to None, run_after=None
[2024-01-13T11:59:20.911+0000] {processor.py:183} INFO - Processing /home/airflow/.local/lib/python3.8/site-packages/airflow/example_dags/example_xcomargs.py took 0.104 seconds
[2024-01-13T11:59:51.573+0000] {processor.py:161} INFO - Started process (PID=316) to work on /home/airflow/.local/lib/python3.8/site-packages/airflow/example_dags/example_xcomargs.py
[2024-01-13T11:59:51.575+0000] {processor.py:830} INFO - Processing file /home/airflow/.local/lib/python3.8/site-packages/airflow/example_dags/example_xcomargs.py for tasks to queue
[2024-01-13T11:59:51.578+0000] {logging_mixin.py:188} INFO - [2024-01-13T11:59:51.578+0000] {dagbag.py:538} INFO - Filling up the DagBag from /home/airflow/.local/lib/python3.8/site-packages/airflow/example_dags/example_xcomargs.py
[2024-01-13T11:59:51.589+0000] {processor.py:840} INFO - DAG(s) 'example_xcom_args', 'example_xcom_args_with_operators' retrieved from /home/airflow/.local/lib/python3.8/site-packages/airflow/example_dags/example_xcomargs.py
[2024-01-13T11:59:51.624+0000] {logging_mixin.py:188} INFO - [2024-01-13T11:59:51.624+0000] {dag.py:3033} INFO - Sync 2 DAGs
[2024-01-13T11:59:51.642+0000] {logging_mixin.py:188} INFO - [2024-01-13T11:59:51.641+0000] {dag.py:3820} INFO - Setting next_dagrun for example_xcom_args to None, run_after=None
[2024-01-13T11:59:51.648+0000] {logging_mixin.py:188} INFO - [2024-01-13T11:59:51.648+0000] {dag.py:3820} INFO - Setting next_dagrun for example_xcom_args_with_operators to None, run_after=None
[2024-01-13T11:59:51.672+0000] {processor.py:183} INFO - Processing /home/airflow/.local/lib/python3.8/site-packages/airflow/example_dags/example_xcomargs.py took 0.104 seconds
[2024-01-13T12:00:22.266+0000] {processor.py:161} INFO - Started process (PID=375) to work on /home/airflow/.local/lib/python3.8/site-packages/airflow/example_dags/example_xcomargs.py
[2024-01-13T12:00:22.268+0000] {processor.py:830} INFO - Processing file /home/airflow/.local/lib/python3.8/site-packages/airflow/example_dags/example_xcomargs.py for tasks to queue
[2024-01-13T12:00:22.272+0000] {logging_mixin.py:188} INFO - [2024-01-13T12:00:22.271+0000] {dagbag.py:538} INFO - Filling up the DagBag from /home/airflow/.local/lib/python3.8/site-packages/airflow/example_dags/example_xcomargs.py
[2024-01-13T12:00:22.283+0000] {processor.py:840} INFO - DAG(s) 'example_xcom_args', 'example_xcom_args_with_operators' retrieved from /home/airflow/.local/lib/python3.8/site-packages/airflow/example_dags/example_xcomargs.py
[2024-01-13T12:00:22.317+0000] {logging_mixin.py:188} INFO - [2024-01-13T12:00:22.317+0000] {dag.py:3033} INFO - Sync 2 DAGs
[2024-01-13T12:00:22.333+0000] {logging_mixin.py:188} INFO - [2024-01-13T12:00:22.333+0000] {dag.py:3820} INFO - Setting next_dagrun for example_xcom_args to None, run_after=None
[2024-01-13T12:00:22.338+0000] {logging_mixin.py:188} INFO - [2024-01-13T12:00:22.337+0000] {dag.py:3820} INFO - Setting next_dagrun for example_xcom_args_with_operators to None, run_after=None
[2024-01-13T12:00:22.361+0000] {processor.py:183} INFO - Processing /home/airflow/.local/lib/python3.8/site-packages/airflow/example_dags/example_xcomargs.py took 0.099 seconds
[2024-01-13T12:00:52.717+0000] {processor.py:161} INFO - Started process (PID=434) to work on /home/airflow/.local/lib/python3.8/site-packages/airflow/example_dags/example_xcomargs.py
[2024-01-13T12:00:52.719+0000] {processor.py:830} INFO - Processing file /home/airflow/.local/lib/python3.8/site-packages/airflow/example_dags/example_xcomargs.py for tasks to queue
[2024-01-13T12:00:52.723+0000] {logging_mixin.py:188} INFO - [2024-01-13T12:00:52.722+0000] {dagbag.py:538} INFO - Filling up the DagBag from /home/airflow/.local/lib/python3.8/site-packages/airflow/example_dags/example_xcomargs.py
[2024-01-13T12:00:52.736+0000] {processor.py:840} INFO - DAG(s) 'example_xcom_args_with_operators', 'example_xcom_args' retrieved from /home/airflow/.local/lib/python3.8/site-packages/airflow/example_dags/example_xcomargs.py
[2024-01-13T12:00:52.766+0000] {logging_mixin.py:188} INFO - [2024-01-13T12:00:52.765+0000] {dag.py:3033} INFO - Sync 2 DAGs
[2024-01-13T12:00:52.782+0000] {logging_mixin.py:188} INFO - [2024-01-13T12:00:52.781+0000] {dag.py:3820} INFO - Setting next_dagrun for example_xcom_args to None, run_after=None
[2024-01-13T12:00:52.786+0000] {logging_mixin.py:188} INFO - [2024-01-13T12:00:52.786+0000] {dag.py:3820} INFO - Setting next_dagrun for example_xcom_args_with_operators to None, run_after=None
[2024-01-13T12:00:52.805+0000] {processor.py:183} INFO - Processing /home/airflow/.local/lib/python3.8/site-packages/airflow/example_dags/example_xcomargs.py took 0.094 seconds
[2024-01-13T12:01:23.449+0000] {processor.py:161} INFO - Started process (PID=493) to work on /home/airflow/.local/lib/python3.8/site-packages/airflow/example_dags/example_xcomargs.py
[2024-01-13T12:01:23.450+0000] {processor.py:830} INFO - Processing file /home/airflow/.local/lib/python3.8/site-packages/airflow/example_dags/example_xcomargs.py for tasks to queue
[2024-01-13T12:01:23.453+0000] {logging_mixin.py:188} INFO - [2024-01-13T12:01:23.453+0000] {dagbag.py:538} INFO - Filling up the DagBag from /home/airflow/.local/lib/python3.8/site-packages/airflow/example_dags/example_xcomargs.py
[2024-01-13T12:01:23.467+0000] {processor.py:840} INFO - DAG(s) 'example_xcom_args_with_operators', 'example_xcom_args' retrieved from /home/airflow/.local/lib/python3.8/site-packages/airflow/example_dags/example_xcomargs.py
[2024-01-13T12:01:23.499+0000] {logging_mixin.py:188} INFO - [2024-01-13T12:01:23.499+0000] {dag.py:3033} INFO - Sync 2 DAGs
[2024-01-13T12:01:23.517+0000] {logging_mixin.py:188} INFO - [2024-01-13T12:01:23.517+0000] {dag.py:3820} INFO - Setting next_dagrun for example_xcom_args to None, run_after=None
[2024-01-13T12:01:23.524+0000] {logging_mixin.py:188} INFO - [2024-01-13T12:01:23.524+0000] {dag.py:3820} INFO - Setting next_dagrun for example_xcom_args_with_operators to None, run_after=None
[2024-01-13T12:01:23.545+0000] {processor.py:183} INFO - Processing /home/airflow/.local/lib/python3.8/site-packages/airflow/example_dags/example_xcomargs.py took 0.101 seconds
[2024-01-13T12:01:53.661+0000] {processor.py:161} INFO - Started process (PID=551) to work on /home/airflow/.local/lib/python3.8/site-packages/airflow/example_dags/example_xcomargs.py
[2024-01-13T12:01:53.662+0000] {processor.py:830} INFO - Processing file /home/airflow/.local/lib/python3.8/site-packages/airflow/example_dags/example_xcomargs.py for tasks to queue
[2024-01-13T12:01:53.666+0000] {logging_mixin.py:188} INFO - [2024-01-13T12:01:53.665+0000] {dagbag.py:538} INFO - Filling up the DagBag from /home/airflow/.local/lib/python3.8/site-packages/airflow/example_dags/example_xcomargs.py
[2024-01-13T12:01:53.677+0000] {processor.py:840} INFO - DAG(s) 'example_xcom_args', 'example_xcom_args_with_operators' retrieved from /home/airflow/.local/lib/python3.8/site-packages/airflow/example_dags/example_xcomargs.py
[2024-01-13T12:01:53.707+0000] {logging_mixin.py:188} INFO - [2024-01-13T12:01:53.707+0000] {dag.py:3033} INFO - Sync 2 DAGs
[2024-01-13T12:01:53.724+0000] {logging_mixin.py:188} INFO - [2024-01-13T12:01:53.723+0000] {dag.py:3820} INFO - Setting next_dagrun for example_xcom_args to None, run_after=None
[2024-01-13T12:01:53.728+0000] {logging_mixin.py:188} INFO - [2024-01-13T12:01:53.728+0000] {dag.py:3820} INFO - Setting next_dagrun for example_xcom_args_with_operators to None, run_after=None
[2024-01-13T12:01:53.748+0000] {processor.py:183} INFO - Processing /home/airflow/.local/lib/python3.8/site-packages/airflow/example_dags/example_xcomargs.py took 0.092 seconds
[2024-01-13T12:02:23.876+0000] {processor.py:161} INFO - Started process (PID=618) to work on /home/airflow/.local/lib/python3.8/site-packages/airflow/example_dags/example_xcomargs.py
[2024-01-13T12:02:23.877+0000] {processor.py:830} INFO - Processing file /home/airflow/.local/lib/python3.8/site-packages/airflow/example_dags/example_xcomargs.py for tasks to queue
[2024-01-13T12:02:23.879+0000] {logging_mixin.py:188} INFO - [2024-01-13T12:02:23.879+0000] {dagbag.py:538} INFO - Filling up the DagBag from /home/airflow/.local/lib/python3.8/site-packages/airflow/example_dags/example_xcomargs.py
[2024-01-13T12:02:23.891+0000] {processor.py:840} INFO - DAG(s) 'example_xcom_args_with_operators', 'example_xcom_args' retrieved from /home/airflow/.local/lib/python3.8/site-packages/airflow/example_dags/example_xcomargs.py
[2024-01-13T12:02:23.923+0000] {logging_mixin.py:188} INFO - [2024-01-13T12:02:23.923+0000] {dag.py:3033} INFO - Sync 2 DAGs
[2024-01-13T12:02:23.942+0000] {logging_mixin.py:188} INFO - [2024-01-13T12:02:23.941+0000] {dag.py:3820} INFO - Setting next_dagrun for example_xcom_args to None, run_after=None
[2024-01-13T12:02:23.948+0000] {logging_mixin.py:188} INFO - [2024-01-13T12:02:23.948+0000] {dag.py:3820} INFO - Setting next_dagrun for example_xcom_args_with_operators to None, run_after=None
[2024-01-13T12:02:23.973+0000] {processor.py:183} INFO - Processing /home/airflow/.local/lib/python3.8/site-packages/airflow/example_dags/example_xcomargs.py took 0.102 seconds
[2024-01-13T12:07:42.964+0000] {processor.py:161} INFO - Started process (PID=74) to work on /home/airflow/.local/lib/python3.8/site-packages/airflow/example_dags/example_xcomargs.py
[2024-01-13T12:07:42.967+0000] {processor.py:830} INFO - Processing file /home/airflow/.local/lib/python3.8/site-packages/airflow/example_dags/example_xcomargs.py for tasks to queue
[2024-01-13T12:07:42.972+0000] {logging_mixin.py:188} INFO - [2024-01-13T12:07:42.971+0000] {dagbag.py:538} INFO - Filling up the DagBag from /home/airflow/.local/lib/python3.8/site-packages/airflow/example_dags/example_xcomargs.py
[2024-01-13T12:07:42.988+0000] {processor.py:840} INFO - DAG(s) 'example_xcom_args', 'example_xcom_args_with_operators' retrieved from /home/airflow/.local/lib/python3.8/site-packages/airflow/example_dags/example_xcomargs.py
[2024-01-13T12:07:43.008+0000] {logging_mixin.py:188} INFO - [2024-01-13T12:07:43.008+0000] {dag.py:3033} INFO - Sync 2 DAGs
[2024-01-13T12:07:43.036+0000] {logging_mixin.py:188} INFO - [2024-01-13T12:07:43.035+0000] {dag.py:3820} INFO - Setting next_dagrun for example_xcom_args to None, run_after=None
[2024-01-13T12:07:43.042+0000] {logging_mixin.py:188} INFO - [2024-01-13T12:07:43.042+0000] {dag.py:3820} INFO - Setting next_dagrun for example_xcom_args_with_operators to None, run_after=None
[2024-01-13T12:07:43.069+0000] {processor.py:183} INFO - Processing /home/airflow/.local/lib/python3.8/site-packages/airflow/example_dags/example_xcomargs.py took 0.111 seconds
[2024-01-13T12:08:18.938+0000] {processor.py:161} INFO - Started process (PID=161) to work on /home/airflow/.local/lib/python3.8/site-packages/airflow/example_dags/example_xcomargs.py
[2024-01-13T12:08:18.940+0000] {processor.py:830} INFO - Processing file /home/airflow/.local/lib/python3.8/site-packages/airflow/example_dags/example_xcomargs.py for tasks to queue
[2024-01-13T12:08:18.944+0000] {logging_mixin.py:188} INFO - [2024-01-13T12:08:18.944+0000] {dagbag.py:538} INFO - Filling up the DagBag from /home/airflow/.local/lib/python3.8/site-packages/airflow/example_dags/example_xcomargs.py
[2024-01-13T12:08:18.969+0000] {processor.py:840} INFO - DAG(s) 'example_xcom_args', 'example_xcom_args_with_operators' retrieved from /home/airflow/.local/lib/python3.8/site-packages/airflow/example_dags/example_xcomargs.py
[2024-01-13T12:08:19.285+0000] {logging_mixin.py:188} INFO - [2024-01-13T12:08:19.284+0000] {dag.py:3033} INFO - Sync 2 DAGs
[2024-01-13T12:08:19.311+0000] {logging_mixin.py:188} INFO - [2024-01-13T12:08:19.311+0000] {dag.py:3820} INFO - Setting next_dagrun for example_xcom_args to None, run_after=None
[2024-01-13T12:08:19.319+0000] {logging_mixin.py:188} INFO - [2024-01-13T12:08:19.319+0000] {dag.py:3820} INFO - Setting next_dagrun for example_xcom_args_with_operators to None, run_after=None
[2024-01-13T12:08:19.363+0000] {processor.py:183} INFO - Processing /home/airflow/.local/lib/python3.8/site-packages/airflow/example_dags/example_xcomargs.py took 0.435 seconds
[2024-01-13T12:08:50.217+0000] {processor.py:161} INFO - Started process (PID=220) to work on /home/airflow/.local/lib/python3.8/site-packages/airflow/example_dags/example_xcomargs.py
[2024-01-13T12:08:50.219+0000] {processor.py:830} INFO - Processing file /home/airflow/.local/lib/python3.8/site-packages/airflow/example_dags/example_xcomargs.py for tasks to queue
[2024-01-13T12:08:50.223+0000] {logging_mixin.py:188} INFO - [2024-01-13T12:08:50.222+0000] {dagbag.py:538} INFO - Filling up the DagBag from /home/airflow/.local/lib/python3.8/site-packages/airflow/example_dags/example_xcomargs.py
[2024-01-13T12:08:50.237+0000] {processor.py:840} INFO - DAG(s) 'example_xcom_args', 'example_xcom_args_with_operators' retrieved from /home/airflow/.local/lib/python3.8/site-packages/airflow/example_dags/example_xcomargs.py
[2024-01-13T12:08:50.271+0000] {logging_mixin.py:188} INFO - [2024-01-13T12:08:50.271+0000] {dag.py:3033} INFO - Sync 2 DAGs
[2024-01-13T12:08:50.289+0000] {logging_mixin.py:188} INFO - [2024-01-13T12:08:50.288+0000] {dag.py:3820} INFO - Setting next_dagrun for example_xcom_args to None, run_after=None
[2024-01-13T12:08:50.293+0000] {logging_mixin.py:188} INFO - [2024-01-13T12:08:50.293+0000] {dag.py:3820} INFO - Setting next_dagrun for example_xcom_args_with_operators to None, run_after=None
[2024-01-13T12:08:50.314+0000] {processor.py:183} INFO - Processing /home/airflow/.local/lib/python3.8/site-packages/airflow/example_dags/example_xcomargs.py took 0.102 seconds
[2024-01-13T12:09:20.625+0000] {processor.py:161} INFO - Started process (PID=280) to work on /home/airflow/.local/lib/python3.8/site-packages/airflow/example_dags/example_xcomargs.py
[2024-01-13T12:09:20.626+0000] {processor.py:830} INFO - Processing file /home/airflow/.local/lib/python3.8/site-packages/airflow/example_dags/example_xcomargs.py for tasks to queue
[2024-01-13T12:09:20.631+0000] {logging_mixin.py:188} INFO - [2024-01-13T12:09:20.630+0000] {dagbag.py:538} INFO - Filling up the DagBag from /home/airflow/.local/lib/python3.8/site-packages/airflow/example_dags/example_xcomargs.py
[2024-01-13T12:09:20.641+0000] {processor.py:840} INFO - DAG(s) 'example_xcom_args', 'example_xcom_args_with_operators' retrieved from /home/airflow/.local/lib/python3.8/site-packages/airflow/example_dags/example_xcomargs.py
[2024-01-13T12:09:20.678+0000] {logging_mixin.py:188} INFO - [2024-01-13T12:09:20.678+0000] {dag.py:3033} INFO - Sync 2 DAGs
[2024-01-13T12:09:20.699+0000] {logging_mixin.py:188} INFO - [2024-01-13T12:09:20.699+0000] {dag.py:3820} INFO - Setting next_dagrun for example_xcom_args to None, run_after=None
[2024-01-13T12:09:20.705+0000] {logging_mixin.py:188} INFO - [2024-01-13T12:09:20.705+0000] {dag.py:3820} INFO - Setting next_dagrun for example_xcom_args_with_operators to None, run_after=None
[2024-01-13T12:09:20.724+0000] {processor.py:183} INFO - Processing /home/airflow/.local/lib/python3.8/site-packages/airflow/example_dags/example_xcomargs.py took 0.105 seconds
[2024-01-13T12:09:50.830+0000] {processor.py:161} INFO - Started process (PID=339) to work on /home/airflow/.local/lib/python3.8/site-packages/airflow/example_dags/example_xcomargs.py
[2024-01-13T12:09:50.832+0000] {processor.py:830} INFO - Processing file /home/airflow/.local/lib/python3.8/site-packages/airflow/example_dags/example_xcomargs.py for tasks to queue
[2024-01-13T12:09:50.836+0000] {logging_mixin.py:188} INFO - [2024-01-13T12:09:50.835+0000] {dagbag.py:538} INFO - Filling up the DagBag from /home/airflow/.local/lib/python3.8/site-packages/airflow/example_dags/example_xcomargs.py
[2024-01-13T12:09:50.850+0000] {processor.py:840} INFO - DAG(s) 'example_xcom_args_with_operators', 'example_xcom_args' retrieved from /home/airflow/.local/lib/python3.8/site-packages/airflow/example_dags/example_xcomargs.py
[2024-01-13T12:09:50.890+0000] {logging_mixin.py:188} INFO - [2024-01-13T12:09:50.890+0000] {dag.py:3033} INFO - Sync 2 DAGs
[2024-01-13T12:09:50.912+0000] {logging_mixin.py:188} INFO - [2024-01-13T12:09:50.912+0000] {dag.py:3820} INFO - Setting next_dagrun for example_xcom_args to None, run_after=None
[2024-01-13T12:09:50.919+0000] {logging_mixin.py:188} INFO - [2024-01-13T12:09:50.919+0000] {dag.py:3820} INFO - Setting next_dagrun for example_xcom_args_with_operators to None, run_after=None
[2024-01-13T12:09:50.948+0000] {processor.py:183} INFO - Processing /home/airflow/.local/lib/python3.8/site-packages/airflow/example_dags/example_xcomargs.py took 0.123 seconds
[2024-01-13T12:10:21.778+0000] {processor.py:161} INFO - Started process (PID=398) to work on /home/airflow/.local/lib/python3.8/site-packages/airflow/example_dags/example_xcomargs.py
[2024-01-13T12:10:21.780+0000] {processor.py:830} INFO - Processing file /home/airflow/.local/lib/python3.8/site-packages/airflow/example_dags/example_xcomargs.py for tasks to queue
[2024-01-13T12:10:21.784+0000] {logging_mixin.py:188} INFO - [2024-01-13T12:10:21.784+0000] {dagbag.py:538} INFO - Filling up the DagBag from /home/airflow/.local/lib/python3.8/site-packages/airflow/example_dags/example_xcomargs.py
[2024-01-13T12:10:21.795+0000] {processor.py:840} INFO - DAG(s) 'example_xcom_args_with_operators', 'example_xcom_args' retrieved from /home/airflow/.local/lib/python3.8/site-packages/airflow/example_dags/example_xcomargs.py
[2024-01-13T12:10:21.829+0000] {logging_mixin.py:188} INFO - [2024-01-13T12:10:21.829+0000] {dag.py:3033} INFO - Sync 2 DAGs
[2024-01-13T12:10:21.847+0000] {logging_mixin.py:188} INFO - [2024-01-13T12:10:21.846+0000] {dag.py:3820} INFO - Setting next_dagrun for example_xcom_args to None, run_after=None
[2024-01-13T12:10:21.852+0000] {logging_mixin.py:188} INFO - [2024-01-13T12:10:21.852+0000] {dag.py:3820} INFO - Setting next_dagrun for example_xcom_args_with_operators to None, run_after=None
[2024-01-13T12:10:21.873+0000] {processor.py:183} INFO - Processing /home/airflow/.local/lib/python3.8/site-packages/airflow/example_dags/example_xcomargs.py took 0.100 seconds
[2024-01-13T12:10:52.124+0000] {processor.py:161} INFO - Started process (PID=457) to work on /home/airflow/.local/lib/python3.8/site-packages/airflow/example_dags/example_xcomargs.py
[2024-01-13T12:10:52.126+0000] {processor.py:830} INFO - Processing file /home/airflow/.local/lib/python3.8/site-packages/airflow/example_dags/example_xcomargs.py for tasks to queue
[2024-01-13T12:10:52.129+0000] {logging_mixin.py:188} INFO - [2024-01-13T12:10:52.128+0000] {dagbag.py:538} INFO - Filling up the DagBag from /home/airflow/.local/lib/python3.8/site-packages/airflow/example_dags/example_xcomargs.py
[2024-01-13T12:10:52.140+0000] {processor.py:840} INFO - DAG(s) 'example_xcom_args_with_operators', 'example_xcom_args' retrieved from /home/airflow/.local/lib/python3.8/site-packages/airflow/example_dags/example_xcomargs.py
[2024-01-13T12:10:52.177+0000] {logging_mixin.py:188} INFO - [2024-01-13T12:10:52.177+0000] {dag.py:3033} INFO - Sync 2 DAGs
[2024-01-13T12:10:52.196+0000] {logging_mixin.py:188} INFO - [2024-01-13T12:10:52.195+0000] {dag.py:3820} INFO - Setting next_dagrun for example_xcom_args to None, run_after=None
[2024-01-13T12:10:52.202+0000] {logging_mixin.py:188} INFO - [2024-01-13T12:10:52.202+0000] {dag.py:3820} INFO - Setting next_dagrun for example_xcom_args_with_operators to None, run_after=None
[2024-01-13T12:10:52.230+0000] {processor.py:183} INFO - Processing /home/airflow/.local/lib/python3.8/site-packages/airflow/example_dags/example_xcomargs.py took 0.111 seconds
[2024-01-13T12:11:22.485+0000] {processor.py:161} INFO - Started process (PID=516) to work on /home/airflow/.local/lib/python3.8/site-packages/airflow/example_dags/example_xcomargs.py
[2024-01-13T12:11:22.498+0000] {processor.py:830} INFO - Processing file /home/airflow/.local/lib/python3.8/site-packages/airflow/example_dags/example_xcomargs.py for tasks to queue
[2024-01-13T12:11:22.501+0000] {logging_mixin.py:188} INFO - [2024-01-13T12:11:22.501+0000] {dagbag.py:538} INFO - Filling up the DagBag from /home/airflow/.local/lib/python3.8/site-packages/airflow/example_dags/example_xcomargs.py
[2024-01-13T12:11:22.512+0000] {processor.py:840} INFO - DAG(s) 'example_xcom_args', 'example_xcom_args_with_operators' retrieved from /home/airflow/.local/lib/python3.8/site-packages/airflow/example_dags/example_xcomargs.py
[2024-01-13T12:11:22.551+0000] {logging_mixin.py:188} INFO - [2024-01-13T12:11:22.550+0000] {dag.py:3033} INFO - Sync 2 DAGs
[2024-01-13T12:11:22.576+0000] {logging_mixin.py:188} INFO - [2024-01-13T12:11:22.575+0000] {dag.py:3820} INFO - Setting next_dagrun for example_xcom_args to None, run_after=None
[2024-01-13T12:11:22.582+0000] {logging_mixin.py:188} INFO - [2024-01-13T12:11:22.582+0000] {dag.py:3820} INFO - Setting next_dagrun for example_xcom_args_with_operators to None, run_after=None
[2024-01-13T12:11:22.609+0000] {processor.py:183} INFO - Processing /home/airflow/.local/lib/python3.8/site-packages/airflow/example_dags/example_xcomargs.py took 0.129 seconds
[2024-01-13T12:11:52.806+0000] {processor.py:161} INFO - Started process (PID=575) to work on /home/airflow/.local/lib/python3.8/site-packages/airflow/example_dags/example_xcomargs.py
[2024-01-13T12:11:52.807+0000] {processor.py:830} INFO - Processing file /home/airflow/.local/lib/python3.8/site-packages/airflow/example_dags/example_xcomargs.py for tasks to queue
[2024-01-13T12:11:52.810+0000] {logging_mixin.py:188} INFO - [2024-01-13T12:11:52.810+0000] {dagbag.py:538} INFO - Filling up the DagBag from /home/airflow/.local/lib/python3.8/site-packages/airflow/example_dags/example_xcomargs.py
[2024-01-13T12:11:52.821+0000] {processor.py:840} INFO - DAG(s) 'example_xcom_args_with_operators', 'example_xcom_args' retrieved from /home/airflow/.local/lib/python3.8/site-packages/airflow/example_dags/example_xcomargs.py
[2024-01-13T12:11:52.854+0000] {logging_mixin.py:188} INFO - [2024-01-13T12:11:52.854+0000] {dag.py:3033} INFO - Sync 2 DAGs
[2024-01-13T12:11:52.871+0000] {logging_mixin.py:188} INFO - [2024-01-13T12:11:52.871+0000] {dag.py:3820} INFO - Setting next_dagrun for example_xcom_args to None, run_after=None
[2024-01-13T12:11:52.876+0000] {logging_mixin.py:188} INFO - [2024-01-13T12:11:52.875+0000] {dag.py:3820} INFO - Setting next_dagrun for example_xcom_args_with_operators to None, run_after=None
[2024-01-13T12:11:52.899+0000] {processor.py:183} INFO - Processing /home/airflow/.local/lib/python3.8/site-packages/airflow/example_dags/example_xcomargs.py took 0.098 seconds
[2024-01-13T12:12:23.165+0000] {processor.py:161} INFO - Started process (PID=634) to work on /home/airflow/.local/lib/python3.8/site-packages/airflow/example_dags/example_xcomargs.py
[2024-01-13T12:12:23.167+0000] {processor.py:830} INFO - Processing file /home/airflow/.local/lib/python3.8/site-packages/airflow/example_dags/example_xcomargs.py for tasks to queue
[2024-01-13T12:12:23.170+0000] {logging_mixin.py:188} INFO - [2024-01-13T12:12:23.170+0000] {dagbag.py:538} INFO - Filling up the DagBag from /home/airflow/.local/lib/python3.8/site-packages/airflow/example_dags/example_xcomargs.py
[2024-01-13T12:12:23.181+0000] {processor.py:840} INFO - DAG(s) 'example_xcom_args', 'example_xcom_args_with_operators' retrieved from /home/airflow/.local/lib/python3.8/site-packages/airflow/example_dags/example_xcomargs.py
[2024-01-13T12:12:23.213+0000] {logging_mixin.py:188} INFO - [2024-01-13T12:12:23.213+0000] {dag.py:3033} INFO - Sync 2 DAGs
[2024-01-13T12:12:23.232+0000] {logging_mixin.py:188} INFO - [2024-01-13T12:12:23.231+0000] {dag.py:3820} INFO - Setting next_dagrun for example_xcom_args to None, run_after=None
[2024-01-13T12:12:23.236+0000] {logging_mixin.py:188} INFO - [2024-01-13T12:12:23.236+0000] {dag.py:3820} INFO - Setting next_dagrun for example_xcom_args_with_operators to None, run_after=None
[2024-01-13T12:12:23.255+0000] {processor.py:183} INFO - Processing /home/airflow/.local/lib/python3.8/site-packages/airflow/example_dags/example_xcomargs.py took 0.095 seconds
[2024-01-13T12:12:54.020+0000] {processor.py:161} INFO - Started process (PID=693) to work on /home/airflow/.local/lib/python3.8/site-packages/airflow/example_dags/example_xcomargs.py
[2024-01-13T12:12:54.021+0000] {processor.py:830} INFO - Processing file /home/airflow/.local/lib/python3.8/site-packages/airflow/example_dags/example_xcomargs.py for tasks to queue
[2024-01-13T12:12:54.026+0000] {logging_mixin.py:188} INFO - [2024-01-13T12:12:54.025+0000] {dagbag.py:538} INFO - Filling up the DagBag from /home/airflow/.local/lib/python3.8/site-packages/airflow/example_dags/example_xcomargs.py
[2024-01-13T12:12:54.042+0000] {processor.py:840} INFO - DAG(s) 'example_xcom_args_with_operators', 'example_xcom_args' retrieved from /home/airflow/.local/lib/python3.8/site-packages/airflow/example_dags/example_xcomargs.py
[2024-01-13T12:12:54.085+0000] {logging_mixin.py:188} INFO - [2024-01-13T12:12:54.085+0000] {dag.py:3033} INFO - Sync 2 DAGs
[2024-01-13T12:12:54.108+0000] {logging_mixin.py:188} INFO - [2024-01-13T12:12:54.108+0000] {dag.py:3820} INFO - Setting next_dagrun for example_xcom_args to None, run_after=None
[2024-01-13T12:12:54.115+0000] {logging_mixin.py:188} INFO - [2024-01-13T12:12:54.115+0000] {dag.py:3820} INFO - Setting next_dagrun for example_xcom_args_with_operators to None, run_after=None
[2024-01-13T12:12:54.146+0000] {processor.py:183} INFO - Processing /home/airflow/.local/lib/python3.8/site-packages/airflow/example_dags/example_xcomargs.py took 0.133 seconds
[2024-01-13T12:13:29.551+0000] {processor.py:161} INFO - Started process (PID=766) to work on /home/airflow/.local/lib/python3.8/site-packages/airflow/example_dags/example_xcomargs.py
[2024-01-13T12:13:29.553+0000] {processor.py:830} INFO - Processing file /home/airflow/.local/lib/python3.8/site-packages/airflow/example_dags/example_xcomargs.py for tasks to queue
[2024-01-13T12:13:29.557+0000] {logging_mixin.py:188} INFO - [2024-01-13T12:13:29.557+0000] {dagbag.py:538} INFO - Filling up the DagBag from /home/airflow/.local/lib/python3.8/site-packages/airflow/example_dags/example_xcomargs.py
[2024-01-13T12:13:29.573+0000] {processor.py:840} INFO - DAG(s) 'example_xcom_args', 'example_xcom_args_with_operators' retrieved from /home/airflow/.local/lib/python3.8/site-packages/airflow/example_dags/example_xcomargs.py
[2024-01-13T12:13:29.627+0000] {logging_mixin.py:188} INFO - [2024-01-13T12:13:29.627+0000] {dag.py:3033} INFO - Sync 2 DAGs
[2024-01-13T12:13:29.675+0000] {logging_mixin.py:188} INFO - [2024-01-13T12:13:29.674+0000] {dag.py:3820} INFO - Setting next_dagrun for example_xcom_args to None, run_after=None
[2024-01-13T12:13:29.685+0000] {logging_mixin.py:188} INFO - [2024-01-13T12:13:29.685+0000] {dag.py:3820} INFO - Setting next_dagrun for example_xcom_args_with_operators to None, run_after=None
[2024-01-13T12:13:29.752+0000] {processor.py:183} INFO - Processing /home/airflow/.local/lib/python3.8/site-packages/airflow/example_dags/example_xcomargs.py took 0.211 seconds
[2024-01-13T12:14:00.411+0000] {processor.py:161} INFO - Started process (PID=826) to work on /home/airflow/.local/lib/python3.8/site-packages/airflow/example_dags/example_xcomargs.py
[2024-01-13T12:14:00.412+0000] {processor.py:830} INFO - Processing file /home/airflow/.local/lib/python3.8/site-packages/airflow/example_dags/example_xcomargs.py for tasks to queue
[2024-01-13T12:14:00.416+0000] {logging_mixin.py:188} INFO - [2024-01-13T12:14:00.416+0000] {dagbag.py:538} INFO - Filling up the DagBag from /home/airflow/.local/lib/python3.8/site-packages/airflow/example_dags/example_xcomargs.py
[2024-01-13T12:14:00.433+0000] {processor.py:840} INFO - DAG(s) 'example_xcom_args', 'example_xcom_args_with_operators' retrieved from /home/airflow/.local/lib/python3.8/site-packages/airflow/example_dags/example_xcomargs.py
[2024-01-13T12:14:00.477+0000] {logging_mixin.py:188} INFO - [2024-01-13T12:14:00.476+0000] {dag.py:3033} INFO - Sync 2 DAGs
[2024-01-13T12:14:00.503+0000] {logging_mixin.py:188} INFO - [2024-01-13T12:14:00.502+0000] {dag.py:3820} INFO - Setting next_dagrun for example_xcom_args to None, run_after=None
[2024-01-13T12:14:00.510+0000] {logging_mixin.py:188} INFO - [2024-01-13T12:14:00.510+0000] {dag.py:3820} INFO - Setting next_dagrun for example_xcom_args_with_operators to None, run_after=None
[2024-01-13T12:14:00.536+0000] {processor.py:183} INFO - Processing /home/airflow/.local/lib/python3.8/site-packages/airflow/example_dags/example_xcomargs.py took 0.132 seconds
[2024-01-13T12:14:30.714+0000] {processor.py:161} INFO - Started process (PID=885) to work on /home/airflow/.local/lib/python3.8/site-packages/airflow/example_dags/example_xcomargs.py
[2024-01-13T12:14:30.716+0000] {processor.py:830} INFO - Processing file /home/airflow/.local/lib/python3.8/site-packages/airflow/example_dags/example_xcomargs.py for tasks to queue
[2024-01-13T12:14:30.720+0000] {logging_mixin.py:188} INFO - [2024-01-13T12:14:30.720+0000] {dagbag.py:538} INFO - Filling up the DagBag from /home/airflow/.local/lib/python3.8/site-packages/airflow/example_dags/example_xcomargs.py
[2024-01-13T12:14:30.731+0000] {processor.py:840} INFO - DAG(s) 'example_xcom_args_with_operators', 'example_xcom_args' retrieved from /home/airflow/.local/lib/python3.8/site-packages/airflow/example_dags/example_xcomargs.py
[2024-01-13T12:14:30.768+0000] {logging_mixin.py:188} INFO - [2024-01-13T12:14:30.768+0000] {dag.py:3033} INFO - Sync 2 DAGs
[2024-01-13T12:14:30.786+0000] {logging_mixin.py:188} INFO - [2024-01-13T12:14:30.786+0000] {dag.py:3820} INFO - Setting next_dagrun for example_xcom_args to None, run_after=None
[2024-01-13T12:14:30.791+0000] {logging_mixin.py:188} INFO - [2024-01-13T12:14:30.791+0000] {dag.py:3820} INFO - Setting next_dagrun for example_xcom_args_with_operators to None, run_after=None
[2024-01-13T12:14:30.814+0000] {processor.py:183} INFO - Processing /home/airflow/.local/lib/python3.8/site-packages/airflow/example_dags/example_xcomargs.py took 0.106 seconds
[2024-01-13T12:15:01.568+0000] {processor.py:161} INFO - Started process (PID=944) to work on /home/airflow/.local/lib/python3.8/site-packages/airflow/example_dags/example_xcomargs.py
[2024-01-13T12:15:01.570+0000] {processor.py:830} INFO - Processing file /home/airflow/.local/lib/python3.8/site-packages/airflow/example_dags/example_xcomargs.py for tasks to queue
[2024-01-13T12:15:01.574+0000] {logging_mixin.py:188} INFO - [2024-01-13T12:15:01.574+0000] {dagbag.py:538} INFO - Filling up the DagBag from /home/airflow/.local/lib/python3.8/site-packages/airflow/example_dags/example_xcomargs.py
[2024-01-13T12:15:01.586+0000] {processor.py:840} INFO - DAG(s) 'example_xcom_args', 'example_xcom_args_with_operators' retrieved from /home/airflow/.local/lib/python3.8/site-packages/airflow/example_dags/example_xcomargs.py
[2024-01-13T12:15:01.622+0000] {logging_mixin.py:188} INFO - [2024-01-13T12:15:01.622+0000] {dag.py:3033} INFO - Sync 2 DAGs
[2024-01-13T12:15:01.642+0000] {logging_mixin.py:188} INFO - [2024-01-13T12:15:01.642+0000] {dag.py:3820} INFO - Setting next_dagrun for example_xcom_args to None, run_after=None
[2024-01-13T12:15:01.647+0000] {logging_mixin.py:188} INFO - [2024-01-13T12:15:01.647+0000] {dag.py:3820} INFO - Setting next_dagrun for example_xcom_args_with_operators to None, run_after=None
[2024-01-13T12:15:01.670+0000] {processor.py:183} INFO - Processing /home/airflow/.local/lib/python3.8/site-packages/airflow/example_dags/example_xcomargs.py took 0.108 seconds
[2024-01-13T12:15:32.355+0000] {processor.py:161} INFO - Started process (PID=1003) to work on /home/airflow/.local/lib/python3.8/site-packages/airflow/example_dags/example_xcomargs.py
[2024-01-13T12:15:32.358+0000] {processor.py:830} INFO - Processing file /home/airflow/.local/lib/python3.8/site-packages/airflow/example_dags/example_xcomargs.py for tasks to queue
[2024-01-13T12:15:32.363+0000] {logging_mixin.py:188} INFO - [2024-01-13T12:15:32.362+0000] {dagbag.py:538} INFO - Filling up the DagBag from /home/airflow/.local/lib/python3.8/site-packages/airflow/example_dags/example_xcomargs.py
[2024-01-13T12:15:32.377+0000] {processor.py:840} INFO - DAG(s) 'example_xcom_args', 'example_xcom_args_with_operators' retrieved from /home/airflow/.local/lib/python3.8/site-packages/airflow/example_dags/example_xcomargs.py
[2024-01-13T12:15:32.412+0000] {logging_mixin.py:188} INFO - [2024-01-13T12:15:32.412+0000] {dag.py:3033} INFO - Sync 2 DAGs
[2024-01-13T12:15:32.429+0000] {logging_mixin.py:188} INFO - [2024-01-13T12:15:32.429+0000] {dag.py:3820} INFO - Setting next_dagrun for example_xcom_args to None, run_after=None
[2024-01-13T12:15:32.434+0000] {logging_mixin.py:188} INFO - [2024-01-13T12:15:32.434+0000] {dag.py:3820} INFO - Setting next_dagrun for example_xcom_args_with_operators to None, run_after=None
[2024-01-13T12:15:32.458+0000] {processor.py:183} INFO - Processing /home/airflow/.local/lib/python3.8/site-packages/airflow/example_dags/example_xcomargs.py took 0.109 seconds
[2024-01-13T12:16:03.236+0000] {processor.py:161} INFO - Started process (PID=1062) to work on /home/airflow/.local/lib/python3.8/site-packages/airflow/example_dags/example_xcomargs.py
[2024-01-13T12:16:03.237+0000] {processor.py:830} INFO - Processing file /home/airflow/.local/lib/python3.8/site-packages/airflow/example_dags/example_xcomargs.py for tasks to queue
[2024-01-13T12:16:03.241+0000] {logging_mixin.py:188} INFO - [2024-01-13T12:16:03.241+0000] {dagbag.py:538} INFO - Filling up the DagBag from /home/airflow/.local/lib/python3.8/site-packages/airflow/example_dags/example_xcomargs.py
[2024-01-13T12:16:03.254+0000] {processor.py:840} INFO - DAG(s) 'example_xcom_args', 'example_xcom_args_with_operators' retrieved from /home/airflow/.local/lib/python3.8/site-packages/airflow/example_dags/example_xcomargs.py
[2024-01-13T12:16:03.291+0000] {logging_mixin.py:188} INFO - [2024-01-13T12:16:03.291+0000] {dag.py:3033} INFO - Sync 2 DAGs
[2024-01-13T12:16:03.310+0000] {logging_mixin.py:188} INFO - [2024-01-13T12:16:03.310+0000] {dag.py:3820} INFO - Setting next_dagrun for example_xcom_args to None, run_after=None
[2024-01-13T12:16:03.315+0000] {logging_mixin.py:188} INFO - [2024-01-13T12:16:03.314+0000] {dag.py:3820} INFO - Setting next_dagrun for example_xcom_args_with_operators to None, run_after=None
[2024-01-13T12:16:03.334+0000] {processor.py:183} INFO - Processing /home/airflow/.local/lib/python3.8/site-packages/airflow/example_dags/example_xcomargs.py took 0.104 seconds
[2024-01-13T12:16:34.376+0000] {processor.py:161} INFO - Started process (PID=1121) to work on /home/airflow/.local/lib/python3.8/site-packages/airflow/example_dags/example_xcomargs.py
[2024-01-13T12:16:34.378+0000] {processor.py:830} INFO - Processing file /home/airflow/.local/lib/python3.8/site-packages/airflow/example_dags/example_xcomargs.py for tasks to queue
[2024-01-13T12:16:34.382+0000] {logging_mixin.py:188} INFO - [2024-01-13T12:16:34.381+0000] {dagbag.py:538} INFO - Filling up the DagBag from /home/airflow/.local/lib/python3.8/site-packages/airflow/example_dags/example_xcomargs.py
[2024-01-13T12:16:34.396+0000] {processor.py:840} INFO - DAG(s) 'example_xcom_args', 'example_xcom_args_with_operators' retrieved from /home/airflow/.local/lib/python3.8/site-packages/airflow/example_dags/example_xcomargs.py
[2024-01-13T12:16:34.429+0000] {logging_mixin.py:188} INFO - [2024-01-13T12:16:34.428+0000] {dag.py:3033} INFO - Sync 2 DAGs
[2024-01-13T12:16:34.447+0000] {logging_mixin.py:188} INFO - [2024-01-13T12:16:34.446+0000] {dag.py:3820} INFO - Setting next_dagrun for example_xcom_args to None, run_after=None
[2024-01-13T12:16:34.452+0000] {logging_mixin.py:188} INFO - [2024-01-13T12:16:34.451+0000] {dag.py:3820} INFO - Setting next_dagrun for example_xcom_args_with_operators to None, run_after=None
[2024-01-13T12:16:34.473+0000] {processor.py:183} INFO - Processing /home/airflow/.local/lib/python3.8/site-packages/airflow/example_dags/example_xcomargs.py took 0.102 seconds
[2024-01-13T12:17:04.725+0000] {processor.py:161} INFO - Started process (PID=1180) to work on /home/airflow/.local/lib/python3.8/site-packages/airflow/example_dags/example_xcomargs.py
[2024-01-13T12:17:04.726+0000] {processor.py:830} INFO - Processing file /home/airflow/.local/lib/python3.8/site-packages/airflow/example_dags/example_xcomargs.py for tasks to queue
[2024-01-13T12:17:04.730+0000] {logging_mixin.py:188} INFO - [2024-01-13T12:17:04.729+0000] {dagbag.py:538} INFO - Filling up the DagBag from /home/airflow/.local/lib/python3.8/site-packages/airflow/example_dags/example_xcomargs.py
[2024-01-13T12:17:04.742+0000] {processor.py:840} INFO - DAG(s) 'example_xcom_args_with_operators', 'example_xcom_args' retrieved from /home/airflow/.local/lib/python3.8/site-packages/airflow/example_dags/example_xcomargs.py
[2024-01-13T12:17:04.778+0000] {logging_mixin.py:188} INFO - [2024-01-13T12:17:04.778+0000] {dag.py:3033} INFO - Sync 2 DAGs
[2024-01-13T12:17:04.796+0000] {logging_mixin.py:188} INFO - [2024-01-13T12:17:04.796+0000] {dag.py:3820} INFO - Setting next_dagrun for example_xcom_args to None, run_after=None
[2024-01-13T12:17:04.801+0000] {logging_mixin.py:188} INFO - [2024-01-13T12:17:04.801+0000] {dag.py:3820} INFO - Setting next_dagrun for example_xcom_args_with_operators to None, run_after=None
[2024-01-13T12:17:04.826+0000] {processor.py:183} INFO - Processing /home/airflow/.local/lib/python3.8/site-packages/airflow/example_dags/example_xcomargs.py took 0.106 seconds
[2024-01-13T12:17:35.957+0000] {processor.py:161} INFO - Started process (PID=1239) to work on /home/airflow/.local/lib/python3.8/site-packages/airflow/example_dags/example_xcomargs.py
[2024-01-13T12:17:35.959+0000] {processor.py:830} INFO - Processing file /home/airflow/.local/lib/python3.8/site-packages/airflow/example_dags/example_xcomargs.py for tasks to queue
[2024-01-13T12:17:35.963+0000] {logging_mixin.py:188} INFO - [2024-01-13T12:17:35.962+0000] {dagbag.py:538} INFO - Filling up the DagBag from /home/airflow/.local/lib/python3.8/site-packages/airflow/example_dags/example_xcomargs.py
[2024-01-13T12:17:35.975+0000] {processor.py:840} INFO - DAG(s) 'example_xcom_args_with_operators', 'example_xcom_args' retrieved from /home/airflow/.local/lib/python3.8/site-packages/airflow/example_dags/example_xcomargs.py
[2024-01-13T12:17:36.012+0000] {logging_mixin.py:188} INFO - [2024-01-13T12:17:36.012+0000] {dag.py:3033} INFO - Sync 2 DAGs
[2024-01-13T12:17:36.031+0000] {logging_mixin.py:188} INFO - [2024-01-13T12:17:36.031+0000] {dag.py:3820} INFO - Setting next_dagrun for example_xcom_args to None, run_after=None
[2024-01-13T12:17:36.037+0000] {logging_mixin.py:188} INFO - [2024-01-13T12:17:36.036+0000] {dag.py:3820} INFO - Setting next_dagrun for example_xcom_args_with_operators to None, run_after=None
[2024-01-13T12:17:36.058+0000] {processor.py:183} INFO - Processing /home/airflow/.local/lib/python3.8/site-packages/airflow/example_dags/example_xcomargs.py took 0.106 seconds
[2024-01-13T12:18:07.095+0000] {processor.py:161} INFO - Started process (PID=1298) to work on /home/airflow/.local/lib/python3.8/site-packages/airflow/example_dags/example_xcomargs.py
[2024-01-13T12:18:07.096+0000] {processor.py:830} INFO - Processing file /home/airflow/.local/lib/python3.8/site-packages/airflow/example_dags/example_xcomargs.py for tasks to queue
[2024-01-13T12:18:07.100+0000] {logging_mixin.py:188} INFO - [2024-01-13T12:18:07.100+0000] {dagbag.py:538} INFO - Filling up the DagBag from /home/airflow/.local/lib/python3.8/site-packages/airflow/example_dags/example_xcomargs.py
[2024-01-13T12:18:07.118+0000] {processor.py:840} INFO - DAG(s) 'example_xcom_args_with_operators', 'example_xcom_args' retrieved from /home/airflow/.local/lib/python3.8/site-packages/airflow/example_dags/example_xcomargs.py
[2024-01-13T12:18:07.156+0000] {logging_mixin.py:188} INFO - [2024-01-13T12:18:07.156+0000] {dag.py:3033} INFO - Sync 2 DAGs
[2024-01-13T12:18:07.176+0000] {logging_mixin.py:188} INFO - [2024-01-13T12:18:07.176+0000] {dag.py:3820} INFO - Setting next_dagrun for example_xcom_args to None, run_after=None
[2024-01-13T12:18:07.181+0000] {logging_mixin.py:188} INFO - [2024-01-13T12:18:07.181+0000] {dag.py:3820} INFO - Setting next_dagrun for example_xcom_args_with_operators to None, run_after=None
[2024-01-13T12:18:07.202+0000] {processor.py:183} INFO - Processing /home/airflow/.local/lib/python3.8/site-packages/airflow/example_dags/example_xcomargs.py took 0.115 seconds
[2024-01-13T12:18:39.535+0000] {processor.py:161} INFO - Started process (PID=1361) to work on /home/airflow/.local/lib/python3.8/site-packages/airflow/example_dags/example_xcomargs.py
[2024-01-13T12:18:39.540+0000] {processor.py:830} INFO - Processing file /home/airflow/.local/lib/python3.8/site-packages/airflow/example_dags/example_xcomargs.py for tasks to queue
[2024-01-13T12:18:39.545+0000] {logging_mixin.py:188} INFO - [2024-01-13T12:18:39.544+0000] {dagbag.py:538} INFO - Filling up the DagBag from /home/airflow/.local/lib/python3.8/site-packages/airflow/example_dags/example_xcomargs.py
[2024-01-13T12:18:39.586+0000] {processor.py:840} INFO - DAG(s) 'example_xcom_args', 'example_xcom_args_with_operators' retrieved from /home/airflow/.local/lib/python3.8/site-packages/airflow/example_dags/example_xcomargs.py
[2024-01-13T12:18:39.662+0000] {logging_mixin.py:188} INFO - [2024-01-13T12:18:39.661+0000] {dag.py:3033} INFO - Sync 2 DAGs
[2024-01-13T12:18:39.734+0000] {logging_mixin.py:188} INFO - [2024-01-13T12:18:39.732+0000] {dag.py:3820} INFO - Setting next_dagrun for example_xcom_args to None, run_after=None
[2024-01-13T12:18:39.747+0000] {logging_mixin.py:188} INFO - [2024-01-13T12:18:39.743+0000] {dag.py:3820} INFO - Setting next_dagrun for example_xcom_args_with_operators to None, run_after=None
[2024-01-13T12:18:39.800+0000] {processor.py:183} INFO - Processing /home/airflow/.local/lib/python3.8/site-packages/airflow/example_dags/example_xcomargs.py took 0.277 seconds
[2024-01-13T12:19:10.707+0000] {processor.py:161} INFO - Started process (PID=1428) to work on /home/airflow/.local/lib/python3.8/site-packages/airflow/example_dags/example_xcomargs.py
[2024-01-13T12:19:10.708+0000] {processor.py:830} INFO - Processing file /home/airflow/.local/lib/python3.8/site-packages/airflow/example_dags/example_xcomargs.py for tasks to queue
[2024-01-13T12:19:10.711+0000] {logging_mixin.py:188} INFO - [2024-01-13T12:19:10.711+0000] {dagbag.py:538} INFO - Filling up the DagBag from /home/airflow/.local/lib/python3.8/site-packages/airflow/example_dags/example_xcomargs.py
[2024-01-13T12:19:10.724+0000] {processor.py:840} INFO - DAG(s) 'example_xcom_args_with_operators', 'example_xcom_args' retrieved from /home/airflow/.local/lib/python3.8/site-packages/airflow/example_dags/example_xcomargs.py
[2024-01-13T12:19:10.755+0000] {logging_mixin.py:188} INFO - [2024-01-13T12:19:10.755+0000] {dag.py:3033} INFO - Sync 2 DAGs
[2024-01-13T12:19:10.773+0000] {logging_mixin.py:188} INFO - [2024-01-13T12:19:10.773+0000] {dag.py:3820} INFO - Setting next_dagrun for example_xcom_args to None, run_after=None
[2024-01-13T12:19:10.779+0000] {logging_mixin.py:188} INFO - [2024-01-13T12:19:10.779+0000] {dag.py:3820} INFO - Setting next_dagrun for example_xcom_args_with_operators to None, run_after=None
[2024-01-13T12:19:10.803+0000] {processor.py:183} INFO - Processing /home/airflow/.local/lib/python3.8/site-packages/airflow/example_dags/example_xcomargs.py took 0.103 seconds
[2024-01-13T12:19:41.282+0000] {processor.py:161} INFO - Started process (PID=1487) to work on /home/airflow/.local/lib/python3.8/site-packages/airflow/example_dags/example_xcomargs.py
[2024-01-13T12:19:41.284+0000] {processor.py:830} INFO - Processing file /home/airflow/.local/lib/python3.8/site-packages/airflow/example_dags/example_xcomargs.py for tasks to queue
[2024-01-13T12:19:41.289+0000] {logging_mixin.py:188} INFO - [2024-01-13T12:19:41.288+0000] {dagbag.py:538} INFO - Filling up the DagBag from /home/airflow/.local/lib/python3.8/site-packages/airflow/example_dags/example_xcomargs.py
[2024-01-13T12:19:41.304+0000] {processor.py:840} INFO - DAG(s) 'example_xcom_args_with_operators', 'example_xcom_args' retrieved from /home/airflow/.local/lib/python3.8/site-packages/airflow/example_dags/example_xcomargs.py
[2024-01-13T12:19:41.338+0000] {logging_mixin.py:188} INFO - [2024-01-13T12:19:41.338+0000] {dag.py:3033} INFO - Sync 2 DAGs
[2024-01-13T12:19:41.357+0000] {logging_mixin.py:188} INFO - [2024-01-13T12:19:41.356+0000] {dag.py:3820} INFO - Setting next_dagrun for example_xcom_args to None, run_after=None
[2024-01-13T12:19:41.362+0000] {logging_mixin.py:188} INFO - [2024-01-13T12:19:41.362+0000] {dag.py:3820} INFO - Setting next_dagrun for example_xcom_args_with_operators to None, run_after=None
[2024-01-13T12:19:41.384+0000] {processor.py:183} INFO - Processing /home/airflow/.local/lib/python3.8/site-packages/airflow/example_dags/example_xcomargs.py took 0.109 seconds
[2024-01-13T12:20:12.655+0000] {processor.py:161} INFO - Started process (PID=1546) to work on /home/airflow/.local/lib/python3.8/site-packages/airflow/example_dags/example_xcomargs.py
[2024-01-13T12:20:12.658+0000] {processor.py:830} INFO - Processing file /home/airflow/.local/lib/python3.8/site-packages/airflow/example_dags/example_xcomargs.py for tasks to queue
[2024-01-13T12:20:12.662+0000] {logging_mixin.py:188} INFO - [2024-01-13T12:20:12.661+0000] {dagbag.py:538} INFO - Filling up the DagBag from /home/airflow/.local/lib/python3.8/site-packages/airflow/example_dags/example_xcomargs.py
[2024-01-13T12:20:12.679+0000] {processor.py:840} INFO - DAG(s) 'example_xcom_args', 'example_xcom_args_with_operators' retrieved from /home/airflow/.local/lib/python3.8/site-packages/airflow/example_dags/example_xcomargs.py
[2024-01-13T12:20:12.718+0000] {logging_mixin.py:188} INFO - [2024-01-13T12:20:12.717+0000] {dag.py:3033} INFO - Sync 2 DAGs
[2024-01-13T12:20:12.738+0000] {logging_mixin.py:188} INFO - [2024-01-13T12:20:12.738+0000] {dag.py:3820} INFO - Setting next_dagrun for example_xcom_args to None, run_after=None
[2024-01-13T12:20:12.745+0000] {logging_mixin.py:188} INFO - [2024-01-13T12:20:12.744+0000] {dag.py:3820} INFO - Setting next_dagrun for example_xcom_args_with_operators to None, run_after=None
[2024-01-13T12:20:12.773+0000] {processor.py:183} INFO - Processing /home/airflow/.local/lib/python3.8/site-packages/airflow/example_dags/example_xcomargs.py took 0.125 seconds
[2024-01-13T12:20:44.707+0000] {processor.py:161} INFO - Started process (PID=1606) to work on /home/airflow/.local/lib/python3.8/site-packages/airflow/example_dags/example_xcomargs.py
[2024-01-13T12:20:44.709+0000] {processor.py:830} INFO - Processing file /home/airflow/.local/lib/python3.8/site-packages/airflow/example_dags/example_xcomargs.py for tasks to queue
[2024-01-13T12:20:44.713+0000] {logging_mixin.py:188} INFO - [2024-01-13T12:20:44.713+0000] {dagbag.py:538} INFO - Filling up the DagBag from /home/airflow/.local/lib/python3.8/site-packages/airflow/example_dags/example_xcomargs.py
[2024-01-13T12:20:44.727+0000] {processor.py:840} INFO - DAG(s) 'example_xcom_args', 'example_xcom_args_with_operators' retrieved from /home/airflow/.local/lib/python3.8/site-packages/airflow/example_dags/example_xcomargs.py
[2024-01-13T12:20:44.761+0000] {logging_mixin.py:188} INFO - [2024-01-13T12:20:44.761+0000] {dag.py:3033} INFO - Sync 2 DAGs
[2024-01-13T12:20:44.780+0000] {logging_mixin.py:188} INFO - [2024-01-13T12:20:44.780+0000] {dag.py:3820} INFO - Setting next_dagrun for example_xcom_args to None, run_after=None
[2024-01-13T12:20:44.785+0000] {logging_mixin.py:188} INFO - [2024-01-13T12:20:44.785+0000] {dag.py:3820} INFO - Setting next_dagrun for example_xcom_args_with_operators to None, run_after=None
[2024-01-13T12:20:44.810+0000] {processor.py:183} INFO - Processing /home/airflow/.local/lib/python3.8/site-packages/airflow/example_dags/example_xcomargs.py took 0.109 seconds
[2024-01-13T12:21:16.005+0000] {processor.py:161} INFO - Started process (PID=1679) to work on /home/airflow/.local/lib/python3.8/site-packages/airflow/example_dags/example_xcomargs.py
[2024-01-13T12:21:16.007+0000] {processor.py:830} INFO - Processing file /home/airflow/.local/lib/python3.8/site-packages/airflow/example_dags/example_xcomargs.py for tasks to queue
[2024-01-13T12:21:16.012+0000] {logging_mixin.py:188} INFO - [2024-01-13T12:21:16.011+0000] {dagbag.py:538} INFO - Filling up the DagBag from /home/airflow/.local/lib/python3.8/site-packages/airflow/example_dags/example_xcomargs.py
[2024-01-13T12:21:16.030+0000] {processor.py:840} INFO - DAG(s) 'example_xcom_args_with_operators', 'example_xcom_args' retrieved from /home/airflow/.local/lib/python3.8/site-packages/airflow/example_dags/example_xcomargs.py
[2024-01-13T12:21:16.078+0000] {logging_mixin.py:188} INFO - [2024-01-13T12:21:16.077+0000] {dag.py:3033} INFO - Sync 2 DAGs
[2024-01-13T12:21:16.105+0000] {logging_mixin.py:188} INFO - [2024-01-13T12:21:16.104+0000] {dag.py:3820} INFO - Setting next_dagrun for example_xcom_args to None, run_after=None
[2024-01-13T12:21:16.113+0000] {logging_mixin.py:188} INFO - [2024-01-13T12:21:16.112+0000] {dag.py:3820} INFO - Setting next_dagrun for example_xcom_args_with_operators to None, run_after=None
[2024-01-13T12:21:16.146+0000] {processor.py:183} INFO - Processing /home/airflow/.local/lib/python3.8/site-packages/airflow/example_dags/example_xcomargs.py took 0.158 seconds
[2024-01-13T12:21:46.728+0000] {processor.py:161} INFO - Started process (PID=1746) to work on /home/airflow/.local/lib/python3.8/site-packages/airflow/example_dags/example_xcomargs.py
[2024-01-13T12:21:46.730+0000] {processor.py:830} INFO - Processing file /home/airflow/.local/lib/python3.8/site-packages/airflow/example_dags/example_xcomargs.py for tasks to queue
[2024-01-13T12:21:46.734+0000] {logging_mixin.py:188} INFO - [2024-01-13T12:21:46.733+0000] {dagbag.py:538} INFO - Filling up the DagBag from /home/airflow/.local/lib/python3.8/site-packages/airflow/example_dags/example_xcomargs.py
[2024-01-13T12:21:46.748+0000] {processor.py:840} INFO - DAG(s) 'example_xcom_args', 'example_xcom_args_with_operators' retrieved from /home/airflow/.local/lib/python3.8/site-packages/airflow/example_dags/example_xcomargs.py
[2024-01-13T12:21:46.783+0000] {logging_mixin.py:188} INFO - [2024-01-13T12:21:46.782+0000] {dag.py:3033} INFO - Sync 2 DAGs
[2024-01-13T12:21:46.799+0000] {logging_mixin.py:188} INFO - [2024-01-13T12:21:46.799+0000] {dag.py:3820} INFO - Setting next_dagrun for example_xcom_args to None, run_after=None
[2024-01-13T12:21:46.804+0000] {logging_mixin.py:188} INFO - [2024-01-13T12:21:46.804+0000] {dag.py:3820} INFO - Setting next_dagrun for example_xcom_args_with_operators to None, run_after=None
[2024-01-13T12:21:46.827+0000] {processor.py:183} INFO - Processing /home/airflow/.local/lib/python3.8/site-packages/airflow/example_dags/example_xcomargs.py took 0.105 seconds
[2024-01-13T12:22:18.393+0000] {processor.py:161} INFO - Started process (PID=1817) to work on /home/airflow/.local/lib/python3.8/site-packages/airflow/example_dags/example_xcomargs.py
[2024-01-13T12:22:18.394+0000] {processor.py:830} INFO - Processing file /home/airflow/.local/lib/python3.8/site-packages/airflow/example_dags/example_xcomargs.py for tasks to queue
[2024-01-13T12:22:18.397+0000] {logging_mixin.py:188} INFO - [2024-01-13T12:22:18.396+0000] {dagbag.py:538} INFO - Filling up the DagBag from /home/airflow/.local/lib/python3.8/site-packages/airflow/example_dags/example_xcomargs.py
[2024-01-13T12:22:18.410+0000] {processor.py:840} INFO - DAG(s) 'example_xcom_args_with_operators', 'example_xcom_args' retrieved from /home/airflow/.local/lib/python3.8/site-packages/airflow/example_dags/example_xcomargs.py
[2024-01-13T12:22:18.446+0000] {logging_mixin.py:188} INFO - [2024-01-13T12:22:18.446+0000] {dag.py:3033} INFO - Sync 2 DAGs
[2024-01-13T12:22:18.464+0000] {logging_mixin.py:188} INFO - [2024-01-13T12:22:18.463+0000] {dag.py:3820} INFO - Setting next_dagrun for example_xcom_args to None, run_after=None
[2024-01-13T12:22:18.469+0000] {logging_mixin.py:188} INFO - [2024-01-13T12:22:18.468+0000] {dag.py:3820} INFO - Setting next_dagrun for example_xcom_args_with_operators to None, run_after=None
[2024-01-13T12:22:18.497+0000] {processor.py:183} INFO - Processing /home/airflow/.local/lib/python3.8/site-packages/airflow/example_dags/example_xcomargs.py took 0.110 seconds
[2024-01-13T12:22:50.739+0000] {processor.py:161} INFO - Started process (PID=1910) to work on /home/airflow/.local/lib/python3.8/site-packages/airflow/example_dags/example_xcomargs.py
[2024-01-13T12:22:50.742+0000] {processor.py:830} INFO - Processing file /home/airflow/.local/lib/python3.8/site-packages/airflow/example_dags/example_xcomargs.py for tasks to queue
[2024-01-13T12:22:50.746+0000] {logging_mixin.py:188} INFO - [2024-01-13T12:22:50.746+0000] {dagbag.py:538} INFO - Filling up the DagBag from /home/airflow/.local/lib/python3.8/site-packages/airflow/example_dags/example_xcomargs.py
[2024-01-13T12:22:50.767+0000] {processor.py:840} INFO - DAG(s) 'example_xcom_args_with_operators', 'example_xcom_args' retrieved from /home/airflow/.local/lib/python3.8/site-packages/airflow/example_dags/example_xcomargs.py
[2024-01-13T12:22:50.818+0000] {logging_mixin.py:188} INFO - [2024-01-13T12:22:50.817+0000] {dag.py:3033} INFO - Sync 2 DAGs
[2024-01-13T12:22:50.860+0000] {logging_mixin.py:188} INFO - [2024-01-13T12:22:50.859+0000] {dag.py:3820} INFO - Setting next_dagrun for example_xcom_args to None, run_after=None
[2024-01-13T12:22:50.871+0000] {logging_mixin.py:188} INFO - [2024-01-13T12:22:50.871+0000] {dag.py:3820} INFO - Setting next_dagrun for example_xcom_args_with_operators to None, run_after=None
[2024-01-13T12:22:50.907+0000] {processor.py:183} INFO - Processing /home/airflow/.local/lib/python3.8/site-packages/airflow/example_dags/example_xcomargs.py took 0.179 seconds
[2024-01-13T12:23:23.310+0000] {processor.py:161} INFO - Started process (PID=1972) to work on /home/airflow/.local/lib/python3.8/site-packages/airflow/example_dags/example_xcomargs.py
[2024-01-13T12:23:23.312+0000] {processor.py:830} INFO - Processing file /home/airflow/.local/lib/python3.8/site-packages/airflow/example_dags/example_xcomargs.py for tasks to queue
[2024-01-13T12:23:23.315+0000] {logging_mixin.py:188} INFO - [2024-01-13T12:23:23.315+0000] {dagbag.py:538} INFO - Filling up the DagBag from /home/airflow/.local/lib/python3.8/site-packages/airflow/example_dags/example_xcomargs.py
[2024-01-13T12:23:23.331+0000] {processor.py:840} INFO - DAG(s) 'example_xcom_args', 'example_xcom_args_with_operators' retrieved from /home/airflow/.local/lib/python3.8/site-packages/airflow/example_dags/example_xcomargs.py
[2024-01-13T12:23:23.366+0000] {logging_mixin.py:188} INFO - [2024-01-13T12:23:23.366+0000] {dag.py:3033} INFO - Sync 2 DAGs
[2024-01-13T12:23:23.385+0000] {logging_mixin.py:188} INFO - [2024-01-13T12:23:23.385+0000] {dag.py:3820} INFO - Setting next_dagrun for example_xcom_args to None, run_after=None
[2024-01-13T12:23:23.390+0000] {logging_mixin.py:188} INFO - [2024-01-13T12:23:23.390+0000] {dag.py:3820} INFO - Setting next_dagrun for example_xcom_args_with_operators to None, run_after=None
[2024-01-13T12:23:23.414+0000] {processor.py:183} INFO - Processing /home/airflow/.local/lib/python3.8/site-packages/airflow/example_dags/example_xcomargs.py took 0.109 seconds
[2024-01-13T12:23:54.356+0000] {processor.py:161} INFO - Started process (PID=2034) to work on /home/airflow/.local/lib/python3.8/site-packages/airflow/example_dags/example_xcomargs.py
[2024-01-13T12:23:54.358+0000] {processor.py:830} INFO - Processing file /home/airflow/.local/lib/python3.8/site-packages/airflow/example_dags/example_xcomargs.py for tasks to queue
[2024-01-13T12:23:54.361+0000] {logging_mixin.py:188} INFO - [2024-01-13T12:23:54.361+0000] {dagbag.py:538} INFO - Filling up the DagBag from /home/airflow/.local/lib/python3.8/site-packages/airflow/example_dags/example_xcomargs.py
[2024-01-13T12:23:54.376+0000] {processor.py:840} INFO - DAG(s) 'example_xcom_args', 'example_xcom_args_with_operators' retrieved from /home/airflow/.local/lib/python3.8/site-packages/airflow/example_dags/example_xcomargs.py
[2024-01-13T12:23:54.413+0000] {logging_mixin.py:188} INFO - [2024-01-13T12:23:54.413+0000] {dag.py:3033} INFO - Sync 2 DAGs
[2024-01-13T12:23:54.437+0000] {logging_mixin.py:188} INFO - [2024-01-13T12:23:54.436+0000] {dag.py:3820} INFO - Setting next_dagrun for example_xcom_args to None, run_after=None
[2024-01-13T12:23:54.442+0000] {logging_mixin.py:188} INFO - [2024-01-13T12:23:54.442+0000] {dag.py:3820} INFO - Setting next_dagrun for example_xcom_args_with_operators to None, run_after=None
[2024-01-13T12:23:54.467+0000] {processor.py:183} INFO - Processing /home/airflow/.local/lib/python3.8/site-packages/airflow/example_dags/example_xcomargs.py took 0.118 seconds
[2024-01-13T12:24:24.812+0000] {processor.py:161} INFO - Started process (PID=2093) to work on /home/airflow/.local/lib/python3.8/site-packages/airflow/example_dags/example_xcomargs.py
[2024-01-13T12:24:24.814+0000] {processor.py:830} INFO - Processing file /home/airflow/.local/lib/python3.8/site-packages/airflow/example_dags/example_xcomargs.py for tasks to queue
[2024-01-13T12:24:24.818+0000] {logging_mixin.py:188} INFO - [2024-01-13T12:24:24.818+0000] {dagbag.py:538} INFO - Filling up the DagBag from /home/airflow/.local/lib/python3.8/site-packages/airflow/example_dags/example_xcomargs.py
[2024-01-13T12:24:24.833+0000] {processor.py:840} INFO - DAG(s) 'example_xcom_args_with_operators', 'example_xcom_args' retrieved from /home/airflow/.local/lib/python3.8/site-packages/airflow/example_dags/example_xcomargs.py
[2024-01-13T12:24:24.870+0000] {logging_mixin.py:188} INFO - [2024-01-13T12:24:24.870+0000] {dag.py:3033} INFO - Sync 2 DAGs
[2024-01-13T12:24:24.896+0000] {logging_mixin.py:188} INFO - [2024-01-13T12:24:24.895+0000] {dag.py:3820} INFO - Setting next_dagrun for example_xcom_args to None, run_after=None
[2024-01-13T12:24:24.901+0000] {logging_mixin.py:188} INFO - [2024-01-13T12:24:24.901+0000] {dag.py:3820} INFO - Setting next_dagrun for example_xcom_args_with_operators to None, run_after=None
[2024-01-13T12:24:24.924+0000] {processor.py:183} INFO - Processing /home/airflow/.local/lib/python3.8/site-packages/airflow/example_dags/example_xcomargs.py took 0.117 seconds
[2024-01-13T12:24:55.407+0000] {processor.py:161} INFO - Started process (PID=2153) to work on /home/airflow/.local/lib/python3.8/site-packages/airflow/example_dags/example_xcomargs.py
[2024-01-13T12:24:55.411+0000] {processor.py:830} INFO - Processing file /home/airflow/.local/lib/python3.8/site-packages/airflow/example_dags/example_xcomargs.py for tasks to queue
[2024-01-13T12:24:55.416+0000] {logging_mixin.py:188} INFO - [2024-01-13T12:24:55.415+0000] {dagbag.py:538} INFO - Filling up the DagBag from /home/airflow/.local/lib/python3.8/site-packages/airflow/example_dags/example_xcomargs.py
[2024-01-13T12:24:55.429+0000] {processor.py:840} INFO - DAG(s) 'example_xcom_args', 'example_xcom_args_with_operators' retrieved from /home/airflow/.local/lib/python3.8/site-packages/airflow/example_dags/example_xcomargs.py
[2024-01-13T12:24:55.464+0000] {logging_mixin.py:188} INFO - [2024-01-13T12:24:55.464+0000] {dag.py:3033} INFO - Sync 2 DAGs
[2024-01-13T12:24:55.483+0000] {logging_mixin.py:188} INFO - [2024-01-13T12:24:55.483+0000] {dag.py:3820} INFO - Setting next_dagrun for example_xcom_args to None, run_after=None
[2024-01-13T12:24:55.488+0000] {logging_mixin.py:188} INFO - [2024-01-13T12:24:55.488+0000] {dag.py:3820} INFO - Setting next_dagrun for example_xcom_args_with_operators to None, run_after=None
[2024-01-13T12:24:55.509+0000] {processor.py:183} INFO - Processing /home/airflow/.local/lib/python3.8/site-packages/airflow/example_dags/example_xcomargs.py took 0.107 seconds
[2024-01-13T12:25:26.516+0000] {processor.py:161} INFO - Started process (PID=2212) to work on /home/airflow/.local/lib/python3.8/site-packages/airflow/example_dags/example_xcomargs.py
[2024-01-13T12:25:26.518+0000] {processor.py:830} INFO - Processing file /home/airflow/.local/lib/python3.8/site-packages/airflow/example_dags/example_xcomargs.py for tasks to queue
[2024-01-13T12:25:26.521+0000] {logging_mixin.py:188} INFO - [2024-01-13T12:25:26.520+0000] {dagbag.py:538} INFO - Filling up the DagBag from /home/airflow/.local/lib/python3.8/site-packages/airflow/example_dags/example_xcomargs.py
[2024-01-13T12:25:26.533+0000] {processor.py:840} INFO - DAG(s) 'example_xcom_args_with_operators', 'example_xcom_args' retrieved from /home/airflow/.local/lib/python3.8/site-packages/airflow/example_dags/example_xcomargs.py
[2024-01-13T12:25:26.571+0000] {logging_mixin.py:188} INFO - [2024-01-13T12:25:26.571+0000] {dag.py:3033} INFO - Sync 2 DAGs
[2024-01-13T12:25:26.590+0000] {logging_mixin.py:188} INFO - [2024-01-13T12:25:26.589+0000] {dag.py:3820} INFO - Setting next_dagrun for example_xcom_args to None, run_after=None
[2024-01-13T12:25:26.595+0000] {logging_mixin.py:188} INFO - [2024-01-13T12:25:26.595+0000] {dag.py:3820} INFO - Setting next_dagrun for example_xcom_args_with_operators to None, run_after=None
[2024-01-13T12:25:26.618+0000] {processor.py:183} INFO - Processing /home/airflow/.local/lib/python3.8/site-packages/airflow/example_dags/example_xcomargs.py took 0.106 seconds
