[2024-01-13T11:57:45.740+0000] {processor.py:161} INFO - Started process (PID=61) to work on /home/airflow/.local/lib/python3.8/site-packages/airflow/example_dags/example_latest_only_with_trigger.py
[2024-01-13T11:57:45.742+0000] {processor.py:830} INFO - Processing file /home/airflow/.local/lib/python3.8/site-packages/airflow/example_dags/example_latest_only_with_trigger.py for tasks to queue
[2024-01-13T11:57:45.746+0000] {logging_mixin.py:188} INFO - [2024-01-13T11:57:45.746+0000] {dagbag.py:538} INFO - Filling up the DagBag from /home/airflow/.local/lib/python3.8/site-packages/airflow/example_dags/example_latest_only_with_trigger.py
[2024-01-13T11:57:45.790+0000] {processor.py:840} INFO - DAG(s) 'latest_only_with_trigger' retrieved from /home/airflow/.local/lib/python3.8/site-packages/airflow/example_dags/example_latest_only_with_trigger.py
[2024-01-13T11:57:46.033+0000] {logging_mixin.py:188} INFO - [2024-01-13T11:57:46.032+0000] {override.py:1769} INFO - Created Permission View: can edit on DAG:latest_only_with_trigger
[2024-01-13T11:57:46.049+0000] {logging_mixin.py:188} INFO - [2024-01-13T11:57:46.048+0000] {override.py:1769} INFO - Created Permission View: can read on DAG:latest_only_with_trigger
[2024-01-13T11:57:46.059+0000] {logging_mixin.py:188} INFO - [2024-01-13T11:57:46.059+0000] {override.py:1769} INFO - Created Permission View: can delete on DAG:latest_only_with_trigger
[2024-01-13T11:57:46.060+0000] {logging_mixin.py:188} INFO - [2024-01-13T11:57:46.059+0000] {dag.py:3033} INFO - Sync 1 DAGs
[2024-01-13T11:57:46.091+0000] {logging_mixin.py:188} INFO - [2024-01-13T11:57:46.091+0000] {dag.py:3055} INFO - Creating ORM DAG for latest_only_with_trigger
[2024-01-13T11:57:46.132+0000] {logging_mixin.py:188} INFO - [2024-01-13T11:57:46.131+0000] {dag.py:3820} INFO - Setting next_dagrun for latest_only_with_trigger to 2024-01-13T04:00:00+00:00, run_after=2024-01-13T08:00:00+00:00
[2024-01-13T11:57:46.170+0000] {processor.py:183} INFO - Processing /home/airflow/.local/lib/python3.8/site-packages/airflow/example_dags/example_latest_only_with_trigger.py took 0.445 seconds
[2024-01-13T11:58:16.224+0000] {processor.py:161} INFO - Started process (PID=120) to work on /home/airflow/.local/lib/python3.8/site-packages/airflow/example_dags/example_latest_only_with_trigger.py
[2024-01-13T11:58:16.226+0000] {processor.py:830} INFO - Processing file /home/airflow/.local/lib/python3.8/site-packages/airflow/example_dags/example_latest_only_with_trigger.py for tasks to queue
[2024-01-13T11:58:16.229+0000] {logging_mixin.py:188} INFO - [2024-01-13T11:58:16.229+0000] {dagbag.py:538} INFO - Filling up the DagBag from /home/airflow/.local/lib/python3.8/site-packages/airflow/example_dags/example_latest_only_with_trigger.py
[2024-01-13T11:58:16.238+0000] {processor.py:840} INFO - DAG(s) 'latest_only_with_trigger' retrieved from /home/airflow/.local/lib/python3.8/site-packages/airflow/example_dags/example_latest_only_with_trigger.py
[2024-01-13T11:58:16.268+0000] {logging_mixin.py:188} INFO - [2024-01-13T11:58:16.268+0000] {dag.py:3033} INFO - Sync 1 DAGs
[2024-01-13T11:58:16.297+0000] {logging_mixin.py:188} INFO - [2024-01-13T11:58:16.296+0000] {dag.py:3820} INFO - Setting next_dagrun for latest_only_with_trigger to 2024-01-13T04:00:00+00:00, run_after=2024-01-13T08:00:00+00:00
[2024-01-13T11:58:16.322+0000] {processor.py:183} INFO - Processing /home/airflow/.local/lib/python3.8/site-packages/airflow/example_dags/example_latest_only_with_trigger.py took 0.103 seconds
[2024-01-13T11:58:46.440+0000] {processor.py:161} INFO - Started process (PID=179) to work on /home/airflow/.local/lib/python3.8/site-packages/airflow/example_dags/example_latest_only_with_trigger.py
[2024-01-13T11:58:46.442+0000] {processor.py:830} INFO - Processing file /home/airflow/.local/lib/python3.8/site-packages/airflow/example_dags/example_latest_only_with_trigger.py for tasks to queue
[2024-01-13T11:58:46.446+0000] {logging_mixin.py:188} INFO - [2024-01-13T11:58:46.445+0000] {dagbag.py:538} INFO - Filling up the DagBag from /home/airflow/.local/lib/python3.8/site-packages/airflow/example_dags/example_latest_only_with_trigger.py
[2024-01-13T11:58:46.455+0000] {processor.py:840} INFO - DAG(s) 'latest_only_with_trigger' retrieved from /home/airflow/.local/lib/python3.8/site-packages/airflow/example_dags/example_latest_only_with_trigger.py
[2024-01-13T11:58:46.485+0000] {logging_mixin.py:188} INFO - [2024-01-13T11:58:46.485+0000] {dag.py:3033} INFO - Sync 1 DAGs
[2024-01-13T11:58:46.515+0000] {logging_mixin.py:188} INFO - [2024-01-13T11:58:46.514+0000] {dag.py:3820} INFO - Setting next_dagrun for latest_only_with_trigger to 2024-01-13T04:00:00+00:00, run_after=2024-01-13T08:00:00+00:00
[2024-01-13T11:58:46.537+0000] {processor.py:183} INFO - Processing /home/airflow/.local/lib/python3.8/site-packages/airflow/example_dags/example_latest_only_with_trigger.py took 0.103 seconds
[2024-01-13T11:59:16.891+0000] {processor.py:161} INFO - Started process (PID=244) to work on /home/airflow/.local/lib/python3.8/site-packages/airflow/example_dags/example_latest_only_with_trigger.py
[2024-01-13T11:59:16.894+0000] {processor.py:830} INFO - Processing file /home/airflow/.local/lib/python3.8/site-packages/airflow/example_dags/example_latest_only_with_trigger.py for tasks to queue
[2024-01-13T11:59:16.897+0000] {logging_mixin.py:188} INFO - [2024-01-13T11:59:16.896+0000] {dagbag.py:538} INFO - Filling up the DagBag from /home/airflow/.local/lib/python3.8/site-packages/airflow/example_dags/example_latest_only_with_trigger.py
[2024-01-13T11:59:16.906+0000] {processor.py:840} INFO - DAG(s) 'latest_only_with_trigger' retrieved from /home/airflow/.local/lib/python3.8/site-packages/airflow/example_dags/example_latest_only_with_trigger.py
[2024-01-13T11:59:16.943+0000] {logging_mixin.py:188} INFO - [2024-01-13T11:59:16.942+0000] {dag.py:3033} INFO - Sync 1 DAGs
[2024-01-13T11:59:16.980+0000] {logging_mixin.py:188} INFO - [2024-01-13T11:59:16.979+0000] {dag.py:3820} INFO - Setting next_dagrun for latest_only_with_trigger to 2024-01-13T04:00:00+00:00, run_after=2024-01-13T08:00:00+00:00
[2024-01-13T11:59:17.007+0000] {processor.py:183} INFO - Processing /home/airflow/.local/lib/python3.8/site-packages/airflow/example_dags/example_latest_only_with_trigger.py took 0.121 seconds
[2024-01-13T11:59:47.940+0000] {processor.py:161} INFO - Started process (PID=302) to work on /home/airflow/.local/lib/python3.8/site-packages/airflow/example_dags/example_latest_only_with_trigger.py
[2024-01-13T11:59:47.943+0000] {processor.py:830} INFO - Processing file /home/airflow/.local/lib/python3.8/site-packages/airflow/example_dags/example_latest_only_with_trigger.py for tasks to queue
[2024-01-13T11:59:47.946+0000] {logging_mixin.py:188} INFO - [2024-01-13T11:59:47.946+0000] {dagbag.py:538} INFO - Filling up the DagBag from /home/airflow/.local/lib/python3.8/site-packages/airflow/example_dags/example_latest_only_with_trigger.py
[2024-01-13T11:59:47.954+0000] {processor.py:840} INFO - DAG(s) 'latest_only_with_trigger' retrieved from /home/airflow/.local/lib/python3.8/site-packages/airflow/example_dags/example_latest_only_with_trigger.py
[2024-01-13T11:59:47.985+0000] {logging_mixin.py:188} INFO - [2024-01-13T11:59:47.984+0000] {dag.py:3033} INFO - Sync 1 DAGs
[2024-01-13T11:59:48.012+0000] {logging_mixin.py:188} INFO - [2024-01-13T11:59:48.012+0000] {dag.py:3820} INFO - Setting next_dagrun for latest_only_with_trigger to 2024-01-13T04:00:00+00:00, run_after=2024-01-13T08:00:00+00:00
[2024-01-13T11:59:48.037+0000] {processor.py:183} INFO - Processing /home/airflow/.local/lib/python3.8/site-packages/airflow/example_dags/example_latest_only_with_trigger.py took 0.102 seconds
[2024-01-13T12:00:18.941+0000] {processor.py:161} INFO - Started process (PID=361) to work on /home/airflow/.local/lib/python3.8/site-packages/airflow/example_dags/example_latest_only_with_trigger.py
[2024-01-13T12:00:18.944+0000] {processor.py:830} INFO - Processing file /home/airflow/.local/lib/python3.8/site-packages/airflow/example_dags/example_latest_only_with_trigger.py for tasks to queue
[2024-01-13T12:00:18.948+0000] {logging_mixin.py:188} INFO - [2024-01-13T12:00:18.947+0000] {dagbag.py:538} INFO - Filling up the DagBag from /home/airflow/.local/lib/python3.8/site-packages/airflow/example_dags/example_latest_only_with_trigger.py
[2024-01-13T12:00:18.959+0000] {processor.py:840} INFO - DAG(s) 'latest_only_with_trigger' retrieved from /home/airflow/.local/lib/python3.8/site-packages/airflow/example_dags/example_latest_only_with_trigger.py
[2024-01-13T12:00:18.988+0000] {logging_mixin.py:188} INFO - [2024-01-13T12:00:18.987+0000] {dag.py:3033} INFO - Sync 1 DAGs
[2024-01-13T12:00:19.015+0000] {logging_mixin.py:188} INFO - [2024-01-13T12:00:19.015+0000] {dag.py:3820} INFO - Setting next_dagrun for latest_only_with_trigger to 2024-01-13T08:00:00+00:00, run_after=2024-01-13T12:00:00+00:00
[2024-01-13T12:00:19.038+0000] {processor.py:183} INFO - Processing /home/airflow/.local/lib/python3.8/site-packages/airflow/example_dags/example_latest_only_with_trigger.py took 0.102 seconds
[2024-01-13T12:00:49.460+0000] {processor.py:161} INFO - Started process (PID=419) to work on /home/airflow/.local/lib/python3.8/site-packages/airflow/example_dags/example_latest_only_with_trigger.py
[2024-01-13T12:00:49.461+0000] {processor.py:830} INFO - Processing file /home/airflow/.local/lib/python3.8/site-packages/airflow/example_dags/example_latest_only_with_trigger.py for tasks to queue
[2024-01-13T12:00:49.464+0000] {logging_mixin.py:188} INFO - [2024-01-13T12:00:49.464+0000] {dagbag.py:538} INFO - Filling up the DagBag from /home/airflow/.local/lib/python3.8/site-packages/airflow/example_dags/example_latest_only_with_trigger.py
[2024-01-13T12:00:49.472+0000] {processor.py:840} INFO - DAG(s) 'latest_only_with_trigger' retrieved from /home/airflow/.local/lib/python3.8/site-packages/airflow/example_dags/example_latest_only_with_trigger.py
[2024-01-13T12:00:49.504+0000] {logging_mixin.py:188} INFO - [2024-01-13T12:00:49.504+0000] {dag.py:3033} INFO - Sync 1 DAGs
[2024-01-13T12:00:49.531+0000] {logging_mixin.py:188} INFO - [2024-01-13T12:00:49.531+0000] {dag.py:3820} INFO - Setting next_dagrun for latest_only_with_trigger to 2024-01-13T08:00:00+00:00, run_after=2024-01-13T12:00:00+00:00
[2024-01-13T12:00:49.553+0000] {processor.py:183} INFO - Processing /home/airflow/.local/lib/python3.8/site-packages/airflow/example_dags/example_latest_only_with_trigger.py took 0.098 seconds
[2024-01-13T12:01:19.612+0000] {processor.py:161} INFO - Started process (PID=477) to work on /home/airflow/.local/lib/python3.8/site-packages/airflow/example_dags/example_latest_only_with_trigger.py
[2024-01-13T12:01:19.676+0000] {processor.py:830} INFO - Processing file /home/airflow/.local/lib/python3.8/site-packages/airflow/example_dags/example_latest_only_with_trigger.py for tasks to queue
[2024-01-13T12:01:19.679+0000] {logging_mixin.py:188} INFO - [2024-01-13T12:01:19.679+0000] {dagbag.py:538} INFO - Filling up the DagBag from /home/airflow/.local/lib/python3.8/site-packages/airflow/example_dags/example_latest_only_with_trigger.py
[2024-01-13T12:01:19.687+0000] {processor.py:840} INFO - DAG(s) 'latest_only_with_trigger' retrieved from /home/airflow/.local/lib/python3.8/site-packages/airflow/example_dags/example_latest_only_with_trigger.py
[2024-01-13T12:01:19.722+0000] {logging_mixin.py:188} INFO - [2024-01-13T12:01:19.722+0000] {dag.py:3033} INFO - Sync 1 DAGs
[2024-01-13T12:01:19.758+0000] {logging_mixin.py:188} INFO - [2024-01-13T12:01:19.758+0000] {dag.py:3820} INFO - Setting next_dagrun for latest_only_with_trigger to 2024-01-13T08:00:00+00:00, run_after=2024-01-13T12:00:00+00:00
[2024-01-13T12:01:19.781+0000] {processor.py:183} INFO - Processing /home/airflow/.local/lib/python3.8/site-packages/airflow/example_dags/example_latest_only_with_trigger.py took 0.174 seconds
[2024-01-13T12:01:49.990+0000] {processor.py:161} INFO - Started process (PID=536) to work on /home/airflow/.local/lib/python3.8/site-packages/airflow/example_dags/example_latest_only_with_trigger.py
[2024-01-13T12:01:49.991+0000] {processor.py:830} INFO - Processing file /home/airflow/.local/lib/python3.8/site-packages/airflow/example_dags/example_latest_only_with_trigger.py for tasks to queue
[2024-01-13T12:01:49.995+0000] {logging_mixin.py:188} INFO - [2024-01-13T12:01:49.994+0000] {dagbag.py:538} INFO - Filling up the DagBag from /home/airflow/.local/lib/python3.8/site-packages/airflow/example_dags/example_latest_only_with_trigger.py
[2024-01-13T12:01:50.003+0000] {processor.py:840} INFO - DAG(s) 'latest_only_with_trigger' retrieved from /home/airflow/.local/lib/python3.8/site-packages/airflow/example_dags/example_latest_only_with_trigger.py
[2024-01-13T12:01:50.036+0000] {logging_mixin.py:188} INFO - [2024-01-13T12:01:50.035+0000] {dag.py:3033} INFO - Sync 1 DAGs
[2024-01-13T12:01:50.069+0000] {logging_mixin.py:188} INFO - [2024-01-13T12:01:50.069+0000] {dag.py:3820} INFO - Setting next_dagrun for latest_only_with_trigger to 2024-01-13T08:00:00+00:00, run_after=2024-01-13T12:00:00+00:00
[2024-01-13T12:01:50.097+0000] {processor.py:183} INFO - Processing /home/airflow/.local/lib/python3.8/site-packages/airflow/example_dags/example_latest_only_with_trigger.py took 0.113 seconds
[2024-01-13T12:02:20.494+0000] {processor.py:161} INFO - Started process (PID=603) to work on /home/airflow/.local/lib/python3.8/site-packages/airflow/example_dags/example_latest_only_with_trigger.py
[2024-01-13T12:02:20.535+0000] {processor.py:830} INFO - Processing file /home/airflow/.local/lib/python3.8/site-packages/airflow/example_dags/example_latest_only_with_trigger.py for tasks to queue
[2024-01-13T12:02:20.540+0000] {logging_mixin.py:188} INFO - [2024-01-13T12:02:20.539+0000] {dagbag.py:538} INFO - Filling up the DagBag from /home/airflow/.local/lib/python3.8/site-packages/airflow/example_dags/example_latest_only_with_trigger.py
[2024-01-13T12:02:20.549+0000] {processor.py:840} INFO - DAG(s) 'latest_only_with_trigger' retrieved from /home/airflow/.local/lib/python3.8/site-packages/airflow/example_dags/example_latest_only_with_trigger.py
[2024-01-13T12:02:20.576+0000] {logging_mixin.py:188} INFO - [2024-01-13T12:02:20.576+0000] {dag.py:3033} INFO - Sync 1 DAGs
[2024-01-13T12:02:20.602+0000] {logging_mixin.py:188} INFO - [2024-01-13T12:02:20.602+0000] {dag.py:3820} INFO - Setting next_dagrun for latest_only_with_trigger to 2024-01-13T08:00:00+00:00, run_after=2024-01-13T12:00:00+00:00
[2024-01-13T12:02:20.622+0000] {processor.py:183} INFO - Processing /home/airflow/.local/lib/python3.8/site-packages/airflow/example_dags/example_latest_only_with_trigger.py took 0.135 seconds
[2024-01-13T12:02:51.140+0000] {processor.py:161} INFO - Started process (PID=682) to work on /home/airflow/.local/lib/python3.8/site-packages/airflow/example_dags/example_latest_only_with_trigger.py
[2024-01-13T12:02:51.142+0000] {processor.py:830} INFO - Processing file /home/airflow/.local/lib/python3.8/site-packages/airflow/example_dags/example_latest_only_with_trigger.py for tasks to queue
[2024-01-13T12:02:51.163+0000] {logging_mixin.py:188} INFO - [2024-01-13T12:02:51.163+0000] {dagbag.py:538} INFO - Filling up the DagBag from /home/airflow/.local/lib/python3.8/site-packages/airflow/example_dags/example_latest_only_with_trigger.py
[2024-01-13T12:02:51.192+0000] {processor.py:840} INFO - DAG(s) 'latest_only_with_trigger' retrieved from /home/airflow/.local/lib/python3.8/site-packages/airflow/example_dags/example_latest_only_with_trigger.py
[2024-01-13T12:02:51.294+0000] {logging_mixin.py:188} INFO - [2024-01-13T12:02:51.294+0000] {dag.py:3033} INFO - Sync 1 DAGs
[2024-01-13T12:02:51.363+0000] {logging_mixin.py:188} INFO - [2024-01-13T12:02:51.363+0000] {dag.py:3820} INFO - Setting next_dagrun for latest_only_with_trigger to 2024-01-13T08:00:00+00:00, run_after=2024-01-13T12:00:00+00:00
[2024-01-13T12:02:51.412+0000] {processor.py:183} INFO - Processing /home/airflow/.local/lib/python3.8/site-packages/airflow/example_dags/example_latest_only_with_trigger.py took 0.282 seconds
[2024-01-13T12:07:40.939+0000] {processor.py:161} INFO - Started process (PID=56) to work on /home/airflow/.local/lib/python3.8/site-packages/airflow/example_dags/example_latest_only_with_trigger.py
[2024-01-13T12:07:40.955+0000] {processor.py:830} INFO - Processing file /home/airflow/.local/lib/python3.8/site-packages/airflow/example_dags/example_latest_only_with_trigger.py for tasks to queue
[2024-01-13T12:07:40.959+0000] {logging_mixin.py:188} INFO - [2024-01-13T12:07:40.958+0000] {dagbag.py:538} INFO - Filling up the DagBag from /home/airflow/.local/lib/python3.8/site-packages/airflow/example_dags/example_latest_only_with_trigger.py
[2024-01-13T12:07:40.974+0000] {processor.py:840} INFO - DAG(s) 'latest_only_with_trigger' retrieved from /home/airflow/.local/lib/python3.8/site-packages/airflow/example_dags/example_latest_only_with_trigger.py
[2024-01-13T12:07:41.000+0000] {logging_mixin.py:188} INFO - [2024-01-13T12:07:40.999+0000] {dag.py:3033} INFO - Sync 1 DAGs
[2024-01-13T12:07:41.046+0000] {logging_mixin.py:188} INFO - [2024-01-13T12:07:41.046+0000] {dag.py:3820} INFO - Setting next_dagrun for latest_only_with_trigger to 2024-01-13T08:00:00+00:00, run_after=2024-01-13T12:00:00+00:00
[2024-01-13T12:07:41.081+0000] {processor.py:183} INFO - Processing /home/airflow/.local/lib/python3.8/site-packages/airflow/example_dags/example_latest_only_with_trigger.py took 0.151 seconds
[2024-01-13T12:08:15.001+0000] {processor.py:161} INFO - Started process (PID=148) to work on /home/airflow/.local/lib/python3.8/site-packages/airflow/example_dags/example_latest_only_with_trigger.py
[2024-01-13T12:08:15.006+0000] {processor.py:830} INFO - Processing file /home/airflow/.local/lib/python3.8/site-packages/airflow/example_dags/example_latest_only_with_trigger.py for tasks to queue
[2024-01-13T12:08:15.010+0000] {logging_mixin.py:188} INFO - [2024-01-13T12:08:15.010+0000] {dagbag.py:538} INFO - Filling up the DagBag from /home/airflow/.local/lib/python3.8/site-packages/airflow/example_dags/example_latest_only_with_trigger.py
[2024-01-13T12:08:15.033+0000] {processor.py:840} INFO - DAG(s) 'latest_only_with_trigger' retrieved from /home/airflow/.local/lib/python3.8/site-packages/airflow/example_dags/example_latest_only_with_trigger.py
[2024-01-13T12:08:15.429+0000] {logging_mixin.py:188} INFO - [2024-01-13T12:08:15.428+0000] {dag.py:3033} INFO - Sync 1 DAGs
[2024-01-13T12:08:15.477+0000] {logging_mixin.py:188} INFO - [2024-01-13T12:08:15.477+0000] {dag.py:3820} INFO - Setting next_dagrun for latest_only_with_trigger to 2024-01-13T08:00:00+00:00, run_after=2024-01-13T12:00:00+00:00
[2024-01-13T12:08:15.525+0000] {processor.py:183} INFO - Processing /home/airflow/.local/lib/python3.8/site-packages/airflow/example_dags/example_latest_only_with_trigger.py took 0.537 seconds
[2024-01-13T12:08:46.109+0000] {processor.py:161} INFO - Started process (PID=207) to work on /home/airflow/.local/lib/python3.8/site-packages/airflow/example_dags/example_latest_only_with_trigger.py
[2024-01-13T12:08:46.111+0000] {processor.py:830} INFO - Processing file /home/airflow/.local/lib/python3.8/site-packages/airflow/example_dags/example_latest_only_with_trigger.py for tasks to queue
[2024-01-13T12:08:46.114+0000] {logging_mixin.py:188} INFO - [2024-01-13T12:08:46.114+0000] {dagbag.py:538} INFO - Filling up the DagBag from /home/airflow/.local/lib/python3.8/site-packages/airflow/example_dags/example_latest_only_with_trigger.py
[2024-01-13T12:08:46.122+0000] {processor.py:840} INFO - DAG(s) 'latest_only_with_trigger' retrieved from /home/airflow/.local/lib/python3.8/site-packages/airflow/example_dags/example_latest_only_with_trigger.py
[2024-01-13T12:08:46.150+0000] {logging_mixin.py:188} INFO - [2024-01-13T12:08:46.150+0000] {dag.py:3033} INFO - Sync 1 DAGs
[2024-01-13T12:08:46.181+0000] {logging_mixin.py:188} INFO - [2024-01-13T12:08:46.181+0000] {dag.py:3820} INFO - Setting next_dagrun for latest_only_with_trigger to 2024-01-13T08:00:00+00:00, run_after=2024-01-13T12:00:00+00:00
[2024-01-13T12:08:46.204+0000] {processor.py:183} INFO - Processing /home/airflow/.local/lib/python3.8/site-packages/airflow/example_dags/example_latest_only_with_trigger.py took 0.100 seconds
[2024-01-13T12:09:16.639+0000] {processor.py:161} INFO - Started process (PID=267) to work on /home/airflow/.local/lib/python3.8/site-packages/airflow/example_dags/example_latest_only_with_trigger.py
[2024-01-13T12:09:16.640+0000] {processor.py:830} INFO - Processing file /home/airflow/.local/lib/python3.8/site-packages/airflow/example_dags/example_latest_only_with_trigger.py for tasks to queue
[2024-01-13T12:09:16.643+0000] {logging_mixin.py:188} INFO - [2024-01-13T12:09:16.643+0000] {dagbag.py:538} INFO - Filling up the DagBag from /home/airflow/.local/lib/python3.8/site-packages/airflow/example_dags/example_latest_only_with_trigger.py
[2024-01-13T12:09:16.652+0000] {processor.py:840} INFO - DAG(s) 'latest_only_with_trigger' retrieved from /home/airflow/.local/lib/python3.8/site-packages/airflow/example_dags/example_latest_only_with_trigger.py
[2024-01-13T12:09:16.681+0000] {logging_mixin.py:188} INFO - [2024-01-13T12:09:16.680+0000] {dag.py:3033} INFO - Sync 1 DAGs
[2024-01-13T12:09:16.711+0000] {logging_mixin.py:188} INFO - [2024-01-13T12:09:16.711+0000] {dag.py:3820} INFO - Setting next_dagrun for latest_only_with_trigger to 2024-01-13T08:00:00+00:00, run_after=2024-01-13T12:00:00+00:00
[2024-01-13T12:09:16.739+0000] {processor.py:183} INFO - Processing /home/airflow/.local/lib/python3.8/site-packages/airflow/example_dags/example_latest_only_with_trigger.py took 0.105 seconds
[2024-01-13T12:09:46.987+0000] {processor.py:161} INFO - Started process (PID=326) to work on /home/airflow/.local/lib/python3.8/site-packages/airflow/example_dags/example_latest_only_with_trigger.py
[2024-01-13T12:09:46.995+0000] {processor.py:830} INFO - Processing file /home/airflow/.local/lib/python3.8/site-packages/airflow/example_dags/example_latest_only_with_trigger.py for tasks to queue
[2024-01-13T12:09:46.999+0000] {logging_mixin.py:188} INFO - [2024-01-13T12:09:46.999+0000] {dagbag.py:538} INFO - Filling up the DagBag from /home/airflow/.local/lib/python3.8/site-packages/airflow/example_dags/example_latest_only_with_trigger.py
[2024-01-13T12:09:47.009+0000] {processor.py:840} INFO - DAG(s) 'latest_only_with_trigger' retrieved from /home/airflow/.local/lib/python3.8/site-packages/airflow/example_dags/example_latest_only_with_trigger.py
[2024-01-13T12:09:47.037+0000] {logging_mixin.py:188} INFO - [2024-01-13T12:09:47.037+0000] {dag.py:3033} INFO - Sync 1 DAGs
[2024-01-13T12:09:47.067+0000] {logging_mixin.py:188} INFO - [2024-01-13T12:09:47.067+0000] {dag.py:3820} INFO - Setting next_dagrun for latest_only_with_trigger to 2024-01-13T08:00:00+00:00, run_after=2024-01-13T12:00:00+00:00
[2024-01-13T12:09:47.095+0000] {processor.py:183} INFO - Processing /home/airflow/.local/lib/python3.8/site-packages/airflow/example_dags/example_latest_only_with_trigger.py took 0.113 seconds
[2024-01-13T12:10:17.802+0000] {processor.py:161} INFO - Started process (PID=385) to work on /home/airflow/.local/lib/python3.8/site-packages/airflow/example_dags/example_latest_only_with_trigger.py
[2024-01-13T12:10:17.803+0000] {processor.py:830} INFO - Processing file /home/airflow/.local/lib/python3.8/site-packages/airflow/example_dags/example_latest_only_with_trigger.py for tasks to queue
[2024-01-13T12:10:17.806+0000] {logging_mixin.py:188} INFO - [2024-01-13T12:10:17.805+0000] {dagbag.py:538} INFO - Filling up the DagBag from /home/airflow/.local/lib/python3.8/site-packages/airflow/example_dags/example_latest_only_with_trigger.py
[2024-01-13T12:10:17.814+0000] {processor.py:840} INFO - DAG(s) 'latest_only_with_trigger' retrieved from /home/airflow/.local/lib/python3.8/site-packages/airflow/example_dags/example_latest_only_with_trigger.py
[2024-01-13T12:10:17.842+0000] {logging_mixin.py:188} INFO - [2024-01-13T12:10:17.842+0000] {dag.py:3033} INFO - Sync 1 DAGs
[2024-01-13T12:10:17.874+0000] {logging_mixin.py:188} INFO - [2024-01-13T12:10:17.873+0000] {dag.py:3820} INFO - Setting next_dagrun for latest_only_with_trigger to 2024-01-13T08:00:00+00:00, run_after=2024-01-13T12:00:00+00:00
[2024-01-13T12:10:17.896+0000] {processor.py:183} INFO - Processing /home/airflow/.local/lib/python3.8/site-packages/airflow/example_dags/example_latest_only_with_trigger.py took 0.100 seconds
[2024-01-13T12:10:48.101+0000] {processor.py:161} INFO - Started process (PID=444) to work on /home/airflow/.local/lib/python3.8/site-packages/airflow/example_dags/example_latest_only_with_trigger.py
[2024-01-13T12:10:48.104+0000] {processor.py:830} INFO - Processing file /home/airflow/.local/lib/python3.8/site-packages/airflow/example_dags/example_latest_only_with_trigger.py for tasks to queue
[2024-01-13T12:10:48.108+0000] {logging_mixin.py:188} INFO - [2024-01-13T12:10:48.107+0000] {dagbag.py:538} INFO - Filling up the DagBag from /home/airflow/.local/lib/python3.8/site-packages/airflow/example_dags/example_latest_only_with_trigger.py
[2024-01-13T12:10:48.116+0000] {processor.py:840} INFO - DAG(s) 'latest_only_with_trigger' retrieved from /home/airflow/.local/lib/python3.8/site-packages/airflow/example_dags/example_latest_only_with_trigger.py
[2024-01-13T12:10:48.144+0000] {logging_mixin.py:188} INFO - [2024-01-13T12:10:48.144+0000] {dag.py:3033} INFO - Sync 1 DAGs
[2024-01-13T12:10:48.171+0000] {logging_mixin.py:188} INFO - [2024-01-13T12:10:48.171+0000] {dag.py:3820} INFO - Setting next_dagrun for latest_only_with_trigger to 2024-01-13T08:00:00+00:00, run_after=2024-01-13T12:00:00+00:00
[2024-01-13T12:10:48.195+0000] {processor.py:183} INFO - Processing /home/airflow/.local/lib/python3.8/site-packages/airflow/example_dags/example_latest_only_with_trigger.py took 0.101 seconds
[2024-01-13T12:11:18.521+0000] {processor.py:161} INFO - Started process (PID=503) to work on /home/airflow/.local/lib/python3.8/site-packages/airflow/example_dags/example_latest_only_with_trigger.py
[2024-01-13T12:11:18.522+0000] {processor.py:830} INFO - Processing file /home/airflow/.local/lib/python3.8/site-packages/airflow/example_dags/example_latest_only_with_trigger.py for tasks to queue
[2024-01-13T12:11:18.525+0000] {logging_mixin.py:188} INFO - [2024-01-13T12:11:18.525+0000] {dagbag.py:538} INFO - Filling up the DagBag from /home/airflow/.local/lib/python3.8/site-packages/airflow/example_dags/example_latest_only_with_trigger.py
[2024-01-13T12:11:18.535+0000] {processor.py:840} INFO - DAG(s) 'latest_only_with_trigger' retrieved from /home/airflow/.local/lib/python3.8/site-packages/airflow/example_dags/example_latest_only_with_trigger.py
[2024-01-13T12:11:18.563+0000] {logging_mixin.py:188} INFO - [2024-01-13T12:11:18.562+0000] {dag.py:3033} INFO - Sync 1 DAGs
[2024-01-13T12:11:18.590+0000] {logging_mixin.py:188} INFO - [2024-01-13T12:11:18.590+0000] {dag.py:3820} INFO - Setting next_dagrun for latest_only_with_trigger to 2024-01-13T08:00:00+00:00, run_after=2024-01-13T12:00:00+00:00
[2024-01-13T12:11:18.611+0000] {processor.py:183} INFO - Processing /home/airflow/.local/lib/python3.8/site-packages/airflow/example_dags/example_latest_only_with_trigger.py took 0.095 seconds
[2024-01-13T12:11:48.802+0000] {processor.py:161} INFO - Started process (PID=562) to work on /home/airflow/.local/lib/python3.8/site-packages/airflow/example_dags/example_latest_only_with_trigger.py
[2024-01-13T12:11:48.804+0000] {processor.py:830} INFO - Processing file /home/airflow/.local/lib/python3.8/site-packages/airflow/example_dags/example_latest_only_with_trigger.py for tasks to queue
[2024-01-13T12:11:48.809+0000] {logging_mixin.py:188} INFO - [2024-01-13T12:11:48.808+0000] {dagbag.py:538} INFO - Filling up the DagBag from /home/airflow/.local/lib/python3.8/site-packages/airflow/example_dags/example_latest_only_with_trigger.py
[2024-01-13T12:11:48.820+0000] {processor.py:840} INFO - DAG(s) 'latest_only_with_trigger' retrieved from /home/airflow/.local/lib/python3.8/site-packages/airflow/example_dags/example_latest_only_with_trigger.py
[2024-01-13T12:11:48.849+0000] {logging_mixin.py:188} INFO - [2024-01-13T12:11:48.849+0000] {dag.py:3033} INFO - Sync 1 DAGs
[2024-01-13T12:11:48.879+0000] {logging_mixin.py:188} INFO - [2024-01-13T12:11:48.879+0000] {dag.py:3820} INFO - Setting next_dagrun for latest_only_with_trigger to 2024-01-13T08:00:00+00:00, run_after=2024-01-13T12:00:00+00:00
[2024-01-13T12:11:48.902+0000] {processor.py:183} INFO - Processing /home/airflow/.local/lib/python3.8/site-packages/airflow/example_dags/example_latest_only_with_trigger.py took 0.106 seconds
[2024-01-13T12:12:20.086+0000] {processor.py:161} INFO - Started process (PID=621) to work on /home/airflow/.local/lib/python3.8/site-packages/airflow/example_dags/example_latest_only_with_trigger.py
[2024-01-13T12:12:20.087+0000] {processor.py:830} INFO - Processing file /home/airflow/.local/lib/python3.8/site-packages/airflow/example_dags/example_latest_only_with_trigger.py for tasks to queue
[2024-01-13T12:12:20.090+0000] {logging_mixin.py:188} INFO - [2024-01-13T12:12:20.089+0000] {dagbag.py:538} INFO - Filling up the DagBag from /home/airflow/.local/lib/python3.8/site-packages/airflow/example_dags/example_latest_only_with_trigger.py
[2024-01-13T12:12:20.102+0000] {processor.py:840} INFO - DAG(s) 'latest_only_with_trigger' retrieved from /home/airflow/.local/lib/python3.8/site-packages/airflow/example_dags/example_latest_only_with_trigger.py
[2024-01-13T12:12:20.132+0000] {logging_mixin.py:188} INFO - [2024-01-13T12:12:20.131+0000] {dag.py:3033} INFO - Sync 1 DAGs
[2024-01-13T12:12:20.159+0000] {logging_mixin.py:188} INFO - [2024-01-13T12:12:20.159+0000] {dag.py:3820} INFO - Setting next_dagrun for latest_only_with_trigger to 2024-01-13T08:00:00+00:00, run_after=2024-01-13T12:00:00+00:00
[2024-01-13T12:12:20.183+0000] {processor.py:183} INFO - Processing /home/airflow/.local/lib/python3.8/site-packages/airflow/example_dags/example_latest_only_with_trigger.py took 0.104 seconds
[2024-01-13T12:12:52.023+0000] {processor.py:161} INFO - Started process (PID=680) to work on /home/airflow/.local/lib/python3.8/site-packages/airflow/example_dags/example_latest_only_with_trigger.py
[2024-01-13T12:12:52.025+0000] {processor.py:830} INFO - Processing file /home/airflow/.local/lib/python3.8/site-packages/airflow/example_dags/example_latest_only_with_trigger.py for tasks to queue
[2024-01-13T12:12:52.028+0000] {logging_mixin.py:188} INFO - [2024-01-13T12:12:52.028+0000] {dagbag.py:538} INFO - Filling up the DagBag from /home/airflow/.local/lib/python3.8/site-packages/airflow/example_dags/example_latest_only_with_trigger.py
[2024-01-13T12:12:52.036+0000] {processor.py:840} INFO - DAG(s) 'latest_only_with_trigger' retrieved from /home/airflow/.local/lib/python3.8/site-packages/airflow/example_dags/example_latest_only_with_trigger.py
[2024-01-13T12:12:52.066+0000] {logging_mixin.py:188} INFO - [2024-01-13T12:12:52.066+0000] {dag.py:3033} INFO - Sync 1 DAGs
[2024-01-13T12:12:52.093+0000] {logging_mixin.py:188} INFO - [2024-01-13T12:12:52.092+0000] {dag.py:3820} INFO - Setting next_dagrun for latest_only_with_trigger to 2024-01-13T08:00:00+00:00, run_after=2024-01-13T12:00:00+00:00
[2024-01-13T12:12:52.118+0000] {processor.py:183} INFO - Processing /home/airflow/.local/lib/python3.8/site-packages/airflow/example_dags/example_latest_only_with_trigger.py took 0.101 seconds
[2024-01-13T12:13:27.325+0000] {processor.py:161} INFO - Started process (PID=753) to work on /home/airflow/.local/lib/python3.8/site-packages/airflow/example_dags/example_latest_only_with_trigger.py
[2024-01-13T12:13:27.329+0000] {processor.py:830} INFO - Processing file /home/airflow/.local/lib/python3.8/site-packages/airflow/example_dags/example_latest_only_with_trigger.py for tasks to queue
[2024-01-13T12:13:27.333+0000] {logging_mixin.py:188} INFO - [2024-01-13T12:13:27.333+0000] {dagbag.py:538} INFO - Filling up the DagBag from /home/airflow/.local/lib/python3.8/site-packages/airflow/example_dags/example_latest_only_with_trigger.py
[2024-01-13T12:13:27.348+0000] {processor.py:840} INFO - DAG(s) 'latest_only_with_trigger' retrieved from /home/airflow/.local/lib/python3.8/site-packages/airflow/example_dags/example_latest_only_with_trigger.py
[2024-01-13T12:13:27.392+0000] {logging_mixin.py:188} INFO - [2024-01-13T12:13:27.392+0000] {dag.py:3033} INFO - Sync 1 DAGs
[2024-01-13T12:13:27.441+0000] {logging_mixin.py:188} INFO - [2024-01-13T12:13:27.441+0000] {dag.py:3820} INFO - Setting next_dagrun for latest_only_with_trigger to 2024-01-13T08:00:00+00:00, run_after=2024-01-13T12:00:00+00:00
[2024-01-13T12:13:27.472+0000] {processor.py:183} INFO - Processing /home/airflow/.local/lib/python3.8/site-packages/airflow/example_dags/example_latest_only_with_trigger.py took 0.154 seconds
[2024-01-13T12:13:58.097+0000] {processor.py:161} INFO - Started process (PID=813) to work on /home/airflow/.local/lib/python3.8/site-packages/airflow/example_dags/example_latest_only_with_trigger.py
[2024-01-13T12:13:58.098+0000] {processor.py:830} INFO - Processing file /home/airflow/.local/lib/python3.8/site-packages/airflow/example_dags/example_latest_only_with_trigger.py for tasks to queue
[2024-01-13T12:13:58.101+0000] {logging_mixin.py:188} INFO - [2024-01-13T12:13:58.101+0000] {dagbag.py:538} INFO - Filling up the DagBag from /home/airflow/.local/lib/python3.8/site-packages/airflow/example_dags/example_latest_only_with_trigger.py
[2024-01-13T12:13:58.109+0000] {processor.py:840} INFO - DAG(s) 'latest_only_with_trigger' retrieved from /home/airflow/.local/lib/python3.8/site-packages/airflow/example_dags/example_latest_only_with_trigger.py
[2024-01-13T12:13:58.140+0000] {logging_mixin.py:188} INFO - [2024-01-13T12:13:58.140+0000] {dag.py:3033} INFO - Sync 1 DAGs
[2024-01-13T12:13:58.170+0000] {logging_mixin.py:188} INFO - [2024-01-13T12:13:58.169+0000] {dag.py:3820} INFO - Setting next_dagrun for latest_only_with_trigger to 2024-01-13T08:00:00+00:00, run_after=2024-01-13T12:00:00+00:00
[2024-01-13T12:13:58.194+0000] {processor.py:183} INFO - Processing /home/airflow/.local/lib/python3.8/site-packages/airflow/example_dags/example_latest_only_with_trigger.py took 0.102 seconds
[2024-01-13T12:14:28.615+0000] {processor.py:161} INFO - Started process (PID=872) to work on /home/airflow/.local/lib/python3.8/site-packages/airflow/example_dags/example_latest_only_with_trigger.py
[2024-01-13T12:14:28.616+0000] {processor.py:830} INFO - Processing file /home/airflow/.local/lib/python3.8/site-packages/airflow/example_dags/example_latest_only_with_trigger.py for tasks to queue
[2024-01-13T12:14:28.619+0000] {logging_mixin.py:188} INFO - [2024-01-13T12:14:28.619+0000] {dagbag.py:538} INFO - Filling up the DagBag from /home/airflow/.local/lib/python3.8/site-packages/airflow/example_dags/example_latest_only_with_trigger.py
[2024-01-13T12:14:28.629+0000] {processor.py:840} INFO - DAG(s) 'latest_only_with_trigger' retrieved from /home/airflow/.local/lib/python3.8/site-packages/airflow/example_dags/example_latest_only_with_trigger.py
[2024-01-13T12:14:28.658+0000] {logging_mixin.py:188} INFO - [2024-01-13T12:14:28.658+0000] {dag.py:3033} INFO - Sync 1 DAGs
[2024-01-13T12:14:28.694+0000] {logging_mixin.py:188} INFO - [2024-01-13T12:14:28.693+0000] {dag.py:3820} INFO - Setting next_dagrun for latest_only_with_trigger to 2024-01-13T08:00:00+00:00, run_after=2024-01-13T12:00:00+00:00
[2024-01-13T12:14:28.718+0000] {processor.py:183} INFO - Processing /home/airflow/.local/lib/python3.8/site-packages/airflow/example_dags/example_latest_only_with_trigger.py took 0.109 seconds
[2024-01-13T12:14:59.499+0000] {processor.py:161} INFO - Started process (PID=931) to work on /home/airflow/.local/lib/python3.8/site-packages/airflow/example_dags/example_latest_only_with_trigger.py
[2024-01-13T12:14:59.519+0000] {processor.py:830} INFO - Processing file /home/airflow/.local/lib/python3.8/site-packages/airflow/example_dags/example_latest_only_with_trigger.py for tasks to queue
[2024-01-13T12:14:59.523+0000] {logging_mixin.py:188} INFO - [2024-01-13T12:14:59.522+0000] {dagbag.py:538} INFO - Filling up the DagBag from /home/airflow/.local/lib/python3.8/site-packages/airflow/example_dags/example_latest_only_with_trigger.py
[2024-01-13T12:14:59.531+0000] {processor.py:840} INFO - DAG(s) 'latest_only_with_trigger' retrieved from /home/airflow/.local/lib/python3.8/site-packages/airflow/example_dags/example_latest_only_with_trigger.py
[2024-01-13T12:14:59.565+0000] {logging_mixin.py:188} INFO - [2024-01-13T12:14:59.565+0000] {dag.py:3033} INFO - Sync 1 DAGs
[2024-01-13T12:14:59.598+0000] {logging_mixin.py:188} INFO - [2024-01-13T12:14:59.597+0000] {dag.py:3820} INFO - Setting next_dagrun for latest_only_with_trigger to 2024-01-13T08:00:00+00:00, run_after=2024-01-13T12:00:00+00:00
[2024-01-13T12:14:59.626+0000] {processor.py:183} INFO - Processing /home/airflow/.local/lib/python3.8/site-packages/airflow/example_dags/example_latest_only_with_trigger.py took 0.132 seconds
[2024-01-13T12:15:30.314+0000] {processor.py:161} INFO - Started process (PID=990) to work on /home/airflow/.local/lib/python3.8/site-packages/airflow/example_dags/example_latest_only_with_trigger.py
[2024-01-13T12:15:30.317+0000] {processor.py:830} INFO - Processing file /home/airflow/.local/lib/python3.8/site-packages/airflow/example_dags/example_latest_only_with_trigger.py for tasks to queue
[2024-01-13T12:15:30.320+0000] {logging_mixin.py:188} INFO - [2024-01-13T12:15:30.320+0000] {dagbag.py:538} INFO - Filling up the DagBag from /home/airflow/.local/lib/python3.8/site-packages/airflow/example_dags/example_latest_only_with_trigger.py
[2024-01-13T12:15:30.328+0000] {processor.py:840} INFO - DAG(s) 'latest_only_with_trigger' retrieved from /home/airflow/.local/lib/python3.8/site-packages/airflow/example_dags/example_latest_only_with_trigger.py
[2024-01-13T12:15:30.359+0000] {logging_mixin.py:188} INFO - [2024-01-13T12:15:30.359+0000] {dag.py:3033} INFO - Sync 1 DAGs
[2024-01-13T12:15:30.387+0000] {logging_mixin.py:188} INFO - [2024-01-13T12:15:30.387+0000] {dag.py:3820} INFO - Setting next_dagrun for latest_only_with_trigger to 2024-01-13T08:00:00+00:00, run_after=2024-01-13T12:00:00+00:00
[2024-01-13T12:15:30.408+0000] {processor.py:183} INFO - Processing /home/airflow/.local/lib/python3.8/site-packages/airflow/example_dags/example_latest_only_with_trigger.py took 0.099 seconds
[2024-01-13T12:16:01.092+0000] {processor.py:161} INFO - Started process (PID=1049) to work on /home/airflow/.local/lib/python3.8/site-packages/airflow/example_dags/example_latest_only_with_trigger.py
[2024-01-13T12:16:01.094+0000] {processor.py:830} INFO - Processing file /home/airflow/.local/lib/python3.8/site-packages/airflow/example_dags/example_latest_only_with_trigger.py for tasks to queue
[2024-01-13T12:16:01.097+0000] {logging_mixin.py:188} INFO - [2024-01-13T12:16:01.097+0000] {dagbag.py:538} INFO - Filling up the DagBag from /home/airflow/.local/lib/python3.8/site-packages/airflow/example_dags/example_latest_only_with_trigger.py
[2024-01-13T12:16:01.106+0000] {processor.py:840} INFO - DAG(s) 'latest_only_with_trigger' retrieved from /home/airflow/.local/lib/python3.8/site-packages/airflow/example_dags/example_latest_only_with_trigger.py
[2024-01-13T12:16:01.137+0000] {logging_mixin.py:188} INFO - [2024-01-13T12:16:01.137+0000] {dag.py:3033} INFO - Sync 1 DAGs
[2024-01-13T12:16:01.170+0000] {logging_mixin.py:188} INFO - [2024-01-13T12:16:01.169+0000] {dag.py:3820} INFO - Setting next_dagrun for latest_only_with_trigger to 2024-01-13T08:00:00+00:00, run_after=2024-01-13T12:00:00+00:00
[2024-01-13T12:16:01.194+0000] {processor.py:183} INFO - Processing /home/airflow/.local/lib/python3.8/site-packages/airflow/example_dags/example_latest_only_with_trigger.py took 0.107 seconds
[2024-01-13T12:16:32.036+0000] {processor.py:161} INFO - Started process (PID=1108) to work on /home/airflow/.local/lib/python3.8/site-packages/airflow/example_dags/example_latest_only_with_trigger.py
[2024-01-13T12:16:32.038+0000] {processor.py:830} INFO - Processing file /home/airflow/.local/lib/python3.8/site-packages/airflow/example_dags/example_latest_only_with_trigger.py for tasks to queue
[2024-01-13T12:16:32.041+0000] {logging_mixin.py:188} INFO - [2024-01-13T12:16:32.041+0000] {dagbag.py:538} INFO - Filling up the DagBag from /home/airflow/.local/lib/python3.8/site-packages/airflow/example_dags/example_latest_only_with_trigger.py
[2024-01-13T12:16:32.049+0000] {processor.py:840} INFO - DAG(s) 'latest_only_with_trigger' retrieved from /home/airflow/.local/lib/python3.8/site-packages/airflow/example_dags/example_latest_only_with_trigger.py
[2024-01-13T12:16:32.078+0000] {logging_mixin.py:188} INFO - [2024-01-13T12:16:32.078+0000] {dag.py:3033} INFO - Sync 1 DAGs
[2024-01-13T12:16:32.108+0000] {logging_mixin.py:188} INFO - [2024-01-13T12:16:32.108+0000] {dag.py:3820} INFO - Setting next_dagrun for latest_only_with_trigger to 2024-01-13T08:00:00+00:00, run_after=2024-01-13T12:00:00+00:00
[2024-01-13T12:16:32.131+0000] {processor.py:183} INFO - Processing /home/airflow/.local/lib/python3.8/site-packages/airflow/example_dags/example_latest_only_with_trigger.py took 0.101 seconds
[2024-01-13T12:17:03.505+0000] {processor.py:161} INFO - Started process (PID=1167) to work on /home/airflow/.local/lib/python3.8/site-packages/airflow/example_dags/example_latest_only_with_trigger.py
[2024-01-13T12:17:03.508+0000] {processor.py:830} INFO - Processing file /home/airflow/.local/lib/python3.8/site-packages/airflow/example_dags/example_latest_only_with_trigger.py for tasks to queue
[2024-01-13T12:17:03.512+0000] {logging_mixin.py:188} INFO - [2024-01-13T12:17:03.511+0000] {dagbag.py:538} INFO - Filling up the DagBag from /home/airflow/.local/lib/python3.8/site-packages/airflow/example_dags/example_latest_only_with_trigger.py
[2024-01-13T12:17:03.524+0000] {processor.py:840} INFO - DAG(s) 'latest_only_with_trigger' retrieved from /home/airflow/.local/lib/python3.8/site-packages/airflow/example_dags/example_latest_only_with_trigger.py
[2024-01-13T12:17:03.568+0000] {logging_mixin.py:188} INFO - [2024-01-13T12:17:03.567+0000] {dag.py:3033} INFO - Sync 1 DAGs
[2024-01-13T12:17:03.603+0000] {logging_mixin.py:188} INFO - [2024-01-13T12:17:03.602+0000] {dag.py:3820} INFO - Setting next_dagrun for latest_only_with_trigger to 2024-01-13T08:00:00+00:00, run_after=2024-01-13T12:00:00+00:00
[2024-01-13T12:17:03.628+0000] {processor.py:183} INFO - Processing /home/airflow/.local/lib/python3.8/site-packages/airflow/example_dags/example_latest_only_with_trigger.py took 0.130 seconds
[2024-01-13T12:17:34.694+0000] {processor.py:161} INFO - Started process (PID=1226) to work on /home/airflow/.local/lib/python3.8/site-packages/airflow/example_dags/example_latest_only_with_trigger.py
[2024-01-13T12:17:34.696+0000] {processor.py:830} INFO - Processing file /home/airflow/.local/lib/python3.8/site-packages/airflow/example_dags/example_latest_only_with_trigger.py for tasks to queue
[2024-01-13T12:17:34.700+0000] {logging_mixin.py:188} INFO - [2024-01-13T12:17:34.699+0000] {dagbag.py:538} INFO - Filling up the DagBag from /home/airflow/.local/lib/python3.8/site-packages/airflow/example_dags/example_latest_only_with_trigger.py
[2024-01-13T12:17:34.710+0000] {processor.py:840} INFO - DAG(s) 'latest_only_with_trigger' retrieved from /home/airflow/.local/lib/python3.8/site-packages/airflow/example_dags/example_latest_only_with_trigger.py
[2024-01-13T12:17:34.741+0000] {logging_mixin.py:188} INFO - [2024-01-13T12:17:34.741+0000] {dag.py:3033} INFO - Sync 1 DAGs
[2024-01-13T12:17:34.771+0000] {logging_mixin.py:188} INFO - [2024-01-13T12:17:34.771+0000] {dag.py:3820} INFO - Setting next_dagrun for latest_only_with_trigger to 2024-01-13T08:00:00+00:00, run_after=2024-01-13T12:00:00+00:00
[2024-01-13T12:17:34.793+0000] {processor.py:183} INFO - Processing /home/airflow/.local/lib/python3.8/site-packages/airflow/example_dags/example_latest_only_with_trigger.py took 0.105 seconds
[2024-01-13T12:18:05.905+0000] {processor.py:161} INFO - Started process (PID=1285) to work on /home/airflow/.local/lib/python3.8/site-packages/airflow/example_dags/example_latest_only_with_trigger.py
[2024-01-13T12:18:05.906+0000] {processor.py:830} INFO - Processing file /home/airflow/.local/lib/python3.8/site-packages/airflow/example_dags/example_latest_only_with_trigger.py for tasks to queue
[2024-01-13T12:18:05.909+0000] {logging_mixin.py:188} INFO - [2024-01-13T12:18:05.909+0000] {dagbag.py:538} INFO - Filling up the DagBag from /home/airflow/.local/lib/python3.8/site-packages/airflow/example_dags/example_latest_only_with_trigger.py
[2024-01-13T12:18:05.918+0000] {processor.py:840} INFO - DAG(s) 'latest_only_with_trigger' retrieved from /home/airflow/.local/lib/python3.8/site-packages/airflow/example_dags/example_latest_only_with_trigger.py
[2024-01-13T12:18:05.948+0000] {logging_mixin.py:188} INFO - [2024-01-13T12:18:05.948+0000] {dag.py:3033} INFO - Sync 1 DAGs
[2024-01-13T12:18:05.982+0000] {logging_mixin.py:188} INFO - [2024-01-13T12:18:05.982+0000] {dag.py:3820} INFO - Setting next_dagrun for latest_only_with_trigger to 2024-01-13T08:00:00+00:00, run_after=2024-01-13T12:00:00+00:00
[2024-01-13T12:18:06.004+0000] {processor.py:183} INFO - Processing /home/airflow/.local/lib/python3.8/site-packages/airflow/example_dags/example_latest_only_with_trigger.py took 0.105 seconds
[2024-01-13T12:18:37.698+0000] {processor.py:161} INFO - Started process (PID=1344) to work on /home/airflow/.local/lib/python3.8/site-packages/airflow/example_dags/example_latest_only_with_trigger.py
[2024-01-13T12:18:37.701+0000] {processor.py:830} INFO - Processing file /home/airflow/.local/lib/python3.8/site-packages/airflow/example_dags/example_latest_only_with_trigger.py for tasks to queue
[2024-01-13T12:18:37.706+0000] {logging_mixin.py:188} INFO - [2024-01-13T12:18:37.705+0000] {dagbag.py:538} INFO - Filling up the DagBag from /home/airflow/.local/lib/python3.8/site-packages/airflow/example_dags/example_latest_only_with_trigger.py
[2024-01-13T12:18:37.718+0000] {processor.py:840} INFO - DAG(s) 'latest_only_with_trigger' retrieved from /home/airflow/.local/lib/python3.8/site-packages/airflow/example_dags/example_latest_only_with_trigger.py
[2024-01-13T12:18:37.760+0000] {logging_mixin.py:188} INFO - [2024-01-13T12:18:37.759+0000] {dag.py:3033} INFO - Sync 1 DAGs
[2024-01-13T12:18:37.802+0000] {logging_mixin.py:188} INFO - [2024-01-13T12:18:37.802+0000] {dag.py:3820} INFO - Setting next_dagrun for latest_only_with_trigger to 2024-01-13T08:00:00+00:00, run_after=2024-01-13T12:00:00+00:00
[2024-01-13T12:18:37.833+0000] {processor.py:183} INFO - Processing /home/airflow/.local/lib/python3.8/site-packages/airflow/example_dags/example_latest_only_with_trigger.py took 0.143 seconds
[2024-01-13T12:19:08.707+0000] {processor.py:161} INFO - Started process (PID=1415) to work on /home/airflow/.local/lib/python3.8/site-packages/airflow/example_dags/example_latest_only_with_trigger.py
[2024-01-13T12:19:08.708+0000] {processor.py:830} INFO - Processing file /home/airflow/.local/lib/python3.8/site-packages/airflow/example_dags/example_latest_only_with_trigger.py for tasks to queue
[2024-01-13T12:19:08.712+0000] {logging_mixin.py:188} INFO - [2024-01-13T12:19:08.711+0000] {dagbag.py:538} INFO - Filling up the DagBag from /home/airflow/.local/lib/python3.8/site-packages/airflow/example_dags/example_latest_only_with_trigger.py
[2024-01-13T12:19:08.721+0000] {processor.py:840} INFO - DAG(s) 'latest_only_with_trigger' retrieved from /home/airflow/.local/lib/python3.8/site-packages/airflow/example_dags/example_latest_only_with_trigger.py
[2024-01-13T12:19:08.750+0000] {logging_mixin.py:188} INFO - [2024-01-13T12:19:08.750+0000] {dag.py:3033} INFO - Sync 1 DAGs
[2024-01-13T12:19:08.781+0000] {logging_mixin.py:188} INFO - [2024-01-13T12:19:08.781+0000] {dag.py:3820} INFO - Setting next_dagrun for latest_only_with_trigger to 2024-01-13T08:00:00+00:00, run_after=2024-01-13T12:00:00+00:00
[2024-01-13T12:19:08.805+0000] {processor.py:183} INFO - Processing /home/airflow/.local/lib/python3.8/site-packages/airflow/example_dags/example_latest_only_with_trigger.py took 0.103 seconds
[2024-01-13T12:19:40.018+0000] {processor.py:161} INFO - Started process (PID=1474) to work on /home/airflow/.local/lib/python3.8/site-packages/airflow/example_dags/example_latest_only_with_trigger.py
[2024-01-13T12:19:40.020+0000] {processor.py:830} INFO - Processing file /home/airflow/.local/lib/python3.8/site-packages/airflow/example_dags/example_latest_only_with_trigger.py for tasks to queue
[2024-01-13T12:19:40.024+0000] {logging_mixin.py:188} INFO - [2024-01-13T12:19:40.023+0000] {dagbag.py:538} INFO - Filling up the DagBag from /home/airflow/.local/lib/python3.8/site-packages/airflow/example_dags/example_latest_only_with_trigger.py
[2024-01-13T12:19:40.033+0000] {processor.py:840} INFO - DAG(s) 'latest_only_with_trigger' retrieved from /home/airflow/.local/lib/python3.8/site-packages/airflow/example_dags/example_latest_only_with_trigger.py
[2024-01-13T12:19:40.065+0000] {logging_mixin.py:188} INFO - [2024-01-13T12:19:40.064+0000] {dag.py:3033} INFO - Sync 1 DAGs
[2024-01-13T12:19:40.093+0000] {logging_mixin.py:188} INFO - [2024-01-13T12:19:40.093+0000] {dag.py:3820} INFO - Setting next_dagrun for latest_only_with_trigger to 2024-01-13T08:00:00+00:00, run_after=2024-01-13T12:00:00+00:00
[2024-01-13T12:19:40.118+0000] {processor.py:183} INFO - Processing /home/airflow/.local/lib/python3.8/site-packages/airflow/example_dags/example_latest_only_with_trigger.py took 0.106 seconds
[2024-01-13T12:20:11.476+0000] {processor.py:161} INFO - Started process (PID=1533) to work on /home/airflow/.local/lib/python3.8/site-packages/airflow/example_dags/example_latest_only_with_trigger.py
[2024-01-13T12:20:11.477+0000] {processor.py:830} INFO - Processing file /home/airflow/.local/lib/python3.8/site-packages/airflow/example_dags/example_latest_only_with_trigger.py for tasks to queue
[2024-01-13T12:20:11.480+0000] {logging_mixin.py:188} INFO - [2024-01-13T12:20:11.480+0000] {dagbag.py:538} INFO - Filling up the DagBag from /home/airflow/.local/lib/python3.8/site-packages/airflow/example_dags/example_latest_only_with_trigger.py
[2024-01-13T12:20:11.488+0000] {processor.py:840} INFO - DAG(s) 'latest_only_with_trigger' retrieved from /home/airflow/.local/lib/python3.8/site-packages/airflow/example_dags/example_latest_only_with_trigger.py
[2024-01-13T12:20:11.517+0000] {logging_mixin.py:188} INFO - [2024-01-13T12:20:11.517+0000] {dag.py:3033} INFO - Sync 1 DAGs
[2024-01-13T12:20:11.545+0000] {logging_mixin.py:188} INFO - [2024-01-13T12:20:11.545+0000] {dag.py:3820} INFO - Setting next_dagrun for latest_only_with_trigger to 2024-01-13T08:00:00+00:00, run_after=2024-01-13T12:00:00+00:00
[2024-01-13T12:20:11.569+0000] {processor.py:183} INFO - Processing /home/airflow/.local/lib/python3.8/site-packages/airflow/example_dags/example_latest_only_with_trigger.py took 0.099 seconds
[2024-01-13T12:20:43.296+0000] {processor.py:161} INFO - Started process (PID=1593) to work on /home/airflow/.local/lib/python3.8/site-packages/airflow/example_dags/example_latest_only_with_trigger.py
[2024-01-13T12:20:43.298+0000] {processor.py:830} INFO - Processing file /home/airflow/.local/lib/python3.8/site-packages/airflow/example_dags/example_latest_only_with_trigger.py for tasks to queue
[2024-01-13T12:20:43.303+0000] {logging_mixin.py:188} INFO - [2024-01-13T12:20:43.302+0000] {dagbag.py:538} INFO - Filling up the DagBag from /home/airflow/.local/lib/python3.8/site-packages/airflow/example_dags/example_latest_only_with_trigger.py
[2024-01-13T12:20:43.315+0000] {processor.py:840} INFO - DAG(s) 'latest_only_with_trigger' retrieved from /home/airflow/.local/lib/python3.8/site-packages/airflow/example_dags/example_latest_only_with_trigger.py
[2024-01-13T12:20:43.356+0000] {logging_mixin.py:188} INFO - [2024-01-13T12:20:43.355+0000] {dag.py:3033} INFO - Sync 1 DAGs
[2024-01-13T12:20:43.398+0000] {logging_mixin.py:188} INFO - [2024-01-13T12:20:43.398+0000] {dag.py:3820} INFO - Setting next_dagrun for latest_only_with_trigger to 2024-01-13T08:00:00+00:00, run_after=2024-01-13T12:00:00+00:00
[2024-01-13T12:20:43.430+0000] {processor.py:183} INFO - Processing /home/airflow/.local/lib/python3.8/site-packages/airflow/example_dags/example_latest_only_with_trigger.py took 0.142 seconds
[2024-01-13T12:21:14.521+0000] {processor.py:161} INFO - Started process (PID=1660) to work on /home/airflow/.local/lib/python3.8/site-packages/airflow/example_dags/example_latest_only_with_trigger.py
[2024-01-13T12:21:14.524+0000] {processor.py:830} INFO - Processing file /home/airflow/.local/lib/python3.8/site-packages/airflow/example_dags/example_latest_only_with_trigger.py for tasks to queue
[2024-01-13T12:21:14.529+0000] {logging_mixin.py:188} INFO - [2024-01-13T12:21:14.528+0000] {dagbag.py:538} INFO - Filling up the DagBag from /home/airflow/.local/lib/python3.8/site-packages/airflow/example_dags/example_latest_only_with_trigger.py
[2024-01-13T12:21:14.542+0000] {processor.py:840} INFO - DAG(s) 'latest_only_with_trigger' retrieved from /home/airflow/.local/lib/python3.8/site-packages/airflow/example_dags/example_latest_only_with_trigger.py
[2024-01-13T12:21:14.579+0000] {logging_mixin.py:188} INFO - [2024-01-13T12:21:14.579+0000] {dag.py:3033} INFO - Sync 1 DAGs
[2024-01-13T12:21:14.609+0000] {logging_mixin.py:188} INFO - [2024-01-13T12:21:14.609+0000] {dag.py:3820} INFO - Setting next_dagrun for latest_only_with_trigger to 2024-01-13T08:00:00+00:00, run_after=2024-01-13T12:00:00+00:00
[2024-01-13T12:21:14.640+0000] {processor.py:183} INFO - Processing /home/airflow/.local/lib/python3.8/site-packages/airflow/example_dags/example_latest_only_with_trigger.py took 0.124 seconds
[2024-01-13T12:21:45.599+0000] {processor.py:161} INFO - Started process (PID=1733) to work on /home/airflow/.local/lib/python3.8/site-packages/airflow/example_dags/example_latest_only_with_trigger.py
[2024-01-13T12:21:45.602+0000] {processor.py:830} INFO - Processing file /home/airflow/.local/lib/python3.8/site-packages/airflow/example_dags/example_latest_only_with_trigger.py for tasks to queue
[2024-01-13T12:21:45.605+0000] {logging_mixin.py:188} INFO - [2024-01-13T12:21:45.605+0000] {dagbag.py:538} INFO - Filling up the DagBag from /home/airflow/.local/lib/python3.8/site-packages/airflow/example_dags/example_latest_only_with_trigger.py
[2024-01-13T12:21:45.613+0000] {processor.py:840} INFO - DAG(s) 'latest_only_with_trigger' retrieved from /home/airflow/.local/lib/python3.8/site-packages/airflow/example_dags/example_latest_only_with_trigger.py
[2024-01-13T12:21:45.646+0000] {logging_mixin.py:188} INFO - [2024-01-13T12:21:45.646+0000] {dag.py:3033} INFO - Sync 1 DAGs
[2024-01-13T12:21:45.677+0000] {logging_mixin.py:188} INFO - [2024-01-13T12:21:45.676+0000] {dag.py:3820} INFO - Setting next_dagrun for latest_only_with_trigger to 2024-01-13T08:00:00+00:00, run_after=2024-01-13T12:00:00+00:00
[2024-01-13T12:21:45.705+0000] {processor.py:183} INFO - Processing /home/airflow/.local/lib/python3.8/site-packages/airflow/example_dags/example_latest_only_with_trigger.py took 0.112 seconds
[2024-01-13T12:22:16.838+0000] {processor.py:161} INFO - Started process (PID=1804) to work on /home/airflow/.local/lib/python3.8/site-packages/airflow/example_dags/example_latest_only_with_trigger.py
[2024-01-13T12:22:16.840+0000] {processor.py:830} INFO - Processing file /home/airflow/.local/lib/python3.8/site-packages/airflow/example_dags/example_latest_only_with_trigger.py for tasks to queue
[2024-01-13T12:22:16.844+0000] {logging_mixin.py:188} INFO - [2024-01-13T12:22:16.843+0000] {dagbag.py:538} INFO - Filling up the DagBag from /home/airflow/.local/lib/python3.8/site-packages/airflow/example_dags/example_latest_only_with_trigger.py
[2024-01-13T12:22:16.852+0000] {processor.py:840} INFO - DAG(s) 'latest_only_with_trigger' retrieved from /home/airflow/.local/lib/python3.8/site-packages/airflow/example_dags/example_latest_only_with_trigger.py
[2024-01-13T12:22:16.884+0000] {logging_mixin.py:188} INFO - [2024-01-13T12:22:16.884+0000] {dag.py:3033} INFO - Sync 1 DAGs
[2024-01-13T12:22:16.912+0000] {logging_mixin.py:188} INFO - [2024-01-13T12:22:16.912+0000] {dag.py:3820} INFO - Setting next_dagrun for latest_only_with_trigger to 2024-01-13T08:00:00+00:00, run_after=2024-01-13T12:00:00+00:00
[2024-01-13T12:22:16.936+0000] {processor.py:183} INFO - Processing /home/airflow/.local/lib/python3.8/site-packages/airflow/example_dags/example_latest_only_with_trigger.py took 0.103 seconds
[2024-01-13T12:22:48.720+0000] {processor.py:161} INFO - Started process (PID=1897) to work on /home/airflow/.local/lib/python3.8/site-packages/airflow/example_dags/example_latest_only_with_trigger.py
[2024-01-13T12:22:48.729+0000] {processor.py:830} INFO - Processing file /home/airflow/.local/lib/python3.8/site-packages/airflow/example_dags/example_latest_only_with_trigger.py for tasks to queue
[2024-01-13T12:22:48.733+0000] {logging_mixin.py:188} INFO - [2024-01-13T12:22:48.733+0000] {dagbag.py:538} INFO - Filling up the DagBag from /home/airflow/.local/lib/python3.8/site-packages/airflow/example_dags/example_latest_only_with_trigger.py
[2024-01-13T12:22:48.752+0000] {processor.py:840} INFO - DAG(s) 'latest_only_with_trigger' retrieved from /home/airflow/.local/lib/python3.8/site-packages/airflow/example_dags/example_latest_only_with_trigger.py
[2024-01-13T12:22:48.807+0000] {logging_mixin.py:188} INFO - [2024-01-13T12:22:48.806+0000] {dag.py:3033} INFO - Sync 1 DAGs
[2024-01-13T12:22:48.861+0000] {logging_mixin.py:188} INFO - [2024-01-13T12:22:48.861+0000] {dag.py:3820} INFO - Setting next_dagrun for latest_only_with_trigger to 2024-01-13T08:00:00+00:00, run_after=2024-01-13T12:00:00+00:00
[2024-01-13T12:22:48.903+0000] {processor.py:183} INFO - Processing /home/airflow/.local/lib/python3.8/site-packages/airflow/example_dags/example_latest_only_with_trigger.py took 0.190 seconds
[2024-01-13T12:23:21.206+0000] {processor.py:161} INFO - Started process (PID=1956) to work on /home/airflow/.local/lib/python3.8/site-packages/airflow/example_dags/example_latest_only_with_trigger.py
[2024-01-13T12:23:21.211+0000] {processor.py:830} INFO - Processing file /home/airflow/.local/lib/python3.8/site-packages/airflow/example_dags/example_latest_only_with_trigger.py for tasks to queue
[2024-01-13T12:23:21.225+0000] {logging_mixin.py:188} INFO - [2024-01-13T12:23:21.222+0000] {dagbag.py:538} INFO - Filling up the DagBag from /home/airflow/.local/lib/python3.8/site-packages/airflow/example_dags/example_latest_only_with_trigger.py
[2024-01-13T12:23:21.260+0000] {processor.py:840} INFO - DAG(s) 'latest_only_with_trigger' retrieved from /home/airflow/.local/lib/python3.8/site-packages/airflow/example_dags/example_latest_only_with_trigger.py
[2024-01-13T12:23:21.372+0000] {logging_mixin.py:188} INFO - [2024-01-13T12:23:21.372+0000] {dag.py:3033} INFO - Sync 1 DAGs
[2024-01-13T12:23:21.430+0000] {logging_mixin.py:188} INFO - [2024-01-13T12:23:21.430+0000] {dag.py:3820} INFO - Setting next_dagrun for latest_only_with_trigger to 2024-01-13T08:00:00+00:00, run_after=2024-01-13T12:00:00+00:00
[2024-01-13T12:23:21.476+0000] {processor.py:183} INFO - Processing /home/airflow/.local/lib/python3.8/site-packages/airflow/example_dags/example_latest_only_with_trigger.py took 0.290 seconds
[2024-01-13T12:23:52.226+0000] {processor.py:161} INFO - Started process (PID=2014) to work on /home/airflow/.local/lib/python3.8/site-packages/airflow/example_dags/example_latest_only_with_trigger.py
[2024-01-13T12:23:52.246+0000] {processor.py:830} INFO - Processing file /home/airflow/.local/lib/python3.8/site-packages/airflow/example_dags/example_latest_only_with_trigger.py for tasks to queue
[2024-01-13T12:23:52.249+0000] {logging_mixin.py:188} INFO - [2024-01-13T12:23:52.249+0000] {dagbag.py:538} INFO - Filling up the DagBag from /home/airflow/.local/lib/python3.8/site-packages/airflow/example_dags/example_latest_only_with_trigger.py
[2024-01-13T12:23:52.257+0000] {processor.py:840} INFO - DAG(s) 'latest_only_with_trigger' retrieved from /home/airflow/.local/lib/python3.8/site-packages/airflow/example_dags/example_latest_only_with_trigger.py
[2024-01-13T12:23:52.292+0000] {logging_mixin.py:188} INFO - [2024-01-13T12:23:52.292+0000] {dag.py:3033} INFO - Sync 1 DAGs
[2024-01-13T12:23:52.327+0000] {logging_mixin.py:188} INFO - [2024-01-13T12:23:52.327+0000] {dag.py:3820} INFO - Setting next_dagrun for latest_only_with_trigger to 2024-01-13T08:00:00+00:00, run_after=2024-01-13T12:00:00+00:00
[2024-01-13T12:23:52.361+0000] {processor.py:183} INFO - Processing /home/airflow/.local/lib/python3.8/site-packages/airflow/example_dags/example_latest_only_with_trigger.py took 0.141 seconds
[2024-01-13T12:24:22.662+0000] {processor.py:161} INFO - Started process (PID=2073) to work on /home/airflow/.local/lib/python3.8/site-packages/airflow/example_dags/example_latest_only_with_trigger.py
[2024-01-13T12:24:22.664+0000] {processor.py:830} INFO - Processing file /home/airflow/.local/lib/python3.8/site-packages/airflow/example_dags/example_latest_only_with_trigger.py for tasks to queue
[2024-01-13T12:24:22.667+0000] {logging_mixin.py:188} INFO - [2024-01-13T12:24:22.667+0000] {dagbag.py:538} INFO - Filling up the DagBag from /home/airflow/.local/lib/python3.8/site-packages/airflow/example_dags/example_latest_only_with_trigger.py
[2024-01-13T12:24:22.675+0000] {processor.py:840} INFO - DAG(s) 'latest_only_with_trigger' retrieved from /home/airflow/.local/lib/python3.8/site-packages/airflow/example_dags/example_latest_only_with_trigger.py
[2024-01-13T12:24:22.707+0000] {logging_mixin.py:188} INFO - [2024-01-13T12:24:22.706+0000] {dag.py:3033} INFO - Sync 1 DAGs
[2024-01-13T12:24:22.739+0000] {logging_mixin.py:188} INFO - [2024-01-13T12:24:22.739+0000] {dag.py:3820} INFO - Setting next_dagrun for latest_only_with_trigger to 2024-01-13T08:00:00+00:00, run_after=2024-01-13T12:00:00+00:00
[2024-01-13T12:24:22.772+0000] {processor.py:183} INFO - Processing /home/airflow/.local/lib/python3.8/site-packages/airflow/example_dags/example_latest_only_with_trigger.py took 0.115 seconds
[2024-01-13T12:24:53.025+0000] {processor.py:161} INFO - Started process (PID=2132) to work on /home/airflow/.local/lib/python3.8/site-packages/airflow/example_dags/example_latest_only_with_trigger.py
[2024-01-13T12:24:53.029+0000] {processor.py:830} INFO - Processing file /home/airflow/.local/lib/python3.8/site-packages/airflow/example_dags/example_latest_only_with_trigger.py for tasks to queue
[2024-01-13T12:24:53.033+0000] {logging_mixin.py:188} INFO - [2024-01-13T12:24:53.033+0000] {dagbag.py:538} INFO - Filling up the DagBag from /home/airflow/.local/lib/python3.8/site-packages/airflow/example_dags/example_latest_only_with_trigger.py
[2024-01-13T12:24:53.041+0000] {processor.py:840} INFO - DAG(s) 'latest_only_with_trigger' retrieved from /home/airflow/.local/lib/python3.8/site-packages/airflow/example_dags/example_latest_only_with_trigger.py
[2024-01-13T12:24:53.071+0000] {logging_mixin.py:188} INFO - [2024-01-13T12:24:53.071+0000] {dag.py:3033} INFO - Sync 1 DAGs
[2024-01-13T12:24:53.101+0000] {logging_mixin.py:188} INFO - [2024-01-13T12:24:53.101+0000] {dag.py:3820} INFO - Setting next_dagrun for latest_only_with_trigger to 2024-01-13T08:00:00+00:00, run_after=2024-01-13T12:00:00+00:00
[2024-01-13T12:24:53.330+0000] {processor.py:183} INFO - Processing /home/airflow/.local/lib/python3.8/site-packages/airflow/example_dags/example_latest_only_with_trigger.py took 0.311 seconds
[2024-01-13T12:25:23.378+0000] {processor.py:161} INFO - Started process (PID=2191) to work on /home/airflow/.local/lib/python3.8/site-packages/airflow/example_dags/example_latest_only_with_trigger.py
[2024-01-13T12:25:23.379+0000] {processor.py:830} INFO - Processing file /home/airflow/.local/lib/python3.8/site-packages/airflow/example_dags/example_latest_only_with_trigger.py for tasks to queue
[2024-01-13T12:25:23.383+0000] {logging_mixin.py:188} INFO - [2024-01-13T12:25:23.382+0000] {dagbag.py:538} INFO - Filling up the DagBag from /home/airflow/.local/lib/python3.8/site-packages/airflow/example_dags/example_latest_only_with_trigger.py
[2024-01-13T12:25:23.391+0000] {processor.py:840} INFO - DAG(s) 'latest_only_with_trigger' retrieved from /home/airflow/.local/lib/python3.8/site-packages/airflow/example_dags/example_latest_only_with_trigger.py
[2024-01-13T12:25:23.419+0000] {logging_mixin.py:188} INFO - [2024-01-13T12:25:23.419+0000] {dag.py:3033} INFO - Sync 1 DAGs
[2024-01-13T12:25:23.448+0000] {logging_mixin.py:188} INFO - [2024-01-13T12:25:23.448+0000] {dag.py:3820} INFO - Setting next_dagrun for latest_only_with_trigger to 2024-01-13T08:00:00+00:00, run_after=2024-01-13T12:00:00+00:00
[2024-01-13T12:25:23.690+0000] {processor.py:183} INFO - Processing /home/airflow/.local/lib/python3.8/site-packages/airflow/example_dags/example_latest_only_with_trigger.py took 0.317 seconds
