[2024-01-13T11:57:49.251+0000] {processor.py:161} INFO - Started process (PID=77) to work on /home/airflow/.local/lib/python3.8/site-packages/airflow/example_dags/example_task_group.py
[2024-01-13T11:57:49.253+0000] {processor.py:830} INFO - Processing file /home/airflow/.local/lib/python3.8/site-packages/airflow/example_dags/example_task_group.py for tasks to queue
[2024-01-13T11:57:49.257+0000] {logging_mixin.py:188} INFO - [2024-01-13T11:57:49.256+0000] {dagbag.py:538} INFO - Filling up the DagBag from /home/airflow/.local/lib/python3.8/site-packages/airflow/example_dags/example_task_group.py
[2024-01-13T11:57:49.272+0000] {processor.py:840} INFO - DAG(s) 'example_task_group' retrieved from /home/airflow/.local/lib/python3.8/site-packages/airflow/example_dags/example_task_group.py
[2024-01-13T11:57:49.461+0000] {logging_mixin.py:188} INFO - [2024-01-13T11:57:49.460+0000] {override.py:1769} INFO - Created Permission View: can edit on DAG:example_task_group
[2024-01-13T11:57:49.477+0000] {logging_mixin.py:188} INFO - [2024-01-13T11:57:49.477+0000] {override.py:1769} INFO - Created Permission View: can read on DAG:example_task_group
[2024-01-13T11:57:49.487+0000] {logging_mixin.py:188} INFO - [2024-01-13T11:57:49.486+0000] {override.py:1769} INFO - Created Permission View: can delete on DAG:example_task_group
[2024-01-13T11:57:49.487+0000] {logging_mixin.py:188} INFO - [2024-01-13T11:57:49.487+0000] {dag.py:3033} INFO - Sync 1 DAGs
[2024-01-13T11:57:49.508+0000] {logging_mixin.py:188} INFO - [2024-01-13T11:57:49.507+0000] {dag.py:3055} INFO - Creating ORM DAG for example_task_group
[2024-01-13T11:57:49.524+0000] {logging_mixin.py:188} INFO - [2024-01-13T11:57:49.524+0000] {dag.py:3820} INFO - Setting next_dagrun for example_task_group to 2024-01-12T00:00:00+00:00, run_after=2024-01-13T00:00:00+00:00
[2024-01-13T11:57:49.555+0000] {processor.py:183} INFO - Processing /home/airflow/.local/lib/python3.8/site-packages/airflow/example_dags/example_task_group.py took 0.311 seconds
[2024-01-13T11:58:19.740+0000] {processor.py:161} INFO - Started process (PID=136) to work on /home/airflow/.local/lib/python3.8/site-packages/airflow/example_dags/example_task_group.py
[2024-01-13T11:58:19.742+0000] {processor.py:830} INFO - Processing file /home/airflow/.local/lib/python3.8/site-packages/airflow/example_dags/example_task_group.py for tasks to queue
[2024-01-13T11:58:19.746+0000] {logging_mixin.py:188} INFO - [2024-01-13T11:58:19.746+0000] {dagbag.py:538} INFO - Filling up the DagBag from /home/airflow/.local/lib/python3.8/site-packages/airflow/example_dags/example_task_group.py
[2024-01-13T11:58:19.759+0000] {processor.py:840} INFO - DAG(s) 'example_task_group' retrieved from /home/airflow/.local/lib/python3.8/site-packages/airflow/example_dags/example_task_group.py
[2024-01-13T11:58:19.787+0000] {logging_mixin.py:188} INFO - [2024-01-13T11:58:19.786+0000] {dag.py:3033} INFO - Sync 1 DAGs
[2024-01-13T11:58:19.814+0000] {logging_mixin.py:188} INFO - [2024-01-13T11:58:19.814+0000] {dag.py:3820} INFO - Setting next_dagrun for example_task_group to 2024-01-12T00:00:00+00:00, run_after=2024-01-13T00:00:00+00:00
[2024-01-13T11:58:19.836+0000] {processor.py:183} INFO - Processing /home/airflow/.local/lib/python3.8/site-packages/airflow/example_dags/example_task_group.py took 0.102 seconds
[2024-01-13T11:58:50.222+0000] {processor.py:161} INFO - Started process (PID=195) to work on /home/airflow/.local/lib/python3.8/site-packages/airflow/example_dags/example_task_group.py
[2024-01-13T11:58:50.225+0000] {processor.py:830} INFO - Processing file /home/airflow/.local/lib/python3.8/site-packages/airflow/example_dags/example_task_group.py for tasks to queue
[2024-01-13T11:58:50.230+0000] {logging_mixin.py:188} INFO - [2024-01-13T11:58:50.229+0000] {dagbag.py:538} INFO - Filling up the DagBag from /home/airflow/.local/lib/python3.8/site-packages/airflow/example_dags/example_task_group.py
[2024-01-13T11:58:50.244+0000] {processor.py:840} INFO - DAG(s) 'example_task_group' retrieved from /home/airflow/.local/lib/python3.8/site-packages/airflow/example_dags/example_task_group.py
[2024-01-13T11:58:50.287+0000] {logging_mixin.py:188} INFO - [2024-01-13T11:58:50.287+0000] {dag.py:3033} INFO - Sync 1 DAGs
[2024-01-13T11:58:50.328+0000] {logging_mixin.py:188} INFO - [2024-01-13T11:58:50.328+0000] {dag.py:3820} INFO - Setting next_dagrun for example_task_group to 2024-01-12T00:00:00+00:00, run_after=2024-01-13T00:00:00+00:00
[2024-01-13T11:58:50.357+0000] {processor.py:183} INFO - Processing /home/airflow/.local/lib/python3.8/site-packages/airflow/example_dags/example_task_group.py took 0.142 seconds
[2024-01-13T11:59:21.068+0000] {processor.py:161} INFO - Started process (PID=260) to work on /home/airflow/.local/lib/python3.8/site-packages/airflow/example_dags/example_task_group.py
[2024-01-13T11:59:21.069+0000] {processor.py:830} INFO - Processing file /home/airflow/.local/lib/python3.8/site-packages/airflow/example_dags/example_task_group.py for tasks to queue
[2024-01-13T11:59:21.073+0000] {logging_mixin.py:188} INFO - [2024-01-13T11:59:21.072+0000] {dagbag.py:538} INFO - Filling up the DagBag from /home/airflow/.local/lib/python3.8/site-packages/airflow/example_dags/example_task_group.py
[2024-01-13T11:59:21.082+0000] {processor.py:840} INFO - DAG(s) 'example_task_group' retrieved from /home/airflow/.local/lib/python3.8/site-packages/airflow/example_dags/example_task_group.py
[2024-01-13T11:59:21.113+0000] {logging_mixin.py:188} INFO - [2024-01-13T11:59:21.113+0000] {dag.py:3033} INFO - Sync 1 DAGs
[2024-01-13T11:59:21.142+0000] {logging_mixin.py:188} INFO - [2024-01-13T11:59:21.142+0000] {dag.py:3820} INFO - Setting next_dagrun for example_task_group to 2024-01-12T00:00:00+00:00, run_after=2024-01-13T00:00:00+00:00
[2024-01-13T11:59:21.166+0000] {processor.py:183} INFO - Processing /home/airflow/.local/lib/python3.8/site-packages/airflow/example_dags/example_task_group.py took 0.103 seconds
[2024-01-13T11:59:51.840+0000] {processor.py:161} INFO - Started process (PID=319) to work on /home/airflow/.local/lib/python3.8/site-packages/airflow/example_dags/example_task_group.py
[2024-01-13T11:59:51.842+0000] {processor.py:830} INFO - Processing file /home/airflow/.local/lib/python3.8/site-packages/airflow/example_dags/example_task_group.py for tasks to queue
[2024-01-13T11:59:51.846+0000] {logging_mixin.py:188} INFO - [2024-01-13T11:59:51.846+0000] {dagbag.py:538} INFO - Filling up the DagBag from /home/airflow/.local/lib/python3.8/site-packages/airflow/example_dags/example_task_group.py
[2024-01-13T11:59:51.856+0000] {processor.py:840} INFO - DAG(s) 'example_task_group' retrieved from /home/airflow/.local/lib/python3.8/site-packages/airflow/example_dags/example_task_group.py
[2024-01-13T11:59:51.885+0000] {logging_mixin.py:188} INFO - [2024-01-13T11:59:51.885+0000] {dag.py:3033} INFO - Sync 1 DAGs
[2024-01-13T11:59:51.912+0000] {logging_mixin.py:188} INFO - [2024-01-13T11:59:51.912+0000] {dag.py:3820} INFO - Setting next_dagrun for example_task_group to 2024-01-12T00:00:00+00:00, run_after=2024-01-13T00:00:00+00:00
[2024-01-13T11:59:51.936+0000] {processor.py:183} INFO - Processing /home/airflow/.local/lib/python3.8/site-packages/airflow/example_dags/example_task_group.py took 0.101 seconds
[2024-01-13T12:00:22.536+0000] {processor.py:161} INFO - Started process (PID=378) to work on /home/airflow/.local/lib/python3.8/site-packages/airflow/example_dags/example_task_group.py
[2024-01-13T12:00:22.537+0000] {processor.py:830} INFO - Processing file /home/airflow/.local/lib/python3.8/site-packages/airflow/example_dags/example_task_group.py for tasks to queue
[2024-01-13T12:00:22.541+0000] {logging_mixin.py:188} INFO - [2024-01-13T12:00:22.541+0000] {dagbag.py:538} INFO - Filling up the DagBag from /home/airflow/.local/lib/python3.8/site-packages/airflow/example_dags/example_task_group.py
[2024-01-13T12:00:22.551+0000] {processor.py:840} INFO - DAG(s) 'example_task_group' retrieved from /home/airflow/.local/lib/python3.8/site-packages/airflow/example_dags/example_task_group.py
[2024-01-13T12:00:22.580+0000] {logging_mixin.py:188} INFO - [2024-01-13T12:00:22.580+0000] {dag.py:3033} INFO - Sync 1 DAGs
[2024-01-13T12:00:22.608+0000] {logging_mixin.py:188} INFO - [2024-01-13T12:00:22.608+0000] {dag.py:3820} INFO - Setting next_dagrun for example_task_group to 2024-01-12T00:00:00+00:00, run_after=2024-01-13T00:00:00+00:00
[2024-01-13T12:00:22.630+0000] {processor.py:183} INFO - Processing /home/airflow/.local/lib/python3.8/site-packages/airflow/example_dags/example_task_group.py took 0.099 seconds
[2024-01-13T12:00:52.968+0000] {processor.py:161} INFO - Started process (PID=437) to work on /home/airflow/.local/lib/python3.8/site-packages/airflow/example_dags/example_task_group.py
[2024-01-13T12:00:52.970+0000] {processor.py:830} INFO - Processing file /home/airflow/.local/lib/python3.8/site-packages/airflow/example_dags/example_task_group.py for tasks to queue
[2024-01-13T12:00:52.974+0000] {logging_mixin.py:188} INFO - [2024-01-13T12:00:52.974+0000] {dagbag.py:538} INFO - Filling up the DagBag from /home/airflow/.local/lib/python3.8/site-packages/airflow/example_dags/example_task_group.py
[2024-01-13T12:00:52.983+0000] {processor.py:840} INFO - DAG(s) 'example_task_group' retrieved from /home/airflow/.local/lib/python3.8/site-packages/airflow/example_dags/example_task_group.py
[2024-01-13T12:00:53.012+0000] {logging_mixin.py:188} INFO - [2024-01-13T12:00:53.012+0000] {dag.py:3033} INFO - Sync 1 DAGs
[2024-01-13T12:00:53.039+0000] {logging_mixin.py:188} INFO - [2024-01-13T12:00:53.039+0000] {dag.py:3820} INFO - Setting next_dagrun for example_task_group to 2024-01-12T00:00:00+00:00, run_after=2024-01-13T00:00:00+00:00
[2024-01-13T12:00:53.062+0000] {processor.py:183} INFO - Processing /home/airflow/.local/lib/python3.8/site-packages/airflow/example_dags/example_task_group.py took 0.099 seconds
[2024-01-13T12:01:23.705+0000] {processor.py:161} INFO - Started process (PID=496) to work on /home/airflow/.local/lib/python3.8/site-packages/airflow/example_dags/example_task_group.py
[2024-01-13T12:01:23.706+0000] {processor.py:830} INFO - Processing file /home/airflow/.local/lib/python3.8/site-packages/airflow/example_dags/example_task_group.py for tasks to queue
[2024-01-13T12:01:23.710+0000] {logging_mixin.py:188} INFO - [2024-01-13T12:01:23.709+0000] {dagbag.py:538} INFO - Filling up the DagBag from /home/airflow/.local/lib/python3.8/site-packages/airflow/example_dags/example_task_group.py
[2024-01-13T12:01:23.719+0000] {processor.py:840} INFO - DAG(s) 'example_task_group' retrieved from /home/airflow/.local/lib/python3.8/site-packages/airflow/example_dags/example_task_group.py
[2024-01-13T12:01:23.747+0000] {logging_mixin.py:188} INFO - [2024-01-13T12:01:23.746+0000] {dag.py:3033} INFO - Sync 1 DAGs
[2024-01-13T12:01:23.773+0000] {logging_mixin.py:188} INFO - [2024-01-13T12:01:23.773+0000] {dag.py:3820} INFO - Setting next_dagrun for example_task_group to 2024-01-12T00:00:00+00:00, run_after=2024-01-13T00:00:00+00:00
[2024-01-13T12:01:23.794+0000] {processor.py:183} INFO - Processing /home/airflow/.local/lib/python3.8/site-packages/airflow/example_dags/example_task_group.py took 0.094 seconds
[2024-01-13T12:01:53.911+0000] {processor.py:161} INFO - Started process (PID=554) to work on /home/airflow/.local/lib/python3.8/site-packages/airflow/example_dags/example_task_group.py
[2024-01-13T12:01:53.912+0000] {processor.py:830} INFO - Processing file /home/airflow/.local/lib/python3.8/site-packages/airflow/example_dags/example_task_group.py for tasks to queue
[2024-01-13T12:01:53.916+0000] {logging_mixin.py:188} INFO - [2024-01-13T12:01:53.916+0000] {dagbag.py:538} INFO - Filling up the DagBag from /home/airflow/.local/lib/python3.8/site-packages/airflow/example_dags/example_task_group.py
[2024-01-13T12:01:53.925+0000] {processor.py:840} INFO - DAG(s) 'example_task_group' retrieved from /home/airflow/.local/lib/python3.8/site-packages/airflow/example_dags/example_task_group.py
[2024-01-13T12:01:53.955+0000] {logging_mixin.py:188} INFO - [2024-01-13T12:01:53.954+0000] {dag.py:3033} INFO - Sync 1 DAGs
[2024-01-13T12:01:53.981+0000] {logging_mixin.py:188} INFO - [2024-01-13T12:01:53.981+0000] {dag.py:3820} INFO - Setting next_dagrun for example_task_group to 2024-01-12T00:00:00+00:00, run_after=2024-01-13T00:00:00+00:00
[2024-01-13T12:01:54.004+0000] {processor.py:183} INFO - Processing /home/airflow/.local/lib/python3.8/site-packages/airflow/example_dags/example_task_group.py took 0.098 seconds
[2024-01-13T12:02:24.279+0000] {processor.py:161} INFO - Started process (PID=621) to work on /home/airflow/.local/lib/python3.8/site-packages/airflow/example_dags/example_task_group.py
[2024-01-13T12:02:24.280+0000] {processor.py:830} INFO - Processing file /home/airflow/.local/lib/python3.8/site-packages/airflow/example_dags/example_task_group.py for tasks to queue
[2024-01-13T12:02:24.283+0000] {logging_mixin.py:188} INFO - [2024-01-13T12:02:24.283+0000] {dagbag.py:538} INFO - Filling up the DagBag from /home/airflow/.local/lib/python3.8/site-packages/airflow/example_dags/example_task_group.py
[2024-01-13T12:02:24.293+0000] {processor.py:840} INFO - DAG(s) 'example_task_group' retrieved from /home/airflow/.local/lib/python3.8/site-packages/airflow/example_dags/example_task_group.py
[2024-01-13T12:02:24.322+0000] {logging_mixin.py:188} INFO - [2024-01-13T12:02:24.321+0000] {dag.py:3033} INFO - Sync 1 DAGs
[2024-01-13T12:02:24.350+0000] {logging_mixin.py:188} INFO - [2024-01-13T12:02:24.350+0000] {dag.py:3820} INFO - Setting next_dagrun for example_task_group to 2024-01-12T00:00:00+00:00, run_after=2024-01-13T00:00:00+00:00
[2024-01-13T12:02:24.372+0000] {processor.py:183} INFO - Processing /home/airflow/.local/lib/python3.8/site-packages/airflow/example_dags/example_task_group.py took 0.098 seconds
[2024-01-13T12:07:43.207+0000] {processor.py:161} INFO - Started process (PID=77) to work on /home/airflow/.local/lib/python3.8/site-packages/airflow/example_dags/example_task_group.py
[2024-01-13T12:07:43.209+0000] {processor.py:830} INFO - Processing file /home/airflow/.local/lib/python3.8/site-packages/airflow/example_dags/example_task_group.py for tasks to queue
[2024-01-13T12:07:43.213+0000] {logging_mixin.py:188} INFO - [2024-01-13T12:07:43.213+0000] {dagbag.py:538} INFO - Filling up the DagBag from /home/airflow/.local/lib/python3.8/site-packages/airflow/example_dags/example_task_group.py
[2024-01-13T12:07:43.229+0000] {processor.py:840} INFO - DAG(s) 'example_task_group' retrieved from /home/airflow/.local/lib/python3.8/site-packages/airflow/example_dags/example_task_group.py
[2024-01-13T12:07:43.269+0000] {logging_mixin.py:188} INFO - [2024-01-13T12:07:43.268+0000] {dag.py:3033} INFO - Sync 1 DAGs
[2024-01-13T12:07:43.311+0000] {logging_mixin.py:188} INFO - [2024-01-13T12:07:43.310+0000] {dag.py:3820} INFO - Setting next_dagrun for example_task_group to 2024-01-12T00:00:00+00:00, run_after=2024-01-13T00:00:00+00:00
[2024-01-13T12:07:43.341+0000] {processor.py:183} INFO - Processing /home/airflow/.local/lib/python3.8/site-packages/airflow/example_dags/example_task_group.py took 0.142 seconds
[2024-01-13T12:08:19.513+0000] {processor.py:161} INFO - Started process (PID=164) to work on /home/airflow/.local/lib/python3.8/site-packages/airflow/example_dags/example_task_group.py
[2024-01-13T12:08:19.526+0000] {processor.py:830} INFO - Processing file /home/airflow/.local/lib/python3.8/site-packages/airflow/example_dags/example_task_group.py for tasks to queue
[2024-01-13T12:08:19.531+0000] {logging_mixin.py:188} INFO - [2024-01-13T12:08:19.530+0000] {dagbag.py:538} INFO - Filling up the DagBag from /home/airflow/.local/lib/python3.8/site-packages/airflow/example_dags/example_task_group.py
[2024-01-13T12:08:19.583+0000] {processor.py:840} INFO - DAG(s) 'example_task_group' retrieved from /home/airflow/.local/lib/python3.8/site-packages/airflow/example_dags/example_task_group.py
[2024-01-13T12:08:19.952+0000] {logging_mixin.py:188} INFO - [2024-01-13T12:08:19.951+0000] {dag.py:3033} INFO - Sync 1 DAGs
[2024-01-13T12:08:20.005+0000] {logging_mixin.py:188} INFO - [2024-01-13T12:08:20.005+0000] {dag.py:3820} INFO - Setting next_dagrun for example_task_group to 2024-01-12T00:00:00+00:00, run_after=2024-01-13T00:00:00+00:00
[2024-01-13T12:08:20.044+0000] {processor.py:183} INFO - Processing /home/airflow/.local/lib/python3.8/site-packages/airflow/example_dags/example_task_group.py took 0.551 seconds
[2024-01-13T12:08:50.382+0000] {processor.py:161} INFO - Started process (PID=223) to work on /home/airflow/.local/lib/python3.8/site-packages/airflow/example_dags/example_task_group.py
[2024-01-13T12:08:50.384+0000] {processor.py:830} INFO - Processing file /home/airflow/.local/lib/python3.8/site-packages/airflow/example_dags/example_task_group.py for tasks to queue
[2024-01-13T12:08:50.388+0000] {logging_mixin.py:188} INFO - [2024-01-13T12:08:50.387+0000] {dagbag.py:538} INFO - Filling up the DagBag from /home/airflow/.local/lib/python3.8/site-packages/airflow/example_dags/example_task_group.py
[2024-01-13T12:08:50.397+0000] {processor.py:840} INFO - DAG(s) 'example_task_group' retrieved from /home/airflow/.local/lib/python3.8/site-packages/airflow/example_dags/example_task_group.py
[2024-01-13T12:08:50.425+0000] {logging_mixin.py:188} INFO - [2024-01-13T12:08:50.425+0000] {dag.py:3033} INFO - Sync 1 DAGs
[2024-01-13T12:08:50.453+0000] {logging_mixin.py:188} INFO - [2024-01-13T12:08:50.453+0000] {dag.py:3820} INFO - Setting next_dagrun for example_task_group to 2024-01-12T00:00:00+00:00, run_after=2024-01-13T00:00:00+00:00
[2024-01-13T12:08:50.474+0000] {processor.py:183} INFO - Processing /home/airflow/.local/lib/python3.8/site-packages/airflow/example_dags/example_task_group.py took 0.097 seconds
[2024-01-13T12:09:20.792+0000] {processor.py:161} INFO - Started process (PID=283) to work on /home/airflow/.local/lib/python3.8/site-packages/airflow/example_dags/example_task_group.py
[2024-01-13T12:09:20.793+0000] {processor.py:830} INFO - Processing file /home/airflow/.local/lib/python3.8/site-packages/airflow/example_dags/example_task_group.py for tasks to queue
[2024-01-13T12:09:20.797+0000] {logging_mixin.py:188} INFO - [2024-01-13T12:09:20.797+0000] {dagbag.py:538} INFO - Filling up the DagBag from /home/airflow/.local/lib/python3.8/site-packages/airflow/example_dags/example_task_group.py
[2024-01-13T12:09:20.808+0000] {processor.py:840} INFO - DAG(s) 'example_task_group' retrieved from /home/airflow/.local/lib/python3.8/site-packages/airflow/example_dags/example_task_group.py
[2024-01-13T12:09:20.859+0000] {logging_mixin.py:188} INFO - [2024-01-13T12:09:20.859+0000] {dag.py:3033} INFO - Sync 1 DAGs
[2024-01-13T12:09:20.912+0000] {logging_mixin.py:188} INFO - [2024-01-13T12:09:20.912+0000] {dag.py:3820} INFO - Setting next_dagrun for example_task_group to 2024-01-12T00:00:00+00:00, run_after=2024-01-13T00:00:00+00:00
[2024-01-13T12:09:20.949+0000] {processor.py:183} INFO - Processing /home/airflow/.local/lib/python3.8/site-packages/airflow/example_dags/example_task_group.py took 0.162 seconds
[2024-01-13T12:09:51.097+0000] {processor.py:161} INFO - Started process (PID=342) to work on /home/airflow/.local/lib/python3.8/site-packages/airflow/example_dags/example_task_group.py
[2024-01-13T12:09:51.099+0000] {processor.py:830} INFO - Processing file /home/airflow/.local/lib/python3.8/site-packages/airflow/example_dags/example_task_group.py for tasks to queue
[2024-01-13T12:09:51.103+0000] {logging_mixin.py:188} INFO - [2024-01-13T12:09:51.102+0000] {dagbag.py:538} INFO - Filling up the DagBag from /home/airflow/.local/lib/python3.8/site-packages/airflow/example_dags/example_task_group.py
[2024-01-13T12:09:51.114+0000] {processor.py:840} INFO - DAG(s) 'example_task_group' retrieved from /home/airflow/.local/lib/python3.8/site-packages/airflow/example_dags/example_task_group.py
[2024-01-13T12:09:51.144+0000] {logging_mixin.py:188} INFO - [2024-01-13T12:09:51.144+0000] {dag.py:3033} INFO - Sync 1 DAGs
[2024-01-13T12:09:51.173+0000] {logging_mixin.py:188} INFO - [2024-01-13T12:09:51.173+0000] {dag.py:3820} INFO - Setting next_dagrun for example_task_group to 2024-01-12T00:00:00+00:00, run_after=2024-01-13T00:00:00+00:00
[2024-01-13T12:09:51.195+0000] {processor.py:183} INFO - Processing /home/airflow/.local/lib/python3.8/site-packages/airflow/example_dags/example_task_group.py took 0.103 seconds
[2024-01-13T12:10:21.943+0000] {processor.py:161} INFO - Started process (PID=401) to work on /home/airflow/.local/lib/python3.8/site-packages/airflow/example_dags/example_task_group.py
[2024-01-13T12:10:21.944+0000] {processor.py:830} INFO - Processing file /home/airflow/.local/lib/python3.8/site-packages/airflow/example_dags/example_task_group.py for tasks to queue
[2024-01-13T12:10:21.948+0000] {logging_mixin.py:188} INFO - [2024-01-13T12:10:21.947+0000] {dagbag.py:538} INFO - Filling up the DagBag from /home/airflow/.local/lib/python3.8/site-packages/airflow/example_dags/example_task_group.py
[2024-01-13T12:10:21.957+0000] {processor.py:840} INFO - DAG(s) 'example_task_group' retrieved from /home/airflow/.local/lib/python3.8/site-packages/airflow/example_dags/example_task_group.py
[2024-01-13T12:10:21.987+0000] {logging_mixin.py:188} INFO - [2024-01-13T12:10:21.987+0000] {dag.py:3033} INFO - Sync 1 DAGs
[2024-01-13T12:10:22.015+0000] {logging_mixin.py:188} INFO - [2024-01-13T12:10:22.015+0000] {dag.py:3820} INFO - Setting next_dagrun for example_task_group to 2024-01-12T00:00:00+00:00, run_after=2024-01-13T00:00:00+00:00
[2024-01-13T12:10:22.040+0000] {processor.py:183} INFO - Processing /home/airflow/.local/lib/python3.8/site-packages/airflow/example_dags/example_task_group.py took 0.102 seconds
[2024-01-13T12:10:52.321+0000] {processor.py:161} INFO - Started process (PID=460) to work on /home/airflow/.local/lib/python3.8/site-packages/airflow/example_dags/example_task_group.py
[2024-01-13T12:10:52.370+0000] {processor.py:830} INFO - Processing file /home/airflow/.local/lib/python3.8/site-packages/airflow/example_dags/example_task_group.py for tasks to queue
[2024-01-13T12:10:52.374+0000] {logging_mixin.py:188} INFO - [2024-01-13T12:10:52.374+0000] {dagbag.py:538} INFO - Filling up the DagBag from /home/airflow/.local/lib/python3.8/site-packages/airflow/example_dags/example_task_group.py
[2024-01-13T12:10:52.387+0000] {processor.py:840} INFO - DAG(s) 'example_task_group' retrieved from /home/airflow/.local/lib/python3.8/site-packages/airflow/example_dags/example_task_group.py
[2024-01-13T12:10:52.422+0000] {logging_mixin.py:188} INFO - [2024-01-13T12:10:52.422+0000] {dag.py:3033} INFO - Sync 1 DAGs
[2024-01-13T12:10:52.452+0000] {logging_mixin.py:188} INFO - [2024-01-13T12:10:52.451+0000] {dag.py:3820} INFO - Setting next_dagrun for example_task_group to 2024-01-12T00:00:00+00:00, run_after=2024-01-13T00:00:00+00:00
[2024-01-13T12:10:52.477+0000] {processor.py:183} INFO - Processing /home/airflow/.local/lib/python3.8/site-packages/airflow/example_dags/example_task_group.py took 0.161 seconds
[2024-01-13T12:11:22.769+0000] {processor.py:161} INFO - Started process (PID=519) to work on /home/airflow/.local/lib/python3.8/site-packages/airflow/example_dags/example_task_group.py
[2024-01-13T12:11:22.771+0000] {processor.py:830} INFO - Processing file /home/airflow/.local/lib/python3.8/site-packages/airflow/example_dags/example_task_group.py for tasks to queue
[2024-01-13T12:11:22.775+0000] {logging_mixin.py:188} INFO - [2024-01-13T12:11:22.774+0000] {dagbag.py:538} INFO - Filling up the DagBag from /home/airflow/.local/lib/python3.8/site-packages/airflow/example_dags/example_task_group.py
[2024-01-13T12:11:22.784+0000] {processor.py:840} INFO - DAG(s) 'example_task_group' retrieved from /home/airflow/.local/lib/python3.8/site-packages/airflow/example_dags/example_task_group.py
[2024-01-13T12:11:22.814+0000] {logging_mixin.py:188} INFO - [2024-01-13T12:11:22.814+0000] {dag.py:3033} INFO - Sync 1 DAGs
[2024-01-13T12:11:22.841+0000] {logging_mixin.py:188} INFO - [2024-01-13T12:11:22.840+0000] {dag.py:3820} INFO - Setting next_dagrun for example_task_group to 2024-01-12T00:00:00+00:00, run_after=2024-01-13T00:00:00+00:00
[2024-01-13T12:11:22.862+0000] {processor.py:183} INFO - Processing /home/airflow/.local/lib/python3.8/site-packages/airflow/example_dags/example_task_group.py took 0.098 seconds
[2024-01-13T12:11:52.973+0000] {processor.py:161} INFO - Started process (PID=578) to work on /home/airflow/.local/lib/python3.8/site-packages/airflow/example_dags/example_task_group.py
[2024-01-13T12:11:52.974+0000] {processor.py:830} INFO - Processing file /home/airflow/.local/lib/python3.8/site-packages/airflow/example_dags/example_task_group.py for tasks to queue
[2024-01-13T12:11:52.978+0000] {logging_mixin.py:188} INFO - [2024-01-13T12:11:52.978+0000] {dagbag.py:538} INFO - Filling up the DagBag from /home/airflow/.local/lib/python3.8/site-packages/airflow/example_dags/example_task_group.py
[2024-01-13T12:11:52.988+0000] {processor.py:840} INFO - DAG(s) 'example_task_group' retrieved from /home/airflow/.local/lib/python3.8/site-packages/airflow/example_dags/example_task_group.py
[2024-01-13T12:11:53.025+0000] {logging_mixin.py:188} INFO - [2024-01-13T12:11:53.024+0000] {dag.py:3033} INFO - Sync 1 DAGs
[2024-01-13T12:11:53.052+0000] {logging_mixin.py:188} INFO - [2024-01-13T12:11:53.052+0000] {dag.py:3820} INFO - Setting next_dagrun for example_task_group to 2024-01-12T00:00:00+00:00, run_after=2024-01-13T00:00:00+00:00
[2024-01-13T12:11:53.073+0000] {processor.py:183} INFO - Processing /home/airflow/.local/lib/python3.8/site-packages/airflow/example_dags/example_task_group.py took 0.105 seconds
[2024-01-13T12:12:23.329+0000] {processor.py:161} INFO - Started process (PID=637) to work on /home/airflow/.local/lib/python3.8/site-packages/airflow/example_dags/example_task_group.py
[2024-01-13T12:12:23.331+0000] {processor.py:830} INFO - Processing file /home/airflow/.local/lib/python3.8/site-packages/airflow/example_dags/example_task_group.py for tasks to queue
[2024-01-13T12:12:23.335+0000] {logging_mixin.py:188} INFO - [2024-01-13T12:12:23.335+0000] {dagbag.py:538} INFO - Filling up the DagBag from /home/airflow/.local/lib/python3.8/site-packages/airflow/example_dags/example_task_group.py
[2024-01-13T12:12:23.344+0000] {processor.py:840} INFO - DAG(s) 'example_task_group' retrieved from /home/airflow/.local/lib/python3.8/site-packages/airflow/example_dags/example_task_group.py
[2024-01-13T12:12:23.379+0000] {logging_mixin.py:188} INFO - [2024-01-13T12:12:23.378+0000] {dag.py:3033} INFO - Sync 1 DAGs
[2024-01-13T12:12:23.411+0000] {logging_mixin.py:188} INFO - [2024-01-13T12:12:23.411+0000] {dag.py:3820} INFO - Setting next_dagrun for example_task_group to 2024-01-12T00:00:00+00:00, run_after=2024-01-13T00:00:00+00:00
[2024-01-13T12:12:23.432+0000] {processor.py:183} INFO - Processing /home/airflow/.local/lib/python3.8/site-packages/airflow/example_dags/example_task_group.py took 0.109 seconds
[2024-01-13T12:12:54.242+0000] {processor.py:161} INFO - Started process (PID=696) to work on /home/airflow/.local/lib/python3.8/site-packages/airflow/example_dags/example_task_group.py
[2024-01-13T12:12:54.243+0000] {processor.py:830} INFO - Processing file /home/airflow/.local/lib/python3.8/site-packages/airflow/example_dags/example_task_group.py for tasks to queue
[2024-01-13T12:12:54.246+0000] {logging_mixin.py:188} INFO - [2024-01-13T12:12:54.246+0000] {dagbag.py:538} INFO - Filling up the DagBag from /home/airflow/.local/lib/python3.8/site-packages/airflow/example_dags/example_task_group.py
[2024-01-13T12:12:54.257+0000] {processor.py:840} INFO - DAG(s) 'example_task_group' retrieved from /home/airflow/.local/lib/python3.8/site-packages/airflow/example_dags/example_task_group.py
[2024-01-13T12:12:54.295+0000] {logging_mixin.py:188} INFO - [2024-01-13T12:12:54.295+0000] {dag.py:3033} INFO - Sync 1 DAGs
[2024-01-13T12:12:54.326+0000] {logging_mixin.py:188} INFO - [2024-01-13T12:12:54.326+0000] {dag.py:3820} INFO - Setting next_dagrun for example_task_group to 2024-01-12T00:00:00+00:00, run_after=2024-01-13T00:00:00+00:00
[2024-01-13T12:12:54.347+0000] {processor.py:183} INFO - Processing /home/airflow/.local/lib/python3.8/site-packages/airflow/example_dags/example_task_group.py took 0.110 seconds
[2024-01-13T12:13:30.036+0000] {processor.py:161} INFO - Started process (PID=769) to work on /home/airflow/.local/lib/python3.8/site-packages/airflow/example_dags/example_task_group.py
[2024-01-13T12:13:30.043+0000] {processor.py:830} INFO - Processing file /home/airflow/.local/lib/python3.8/site-packages/airflow/example_dags/example_task_group.py for tasks to queue
[2024-01-13T12:13:30.052+0000] {logging_mixin.py:188} INFO - [2024-01-13T12:13:30.051+0000] {dagbag.py:538} INFO - Filling up the DagBag from /home/airflow/.local/lib/python3.8/site-packages/airflow/example_dags/example_task_group.py
[2024-01-13T12:13:30.078+0000] {processor.py:840} INFO - DAG(s) 'example_task_group' retrieved from /home/airflow/.local/lib/python3.8/site-packages/airflow/example_dags/example_task_group.py
[2024-01-13T12:13:30.142+0000] {logging_mixin.py:188} INFO - [2024-01-13T12:13:30.142+0000] {dag.py:3033} INFO - Sync 1 DAGs
[2024-01-13T12:13:30.227+0000] {logging_mixin.py:188} INFO - [2024-01-13T12:13:30.226+0000] {dag.py:3820} INFO - Setting next_dagrun for example_task_group to 2024-01-12T00:00:00+00:00, run_after=2024-01-13T00:00:00+00:00
[2024-01-13T12:13:30.283+0000] {processor.py:183} INFO - Processing /home/airflow/.local/lib/python3.8/site-packages/airflow/example_dags/example_task_group.py took 0.260 seconds
[2024-01-13T12:14:00.636+0000] {processor.py:161} INFO - Started process (PID=829) to work on /home/airflow/.local/lib/python3.8/site-packages/airflow/example_dags/example_task_group.py
[2024-01-13T12:14:00.637+0000] {processor.py:830} INFO - Processing file /home/airflow/.local/lib/python3.8/site-packages/airflow/example_dags/example_task_group.py for tasks to queue
[2024-01-13T12:14:00.641+0000] {logging_mixin.py:188} INFO - [2024-01-13T12:14:00.640+0000] {dagbag.py:538} INFO - Filling up the DagBag from /home/airflow/.local/lib/python3.8/site-packages/airflow/example_dags/example_task_group.py
[2024-01-13T12:14:00.653+0000] {processor.py:840} INFO - DAG(s) 'example_task_group' retrieved from /home/airflow/.local/lib/python3.8/site-packages/airflow/example_dags/example_task_group.py
[2024-01-13T12:14:00.691+0000] {logging_mixin.py:188} INFO - [2024-01-13T12:14:00.691+0000] {dag.py:3033} INFO - Sync 1 DAGs
[2024-01-13T12:14:00.732+0000] {logging_mixin.py:188} INFO - [2024-01-13T12:14:00.732+0000] {dag.py:3820} INFO - Setting next_dagrun for example_task_group to 2024-01-12T00:00:00+00:00, run_after=2024-01-13T00:00:00+00:00
[2024-01-13T12:14:00.764+0000] {processor.py:183} INFO - Processing /home/airflow/.local/lib/python3.8/site-packages/airflow/example_dags/example_task_group.py took 0.134 seconds
[2024-01-13T12:14:30.931+0000] {processor.py:161} INFO - Started process (PID=888) to work on /home/airflow/.local/lib/python3.8/site-packages/airflow/example_dags/example_task_group.py
[2024-01-13T12:14:30.933+0000] {processor.py:830} INFO - Processing file /home/airflow/.local/lib/python3.8/site-packages/airflow/example_dags/example_task_group.py for tasks to queue
[2024-01-13T12:14:30.937+0000] {logging_mixin.py:188} INFO - [2024-01-13T12:14:30.937+0000] {dagbag.py:538} INFO - Filling up the DagBag from /home/airflow/.local/lib/python3.8/site-packages/airflow/example_dags/example_task_group.py
[2024-01-13T12:14:30.948+0000] {processor.py:840} INFO - DAG(s) 'example_task_group' retrieved from /home/airflow/.local/lib/python3.8/site-packages/airflow/example_dags/example_task_group.py
[2024-01-13T12:14:30.986+0000] {logging_mixin.py:188} INFO - [2024-01-13T12:14:30.986+0000] {dag.py:3033} INFO - Sync 1 DAGs
[2024-01-13T12:14:31.019+0000] {logging_mixin.py:188} INFO - [2024-01-13T12:14:31.018+0000] {dag.py:3820} INFO - Setting next_dagrun for example_task_group to 2024-01-12T00:00:00+00:00, run_after=2024-01-13T00:00:00+00:00
[2024-01-13T12:14:31.044+0000] {processor.py:183} INFO - Processing /home/airflow/.local/lib/python3.8/site-packages/airflow/example_dags/example_task_group.py took 0.119 seconds
[2024-01-13T12:15:01.793+0000] {processor.py:161} INFO - Started process (PID=947) to work on /home/airflow/.local/lib/python3.8/site-packages/airflow/example_dags/example_task_group.py
[2024-01-13T12:15:01.795+0000] {processor.py:830} INFO - Processing file /home/airflow/.local/lib/python3.8/site-packages/airflow/example_dags/example_task_group.py for tasks to queue
[2024-01-13T12:15:01.800+0000] {logging_mixin.py:188} INFO - [2024-01-13T12:15:01.800+0000] {dagbag.py:538} INFO - Filling up the DagBag from /home/airflow/.local/lib/python3.8/site-packages/airflow/example_dags/example_task_group.py
[2024-01-13T12:15:01.810+0000] {processor.py:840} INFO - DAG(s) 'example_task_group' retrieved from /home/airflow/.local/lib/python3.8/site-packages/airflow/example_dags/example_task_group.py
[2024-01-13T12:15:01.841+0000] {logging_mixin.py:188} INFO - [2024-01-13T12:15:01.841+0000] {dag.py:3033} INFO - Sync 1 DAGs
[2024-01-13T12:15:01.872+0000] {logging_mixin.py:188} INFO - [2024-01-13T12:15:01.872+0000] {dag.py:3820} INFO - Setting next_dagrun for example_task_group to 2024-01-12T00:00:00+00:00, run_after=2024-01-13T00:00:00+00:00
[2024-01-13T12:15:01.899+0000] {processor.py:183} INFO - Processing /home/airflow/.local/lib/python3.8/site-packages/airflow/example_dags/example_task_group.py took 0.113 seconds
[2024-01-13T12:15:32.582+0000] {processor.py:161} INFO - Started process (PID=1006) to work on /home/airflow/.local/lib/python3.8/site-packages/airflow/example_dags/example_task_group.py
[2024-01-13T12:15:32.584+0000] {processor.py:830} INFO - Processing file /home/airflow/.local/lib/python3.8/site-packages/airflow/example_dags/example_task_group.py for tasks to queue
[2024-01-13T12:15:32.588+0000] {logging_mixin.py:188} INFO - [2024-01-13T12:15:32.587+0000] {dagbag.py:538} INFO - Filling up the DagBag from /home/airflow/.local/lib/python3.8/site-packages/airflow/example_dags/example_task_group.py
[2024-01-13T12:15:32.598+0000] {processor.py:840} INFO - DAG(s) 'example_task_group' retrieved from /home/airflow/.local/lib/python3.8/site-packages/airflow/example_dags/example_task_group.py
[2024-01-13T12:15:32.628+0000] {logging_mixin.py:188} INFO - [2024-01-13T12:15:32.628+0000] {dag.py:3033} INFO - Sync 1 DAGs
[2024-01-13T12:15:32.655+0000] {logging_mixin.py:188} INFO - [2024-01-13T12:15:32.655+0000] {dag.py:3820} INFO - Setting next_dagrun for example_task_group to 2024-01-12T00:00:00+00:00, run_after=2024-01-13T00:00:00+00:00
[2024-01-13T12:15:32.677+0000] {processor.py:183} INFO - Processing /home/airflow/.local/lib/python3.8/site-packages/airflow/example_dags/example_task_group.py took 0.101 seconds
[2024-01-13T12:16:03.481+0000] {processor.py:161} INFO - Started process (PID=1065) to work on /home/airflow/.local/lib/python3.8/site-packages/airflow/example_dags/example_task_group.py
[2024-01-13T12:16:03.483+0000] {processor.py:830} INFO - Processing file /home/airflow/.local/lib/python3.8/site-packages/airflow/example_dags/example_task_group.py for tasks to queue
[2024-01-13T12:16:03.487+0000] {logging_mixin.py:188} INFO - [2024-01-13T12:16:03.486+0000] {dagbag.py:538} INFO - Filling up the DagBag from /home/airflow/.local/lib/python3.8/site-packages/airflow/example_dags/example_task_group.py
[2024-01-13T12:16:03.498+0000] {processor.py:840} INFO - DAG(s) 'example_task_group' retrieved from /home/airflow/.local/lib/python3.8/site-packages/airflow/example_dags/example_task_group.py
[2024-01-13T12:16:03.527+0000] {logging_mixin.py:188} INFO - [2024-01-13T12:16:03.527+0000] {dag.py:3033} INFO - Sync 1 DAGs
[2024-01-13T12:16:03.557+0000] {logging_mixin.py:188} INFO - [2024-01-13T12:16:03.557+0000] {dag.py:3820} INFO - Setting next_dagrun for example_task_group to 2024-01-12T00:00:00+00:00, run_after=2024-01-13T00:00:00+00:00
[2024-01-13T12:16:03.585+0000] {processor.py:183} INFO - Processing /home/airflow/.local/lib/python3.8/site-packages/airflow/example_dags/example_task_group.py took 0.108 seconds
[2024-01-13T12:16:34.574+0000] {processor.py:161} INFO - Started process (PID=1124) to work on /home/airflow/.local/lib/python3.8/site-packages/airflow/example_dags/example_task_group.py
[2024-01-13T12:16:34.576+0000] {processor.py:830} INFO - Processing file /home/airflow/.local/lib/python3.8/site-packages/airflow/example_dags/example_task_group.py for tasks to queue
[2024-01-13T12:16:34.580+0000] {logging_mixin.py:188} INFO - [2024-01-13T12:16:34.580+0000] {dagbag.py:538} INFO - Filling up the DagBag from /home/airflow/.local/lib/python3.8/site-packages/airflow/example_dags/example_task_group.py
[2024-01-13T12:16:34.589+0000] {processor.py:840} INFO - DAG(s) 'example_task_group' retrieved from /home/airflow/.local/lib/python3.8/site-packages/airflow/example_dags/example_task_group.py
[2024-01-13T12:16:34.626+0000] {logging_mixin.py:188} INFO - [2024-01-13T12:16:34.626+0000] {dag.py:3033} INFO - Sync 1 DAGs
[2024-01-13T12:16:34.663+0000] {logging_mixin.py:188} INFO - [2024-01-13T12:16:34.663+0000] {dag.py:3820} INFO - Setting next_dagrun for example_task_group to 2024-01-12T00:00:00+00:00, run_after=2024-01-13T00:00:00+00:00
[2024-01-13T12:16:34.688+0000] {processor.py:183} INFO - Processing /home/airflow/.local/lib/python3.8/site-packages/airflow/example_dags/example_task_group.py took 0.119 seconds
[2024-01-13T12:17:05.027+0000] {processor.py:161} INFO - Started process (PID=1183) to work on /home/airflow/.local/lib/python3.8/site-packages/airflow/example_dags/example_task_group.py
[2024-01-13T12:17:05.029+0000] {processor.py:830} INFO - Processing file /home/airflow/.local/lib/python3.8/site-packages/airflow/example_dags/example_task_group.py for tasks to queue
[2024-01-13T12:17:05.033+0000] {logging_mixin.py:188} INFO - [2024-01-13T12:17:05.032+0000] {dagbag.py:538} INFO - Filling up the DagBag from /home/airflow/.local/lib/python3.8/site-packages/airflow/example_dags/example_task_group.py
[2024-01-13T12:17:05.043+0000] {processor.py:840} INFO - DAG(s) 'example_task_group' retrieved from /home/airflow/.local/lib/python3.8/site-packages/airflow/example_dags/example_task_group.py
[2024-01-13T12:17:05.075+0000] {logging_mixin.py:188} INFO - [2024-01-13T12:17:05.075+0000] {dag.py:3033} INFO - Sync 1 DAGs
[2024-01-13T12:17:05.106+0000] {logging_mixin.py:188} INFO - [2024-01-13T12:17:05.106+0000] {dag.py:3820} INFO - Setting next_dagrun for example_task_group to 2024-01-12T00:00:00+00:00, run_after=2024-01-13T00:00:00+00:00
[2024-01-13T12:17:05.130+0000] {processor.py:183} INFO - Processing /home/airflow/.local/lib/python3.8/site-packages/airflow/example_dags/example_task_group.py took 0.110 seconds
[2024-01-13T12:17:36.184+0000] {processor.py:161} INFO - Started process (PID=1242) to work on /home/airflow/.local/lib/python3.8/site-packages/airflow/example_dags/example_task_group.py
[2024-01-13T12:17:36.186+0000] {processor.py:830} INFO - Processing file /home/airflow/.local/lib/python3.8/site-packages/airflow/example_dags/example_task_group.py for tasks to queue
[2024-01-13T12:17:36.190+0000] {logging_mixin.py:188} INFO - [2024-01-13T12:17:36.189+0000] {dagbag.py:538} INFO - Filling up the DagBag from /home/airflow/.local/lib/python3.8/site-packages/airflow/example_dags/example_task_group.py
[2024-01-13T12:17:36.200+0000] {processor.py:840} INFO - DAG(s) 'example_task_group' retrieved from /home/airflow/.local/lib/python3.8/site-packages/airflow/example_dags/example_task_group.py
[2024-01-13T12:17:36.233+0000] {logging_mixin.py:188} INFO - [2024-01-13T12:17:36.233+0000] {dag.py:3033} INFO - Sync 1 DAGs
[2024-01-13T12:17:36.262+0000] {logging_mixin.py:188} INFO - [2024-01-13T12:17:36.261+0000] {dag.py:3820} INFO - Setting next_dagrun for example_task_group to 2024-01-12T00:00:00+00:00, run_after=2024-01-13T00:00:00+00:00
[2024-01-13T12:17:36.284+0000] {processor.py:183} INFO - Processing /home/airflow/.local/lib/python3.8/site-packages/airflow/example_dags/example_task_group.py took 0.108 seconds
[2024-01-13T12:18:07.336+0000] {processor.py:161} INFO - Started process (PID=1301) to work on /home/airflow/.local/lib/python3.8/site-packages/airflow/example_dags/example_task_group.py
[2024-01-13T12:18:07.338+0000] {processor.py:830} INFO - Processing file /home/airflow/.local/lib/python3.8/site-packages/airflow/example_dags/example_task_group.py for tasks to queue
[2024-01-13T12:18:07.341+0000] {logging_mixin.py:188} INFO - [2024-01-13T12:18:07.341+0000] {dagbag.py:538} INFO - Filling up the DagBag from /home/airflow/.local/lib/python3.8/site-packages/airflow/example_dags/example_task_group.py
[2024-01-13T12:18:07.353+0000] {processor.py:840} INFO - DAG(s) 'example_task_group' retrieved from /home/airflow/.local/lib/python3.8/site-packages/airflow/example_dags/example_task_group.py
[2024-01-13T12:18:07.393+0000] {logging_mixin.py:188} INFO - [2024-01-13T12:18:07.393+0000] {dag.py:3033} INFO - Sync 1 DAGs
[2024-01-13T12:18:07.427+0000] {logging_mixin.py:188} INFO - [2024-01-13T12:18:07.426+0000] {dag.py:3820} INFO - Setting next_dagrun for example_task_group to 2024-01-12T00:00:00+00:00, run_after=2024-01-13T00:00:00+00:00
[2024-01-13T12:18:07.457+0000] {processor.py:183} INFO - Processing /home/airflow/.local/lib/python3.8/site-packages/airflow/example_dags/example_task_group.py took 0.126 seconds
[2024-01-13T12:18:40.230+0000] {processor.py:161} INFO - Started process (PID=1368) to work on /home/airflow/.local/lib/python3.8/site-packages/airflow/example_dags/example_task_group.py
[2024-01-13T12:18:40.232+0000] {processor.py:830} INFO - Processing file /home/airflow/.local/lib/python3.8/site-packages/airflow/example_dags/example_task_group.py for tasks to queue
[2024-01-13T12:18:40.243+0000] {logging_mixin.py:188} INFO - [2024-01-13T12:18:40.242+0000] {dagbag.py:538} INFO - Filling up the DagBag from /home/airflow/.local/lib/python3.8/site-packages/airflow/example_dags/example_task_group.py
[2024-01-13T12:18:40.286+0000] {processor.py:840} INFO - DAG(s) 'example_task_group' retrieved from /home/airflow/.local/lib/python3.8/site-packages/airflow/example_dags/example_task_group.py
[2024-01-13T12:18:40.386+0000] {logging_mixin.py:188} INFO - [2024-01-13T12:18:40.386+0000] {dag.py:3033} INFO - Sync 1 DAGs
[2024-01-13T12:18:40.473+0000] {logging_mixin.py:188} INFO - [2024-01-13T12:18:40.472+0000] {dag.py:3820} INFO - Setting next_dagrun for example_task_group to 2024-01-12T00:00:00+00:00, run_after=2024-01-13T00:00:00+00:00
[2024-01-13T12:18:40.568+0000] {processor.py:183} INFO - Processing /home/airflow/.local/lib/python3.8/site-packages/airflow/example_dags/example_task_group.py took 0.367 seconds
[2024-01-13T12:19:10.976+0000] {processor.py:161} INFO - Started process (PID=1431) to work on /home/airflow/.local/lib/python3.8/site-packages/airflow/example_dags/example_task_group.py
[2024-01-13T12:19:10.978+0000] {processor.py:830} INFO - Processing file /home/airflow/.local/lib/python3.8/site-packages/airflow/example_dags/example_task_group.py for tasks to queue
[2024-01-13T12:19:10.982+0000] {logging_mixin.py:188} INFO - [2024-01-13T12:19:10.982+0000] {dagbag.py:538} INFO - Filling up the DagBag from /home/airflow/.local/lib/python3.8/site-packages/airflow/example_dags/example_task_group.py
[2024-01-13T12:19:10.992+0000] {processor.py:840} INFO - DAG(s) 'example_task_group' retrieved from /home/airflow/.local/lib/python3.8/site-packages/airflow/example_dags/example_task_group.py
[2024-01-13T12:19:11.021+0000] {logging_mixin.py:188} INFO - [2024-01-13T12:19:11.021+0000] {dag.py:3033} INFO - Sync 1 DAGs
[2024-01-13T12:19:11.051+0000] {logging_mixin.py:188} INFO - [2024-01-13T12:19:11.051+0000] {dag.py:3820} INFO - Setting next_dagrun for example_task_group to 2024-01-12T00:00:00+00:00, run_after=2024-01-13T00:00:00+00:00
[2024-01-13T12:19:11.076+0000] {processor.py:183} INFO - Processing /home/airflow/.local/lib/python3.8/site-packages/airflow/example_dags/example_task_group.py took 0.107 seconds
[2024-01-13T12:19:41.461+0000] {processor.py:161} INFO - Started process (PID=1490) to work on /home/airflow/.local/lib/python3.8/site-packages/airflow/example_dags/example_task_group.py
[2024-01-13T12:19:41.462+0000] {processor.py:830} INFO - Processing file /home/airflow/.local/lib/python3.8/site-packages/airflow/example_dags/example_task_group.py for tasks to queue
[2024-01-13T12:19:41.467+0000] {logging_mixin.py:188} INFO - [2024-01-13T12:19:41.466+0000] {dagbag.py:538} INFO - Filling up the DagBag from /home/airflow/.local/lib/python3.8/site-packages/airflow/example_dags/example_task_group.py
[2024-01-13T12:19:41.479+0000] {processor.py:840} INFO - DAG(s) 'example_task_group' retrieved from /home/airflow/.local/lib/python3.8/site-packages/airflow/example_dags/example_task_group.py
[2024-01-13T12:19:41.513+0000] {logging_mixin.py:188} INFO - [2024-01-13T12:19:41.513+0000] {dag.py:3033} INFO - Sync 1 DAGs
[2024-01-13T12:19:41.543+0000] {logging_mixin.py:188} INFO - [2024-01-13T12:19:41.543+0000] {dag.py:3820} INFO - Setting next_dagrun for example_task_group to 2024-01-12T00:00:00+00:00, run_after=2024-01-13T00:00:00+00:00
[2024-01-13T12:19:41.569+0000] {processor.py:183} INFO - Processing /home/airflow/.local/lib/python3.8/site-packages/airflow/example_dags/example_task_group.py took 0.115 seconds
[2024-01-13T12:20:12.951+0000] {processor.py:161} INFO - Started process (PID=1549) to work on /home/airflow/.local/lib/python3.8/site-packages/airflow/example_dags/example_task_group.py
[2024-01-13T12:20:12.954+0000] {processor.py:830} INFO - Processing file /home/airflow/.local/lib/python3.8/site-packages/airflow/example_dags/example_task_group.py for tasks to queue
[2024-01-13T12:20:12.958+0000] {logging_mixin.py:188} INFO - [2024-01-13T12:20:12.958+0000] {dagbag.py:538} INFO - Filling up the DagBag from /home/airflow/.local/lib/python3.8/site-packages/airflow/example_dags/example_task_group.py
[2024-01-13T12:20:12.967+0000] {processor.py:840} INFO - DAG(s) 'example_task_group' retrieved from /home/airflow/.local/lib/python3.8/site-packages/airflow/example_dags/example_task_group.py
[2024-01-13T12:20:12.996+0000] {logging_mixin.py:188} INFO - [2024-01-13T12:20:12.996+0000] {dag.py:3033} INFO - Sync 1 DAGs
[2024-01-13T12:20:13.024+0000] {logging_mixin.py:188} INFO - [2024-01-13T12:20:13.024+0000] {dag.py:3820} INFO - Setting next_dagrun for example_task_group to 2024-01-12T00:00:00+00:00, run_after=2024-01-13T00:00:00+00:00
[2024-01-13T12:20:13.047+0000] {processor.py:183} INFO - Processing /home/airflow/.local/lib/python3.8/site-packages/airflow/example_dags/example_task_group.py took 0.102 seconds
[2024-01-13T12:20:45.012+0000] {processor.py:161} INFO - Started process (PID=1609) to work on /home/airflow/.local/lib/python3.8/site-packages/airflow/example_dags/example_task_group.py
[2024-01-13T12:20:45.015+0000] {processor.py:830} INFO - Processing file /home/airflow/.local/lib/python3.8/site-packages/airflow/example_dags/example_task_group.py for tasks to queue
[2024-01-13T12:20:45.020+0000] {logging_mixin.py:188} INFO - [2024-01-13T12:20:45.020+0000] {dagbag.py:538} INFO - Filling up the DagBag from /home/airflow/.local/lib/python3.8/site-packages/airflow/example_dags/example_task_group.py
[2024-01-13T12:20:45.030+0000] {processor.py:840} INFO - DAG(s) 'example_task_group' retrieved from /home/airflow/.local/lib/python3.8/site-packages/airflow/example_dags/example_task_group.py
[2024-01-13T12:20:45.060+0000] {logging_mixin.py:188} INFO - [2024-01-13T12:20:45.060+0000] {dag.py:3033} INFO - Sync 1 DAGs
[2024-01-13T12:20:45.088+0000] {logging_mixin.py:188} INFO - [2024-01-13T12:20:45.088+0000] {dag.py:3820} INFO - Setting next_dagrun for example_task_group to 2024-01-12T00:00:00+00:00, run_after=2024-01-13T00:00:00+00:00
[2024-01-13T12:20:45.113+0000] {processor.py:183} INFO - Processing /home/airflow/.local/lib/python3.8/site-packages/airflow/example_dags/example_task_group.py took 0.107 seconds
[2024-01-13T12:21:16.304+0000] {processor.py:161} INFO - Started process (PID=1682) to work on /home/airflow/.local/lib/python3.8/site-packages/airflow/example_dags/example_task_group.py
[2024-01-13T12:21:16.306+0000] {processor.py:830} INFO - Processing file /home/airflow/.local/lib/python3.8/site-packages/airflow/example_dags/example_task_group.py for tasks to queue
[2024-01-13T12:21:16.311+0000] {logging_mixin.py:188} INFO - [2024-01-13T12:21:16.311+0000] {dagbag.py:538} INFO - Filling up the DagBag from /home/airflow/.local/lib/python3.8/site-packages/airflow/example_dags/example_task_group.py
[2024-01-13T12:21:16.327+0000] {processor.py:840} INFO - DAG(s) 'example_task_group' retrieved from /home/airflow/.local/lib/python3.8/site-packages/airflow/example_dags/example_task_group.py
[2024-01-13T12:21:16.369+0000] {logging_mixin.py:188} INFO - [2024-01-13T12:21:16.369+0000] {dag.py:3033} INFO - Sync 1 DAGs
[2024-01-13T12:21:16.414+0000] {logging_mixin.py:188} INFO - [2024-01-13T12:21:16.414+0000] {dag.py:3820} INFO - Setting next_dagrun for example_task_group to 2024-01-12T00:00:00+00:00, run_after=2024-01-13T00:00:00+00:00
[2024-01-13T12:21:16.446+0000] {processor.py:183} INFO - Processing /home/airflow/.local/lib/python3.8/site-packages/airflow/example_dags/example_task_group.py took 0.150 seconds
[2024-01-13T12:21:47.018+0000] {processor.py:161} INFO - Started process (PID=1749) to work on /home/airflow/.local/lib/python3.8/site-packages/airflow/example_dags/example_task_group.py
[2024-01-13T12:21:47.020+0000] {processor.py:830} INFO - Processing file /home/airflow/.local/lib/python3.8/site-packages/airflow/example_dags/example_task_group.py for tasks to queue
[2024-01-13T12:21:47.024+0000] {logging_mixin.py:188} INFO - [2024-01-13T12:21:47.024+0000] {dagbag.py:538} INFO - Filling up the DagBag from /home/airflow/.local/lib/python3.8/site-packages/airflow/example_dags/example_task_group.py
[2024-01-13T12:21:47.035+0000] {processor.py:840} INFO - DAG(s) 'example_task_group' retrieved from /home/airflow/.local/lib/python3.8/site-packages/airflow/example_dags/example_task_group.py
[2024-01-13T12:21:47.065+0000] {logging_mixin.py:188} INFO - [2024-01-13T12:21:47.065+0000] {dag.py:3033} INFO - Sync 1 DAGs
[2024-01-13T12:21:47.097+0000] {logging_mixin.py:188} INFO - [2024-01-13T12:21:47.096+0000] {dag.py:3820} INFO - Setting next_dagrun for example_task_group to 2024-01-12T00:00:00+00:00, run_after=2024-01-13T00:00:00+00:00
[2024-01-13T12:21:47.125+0000] {processor.py:183} INFO - Processing /home/airflow/.local/lib/python3.8/site-packages/airflow/example_dags/example_task_group.py took 0.112 seconds
[2024-01-13T12:22:18.665+0000] {processor.py:161} INFO - Started process (PID=1820) to work on /home/airflow/.local/lib/python3.8/site-packages/airflow/example_dags/example_task_group.py
[2024-01-13T12:22:18.667+0000] {processor.py:830} INFO - Processing file /home/airflow/.local/lib/python3.8/site-packages/airflow/example_dags/example_task_group.py for tasks to queue
[2024-01-13T12:22:18.670+0000] {logging_mixin.py:188} INFO - [2024-01-13T12:22:18.669+0000] {dagbag.py:538} INFO - Filling up the DagBag from /home/airflow/.local/lib/python3.8/site-packages/airflow/example_dags/example_task_group.py
[2024-01-13T12:22:18.680+0000] {processor.py:840} INFO - DAG(s) 'example_task_group' retrieved from /home/airflow/.local/lib/python3.8/site-packages/airflow/example_dags/example_task_group.py
[2024-01-13T12:22:18.712+0000] {logging_mixin.py:188} INFO - [2024-01-13T12:22:18.711+0000] {dag.py:3033} INFO - Sync 1 DAGs
[2024-01-13T12:22:18.742+0000] {logging_mixin.py:188} INFO - [2024-01-13T12:22:18.741+0000] {dag.py:3820} INFO - Setting next_dagrun for example_task_group to 2024-01-12T00:00:00+00:00, run_after=2024-01-13T00:00:00+00:00
[2024-01-13T12:22:18.764+0000] {processor.py:183} INFO - Processing /home/airflow/.local/lib/python3.8/site-packages/airflow/example_dags/example_task_group.py took 0.104 seconds
[2024-01-13T12:22:51.635+0000] {processor.py:161} INFO - Started process (PID=1916) to work on /home/airflow/.local/lib/python3.8/site-packages/airflow/example_dags/example_task_group.py
[2024-01-13T12:22:51.637+0000] {processor.py:830} INFO - Processing file /home/airflow/.local/lib/python3.8/site-packages/airflow/example_dags/example_task_group.py for tasks to queue
[2024-01-13T12:22:51.641+0000] {logging_mixin.py:188} INFO - [2024-01-13T12:22:51.641+0000] {dagbag.py:538} INFO - Filling up the DagBag from /home/airflow/.local/lib/python3.8/site-packages/airflow/example_dags/example_task_group.py
[2024-01-13T12:22:51.665+0000] {processor.py:840} INFO - DAG(s) 'example_task_group' retrieved from /home/airflow/.local/lib/python3.8/site-packages/airflow/example_dags/example_task_group.py
[2024-01-13T12:22:51.716+0000] {logging_mixin.py:188} INFO - [2024-01-13T12:22:51.716+0000] {dag.py:3033} INFO - Sync 1 DAGs
[2024-01-13T12:22:51.763+0000] {logging_mixin.py:188} INFO - [2024-01-13T12:22:51.762+0000] {dag.py:3820} INFO - Setting next_dagrun for example_task_group to 2024-01-12T00:00:00+00:00, run_after=2024-01-13T00:00:00+00:00
[2024-01-13T12:22:51.797+0000] {processor.py:183} INFO - Processing /home/airflow/.local/lib/python3.8/site-packages/airflow/example_dags/example_task_group.py took 0.176 seconds
[2024-01-13T12:23:23.567+0000] {processor.py:161} INFO - Started process (PID=1975) to work on /home/airflow/.local/lib/python3.8/site-packages/airflow/example_dags/example_task_group.py
[2024-01-13T12:23:23.570+0000] {processor.py:830} INFO - Processing file /home/airflow/.local/lib/python3.8/site-packages/airflow/example_dags/example_task_group.py for tasks to queue
[2024-01-13T12:23:23.574+0000] {logging_mixin.py:188} INFO - [2024-01-13T12:23:23.574+0000] {dagbag.py:538} INFO - Filling up the DagBag from /home/airflow/.local/lib/python3.8/site-packages/airflow/example_dags/example_task_group.py
[2024-01-13T12:23:23.587+0000] {processor.py:840} INFO - DAG(s) 'example_task_group' retrieved from /home/airflow/.local/lib/python3.8/site-packages/airflow/example_dags/example_task_group.py
[2024-01-13T12:23:23.616+0000] {logging_mixin.py:188} INFO - [2024-01-13T12:23:23.616+0000] {dag.py:3033} INFO - Sync 1 DAGs
[2024-01-13T12:23:23.646+0000] {logging_mixin.py:188} INFO - [2024-01-13T12:23:23.646+0000] {dag.py:3820} INFO - Setting next_dagrun for example_task_group to 2024-01-12T00:00:00+00:00, run_after=2024-01-13T00:00:00+00:00
[2024-01-13T12:23:23.673+0000] {processor.py:183} INFO - Processing /home/airflow/.local/lib/python3.8/site-packages/airflow/example_dags/example_task_group.py took 0.110 seconds
[2024-01-13T12:23:54.613+0000] {processor.py:161} INFO - Started process (PID=2037) to work on /home/airflow/.local/lib/python3.8/site-packages/airflow/example_dags/example_task_group.py
[2024-01-13T12:23:54.615+0000] {processor.py:830} INFO - Processing file /home/airflow/.local/lib/python3.8/site-packages/airflow/example_dags/example_task_group.py for tasks to queue
[2024-01-13T12:23:54.618+0000] {logging_mixin.py:188} INFO - [2024-01-13T12:23:54.618+0000] {dagbag.py:538} INFO - Filling up the DagBag from /home/airflow/.local/lib/python3.8/site-packages/airflow/example_dags/example_task_group.py
[2024-01-13T12:23:54.629+0000] {processor.py:840} INFO - DAG(s) 'example_task_group' retrieved from /home/airflow/.local/lib/python3.8/site-packages/airflow/example_dags/example_task_group.py
[2024-01-13T12:23:54.660+0000] {logging_mixin.py:188} INFO - [2024-01-13T12:23:54.660+0000] {dag.py:3033} INFO - Sync 1 DAGs
[2024-01-13T12:23:54.688+0000] {logging_mixin.py:188} INFO - [2024-01-13T12:23:54.688+0000] {dag.py:3820} INFO - Setting next_dagrun for example_task_group to 2024-01-12T00:00:00+00:00, run_after=2024-01-13T00:00:00+00:00
[2024-01-13T12:23:54.715+0000] {processor.py:183} INFO - Processing /home/airflow/.local/lib/python3.8/site-packages/airflow/example_dags/example_task_group.py took 0.109 seconds
[2024-01-13T12:24:25.062+0000] {processor.py:161} INFO - Started process (PID=2096) to work on /home/airflow/.local/lib/python3.8/site-packages/airflow/example_dags/example_task_group.py
[2024-01-13T12:24:25.064+0000] {processor.py:830} INFO - Processing file /home/airflow/.local/lib/python3.8/site-packages/airflow/example_dags/example_task_group.py for tasks to queue
[2024-01-13T12:24:25.067+0000] {logging_mixin.py:188} INFO - [2024-01-13T12:24:25.067+0000] {dagbag.py:538} INFO - Filling up the DagBag from /home/airflow/.local/lib/python3.8/site-packages/airflow/example_dags/example_task_group.py
[2024-01-13T12:24:25.078+0000] {processor.py:840} INFO - DAG(s) 'example_task_group' retrieved from /home/airflow/.local/lib/python3.8/site-packages/airflow/example_dags/example_task_group.py
[2024-01-13T12:24:25.111+0000] {logging_mixin.py:188} INFO - [2024-01-13T12:24:25.111+0000] {dag.py:3033} INFO - Sync 1 DAGs
[2024-01-13T12:24:25.146+0000] {logging_mixin.py:188} INFO - [2024-01-13T12:24:25.146+0000] {dag.py:3820} INFO - Setting next_dagrun for example_task_group to 2024-01-12T00:00:00+00:00, run_after=2024-01-13T00:00:00+00:00
[2024-01-13T12:24:25.174+0000] {processor.py:183} INFO - Processing /home/airflow/.local/lib/python3.8/site-packages/airflow/example_dags/example_task_group.py took 0.120 seconds
[2024-01-13T12:24:55.625+0000] {processor.py:161} INFO - Started process (PID=2156) to work on /home/airflow/.local/lib/python3.8/site-packages/airflow/example_dags/example_task_group.py
[2024-01-13T12:24:55.628+0000] {processor.py:830} INFO - Processing file /home/airflow/.local/lib/python3.8/site-packages/airflow/example_dags/example_task_group.py for tasks to queue
[2024-01-13T12:24:55.631+0000] {logging_mixin.py:188} INFO - [2024-01-13T12:24:55.631+0000] {dagbag.py:538} INFO - Filling up the DagBag from /home/airflow/.local/lib/python3.8/site-packages/airflow/example_dags/example_task_group.py
[2024-01-13T12:24:55.641+0000] {processor.py:840} INFO - DAG(s) 'example_task_group' retrieved from /home/airflow/.local/lib/python3.8/site-packages/airflow/example_dags/example_task_group.py
[2024-01-13T12:24:55.677+0000] {logging_mixin.py:188} INFO - [2024-01-13T12:24:55.677+0000] {dag.py:3033} INFO - Sync 1 DAGs
[2024-01-13T12:24:55.718+0000] {logging_mixin.py:188} INFO - [2024-01-13T12:24:55.717+0000] {dag.py:3820} INFO - Setting next_dagrun for example_task_group to 2024-01-12T00:00:00+00:00, run_after=2024-01-13T00:00:00+00:00
[2024-01-13T12:24:55.752+0000] {processor.py:183} INFO - Processing /home/airflow/.local/lib/python3.8/site-packages/airflow/example_dags/example_task_group.py took 0.132 seconds
