[2024-01-13T11:57:43.960+0000] {processor.py:161} INFO - Started process (PID=55) to work on /home/airflow/.local/lib/python3.8/site-packages/airflow/example_dags/example_python_decorator.py
[2024-01-13T11:57:43.962+0000] {processor.py:830} INFO - Processing file /home/airflow/.local/lib/python3.8/site-packages/airflow/example_dags/example_python_decorator.py for tasks to queue
[2024-01-13T11:57:43.975+0000] {logging_mixin.py:188} INFO - [2024-01-13T11:57:43.974+0000] {dagbag.py:538} INFO - Filling up the DagBag from /home/airflow/.local/lib/python3.8/site-packages/airflow/example_dags/example_python_decorator.py
[2024-01-13T11:57:44.006+0000] {processor.py:840} INFO - DAG(s) 'example_python_decorator' retrieved from /home/airflow/.local/lib/python3.8/site-packages/airflow/example_dags/example_python_decorator.py
[2024-01-13T11:57:44.218+0000] {logging_mixin.py:188} INFO - [2024-01-13T11:57:44.217+0000] {override.py:1769} INFO - Created Permission View: can edit on DAG:example_python_decorator
[2024-01-13T11:57:44.252+0000] {logging_mixin.py:188} INFO - [2024-01-13T11:57:44.251+0000] {override.py:1769} INFO - Created Permission View: can read on DAG:example_python_decorator
[2024-01-13T11:57:44.270+0000] {logging_mixin.py:188} INFO - [2024-01-13T11:57:44.269+0000] {override.py:1769} INFO - Created Permission View: can delete on DAG:example_python_decorator
[2024-01-13T11:57:44.270+0000] {logging_mixin.py:188} INFO - [2024-01-13T11:57:44.270+0000] {dag.py:3033} INFO - Sync 1 DAGs
[2024-01-13T11:57:44.313+0000] {logging_mixin.py:188} INFO - [2024-01-13T11:57:44.312+0000] {dag.py:3055} INFO - Creating ORM DAG for example_python_decorator
[2024-01-13T11:57:44.314+0000] {logging_mixin.py:188} INFO - [2024-01-13T11:57:44.314+0000] {dag.py:3820} INFO - Setting next_dagrun for example_python_decorator to None, run_after=None
[2024-01-13T11:57:44.343+0000] {processor.py:183} INFO - Processing /home/airflow/.local/lib/python3.8/site-packages/airflow/example_dags/example_python_decorator.py took 0.398 seconds
[2024-01-13T11:58:14.628+0000] {processor.py:161} INFO - Started process (PID=113) to work on /home/airflow/.local/lib/python3.8/site-packages/airflow/example_dags/example_python_decorator.py
[2024-01-13T11:58:14.629+0000] {processor.py:830} INFO - Processing file /home/airflow/.local/lib/python3.8/site-packages/airflow/example_dags/example_python_decorator.py for tasks to queue
[2024-01-13T11:58:14.634+0000] {logging_mixin.py:188} INFO - [2024-01-13T11:58:14.633+0000] {dagbag.py:538} INFO - Filling up the DagBag from /home/airflow/.local/lib/python3.8/site-packages/airflow/example_dags/example_python_decorator.py
[2024-01-13T11:58:14.650+0000] {processor.py:840} INFO - DAG(s) 'example_python_decorator' retrieved from /home/airflow/.local/lib/python3.8/site-packages/airflow/example_dags/example_python_decorator.py
[2024-01-13T11:58:14.684+0000] {logging_mixin.py:188} INFO - [2024-01-13T11:58:14.684+0000] {dag.py:3033} INFO - Sync 1 DAGs
[2024-01-13T11:58:14.700+0000] {logging_mixin.py:188} INFO - [2024-01-13T11:58:14.699+0000] {dag.py:3820} INFO - Setting next_dagrun for example_python_decorator to None, run_after=None
[2024-01-13T11:58:14.724+0000] {processor.py:183} INFO - Processing /home/airflow/.local/lib/python3.8/site-packages/airflow/example_dags/example_python_decorator.py took 0.102 seconds
[2024-01-13T11:58:44.805+0000] {processor.py:161} INFO - Started process (PID=172) to work on /home/airflow/.local/lib/python3.8/site-packages/airflow/example_dags/example_python_decorator.py
[2024-01-13T11:58:44.806+0000] {processor.py:830} INFO - Processing file /home/airflow/.local/lib/python3.8/site-packages/airflow/example_dags/example_python_decorator.py for tasks to queue
[2024-01-13T11:58:44.809+0000] {logging_mixin.py:188} INFO - [2024-01-13T11:58:44.809+0000] {dagbag.py:538} INFO - Filling up the DagBag from /home/airflow/.local/lib/python3.8/site-packages/airflow/example_dags/example_python_decorator.py
[2024-01-13T11:58:44.827+0000] {processor.py:840} INFO - DAG(s) 'example_python_decorator' retrieved from /home/airflow/.local/lib/python3.8/site-packages/airflow/example_dags/example_python_decorator.py
[2024-01-13T11:58:44.857+0000] {logging_mixin.py:188} INFO - [2024-01-13T11:58:44.857+0000] {dag.py:3033} INFO - Sync 1 DAGs
[2024-01-13T11:58:44.874+0000] {logging_mixin.py:188} INFO - [2024-01-13T11:58:44.874+0000] {dag.py:3820} INFO - Setting next_dagrun for example_python_decorator to None, run_after=None
[2024-01-13T11:58:44.897+0000] {processor.py:183} INFO - Processing /home/airflow/.local/lib/python3.8/site-packages/airflow/example_dags/example_python_decorator.py took 0.096 seconds
[2024-01-13T11:59:15.072+0000] {processor.py:161} INFO - Started process (PID=235) to work on /home/airflow/.local/lib/python3.8/site-packages/airflow/example_dags/example_python_decorator.py
[2024-01-13T11:59:15.074+0000] {processor.py:830} INFO - Processing file /home/airflow/.local/lib/python3.8/site-packages/airflow/example_dags/example_python_decorator.py for tasks to queue
[2024-01-13T11:59:15.077+0000] {logging_mixin.py:188} INFO - [2024-01-13T11:59:15.077+0000] {dagbag.py:538} INFO - Filling up the DagBag from /home/airflow/.local/lib/python3.8/site-packages/airflow/example_dags/example_python_decorator.py
[2024-01-13T11:59:15.091+0000] {processor.py:840} INFO - DAG(s) 'example_python_decorator' retrieved from /home/airflow/.local/lib/python3.8/site-packages/airflow/example_dags/example_python_decorator.py
[2024-01-13T11:59:15.121+0000] {logging_mixin.py:188} INFO - [2024-01-13T11:59:15.121+0000] {dag.py:3033} INFO - Sync 1 DAGs
[2024-01-13T11:59:15.137+0000] {logging_mixin.py:188} INFO - [2024-01-13T11:59:15.137+0000] {dag.py:3820} INFO - Setting next_dagrun for example_python_decorator to None, run_after=None
[2024-01-13T11:59:15.162+0000] {processor.py:183} INFO - Processing /home/airflow/.local/lib/python3.8/site-packages/airflow/example_dags/example_python_decorator.py took 0.095 seconds
[2024-01-13T11:59:46.079+0000] {processor.py:161} INFO - Started process (PID=295) to work on /home/airflow/.local/lib/python3.8/site-packages/airflow/example_dags/example_python_decorator.py
[2024-01-13T11:59:46.081+0000] {processor.py:830} INFO - Processing file /home/airflow/.local/lib/python3.8/site-packages/airflow/example_dags/example_python_decorator.py for tasks to queue
[2024-01-13T11:59:46.084+0000] {logging_mixin.py:188} INFO - [2024-01-13T11:59:46.084+0000] {dagbag.py:538} INFO - Filling up the DagBag from /home/airflow/.local/lib/python3.8/site-packages/airflow/example_dags/example_python_decorator.py
[2024-01-13T11:59:46.099+0000] {processor.py:840} INFO - DAG(s) 'example_python_decorator' retrieved from /home/airflow/.local/lib/python3.8/site-packages/airflow/example_dags/example_python_decorator.py
[2024-01-13T11:59:46.131+0000] {logging_mixin.py:188} INFO - [2024-01-13T11:59:46.130+0000] {dag.py:3033} INFO - Sync 1 DAGs
[2024-01-13T11:59:46.148+0000] {logging_mixin.py:188} INFO - [2024-01-13T11:59:46.148+0000] {dag.py:3820} INFO - Setting next_dagrun for example_python_decorator to None, run_after=None
[2024-01-13T11:59:46.174+0000] {processor.py:183} INFO - Processing /home/airflow/.local/lib/python3.8/site-packages/airflow/example_dags/example_python_decorator.py took 0.100 seconds
[2024-01-13T12:00:17.214+0000] {processor.py:161} INFO - Started process (PID=353) to work on /home/airflow/.local/lib/python3.8/site-packages/airflow/example_dags/example_python_decorator.py
[2024-01-13T12:00:17.215+0000] {processor.py:830} INFO - Processing file /home/airflow/.local/lib/python3.8/site-packages/airflow/example_dags/example_python_decorator.py for tasks to queue
[2024-01-13T12:00:17.218+0000] {logging_mixin.py:188} INFO - [2024-01-13T12:00:17.217+0000] {dagbag.py:538} INFO - Filling up the DagBag from /home/airflow/.local/lib/python3.8/site-packages/airflow/example_dags/example_python_decorator.py
[2024-01-13T12:00:17.232+0000] {processor.py:840} INFO - DAG(s) 'example_python_decorator' retrieved from /home/airflow/.local/lib/python3.8/site-packages/airflow/example_dags/example_python_decorator.py
[2024-01-13T12:00:17.261+0000] {logging_mixin.py:188} INFO - [2024-01-13T12:00:17.261+0000] {dag.py:3033} INFO - Sync 1 DAGs
[2024-01-13T12:00:17.278+0000] {logging_mixin.py:188} INFO - [2024-01-13T12:00:17.278+0000] {dag.py:3820} INFO - Setting next_dagrun for example_python_decorator to None, run_after=None
[2024-01-13T12:00:17.301+0000] {processor.py:183} INFO - Processing /home/airflow/.local/lib/python3.8/site-packages/airflow/example_dags/example_python_decorator.py took 0.092 seconds
[2024-01-13T12:00:47.747+0000] {processor.py:161} INFO - Started process (PID=411) to work on /home/airflow/.local/lib/python3.8/site-packages/airflow/example_dags/example_python_decorator.py
[2024-01-13T12:00:47.749+0000] {processor.py:830} INFO - Processing file /home/airflow/.local/lib/python3.8/site-packages/airflow/example_dags/example_python_decorator.py for tasks to queue
[2024-01-13T12:00:47.752+0000] {logging_mixin.py:188} INFO - [2024-01-13T12:00:47.752+0000] {dagbag.py:538} INFO - Filling up the DagBag from /home/airflow/.local/lib/python3.8/site-packages/airflow/example_dags/example_python_decorator.py
[2024-01-13T12:00:47.770+0000] {processor.py:840} INFO - DAG(s) 'example_python_decorator' retrieved from /home/airflow/.local/lib/python3.8/site-packages/airflow/example_dags/example_python_decorator.py
[2024-01-13T12:00:47.800+0000] {logging_mixin.py:188} INFO - [2024-01-13T12:00:47.800+0000] {dag.py:3033} INFO - Sync 1 DAGs
[2024-01-13T12:00:47.816+0000] {logging_mixin.py:188} INFO - [2024-01-13T12:00:47.816+0000] {dag.py:3820} INFO - Setting next_dagrun for example_python_decorator to None, run_after=None
[2024-01-13T12:00:47.839+0000] {processor.py:183} INFO - Processing /home/airflow/.local/lib/python3.8/site-packages/airflow/example_dags/example_python_decorator.py took 0.097 seconds
[2024-01-13T12:01:18.102+0000] {processor.py:161} INFO - Started process (PID=470) to work on /home/airflow/.local/lib/python3.8/site-packages/airflow/example_dags/example_python_decorator.py
[2024-01-13T12:01:18.103+0000] {processor.py:830} INFO - Processing file /home/airflow/.local/lib/python3.8/site-packages/airflow/example_dags/example_python_decorator.py for tasks to queue
[2024-01-13T12:01:18.107+0000] {logging_mixin.py:188} INFO - [2024-01-13T12:01:18.107+0000] {dagbag.py:538} INFO - Filling up the DagBag from /home/airflow/.local/lib/python3.8/site-packages/airflow/example_dags/example_python_decorator.py
[2024-01-13T12:01:18.120+0000] {processor.py:840} INFO - DAG(s) 'example_python_decorator' retrieved from /home/airflow/.local/lib/python3.8/site-packages/airflow/example_dags/example_python_decorator.py
[2024-01-13T12:01:18.155+0000] {logging_mixin.py:188} INFO - [2024-01-13T12:01:18.154+0000] {dag.py:3033} INFO - Sync 1 DAGs
[2024-01-13T12:01:18.176+0000] {logging_mixin.py:188} INFO - [2024-01-13T12:01:18.175+0000] {dag.py:3820} INFO - Setting next_dagrun for example_python_decorator to None, run_after=None
[2024-01-13T12:01:18.200+0000] {processor.py:183} INFO - Processing /home/airflow/.local/lib/python3.8/site-packages/airflow/example_dags/example_python_decorator.py took 0.105 seconds
[2024-01-13T12:01:48.442+0000] {processor.py:161} INFO - Started process (PID=529) to work on /home/airflow/.local/lib/python3.8/site-packages/airflow/example_dags/example_python_decorator.py
[2024-01-13T12:01:48.445+0000] {processor.py:830} INFO - Processing file /home/airflow/.local/lib/python3.8/site-packages/airflow/example_dags/example_python_decorator.py for tasks to queue
[2024-01-13T12:01:48.447+0000] {logging_mixin.py:188} INFO - [2024-01-13T12:01:48.447+0000] {dagbag.py:538} INFO - Filling up the DagBag from /home/airflow/.local/lib/python3.8/site-packages/airflow/example_dags/example_python_decorator.py
[2024-01-13T12:01:48.462+0000] {processor.py:840} INFO - DAG(s) 'example_python_decorator' retrieved from /home/airflow/.local/lib/python3.8/site-packages/airflow/example_dags/example_python_decorator.py
[2024-01-13T12:01:48.493+0000] {logging_mixin.py:188} INFO - [2024-01-13T12:01:48.493+0000] {dag.py:3033} INFO - Sync 1 DAGs
[2024-01-13T12:01:48.511+0000] {logging_mixin.py:188} INFO - [2024-01-13T12:01:48.510+0000] {dag.py:3820} INFO - Setting next_dagrun for example_python_decorator to None, run_after=None
[2024-01-13T12:01:48.535+0000] {processor.py:183} INFO - Processing /home/airflow/.local/lib/python3.8/site-packages/airflow/example_dags/example_python_decorator.py took 0.100 seconds
[2024-01-13T12:02:19.031+0000] {processor.py:161} INFO - Started process (PID=597) to work on /home/airflow/.local/lib/python3.8/site-packages/airflow/example_dags/example_python_decorator.py
[2024-01-13T12:02:19.032+0000] {processor.py:830} INFO - Processing file /home/airflow/.local/lib/python3.8/site-packages/airflow/example_dags/example_python_decorator.py for tasks to queue
[2024-01-13T12:02:19.035+0000] {logging_mixin.py:188} INFO - [2024-01-13T12:02:19.034+0000] {dagbag.py:538} INFO - Filling up the DagBag from /home/airflow/.local/lib/python3.8/site-packages/airflow/example_dags/example_python_decorator.py
[2024-01-13T12:02:19.047+0000] {processor.py:840} INFO - DAG(s) 'example_python_decorator' retrieved from /home/airflow/.local/lib/python3.8/site-packages/airflow/example_dags/example_python_decorator.py
[2024-01-13T12:02:19.075+0000] {logging_mixin.py:188} INFO - [2024-01-13T12:02:19.075+0000] {dag.py:3033} INFO - Sync 1 DAGs
[2024-01-13T12:02:19.091+0000] {logging_mixin.py:188} INFO - [2024-01-13T12:02:19.090+0000] {dag.py:3820} INFO - Setting next_dagrun for example_python_decorator to None, run_after=None
[2024-01-13T12:02:19.113+0000] {processor.py:183} INFO - Processing /home/airflow/.local/lib/python3.8/site-packages/airflow/example_dags/example_python_decorator.py took 0.088 seconds
[2024-01-13T12:02:49.228+0000] {processor.py:161} INFO - Started process (PID=676) to work on /home/airflow/.local/lib/python3.8/site-packages/airflow/example_dags/example_python_decorator.py
[2024-01-13T12:02:49.233+0000] {processor.py:830} INFO - Processing file /home/airflow/.local/lib/python3.8/site-packages/airflow/example_dags/example_python_decorator.py for tasks to queue
[2024-01-13T12:02:49.238+0000] {logging_mixin.py:188} INFO - [2024-01-13T12:02:49.237+0000] {dagbag.py:538} INFO - Filling up the DagBag from /home/airflow/.local/lib/python3.8/site-packages/airflow/example_dags/example_python_decorator.py
[2024-01-13T12:02:49.264+0000] {processor.py:840} INFO - DAG(s) 'example_python_decorator' retrieved from /home/airflow/.local/lib/python3.8/site-packages/airflow/example_dags/example_python_decorator.py
[2024-01-13T12:02:49.318+0000] {logging_mixin.py:188} INFO - [2024-01-13T12:02:49.317+0000] {dag.py:3033} INFO - Sync 1 DAGs
[2024-01-13T12:02:49.344+0000] {logging_mixin.py:188} INFO - [2024-01-13T12:02:49.344+0000] {dag.py:3820} INFO - Setting next_dagrun for example_python_decorator to None, run_after=None
[2024-01-13T12:02:49.386+0000] {processor.py:183} INFO - Processing /home/airflow/.local/lib/python3.8/site-packages/airflow/example_dags/example_python_decorator.py took 0.168 seconds
[2024-01-13T12:07:40.006+0000] {processor.py:161} INFO - Started process (PID=50) to work on /home/airflow/.local/lib/python3.8/site-packages/airflow/example_dags/example_python_decorator.py
[2024-01-13T12:07:40.014+0000] {processor.py:830} INFO - Processing file /home/airflow/.local/lib/python3.8/site-packages/airflow/example_dags/example_python_decorator.py for tasks to queue
[2024-01-13T12:07:40.033+0000] {logging_mixin.py:188} INFO - [2024-01-13T12:07:40.032+0000] {dagbag.py:538} INFO - Filling up the DagBag from /home/airflow/.local/lib/python3.8/site-packages/airflow/example_dags/example_python_decorator.py
[2024-01-13T12:07:40.058+0000] {processor.py:840} INFO - DAG(s) 'example_python_decorator' retrieved from /home/airflow/.local/lib/python3.8/site-packages/airflow/example_dags/example_python_decorator.py
[2024-01-13T12:07:40.078+0000] {logging_mixin.py:188} INFO - [2024-01-13T12:07:40.078+0000] {dag.py:3033} INFO - Sync 1 DAGs
[2024-01-13T12:07:40.105+0000] {logging_mixin.py:188} INFO - [2024-01-13T12:07:40.105+0000] {dag.py:3820} INFO - Setting next_dagrun for example_python_decorator to None, run_after=None
[2024-01-13T12:07:40.161+0000] {processor.py:183} INFO - Processing /home/airflow/.local/lib/python3.8/site-packages/airflow/example_dags/example_python_decorator.py took 0.179 seconds
[2024-01-13T12:08:13.298+0000] {processor.py:161} INFO - Started process (PID=142) to work on /home/airflow/.local/lib/python3.8/site-packages/airflow/example_dags/example_python_decorator.py
[2024-01-13T12:08:13.302+0000] {processor.py:830} INFO - Processing file /home/airflow/.local/lib/python3.8/site-packages/airflow/example_dags/example_python_decorator.py for tasks to queue
[2024-01-13T12:08:13.307+0000] {logging_mixin.py:188} INFO - [2024-01-13T12:08:13.306+0000] {dagbag.py:538} INFO - Filling up the DagBag from /home/airflow/.local/lib/python3.8/site-packages/airflow/example_dags/example_python_decorator.py
[2024-01-13T12:08:13.338+0000] {processor.py:840} INFO - DAG(s) 'example_python_decorator' retrieved from /home/airflow/.local/lib/python3.8/site-packages/airflow/example_dags/example_python_decorator.py
[2024-01-13T12:08:13.731+0000] {logging_mixin.py:188} INFO - [2024-01-13T12:08:13.731+0000] {dag.py:3033} INFO - Sync 1 DAGs
[2024-01-13T12:08:13.757+0000] {logging_mixin.py:188} INFO - [2024-01-13T12:08:13.757+0000] {dag.py:3820} INFO - Setting next_dagrun for example_python_decorator to None, run_after=None
[2024-01-13T12:08:13.800+0000] {processor.py:183} INFO - Processing /home/airflow/.local/lib/python3.8/site-packages/airflow/example_dags/example_python_decorator.py took 0.521 seconds
[2024-01-13T12:08:44.614+0000] {processor.py:161} INFO - Started process (PID=201) to work on /home/airflow/.local/lib/python3.8/site-packages/airflow/example_dags/example_python_decorator.py
[2024-01-13T12:08:44.616+0000] {processor.py:830} INFO - Processing file /home/airflow/.local/lib/python3.8/site-packages/airflow/example_dags/example_python_decorator.py for tasks to queue
[2024-01-13T12:08:44.620+0000] {logging_mixin.py:188} INFO - [2024-01-13T12:08:44.619+0000] {dagbag.py:538} INFO - Filling up the DagBag from /home/airflow/.local/lib/python3.8/site-packages/airflow/example_dags/example_python_decorator.py
[2024-01-13T12:08:44.635+0000] {processor.py:840} INFO - DAG(s) 'example_python_decorator' retrieved from /home/airflow/.local/lib/python3.8/site-packages/airflow/example_dags/example_python_decorator.py
[2024-01-13T12:08:44.666+0000] {logging_mixin.py:188} INFO - [2024-01-13T12:08:44.666+0000] {dag.py:3033} INFO - Sync 1 DAGs
[2024-01-13T12:08:44.683+0000] {logging_mixin.py:188} INFO - [2024-01-13T12:08:44.683+0000] {dag.py:3820} INFO - Setting next_dagrun for example_python_decorator to None, run_after=None
[2024-01-13T12:08:44.705+0000] {processor.py:183} INFO - Processing /home/airflow/.local/lib/python3.8/site-packages/airflow/example_dags/example_python_decorator.py took 0.097 seconds
[2024-01-13T12:09:15.229+0000] {processor.py:161} INFO - Started process (PID=261) to work on /home/airflow/.local/lib/python3.8/site-packages/airflow/example_dags/example_python_decorator.py
[2024-01-13T12:09:15.230+0000] {processor.py:830} INFO - Processing file /home/airflow/.local/lib/python3.8/site-packages/airflow/example_dags/example_python_decorator.py for tasks to queue
[2024-01-13T12:09:15.235+0000] {logging_mixin.py:188} INFO - [2024-01-13T12:09:15.234+0000] {dagbag.py:538} INFO - Filling up the DagBag from /home/airflow/.local/lib/python3.8/site-packages/airflow/example_dags/example_python_decorator.py
[2024-01-13T12:09:15.249+0000] {processor.py:840} INFO - DAG(s) 'example_python_decorator' retrieved from /home/airflow/.local/lib/python3.8/site-packages/airflow/example_dags/example_python_decorator.py
[2024-01-13T12:09:15.279+0000] {logging_mixin.py:188} INFO - [2024-01-13T12:09:15.279+0000] {dag.py:3033} INFO - Sync 1 DAGs
[2024-01-13T12:09:15.296+0000] {logging_mixin.py:188} INFO - [2024-01-13T12:09:15.296+0000] {dag.py:3820} INFO - Setting next_dagrun for example_python_decorator to None, run_after=None
[2024-01-13T12:09:15.321+0000] {processor.py:183} INFO - Processing /home/airflow/.local/lib/python3.8/site-packages/airflow/example_dags/example_python_decorator.py took 0.099 seconds
[2024-01-13T12:09:45.579+0000] {processor.py:161} INFO - Started process (PID=320) to work on /home/airflow/.local/lib/python3.8/site-packages/airflow/example_dags/example_python_decorator.py
[2024-01-13T12:09:45.581+0000] {processor.py:830} INFO - Processing file /home/airflow/.local/lib/python3.8/site-packages/airflow/example_dags/example_python_decorator.py for tasks to queue
[2024-01-13T12:09:45.585+0000] {logging_mixin.py:188} INFO - [2024-01-13T12:09:45.585+0000] {dagbag.py:538} INFO - Filling up the DagBag from /home/airflow/.local/lib/python3.8/site-packages/airflow/example_dags/example_python_decorator.py
[2024-01-13T12:09:45.599+0000] {processor.py:840} INFO - DAG(s) 'example_python_decorator' retrieved from /home/airflow/.local/lib/python3.8/site-packages/airflow/example_dags/example_python_decorator.py
[2024-01-13T12:09:45.627+0000] {logging_mixin.py:188} INFO - [2024-01-13T12:09:45.626+0000] {dag.py:3033} INFO - Sync 1 DAGs
[2024-01-13T12:09:45.643+0000] {logging_mixin.py:188} INFO - [2024-01-13T12:09:45.642+0000] {dag.py:3820} INFO - Setting next_dagrun for example_python_decorator to None, run_after=None
[2024-01-13T12:09:45.664+0000] {processor.py:183} INFO - Processing /home/airflow/.local/lib/python3.8/site-packages/airflow/example_dags/example_python_decorator.py took 0.089 seconds
[2024-01-13T12:10:16.400+0000] {processor.py:161} INFO - Started process (PID=379) to work on /home/airflow/.local/lib/python3.8/site-packages/airflow/example_dags/example_python_decorator.py
[2024-01-13T12:10:16.403+0000] {processor.py:830} INFO - Processing file /home/airflow/.local/lib/python3.8/site-packages/airflow/example_dags/example_python_decorator.py for tasks to queue
[2024-01-13T12:10:16.406+0000] {logging_mixin.py:188} INFO - [2024-01-13T12:10:16.406+0000] {dagbag.py:538} INFO - Filling up the DagBag from /home/airflow/.local/lib/python3.8/site-packages/airflow/example_dags/example_python_decorator.py
[2024-01-13T12:10:16.419+0000] {processor.py:840} INFO - DAG(s) 'example_python_decorator' retrieved from /home/airflow/.local/lib/python3.8/site-packages/airflow/example_dags/example_python_decorator.py
[2024-01-13T12:10:16.448+0000] {logging_mixin.py:188} INFO - [2024-01-13T12:10:16.448+0000] {dag.py:3033} INFO - Sync 1 DAGs
[2024-01-13T12:10:16.464+0000] {logging_mixin.py:188} INFO - [2024-01-13T12:10:16.464+0000] {dag.py:3820} INFO - Setting next_dagrun for example_python_decorator to None, run_after=None
[2024-01-13T12:10:16.488+0000] {processor.py:183} INFO - Processing /home/airflow/.local/lib/python3.8/site-packages/airflow/example_dags/example_python_decorator.py took 0.095 seconds
[2024-01-13T12:10:46.684+0000] {processor.py:161} INFO - Started process (PID=438) to work on /home/airflow/.local/lib/python3.8/site-packages/airflow/example_dags/example_python_decorator.py
[2024-01-13T12:10:46.685+0000] {processor.py:830} INFO - Processing file /home/airflow/.local/lib/python3.8/site-packages/airflow/example_dags/example_python_decorator.py for tasks to queue
[2024-01-13T12:10:46.688+0000] {logging_mixin.py:188} INFO - [2024-01-13T12:10:46.688+0000] {dagbag.py:538} INFO - Filling up the DagBag from /home/airflow/.local/lib/python3.8/site-packages/airflow/example_dags/example_python_decorator.py
[2024-01-13T12:10:46.701+0000] {processor.py:840} INFO - DAG(s) 'example_python_decorator' retrieved from /home/airflow/.local/lib/python3.8/site-packages/airflow/example_dags/example_python_decorator.py
[2024-01-13T12:10:46.731+0000] {logging_mixin.py:188} INFO - [2024-01-13T12:10:46.731+0000] {dag.py:3033} INFO - Sync 1 DAGs
[2024-01-13T12:10:46.747+0000] {logging_mixin.py:188} INFO - [2024-01-13T12:10:46.746+0000] {dag.py:3820} INFO - Setting next_dagrun for example_python_decorator to None, run_after=None
[2024-01-13T12:10:46.774+0000] {processor.py:183} INFO - Processing /home/airflow/.local/lib/python3.8/site-packages/airflow/example_dags/example_python_decorator.py took 0.095 seconds
[2024-01-13T12:11:17.113+0000] {processor.py:161} INFO - Started process (PID=497) to work on /home/airflow/.local/lib/python3.8/site-packages/airflow/example_dags/example_python_decorator.py
[2024-01-13T12:11:17.114+0000] {processor.py:830} INFO - Processing file /home/airflow/.local/lib/python3.8/site-packages/airflow/example_dags/example_python_decorator.py for tasks to queue
[2024-01-13T12:11:17.117+0000] {logging_mixin.py:188} INFO - [2024-01-13T12:11:17.117+0000] {dagbag.py:538} INFO - Filling up the DagBag from /home/airflow/.local/lib/python3.8/site-packages/airflow/example_dags/example_python_decorator.py
[2024-01-13T12:11:17.130+0000] {processor.py:840} INFO - DAG(s) 'example_python_decorator' retrieved from /home/airflow/.local/lib/python3.8/site-packages/airflow/example_dags/example_python_decorator.py
[2024-01-13T12:11:17.162+0000] {logging_mixin.py:188} INFO - [2024-01-13T12:11:17.162+0000] {dag.py:3033} INFO - Sync 1 DAGs
[2024-01-13T12:11:17.178+0000] {logging_mixin.py:188} INFO - [2024-01-13T12:11:17.178+0000] {dag.py:3820} INFO - Setting next_dagrun for example_python_decorator to None, run_after=None
[2024-01-13T12:11:17.205+0000] {processor.py:183} INFO - Processing /home/airflow/.local/lib/python3.8/site-packages/airflow/example_dags/example_python_decorator.py took 0.097 seconds
[2024-01-13T12:11:48.342+0000] {processor.py:161} INFO - Started process (PID=556) to work on /home/airflow/.local/lib/python3.8/site-packages/airflow/example_dags/example_python_decorator.py
[2024-01-13T12:11:48.344+0000] {processor.py:830} INFO - Processing file /home/airflow/.local/lib/python3.8/site-packages/airflow/example_dags/example_python_decorator.py for tasks to queue
[2024-01-13T12:11:48.348+0000] {logging_mixin.py:188} INFO - [2024-01-13T12:11:48.348+0000] {dagbag.py:538} INFO - Filling up the DagBag from /home/airflow/.local/lib/python3.8/site-packages/airflow/example_dags/example_python_decorator.py
[2024-01-13T12:11:48.367+0000] {processor.py:840} INFO - DAG(s) 'example_python_decorator' retrieved from /home/airflow/.local/lib/python3.8/site-packages/airflow/example_dags/example_python_decorator.py
[2024-01-13T12:11:48.407+0000] {logging_mixin.py:188} INFO - [2024-01-13T12:11:48.406+0000] {dag.py:3033} INFO - Sync 1 DAGs
[2024-01-13T12:11:48.422+0000] {logging_mixin.py:188} INFO - [2024-01-13T12:11:48.422+0000] {dag.py:3820} INFO - Setting next_dagrun for example_python_decorator to None, run_after=None
[2024-01-13T12:11:48.443+0000] {processor.py:183} INFO - Processing /home/airflow/.local/lib/python3.8/site-packages/airflow/example_dags/example_python_decorator.py took 0.109 seconds
[2024-01-13T12:12:19.593+0000] {processor.py:161} INFO - Started process (PID=615) to work on /home/airflow/.local/lib/python3.8/site-packages/airflow/example_dags/example_python_decorator.py
[2024-01-13T12:12:19.595+0000] {processor.py:830} INFO - Processing file /home/airflow/.local/lib/python3.8/site-packages/airflow/example_dags/example_python_decorator.py for tasks to queue
[2024-01-13T12:12:19.600+0000] {logging_mixin.py:188} INFO - [2024-01-13T12:12:19.599+0000] {dagbag.py:538} INFO - Filling up the DagBag from /home/airflow/.local/lib/python3.8/site-packages/airflow/example_dags/example_python_decorator.py
[2024-01-13T12:12:19.619+0000] {processor.py:840} INFO - DAG(s) 'example_python_decorator' retrieved from /home/airflow/.local/lib/python3.8/site-packages/airflow/example_dags/example_python_decorator.py
[2024-01-13T12:12:19.660+0000] {logging_mixin.py:188} INFO - [2024-01-13T12:12:19.659+0000] {dag.py:3033} INFO - Sync 1 DAGs
[2024-01-13T12:12:19.678+0000] {logging_mixin.py:188} INFO - [2024-01-13T12:12:19.677+0000] {dag.py:3820} INFO - Setting next_dagrun for example_python_decorator to None, run_after=None
[2024-01-13T12:12:19.700+0000] {processor.py:183} INFO - Processing /home/airflow/.local/lib/python3.8/site-packages/airflow/example_dags/example_python_decorator.py took 0.112 seconds
[2024-01-13T12:12:51.456+0000] {processor.py:161} INFO - Started process (PID=674) to work on /home/airflow/.local/lib/python3.8/site-packages/airflow/example_dags/example_python_decorator.py
[2024-01-13T12:12:51.457+0000] {processor.py:830} INFO - Processing file /home/airflow/.local/lib/python3.8/site-packages/airflow/example_dags/example_python_decorator.py for tasks to queue
[2024-01-13T12:12:51.461+0000] {logging_mixin.py:188} INFO - [2024-01-13T12:12:51.460+0000] {dagbag.py:538} INFO - Filling up the DagBag from /home/airflow/.local/lib/python3.8/site-packages/airflow/example_dags/example_python_decorator.py
[2024-01-13T12:12:51.479+0000] {processor.py:840} INFO - DAG(s) 'example_python_decorator' retrieved from /home/airflow/.local/lib/python3.8/site-packages/airflow/example_dags/example_python_decorator.py
[2024-01-13T12:12:51.520+0000] {logging_mixin.py:188} INFO - [2024-01-13T12:12:51.520+0000] {dag.py:3033} INFO - Sync 1 DAGs
[2024-01-13T12:12:51.544+0000] {logging_mixin.py:188} INFO - [2024-01-13T12:12:51.543+0000] {dag.py:3820} INFO - Setting next_dagrun for example_python_decorator to None, run_after=None
[2024-01-13T12:12:51.574+0000] {processor.py:183} INFO - Processing /home/airflow/.local/lib/python3.8/site-packages/airflow/example_dags/example_python_decorator.py took 0.124 seconds
[2024-01-13T12:13:26.041+0000] {processor.py:161} INFO - Started process (PID=747) to work on /home/airflow/.local/lib/python3.8/site-packages/airflow/example_dags/example_python_decorator.py
[2024-01-13T12:13:26.050+0000] {processor.py:830} INFO - Processing file /home/airflow/.local/lib/python3.8/site-packages/airflow/example_dags/example_python_decorator.py for tasks to queue
[2024-01-13T12:13:26.061+0000] {logging_mixin.py:188} INFO - [2024-01-13T12:13:26.061+0000] {dagbag.py:538} INFO - Filling up the DagBag from /home/airflow/.local/lib/python3.8/site-packages/airflow/example_dags/example_python_decorator.py
[2024-01-13T12:13:26.104+0000] {processor.py:840} INFO - DAG(s) 'example_python_decorator' retrieved from /home/airflow/.local/lib/python3.8/site-packages/airflow/example_dags/example_python_decorator.py
[2024-01-13T12:13:26.221+0000] {logging_mixin.py:188} INFO - [2024-01-13T12:13:26.221+0000] {dag.py:3033} INFO - Sync 1 DAGs
[2024-01-13T12:13:26.296+0000] {logging_mixin.py:188} INFO - [2024-01-13T12:13:26.295+0000] {dag.py:3820} INFO - Setting next_dagrun for example_python_decorator to None, run_after=None
[2024-01-13T12:13:26.383+0000] {processor.py:183} INFO - Processing /home/airflow/.local/lib/python3.8/site-packages/airflow/example_dags/example_python_decorator.py took 0.358 seconds
[2024-01-13T12:13:56.453+0000] {processor.py:161} INFO - Started process (PID=807) to work on /home/airflow/.local/lib/python3.8/site-packages/airflow/example_dags/example_python_decorator.py
[2024-01-13T12:13:56.454+0000] {processor.py:830} INFO - Processing file /home/airflow/.local/lib/python3.8/site-packages/airflow/example_dags/example_python_decorator.py for tasks to queue
[2024-01-13T12:13:56.456+0000] {logging_mixin.py:188} INFO - [2024-01-13T12:13:56.456+0000] {dagbag.py:538} INFO - Filling up the DagBag from /home/airflow/.local/lib/python3.8/site-packages/airflow/example_dags/example_python_decorator.py
[2024-01-13T12:13:56.470+0000] {processor.py:840} INFO - DAG(s) 'example_python_decorator' retrieved from /home/airflow/.local/lib/python3.8/site-packages/airflow/example_dags/example_python_decorator.py
[2024-01-13T12:13:56.507+0000] {logging_mixin.py:188} INFO - [2024-01-13T12:13:56.506+0000] {dag.py:3033} INFO - Sync 1 DAGs
[2024-01-13T12:13:56.523+0000] {logging_mixin.py:188} INFO - [2024-01-13T12:13:56.523+0000] {dag.py:3820} INFO - Setting next_dagrun for example_python_decorator to None, run_after=None
[2024-01-13T12:13:56.548+0000] {processor.py:183} INFO - Processing /home/airflow/.local/lib/python3.8/site-packages/airflow/example_dags/example_python_decorator.py took 0.101 seconds
[2024-01-13T12:14:27.491+0000] {processor.py:161} INFO - Started process (PID=865) to work on /home/airflow/.local/lib/python3.8/site-packages/airflow/example_dags/example_python_decorator.py
[2024-01-13T12:14:27.493+0000] {processor.py:830} INFO - Processing file /home/airflow/.local/lib/python3.8/site-packages/airflow/example_dags/example_python_decorator.py for tasks to queue
[2024-01-13T12:14:27.497+0000] {logging_mixin.py:188} INFO - [2024-01-13T12:14:27.497+0000] {dagbag.py:538} INFO - Filling up the DagBag from /home/airflow/.local/lib/python3.8/site-packages/airflow/example_dags/example_python_decorator.py
[2024-01-13T12:14:27.511+0000] {processor.py:840} INFO - DAG(s) 'example_python_decorator' retrieved from /home/airflow/.local/lib/python3.8/site-packages/airflow/example_dags/example_python_decorator.py
[2024-01-13T12:14:27.542+0000] {logging_mixin.py:188} INFO - [2024-01-13T12:14:27.542+0000] {dag.py:3033} INFO - Sync 1 DAGs
[2024-01-13T12:14:27.558+0000] {logging_mixin.py:188} INFO - [2024-01-13T12:14:27.557+0000] {dag.py:3820} INFO - Setting next_dagrun for example_python_decorator to None, run_after=None
[2024-01-13T12:14:27.580+0000] {processor.py:183} INFO - Processing /home/airflow/.local/lib/python3.8/site-packages/airflow/example_dags/example_python_decorator.py took 0.094 seconds
[2024-01-13T12:14:58.082+0000] {processor.py:161} INFO - Started process (PID=923) to work on /home/airflow/.local/lib/python3.8/site-packages/airflow/example_dags/example_python_decorator.py
[2024-01-13T12:14:58.083+0000] {processor.py:830} INFO - Processing file /home/airflow/.local/lib/python3.8/site-packages/airflow/example_dags/example_python_decorator.py for tasks to queue
[2024-01-13T12:14:58.086+0000] {logging_mixin.py:188} INFO - [2024-01-13T12:14:58.086+0000] {dagbag.py:538} INFO - Filling up the DagBag from /home/airflow/.local/lib/python3.8/site-packages/airflow/example_dags/example_python_decorator.py
[2024-01-13T12:14:58.100+0000] {processor.py:840} INFO - DAG(s) 'example_python_decorator' retrieved from /home/airflow/.local/lib/python3.8/site-packages/airflow/example_dags/example_python_decorator.py
[2024-01-13T12:14:58.130+0000] {logging_mixin.py:188} INFO - [2024-01-13T12:14:58.130+0000] {dag.py:3033} INFO - Sync 1 DAGs
[2024-01-13T12:14:58.153+0000] {logging_mixin.py:188} INFO - [2024-01-13T12:14:58.153+0000] {dag.py:3820} INFO - Setting next_dagrun for example_python_decorator to None, run_after=None
[2024-01-13T12:14:58.177+0000] {processor.py:183} INFO - Processing /home/airflow/.local/lib/python3.8/site-packages/airflow/example_dags/example_python_decorator.py took 0.100 seconds
[2024-01-13T12:15:28.400+0000] {processor.py:161} INFO - Started process (PID=982) to work on /home/airflow/.local/lib/python3.8/site-packages/airflow/example_dags/example_python_decorator.py
[2024-01-13T12:15:28.402+0000] {processor.py:830} INFO - Processing file /home/airflow/.local/lib/python3.8/site-packages/airflow/example_dags/example_python_decorator.py for tasks to queue
[2024-01-13T12:15:28.405+0000] {logging_mixin.py:188} INFO - [2024-01-13T12:15:28.405+0000] {dagbag.py:538} INFO - Filling up the DagBag from /home/airflow/.local/lib/python3.8/site-packages/airflow/example_dags/example_python_decorator.py
[2024-01-13T12:15:28.419+0000] {processor.py:840} INFO - DAG(s) 'example_python_decorator' retrieved from /home/airflow/.local/lib/python3.8/site-packages/airflow/example_dags/example_python_decorator.py
[2024-01-13T12:15:28.452+0000] {logging_mixin.py:188} INFO - [2024-01-13T12:15:28.451+0000] {dag.py:3033} INFO - Sync 1 DAGs
[2024-01-13T12:15:28.474+0000] {logging_mixin.py:188} INFO - [2024-01-13T12:15:28.474+0000] {dag.py:3820} INFO - Setting next_dagrun for example_python_decorator to None, run_after=None
[2024-01-13T12:15:28.500+0000] {processor.py:183} INFO - Processing /home/airflow/.local/lib/python3.8/site-packages/airflow/example_dags/example_python_decorator.py took 0.105 seconds
[2024-01-13T12:15:58.634+0000] {processor.py:161} INFO - Started process (PID=1039) to work on /home/airflow/.local/lib/python3.8/site-packages/airflow/example_dags/example_python_decorator.py
[2024-01-13T12:15:58.635+0000] {processor.py:830} INFO - Processing file /home/airflow/.local/lib/python3.8/site-packages/airflow/example_dags/example_python_decorator.py for tasks to queue
[2024-01-13T12:15:58.638+0000] {logging_mixin.py:188} INFO - [2024-01-13T12:15:58.638+0000] {dagbag.py:538} INFO - Filling up the DagBag from /home/airflow/.local/lib/python3.8/site-packages/airflow/example_dags/example_python_decorator.py
[2024-01-13T12:15:58.652+0000] {processor.py:840} INFO - DAG(s) 'example_python_decorator' retrieved from /home/airflow/.local/lib/python3.8/site-packages/airflow/example_dags/example_python_decorator.py
[2024-01-13T12:15:58.681+0000] {logging_mixin.py:188} INFO - [2024-01-13T12:15:58.680+0000] {dag.py:3033} INFO - Sync 1 DAGs
[2024-01-13T12:15:58.697+0000] {logging_mixin.py:188} INFO - [2024-01-13T12:15:58.697+0000] {dag.py:3820} INFO - Setting next_dagrun for example_python_decorator to None, run_after=None
[2024-01-13T12:15:58.719+0000] {processor.py:183} INFO - Processing /home/airflow/.local/lib/python3.8/site-packages/airflow/example_dags/example_python_decorator.py took 0.091 seconds
[2024-01-13T12:16:28.850+0000] {processor.py:161} INFO - Started process (PID=1098) to work on /home/airflow/.local/lib/python3.8/site-packages/airflow/example_dags/example_python_decorator.py
[2024-01-13T12:16:28.871+0000] {processor.py:830} INFO - Processing file /home/airflow/.local/lib/python3.8/site-packages/airflow/example_dags/example_python_decorator.py for tasks to queue
[2024-01-13T12:16:28.875+0000] {logging_mixin.py:188} INFO - [2024-01-13T12:16:28.874+0000] {dagbag.py:538} INFO - Filling up the DagBag from /home/airflow/.local/lib/python3.8/site-packages/airflow/example_dags/example_python_decorator.py
[2024-01-13T12:16:28.893+0000] {processor.py:840} INFO - DAG(s) 'example_python_decorator' retrieved from /home/airflow/.local/lib/python3.8/site-packages/airflow/example_dags/example_python_decorator.py
[2024-01-13T12:16:28.921+0000] {logging_mixin.py:188} INFO - [2024-01-13T12:16:28.921+0000] {dag.py:3033} INFO - Sync 1 DAGs
[2024-01-13T12:16:28.938+0000] {logging_mixin.py:188} INFO - [2024-01-13T12:16:28.937+0000] {dag.py:3820} INFO - Setting next_dagrun for example_python_decorator to None, run_after=None
[2024-01-13T12:16:28.962+0000] {processor.py:183} INFO - Processing /home/airflow/.local/lib/python3.8/site-packages/airflow/example_dags/example_python_decorator.py took 0.119 seconds
[2024-01-13T12:16:59.065+0000] {processor.py:161} INFO - Started process (PID=1157) to work on /home/airflow/.local/lib/python3.8/site-packages/airflow/example_dags/example_python_decorator.py
[2024-01-13T12:16:59.066+0000] {processor.py:830} INFO - Processing file /home/airflow/.local/lib/python3.8/site-packages/airflow/example_dags/example_python_decorator.py for tasks to queue
[2024-01-13T12:16:59.070+0000] {logging_mixin.py:188} INFO - [2024-01-13T12:16:59.069+0000] {dagbag.py:538} INFO - Filling up the DagBag from /home/airflow/.local/lib/python3.8/site-packages/airflow/example_dags/example_python_decorator.py
[2024-01-13T12:16:59.083+0000] {processor.py:840} INFO - DAG(s) 'example_python_decorator' retrieved from /home/airflow/.local/lib/python3.8/site-packages/airflow/example_dags/example_python_decorator.py
[2024-01-13T12:16:59.112+0000] {logging_mixin.py:188} INFO - [2024-01-13T12:16:59.112+0000] {dag.py:3033} INFO - Sync 1 DAGs
[2024-01-13T12:16:59.128+0000] {logging_mixin.py:188} INFO - [2024-01-13T12:16:59.128+0000] {dag.py:3820} INFO - Setting next_dagrun for example_python_decorator to None, run_after=None
[2024-01-13T12:16:59.152+0000] {processor.py:183} INFO - Processing /home/airflow/.local/lib/python3.8/site-packages/airflow/example_dags/example_python_decorator.py took 0.094 seconds
[2024-01-13T12:17:29.306+0000] {processor.py:161} INFO - Started process (PID=1216) to work on /home/airflow/.local/lib/python3.8/site-packages/airflow/example_dags/example_python_decorator.py
[2024-01-13T12:17:29.309+0000] {processor.py:830} INFO - Processing file /home/airflow/.local/lib/python3.8/site-packages/airflow/example_dags/example_python_decorator.py for tasks to queue
[2024-01-13T12:17:29.312+0000] {logging_mixin.py:188} INFO - [2024-01-13T12:17:29.312+0000] {dagbag.py:538} INFO - Filling up the DagBag from /home/airflow/.local/lib/python3.8/site-packages/airflow/example_dags/example_python_decorator.py
[2024-01-13T12:17:29.325+0000] {processor.py:840} INFO - DAG(s) 'example_python_decorator' retrieved from /home/airflow/.local/lib/python3.8/site-packages/airflow/example_dags/example_python_decorator.py
[2024-01-13T12:17:29.356+0000] {logging_mixin.py:188} INFO - [2024-01-13T12:17:29.356+0000] {dag.py:3033} INFO - Sync 1 DAGs
[2024-01-13T12:17:29.373+0000] {logging_mixin.py:188} INFO - [2024-01-13T12:17:29.372+0000] {dag.py:3820} INFO - Setting next_dagrun for example_python_decorator to None, run_after=None
[2024-01-13T12:17:29.397+0000] {processor.py:183} INFO - Processing /home/airflow/.local/lib/python3.8/site-packages/airflow/example_dags/example_python_decorator.py took 0.096 seconds
[2024-01-13T12:17:59.543+0000] {processor.py:161} INFO - Started process (PID=1275) to work on /home/airflow/.local/lib/python3.8/site-packages/airflow/example_dags/example_python_decorator.py
[2024-01-13T12:17:59.544+0000] {processor.py:830} INFO - Processing file /home/airflow/.local/lib/python3.8/site-packages/airflow/example_dags/example_python_decorator.py for tasks to queue
[2024-01-13T12:17:59.549+0000] {logging_mixin.py:188} INFO - [2024-01-13T12:17:59.548+0000] {dagbag.py:538} INFO - Filling up the DagBag from /home/airflow/.local/lib/python3.8/site-packages/airflow/example_dags/example_python_decorator.py
[2024-01-13T12:17:59.564+0000] {processor.py:840} INFO - DAG(s) 'example_python_decorator' retrieved from /home/airflow/.local/lib/python3.8/site-packages/airflow/example_dags/example_python_decorator.py
[2024-01-13T12:17:59.595+0000] {logging_mixin.py:188} INFO - [2024-01-13T12:17:59.595+0000] {dag.py:3033} INFO - Sync 1 DAGs
[2024-01-13T12:17:59.614+0000] {logging_mixin.py:188} INFO - [2024-01-13T12:17:59.614+0000] {dag.py:3820} INFO - Setting next_dagrun for example_python_decorator to None, run_after=None
[2024-01-13T12:17:59.647+0000] {processor.py:183} INFO - Processing /home/airflow/.local/lib/python3.8/site-packages/airflow/example_dags/example_python_decorator.py took 0.111 seconds
[2024-01-13T12:18:29.992+0000] {processor.py:161} INFO - Started process (PID=1334) to work on /home/airflow/.local/lib/python3.8/site-packages/airflow/example_dags/example_python_decorator.py
[2024-01-13T12:18:29.995+0000] {processor.py:830} INFO - Processing file /home/airflow/.local/lib/python3.8/site-packages/airflow/example_dags/example_python_decorator.py for tasks to queue
[2024-01-13T12:18:29.999+0000] {logging_mixin.py:188} INFO - [2024-01-13T12:18:29.999+0000] {dagbag.py:538} INFO - Filling up the DagBag from /home/airflow/.local/lib/python3.8/site-packages/airflow/example_dags/example_python_decorator.py
[2024-01-13T12:18:30.035+0000] {processor.py:840} INFO - DAG(s) 'example_python_decorator' retrieved from /home/airflow/.local/lib/python3.8/site-packages/airflow/example_dags/example_python_decorator.py
[2024-01-13T12:18:30.072+0000] {logging_mixin.py:188} INFO - [2024-01-13T12:18:30.072+0000] {dag.py:3033} INFO - Sync 1 DAGs
[2024-01-13T12:18:30.092+0000] {logging_mixin.py:188} INFO - [2024-01-13T12:18:30.092+0000] {dag.py:3820} INFO - Setting next_dagrun for example_python_decorator to None, run_after=None
[2024-01-13T12:18:30.128+0000] {processor.py:183} INFO - Processing /home/airflow/.local/lib/python3.8/site-packages/airflow/example_dags/example_python_decorator.py took 0.144 seconds
[2024-01-13T12:19:00.282+0000] {processor.py:161} INFO - Started process (PID=1405) to work on /home/airflow/.local/lib/python3.8/site-packages/airflow/example_dags/example_python_decorator.py
[2024-01-13T12:19:00.284+0000] {processor.py:830} INFO - Processing file /home/airflow/.local/lib/python3.8/site-packages/airflow/example_dags/example_python_decorator.py for tasks to queue
[2024-01-13T12:19:00.289+0000] {logging_mixin.py:188} INFO - [2024-01-13T12:19:00.288+0000] {dagbag.py:538} INFO - Filling up the DagBag from /home/airflow/.local/lib/python3.8/site-packages/airflow/example_dags/example_python_decorator.py
[2024-01-13T12:19:00.310+0000] {processor.py:840} INFO - DAG(s) 'example_python_decorator' retrieved from /home/airflow/.local/lib/python3.8/site-packages/airflow/example_dags/example_python_decorator.py
[2024-01-13T12:19:00.354+0000] {logging_mixin.py:188} INFO - [2024-01-13T12:19:00.354+0000] {dag.py:3033} INFO - Sync 1 DAGs
[2024-01-13T12:19:00.378+0000] {logging_mixin.py:188} INFO - [2024-01-13T12:19:00.377+0000] {dag.py:3820} INFO - Setting next_dagrun for example_python_decorator to None, run_after=None
[2024-01-13T12:19:00.410+0000] {processor.py:183} INFO - Processing /home/airflow/.local/lib/python3.8/site-packages/airflow/example_dags/example_python_decorator.py took 0.135 seconds
[2024-01-13T12:19:31.338+0000] {processor.py:161} INFO - Started process (PID=1464) to work on /home/airflow/.local/lib/python3.8/site-packages/airflow/example_dags/example_python_decorator.py
[2024-01-13T12:19:31.369+0000] {processor.py:830} INFO - Processing file /home/airflow/.local/lib/python3.8/site-packages/airflow/example_dags/example_python_decorator.py for tasks to queue
[2024-01-13T12:19:31.373+0000] {logging_mixin.py:188} INFO - [2024-01-13T12:19:31.372+0000] {dagbag.py:538} INFO - Filling up the DagBag from /home/airflow/.local/lib/python3.8/site-packages/airflow/example_dags/example_python_decorator.py
[2024-01-13T12:19:31.387+0000] {processor.py:840} INFO - DAG(s) 'example_python_decorator' retrieved from /home/airflow/.local/lib/python3.8/site-packages/airflow/example_dags/example_python_decorator.py
[2024-01-13T12:19:31.419+0000] {logging_mixin.py:188} INFO - [2024-01-13T12:19:31.419+0000] {dag.py:3033} INFO - Sync 1 DAGs
[2024-01-13T12:19:31.438+0000] {logging_mixin.py:188} INFO - [2024-01-13T12:19:31.437+0000] {dag.py:3820} INFO - Setting next_dagrun for example_python_decorator to None, run_after=None
[2024-01-13T12:19:31.461+0000] {processor.py:183} INFO - Processing /home/airflow/.local/lib/python3.8/site-packages/airflow/example_dags/example_python_decorator.py took 0.129 seconds
[2024-01-13T12:20:01.993+0000] {processor.py:161} INFO - Started process (PID=1523) to work on /home/airflow/.local/lib/python3.8/site-packages/airflow/example_dags/example_python_decorator.py
[2024-01-13T12:20:01.994+0000] {processor.py:830} INFO - Processing file /home/airflow/.local/lib/python3.8/site-packages/airflow/example_dags/example_python_decorator.py for tasks to queue
[2024-01-13T12:20:01.997+0000] {logging_mixin.py:188} INFO - [2024-01-13T12:20:01.997+0000] {dagbag.py:538} INFO - Filling up the DagBag from /home/airflow/.local/lib/python3.8/site-packages/airflow/example_dags/example_python_decorator.py
[2024-01-13T12:20:02.016+0000] {processor.py:840} INFO - DAG(s) 'example_python_decorator' retrieved from /home/airflow/.local/lib/python3.8/site-packages/airflow/example_dags/example_python_decorator.py
[2024-01-13T12:20:02.056+0000] {logging_mixin.py:188} INFO - [2024-01-13T12:20:02.055+0000] {dag.py:3033} INFO - Sync 1 DAGs
[2024-01-13T12:20:02.074+0000] {logging_mixin.py:188} INFO - [2024-01-13T12:20:02.074+0000] {dag.py:3820} INFO - Setting next_dagrun for example_python_decorator to None, run_after=None
[2024-01-13T12:20:02.101+0000] {processor.py:183} INFO - Processing /home/airflow/.local/lib/python3.8/site-packages/airflow/example_dags/example_python_decorator.py took 0.113 seconds
[2024-01-13T12:20:32.334+0000] {processor.py:161} INFO - Started process (PID=1583) to work on /home/airflow/.local/lib/python3.8/site-packages/airflow/example_dags/example_python_decorator.py
[2024-01-13T12:20:32.336+0000] {processor.py:830} INFO - Processing file /home/airflow/.local/lib/python3.8/site-packages/airflow/example_dags/example_python_decorator.py for tasks to queue
[2024-01-13T12:20:32.340+0000] {logging_mixin.py:188} INFO - [2024-01-13T12:20:32.340+0000] {dagbag.py:538} INFO - Filling up the DagBag from /home/airflow/.local/lib/python3.8/site-packages/airflow/example_dags/example_python_decorator.py
[2024-01-13T12:20:32.358+0000] {processor.py:840} INFO - DAG(s) 'example_python_decorator' retrieved from /home/airflow/.local/lib/python3.8/site-packages/airflow/example_dags/example_python_decorator.py
[2024-01-13T12:20:32.389+0000] {logging_mixin.py:188} INFO - [2024-01-13T12:20:32.389+0000] {dag.py:3033} INFO - Sync 1 DAGs
[2024-01-13T12:20:32.406+0000] {logging_mixin.py:188} INFO - [2024-01-13T12:20:32.406+0000] {dag.py:3820} INFO - Setting next_dagrun for example_python_decorator to None, run_after=None
[2024-01-13T12:20:32.434+0000] {processor.py:183} INFO - Processing /home/airflow/.local/lib/python3.8/site-packages/airflow/example_dags/example_python_decorator.py took 0.107 seconds
[2024-01-13T12:21:02.747+0000] {processor.py:161} INFO - Started process (PID=1646) to work on /home/airflow/.local/lib/python3.8/site-packages/airflow/example_dags/example_python_decorator.py
[2024-01-13T12:21:02.749+0000] {processor.py:830} INFO - Processing file /home/airflow/.local/lib/python3.8/site-packages/airflow/example_dags/example_python_decorator.py for tasks to queue
[2024-01-13T12:21:02.753+0000] {logging_mixin.py:188} INFO - [2024-01-13T12:21:02.753+0000] {dagbag.py:538} INFO - Filling up the DagBag from /home/airflow/.local/lib/python3.8/site-packages/airflow/example_dags/example_python_decorator.py
[2024-01-13T12:21:02.773+0000] {processor.py:840} INFO - DAG(s) 'example_python_decorator' retrieved from /home/airflow/.local/lib/python3.8/site-packages/airflow/example_dags/example_python_decorator.py
[2024-01-13T12:21:02.805+0000] {logging_mixin.py:188} INFO - [2024-01-13T12:21:02.805+0000] {dag.py:3033} INFO - Sync 1 DAGs
[2024-01-13T12:21:02.822+0000] {logging_mixin.py:188} INFO - [2024-01-13T12:21:02.822+0000] {dag.py:3820} INFO - Setting next_dagrun for example_python_decorator to None, run_after=None
[2024-01-13T12:21:02.849+0000] {processor.py:183} INFO - Processing /home/airflow/.local/lib/python3.8/site-packages/airflow/example_dags/example_python_decorator.py took 0.108 seconds
[2024-01-13T12:21:33.119+0000] {processor.py:161} INFO - Started process (PID=1717) to work on /home/airflow/.local/lib/python3.8/site-packages/airflow/example_dags/example_python_decorator.py
[2024-01-13T12:21:33.123+0000] {processor.py:830} INFO - Processing file /home/airflow/.local/lib/python3.8/site-packages/airflow/example_dags/example_python_decorator.py for tasks to queue
[2024-01-13T12:21:33.127+0000] {logging_mixin.py:188} INFO - [2024-01-13T12:21:33.126+0000] {dagbag.py:538} INFO - Filling up the DagBag from /home/airflow/.local/lib/python3.8/site-packages/airflow/example_dags/example_python_decorator.py
[2024-01-13T12:21:33.154+0000] {processor.py:840} INFO - DAG(s) 'example_python_decorator' retrieved from /home/airflow/.local/lib/python3.8/site-packages/airflow/example_dags/example_python_decorator.py
[2024-01-13T12:21:33.196+0000] {logging_mixin.py:188} INFO - [2024-01-13T12:21:33.196+0000] {dag.py:3033} INFO - Sync 1 DAGs
[2024-01-13T12:21:33.221+0000] {logging_mixin.py:188} INFO - [2024-01-13T12:21:33.221+0000] {dag.py:3820} INFO - Setting next_dagrun for example_python_decorator to None, run_after=None
[2024-01-13T12:21:33.254+0000] {processor.py:183} INFO - Processing /home/airflow/.local/lib/python3.8/site-packages/airflow/example_dags/example_python_decorator.py took 0.142 seconds
[2024-01-13T12:22:03.366+0000] {processor.py:161} INFO - Started process (PID=1784) to work on /home/airflow/.local/lib/python3.8/site-packages/airflow/example_dags/example_python_decorator.py
[2024-01-13T12:22:03.368+0000] {processor.py:830} INFO - Processing file /home/airflow/.local/lib/python3.8/site-packages/airflow/example_dags/example_python_decorator.py for tasks to queue
[2024-01-13T12:22:03.372+0000] {logging_mixin.py:188} INFO - [2024-01-13T12:22:03.371+0000] {dagbag.py:538} INFO - Filling up the DagBag from /home/airflow/.local/lib/python3.8/site-packages/airflow/example_dags/example_python_decorator.py
[2024-01-13T12:22:03.387+0000] {processor.py:840} INFO - DAG(s) 'example_python_decorator' retrieved from /home/airflow/.local/lib/python3.8/site-packages/airflow/example_dags/example_python_decorator.py
[2024-01-13T12:22:03.419+0000] {logging_mixin.py:188} INFO - [2024-01-13T12:22:03.419+0000] {dag.py:3033} INFO - Sync 1 DAGs
[2024-01-13T12:22:03.440+0000] {logging_mixin.py:188} INFO - [2024-01-13T12:22:03.439+0000] {dag.py:3820} INFO - Setting next_dagrun for example_python_decorator to None, run_after=None
[2024-01-13T12:22:03.468+0000] {processor.py:183} INFO - Processing /home/airflow/.local/lib/python3.8/site-packages/airflow/example_dags/example_python_decorator.py took 0.108 seconds
[2024-01-13T12:22:33.585+0000] {processor.py:161} INFO - Started process (PID=1867) to work on /home/airflow/.local/lib/python3.8/site-packages/airflow/example_dags/example_python_decorator.py
[2024-01-13T12:22:33.590+0000] {processor.py:830} INFO - Processing file /home/airflow/.local/lib/python3.8/site-packages/airflow/example_dags/example_python_decorator.py for tasks to queue
[2024-01-13T12:22:33.600+0000] {logging_mixin.py:188} INFO - [2024-01-13T12:22:33.599+0000] {dagbag.py:538} INFO - Filling up the DagBag from /home/airflow/.local/lib/python3.8/site-packages/airflow/example_dags/example_python_decorator.py
[2024-01-13T12:22:33.642+0000] {processor.py:840} INFO - DAG(s) 'example_python_decorator' retrieved from /home/airflow/.local/lib/python3.8/site-packages/airflow/example_dags/example_python_decorator.py
[2024-01-13T12:22:33.744+0000] {logging_mixin.py:188} INFO - [2024-01-13T12:22:33.743+0000] {dag.py:3033} INFO - Sync 1 DAGs
[2024-01-13T12:22:33.804+0000] {logging_mixin.py:188} INFO - [2024-01-13T12:22:33.803+0000] {dag.py:3820} INFO - Setting next_dagrun for example_python_decorator to None, run_after=None
[2024-01-13T12:22:33.862+0000] {processor.py:183} INFO - Processing /home/airflow/.local/lib/python3.8/site-packages/airflow/example_dags/example_python_decorator.py took 0.299 seconds
[2024-01-13T12:23:03.971+0000] {processor.py:161} INFO - Started process (PID=1940) to work on /home/airflow/.local/lib/python3.8/site-packages/airflow/example_dags/example_python_decorator.py
[2024-01-13T12:23:03.972+0000] {processor.py:830} INFO - Processing file /home/airflow/.local/lib/python3.8/site-packages/airflow/example_dags/example_python_decorator.py for tasks to queue
[2024-01-13T12:23:03.976+0000] {logging_mixin.py:188} INFO - [2024-01-13T12:23:03.976+0000] {dagbag.py:538} INFO - Filling up the DagBag from /home/airflow/.local/lib/python3.8/site-packages/airflow/example_dags/example_python_decorator.py
[2024-01-13T12:23:03.996+0000] {processor.py:840} INFO - DAG(s) 'example_python_decorator' retrieved from /home/airflow/.local/lib/python3.8/site-packages/airflow/example_dags/example_python_decorator.py
[2024-01-13T12:23:04.035+0000] {logging_mixin.py:188} INFO - [2024-01-13T12:23:04.035+0000] {dag.py:3033} INFO - Sync 1 DAGs
[2024-01-13T12:23:04.061+0000] {logging_mixin.py:188} INFO - [2024-01-13T12:23:04.060+0000] {dag.py:3820} INFO - Setting next_dagrun for example_python_decorator to None, run_after=None
[2024-01-13T12:23:04.094+0000] {processor.py:183} INFO - Processing /home/airflow/.local/lib/python3.8/site-packages/airflow/example_dags/example_python_decorator.py took 0.130 seconds
[2024-01-13T12:23:34.724+0000] {processor.py:161} INFO - Started process (PID=1999) to work on /home/airflow/.local/lib/python3.8/site-packages/airflow/example_dags/example_python_decorator.py
[2024-01-13T12:23:34.727+0000] {processor.py:830} INFO - Processing file /home/airflow/.local/lib/python3.8/site-packages/airflow/example_dags/example_python_decorator.py for tasks to queue
[2024-01-13T12:23:34.731+0000] {logging_mixin.py:188} INFO - [2024-01-13T12:23:34.731+0000] {dagbag.py:538} INFO - Filling up the DagBag from /home/airflow/.local/lib/python3.8/site-packages/airflow/example_dags/example_python_decorator.py
[2024-01-13T12:23:34.751+0000] {processor.py:840} INFO - DAG(s) 'example_python_decorator' retrieved from /home/airflow/.local/lib/python3.8/site-packages/airflow/example_dags/example_python_decorator.py
[2024-01-13T12:23:34.803+0000] {logging_mixin.py:188} INFO - [2024-01-13T12:23:34.802+0000] {dag.py:3033} INFO - Sync 1 DAGs
[2024-01-13T12:23:34.833+0000] {logging_mixin.py:188} INFO - [2024-01-13T12:23:34.832+0000] {dag.py:3820} INFO - Setting next_dagrun for example_python_decorator to None, run_after=None
[2024-01-13T12:23:34.864+0000] {processor.py:183} INFO - Processing /home/airflow/.local/lib/python3.8/site-packages/airflow/example_dags/example_python_decorator.py took 0.145 seconds
[2024-01-13T12:24:05.044+0000] {processor.py:161} INFO - Started process (PID=2058) to work on /home/airflow/.local/lib/python3.8/site-packages/airflow/example_dags/example_python_decorator.py
[2024-01-13T12:24:05.046+0000] {processor.py:830} INFO - Processing file /home/airflow/.local/lib/python3.8/site-packages/airflow/example_dags/example_python_decorator.py for tasks to queue
[2024-01-13T12:24:05.049+0000] {logging_mixin.py:188} INFO - [2024-01-13T12:24:05.049+0000] {dagbag.py:538} INFO - Filling up the DagBag from /home/airflow/.local/lib/python3.8/site-packages/airflow/example_dags/example_python_decorator.py
[2024-01-13T12:24:05.064+0000] {processor.py:840} INFO - DAG(s) 'example_python_decorator' retrieved from /home/airflow/.local/lib/python3.8/site-packages/airflow/example_dags/example_python_decorator.py
[2024-01-13T12:24:05.096+0000] {logging_mixin.py:188} INFO - [2024-01-13T12:24:05.096+0000] {dag.py:3033} INFO - Sync 1 DAGs
[2024-01-13T12:24:05.116+0000] {logging_mixin.py:188} INFO - [2024-01-13T12:24:05.115+0000] {dag.py:3820} INFO - Setting next_dagrun for example_python_decorator to None, run_after=None
[2024-01-13T12:24:05.151+0000] {processor.py:183} INFO - Processing /home/airflow/.local/lib/python3.8/site-packages/airflow/example_dags/example_python_decorator.py took 0.112 seconds
[2024-01-13T12:24:35.447+0000] {processor.py:161} INFO - Started process (PID=2117) to work on /home/airflow/.local/lib/python3.8/site-packages/airflow/example_dags/example_python_decorator.py
[2024-01-13T12:24:35.450+0000] {processor.py:830} INFO - Processing file /home/airflow/.local/lib/python3.8/site-packages/airflow/example_dags/example_python_decorator.py for tasks to queue
[2024-01-13T12:24:35.454+0000] {logging_mixin.py:188} INFO - [2024-01-13T12:24:35.453+0000] {dagbag.py:538} INFO - Filling up the DagBag from /home/airflow/.local/lib/python3.8/site-packages/airflow/example_dags/example_python_decorator.py
[2024-01-13T12:24:35.470+0000] {processor.py:840} INFO - DAG(s) 'example_python_decorator' retrieved from /home/airflow/.local/lib/python3.8/site-packages/airflow/example_dags/example_python_decorator.py
[2024-01-13T12:24:35.502+0000] {logging_mixin.py:188} INFO - [2024-01-13T12:24:35.502+0000] {dag.py:3033} INFO - Sync 1 DAGs
[2024-01-13T12:24:35.519+0000] {logging_mixin.py:188} INFO - [2024-01-13T12:24:35.518+0000] {dag.py:3820} INFO - Setting next_dagrun for example_python_decorator to None, run_after=None
[2024-01-13T12:24:35.544+0000] {processor.py:183} INFO - Processing /home/airflow/.local/lib/python3.8/site-packages/airflow/example_dags/example_python_decorator.py took 0.103 seconds
