[2024-01-13T11:57:46.920+0000] {processor.py:161} INFO - Started process (PID=67) to work on /home/airflow/.local/lib/python3.8/site-packages/airflow/example_dags/example_complex.py
[2024-01-13T11:57:46.921+0000] {processor.py:830} INFO - Processing file /home/airflow/.local/lib/python3.8/site-packages/airflow/example_dags/example_complex.py for tasks to queue
[2024-01-13T11:57:46.937+0000] {logging_mixin.py:188} INFO - [2024-01-13T11:57:46.936+0000] {dagbag.py:538} INFO - Filling up the DagBag from /home/airflow/.local/lib/python3.8/site-packages/airflow/example_dags/example_complex.py
[2024-01-13T11:57:47.002+0000] {processor.py:840} INFO - DAG(s) 'example_complex' retrieved from /home/airflow/.local/lib/python3.8/site-packages/airflow/example_dags/example_complex.py
[2024-01-13T11:57:47.398+0000] {logging_mixin.py:188} INFO - [2024-01-13T11:57:47.397+0000] {override.py:1769} INFO - Created Permission View: can edit on DAG:example_complex
[2024-01-13T11:57:47.414+0000] {logging_mixin.py:188} INFO - [2024-01-13T11:57:47.413+0000] {override.py:1769} INFO - Created Permission View: can read on DAG:example_complex
[2024-01-13T11:57:47.424+0000] {logging_mixin.py:188} INFO - [2024-01-13T11:57:47.423+0000] {override.py:1769} INFO - Created Permission View: can delete on DAG:example_complex
[2024-01-13T11:57:47.424+0000] {logging_mixin.py:188} INFO - [2024-01-13T11:57:47.424+0000] {dag.py:3033} INFO - Sync 1 DAGs
[2024-01-13T11:57:47.445+0000] {logging_mixin.py:188} INFO - [2024-01-13T11:57:47.445+0000] {dag.py:3055} INFO - Creating ORM DAG for example_complex
[2024-01-13T11:57:47.446+0000] {logging_mixin.py:188} INFO - [2024-01-13T11:57:47.446+0000] {dag.py:3820} INFO - Setting next_dagrun for example_complex to None, run_after=None
[2024-01-13T11:57:47.481+0000] {processor.py:183} INFO - Processing /home/airflow/.local/lib/python3.8/site-packages/airflow/example_dags/example_complex.py took 0.568 seconds
[2024-01-13T11:58:17.532+0000] {processor.py:161} INFO - Started process (PID=125) to work on /home/airflow/.local/lib/python3.8/site-packages/airflow/example_dags/example_complex.py
[2024-01-13T11:58:17.533+0000] {processor.py:830} INFO - Processing file /home/airflow/.local/lib/python3.8/site-packages/airflow/example_dags/example_complex.py for tasks to queue
[2024-01-13T11:58:17.537+0000] {logging_mixin.py:188} INFO - [2024-01-13T11:58:17.537+0000] {dagbag.py:538} INFO - Filling up the DagBag from /home/airflow/.local/lib/python3.8/site-packages/airflow/example_dags/example_complex.py
[2024-01-13T11:58:17.555+0000] {processor.py:840} INFO - DAG(s) 'example_complex' retrieved from /home/airflow/.local/lib/python3.8/site-packages/airflow/example_dags/example_complex.py
[2024-01-13T11:58:17.599+0000] {logging_mixin.py:188} INFO - [2024-01-13T11:58:17.598+0000] {dag.py:3033} INFO - Sync 1 DAGs
[2024-01-13T11:58:17.615+0000] {logging_mixin.py:188} INFO - [2024-01-13T11:58:17.615+0000] {dag.py:3820} INFO - Setting next_dagrun for example_complex to None, run_after=None
[2024-01-13T11:58:17.639+0000] {processor.py:183} INFO - Processing /home/airflow/.local/lib/python3.8/site-packages/airflow/example_dags/example_complex.py took 0.115 seconds
[2024-01-13T11:58:47.788+0000] {processor.py:161} INFO - Started process (PID=184) to work on /home/airflow/.local/lib/python3.8/site-packages/airflow/example_dags/example_complex.py
[2024-01-13T11:58:47.790+0000] {processor.py:830} INFO - Processing file /home/airflow/.local/lib/python3.8/site-packages/airflow/example_dags/example_complex.py for tasks to queue
[2024-01-13T11:58:47.793+0000] {logging_mixin.py:188} INFO - [2024-01-13T11:58:47.793+0000] {dagbag.py:538} INFO - Filling up the DagBag from /home/airflow/.local/lib/python3.8/site-packages/airflow/example_dags/example_complex.py
[2024-01-13T11:58:47.808+0000] {processor.py:840} INFO - DAG(s) 'example_complex' retrieved from /home/airflow/.local/lib/python3.8/site-packages/airflow/example_dags/example_complex.py
[2024-01-13T11:58:47.849+0000] {logging_mixin.py:188} INFO - [2024-01-13T11:58:47.849+0000] {dag.py:3033} INFO - Sync 1 DAGs
[2024-01-13T11:58:47.866+0000] {logging_mixin.py:188} INFO - [2024-01-13T11:58:47.865+0000] {dag.py:3820} INFO - Setting next_dagrun for example_complex to None, run_after=None
[2024-01-13T11:58:47.890+0000] {processor.py:183} INFO - Processing /home/airflow/.local/lib/python3.8/site-packages/airflow/example_dags/example_complex.py took 0.108 seconds
[2024-01-13T11:59:18.306+0000] {processor.py:161} INFO - Started process (PID=249) to work on /home/airflow/.local/lib/python3.8/site-packages/airflow/example_dags/example_complex.py
[2024-01-13T11:59:18.307+0000] {processor.py:830} INFO - Processing file /home/airflow/.local/lib/python3.8/site-packages/airflow/example_dags/example_complex.py for tasks to queue
[2024-01-13T11:59:18.310+0000] {logging_mixin.py:188} INFO - [2024-01-13T11:59:18.310+0000] {dagbag.py:538} INFO - Filling up the DagBag from /home/airflow/.local/lib/python3.8/site-packages/airflow/example_dags/example_complex.py
[2024-01-13T11:59:18.325+0000] {processor.py:840} INFO - DAG(s) 'example_complex' retrieved from /home/airflow/.local/lib/python3.8/site-packages/airflow/example_dags/example_complex.py
[2024-01-13T11:59:18.365+0000] {logging_mixin.py:188} INFO - [2024-01-13T11:59:18.365+0000] {dag.py:3033} INFO - Sync 1 DAGs
[2024-01-13T11:59:18.382+0000] {logging_mixin.py:188} INFO - [2024-01-13T11:59:18.382+0000] {dag.py:3820} INFO - Setting next_dagrun for example_complex to None, run_after=None
[2024-01-13T11:59:18.405+0000] {processor.py:183} INFO - Processing /home/airflow/.local/lib/python3.8/site-packages/airflow/example_dags/example_complex.py took 0.104 seconds
[2024-01-13T11:59:48.996+0000] {processor.py:161} INFO - Started process (PID=308) to work on /home/airflow/.local/lib/python3.8/site-packages/airflow/example_dags/example_complex.py
[2024-01-13T11:59:48.998+0000] {processor.py:830} INFO - Processing file /home/airflow/.local/lib/python3.8/site-packages/airflow/example_dags/example_complex.py for tasks to queue
[2024-01-13T11:59:49.001+0000] {logging_mixin.py:188} INFO - [2024-01-13T11:59:49.000+0000] {dagbag.py:538} INFO - Filling up the DagBag from /home/airflow/.local/lib/python3.8/site-packages/airflow/example_dags/example_complex.py
[2024-01-13T11:59:49.015+0000] {processor.py:840} INFO - DAG(s) 'example_complex' retrieved from /home/airflow/.local/lib/python3.8/site-packages/airflow/example_dags/example_complex.py
[2024-01-13T11:59:49.057+0000] {logging_mixin.py:188} INFO - [2024-01-13T11:59:49.056+0000] {dag.py:3033} INFO - Sync 1 DAGs
[2024-01-13T11:59:49.072+0000] {logging_mixin.py:188} INFO - [2024-01-13T11:59:49.072+0000] {dag.py:3820} INFO - Setting next_dagrun for example_complex to None, run_after=None
[2024-01-13T11:59:49.094+0000] {processor.py:183} INFO - Processing /home/airflow/.local/lib/python3.8/site-packages/airflow/example_dags/example_complex.py took 0.103 seconds
[2024-01-13T12:00:19.592+0000] {processor.py:161} INFO - Started process (PID=367) to work on /home/airflow/.local/lib/python3.8/site-packages/airflow/example_dags/example_complex.py
[2024-01-13T12:00:19.593+0000] {processor.py:830} INFO - Processing file /home/airflow/.local/lib/python3.8/site-packages/airflow/example_dags/example_complex.py for tasks to queue
[2024-01-13T12:00:19.596+0000] {logging_mixin.py:188} INFO - [2024-01-13T12:00:19.596+0000] {dagbag.py:538} INFO - Filling up the DagBag from /home/airflow/.local/lib/python3.8/site-packages/airflow/example_dags/example_complex.py
[2024-01-13T12:00:19.610+0000] {processor.py:840} INFO - DAG(s) 'example_complex' retrieved from /home/airflow/.local/lib/python3.8/site-packages/airflow/example_dags/example_complex.py
[2024-01-13T12:00:19.651+0000] {logging_mixin.py:188} INFO - [2024-01-13T12:00:19.651+0000] {dag.py:3033} INFO - Sync 1 DAGs
[2024-01-13T12:00:19.667+0000] {logging_mixin.py:188} INFO - [2024-01-13T12:00:19.667+0000] {dag.py:3820} INFO - Setting next_dagrun for example_complex to None, run_after=None
[2024-01-13T12:00:19.694+0000] {processor.py:183} INFO - Processing /home/airflow/.local/lib/python3.8/site-packages/airflow/example_dags/example_complex.py took 0.108 seconds
[2024-01-13T12:00:50.079+0000] {processor.py:161} INFO - Started process (PID=426) to work on /home/airflow/.local/lib/python3.8/site-packages/airflow/example_dags/example_complex.py
[2024-01-13T12:00:50.081+0000] {processor.py:830} INFO - Processing file /home/airflow/.local/lib/python3.8/site-packages/airflow/example_dags/example_complex.py for tasks to queue
[2024-01-13T12:00:50.084+0000] {logging_mixin.py:188} INFO - [2024-01-13T12:00:50.084+0000] {dagbag.py:538} INFO - Filling up the DagBag from /home/airflow/.local/lib/python3.8/site-packages/airflow/example_dags/example_complex.py
[2024-01-13T12:00:50.100+0000] {processor.py:840} INFO - DAG(s) 'example_complex' retrieved from /home/airflow/.local/lib/python3.8/site-packages/airflow/example_dags/example_complex.py
[2024-01-13T12:00:50.144+0000] {logging_mixin.py:188} INFO - [2024-01-13T12:00:50.144+0000] {dag.py:3033} INFO - Sync 1 DAGs
[2024-01-13T12:00:50.160+0000] {logging_mixin.py:188} INFO - [2024-01-13T12:00:50.160+0000] {dag.py:3820} INFO - Setting next_dagrun for example_complex to None, run_after=None
[2024-01-13T12:00:50.184+0000] {processor.py:183} INFO - Processing /home/airflow/.local/lib/python3.8/site-packages/airflow/example_dags/example_complex.py took 0.111 seconds
[2024-01-13T12:01:20.391+0000] {processor.py:161} INFO - Started process (PID=483) to work on /home/airflow/.local/lib/python3.8/site-packages/airflow/example_dags/example_complex.py
[2024-01-13T12:01:20.393+0000] {processor.py:830} INFO - Processing file /home/airflow/.local/lib/python3.8/site-packages/airflow/example_dags/example_complex.py for tasks to queue
[2024-01-13T12:01:20.396+0000] {logging_mixin.py:188} INFO - [2024-01-13T12:01:20.396+0000] {dagbag.py:538} INFO - Filling up the DagBag from /home/airflow/.local/lib/python3.8/site-packages/airflow/example_dags/example_complex.py
[2024-01-13T12:01:20.414+0000] {processor.py:840} INFO - DAG(s) 'example_complex' retrieved from /home/airflow/.local/lib/python3.8/site-packages/airflow/example_dags/example_complex.py
[2024-01-13T12:01:20.459+0000] {logging_mixin.py:188} INFO - [2024-01-13T12:01:20.459+0000] {dag.py:3033} INFO - Sync 1 DAGs
[2024-01-13T12:01:20.475+0000] {logging_mixin.py:188} INFO - [2024-01-13T12:01:20.475+0000] {dag.py:3820} INFO - Setting next_dagrun for example_complex to None, run_after=None
[2024-01-13T12:01:20.498+0000] {processor.py:183} INFO - Processing /home/airflow/.local/lib/python3.8/site-packages/airflow/example_dags/example_complex.py took 0.113 seconds
[2024-01-13T12:01:50.534+0000] {processor.py:161} INFO - Started process (PID=541) to work on /home/airflow/.local/lib/python3.8/site-packages/airflow/example_dags/example_complex.py
[2024-01-13T12:01:50.535+0000] {processor.py:830} INFO - Processing file /home/airflow/.local/lib/python3.8/site-packages/airflow/example_dags/example_complex.py for tasks to queue
[2024-01-13T12:01:50.538+0000] {logging_mixin.py:188} INFO - [2024-01-13T12:01:50.538+0000] {dagbag.py:538} INFO - Filling up the DagBag from /home/airflow/.local/lib/python3.8/site-packages/airflow/example_dags/example_complex.py
[2024-01-13T12:01:50.554+0000] {processor.py:840} INFO - DAG(s) 'example_complex' retrieved from /home/airflow/.local/lib/python3.8/site-packages/airflow/example_dags/example_complex.py
[2024-01-13T12:01:50.594+0000] {logging_mixin.py:188} INFO - [2024-01-13T12:01:50.594+0000] {dag.py:3033} INFO - Sync 1 DAGs
[2024-01-13T12:01:50.610+0000] {logging_mixin.py:188} INFO - [2024-01-13T12:01:50.610+0000] {dag.py:3820} INFO - Setting next_dagrun for example_complex to None, run_after=None
[2024-01-13T12:01:50.633+0000] {processor.py:183} INFO - Processing /home/airflow/.local/lib/python3.8/site-packages/airflow/example_dags/example_complex.py took 0.104 seconds
[2024-01-13T12:02:20.921+0000] {processor.py:161} INFO - Started process (PID=608) to work on /home/airflow/.local/lib/python3.8/site-packages/airflow/example_dags/example_complex.py
[2024-01-13T12:02:20.936+0000] {processor.py:830} INFO - Processing file /home/airflow/.local/lib/python3.8/site-packages/airflow/example_dags/example_complex.py for tasks to queue
[2024-01-13T12:02:20.939+0000] {logging_mixin.py:188} INFO - [2024-01-13T12:02:20.939+0000] {dagbag.py:538} INFO - Filling up the DagBag from /home/airflow/.local/lib/python3.8/site-packages/airflow/example_dags/example_complex.py
[2024-01-13T12:02:20.954+0000] {processor.py:840} INFO - DAG(s) 'example_complex' retrieved from /home/airflow/.local/lib/python3.8/site-packages/airflow/example_dags/example_complex.py
[2024-01-13T12:02:20.996+0000] {logging_mixin.py:188} INFO - [2024-01-13T12:02:20.996+0000] {dag.py:3033} INFO - Sync 1 DAGs
[2024-01-13T12:02:21.012+0000] {logging_mixin.py:188} INFO - [2024-01-13T12:02:21.012+0000] {dag.py:3820} INFO - Setting next_dagrun for example_complex to None, run_after=None
[2024-01-13T12:02:21.035+0000] {processor.py:183} INFO - Processing /home/airflow/.local/lib/python3.8/site-packages/airflow/example_dags/example_complex.py took 0.119 seconds
[2024-01-13T12:02:51.809+0000] {processor.py:161} INFO - Started process (PID=687) to work on /home/airflow/.local/lib/python3.8/site-packages/airflow/example_dags/example_complex.py
[2024-01-13T12:02:51.811+0000] {processor.py:830} INFO - Processing file /home/airflow/.local/lib/python3.8/site-packages/airflow/example_dags/example_complex.py for tasks to queue
[2024-01-13T12:02:51.816+0000] {logging_mixin.py:188} INFO - [2024-01-13T12:02:51.815+0000] {dagbag.py:538} INFO - Filling up the DagBag from /home/airflow/.local/lib/python3.8/site-packages/airflow/example_dags/example_complex.py
[2024-01-13T12:02:51.852+0000] {processor.py:840} INFO - DAG(s) 'example_complex' retrieved from /home/airflow/.local/lib/python3.8/site-packages/airflow/example_dags/example_complex.py
[2024-01-13T12:02:51.949+0000] {logging_mixin.py:188} INFO - [2024-01-13T12:02:51.949+0000] {dag.py:3033} INFO - Sync 1 DAGs
[2024-01-13T12:02:51.973+0000] {logging_mixin.py:188} INFO - [2024-01-13T12:02:51.972+0000] {dag.py:3820} INFO - Setting next_dagrun for example_complex to None, run_after=None
[2024-01-13T12:02:52.006+0000] {processor.py:183} INFO - Processing /home/airflow/.local/lib/python3.8/site-packages/airflow/example_dags/example_complex.py took 0.225 seconds
[2024-01-13T12:07:41.715+0000] {processor.py:161} INFO - Started process (PID=62) to work on /home/airflow/.local/lib/python3.8/site-packages/airflow/example_dags/example_complex.py
[2024-01-13T12:07:41.717+0000] {processor.py:830} INFO - Processing file /home/airflow/.local/lib/python3.8/site-packages/airflow/example_dags/example_complex.py for tasks to queue
[2024-01-13T12:07:41.721+0000] {logging_mixin.py:188} INFO - [2024-01-13T12:07:41.720+0000] {dagbag.py:538} INFO - Filling up the DagBag from /home/airflow/.local/lib/python3.8/site-packages/airflow/example_dags/example_complex.py
[2024-01-13T12:07:41.749+0000] {processor.py:840} INFO - DAG(s) 'example_complex' retrieved from /home/airflow/.local/lib/python3.8/site-packages/airflow/example_dags/example_complex.py
[2024-01-13T12:07:41.781+0000] {logging_mixin.py:188} INFO - [2024-01-13T12:07:41.780+0000] {dag.py:3033} INFO - Sync 1 DAGs
[2024-01-13T12:07:41.817+0000] {logging_mixin.py:188} INFO - [2024-01-13T12:07:41.816+0000] {dag.py:3820} INFO - Setting next_dagrun for example_complex to None, run_after=None
[2024-01-13T12:07:41.869+0000] {processor.py:183} INFO - Processing /home/airflow/.local/lib/python3.8/site-packages/airflow/example_dags/example_complex.py took 0.161 seconds
[2024-01-13T12:08:16.522+0000] {processor.py:161} INFO - Started process (PID=154) to work on /home/airflow/.local/lib/python3.8/site-packages/airflow/example_dags/example_complex.py
[2024-01-13T12:08:16.527+0000] {processor.py:830} INFO - Processing file /home/airflow/.local/lib/python3.8/site-packages/airflow/example_dags/example_complex.py for tasks to queue
[2024-01-13T12:08:16.531+0000] {logging_mixin.py:188} INFO - [2024-01-13T12:08:16.531+0000] {dagbag.py:538} INFO - Filling up the DagBag from /home/airflow/.local/lib/python3.8/site-packages/airflow/example_dags/example_complex.py
[2024-01-13T12:08:16.567+0000] {processor.py:840} INFO - DAG(s) 'example_complex' retrieved from /home/airflow/.local/lib/python3.8/site-packages/airflow/example_dags/example_complex.py
[2024-01-13T12:08:16.864+0000] {logging_mixin.py:188} INFO - [2024-01-13T12:08:16.863+0000] {dag.py:3033} INFO - Sync 1 DAGs
[2024-01-13T12:08:16.893+0000] {logging_mixin.py:188} INFO - [2024-01-13T12:08:16.893+0000] {dag.py:3820} INFO - Setting next_dagrun for example_complex to None, run_after=None
[2024-01-13T12:08:16.967+0000] {processor.py:183} INFO - Processing /home/airflow/.local/lib/python3.8/site-packages/airflow/example_dags/example_complex.py took 0.455 seconds
[2024-01-13T12:08:47.506+0000] {processor.py:161} INFO - Started process (PID=213) to work on /home/airflow/.local/lib/python3.8/site-packages/airflow/example_dags/example_complex.py
[2024-01-13T12:08:47.508+0000] {processor.py:830} INFO - Processing file /home/airflow/.local/lib/python3.8/site-packages/airflow/example_dags/example_complex.py for tasks to queue
[2024-01-13T12:08:47.511+0000] {logging_mixin.py:188} INFO - [2024-01-13T12:08:47.510+0000] {dagbag.py:538} INFO - Filling up the DagBag from /home/airflow/.local/lib/python3.8/site-packages/airflow/example_dags/example_complex.py
[2024-01-13T12:08:47.525+0000] {processor.py:840} INFO - DAG(s) 'example_complex' retrieved from /home/airflow/.local/lib/python3.8/site-packages/airflow/example_dags/example_complex.py
[2024-01-13T12:08:47.566+0000] {logging_mixin.py:188} INFO - [2024-01-13T12:08:47.566+0000] {dag.py:3033} INFO - Sync 1 DAGs
[2024-01-13T12:08:47.584+0000] {logging_mixin.py:188} INFO - [2024-01-13T12:08:47.584+0000] {dag.py:3820} INFO - Setting next_dagrun for example_complex to None, run_after=None
[2024-01-13T12:08:47.607+0000] {processor.py:183} INFO - Processing /home/airflow/.local/lib/python3.8/site-packages/airflow/example_dags/example_complex.py took 0.106 seconds
[2024-01-13T12:09:18.030+0000] {processor.py:161} INFO - Started process (PID=273) to work on /home/airflow/.local/lib/python3.8/site-packages/airflow/example_dags/example_complex.py
[2024-01-13T12:09:18.031+0000] {processor.py:830} INFO - Processing file /home/airflow/.local/lib/python3.8/site-packages/airflow/example_dags/example_complex.py for tasks to queue
[2024-01-13T12:09:18.034+0000] {logging_mixin.py:188} INFO - [2024-01-13T12:09:18.034+0000] {dagbag.py:538} INFO - Filling up the DagBag from /home/airflow/.local/lib/python3.8/site-packages/airflow/example_dags/example_complex.py
[2024-01-13T12:09:18.049+0000] {processor.py:840} INFO - DAG(s) 'example_complex' retrieved from /home/airflow/.local/lib/python3.8/site-packages/airflow/example_dags/example_complex.py
[2024-01-13T12:09:18.090+0000] {logging_mixin.py:188} INFO - [2024-01-13T12:09:18.090+0000] {dag.py:3033} INFO - Sync 1 DAGs
[2024-01-13T12:09:18.107+0000] {logging_mixin.py:188} INFO - [2024-01-13T12:09:18.107+0000] {dag.py:3820} INFO - Setting next_dagrun for example_complex to None, run_after=None
[2024-01-13T12:09:18.132+0000] {processor.py:183} INFO - Processing /home/airflow/.local/lib/python3.8/site-packages/airflow/example_dags/example_complex.py took 0.107 seconds
[2024-01-13T12:09:48.270+0000] {processor.py:161} INFO - Started process (PID=331) to work on /home/airflow/.local/lib/python3.8/site-packages/airflow/example_dags/example_complex.py
[2024-01-13T12:09:48.273+0000] {processor.py:830} INFO - Processing file /home/airflow/.local/lib/python3.8/site-packages/airflow/example_dags/example_complex.py for tasks to queue
[2024-01-13T12:09:48.276+0000] {logging_mixin.py:188} INFO - [2024-01-13T12:09:48.276+0000] {dagbag.py:538} INFO - Filling up the DagBag from /home/airflow/.local/lib/python3.8/site-packages/airflow/example_dags/example_complex.py
[2024-01-13T12:09:48.290+0000] {processor.py:840} INFO - DAG(s) 'example_complex' retrieved from /home/airflow/.local/lib/python3.8/site-packages/airflow/example_dags/example_complex.py
[2024-01-13T12:09:48.332+0000] {logging_mixin.py:188} INFO - [2024-01-13T12:09:48.331+0000] {dag.py:3033} INFO - Sync 1 DAGs
[2024-01-13T12:09:48.348+0000] {logging_mixin.py:188} INFO - [2024-01-13T12:09:48.347+0000] {dag.py:3820} INFO - Setting next_dagrun for example_complex to None, run_after=None
[2024-01-13T12:09:48.369+0000] {processor.py:183} INFO - Processing /home/airflow/.local/lib/python3.8/site-packages/airflow/example_dags/example_complex.py took 0.104 seconds
[2024-01-13T12:10:19.191+0000] {processor.py:161} INFO - Started process (PID=391) to work on /home/airflow/.local/lib/python3.8/site-packages/airflow/example_dags/example_complex.py
[2024-01-13T12:10:19.192+0000] {processor.py:830} INFO - Processing file /home/airflow/.local/lib/python3.8/site-packages/airflow/example_dags/example_complex.py for tasks to queue
[2024-01-13T12:10:19.195+0000] {logging_mixin.py:188} INFO - [2024-01-13T12:10:19.195+0000] {dagbag.py:538} INFO - Filling up the DagBag from /home/airflow/.local/lib/python3.8/site-packages/airflow/example_dags/example_complex.py
[2024-01-13T12:10:19.209+0000] {processor.py:840} INFO - DAG(s) 'example_complex' retrieved from /home/airflow/.local/lib/python3.8/site-packages/airflow/example_dags/example_complex.py
[2024-01-13T12:10:19.250+0000] {logging_mixin.py:188} INFO - [2024-01-13T12:10:19.250+0000] {dag.py:3033} INFO - Sync 1 DAGs
[2024-01-13T12:10:19.270+0000] {logging_mixin.py:188} INFO - [2024-01-13T12:10:19.270+0000] {dag.py:3820} INFO - Setting next_dagrun for example_complex to None, run_after=None
[2024-01-13T12:10:19.295+0000] {processor.py:183} INFO - Processing /home/airflow/.local/lib/python3.8/site-packages/airflow/example_dags/example_complex.py took 0.108 seconds
[2024-01-13T12:10:49.461+0000] {processor.py:161} INFO - Started process (PID=449) to work on /home/airflow/.local/lib/python3.8/site-packages/airflow/example_dags/example_complex.py
[2024-01-13T12:10:49.463+0000] {processor.py:830} INFO - Processing file /home/airflow/.local/lib/python3.8/site-packages/airflow/example_dags/example_complex.py for tasks to queue
[2024-01-13T12:10:49.466+0000] {logging_mixin.py:188} INFO - [2024-01-13T12:10:49.466+0000] {dagbag.py:538} INFO - Filling up the DagBag from /home/airflow/.local/lib/python3.8/site-packages/airflow/example_dags/example_complex.py
[2024-01-13T12:10:49.480+0000] {processor.py:840} INFO - DAG(s) 'example_complex' retrieved from /home/airflow/.local/lib/python3.8/site-packages/airflow/example_dags/example_complex.py
[2024-01-13T12:10:49.521+0000] {logging_mixin.py:188} INFO - [2024-01-13T12:10:49.521+0000] {dag.py:3033} INFO - Sync 1 DAGs
[2024-01-13T12:10:49.538+0000] {logging_mixin.py:188} INFO - [2024-01-13T12:10:49.538+0000] {dag.py:3820} INFO - Setting next_dagrun for example_complex to None, run_after=None
[2024-01-13T12:10:49.564+0000] {processor.py:183} INFO - Processing /home/airflow/.local/lib/python3.8/site-packages/airflow/example_dags/example_complex.py took 0.109 seconds
[2024-01-13T12:11:19.885+0000] {processor.py:161} INFO - Started process (PID=508) to work on /home/airflow/.local/lib/python3.8/site-packages/airflow/example_dags/example_complex.py
[2024-01-13T12:11:19.886+0000] {processor.py:830} INFO - Processing file /home/airflow/.local/lib/python3.8/site-packages/airflow/example_dags/example_complex.py for tasks to queue
[2024-01-13T12:11:19.889+0000] {logging_mixin.py:188} INFO - [2024-01-13T12:11:19.889+0000] {dagbag.py:538} INFO - Filling up the DagBag from /home/airflow/.local/lib/python3.8/site-packages/airflow/example_dags/example_complex.py
[2024-01-13T12:11:19.904+0000] {processor.py:840} INFO - DAG(s) 'example_complex' retrieved from /home/airflow/.local/lib/python3.8/site-packages/airflow/example_dags/example_complex.py
[2024-01-13T12:11:19.947+0000] {logging_mixin.py:188} INFO - [2024-01-13T12:11:19.946+0000] {dag.py:3033} INFO - Sync 1 DAGs
[2024-01-13T12:11:19.973+0000] {logging_mixin.py:188} INFO - [2024-01-13T12:11:19.972+0000] {dag.py:3820} INFO - Setting next_dagrun for example_complex to None, run_after=None
[2024-01-13T12:11:20.003+0000] {processor.py:183} INFO - Processing /home/airflow/.local/lib/python3.8/site-packages/airflow/example_dags/example_complex.py took 0.123 seconds
[2024-01-13T12:11:50.110+0000] {processor.py:161} INFO - Started process (PID=567) to work on /home/airflow/.local/lib/python3.8/site-packages/airflow/example_dags/example_complex.py
[2024-01-13T12:11:50.112+0000] {processor.py:830} INFO - Processing file /home/airflow/.local/lib/python3.8/site-packages/airflow/example_dags/example_complex.py for tasks to queue
[2024-01-13T12:11:50.116+0000] {logging_mixin.py:188} INFO - [2024-01-13T12:11:50.115+0000] {dagbag.py:538} INFO - Filling up the DagBag from /home/airflow/.local/lib/python3.8/site-packages/airflow/example_dags/example_complex.py
[2024-01-13T12:11:50.130+0000] {processor.py:840} INFO - DAG(s) 'example_complex' retrieved from /home/airflow/.local/lib/python3.8/site-packages/airflow/example_dags/example_complex.py
[2024-01-13T12:11:50.174+0000] {logging_mixin.py:188} INFO - [2024-01-13T12:11:50.174+0000] {dag.py:3033} INFO - Sync 1 DAGs
[2024-01-13T12:11:50.193+0000] {logging_mixin.py:188} INFO - [2024-01-13T12:11:50.192+0000] {dag.py:3820} INFO - Setting next_dagrun for example_complex to None, run_after=None
[2024-01-13T12:11:50.219+0000] {processor.py:183} INFO - Processing /home/airflow/.local/lib/python3.8/site-packages/airflow/example_dags/example_complex.py took 0.114 seconds
[2024-01-13T12:12:20.395+0000] {processor.py:161} INFO - Started process (PID=626) to work on /home/airflow/.local/lib/python3.8/site-packages/airflow/example_dags/example_complex.py
[2024-01-13T12:12:20.396+0000] {processor.py:830} INFO - Processing file /home/airflow/.local/lib/python3.8/site-packages/airflow/example_dags/example_complex.py for tasks to queue
[2024-01-13T12:12:20.399+0000] {logging_mixin.py:188} INFO - [2024-01-13T12:12:20.399+0000] {dagbag.py:538} INFO - Filling up the DagBag from /home/airflow/.local/lib/python3.8/site-packages/airflow/example_dags/example_complex.py
[2024-01-13T12:12:20.414+0000] {processor.py:840} INFO - DAG(s) 'example_complex' retrieved from /home/airflow/.local/lib/python3.8/site-packages/airflow/example_dags/example_complex.py
[2024-01-13T12:12:20.462+0000] {logging_mixin.py:188} INFO - [2024-01-13T12:12:20.461+0000] {dag.py:3033} INFO - Sync 1 DAGs
[2024-01-13T12:12:20.478+0000] {logging_mixin.py:188} INFO - [2024-01-13T12:12:20.478+0000] {dag.py:3820} INFO - Setting next_dagrun for example_complex to None, run_after=None
[2024-01-13T12:12:20.502+0000] {processor.py:183} INFO - Processing /home/airflow/.local/lib/python3.8/site-packages/airflow/example_dags/example_complex.py took 0.112 seconds
[2024-01-13T12:12:52.346+0000] {processor.py:161} INFO - Started process (PID=685) to work on /home/airflow/.local/lib/python3.8/site-packages/airflow/example_dags/example_complex.py
[2024-01-13T12:12:52.349+0000] {processor.py:830} INFO - Processing file /home/airflow/.local/lib/python3.8/site-packages/airflow/example_dags/example_complex.py for tasks to queue
[2024-01-13T12:12:52.353+0000] {logging_mixin.py:188} INFO - [2024-01-13T12:12:52.352+0000] {dagbag.py:538} INFO - Filling up the DagBag from /home/airflow/.local/lib/python3.8/site-packages/airflow/example_dags/example_complex.py
[2024-01-13T12:12:52.372+0000] {processor.py:840} INFO - DAG(s) 'example_complex' retrieved from /home/airflow/.local/lib/python3.8/site-packages/airflow/example_dags/example_complex.py
[2024-01-13T12:12:52.415+0000] {logging_mixin.py:188} INFO - [2024-01-13T12:12:52.415+0000] {dag.py:3033} INFO - Sync 1 DAGs
[2024-01-13T12:12:52.432+0000] {logging_mixin.py:188} INFO - [2024-01-13T12:12:52.432+0000] {dag.py:3820} INFO - Setting next_dagrun for example_complex to None, run_after=None
[2024-01-13T12:12:52.465+0000] {processor.py:183} INFO - Processing /home/airflow/.local/lib/python3.8/site-packages/airflow/example_dags/example_complex.py took 0.124 seconds
[2024-01-13T12:13:28.260+0000] {processor.py:161} INFO - Started process (PID=759) to work on /home/airflow/.local/lib/python3.8/site-packages/airflow/example_dags/example_complex.py
[2024-01-13T12:13:28.264+0000] {processor.py:830} INFO - Processing file /home/airflow/.local/lib/python3.8/site-packages/airflow/example_dags/example_complex.py for tasks to queue
[2024-01-13T12:13:28.268+0000] {logging_mixin.py:188} INFO - [2024-01-13T12:13:28.268+0000] {dagbag.py:538} INFO - Filling up the DagBag from /home/airflow/.local/lib/python3.8/site-packages/airflow/example_dags/example_complex.py
[2024-01-13T12:13:28.294+0000] {processor.py:840} INFO - DAG(s) 'example_complex' retrieved from /home/airflow/.local/lib/python3.8/site-packages/airflow/example_dags/example_complex.py
[2024-01-13T12:13:28.414+0000] {logging_mixin.py:188} INFO - [2024-01-13T12:13:28.414+0000] {dag.py:3033} INFO - Sync 1 DAGs
[2024-01-13T12:13:28.453+0000] {logging_mixin.py:188} INFO - [2024-01-13T12:13:28.452+0000] {dag.py:3820} INFO - Setting next_dagrun for example_complex to None, run_after=None
[2024-01-13T12:13:28.522+0000] {processor.py:183} INFO - Processing /home/airflow/.local/lib/python3.8/site-packages/airflow/example_dags/example_complex.py took 0.269 seconds
[2024-01-13T12:13:58.604+0000] {processor.py:161} INFO - Started process (PID=818) to work on /home/airflow/.local/lib/python3.8/site-packages/airflow/example_dags/example_complex.py
[2024-01-13T12:13:58.606+0000] {processor.py:830} INFO - Processing file /home/airflow/.local/lib/python3.8/site-packages/airflow/example_dags/example_complex.py for tasks to queue
[2024-01-13T12:13:58.610+0000] {logging_mixin.py:188} INFO - [2024-01-13T12:13:58.609+0000] {dagbag.py:538} INFO - Filling up the DagBag from /home/airflow/.local/lib/python3.8/site-packages/airflow/example_dags/example_complex.py
[2024-01-13T12:13:58.629+0000] {processor.py:840} INFO - DAG(s) 'example_complex' retrieved from /home/airflow/.local/lib/python3.8/site-packages/airflow/example_dags/example_complex.py
[2024-01-13T12:13:58.672+0000] {logging_mixin.py:188} INFO - [2024-01-13T12:13:58.672+0000] {dag.py:3033} INFO - Sync 1 DAGs
[2024-01-13T12:13:58.689+0000] {logging_mixin.py:188} INFO - [2024-01-13T12:13:58.689+0000] {dag.py:3820} INFO - Setting next_dagrun for example_complex to None, run_after=None
[2024-01-13T12:13:58.715+0000] {processor.py:183} INFO - Processing /home/airflow/.local/lib/python3.8/site-packages/airflow/example_dags/example_complex.py took 0.118 seconds
[2024-01-13T12:14:28.994+0000] {processor.py:161} INFO - Started process (PID=877) to work on /home/airflow/.local/lib/python3.8/site-packages/airflow/example_dags/example_complex.py
[2024-01-13T12:14:29.006+0000] {processor.py:830} INFO - Processing file /home/airflow/.local/lib/python3.8/site-packages/airflow/example_dags/example_complex.py for tasks to queue
[2024-01-13T12:14:29.010+0000] {logging_mixin.py:188} INFO - [2024-01-13T12:14:29.009+0000] {dagbag.py:538} INFO - Filling up the DagBag from /home/airflow/.local/lib/python3.8/site-packages/airflow/example_dags/example_complex.py
[2024-01-13T12:14:29.030+0000] {processor.py:840} INFO - DAG(s) 'example_complex' retrieved from /home/airflow/.local/lib/python3.8/site-packages/airflow/example_dags/example_complex.py
[2024-01-13T12:14:29.076+0000] {logging_mixin.py:188} INFO - [2024-01-13T12:14:29.075+0000] {dag.py:3033} INFO - Sync 1 DAGs
[2024-01-13T12:14:29.093+0000] {logging_mixin.py:188} INFO - [2024-01-13T12:14:29.092+0000] {dag.py:3820} INFO - Setting next_dagrun for example_complex to None, run_after=None
[2024-01-13T12:14:29.120+0000] {processor.py:183} INFO - Processing /home/airflow/.local/lib/python3.8/site-packages/airflow/example_dags/example_complex.py took 0.132 seconds
[2024-01-13T12:14:59.891+0000] {processor.py:161} INFO - Started process (PID=936) to work on /home/airflow/.local/lib/python3.8/site-packages/airflow/example_dags/example_complex.py
[2024-01-13T12:14:59.894+0000] {processor.py:830} INFO - Processing file /home/airflow/.local/lib/python3.8/site-packages/airflow/example_dags/example_complex.py for tasks to queue
[2024-01-13T12:14:59.898+0000] {logging_mixin.py:188} INFO - [2024-01-13T12:14:59.898+0000] {dagbag.py:538} INFO - Filling up the DagBag from /home/airflow/.local/lib/python3.8/site-packages/airflow/example_dags/example_complex.py
[2024-01-13T12:14:59.915+0000] {processor.py:840} INFO - DAG(s) 'example_complex' retrieved from /home/airflow/.local/lib/python3.8/site-packages/airflow/example_dags/example_complex.py
[2024-01-13T12:14:59.967+0000] {logging_mixin.py:188} INFO - [2024-01-13T12:14:59.967+0000] {dag.py:3033} INFO - Sync 1 DAGs
[2024-01-13T12:14:59.994+0000] {logging_mixin.py:188} INFO - [2024-01-13T12:14:59.993+0000] {dag.py:3820} INFO - Setting next_dagrun for example_complex to None, run_after=None
[2024-01-13T12:15:00.023+0000] {processor.py:183} INFO - Processing /home/airflow/.local/lib/python3.8/site-packages/airflow/example_dags/example_complex.py took 0.141 seconds
[2024-01-13T12:15:30.721+0000] {processor.py:161} INFO - Started process (PID=995) to work on /home/airflow/.local/lib/python3.8/site-packages/airflow/example_dags/example_complex.py
[2024-01-13T12:15:30.723+0000] {processor.py:830} INFO - Processing file /home/airflow/.local/lib/python3.8/site-packages/airflow/example_dags/example_complex.py for tasks to queue
[2024-01-13T12:15:30.727+0000] {logging_mixin.py:188} INFO - [2024-01-13T12:15:30.726+0000] {dagbag.py:538} INFO - Filling up the DagBag from /home/airflow/.local/lib/python3.8/site-packages/airflow/example_dags/example_complex.py
[2024-01-13T12:15:30.745+0000] {processor.py:840} INFO - DAG(s) 'example_complex' retrieved from /home/airflow/.local/lib/python3.8/site-packages/airflow/example_dags/example_complex.py
[2024-01-13T12:15:30.787+0000] {logging_mixin.py:188} INFO - [2024-01-13T12:15:30.787+0000] {dag.py:3033} INFO - Sync 1 DAGs
[2024-01-13T12:15:30.804+0000] {logging_mixin.py:188} INFO - [2024-01-13T12:15:30.804+0000] {dag.py:3820} INFO - Setting next_dagrun for example_complex to None, run_after=None
[2024-01-13T12:15:30.826+0000] {processor.py:183} INFO - Processing /home/airflow/.local/lib/python3.8/site-packages/airflow/example_dags/example_complex.py took 0.113 seconds
[2024-01-13T12:16:01.587+0000] {processor.py:161} INFO - Started process (PID=1054) to work on /home/airflow/.local/lib/python3.8/site-packages/airflow/example_dags/example_complex.py
[2024-01-13T12:16:01.589+0000] {processor.py:830} INFO - Processing file /home/airflow/.local/lib/python3.8/site-packages/airflow/example_dags/example_complex.py for tasks to queue
[2024-01-13T12:16:01.593+0000] {logging_mixin.py:188} INFO - [2024-01-13T12:16:01.592+0000] {dagbag.py:538} INFO - Filling up the DagBag from /home/airflow/.local/lib/python3.8/site-packages/airflow/example_dags/example_complex.py
[2024-01-13T12:16:01.613+0000] {processor.py:840} INFO - DAG(s) 'example_complex' retrieved from /home/airflow/.local/lib/python3.8/site-packages/airflow/example_dags/example_complex.py
[2024-01-13T12:16:01.664+0000] {logging_mixin.py:188} INFO - [2024-01-13T12:16:01.664+0000] {dag.py:3033} INFO - Sync 1 DAGs
[2024-01-13T12:16:01.681+0000] {logging_mixin.py:188} INFO - [2024-01-13T12:16:01.681+0000] {dag.py:3820} INFO - Setting next_dagrun for example_complex to None, run_after=None
[2024-01-13T12:16:01.704+0000] {processor.py:183} INFO - Processing /home/airflow/.local/lib/python3.8/site-packages/airflow/example_dags/example_complex.py took 0.122 seconds
[2024-01-13T12:16:32.571+0000] {processor.py:161} INFO - Started process (PID=1113) to work on /home/airflow/.local/lib/python3.8/site-packages/airflow/example_dags/example_complex.py
[2024-01-13T12:16:32.573+0000] {processor.py:830} INFO - Processing file /home/airflow/.local/lib/python3.8/site-packages/airflow/example_dags/example_complex.py for tasks to queue
[2024-01-13T12:16:32.576+0000] {logging_mixin.py:188} INFO - [2024-01-13T12:16:32.576+0000] {dagbag.py:538} INFO - Filling up the DagBag from /home/airflow/.local/lib/python3.8/site-packages/airflow/example_dags/example_complex.py
[2024-01-13T12:16:32.591+0000] {processor.py:840} INFO - DAG(s) 'example_complex' retrieved from /home/airflow/.local/lib/python3.8/site-packages/airflow/example_dags/example_complex.py
[2024-01-13T12:16:32.633+0000] {logging_mixin.py:188} INFO - [2024-01-13T12:16:32.632+0000] {dag.py:3033} INFO - Sync 1 DAGs
[2024-01-13T12:16:32.649+0000] {logging_mixin.py:188} INFO - [2024-01-13T12:16:32.649+0000] {dag.py:3820} INFO - Setting next_dagrun for example_complex to None, run_after=None
[2024-01-13T12:16:32.677+0000] {processor.py:183} INFO - Processing /home/airflow/.local/lib/python3.8/site-packages/airflow/example_dags/example_complex.py took 0.111 seconds
[2024-01-13T12:17:03.886+0000] {processor.py:161} INFO - Started process (PID=1172) to work on /home/airflow/.local/lib/python3.8/site-packages/airflow/example_dags/example_complex.py
[2024-01-13T12:17:03.888+0000] {processor.py:830} INFO - Processing file /home/airflow/.local/lib/python3.8/site-packages/airflow/example_dags/example_complex.py for tasks to queue
[2024-01-13T12:17:03.892+0000] {logging_mixin.py:188} INFO - [2024-01-13T12:17:03.891+0000] {dagbag.py:538} INFO - Filling up the DagBag from /home/airflow/.local/lib/python3.8/site-packages/airflow/example_dags/example_complex.py
[2024-01-13T12:17:03.912+0000] {processor.py:840} INFO - DAG(s) 'example_complex' retrieved from /home/airflow/.local/lib/python3.8/site-packages/airflow/example_dags/example_complex.py
[2024-01-13T12:17:03.952+0000] {logging_mixin.py:188} INFO - [2024-01-13T12:17:03.951+0000] {dag.py:3033} INFO - Sync 1 DAGs
[2024-01-13T12:17:03.969+0000] {logging_mixin.py:188} INFO - [2024-01-13T12:17:03.969+0000] {dag.py:3820} INFO - Setting next_dagrun for example_complex to None, run_after=None
[2024-01-13T12:17:03.993+0000] {processor.py:183} INFO - Processing /home/airflow/.local/lib/python3.8/site-packages/airflow/example_dags/example_complex.py took 0.113 seconds
[2024-01-13T12:17:35.130+0000] {processor.py:161} INFO - Started process (PID=1232) to work on /home/airflow/.local/lib/python3.8/site-packages/airflow/example_dags/example_complex.py
[2024-01-13T12:17:35.131+0000] {processor.py:830} INFO - Processing file /home/airflow/.local/lib/python3.8/site-packages/airflow/example_dags/example_complex.py for tasks to queue
[2024-01-13T12:17:35.134+0000] {logging_mixin.py:188} INFO - [2024-01-13T12:17:35.133+0000] {dagbag.py:538} INFO - Filling up the DagBag from /home/airflow/.local/lib/python3.8/site-packages/airflow/example_dags/example_complex.py
[2024-01-13T12:17:35.155+0000] {processor.py:840} INFO - DAG(s) 'example_complex' retrieved from /home/airflow/.local/lib/python3.8/site-packages/airflow/example_dags/example_complex.py
[2024-01-13T12:17:35.197+0000] {logging_mixin.py:188} INFO - [2024-01-13T12:17:35.197+0000] {dag.py:3033} INFO - Sync 1 DAGs
[2024-01-13T12:17:35.215+0000] {logging_mixin.py:188} INFO - [2024-01-13T12:17:35.215+0000] {dag.py:3820} INFO - Setting next_dagrun for example_complex to None, run_after=None
[2024-01-13T12:17:35.241+0000] {processor.py:183} INFO - Processing /home/airflow/.local/lib/python3.8/site-packages/airflow/example_dags/example_complex.py took 0.116 seconds
[2024-01-13T12:18:06.325+0000] {processor.py:161} INFO - Started process (PID=1291) to work on /home/airflow/.local/lib/python3.8/site-packages/airflow/example_dags/example_complex.py
[2024-01-13T12:18:06.327+0000] {processor.py:830} INFO - Processing file /home/airflow/.local/lib/python3.8/site-packages/airflow/example_dags/example_complex.py for tasks to queue
[2024-01-13T12:18:06.331+0000] {logging_mixin.py:188} INFO - [2024-01-13T12:18:06.330+0000] {dagbag.py:538} INFO - Filling up the DagBag from /home/airflow/.local/lib/python3.8/site-packages/airflow/example_dags/example_complex.py
[2024-01-13T12:18:06.346+0000] {processor.py:840} INFO - DAG(s) 'example_complex' retrieved from /home/airflow/.local/lib/python3.8/site-packages/airflow/example_dags/example_complex.py
[2024-01-13T12:18:06.399+0000] {logging_mixin.py:188} INFO - [2024-01-13T12:18:06.399+0000] {dag.py:3033} INFO - Sync 1 DAGs
[2024-01-13T12:18:06.416+0000] {logging_mixin.py:188} INFO - [2024-01-13T12:18:06.416+0000] {dag.py:3820} INFO - Setting next_dagrun for example_complex to None, run_after=None
[2024-01-13T12:18:06.442+0000] {processor.py:183} INFO - Processing /home/airflow/.local/lib/python3.8/site-packages/airflow/example_dags/example_complex.py took 0.122 seconds
[2024-01-13T12:18:38.219+0000] {processor.py:161} INFO - Started process (PID=1350) to work on /home/airflow/.local/lib/python3.8/site-packages/airflow/example_dags/example_complex.py
[2024-01-13T12:18:38.220+0000] {processor.py:830} INFO - Processing file /home/airflow/.local/lib/python3.8/site-packages/airflow/example_dags/example_complex.py for tasks to queue
[2024-01-13T12:18:38.224+0000] {logging_mixin.py:188} INFO - [2024-01-13T12:18:38.224+0000] {dagbag.py:538} INFO - Filling up the DagBag from /home/airflow/.local/lib/python3.8/site-packages/airflow/example_dags/example_complex.py
[2024-01-13T12:18:38.247+0000] {processor.py:840} INFO - DAG(s) 'example_complex' retrieved from /home/airflow/.local/lib/python3.8/site-packages/airflow/example_dags/example_complex.py
[2024-01-13T12:18:38.311+0000] {logging_mixin.py:188} INFO - [2024-01-13T12:18:38.310+0000] {dag.py:3033} INFO - Sync 1 DAGs
[2024-01-13T12:18:38.336+0000] {logging_mixin.py:188} INFO - [2024-01-13T12:18:38.335+0000] {dag.py:3820} INFO - Setting next_dagrun for example_complex to None, run_after=None
[2024-01-13T12:18:38.372+0000] {processor.py:183} INFO - Processing /home/airflow/.local/lib/python3.8/site-packages/airflow/example_dags/example_complex.py took 0.160 seconds
[2024-01-13T12:19:09.018+0000] {processor.py:161} INFO - Started process (PID=1420) to work on /home/airflow/.local/lib/python3.8/site-packages/airflow/example_dags/example_complex.py
[2024-01-13T12:19:09.020+0000] {processor.py:830} INFO - Processing file /home/airflow/.local/lib/python3.8/site-packages/airflow/example_dags/example_complex.py for tasks to queue
[2024-01-13T12:19:09.023+0000] {logging_mixin.py:188} INFO - [2024-01-13T12:19:09.023+0000] {dagbag.py:538} INFO - Filling up the DagBag from /home/airflow/.local/lib/python3.8/site-packages/airflow/example_dags/example_complex.py
[2024-01-13T12:19:09.038+0000] {processor.py:840} INFO - DAG(s) 'example_complex' retrieved from /home/airflow/.local/lib/python3.8/site-packages/airflow/example_dags/example_complex.py
[2024-01-13T12:19:09.083+0000] {logging_mixin.py:188} INFO - [2024-01-13T12:19:09.083+0000] {dag.py:3033} INFO - Sync 1 DAGs
[2024-01-13T12:19:09.102+0000] {logging_mixin.py:188} INFO - [2024-01-13T12:19:09.100+0000] {dag.py:3820} INFO - Setting next_dagrun for example_complex to None, run_after=None
[2024-01-13T12:19:09.129+0000] {processor.py:183} INFO - Processing /home/airflow/.local/lib/python3.8/site-packages/airflow/example_dags/example_complex.py took 0.116 seconds
[2024-01-13T12:19:40.444+0000] {processor.py:161} INFO - Started process (PID=1480) to work on /home/airflow/.local/lib/python3.8/site-packages/airflow/example_dags/example_complex.py
[2024-01-13T12:19:40.445+0000] {processor.py:830} INFO - Processing file /home/airflow/.local/lib/python3.8/site-packages/airflow/example_dags/example_complex.py for tasks to queue
[2024-01-13T12:19:40.449+0000] {logging_mixin.py:188} INFO - [2024-01-13T12:19:40.449+0000] {dagbag.py:538} INFO - Filling up the DagBag from /home/airflow/.local/lib/python3.8/site-packages/airflow/example_dags/example_complex.py
[2024-01-13T12:19:40.465+0000] {processor.py:840} INFO - DAG(s) 'example_complex' retrieved from /home/airflow/.local/lib/python3.8/site-packages/airflow/example_dags/example_complex.py
[2024-01-13T12:19:40.511+0000] {logging_mixin.py:188} INFO - [2024-01-13T12:19:40.511+0000] {dag.py:3033} INFO - Sync 1 DAGs
[2024-01-13T12:19:40.529+0000] {logging_mixin.py:188} INFO - [2024-01-13T12:19:40.529+0000] {dag.py:3820} INFO - Setting next_dagrun for example_complex to None, run_after=None
[2024-01-13T12:19:40.554+0000] {processor.py:183} INFO - Processing /home/airflow/.local/lib/python3.8/site-packages/airflow/example_dags/example_complex.py took 0.116 seconds
[2024-01-13T12:20:11.915+0000] {processor.py:161} INFO - Started process (PID=1539) to work on /home/airflow/.local/lib/python3.8/site-packages/airflow/example_dags/example_complex.py
[2024-01-13T12:20:11.917+0000] {processor.py:830} INFO - Processing file /home/airflow/.local/lib/python3.8/site-packages/airflow/example_dags/example_complex.py for tasks to queue
[2024-01-13T12:20:11.920+0000] {logging_mixin.py:188} INFO - [2024-01-13T12:20:11.919+0000] {dagbag.py:538} INFO - Filling up the DagBag from /home/airflow/.local/lib/python3.8/site-packages/airflow/example_dags/example_complex.py
[2024-01-13T12:20:11.935+0000] {processor.py:840} INFO - DAG(s) 'example_complex' retrieved from /home/airflow/.local/lib/python3.8/site-packages/airflow/example_dags/example_complex.py
[2024-01-13T12:20:11.976+0000] {logging_mixin.py:188} INFO - [2024-01-13T12:20:11.976+0000] {dag.py:3033} INFO - Sync 1 DAGs
[2024-01-13T12:20:11.992+0000] {logging_mixin.py:188} INFO - [2024-01-13T12:20:11.992+0000] {dag.py:3820} INFO - Setting next_dagrun for example_complex to None, run_after=None
[2024-01-13T12:20:12.017+0000] {processor.py:183} INFO - Processing /home/airflow/.local/lib/python3.8/site-packages/airflow/example_dags/example_complex.py took 0.109 seconds
[2024-01-13T12:20:43.817+0000] {processor.py:161} INFO - Started process (PID=1599) to work on /home/airflow/.local/lib/python3.8/site-packages/airflow/example_dags/example_complex.py
[2024-01-13T12:20:43.820+0000] {processor.py:830} INFO - Processing file /home/airflow/.local/lib/python3.8/site-packages/airflow/example_dags/example_complex.py for tasks to queue
[2024-01-13T12:20:43.823+0000] {logging_mixin.py:188} INFO - [2024-01-13T12:20:43.822+0000] {dagbag.py:538} INFO - Filling up the DagBag from /home/airflow/.local/lib/python3.8/site-packages/airflow/example_dags/example_complex.py
[2024-01-13T12:20:43.838+0000] {processor.py:840} INFO - DAG(s) 'example_complex' retrieved from /home/airflow/.local/lib/python3.8/site-packages/airflow/example_dags/example_complex.py
[2024-01-13T12:20:43.880+0000] {logging_mixin.py:188} INFO - [2024-01-13T12:20:43.879+0000] {dag.py:3033} INFO - Sync 1 DAGs
[2024-01-13T12:20:43.897+0000] {logging_mixin.py:188} INFO - [2024-01-13T12:20:43.897+0000] {dag.py:3820} INFO - Setting next_dagrun for example_complex to None, run_after=None
[2024-01-13T12:20:43.922+0000] {processor.py:183} INFO - Processing /home/airflow/.local/lib/python3.8/site-packages/airflow/example_dags/example_complex.py took 0.111 seconds
[2024-01-13T12:21:14.991+0000] {processor.py:161} INFO - Started process (PID=1665) to work on /home/airflow/.local/lib/python3.8/site-packages/airflow/example_dags/example_complex.py
[2024-01-13T12:21:14.994+0000] {processor.py:830} INFO - Processing file /home/airflow/.local/lib/python3.8/site-packages/airflow/example_dags/example_complex.py for tasks to queue
[2024-01-13T12:21:14.997+0000] {logging_mixin.py:188} INFO - [2024-01-13T12:21:14.997+0000] {dagbag.py:538} INFO - Filling up the DagBag from /home/airflow/.local/lib/python3.8/site-packages/airflow/example_dags/example_complex.py
[2024-01-13T12:21:15.012+0000] {processor.py:840} INFO - DAG(s) 'example_complex' retrieved from /home/airflow/.local/lib/python3.8/site-packages/airflow/example_dags/example_complex.py
[2024-01-13T12:21:15.062+0000] {logging_mixin.py:188} INFO - [2024-01-13T12:21:15.062+0000] {dag.py:3033} INFO - Sync 1 DAGs
[2024-01-13T12:21:15.080+0000] {logging_mixin.py:188} INFO - [2024-01-13T12:21:15.080+0000] {dag.py:3820} INFO - Setting next_dagrun for example_complex to None, run_after=None
[2024-01-13T12:21:15.106+0000] {processor.py:183} INFO - Processing /home/airflow/.local/lib/python3.8/site-packages/airflow/example_dags/example_complex.py took 0.120 seconds
[2024-01-13T12:21:45.978+0000] {processor.py:161} INFO - Started process (PID=1738) to work on /home/airflow/.local/lib/python3.8/site-packages/airflow/example_dags/example_complex.py
[2024-01-13T12:21:45.979+0000] {processor.py:830} INFO - Processing file /home/airflow/.local/lib/python3.8/site-packages/airflow/example_dags/example_complex.py for tasks to queue
[2024-01-13T12:21:45.983+0000] {logging_mixin.py:188} INFO - [2024-01-13T12:21:45.982+0000] {dagbag.py:538} INFO - Filling up the DagBag from /home/airflow/.local/lib/python3.8/site-packages/airflow/example_dags/example_complex.py
[2024-01-13T12:21:45.999+0000] {processor.py:840} INFO - DAG(s) 'example_complex' retrieved from /home/airflow/.local/lib/python3.8/site-packages/airflow/example_dags/example_complex.py
[2024-01-13T12:21:46.047+0000] {logging_mixin.py:188} INFO - [2024-01-13T12:21:46.047+0000] {dag.py:3033} INFO - Sync 1 DAGs
[2024-01-13T12:21:46.064+0000] {logging_mixin.py:188} INFO - [2024-01-13T12:21:46.064+0000] {dag.py:3820} INFO - Setting next_dagrun for example_complex to None, run_after=None
[2024-01-13T12:21:46.089+0000] {processor.py:183} INFO - Processing /home/airflow/.local/lib/python3.8/site-packages/airflow/example_dags/example_complex.py took 0.117 seconds
[2024-01-13T12:22:17.839+0000] {processor.py:161} INFO - Started process (PID=1810) to work on /home/airflow/.local/lib/python3.8/site-packages/airflow/example_dags/example_complex.py
[2024-01-13T12:22:17.842+0000] {processor.py:830} INFO - Processing file /home/airflow/.local/lib/python3.8/site-packages/airflow/example_dags/example_complex.py for tasks to queue
[2024-01-13T12:22:17.847+0000] {logging_mixin.py:188} INFO - [2024-01-13T12:22:17.846+0000] {dagbag.py:538} INFO - Filling up the DagBag from /home/airflow/.local/lib/python3.8/site-packages/airflow/example_dags/example_complex.py
[2024-01-13T12:22:17.864+0000] {processor.py:840} INFO - DAG(s) 'example_complex' retrieved from /home/airflow/.local/lib/python3.8/site-packages/airflow/example_dags/example_complex.py
[2024-01-13T12:22:17.907+0000] {logging_mixin.py:188} INFO - [2024-01-13T12:22:17.907+0000] {dag.py:3033} INFO - Sync 1 DAGs
[2024-01-13T12:22:17.924+0000] {logging_mixin.py:188} INFO - [2024-01-13T12:22:17.924+0000] {dag.py:3820} INFO - Setting next_dagrun for example_complex to None, run_after=None
[2024-01-13T12:22:17.947+0000] {processor.py:183} INFO - Processing /home/airflow/.local/lib/python3.8/site-packages/airflow/example_dags/example_complex.py took 0.115 seconds
[2024-01-13T12:22:49.437+0000] {processor.py:161} INFO - Started process (PID=1903) to work on /home/airflow/.local/lib/python3.8/site-packages/airflow/example_dags/example_complex.py
[2024-01-13T12:22:49.438+0000] {processor.py:830} INFO - Processing file /home/airflow/.local/lib/python3.8/site-packages/airflow/example_dags/example_complex.py for tasks to queue
[2024-01-13T12:22:49.443+0000] {logging_mixin.py:188} INFO - [2024-01-13T12:22:49.442+0000] {dagbag.py:538} INFO - Filling up the DagBag from /home/airflow/.local/lib/python3.8/site-packages/airflow/example_dags/example_complex.py
[2024-01-13T12:22:49.472+0000] {processor.py:840} INFO - DAG(s) 'example_complex' retrieved from /home/airflow/.local/lib/python3.8/site-packages/airflow/example_dags/example_complex.py
[2024-01-13T12:22:49.533+0000] {logging_mixin.py:188} INFO - [2024-01-13T12:22:49.533+0000] {dag.py:3033} INFO - Sync 1 DAGs
[2024-01-13T12:22:49.573+0000] {logging_mixin.py:188} INFO - [2024-01-13T12:22:49.572+0000] {dag.py:3820} INFO - Setting next_dagrun for example_complex to None, run_after=None
[2024-01-13T12:22:49.611+0000] {processor.py:183} INFO - Processing /home/airflow/.local/lib/python3.8/site-packages/airflow/example_dags/example_complex.py took 0.184 seconds
[2024-01-13T12:23:22.538+0000] {processor.py:161} INFO - Started process (PID=1965) to work on /home/airflow/.local/lib/python3.8/site-packages/airflow/example_dags/example_complex.py
[2024-01-13T12:23:22.541+0000] {processor.py:830} INFO - Processing file /home/airflow/.local/lib/python3.8/site-packages/airflow/example_dags/example_complex.py for tasks to queue
[2024-01-13T12:23:22.549+0000] {logging_mixin.py:188} INFO - [2024-01-13T12:23:22.548+0000] {dagbag.py:538} INFO - Filling up the DagBag from /home/airflow/.local/lib/python3.8/site-packages/airflow/example_dags/example_complex.py
[2024-01-13T12:23:22.570+0000] {processor.py:840} INFO - DAG(s) 'example_complex' retrieved from /home/airflow/.local/lib/python3.8/site-packages/airflow/example_dags/example_complex.py
[2024-01-13T12:23:22.628+0000] {logging_mixin.py:188} INFO - [2024-01-13T12:23:22.628+0000] {dag.py:3033} INFO - Sync 1 DAGs
[2024-01-13T12:23:22.650+0000] {logging_mixin.py:188} INFO - [2024-01-13T12:23:22.650+0000] {dag.py:3820} INFO - Setting next_dagrun for example_complex to None, run_after=None
[2024-01-13T12:23:22.687+0000] {processor.py:183} INFO - Processing /home/airflow/.local/lib/python3.8/site-packages/airflow/example_dags/example_complex.py took 0.159 seconds
[2024-01-13T12:23:53.300+0000] {processor.py:161} INFO - Started process (PID=2023) to work on /home/airflow/.local/lib/python3.8/site-packages/airflow/example_dags/example_complex.py
[2024-01-13T12:23:53.303+0000] {processor.py:830} INFO - Processing file /home/airflow/.local/lib/python3.8/site-packages/airflow/example_dags/example_complex.py for tasks to queue
[2024-01-13T12:23:53.307+0000] {logging_mixin.py:188} INFO - [2024-01-13T12:23:53.306+0000] {dagbag.py:538} INFO - Filling up the DagBag from /home/airflow/.local/lib/python3.8/site-packages/airflow/example_dags/example_complex.py
[2024-01-13T12:23:53.325+0000] {processor.py:840} INFO - DAG(s) 'example_complex' retrieved from /home/airflow/.local/lib/python3.8/site-packages/airflow/example_dags/example_complex.py
[2024-01-13T12:23:53.379+0000] {logging_mixin.py:188} INFO - [2024-01-13T12:23:53.378+0000] {dag.py:3033} INFO - Sync 1 DAGs
[2024-01-13T12:23:53.395+0000] {logging_mixin.py:188} INFO - [2024-01-13T12:23:53.395+0000] {dag.py:3820} INFO - Setting next_dagrun for example_complex to None, run_after=None
[2024-01-13T12:23:53.420+0000] {processor.py:183} INFO - Processing /home/airflow/.local/lib/python3.8/site-packages/airflow/example_dags/example_complex.py took 0.127 seconds
[2024-01-13T12:24:23.678+0000] {processor.py:161} INFO - Started process (PID=2082) to work on /home/airflow/.local/lib/python3.8/site-packages/airflow/example_dags/example_complex.py
[2024-01-13T12:24:23.680+0000] {processor.py:830} INFO - Processing file /home/airflow/.local/lib/python3.8/site-packages/airflow/example_dags/example_complex.py for tasks to queue
[2024-01-13T12:24:23.683+0000] {logging_mixin.py:188} INFO - [2024-01-13T12:24:23.683+0000] {dagbag.py:538} INFO - Filling up the DagBag from /home/airflow/.local/lib/python3.8/site-packages/airflow/example_dags/example_complex.py
[2024-01-13T12:24:23.702+0000] {processor.py:840} INFO - DAG(s) 'example_complex' retrieved from /home/airflow/.local/lib/python3.8/site-packages/airflow/example_dags/example_complex.py
[2024-01-13T12:24:23.749+0000] {logging_mixin.py:188} INFO - [2024-01-13T12:24:23.748+0000] {dag.py:3033} INFO - Sync 1 DAGs
[2024-01-13T12:24:23.768+0000] {logging_mixin.py:188} INFO - [2024-01-13T12:24:23.768+0000] {dag.py:3820} INFO - Setting next_dagrun for example_complex to None, run_after=None
[2024-01-13T12:24:23.793+0000] {processor.py:183} INFO - Processing /home/airflow/.local/lib/python3.8/site-packages/airflow/example_dags/example_complex.py took 0.120 seconds
[2024-01-13T12:24:54.187+0000] {processor.py:161} INFO - Started process (PID=2142) to work on /home/airflow/.local/lib/python3.8/site-packages/airflow/example_dags/example_complex.py
[2024-01-13T12:24:54.204+0000] {processor.py:830} INFO - Processing file /home/airflow/.local/lib/python3.8/site-packages/airflow/example_dags/example_complex.py for tasks to queue
[2024-01-13T12:24:54.208+0000] {logging_mixin.py:188} INFO - [2024-01-13T12:24:54.207+0000] {dagbag.py:538} INFO - Filling up the DagBag from /home/airflow/.local/lib/python3.8/site-packages/airflow/example_dags/example_complex.py
[2024-01-13T12:24:54.223+0000] {processor.py:840} INFO - DAG(s) 'example_complex' retrieved from /home/airflow/.local/lib/python3.8/site-packages/airflow/example_dags/example_complex.py
[2024-01-13T12:24:54.275+0000] {logging_mixin.py:188} INFO - [2024-01-13T12:24:54.275+0000] {dag.py:3033} INFO - Sync 1 DAGs
[2024-01-13T12:24:54.292+0000] {logging_mixin.py:188} INFO - [2024-01-13T12:24:54.292+0000] {dag.py:3820} INFO - Setting next_dagrun for example_complex to None, run_after=None
[2024-01-13T12:24:54.317+0000] {processor.py:183} INFO - Processing /home/airflow/.local/lib/python3.8/site-packages/airflow/example_dags/example_complex.py took 0.137 seconds
