[2024-01-13T11:57:46.218+0000] {processor.py:161} INFO - Started process (PID=63) to work on /home/airflow/.local/lib/python3.8/site-packages/airflow/example_dags/example_nested_branch_dag.py
[2024-01-13T11:57:46.219+0000] {processor.py:830} INFO - Processing file /home/airflow/.local/lib/python3.8/site-packages/airflow/example_dags/example_nested_branch_dag.py for tasks to queue
[2024-01-13T11:57:46.226+0000] {logging_mixin.py:188} INFO - [2024-01-13T11:57:46.225+0000] {dagbag.py:538} INFO - Filling up the DagBag from /home/airflow/.local/lib/python3.8/site-packages/airflow/example_dags/example_nested_branch_dag.py
[2024-01-13T11:57:46.243+0000] {processor.py:840} INFO - DAG(s) 'example_nested_branch_dag' retrieved from /home/airflow/.local/lib/python3.8/site-packages/airflow/example_dags/example_nested_branch_dag.py
[2024-01-13T11:57:46.407+0000] {logging_mixin.py:188} INFO - [2024-01-13T11:57:46.406+0000] {override.py:1769} INFO - Created Permission View: can edit on DAG:example_nested_branch_dag
[2024-01-13T11:57:46.426+0000] {logging_mixin.py:188} INFO - [2024-01-13T11:57:46.426+0000] {override.py:1769} INFO - Created Permission View: can read on DAG:example_nested_branch_dag
[2024-01-13T11:57:46.435+0000] {logging_mixin.py:188} INFO - [2024-01-13T11:57:46.435+0000] {override.py:1769} INFO - Created Permission View: can delete on DAG:example_nested_branch_dag
[2024-01-13T11:57:46.436+0000] {logging_mixin.py:188} INFO - [2024-01-13T11:57:46.436+0000] {dag.py:3033} INFO - Sync 1 DAGs
[2024-01-13T11:57:46.455+0000] {logging_mixin.py:188} INFO - [2024-01-13T11:57:46.455+0000] {dag.py:3055} INFO - Creating ORM DAG for example_nested_branch_dag
[2024-01-13T11:57:46.475+0000] {logging_mixin.py:188} INFO - [2024-01-13T11:57:46.474+0000] {dag.py:3820} INFO - Setting next_dagrun for example_nested_branch_dag to 2024-01-12T00:00:00+00:00, run_after=2024-01-13T00:00:00+00:00
[2024-01-13T11:57:46.501+0000] {processor.py:183} INFO - Processing /home/airflow/.local/lib/python3.8/site-packages/airflow/example_dags/example_nested_branch_dag.py took 0.290 seconds
[2024-01-13T11:58:17.253+0000] {processor.py:161} INFO - Started process (PID=122) to work on /home/airflow/.local/lib/python3.8/site-packages/airflow/example_dags/example_nested_branch_dag.py
[2024-01-13T11:58:17.254+0000] {processor.py:830} INFO - Processing file /home/airflow/.local/lib/python3.8/site-packages/airflow/example_dags/example_nested_branch_dag.py for tasks to queue
[2024-01-13T11:58:17.257+0000] {logging_mixin.py:188} INFO - [2024-01-13T11:58:17.257+0000] {dagbag.py:538} INFO - Filling up the DagBag from /home/airflow/.local/lib/python3.8/site-packages/airflow/example_dags/example_nested_branch_dag.py
[2024-01-13T11:58:17.271+0000] {processor.py:840} INFO - DAG(s) 'example_nested_branch_dag' retrieved from /home/airflow/.local/lib/python3.8/site-packages/airflow/example_dags/example_nested_branch_dag.py
[2024-01-13T11:58:17.300+0000] {logging_mixin.py:188} INFO - [2024-01-13T11:58:17.300+0000] {dag.py:3033} INFO - Sync 1 DAGs
[2024-01-13T11:58:17.327+0000] {logging_mixin.py:188} INFO - [2024-01-13T11:58:17.327+0000] {dag.py:3820} INFO - Setting next_dagrun for example_nested_branch_dag to 2024-01-12T00:00:00+00:00, run_after=2024-01-13T00:00:00+00:00
[2024-01-13T11:58:17.353+0000] {processor.py:183} INFO - Processing /home/airflow/.local/lib/python3.8/site-packages/airflow/example_dags/example_nested_branch_dag.py took 0.105 seconds
[2024-01-13T11:58:47.489+0000] {processor.py:161} INFO - Started process (PID=181) to work on /home/airflow/.local/lib/python3.8/site-packages/airflow/example_dags/example_nested_branch_dag.py
[2024-01-13T11:58:47.517+0000] {processor.py:830} INFO - Processing file /home/airflow/.local/lib/python3.8/site-packages/airflow/example_dags/example_nested_branch_dag.py for tasks to queue
[2024-01-13T11:58:47.520+0000] {logging_mixin.py:188} INFO - [2024-01-13T11:58:47.520+0000] {dagbag.py:538} INFO - Filling up the DagBag from /home/airflow/.local/lib/python3.8/site-packages/airflow/example_dags/example_nested_branch_dag.py
[2024-01-13T11:58:47.540+0000] {processor.py:840} INFO - DAG(s) 'example_nested_branch_dag' retrieved from /home/airflow/.local/lib/python3.8/site-packages/airflow/example_dags/example_nested_branch_dag.py
[2024-01-13T11:58:47.580+0000] {logging_mixin.py:188} INFO - [2024-01-13T11:58:47.580+0000] {dag.py:3033} INFO - Sync 1 DAGs
[2024-01-13T11:58:47.612+0000] {logging_mixin.py:188} INFO - [2024-01-13T11:58:47.612+0000] {dag.py:3820} INFO - Setting next_dagrun for example_nested_branch_dag to 2024-01-12T00:00:00+00:00, run_after=2024-01-13T00:00:00+00:00
[2024-01-13T11:58:47.641+0000] {processor.py:183} INFO - Processing /home/airflow/.local/lib/python3.8/site-packages/airflow/example_dags/example_nested_branch_dag.py took 0.159 seconds
[2024-01-13T11:59:18.058+0000] {processor.py:161} INFO - Started process (PID=246) to work on /home/airflow/.local/lib/python3.8/site-packages/airflow/example_dags/example_nested_branch_dag.py
[2024-01-13T11:59:18.059+0000] {processor.py:830} INFO - Processing file /home/airflow/.local/lib/python3.8/site-packages/airflow/example_dags/example_nested_branch_dag.py for tasks to queue
[2024-01-13T11:59:18.062+0000] {logging_mixin.py:188} INFO - [2024-01-13T11:59:18.062+0000] {dagbag.py:538} INFO - Filling up the DagBag from /home/airflow/.local/lib/python3.8/site-packages/airflow/example_dags/example_nested_branch_dag.py
[2024-01-13T11:59:18.079+0000] {processor.py:840} INFO - DAG(s) 'example_nested_branch_dag' retrieved from /home/airflow/.local/lib/python3.8/site-packages/airflow/example_dags/example_nested_branch_dag.py
[2024-01-13T11:59:18.110+0000] {logging_mixin.py:188} INFO - [2024-01-13T11:59:18.110+0000] {dag.py:3033} INFO - Sync 1 DAGs
[2024-01-13T11:59:18.138+0000] {logging_mixin.py:188} INFO - [2024-01-13T11:59:18.137+0000] {dag.py:3820} INFO - Setting next_dagrun for example_nested_branch_dag to 2024-01-12T00:00:00+00:00, run_after=2024-01-13T00:00:00+00:00
[2024-01-13T11:59:18.160+0000] {processor.py:183} INFO - Processing /home/airflow/.local/lib/python3.8/site-packages/airflow/example_dags/example_nested_branch_dag.py took 0.107 seconds
[2024-01-13T11:59:48.753+0000] {processor.py:161} INFO - Started process (PID=305) to work on /home/airflow/.local/lib/python3.8/site-packages/airflow/example_dags/example_nested_branch_dag.py
[2024-01-13T11:59:48.778+0000] {processor.py:830} INFO - Processing file /home/airflow/.local/lib/python3.8/site-packages/airflow/example_dags/example_nested_branch_dag.py for tasks to queue
[2024-01-13T11:59:48.781+0000] {logging_mixin.py:188} INFO - [2024-01-13T11:59:48.781+0000] {dagbag.py:538} INFO - Filling up the DagBag from /home/airflow/.local/lib/python3.8/site-packages/airflow/example_dags/example_nested_branch_dag.py
[2024-01-13T11:59:48.794+0000] {processor.py:840} INFO - DAG(s) 'example_nested_branch_dag' retrieved from /home/airflow/.local/lib/python3.8/site-packages/airflow/example_dags/example_nested_branch_dag.py
[2024-01-13T11:59:48.823+0000] {logging_mixin.py:188} INFO - [2024-01-13T11:59:48.823+0000] {dag.py:3033} INFO - Sync 1 DAGs
[2024-01-13T11:59:48.859+0000] {logging_mixin.py:188} INFO - [2024-01-13T11:59:48.859+0000] {dag.py:3820} INFO - Setting next_dagrun for example_nested_branch_dag to 2024-01-12T00:00:00+00:00, run_after=2024-01-13T00:00:00+00:00
[2024-01-13T11:59:48.882+0000] {processor.py:183} INFO - Processing /home/airflow/.local/lib/python3.8/site-packages/airflow/example_dags/example_nested_branch_dag.py took 0.137 seconds
[2024-01-13T12:00:19.195+0000] {processor.py:161} INFO - Started process (PID=364) to work on /home/airflow/.local/lib/python3.8/site-packages/airflow/example_dags/example_nested_branch_dag.py
[2024-01-13T12:00:19.197+0000] {processor.py:830} INFO - Processing file /home/airflow/.local/lib/python3.8/site-packages/airflow/example_dags/example_nested_branch_dag.py for tasks to queue
[2024-01-13T12:00:19.201+0000] {logging_mixin.py:188} INFO - [2024-01-13T12:00:19.200+0000] {dagbag.py:538} INFO - Filling up the DagBag from /home/airflow/.local/lib/python3.8/site-packages/airflow/example_dags/example_nested_branch_dag.py
[2024-01-13T12:00:19.216+0000] {processor.py:840} INFO - DAG(s) 'example_nested_branch_dag' retrieved from /home/airflow/.local/lib/python3.8/site-packages/airflow/example_dags/example_nested_branch_dag.py
[2024-01-13T12:00:19.245+0000] {logging_mixin.py:188} INFO - [2024-01-13T12:00:19.245+0000] {dag.py:3033} INFO - Sync 1 DAGs
[2024-01-13T12:00:19.274+0000] {logging_mixin.py:188} INFO - [2024-01-13T12:00:19.274+0000] {dag.py:3820} INFO - Setting next_dagrun for example_nested_branch_dag to 2024-01-12T00:00:00+00:00, run_after=2024-01-13T00:00:00+00:00
[2024-01-13T12:00:19.300+0000] {processor.py:183} INFO - Processing /home/airflow/.local/lib/python3.8/site-packages/airflow/example_dags/example_nested_branch_dag.py took 0.110 seconds
[2024-01-13T12:00:49.585+0000] {processor.py:161} INFO - Started process (PID=421) to work on /home/airflow/.local/lib/python3.8/site-packages/airflow/example_dags/example_nested_branch_dag.py
[2024-01-13T12:00:49.586+0000] {processor.py:830} INFO - Processing file /home/airflow/.local/lib/python3.8/site-packages/airflow/example_dags/example_nested_branch_dag.py for tasks to queue
[2024-01-13T12:00:49.589+0000] {logging_mixin.py:188} INFO - [2024-01-13T12:00:49.588+0000] {dagbag.py:538} INFO - Filling up the DagBag from /home/airflow/.local/lib/python3.8/site-packages/airflow/example_dags/example_nested_branch_dag.py
[2024-01-13T12:00:49.602+0000] {processor.py:840} INFO - DAG(s) 'example_nested_branch_dag' retrieved from /home/airflow/.local/lib/python3.8/site-packages/airflow/example_dags/example_nested_branch_dag.py
[2024-01-13T12:00:49.632+0000] {logging_mixin.py:188} INFO - [2024-01-13T12:00:49.631+0000] {dag.py:3033} INFO - Sync 1 DAGs
[2024-01-13T12:00:49.661+0000] {logging_mixin.py:188} INFO - [2024-01-13T12:00:49.661+0000] {dag.py:3820} INFO - Setting next_dagrun for example_nested_branch_dag to 2024-01-12T00:00:00+00:00, run_after=2024-01-13T00:00:00+00:00
[2024-01-13T12:00:49.683+0000] {processor.py:183} INFO - Processing /home/airflow/.local/lib/python3.8/site-packages/airflow/example_dags/example_nested_branch_dag.py took 0.104 seconds
[2024-01-13T12:01:19.932+0000] {processor.py:161} INFO - Started process (PID=480) to work on /home/airflow/.local/lib/python3.8/site-packages/airflow/example_dags/example_nested_branch_dag.py
[2024-01-13T12:01:19.933+0000] {processor.py:830} INFO - Processing file /home/airflow/.local/lib/python3.8/site-packages/airflow/example_dags/example_nested_branch_dag.py for tasks to queue
[2024-01-13T12:01:19.938+0000] {logging_mixin.py:188} INFO - [2024-01-13T12:01:19.937+0000] {dagbag.py:538} INFO - Filling up the DagBag from /home/airflow/.local/lib/python3.8/site-packages/airflow/example_dags/example_nested_branch_dag.py
[2024-01-13T12:01:19.958+0000] {processor.py:840} INFO - DAG(s) 'example_nested_branch_dag' retrieved from /home/airflow/.local/lib/python3.8/site-packages/airflow/example_dags/example_nested_branch_dag.py
[2024-01-13T12:01:20.000+0000] {logging_mixin.py:188} INFO - [2024-01-13T12:01:19.999+0000] {dag.py:3033} INFO - Sync 1 DAGs
[2024-01-13T12:01:20.041+0000] {logging_mixin.py:188} INFO - [2024-01-13T12:01:20.041+0000] {dag.py:3820} INFO - Setting next_dagrun for example_nested_branch_dag to 2024-01-12T00:00:00+00:00, run_after=2024-01-13T00:00:00+00:00
[2024-01-13T12:01:20.070+0000] {processor.py:183} INFO - Processing /home/airflow/.local/lib/python3.8/site-packages/airflow/example_dags/example_nested_branch_dag.py took 0.143 seconds
[2024-01-13T12:01:50.134+0000] {processor.py:161} INFO - Started process (PID=538) to work on /home/airflow/.local/lib/python3.8/site-packages/airflow/example_dags/example_nested_branch_dag.py
[2024-01-13T12:01:50.136+0000] {processor.py:830} INFO - Processing file /home/airflow/.local/lib/python3.8/site-packages/airflow/example_dags/example_nested_branch_dag.py for tasks to queue
[2024-01-13T12:01:50.138+0000] {logging_mixin.py:188} INFO - [2024-01-13T12:01:50.138+0000] {dagbag.py:538} INFO - Filling up the DagBag from /home/airflow/.local/lib/python3.8/site-packages/airflow/example_dags/example_nested_branch_dag.py
[2024-01-13T12:01:50.153+0000] {processor.py:840} INFO - DAG(s) 'example_nested_branch_dag' retrieved from /home/airflow/.local/lib/python3.8/site-packages/airflow/example_dags/example_nested_branch_dag.py
[2024-01-13T12:01:50.185+0000] {logging_mixin.py:188} INFO - [2024-01-13T12:01:50.184+0000] {dag.py:3033} INFO - Sync 1 DAGs
[2024-01-13T12:01:50.217+0000] {logging_mixin.py:188} INFO - [2024-01-13T12:01:50.217+0000] {dag.py:3820} INFO - Setting next_dagrun for example_nested_branch_dag to 2024-01-12T00:00:00+00:00, run_after=2024-01-13T00:00:00+00:00
[2024-01-13T12:01:50.242+0000] {processor.py:183} INFO - Processing /home/airflow/.local/lib/python3.8/site-packages/airflow/example_dags/example_nested_branch_dag.py took 0.113 seconds
[2024-01-13T12:02:20.644+0000] {processor.py:161} INFO - Started process (PID=605) to work on /home/airflow/.local/lib/python3.8/site-packages/airflow/example_dags/example_nested_branch_dag.py
[2024-01-13T12:02:20.645+0000] {processor.py:830} INFO - Processing file /home/airflow/.local/lib/python3.8/site-packages/airflow/example_dags/example_nested_branch_dag.py for tasks to queue
[2024-01-13T12:02:20.649+0000] {logging_mixin.py:188} INFO - [2024-01-13T12:02:20.648+0000] {dagbag.py:538} INFO - Filling up the DagBag from /home/airflow/.local/lib/python3.8/site-packages/airflow/example_dags/example_nested_branch_dag.py
[2024-01-13T12:02:20.663+0000] {processor.py:840} INFO - DAG(s) 'example_nested_branch_dag' retrieved from /home/airflow/.local/lib/python3.8/site-packages/airflow/example_dags/example_nested_branch_dag.py
[2024-01-13T12:02:20.693+0000] {logging_mixin.py:188} INFO - [2024-01-13T12:02:20.693+0000] {dag.py:3033} INFO - Sync 1 DAGs
[2024-01-13T12:02:20.738+0000] {logging_mixin.py:188} INFO - [2024-01-13T12:02:20.738+0000] {dag.py:3820} INFO - Setting next_dagrun for example_nested_branch_dag to 2024-01-12T00:00:00+00:00, run_after=2024-01-13T00:00:00+00:00
[2024-01-13T12:02:20.762+0000] {processor.py:183} INFO - Processing /home/airflow/.local/lib/python3.8/site-packages/airflow/example_dags/example_nested_branch_dag.py took 0.125 seconds
[2024-01-13T12:02:51.473+0000] {processor.py:161} INFO - Started process (PID=684) to work on /home/airflow/.local/lib/python3.8/site-packages/airflow/example_dags/example_nested_branch_dag.py
[2024-01-13T12:02:51.480+0000] {processor.py:830} INFO - Processing file /home/airflow/.local/lib/python3.8/site-packages/airflow/example_dags/example_nested_branch_dag.py for tasks to queue
[2024-01-13T12:02:51.484+0000] {logging_mixin.py:188} INFO - [2024-01-13T12:02:51.483+0000] {dagbag.py:538} INFO - Filling up the DagBag from /home/airflow/.local/lib/python3.8/site-packages/airflow/example_dags/example_nested_branch_dag.py
[2024-01-13T12:02:51.517+0000] {processor.py:840} INFO - DAG(s) 'example_nested_branch_dag' retrieved from /home/airflow/.local/lib/python3.8/site-packages/airflow/example_dags/example_nested_branch_dag.py
[2024-01-13T12:02:51.585+0000] {logging_mixin.py:188} INFO - [2024-01-13T12:02:51.585+0000] {dag.py:3033} INFO - Sync 1 DAGs
[2024-01-13T12:02:51.643+0000] {logging_mixin.py:188} INFO - [2024-01-13T12:02:51.642+0000] {dag.py:3820} INFO - Setting next_dagrun for example_nested_branch_dag to 2024-01-12T00:00:00+00:00, run_after=2024-01-13T00:00:00+00:00
[2024-01-13T12:02:51.686+0000] {processor.py:183} INFO - Processing /home/airflow/.local/lib/python3.8/site-packages/airflow/example_dags/example_nested_branch_dag.py took 0.224 seconds
[2024-01-13T12:07:41.170+0000] {processor.py:161} INFO - Started process (PID=58) to work on /home/airflow/.local/lib/python3.8/site-packages/airflow/example_dags/example_nested_branch_dag.py
[2024-01-13T12:07:41.173+0000] {processor.py:830} INFO - Processing file /home/airflow/.local/lib/python3.8/site-packages/airflow/example_dags/example_nested_branch_dag.py for tasks to queue
[2024-01-13T12:07:41.178+0000] {logging_mixin.py:188} INFO - [2024-01-13T12:07:41.177+0000] {dagbag.py:538} INFO - Filling up the DagBag from /home/airflow/.local/lib/python3.8/site-packages/airflow/example_dags/example_nested_branch_dag.py
[2024-01-13T12:07:41.214+0000] {processor.py:840} INFO - DAG(s) 'example_nested_branch_dag' retrieved from /home/airflow/.local/lib/python3.8/site-packages/airflow/example_dags/example_nested_branch_dag.py
[2024-01-13T12:07:41.245+0000] {logging_mixin.py:188} INFO - [2024-01-13T12:07:41.244+0000] {dag.py:3033} INFO - Sync 1 DAGs
[2024-01-13T12:07:41.302+0000] {logging_mixin.py:188} INFO - [2024-01-13T12:07:41.302+0000] {dag.py:3820} INFO - Setting next_dagrun for example_nested_branch_dag to 2024-01-12T00:00:00+00:00, run_after=2024-01-13T00:00:00+00:00
[2024-01-13T12:07:41.383+0000] {processor.py:183} INFO - Processing /home/airflow/.local/lib/python3.8/site-packages/airflow/example_dags/example_nested_branch_dag.py took 0.230 seconds
[2024-01-13T12:08:15.598+0000] {processor.py:161} INFO - Started process (PID=150) to work on /home/airflow/.local/lib/python3.8/site-packages/airflow/example_dags/example_nested_branch_dag.py
[2024-01-13T12:08:15.602+0000] {processor.py:830} INFO - Processing file /home/airflow/.local/lib/python3.8/site-packages/airflow/example_dags/example_nested_branch_dag.py for tasks to queue
[2024-01-13T12:08:15.606+0000] {logging_mixin.py:188} INFO - [2024-01-13T12:08:15.606+0000] {dagbag.py:538} INFO - Filling up the DagBag from /home/airflow/.local/lib/python3.8/site-packages/airflow/example_dags/example_nested_branch_dag.py
[2024-01-13T12:08:15.630+0000] {processor.py:840} INFO - DAG(s) 'example_nested_branch_dag' retrieved from /home/airflow/.local/lib/python3.8/site-packages/airflow/example_dags/example_nested_branch_dag.py
[2024-01-13T12:08:15.945+0000] {logging_mixin.py:188} INFO - [2024-01-13T12:08:15.944+0000] {dag.py:3033} INFO - Sync 1 DAGs
[2024-01-13T12:08:16.014+0000] {logging_mixin.py:188} INFO - [2024-01-13T12:08:16.014+0000] {dag.py:3820} INFO - Setting next_dagrun for example_nested_branch_dag to 2024-01-12T00:00:00+00:00, run_after=2024-01-13T00:00:00+00:00
[2024-01-13T12:08:16.059+0000] {processor.py:183} INFO - Processing /home/airflow/.local/lib/python3.8/site-packages/airflow/example_dags/example_nested_branch_dag.py took 0.473 seconds
[2024-01-13T12:08:46.241+0000] {processor.py:161} INFO - Started process (PID=209) to work on /home/airflow/.local/lib/python3.8/site-packages/airflow/example_dags/example_nested_branch_dag.py
[2024-01-13T12:08:46.243+0000] {processor.py:830} INFO - Processing file /home/airflow/.local/lib/python3.8/site-packages/airflow/example_dags/example_nested_branch_dag.py for tasks to queue
[2024-01-13T12:08:46.246+0000] {logging_mixin.py:188} INFO - [2024-01-13T12:08:46.245+0000] {dagbag.py:538} INFO - Filling up the DagBag from /home/airflow/.local/lib/python3.8/site-packages/airflow/example_dags/example_nested_branch_dag.py
[2024-01-13T12:08:46.261+0000] {processor.py:840} INFO - DAG(s) 'example_nested_branch_dag' retrieved from /home/airflow/.local/lib/python3.8/site-packages/airflow/example_dags/example_nested_branch_dag.py
[2024-01-13T12:08:46.294+0000] {logging_mixin.py:188} INFO - [2024-01-13T12:08:46.293+0000] {dag.py:3033} INFO - Sync 1 DAGs
[2024-01-13T12:08:46.328+0000] {logging_mixin.py:188} INFO - [2024-01-13T12:08:46.328+0000] {dag.py:3820} INFO - Setting next_dagrun for example_nested_branch_dag to 2024-01-12T00:00:00+00:00, run_after=2024-01-13T00:00:00+00:00
[2024-01-13T12:08:46.353+0000] {processor.py:183} INFO - Processing /home/airflow/.local/lib/python3.8/site-packages/airflow/example_dags/example_nested_branch_dag.py took 0.117 seconds
[2024-01-13T12:09:16.772+0000] {processor.py:161} INFO - Started process (PID=269) to work on /home/airflow/.local/lib/python3.8/site-packages/airflow/example_dags/example_nested_branch_dag.py
[2024-01-13T12:09:16.773+0000] {processor.py:830} INFO - Processing file /home/airflow/.local/lib/python3.8/site-packages/airflow/example_dags/example_nested_branch_dag.py for tasks to queue
[2024-01-13T12:09:16.776+0000] {logging_mixin.py:188} INFO - [2024-01-13T12:09:16.776+0000] {dagbag.py:538} INFO - Filling up the DagBag from /home/airflow/.local/lib/python3.8/site-packages/airflow/example_dags/example_nested_branch_dag.py
[2024-01-13T12:09:16.790+0000] {processor.py:840} INFO - DAG(s) 'example_nested_branch_dag' retrieved from /home/airflow/.local/lib/python3.8/site-packages/airflow/example_dags/example_nested_branch_dag.py
[2024-01-13T12:09:16.818+0000] {logging_mixin.py:188} INFO - [2024-01-13T12:09:16.818+0000] {dag.py:3033} INFO - Sync 1 DAGs
[2024-01-13T12:09:16.847+0000] {logging_mixin.py:188} INFO - [2024-01-13T12:09:16.847+0000] {dag.py:3820} INFO - Setting next_dagrun for example_nested_branch_dag to 2024-01-12T00:00:00+00:00, run_after=2024-01-13T00:00:00+00:00
[2024-01-13T12:09:16.870+0000] {processor.py:183} INFO - Processing /home/airflow/.local/lib/python3.8/site-packages/airflow/example_dags/example_nested_branch_dag.py took 0.103 seconds
[2024-01-13T12:09:47.129+0000] {processor.py:161} INFO - Started process (PID=328) to work on /home/airflow/.local/lib/python3.8/site-packages/airflow/example_dags/example_nested_branch_dag.py
[2024-01-13T12:09:47.131+0000] {processor.py:830} INFO - Processing file /home/airflow/.local/lib/python3.8/site-packages/airflow/example_dags/example_nested_branch_dag.py for tasks to queue
[2024-01-13T12:09:47.134+0000] {logging_mixin.py:188} INFO - [2024-01-13T12:09:47.134+0000] {dagbag.py:538} INFO - Filling up the DagBag from /home/airflow/.local/lib/python3.8/site-packages/airflow/example_dags/example_nested_branch_dag.py
[2024-01-13T12:09:47.148+0000] {processor.py:840} INFO - DAG(s) 'example_nested_branch_dag' retrieved from /home/airflow/.local/lib/python3.8/site-packages/airflow/example_dags/example_nested_branch_dag.py
[2024-01-13T12:09:47.176+0000] {logging_mixin.py:188} INFO - [2024-01-13T12:09:47.176+0000] {dag.py:3033} INFO - Sync 1 DAGs
[2024-01-13T12:09:47.204+0000] {logging_mixin.py:188} INFO - [2024-01-13T12:09:47.204+0000] {dag.py:3820} INFO - Setting next_dagrun for example_nested_branch_dag to 2024-01-12T00:00:00+00:00, run_after=2024-01-13T00:00:00+00:00
[2024-01-13T12:09:47.227+0000] {processor.py:183} INFO - Processing /home/airflow/.local/lib/python3.8/site-packages/airflow/example_dags/example_nested_branch_dag.py took 0.103 seconds
[2024-01-13T12:10:17.938+0000] {processor.py:161} INFO - Started process (PID=387) to work on /home/airflow/.local/lib/python3.8/site-packages/airflow/example_dags/example_nested_branch_dag.py
[2024-01-13T12:10:17.939+0000] {processor.py:830} INFO - Processing file /home/airflow/.local/lib/python3.8/site-packages/airflow/example_dags/example_nested_branch_dag.py for tasks to queue
[2024-01-13T12:10:17.942+0000] {logging_mixin.py:188} INFO - [2024-01-13T12:10:17.942+0000] {dagbag.py:538} INFO - Filling up the DagBag from /home/airflow/.local/lib/python3.8/site-packages/airflow/example_dags/example_nested_branch_dag.py
[2024-01-13T12:10:17.956+0000] {processor.py:840} INFO - DAG(s) 'example_nested_branch_dag' retrieved from /home/airflow/.local/lib/python3.8/site-packages/airflow/example_dags/example_nested_branch_dag.py
[2024-01-13T12:10:17.986+0000] {logging_mixin.py:188} INFO - [2024-01-13T12:10:17.985+0000] {dag.py:3033} INFO - Sync 1 DAGs
[2024-01-13T12:10:18.020+0000] {logging_mixin.py:188} INFO - [2024-01-13T12:10:18.020+0000] {dag.py:3820} INFO - Setting next_dagrun for example_nested_branch_dag to 2024-01-12T00:00:00+00:00, run_after=2024-01-13T00:00:00+00:00
[2024-01-13T12:10:18.041+0000] {processor.py:183} INFO - Processing /home/airflow/.local/lib/python3.8/site-packages/airflow/example_dags/example_nested_branch_dag.py took 0.109 seconds
[2024-01-13T12:10:48.233+0000] {processor.py:161} INFO - Started process (PID=446) to work on /home/airflow/.local/lib/python3.8/site-packages/airflow/example_dags/example_nested_branch_dag.py
[2024-01-13T12:10:48.235+0000] {processor.py:830} INFO - Processing file /home/airflow/.local/lib/python3.8/site-packages/airflow/example_dags/example_nested_branch_dag.py for tasks to queue
[2024-01-13T12:10:48.238+0000] {logging_mixin.py:188} INFO - [2024-01-13T12:10:48.238+0000] {dagbag.py:538} INFO - Filling up the DagBag from /home/airflow/.local/lib/python3.8/site-packages/airflow/example_dags/example_nested_branch_dag.py
[2024-01-13T12:10:48.252+0000] {processor.py:840} INFO - DAG(s) 'example_nested_branch_dag' retrieved from /home/airflow/.local/lib/python3.8/site-packages/airflow/example_dags/example_nested_branch_dag.py
[2024-01-13T12:10:48.280+0000] {logging_mixin.py:188} INFO - [2024-01-13T12:10:48.280+0000] {dag.py:3033} INFO - Sync 1 DAGs
[2024-01-13T12:10:48.313+0000] {logging_mixin.py:188} INFO - [2024-01-13T12:10:48.312+0000] {dag.py:3820} INFO - Setting next_dagrun for example_nested_branch_dag to 2024-01-12T00:00:00+00:00, run_after=2024-01-13T00:00:00+00:00
[2024-01-13T12:10:48.336+0000] {processor.py:183} INFO - Processing /home/airflow/.local/lib/python3.8/site-packages/airflow/example_dags/example_nested_branch_dag.py took 0.107 seconds
[2024-01-13T12:11:18.651+0000] {processor.py:161} INFO - Started process (PID=505) to work on /home/airflow/.local/lib/python3.8/site-packages/airflow/example_dags/example_nested_branch_dag.py
[2024-01-13T12:11:18.652+0000] {processor.py:830} INFO - Processing file /home/airflow/.local/lib/python3.8/site-packages/airflow/example_dags/example_nested_branch_dag.py for tasks to queue
[2024-01-13T12:11:18.655+0000] {logging_mixin.py:188} INFO - [2024-01-13T12:11:18.654+0000] {dagbag.py:538} INFO - Filling up the DagBag from /home/airflow/.local/lib/python3.8/site-packages/airflow/example_dags/example_nested_branch_dag.py
[2024-01-13T12:11:18.668+0000] {processor.py:840} INFO - DAG(s) 'example_nested_branch_dag' retrieved from /home/airflow/.local/lib/python3.8/site-packages/airflow/example_dags/example_nested_branch_dag.py
[2024-01-13T12:11:18.696+0000] {logging_mixin.py:188} INFO - [2024-01-13T12:11:18.696+0000] {dag.py:3033} INFO - Sync 1 DAGs
[2024-01-13T12:11:18.725+0000] {logging_mixin.py:188} INFO - [2024-01-13T12:11:18.725+0000] {dag.py:3820} INFO - Setting next_dagrun for example_nested_branch_dag to 2024-01-12T00:00:00+00:00, run_after=2024-01-13T00:00:00+00:00
[2024-01-13T12:11:18.747+0000] {processor.py:183} INFO - Processing /home/airflow/.local/lib/python3.8/site-packages/airflow/example_dags/example_nested_branch_dag.py took 0.101 seconds
[2024-01-13T12:11:48.936+0000] {processor.py:161} INFO - Started process (PID=564) to work on /home/airflow/.local/lib/python3.8/site-packages/airflow/example_dags/example_nested_branch_dag.py
[2024-01-13T12:11:48.938+0000] {processor.py:830} INFO - Processing file /home/airflow/.local/lib/python3.8/site-packages/airflow/example_dags/example_nested_branch_dag.py for tasks to queue
[2024-01-13T12:11:48.942+0000] {logging_mixin.py:188} INFO - [2024-01-13T12:11:48.941+0000] {dagbag.py:538} INFO - Filling up the DagBag from /home/airflow/.local/lib/python3.8/site-packages/airflow/example_dags/example_nested_branch_dag.py
[2024-01-13T12:11:48.956+0000] {processor.py:840} INFO - DAG(s) 'example_nested_branch_dag' retrieved from /home/airflow/.local/lib/python3.8/site-packages/airflow/example_dags/example_nested_branch_dag.py
[2024-01-13T12:11:48.984+0000] {logging_mixin.py:188} INFO - [2024-01-13T12:11:48.983+0000] {dag.py:3033} INFO - Sync 1 DAGs
[2024-01-13T12:11:49.011+0000] {logging_mixin.py:188} INFO - [2024-01-13T12:11:49.011+0000] {dag.py:3820} INFO - Setting next_dagrun for example_nested_branch_dag to 2024-01-12T00:00:00+00:00, run_after=2024-01-13T00:00:00+00:00
[2024-01-13T12:11:49.031+0000] {processor.py:183} INFO - Processing /home/airflow/.local/lib/python3.8/site-packages/airflow/example_dags/example_nested_branch_dag.py took 0.101 seconds
[2024-01-13T12:12:20.222+0000] {processor.py:161} INFO - Started process (PID=623) to work on /home/airflow/.local/lib/python3.8/site-packages/airflow/example_dags/example_nested_branch_dag.py
[2024-01-13T12:12:20.223+0000] {processor.py:830} INFO - Processing file /home/airflow/.local/lib/python3.8/site-packages/airflow/example_dags/example_nested_branch_dag.py for tasks to queue
[2024-01-13T12:12:20.226+0000] {logging_mixin.py:188} INFO - [2024-01-13T12:12:20.226+0000] {dagbag.py:538} INFO - Filling up the DagBag from /home/airflow/.local/lib/python3.8/site-packages/airflow/example_dags/example_nested_branch_dag.py
[2024-01-13T12:12:20.244+0000] {processor.py:840} INFO - DAG(s) 'example_nested_branch_dag' retrieved from /home/airflow/.local/lib/python3.8/site-packages/airflow/example_dags/example_nested_branch_dag.py
[2024-01-13T12:12:20.280+0000] {logging_mixin.py:188} INFO - [2024-01-13T12:12:20.280+0000] {dag.py:3033} INFO - Sync 1 DAGs
[2024-01-13T12:12:20.312+0000] {logging_mixin.py:188} INFO - [2024-01-13T12:12:20.312+0000] {dag.py:3820} INFO - Setting next_dagrun for example_nested_branch_dag to 2024-01-12T00:00:00+00:00, run_after=2024-01-13T00:00:00+00:00
[2024-01-13T12:12:20.335+0000] {processor.py:183} INFO - Processing /home/airflow/.local/lib/python3.8/site-packages/airflow/example_dags/example_nested_branch_dag.py took 0.118 seconds
[2024-01-13T12:12:52.156+0000] {processor.py:161} INFO - Started process (PID=682) to work on /home/airflow/.local/lib/python3.8/site-packages/airflow/example_dags/example_nested_branch_dag.py
[2024-01-13T12:12:52.159+0000] {processor.py:830} INFO - Processing file /home/airflow/.local/lib/python3.8/site-packages/airflow/example_dags/example_nested_branch_dag.py for tasks to queue
[2024-01-13T12:12:52.162+0000] {logging_mixin.py:188} INFO - [2024-01-13T12:12:52.161+0000] {dagbag.py:538} INFO - Filling up the DagBag from /home/airflow/.local/lib/python3.8/site-packages/airflow/example_dags/example_nested_branch_dag.py
[2024-01-13T12:12:52.176+0000] {processor.py:840} INFO - DAG(s) 'example_nested_branch_dag' retrieved from /home/airflow/.local/lib/python3.8/site-packages/airflow/example_dags/example_nested_branch_dag.py
[2024-01-13T12:12:52.211+0000] {logging_mixin.py:188} INFO - [2024-01-13T12:12:52.211+0000] {dag.py:3033} INFO - Sync 1 DAGs
[2024-01-13T12:12:52.242+0000] {logging_mixin.py:188} INFO - [2024-01-13T12:12:52.241+0000] {dag.py:3820} INFO - Setting next_dagrun for example_nested_branch_dag to 2024-01-12T00:00:00+00:00, run_after=2024-01-13T00:00:00+00:00
[2024-01-13T12:12:52.264+0000] {processor.py:183} INFO - Processing /home/airflow/.local/lib/python3.8/site-packages/airflow/example_dags/example_nested_branch_dag.py took 0.113 seconds
[2024-01-13T12:13:27.565+0000] {processor.py:161} INFO - Started process (PID=755) to work on /home/airflow/.local/lib/python3.8/site-packages/airflow/example_dags/example_nested_branch_dag.py
[2024-01-13T12:13:27.572+0000] {processor.py:830} INFO - Processing file /home/airflow/.local/lib/python3.8/site-packages/airflow/example_dags/example_nested_branch_dag.py for tasks to queue
[2024-01-13T12:13:27.576+0000] {logging_mixin.py:188} INFO - [2024-01-13T12:13:27.576+0000] {dagbag.py:538} INFO - Filling up the DagBag from /home/airflow/.local/lib/python3.8/site-packages/airflow/example_dags/example_nested_branch_dag.py
[2024-01-13T12:13:27.666+0000] {processor.py:840} INFO - DAG(s) 'example_nested_branch_dag' retrieved from /home/airflow/.local/lib/python3.8/site-packages/airflow/example_dags/example_nested_branch_dag.py
[2024-01-13T12:13:27.725+0000] {logging_mixin.py:188} INFO - [2024-01-13T12:13:27.725+0000] {dag.py:3033} INFO - Sync 1 DAGs
[2024-01-13T12:13:27.777+0000] {logging_mixin.py:188} INFO - [2024-01-13T12:13:27.777+0000] {dag.py:3820} INFO - Setting next_dagrun for example_nested_branch_dag to 2024-01-12T00:00:00+00:00, run_after=2024-01-13T00:00:00+00:00
[2024-01-13T12:13:27.814+0000] {processor.py:183} INFO - Processing /home/airflow/.local/lib/python3.8/site-packages/airflow/example_dags/example_nested_branch_dag.py took 0.263 seconds
[2024-01-13T12:13:58.248+0000] {processor.py:161} INFO - Started process (PID=815) to work on /home/airflow/.local/lib/python3.8/site-packages/airflow/example_dags/example_nested_branch_dag.py
[2024-01-13T12:13:58.251+0000] {processor.py:830} INFO - Processing file /home/airflow/.local/lib/python3.8/site-packages/airflow/example_dags/example_nested_branch_dag.py for tasks to queue
[2024-01-13T12:13:58.255+0000] {logging_mixin.py:188} INFO - [2024-01-13T12:13:58.254+0000] {dagbag.py:538} INFO - Filling up the DagBag from /home/airflow/.local/lib/python3.8/site-packages/airflow/example_dags/example_nested_branch_dag.py
[2024-01-13T12:13:58.270+0000] {processor.py:840} INFO - DAG(s) 'example_nested_branch_dag' retrieved from /home/airflow/.local/lib/python3.8/site-packages/airflow/example_dags/example_nested_branch_dag.py
[2024-01-13T12:13:58.308+0000] {logging_mixin.py:188} INFO - [2024-01-13T12:13:58.308+0000] {dag.py:3033} INFO - Sync 1 DAGs
[2024-01-13T12:13:58.351+0000] {logging_mixin.py:188} INFO - [2024-01-13T12:13:58.351+0000] {dag.py:3820} INFO - Setting next_dagrun for example_nested_branch_dag to 2024-01-12T00:00:00+00:00, run_after=2024-01-13T00:00:00+00:00
[2024-01-13T12:13:58.383+0000] {processor.py:183} INFO - Processing /home/airflow/.local/lib/python3.8/site-packages/airflow/example_dags/example_nested_branch_dag.py took 0.142 seconds
[2024-01-13T12:14:28.753+0000] {processor.py:161} INFO - Started process (PID=874) to work on /home/airflow/.local/lib/python3.8/site-packages/airflow/example_dags/example_nested_branch_dag.py
[2024-01-13T12:14:28.754+0000] {processor.py:830} INFO - Processing file /home/airflow/.local/lib/python3.8/site-packages/airflow/example_dags/example_nested_branch_dag.py for tasks to queue
[2024-01-13T12:14:28.758+0000] {logging_mixin.py:188} INFO - [2024-01-13T12:14:28.757+0000] {dagbag.py:538} INFO - Filling up the DagBag from /home/airflow/.local/lib/python3.8/site-packages/airflow/example_dags/example_nested_branch_dag.py
[2024-01-13T12:14:28.772+0000] {processor.py:840} INFO - DAG(s) 'example_nested_branch_dag' retrieved from /home/airflow/.local/lib/python3.8/site-packages/airflow/example_dags/example_nested_branch_dag.py
[2024-01-13T12:14:28.802+0000] {logging_mixin.py:188} INFO - [2024-01-13T12:14:28.802+0000] {dag.py:3033} INFO - Sync 1 DAGs
[2024-01-13T12:14:28.832+0000] {logging_mixin.py:188} INFO - [2024-01-13T12:14:28.832+0000] {dag.py:3820} INFO - Setting next_dagrun for example_nested_branch_dag to 2024-01-12T00:00:00+00:00, run_after=2024-01-13T00:00:00+00:00
[2024-01-13T12:14:28.860+0000] {processor.py:183} INFO - Processing /home/airflow/.local/lib/python3.8/site-packages/airflow/example_dags/example_nested_branch_dag.py took 0.112 seconds
[2024-01-13T12:14:59.666+0000] {processor.py:161} INFO - Started process (PID=933) to work on /home/airflow/.local/lib/python3.8/site-packages/airflow/example_dags/example_nested_branch_dag.py
[2024-01-13T12:14:59.669+0000] {processor.py:830} INFO - Processing file /home/airflow/.local/lib/python3.8/site-packages/airflow/example_dags/example_nested_branch_dag.py for tasks to queue
[2024-01-13T12:14:59.672+0000] {logging_mixin.py:188} INFO - [2024-01-13T12:14:59.672+0000] {dagbag.py:538} INFO - Filling up the DagBag from /home/airflow/.local/lib/python3.8/site-packages/airflow/example_dags/example_nested_branch_dag.py
[2024-01-13T12:14:59.687+0000] {processor.py:840} INFO - DAG(s) 'example_nested_branch_dag' retrieved from /home/airflow/.local/lib/python3.8/site-packages/airflow/example_dags/example_nested_branch_dag.py
[2024-01-13T12:14:59.719+0000] {logging_mixin.py:188} INFO - [2024-01-13T12:14:59.719+0000] {dag.py:3033} INFO - Sync 1 DAGs
[2024-01-13T12:14:59.758+0000] {logging_mixin.py:188} INFO - [2024-01-13T12:14:59.757+0000] {dag.py:3820} INFO - Setting next_dagrun for example_nested_branch_dag to 2024-01-12T00:00:00+00:00, run_after=2024-01-13T00:00:00+00:00
[2024-01-13T12:14:59.790+0000] {processor.py:183} INFO - Processing /home/airflow/.local/lib/python3.8/site-packages/airflow/example_dags/example_nested_branch_dag.py took 0.130 seconds
[2024-01-13T12:15:30.481+0000] {processor.py:161} INFO - Started process (PID=992) to work on /home/airflow/.local/lib/python3.8/site-packages/airflow/example_dags/example_nested_branch_dag.py
[2024-01-13T12:15:30.484+0000] {processor.py:830} INFO - Processing file /home/airflow/.local/lib/python3.8/site-packages/airflow/example_dags/example_nested_branch_dag.py for tasks to queue
[2024-01-13T12:15:30.488+0000] {logging_mixin.py:188} INFO - [2024-01-13T12:15:30.488+0000] {dagbag.py:538} INFO - Filling up the DagBag from /home/airflow/.local/lib/python3.8/site-packages/airflow/example_dags/example_nested_branch_dag.py
[2024-01-13T12:15:30.502+0000] {processor.py:840} INFO - DAG(s) 'example_nested_branch_dag' retrieved from /home/airflow/.local/lib/python3.8/site-packages/airflow/example_dags/example_nested_branch_dag.py
[2024-01-13T12:15:30.535+0000] {logging_mixin.py:188} INFO - [2024-01-13T12:15:30.534+0000] {dag.py:3033} INFO - Sync 1 DAGs
[2024-01-13T12:15:30.567+0000] {logging_mixin.py:188} INFO - [2024-01-13T12:15:30.566+0000] {dag.py:3820} INFO - Setting next_dagrun for example_nested_branch_dag to 2024-01-12T00:00:00+00:00, run_after=2024-01-13T00:00:00+00:00
[2024-01-13T12:15:30.587+0000] {processor.py:183} INFO - Processing /home/airflow/.local/lib/python3.8/site-packages/airflow/example_dags/example_nested_branch_dag.py took 0.113 seconds
[2024-01-13T12:16:01.366+0000] {processor.py:161} INFO - Started process (PID=1051) to work on /home/airflow/.local/lib/python3.8/site-packages/airflow/example_dags/example_nested_branch_dag.py
[2024-01-13T12:16:01.368+0000] {processor.py:830} INFO - Processing file /home/airflow/.local/lib/python3.8/site-packages/airflow/example_dags/example_nested_branch_dag.py for tasks to queue
[2024-01-13T12:16:01.371+0000] {logging_mixin.py:188} INFO - [2024-01-13T12:16:01.371+0000] {dagbag.py:538} INFO - Filling up the DagBag from /home/airflow/.local/lib/python3.8/site-packages/airflow/example_dags/example_nested_branch_dag.py
[2024-01-13T12:16:01.386+0000] {processor.py:840} INFO - DAG(s) 'example_nested_branch_dag' retrieved from /home/airflow/.local/lib/python3.8/site-packages/airflow/example_dags/example_nested_branch_dag.py
[2024-01-13T12:16:01.422+0000] {logging_mixin.py:188} INFO - [2024-01-13T12:16:01.421+0000] {dag.py:3033} INFO - Sync 1 DAGs
[2024-01-13T12:16:01.463+0000] {logging_mixin.py:188} INFO - [2024-01-13T12:16:01.463+0000] {dag.py:3820} INFO - Setting next_dagrun for example_nested_branch_dag to 2024-01-12T00:00:00+00:00, run_after=2024-01-13T00:00:00+00:00
[2024-01-13T12:16:01.486+0000] {processor.py:183} INFO - Processing /home/airflow/.local/lib/python3.8/site-packages/airflow/example_dags/example_nested_branch_dag.py took 0.126 seconds
[2024-01-13T12:16:32.296+0000] {processor.py:161} INFO - Started process (PID=1110) to work on /home/airflow/.local/lib/python3.8/site-packages/airflow/example_dags/example_nested_branch_dag.py
[2024-01-13T12:16:32.298+0000] {processor.py:830} INFO - Processing file /home/airflow/.local/lib/python3.8/site-packages/airflow/example_dags/example_nested_branch_dag.py for tasks to queue
[2024-01-13T12:16:32.301+0000] {logging_mixin.py:188} INFO - [2024-01-13T12:16:32.301+0000] {dagbag.py:538} INFO - Filling up the DagBag from /home/airflow/.local/lib/python3.8/site-packages/airflow/example_dags/example_nested_branch_dag.py
[2024-01-13T12:16:32.316+0000] {processor.py:840} INFO - DAG(s) 'example_nested_branch_dag' retrieved from /home/airflow/.local/lib/python3.8/site-packages/airflow/example_dags/example_nested_branch_dag.py
[2024-01-13T12:16:32.347+0000] {logging_mixin.py:188} INFO - [2024-01-13T12:16:32.347+0000] {dag.py:3033} INFO - Sync 1 DAGs
[2024-01-13T12:16:32.376+0000] {logging_mixin.py:188} INFO - [2024-01-13T12:16:32.375+0000] {dag.py:3820} INFO - Setting next_dagrun for example_nested_branch_dag to 2024-01-12T00:00:00+00:00, run_after=2024-01-13T00:00:00+00:00
[2024-01-13T12:16:32.402+0000] {processor.py:183} INFO - Processing /home/airflow/.local/lib/python3.8/site-packages/airflow/example_dags/example_nested_branch_dag.py took 0.111 seconds
[2024-01-13T12:17:03.662+0000] {processor.py:161} INFO - Started process (PID=1169) to work on /home/airflow/.local/lib/python3.8/site-packages/airflow/example_dags/example_nested_branch_dag.py
[2024-01-13T12:17:03.664+0000] {processor.py:830} INFO - Processing file /home/airflow/.local/lib/python3.8/site-packages/airflow/example_dags/example_nested_branch_dag.py for tasks to queue
[2024-01-13T12:17:03.667+0000] {logging_mixin.py:188} INFO - [2024-01-13T12:17:03.666+0000] {dagbag.py:538} INFO - Filling up the DagBag from /home/airflow/.local/lib/python3.8/site-packages/airflow/example_dags/example_nested_branch_dag.py
[2024-01-13T12:17:03.681+0000] {processor.py:840} INFO - DAG(s) 'example_nested_branch_dag' retrieved from /home/airflow/.local/lib/python3.8/site-packages/airflow/example_dags/example_nested_branch_dag.py
[2024-01-13T12:17:03.712+0000] {logging_mixin.py:188} INFO - [2024-01-13T12:17:03.712+0000] {dag.py:3033} INFO - Sync 1 DAGs
[2024-01-13T12:17:03.745+0000] {logging_mixin.py:188} INFO - [2024-01-13T12:17:03.745+0000] {dag.py:3820} INFO - Setting next_dagrun for example_nested_branch_dag to 2024-01-12T00:00:00+00:00, run_after=2024-01-13T00:00:00+00:00
[2024-01-13T12:17:03.771+0000] {processor.py:183} INFO - Processing /home/airflow/.local/lib/python3.8/site-packages/airflow/example_dags/example_nested_branch_dag.py took 0.114 seconds
[2024-01-13T12:17:34.833+0000] {processor.py:161} INFO - Started process (PID=1228) to work on /home/airflow/.local/lib/python3.8/site-packages/airflow/example_dags/example_nested_branch_dag.py
[2024-01-13T12:17:34.835+0000] {processor.py:830} INFO - Processing file /home/airflow/.local/lib/python3.8/site-packages/airflow/example_dags/example_nested_branch_dag.py for tasks to queue
[2024-01-13T12:17:34.839+0000] {logging_mixin.py:188} INFO - [2024-01-13T12:17:34.839+0000] {dagbag.py:538} INFO - Filling up the DagBag from /home/airflow/.local/lib/python3.8/site-packages/airflow/example_dags/example_nested_branch_dag.py
[2024-01-13T12:17:34.858+0000] {processor.py:840} INFO - DAG(s) 'example_nested_branch_dag' retrieved from /home/airflow/.local/lib/python3.8/site-packages/airflow/example_dags/example_nested_branch_dag.py
[2024-01-13T12:17:34.889+0000] {logging_mixin.py:188} INFO - [2024-01-13T12:17:34.889+0000] {dag.py:3033} INFO - Sync 1 DAGs
[2024-01-13T12:17:34.920+0000] {logging_mixin.py:188} INFO - [2024-01-13T12:17:34.920+0000] {dag.py:3820} INFO - Setting next_dagrun for example_nested_branch_dag to 2024-01-12T00:00:00+00:00, run_after=2024-01-13T00:00:00+00:00
[2024-01-13T12:17:34.944+0000] {processor.py:183} INFO - Processing /home/airflow/.local/lib/python3.8/site-packages/airflow/example_dags/example_nested_branch_dag.py took 0.116 seconds
[2024-01-13T12:18:06.040+0000] {processor.py:161} INFO - Started process (PID=1287) to work on /home/airflow/.local/lib/python3.8/site-packages/airflow/example_dags/example_nested_branch_dag.py
[2024-01-13T12:18:06.041+0000] {processor.py:830} INFO - Processing file /home/airflow/.local/lib/python3.8/site-packages/airflow/example_dags/example_nested_branch_dag.py for tasks to queue
[2024-01-13T12:18:06.044+0000] {logging_mixin.py:188} INFO - [2024-01-13T12:18:06.043+0000] {dagbag.py:538} INFO - Filling up the DagBag from /home/airflow/.local/lib/python3.8/site-packages/airflow/example_dags/example_nested_branch_dag.py
[2024-01-13T12:18:06.059+0000] {processor.py:840} INFO - DAG(s) 'example_nested_branch_dag' retrieved from /home/airflow/.local/lib/python3.8/site-packages/airflow/example_dags/example_nested_branch_dag.py
[2024-01-13T12:18:06.091+0000] {logging_mixin.py:188} INFO - [2024-01-13T12:18:06.091+0000] {dag.py:3033} INFO - Sync 1 DAGs
[2024-01-13T12:18:06.121+0000] {logging_mixin.py:188} INFO - [2024-01-13T12:18:06.121+0000] {dag.py:3820} INFO - Setting next_dagrun for example_nested_branch_dag to 2024-01-12T00:00:00+00:00, run_after=2024-01-13T00:00:00+00:00
[2024-01-13T12:18:06.145+0000] {processor.py:183} INFO - Processing /home/airflow/.local/lib/python3.8/site-packages/airflow/example_dags/example_nested_branch_dag.py took 0.111 seconds
[2024-01-13T12:18:37.872+0000] {processor.py:161} INFO - Started process (PID=1346) to work on /home/airflow/.local/lib/python3.8/site-packages/airflow/example_dags/example_nested_branch_dag.py
[2024-01-13T12:18:37.874+0000] {processor.py:830} INFO - Processing file /home/airflow/.local/lib/python3.8/site-packages/airflow/example_dags/example_nested_branch_dag.py for tasks to queue
[2024-01-13T12:18:37.878+0000] {logging_mixin.py:188} INFO - [2024-01-13T12:18:37.878+0000] {dagbag.py:538} INFO - Filling up the DagBag from /home/airflow/.local/lib/python3.8/site-packages/airflow/example_dags/example_nested_branch_dag.py
[2024-01-13T12:18:37.901+0000] {processor.py:840} INFO - DAG(s) 'example_nested_branch_dag' retrieved from /home/airflow/.local/lib/python3.8/site-packages/airflow/example_dags/example_nested_branch_dag.py
[2024-01-13T12:18:37.943+0000] {logging_mixin.py:188} INFO - [2024-01-13T12:18:37.942+0000] {dag.py:3033} INFO - Sync 1 DAGs
[2024-01-13T12:18:37.977+0000] {logging_mixin.py:188} INFO - [2024-01-13T12:18:37.977+0000] {dag.py:3820} INFO - Setting next_dagrun for example_nested_branch_dag to 2024-01-12T00:00:00+00:00, run_after=2024-01-13T00:00:00+00:00
[2024-01-13T12:18:38.012+0000] {processor.py:183} INFO - Processing /home/airflow/.local/lib/python3.8/site-packages/airflow/example_dags/example_nested_branch_dag.py took 0.148 seconds
[2024-01-13T12:19:08.842+0000] {processor.py:161} INFO - Started process (PID=1417) to work on /home/airflow/.local/lib/python3.8/site-packages/airflow/example_dags/example_nested_branch_dag.py
[2024-01-13T12:19:08.843+0000] {processor.py:830} INFO - Processing file /home/airflow/.local/lib/python3.8/site-packages/airflow/example_dags/example_nested_branch_dag.py for tasks to queue
[2024-01-13T12:19:08.846+0000] {logging_mixin.py:188} INFO - [2024-01-13T12:19:08.845+0000] {dagbag.py:538} INFO - Filling up the DagBag from /home/airflow/.local/lib/python3.8/site-packages/airflow/example_dags/example_nested_branch_dag.py
[2024-01-13T12:19:08.859+0000] {processor.py:840} INFO - DAG(s) 'example_nested_branch_dag' retrieved from /home/airflow/.local/lib/python3.8/site-packages/airflow/example_dags/example_nested_branch_dag.py
[2024-01-13T12:19:08.889+0000] {logging_mixin.py:188} INFO - [2024-01-13T12:19:08.889+0000] {dag.py:3033} INFO - Sync 1 DAGs
[2024-01-13T12:19:08.923+0000] {logging_mixin.py:188} INFO - [2024-01-13T12:19:08.923+0000] {dag.py:3820} INFO - Setting next_dagrun for example_nested_branch_dag to 2024-01-12T00:00:00+00:00, run_after=2024-01-13T00:00:00+00:00
[2024-01-13T12:19:08.945+0000] {processor.py:183} INFO - Processing /home/airflow/.local/lib/python3.8/site-packages/airflow/example_dags/example_nested_branch_dag.py took 0.108 seconds
[2024-01-13T12:19:40.156+0000] {processor.py:161} INFO - Started process (PID=1476) to work on /home/airflow/.local/lib/python3.8/site-packages/airflow/example_dags/example_nested_branch_dag.py
[2024-01-13T12:19:40.158+0000] {processor.py:830} INFO - Processing file /home/airflow/.local/lib/python3.8/site-packages/airflow/example_dags/example_nested_branch_dag.py for tasks to queue
[2024-01-13T12:19:40.162+0000] {logging_mixin.py:188} INFO - [2024-01-13T12:19:40.161+0000] {dagbag.py:538} INFO - Filling up the DagBag from /home/airflow/.local/lib/python3.8/site-packages/airflow/example_dags/example_nested_branch_dag.py
[2024-01-13T12:19:40.176+0000] {processor.py:840} INFO - DAG(s) 'example_nested_branch_dag' retrieved from /home/airflow/.local/lib/python3.8/site-packages/airflow/example_dags/example_nested_branch_dag.py
[2024-01-13T12:19:40.211+0000] {logging_mixin.py:188} INFO - [2024-01-13T12:19:40.211+0000] {dag.py:3033} INFO - Sync 1 DAGs
[2024-01-13T12:19:40.251+0000] {logging_mixin.py:188} INFO - [2024-01-13T12:19:40.251+0000] {dag.py:3820} INFO - Setting next_dagrun for example_nested_branch_dag to 2024-01-12T00:00:00+00:00, run_after=2024-01-13T00:00:00+00:00
[2024-01-13T12:19:40.275+0000] {processor.py:183} INFO - Processing /home/airflow/.local/lib/python3.8/site-packages/airflow/example_dags/example_nested_branch_dag.py took 0.127 seconds
[2024-01-13T12:20:11.610+0000] {processor.py:161} INFO - Started process (PID=1535) to work on /home/airflow/.local/lib/python3.8/site-packages/airflow/example_dags/example_nested_branch_dag.py
[2024-01-13T12:20:11.611+0000] {processor.py:830} INFO - Processing file /home/airflow/.local/lib/python3.8/site-packages/airflow/example_dags/example_nested_branch_dag.py for tasks to queue
[2024-01-13T12:20:11.614+0000] {logging_mixin.py:188} INFO - [2024-01-13T12:20:11.614+0000] {dagbag.py:538} INFO - Filling up the DagBag from /home/airflow/.local/lib/python3.8/site-packages/airflow/example_dags/example_nested_branch_dag.py
[2024-01-13T12:20:11.628+0000] {processor.py:840} INFO - DAG(s) 'example_nested_branch_dag' retrieved from /home/airflow/.local/lib/python3.8/site-packages/airflow/example_dags/example_nested_branch_dag.py
[2024-01-13T12:20:11.660+0000] {logging_mixin.py:188} INFO - [2024-01-13T12:20:11.659+0000] {dag.py:3033} INFO - Sync 1 DAGs
[2024-01-13T12:20:11.691+0000] {logging_mixin.py:188} INFO - [2024-01-13T12:20:11.691+0000] {dag.py:3820} INFO - Setting next_dagrun for example_nested_branch_dag to 2024-01-12T00:00:00+00:00, run_after=2024-01-13T00:00:00+00:00
[2024-01-13T12:20:11.718+0000] {processor.py:183} INFO - Processing /home/airflow/.local/lib/python3.8/site-packages/airflow/example_dags/example_nested_branch_dag.py took 0.114 seconds
[2024-01-13T12:20:43.477+0000] {processor.py:161} INFO - Started process (PID=1595) to work on /home/airflow/.local/lib/python3.8/site-packages/airflow/example_dags/example_nested_branch_dag.py
[2024-01-13T12:20:43.479+0000] {processor.py:830} INFO - Processing file /home/airflow/.local/lib/python3.8/site-packages/airflow/example_dags/example_nested_branch_dag.py for tasks to queue
[2024-01-13T12:20:43.483+0000] {logging_mixin.py:188} INFO - [2024-01-13T12:20:43.483+0000] {dagbag.py:538} INFO - Filling up the DagBag from /home/airflow/.local/lib/python3.8/site-packages/airflow/example_dags/example_nested_branch_dag.py
[2024-01-13T12:20:43.504+0000] {processor.py:840} INFO - DAG(s) 'example_nested_branch_dag' retrieved from /home/airflow/.local/lib/python3.8/site-packages/airflow/example_dags/example_nested_branch_dag.py
[2024-01-13T12:20:43.545+0000] {logging_mixin.py:188} INFO - [2024-01-13T12:20:43.545+0000] {dag.py:3033} INFO - Sync 1 DAGs
[2024-01-13T12:20:43.592+0000] {logging_mixin.py:188} INFO - [2024-01-13T12:20:43.591+0000] {dag.py:3820} INFO - Setting next_dagrun for example_nested_branch_dag to 2024-01-12T00:00:00+00:00, run_after=2024-01-13T00:00:00+00:00
[2024-01-13T12:20:43.626+0000] {processor.py:183} INFO - Processing /home/airflow/.local/lib/python3.8/site-packages/airflow/example_dags/example_nested_branch_dag.py took 0.156 seconds
[2024-01-13T12:21:14.681+0000] {processor.py:161} INFO - Started process (PID=1662) to work on /home/airflow/.local/lib/python3.8/site-packages/airflow/example_dags/example_nested_branch_dag.py
[2024-01-13T12:21:14.684+0000] {processor.py:830} INFO - Processing file /home/airflow/.local/lib/python3.8/site-packages/airflow/example_dags/example_nested_branch_dag.py for tasks to queue
[2024-01-13T12:21:14.688+0000] {logging_mixin.py:188} INFO - [2024-01-13T12:21:14.687+0000] {dagbag.py:538} INFO - Filling up the DagBag from /home/airflow/.local/lib/python3.8/site-packages/airflow/example_dags/example_nested_branch_dag.py
[2024-01-13T12:21:14.708+0000] {processor.py:840} INFO - DAG(s) 'example_nested_branch_dag' retrieved from /home/airflow/.local/lib/python3.8/site-packages/airflow/example_dags/example_nested_branch_dag.py
[2024-01-13T12:21:14.750+0000] {logging_mixin.py:188} INFO - [2024-01-13T12:21:14.749+0000] {dag.py:3033} INFO - Sync 1 DAGs
[2024-01-13T12:21:14.795+0000] {logging_mixin.py:188} INFO - [2024-01-13T12:21:14.794+0000] {dag.py:3820} INFO - Setting next_dagrun for example_nested_branch_dag to 2024-01-12T00:00:00+00:00, run_after=2024-01-13T00:00:00+00:00
[2024-01-13T12:21:14.823+0000] {processor.py:183} INFO - Processing /home/airflow/.local/lib/python3.8/site-packages/airflow/example_dags/example_nested_branch_dag.py took 0.151 seconds
[2024-01-13T12:21:45.741+0000] {processor.py:161} INFO - Started process (PID=1735) to work on /home/airflow/.local/lib/python3.8/site-packages/airflow/example_dags/example_nested_branch_dag.py
[2024-01-13T12:21:45.743+0000] {processor.py:830} INFO - Processing file /home/airflow/.local/lib/python3.8/site-packages/airflow/example_dags/example_nested_branch_dag.py for tasks to queue
[2024-01-13T12:21:45.746+0000] {logging_mixin.py:188} INFO - [2024-01-13T12:21:45.745+0000] {dagbag.py:538} INFO - Filling up the DagBag from /home/airflow/.local/lib/python3.8/site-packages/airflow/example_dags/example_nested_branch_dag.py
[2024-01-13T12:21:45.761+0000] {processor.py:840} INFO - DAG(s) 'example_nested_branch_dag' retrieved from /home/airflow/.local/lib/python3.8/site-packages/airflow/example_dags/example_nested_branch_dag.py
[2024-01-13T12:21:45.802+0000] {logging_mixin.py:188} INFO - [2024-01-13T12:21:45.801+0000] {dag.py:3033} INFO - Sync 1 DAGs
[2024-01-13T12:21:45.840+0000] {logging_mixin.py:188} INFO - [2024-01-13T12:21:45.840+0000] {dag.py:3820} INFO - Setting next_dagrun for example_nested_branch_dag to 2024-01-12T00:00:00+00:00, run_after=2024-01-13T00:00:00+00:00
[2024-01-13T12:21:45.869+0000] {processor.py:183} INFO - Processing /home/airflow/.local/lib/python3.8/site-packages/airflow/example_dags/example_nested_branch_dag.py took 0.133 seconds
[2024-01-13T12:22:16.976+0000] {processor.py:161} INFO - Started process (PID=1806) to work on /home/airflow/.local/lib/python3.8/site-packages/airflow/example_dags/example_nested_branch_dag.py
[2024-01-13T12:22:16.998+0000] {processor.py:830} INFO - Processing file /home/airflow/.local/lib/python3.8/site-packages/airflow/example_dags/example_nested_branch_dag.py for tasks to queue
[2024-01-13T12:22:17.001+0000] {logging_mixin.py:188} INFO - [2024-01-13T12:22:17.001+0000] {dagbag.py:538} INFO - Filling up the DagBag from /home/airflow/.local/lib/python3.8/site-packages/airflow/example_dags/example_nested_branch_dag.py
[2024-01-13T12:22:17.016+0000] {processor.py:840} INFO - DAG(s) 'example_nested_branch_dag' retrieved from /home/airflow/.local/lib/python3.8/site-packages/airflow/example_dags/example_nested_branch_dag.py
[2024-01-13T12:22:17.046+0000] {logging_mixin.py:188} INFO - [2024-01-13T12:22:17.046+0000] {dag.py:3033} INFO - Sync 1 DAGs
[2024-01-13T12:22:17.077+0000] {logging_mixin.py:188} INFO - [2024-01-13T12:22:17.077+0000] {dag.py:3820} INFO - Setting next_dagrun for example_nested_branch_dag to 2024-01-12T00:00:00+00:00, run_after=2024-01-13T00:00:00+00:00
[2024-01-13T12:22:17.102+0000] {processor.py:183} INFO - Processing /home/airflow/.local/lib/python3.8/site-packages/airflow/example_dags/example_nested_branch_dag.py took 0.132 seconds
[2024-01-13T12:22:48.981+0000] {processor.py:161} INFO - Started process (PID=1899) to work on /home/airflow/.local/lib/python3.8/site-packages/airflow/example_dags/example_nested_branch_dag.py
[2024-01-13T12:22:48.994+0000] {processor.py:830} INFO - Processing file /home/airflow/.local/lib/python3.8/site-packages/airflow/example_dags/example_nested_branch_dag.py for tasks to queue
[2024-01-13T12:22:48.998+0000] {logging_mixin.py:188} INFO - [2024-01-13T12:22:48.998+0000] {dagbag.py:538} INFO - Filling up the DagBag from /home/airflow/.local/lib/python3.8/site-packages/airflow/example_dags/example_nested_branch_dag.py
[2024-01-13T12:22:49.028+0000] {processor.py:840} INFO - DAG(s) 'example_nested_branch_dag' retrieved from /home/airflow/.local/lib/python3.8/site-packages/airflow/example_dags/example_nested_branch_dag.py
[2024-01-13T12:22:49.078+0000] {logging_mixin.py:188} INFO - [2024-01-13T12:22:49.078+0000] {dag.py:3033} INFO - Sync 1 DAGs
[2024-01-13T12:22:49.128+0000] {logging_mixin.py:188} INFO - [2024-01-13T12:22:49.127+0000] {dag.py:3820} INFO - Setting next_dagrun for example_nested_branch_dag to 2024-01-12T00:00:00+00:00, run_after=2024-01-13T00:00:00+00:00
[2024-01-13T12:22:49.161+0000] {processor.py:183} INFO - Processing /home/airflow/.local/lib/python3.8/site-packages/airflow/example_dags/example_nested_branch_dag.py took 0.187 seconds
[2024-01-13T12:23:21.808+0000] {processor.py:161} INFO - Started process (PID=1958) to work on /home/airflow/.local/lib/python3.8/site-packages/airflow/example_dags/example_nested_branch_dag.py
[2024-01-13T12:23:21.827+0000] {processor.py:830} INFO - Processing file /home/airflow/.local/lib/python3.8/site-packages/airflow/example_dags/example_nested_branch_dag.py for tasks to queue
[2024-01-13T12:23:21.831+0000] {logging_mixin.py:188} INFO - [2024-01-13T12:23:21.830+0000] {dagbag.py:538} INFO - Filling up the DagBag from /home/airflow/.local/lib/python3.8/site-packages/airflow/example_dags/example_nested_branch_dag.py
[2024-01-13T12:23:21.851+0000] {processor.py:840} INFO - DAG(s) 'example_nested_branch_dag' retrieved from /home/airflow/.local/lib/python3.8/site-packages/airflow/example_dags/example_nested_branch_dag.py
[2024-01-13T12:23:21.914+0000] {logging_mixin.py:188} INFO - [2024-01-13T12:23:21.914+0000] {dag.py:3033} INFO - Sync 1 DAGs
[2024-01-13T12:23:21.981+0000] {logging_mixin.py:188} INFO - [2024-01-13T12:23:21.981+0000] {dag.py:3820} INFO - Setting next_dagrun for example_nested_branch_dag to 2024-01-12T00:00:00+00:00, run_after=2024-01-13T00:00:00+00:00
[2024-01-13T12:23:22.037+0000] {processor.py:183} INFO - Processing /home/airflow/.local/lib/python3.8/site-packages/airflow/example_dags/example_nested_branch_dag.py took 0.235 seconds
[2024-01-13T12:23:52.540+0000] {processor.py:161} INFO - Started process (PID=2016) to work on /home/airflow/.local/lib/python3.8/site-packages/airflow/example_dags/example_nested_branch_dag.py
[2024-01-13T12:23:52.541+0000] {processor.py:830} INFO - Processing file /home/airflow/.local/lib/python3.8/site-packages/airflow/example_dags/example_nested_branch_dag.py for tasks to queue
[2024-01-13T12:23:52.546+0000] {logging_mixin.py:188} INFO - [2024-01-13T12:23:52.546+0000] {dagbag.py:538} INFO - Filling up the DagBag from /home/airflow/.local/lib/python3.8/site-packages/airflow/example_dags/example_nested_branch_dag.py
[2024-01-13T12:23:52.561+0000] {processor.py:840} INFO - DAG(s) 'example_nested_branch_dag' retrieved from /home/airflow/.local/lib/python3.8/site-packages/airflow/example_dags/example_nested_branch_dag.py
[2024-01-13T12:23:52.591+0000] {logging_mixin.py:188} INFO - [2024-01-13T12:23:52.591+0000] {dag.py:3033} INFO - Sync 1 DAGs
[2024-01-13T12:23:52.622+0000] {logging_mixin.py:188} INFO - [2024-01-13T12:23:52.622+0000] {dag.py:3820} INFO - Setting next_dagrun for example_nested_branch_dag to 2024-01-12T00:00:00+00:00, run_after=2024-01-13T00:00:00+00:00
[2024-01-13T12:23:52.647+0000] {processor.py:183} INFO - Processing /home/airflow/.local/lib/python3.8/site-packages/airflow/example_dags/example_nested_branch_dag.py took 0.113 seconds
[2024-01-13T12:24:22.943+0000] {processor.py:161} INFO - Started process (PID=2075) to work on /home/airflow/.local/lib/python3.8/site-packages/airflow/example_dags/example_nested_branch_dag.py
[2024-01-13T12:24:22.945+0000] {processor.py:830} INFO - Processing file /home/airflow/.local/lib/python3.8/site-packages/airflow/example_dags/example_nested_branch_dag.py for tasks to queue
[2024-01-13T12:24:22.948+0000] {logging_mixin.py:188} INFO - [2024-01-13T12:24:22.948+0000] {dagbag.py:538} INFO - Filling up the DagBag from /home/airflow/.local/lib/python3.8/site-packages/airflow/example_dags/example_nested_branch_dag.py
[2024-01-13T12:24:22.962+0000] {processor.py:840} INFO - DAG(s) 'example_nested_branch_dag' retrieved from /home/airflow/.local/lib/python3.8/site-packages/airflow/example_dags/example_nested_branch_dag.py
[2024-01-13T12:24:22.992+0000] {logging_mixin.py:188} INFO - [2024-01-13T12:24:22.992+0000] {dag.py:3033} INFO - Sync 1 DAGs
[2024-01-13T12:24:23.022+0000] {logging_mixin.py:188} INFO - [2024-01-13T12:24:23.022+0000] {dag.py:3820} INFO - Setting next_dagrun for example_nested_branch_dag to 2024-01-12T00:00:00+00:00, run_after=2024-01-13T00:00:00+00:00
[2024-01-13T12:24:23.050+0000] {processor.py:183} INFO - Processing /home/airflow/.local/lib/python3.8/site-packages/airflow/example_dags/example_nested_branch_dag.py took 0.113 seconds
[2024-01-13T12:24:53.371+0000] {processor.py:161} INFO - Started process (PID=2134) to work on /home/airflow/.local/lib/python3.8/site-packages/airflow/example_dags/example_nested_branch_dag.py
[2024-01-13T12:24:53.373+0000] {processor.py:830} INFO - Processing file /home/airflow/.local/lib/python3.8/site-packages/airflow/example_dags/example_nested_branch_dag.py for tasks to queue
[2024-01-13T12:24:53.378+0000] {logging_mixin.py:188} INFO - [2024-01-13T12:24:53.377+0000] {dagbag.py:538} INFO - Filling up the DagBag from /home/airflow/.local/lib/python3.8/site-packages/airflow/example_dags/example_nested_branch_dag.py
[2024-01-13T12:24:53.396+0000] {processor.py:840} INFO - DAG(s) 'example_nested_branch_dag' retrieved from /home/airflow/.local/lib/python3.8/site-packages/airflow/example_dags/example_nested_branch_dag.py
[2024-01-13T12:24:53.424+0000] {logging_mixin.py:188} INFO - [2024-01-13T12:24:53.424+0000] {dag.py:3033} INFO - Sync 1 DAGs
[2024-01-13T12:24:53.466+0000] {logging_mixin.py:188} INFO - [2024-01-13T12:24:53.465+0000] {dag.py:3820} INFO - Setting next_dagrun for example_nested_branch_dag to 2024-01-12T00:00:00+00:00, run_after=2024-01-13T00:00:00+00:00
[2024-01-13T12:24:53.694+0000] {processor.py:183} INFO - Processing /home/airflow/.local/lib/python3.8/site-packages/airflow/example_dags/example_nested_branch_dag.py took 0.330 seconds
[2024-01-13T12:25:23.736+0000] {processor.py:161} INFO - Started process (PID=2194) to work on /home/airflow/.local/lib/python3.8/site-packages/airflow/example_dags/example_nested_branch_dag.py
[2024-01-13T12:25:23.738+0000] {processor.py:830} INFO - Processing file /home/airflow/.local/lib/python3.8/site-packages/airflow/example_dags/example_nested_branch_dag.py for tasks to queue
[2024-01-13T12:25:23.741+0000] {logging_mixin.py:188} INFO - [2024-01-13T12:25:23.741+0000] {dagbag.py:538} INFO - Filling up the DagBag from /home/airflow/.local/lib/python3.8/site-packages/airflow/example_dags/example_nested_branch_dag.py
[2024-01-13T12:25:23.755+0000] {processor.py:840} INFO - DAG(s) 'example_nested_branch_dag' retrieved from /home/airflow/.local/lib/python3.8/site-packages/airflow/example_dags/example_nested_branch_dag.py
[2024-01-13T12:25:23.786+0000] {logging_mixin.py:188} INFO - [2024-01-13T12:25:23.785+0000] {dag.py:3033} INFO - Sync 1 DAGs
[2024-01-13T12:25:23.817+0000] {logging_mixin.py:188} INFO - [2024-01-13T12:25:23.817+0000] {dag.py:3820} INFO - Setting next_dagrun for example_nested_branch_dag to 2024-01-12T00:00:00+00:00, run_after=2024-01-13T00:00:00+00:00
[2024-01-13T12:25:24.050+0000] {processor.py:183} INFO - Processing /home/airflow/.local/lib/python3.8/site-packages/airflow/example_dags/example_nested_branch_dag.py took 0.319 seconds
