[2024-01-13T11:57:48.046+0000] {processor.py:161} INFO - Started process (PID=71) to work on /home/airflow/.local/lib/python3.8/site-packages/airflow/example_dags/example_branch_labels.py
[2024-01-13T11:57:48.047+0000] {processor.py:830} INFO - Processing file /home/airflow/.local/lib/python3.8/site-packages/airflow/example_dags/example_branch_labels.py for tasks to queue
[2024-01-13T11:57:48.052+0000] {logging_mixin.py:188} INFO - [2024-01-13T11:57:48.052+0000] {dagbag.py:538} INFO - Filling up the DagBag from /home/airflow/.local/lib/python3.8/site-packages/airflow/example_dags/example_branch_labels.py
[2024-01-13T11:57:48.068+0000] {processor.py:840} INFO - DAG(s) 'example_branch_labels' retrieved from /home/airflow/.local/lib/python3.8/site-packages/airflow/example_dags/example_branch_labels.py
[2024-01-13T11:57:48.269+0000] {logging_mixin.py:188} INFO - [2024-01-13T11:57:48.268+0000] {override.py:1769} INFO - Created Permission View: can edit on DAG:example_branch_labels
[2024-01-13T11:57:48.285+0000] {logging_mixin.py:188} INFO - [2024-01-13T11:57:48.285+0000] {override.py:1769} INFO - Created Permission View: can read on DAG:example_branch_labels
[2024-01-13T11:57:48.299+0000] {logging_mixin.py:188} INFO - [2024-01-13T11:57:48.299+0000] {override.py:1769} INFO - Created Permission View: can delete on DAG:example_branch_labels
[2024-01-13T11:57:48.300+0000] {logging_mixin.py:188} INFO - [2024-01-13T11:57:48.300+0000] {dag.py:3033} INFO - Sync 1 DAGs
[2024-01-13T11:57:48.321+0000] {logging_mixin.py:188} INFO - [2024-01-13T11:57:48.321+0000] {dag.py:3055} INFO - Creating ORM DAG for example_branch_labels
[2024-01-13T11:57:48.342+0000] {logging_mixin.py:188} INFO - [2024-01-13T11:57:48.342+0000] {dag.py:3820} INFO - Setting next_dagrun for example_branch_labels to 2024-01-12T00:00:00+00:00, run_after=2024-01-13T00:00:00+00:00
[2024-01-13T11:57:48.369+0000] {processor.py:183} INFO - Processing /home/airflow/.local/lib/python3.8/site-packages/airflow/example_dags/example_branch_labels.py took 0.330 seconds
[2024-01-13T11:58:19.283+0000] {processor.py:161} INFO - Started process (PID=130) to work on /home/airflow/.local/lib/python3.8/site-packages/airflow/example_dags/example_branch_labels.py
[2024-01-13T11:58:19.285+0000] {processor.py:830} INFO - Processing file /home/airflow/.local/lib/python3.8/site-packages/airflow/example_dags/example_branch_labels.py for tasks to queue
[2024-01-13T11:58:19.289+0000] {logging_mixin.py:188} INFO - [2024-01-13T11:58:19.289+0000] {dagbag.py:538} INFO - Filling up the DagBag from /home/airflow/.local/lib/python3.8/site-packages/airflow/example_dags/example_branch_labels.py
[2024-01-13T11:58:19.306+0000] {processor.py:840} INFO - DAG(s) 'example_branch_labels' retrieved from /home/airflow/.local/lib/python3.8/site-packages/airflow/example_dags/example_branch_labels.py
[2024-01-13T11:58:19.347+0000] {logging_mixin.py:188} INFO - [2024-01-13T11:58:19.346+0000] {dag.py:3033} INFO - Sync 1 DAGs
[2024-01-13T11:58:19.389+0000] {logging_mixin.py:188} INFO - [2024-01-13T11:58:19.388+0000] {dag.py:3820} INFO - Setting next_dagrun for example_branch_labels to 2024-01-12T00:00:00+00:00, run_after=2024-01-13T00:00:00+00:00
[2024-01-13T11:58:19.411+0000] {processor.py:183} INFO - Processing /home/airflow/.local/lib/python3.8/site-packages/airflow/example_dags/example_branch_labels.py took 0.133 seconds
[2024-01-13T11:58:49.460+0000] {processor.py:161} INFO - Started process (PID=189) to work on /home/airflow/.local/lib/python3.8/site-packages/airflow/example_dags/example_branch_labels.py
[2024-01-13T11:58:49.462+0000] {processor.py:830} INFO - Processing file /home/airflow/.local/lib/python3.8/site-packages/airflow/example_dags/example_branch_labels.py for tasks to queue
[2024-01-13T11:58:49.466+0000] {logging_mixin.py:188} INFO - [2024-01-13T11:58:49.466+0000] {dagbag.py:538} INFO - Filling up the DagBag from /home/airflow/.local/lib/python3.8/site-packages/airflow/example_dags/example_branch_labels.py
[2024-01-13T11:58:49.482+0000] {processor.py:840} INFO - DAG(s) 'example_branch_labels' retrieved from /home/airflow/.local/lib/python3.8/site-packages/airflow/example_dags/example_branch_labels.py
[2024-01-13T11:58:49.526+0000] {logging_mixin.py:188} INFO - [2024-01-13T11:58:49.525+0000] {dag.py:3033} INFO - Sync 1 DAGs
[2024-01-13T11:58:49.570+0000] {logging_mixin.py:188} INFO - [2024-01-13T11:58:49.569+0000] {dag.py:3820} INFO - Setting next_dagrun for example_branch_labels to 2024-01-12T00:00:00+00:00, run_after=2024-01-13T00:00:00+00:00
[2024-01-13T11:58:49.599+0000] {processor.py:183} INFO - Processing /home/airflow/.local/lib/python3.8/site-packages/airflow/example_dags/example_branch_labels.py took 0.145 seconds
[2024-01-13T11:59:19.635+0000] {processor.py:161} INFO - Started process (PID=254) to work on /home/airflow/.local/lib/python3.8/site-packages/airflow/example_dags/example_branch_labels.py
[2024-01-13T11:59:19.636+0000] {processor.py:830} INFO - Processing file /home/airflow/.local/lib/python3.8/site-packages/airflow/example_dags/example_branch_labels.py for tasks to queue
[2024-01-13T11:59:19.639+0000] {logging_mixin.py:188} INFO - [2024-01-13T11:59:19.638+0000] {dagbag.py:538} INFO - Filling up the DagBag from /home/airflow/.local/lib/python3.8/site-packages/airflow/example_dags/example_branch_labels.py
[2024-01-13T11:59:19.650+0000] {processor.py:840} INFO - DAG(s) 'example_branch_labels' retrieved from /home/airflow/.local/lib/python3.8/site-packages/airflow/example_dags/example_branch_labels.py
[2024-01-13T11:59:19.678+0000] {logging_mixin.py:188} INFO - [2024-01-13T11:59:19.678+0000] {dag.py:3033} INFO - Sync 1 DAGs
[2024-01-13T11:59:19.707+0000] {logging_mixin.py:188} INFO - [2024-01-13T11:59:19.707+0000] {dag.py:3820} INFO - Setting next_dagrun for example_branch_labels to 2024-01-12T00:00:00+00:00, run_after=2024-01-13T00:00:00+00:00
[2024-01-13T11:59:19.730+0000] {processor.py:183} INFO - Processing /home/airflow/.local/lib/python3.8/site-packages/airflow/example_dags/example_branch_labels.py took 0.100 seconds
[2024-01-13T11:59:50.419+0000] {processor.py:161} INFO - Started process (PID=313) to work on /home/airflow/.local/lib/python3.8/site-packages/airflow/example_dags/example_branch_labels.py
[2024-01-13T11:59:50.421+0000] {processor.py:830} INFO - Processing file /home/airflow/.local/lib/python3.8/site-packages/airflow/example_dags/example_branch_labels.py for tasks to queue
[2024-01-13T11:59:50.424+0000] {logging_mixin.py:188} INFO - [2024-01-13T11:59:50.424+0000] {dagbag.py:538} INFO - Filling up the DagBag from /home/airflow/.local/lib/python3.8/site-packages/airflow/example_dags/example_branch_labels.py
[2024-01-13T11:59:50.436+0000] {processor.py:840} INFO - DAG(s) 'example_branch_labels' retrieved from /home/airflow/.local/lib/python3.8/site-packages/airflow/example_dags/example_branch_labels.py
[2024-01-13T11:59:50.467+0000] {logging_mixin.py:188} INFO - [2024-01-13T11:59:50.467+0000] {dag.py:3033} INFO - Sync 1 DAGs
[2024-01-13T11:59:50.501+0000] {logging_mixin.py:188} INFO - [2024-01-13T11:59:50.501+0000] {dag.py:3820} INFO - Setting next_dagrun for example_branch_labels to 2024-01-12T00:00:00+00:00, run_after=2024-01-13T00:00:00+00:00
[2024-01-13T11:59:50.527+0000] {processor.py:183} INFO - Processing /home/airflow/.local/lib/python3.8/site-packages/airflow/example_dags/example_branch_labels.py took 0.113 seconds
[2024-01-13T12:00:21.120+0000] {processor.py:161} INFO - Started process (PID=372) to work on /home/airflow/.local/lib/python3.8/site-packages/airflow/example_dags/example_branch_labels.py
[2024-01-13T12:00:21.121+0000] {processor.py:830} INFO - Processing file /home/airflow/.local/lib/python3.8/site-packages/airflow/example_dags/example_branch_labels.py for tasks to queue
[2024-01-13T12:00:21.124+0000] {logging_mixin.py:188} INFO - [2024-01-13T12:00:21.123+0000] {dagbag.py:538} INFO - Filling up the DagBag from /home/airflow/.local/lib/python3.8/site-packages/airflow/example_dags/example_branch_labels.py
[2024-01-13T12:00:21.135+0000] {processor.py:840} INFO - DAG(s) 'example_branch_labels' retrieved from /home/airflow/.local/lib/python3.8/site-packages/airflow/example_dags/example_branch_labels.py
[2024-01-13T12:00:21.166+0000] {logging_mixin.py:188} INFO - [2024-01-13T12:00:21.166+0000] {dag.py:3033} INFO - Sync 1 DAGs
[2024-01-13T12:00:21.196+0000] {logging_mixin.py:188} INFO - [2024-01-13T12:00:21.196+0000] {dag.py:3820} INFO - Setting next_dagrun for example_branch_labels to 2024-01-12T00:00:00+00:00, run_after=2024-01-13T00:00:00+00:00
[2024-01-13T12:00:21.219+0000] {processor.py:183} INFO - Processing /home/airflow/.local/lib/python3.8/site-packages/airflow/example_dags/example_branch_labels.py took 0.107 seconds
[2024-01-13T12:00:51.574+0000] {processor.py:161} INFO - Started process (PID=431) to work on /home/airflow/.local/lib/python3.8/site-packages/airflow/example_dags/example_branch_labels.py
[2024-01-13T12:00:51.576+0000] {processor.py:830} INFO - Processing file /home/airflow/.local/lib/python3.8/site-packages/airflow/example_dags/example_branch_labels.py for tasks to queue
[2024-01-13T12:00:51.579+0000] {logging_mixin.py:188} INFO - [2024-01-13T12:00:51.579+0000] {dagbag.py:538} INFO - Filling up the DagBag from /home/airflow/.local/lib/python3.8/site-packages/airflow/example_dags/example_branch_labels.py
[2024-01-13T12:00:51.592+0000] {processor.py:840} INFO - DAG(s) 'example_branch_labels' retrieved from /home/airflow/.local/lib/python3.8/site-packages/airflow/example_dags/example_branch_labels.py
[2024-01-13T12:00:51.620+0000] {logging_mixin.py:188} INFO - [2024-01-13T12:00:51.620+0000] {dag.py:3033} INFO - Sync 1 DAGs
[2024-01-13T12:00:51.649+0000] {logging_mixin.py:188} INFO - [2024-01-13T12:00:51.649+0000] {dag.py:3820} INFO - Setting next_dagrun for example_branch_labels to 2024-01-12T00:00:00+00:00, run_after=2024-01-13T00:00:00+00:00
[2024-01-13T12:00:51.669+0000] {processor.py:183} INFO - Processing /home/airflow/.local/lib/python3.8/site-packages/airflow/example_dags/example_branch_labels.py took 0.102 seconds
[2024-01-13T12:01:22.293+0000] {processor.py:161} INFO - Started process (PID=490) to work on /home/airflow/.local/lib/python3.8/site-packages/airflow/example_dags/example_branch_labels.py
[2024-01-13T12:01:22.294+0000] {processor.py:830} INFO - Processing file /home/airflow/.local/lib/python3.8/site-packages/airflow/example_dags/example_branch_labels.py for tasks to queue
[2024-01-13T12:01:22.298+0000] {logging_mixin.py:188} INFO - [2024-01-13T12:01:22.298+0000] {dagbag.py:538} INFO - Filling up the DagBag from /home/airflow/.local/lib/python3.8/site-packages/airflow/example_dags/example_branch_labels.py
[2024-01-13T12:01:22.313+0000] {processor.py:840} INFO - DAG(s) 'example_branch_labels' retrieved from /home/airflow/.local/lib/python3.8/site-packages/airflow/example_dags/example_branch_labels.py
[2024-01-13T12:01:22.347+0000] {logging_mixin.py:188} INFO - [2024-01-13T12:01:22.346+0000] {dag.py:3033} INFO - Sync 1 DAGs
[2024-01-13T12:01:22.379+0000] {logging_mixin.py:188} INFO - [2024-01-13T12:01:22.378+0000] {dag.py:3820} INFO - Setting next_dagrun for example_branch_labels to 2024-01-12T00:00:00+00:00, run_after=2024-01-13T00:00:00+00:00
[2024-01-13T12:01:22.404+0000] {processor.py:183} INFO - Processing /home/airflow/.local/lib/python3.8/site-packages/airflow/example_dags/example_branch_labels.py took 0.118 seconds
[2024-01-13T12:01:53.306+0000] {processor.py:161} INFO - Started process (PID=548) to work on /home/airflow/.local/lib/python3.8/site-packages/airflow/example_dags/example_branch_labels.py
[2024-01-13T12:01:53.308+0000] {processor.py:830} INFO - Processing file /home/airflow/.local/lib/python3.8/site-packages/airflow/example_dags/example_branch_labels.py for tasks to queue
[2024-01-13T12:01:53.311+0000] {logging_mixin.py:188} INFO - [2024-01-13T12:01:53.311+0000] {dagbag.py:538} INFO - Filling up the DagBag from /home/airflow/.local/lib/python3.8/site-packages/airflow/example_dags/example_branch_labels.py
[2024-01-13T12:01:53.322+0000] {processor.py:840} INFO - DAG(s) 'example_branch_labels' retrieved from /home/airflow/.local/lib/python3.8/site-packages/airflow/example_dags/example_branch_labels.py
[2024-01-13T12:01:53.354+0000] {logging_mixin.py:188} INFO - [2024-01-13T12:01:53.353+0000] {dag.py:3033} INFO - Sync 1 DAGs
[2024-01-13T12:01:53.384+0000] {logging_mixin.py:188} INFO - [2024-01-13T12:01:53.384+0000] {dag.py:3820} INFO - Setting next_dagrun for example_branch_labels to 2024-01-12T00:00:00+00:00, run_after=2024-01-13T00:00:00+00:00
[2024-01-13T12:01:53.407+0000] {processor.py:183} INFO - Processing /home/airflow/.local/lib/python3.8/site-packages/airflow/example_dags/example_branch_labels.py took 0.106 seconds
[2024-01-13T12:02:23.513+0000] {processor.py:161} INFO - Started process (PID=613) to work on /home/airflow/.local/lib/python3.8/site-packages/airflow/example_dags/example_branch_labels.py
[2024-01-13T12:02:23.515+0000] {processor.py:830} INFO - Processing file /home/airflow/.local/lib/python3.8/site-packages/airflow/example_dags/example_branch_labels.py for tasks to queue
[2024-01-13T12:02:23.519+0000] {logging_mixin.py:188} INFO - [2024-01-13T12:02:23.519+0000] {dagbag.py:538} INFO - Filling up the DagBag from /home/airflow/.local/lib/python3.8/site-packages/airflow/example_dags/example_branch_labels.py
[2024-01-13T12:02:23.534+0000] {processor.py:840} INFO - DAG(s) 'example_branch_labels' retrieved from /home/airflow/.local/lib/python3.8/site-packages/airflow/example_dags/example_branch_labels.py
[2024-01-13T12:02:23.566+0000] {logging_mixin.py:188} INFO - [2024-01-13T12:02:23.565+0000] {dag.py:3033} INFO - Sync 1 DAGs
[2024-01-13T12:02:23.598+0000] {logging_mixin.py:188} INFO - [2024-01-13T12:02:23.598+0000] {dag.py:3820} INFO - Setting next_dagrun for example_branch_labels to 2024-01-12T00:00:00+00:00, run_after=2024-01-13T00:00:00+00:00
[2024-01-13T12:02:23.622+0000] {processor.py:183} INFO - Processing /home/airflow/.local/lib/python3.8/site-packages/airflow/example_dags/example_branch_labels.py took 0.115 seconds
[2024-01-13T12:07:42.572+0000] {processor.py:161} INFO - Started process (PID=71) to work on /home/airflow/.local/lib/python3.8/site-packages/airflow/example_dags/example_branch_labels.py
[2024-01-13T12:07:42.580+0000] {processor.py:830} INFO - Processing file /home/airflow/.local/lib/python3.8/site-packages/airflow/example_dags/example_branch_labels.py for tasks to queue
[2024-01-13T12:07:42.586+0000] {logging_mixin.py:188} INFO - [2024-01-13T12:07:42.585+0000] {dagbag.py:538} INFO - Filling up the DagBag from /home/airflow/.local/lib/python3.8/site-packages/airflow/example_dags/example_branch_labels.py
[2024-01-13T12:07:42.618+0000] {processor.py:840} INFO - DAG(s) 'example_branch_labels' retrieved from /home/airflow/.local/lib/python3.8/site-packages/airflow/example_dags/example_branch_labels.py
[2024-01-13T12:07:42.657+0000] {logging_mixin.py:188} INFO - [2024-01-13T12:07:42.657+0000] {dag.py:3033} INFO - Sync 1 DAGs
[2024-01-13T12:07:42.722+0000] {logging_mixin.py:188} INFO - [2024-01-13T12:07:42.721+0000] {dag.py:3820} INFO - Setting next_dagrun for example_branch_labels to 2024-01-12T00:00:00+00:00, run_after=2024-01-13T00:00:00+00:00
[2024-01-13T12:07:42.796+0000] {processor.py:183} INFO - Processing /home/airflow/.local/lib/python3.8/site-packages/airflow/example_dags/example_branch_labels.py took 0.237 seconds
[2024-01-13T12:08:17.975+0000] {processor.py:161} INFO - Started process (PID=158) to work on /home/airflow/.local/lib/python3.8/site-packages/airflow/example_dags/example_branch_labels.py
[2024-01-13T12:08:17.983+0000] {processor.py:830} INFO - Processing file /home/airflow/.local/lib/python3.8/site-packages/airflow/example_dags/example_branch_labels.py for tasks to queue
[2024-01-13T12:08:17.987+0000] {logging_mixin.py:188} INFO - [2024-01-13T12:08:17.987+0000] {dagbag.py:538} INFO - Filling up the DagBag from /home/airflow/.local/lib/python3.8/site-packages/airflow/example_dags/example_branch_labels.py
[2024-01-13T12:08:18.040+0000] {processor.py:840} INFO - DAG(s) 'example_branch_labels' retrieved from /home/airflow/.local/lib/python3.8/site-packages/airflow/example_dags/example_branch_labels.py
[2024-01-13T12:08:18.455+0000] {logging_mixin.py:188} INFO - [2024-01-13T12:08:18.454+0000] {dag.py:3033} INFO - Sync 1 DAGs
[2024-01-13T12:08:18.504+0000] {logging_mixin.py:188} INFO - [2024-01-13T12:08:18.503+0000] {dag.py:3820} INFO - Setting next_dagrun for example_branch_labels to 2024-01-12T00:00:00+00:00, run_after=2024-01-13T00:00:00+00:00
[2024-01-13T12:08:18.537+0000] {processor.py:183} INFO - Processing /home/airflow/.local/lib/python3.8/site-packages/airflow/example_dags/example_branch_labels.py took 0.601 seconds
[2024-01-13T12:08:48.961+0000] {processor.py:161} INFO - Started process (PID=217) to work on /home/airflow/.local/lib/python3.8/site-packages/airflow/example_dags/example_branch_labels.py
[2024-01-13T12:08:48.963+0000] {processor.py:830} INFO - Processing file /home/airflow/.local/lib/python3.8/site-packages/airflow/example_dags/example_branch_labels.py for tasks to queue
[2024-01-13T12:08:48.966+0000] {logging_mixin.py:188} INFO - [2024-01-13T12:08:48.966+0000] {dagbag.py:538} INFO - Filling up the DagBag from /home/airflow/.local/lib/python3.8/site-packages/airflow/example_dags/example_branch_labels.py
[2024-01-13T12:08:48.980+0000] {processor.py:840} INFO - DAG(s) 'example_branch_labels' retrieved from /home/airflow/.local/lib/python3.8/site-packages/airflow/example_dags/example_branch_labels.py
[2024-01-13T12:08:49.010+0000] {logging_mixin.py:188} INFO - [2024-01-13T12:08:49.010+0000] {dag.py:3033} INFO - Sync 1 DAGs
[2024-01-13T12:08:49.041+0000] {logging_mixin.py:188} INFO - [2024-01-13T12:08:49.040+0000] {dag.py:3820} INFO - Setting next_dagrun for example_branch_labels to 2024-01-12T00:00:00+00:00, run_after=2024-01-13T00:00:00+00:00
[2024-01-13T12:08:49.063+0000] {processor.py:183} INFO - Processing /home/airflow/.local/lib/python3.8/site-packages/airflow/example_dags/example_branch_labels.py took 0.107 seconds
[2024-01-13T12:09:19.439+0000] {processor.py:161} INFO - Started process (PID=277) to work on /home/airflow/.local/lib/python3.8/site-packages/airflow/example_dags/example_branch_labels.py
[2024-01-13T12:09:19.440+0000] {processor.py:830} INFO - Processing file /home/airflow/.local/lib/python3.8/site-packages/airflow/example_dags/example_branch_labels.py for tasks to queue
[2024-01-13T12:09:19.443+0000] {logging_mixin.py:188} INFO - [2024-01-13T12:09:19.443+0000] {dagbag.py:538} INFO - Filling up the DagBag from /home/airflow/.local/lib/python3.8/site-packages/airflow/example_dags/example_branch_labels.py
[2024-01-13T12:09:19.458+0000] {processor.py:840} INFO - DAG(s) 'example_branch_labels' retrieved from /home/airflow/.local/lib/python3.8/site-packages/airflow/example_dags/example_branch_labels.py
[2024-01-13T12:09:19.494+0000] {logging_mixin.py:188} INFO - [2024-01-13T12:09:19.493+0000] {dag.py:3033} INFO - Sync 1 DAGs
[2024-01-13T12:09:19.524+0000] {logging_mixin.py:188} INFO - [2024-01-13T12:09:19.524+0000] {dag.py:3820} INFO - Setting next_dagrun for example_branch_labels to 2024-01-12T00:00:00+00:00, run_after=2024-01-13T00:00:00+00:00
[2024-01-13T12:09:19.549+0000] {processor.py:183} INFO - Processing /home/airflow/.local/lib/python3.8/site-packages/airflow/example_dags/example_branch_labels.py took 0.116 seconds
[2024-01-13T12:09:49.683+0000] {processor.py:161} INFO - Started process (PID=336) to work on /home/airflow/.local/lib/python3.8/site-packages/airflow/example_dags/example_branch_labels.py
[2024-01-13T12:09:49.686+0000] {processor.py:830} INFO - Processing file /home/airflow/.local/lib/python3.8/site-packages/airflow/example_dags/example_branch_labels.py for tasks to queue
[2024-01-13T12:09:49.689+0000] {logging_mixin.py:188} INFO - [2024-01-13T12:09:49.688+0000] {dagbag.py:538} INFO - Filling up the DagBag from /home/airflow/.local/lib/python3.8/site-packages/airflow/example_dags/example_branch_labels.py
[2024-01-13T12:09:49.699+0000] {processor.py:840} INFO - DAG(s) 'example_branch_labels' retrieved from /home/airflow/.local/lib/python3.8/site-packages/airflow/example_dags/example_branch_labels.py
[2024-01-13T12:09:49.728+0000] {logging_mixin.py:188} INFO - [2024-01-13T12:09:49.727+0000] {dag.py:3033} INFO - Sync 1 DAGs
[2024-01-13T12:09:49.757+0000] {logging_mixin.py:188} INFO - [2024-01-13T12:09:49.757+0000] {dag.py:3820} INFO - Setting next_dagrun for example_branch_labels to 2024-01-12T00:00:00+00:00, run_after=2024-01-13T00:00:00+00:00
[2024-01-13T12:09:49.782+0000] {processor.py:183} INFO - Processing /home/airflow/.local/lib/python3.8/site-packages/airflow/example_dags/example_branch_labels.py took 0.105 seconds
[2024-01-13T12:10:20.610+0000] {processor.py:161} INFO - Started process (PID=395) to work on /home/airflow/.local/lib/python3.8/site-packages/airflow/example_dags/example_branch_labels.py
[2024-01-13T12:10:20.611+0000] {processor.py:830} INFO - Processing file /home/airflow/.local/lib/python3.8/site-packages/airflow/example_dags/example_branch_labels.py for tasks to queue
[2024-01-13T12:10:20.614+0000] {logging_mixin.py:188} INFO - [2024-01-13T12:10:20.614+0000] {dagbag.py:538} INFO - Filling up the DagBag from /home/airflow/.local/lib/python3.8/site-packages/airflow/example_dags/example_branch_labels.py
[2024-01-13T12:10:20.625+0000] {processor.py:840} INFO - DAG(s) 'example_branch_labels' retrieved from /home/airflow/.local/lib/python3.8/site-packages/airflow/example_dags/example_branch_labels.py
[2024-01-13T12:10:20.653+0000] {logging_mixin.py:188} INFO - [2024-01-13T12:10:20.653+0000] {dag.py:3033} INFO - Sync 1 DAGs
[2024-01-13T12:10:20.684+0000] {logging_mixin.py:188} INFO - [2024-01-13T12:10:20.684+0000] {dag.py:3820} INFO - Setting next_dagrun for example_branch_labels to 2024-01-12T00:00:00+00:00, run_after=2024-01-13T00:00:00+00:00
[2024-01-13T12:10:20.713+0000] {processor.py:183} INFO - Processing /home/airflow/.local/lib/python3.8/site-packages/airflow/example_dags/example_branch_labels.py took 0.109 seconds
[2024-01-13T12:10:50.877+0000] {processor.py:161} INFO - Started process (PID=454) to work on /home/airflow/.local/lib/python3.8/site-packages/airflow/example_dags/example_branch_labels.py
[2024-01-13T12:10:50.879+0000] {processor.py:830} INFO - Processing file /home/airflow/.local/lib/python3.8/site-packages/airflow/example_dags/example_branch_labels.py for tasks to queue
[2024-01-13T12:10:50.882+0000] {logging_mixin.py:188} INFO - [2024-01-13T12:10:50.881+0000] {dagbag.py:538} INFO - Filling up the DagBag from /home/airflow/.local/lib/python3.8/site-packages/airflow/example_dags/example_branch_labels.py
[2024-01-13T12:10:50.893+0000] {processor.py:840} INFO - DAG(s) 'example_branch_labels' retrieved from /home/airflow/.local/lib/python3.8/site-packages/airflow/example_dags/example_branch_labels.py
[2024-01-13T12:10:50.922+0000] {logging_mixin.py:188} INFO - [2024-01-13T12:10:50.922+0000] {dag.py:3033} INFO - Sync 1 DAGs
[2024-01-13T12:10:50.950+0000] {logging_mixin.py:188} INFO - [2024-01-13T12:10:50.950+0000] {dag.py:3820} INFO - Setting next_dagrun for example_branch_labels to 2024-01-12T00:00:00+00:00, run_after=2024-01-13T00:00:00+00:00
[2024-01-13T12:10:50.969+0000] {processor.py:183} INFO - Processing /home/airflow/.local/lib/python3.8/site-packages/airflow/example_dags/example_branch_labels.py took 0.098 seconds
[2024-01-13T12:11:21.341+0000] {processor.py:161} INFO - Started process (PID=513) to work on /home/airflow/.local/lib/python3.8/site-packages/airflow/example_dags/example_branch_labels.py
[2024-01-13T12:11:21.342+0000] {processor.py:830} INFO - Processing file /home/airflow/.local/lib/python3.8/site-packages/airflow/example_dags/example_branch_labels.py for tasks to queue
[2024-01-13T12:11:21.345+0000] {logging_mixin.py:188} INFO - [2024-01-13T12:11:21.344+0000] {dagbag.py:538} INFO - Filling up the DagBag from /home/airflow/.local/lib/python3.8/site-packages/airflow/example_dags/example_branch_labels.py
[2024-01-13T12:11:21.355+0000] {processor.py:840} INFO - DAG(s) 'example_branch_labels' retrieved from /home/airflow/.local/lib/python3.8/site-packages/airflow/example_dags/example_branch_labels.py
[2024-01-13T12:11:21.383+0000] {logging_mixin.py:188} INFO - [2024-01-13T12:11:21.383+0000] {dag.py:3033} INFO - Sync 1 DAGs
[2024-01-13T12:11:21.414+0000] {logging_mixin.py:188} INFO - [2024-01-13T12:11:21.414+0000] {dag.py:3820} INFO - Setting next_dagrun for example_branch_labels to 2024-01-12T00:00:00+00:00, run_after=2024-01-13T00:00:00+00:00
[2024-01-13T12:11:21.436+0000] {processor.py:183} INFO - Processing /home/airflow/.local/lib/python3.8/site-packages/airflow/example_dags/example_branch_labels.py took 0.100 seconds
[2024-01-13T12:11:51.556+0000] {processor.py:161} INFO - Started process (PID=572) to work on /home/airflow/.local/lib/python3.8/site-packages/airflow/example_dags/example_branch_labels.py
[2024-01-13T12:11:51.558+0000] {processor.py:830} INFO - Processing file /home/airflow/.local/lib/python3.8/site-packages/airflow/example_dags/example_branch_labels.py for tasks to queue
[2024-01-13T12:11:51.561+0000] {logging_mixin.py:188} INFO - [2024-01-13T12:11:51.560+0000] {dagbag.py:538} INFO - Filling up the DagBag from /home/airflow/.local/lib/python3.8/site-packages/airflow/example_dags/example_branch_labels.py
[2024-01-13T12:11:51.571+0000] {processor.py:840} INFO - DAG(s) 'example_branch_labels' retrieved from /home/airflow/.local/lib/python3.8/site-packages/airflow/example_dags/example_branch_labels.py
[2024-01-13T12:11:51.600+0000] {logging_mixin.py:188} INFO - [2024-01-13T12:11:51.600+0000] {dag.py:3033} INFO - Sync 1 DAGs
[2024-01-13T12:11:51.628+0000] {logging_mixin.py:188} INFO - [2024-01-13T12:11:51.628+0000] {dag.py:3820} INFO - Setting next_dagrun for example_branch_labels to 2024-01-12T00:00:00+00:00, run_after=2024-01-13T00:00:00+00:00
[2024-01-13T12:11:51.651+0000] {processor.py:183} INFO - Processing /home/airflow/.local/lib/python3.8/site-packages/airflow/example_dags/example_branch_labels.py took 0.101 seconds
[2024-01-13T12:12:21.914+0000] {processor.py:161} INFO - Started process (PID=631) to work on /home/airflow/.local/lib/python3.8/site-packages/airflow/example_dags/example_branch_labels.py
[2024-01-13T12:12:21.915+0000] {processor.py:830} INFO - Processing file /home/airflow/.local/lib/python3.8/site-packages/airflow/example_dags/example_branch_labels.py for tasks to queue
[2024-01-13T12:12:21.919+0000] {logging_mixin.py:188} INFO - [2024-01-13T12:12:21.918+0000] {dagbag.py:538} INFO - Filling up the DagBag from /home/airflow/.local/lib/python3.8/site-packages/airflow/example_dags/example_branch_labels.py
[2024-01-13T12:12:21.930+0000] {processor.py:840} INFO - DAG(s) 'example_branch_labels' retrieved from /home/airflow/.local/lib/python3.8/site-packages/airflow/example_dags/example_branch_labels.py
[2024-01-13T12:12:21.959+0000] {logging_mixin.py:188} INFO - [2024-01-13T12:12:21.958+0000] {dag.py:3033} INFO - Sync 1 DAGs
[2024-01-13T12:12:21.987+0000] {logging_mixin.py:188} INFO - [2024-01-13T12:12:21.987+0000] {dag.py:3820} INFO - Setting next_dagrun for example_branch_labels to 2024-01-12T00:00:00+00:00, run_after=2024-01-13T00:00:00+00:00
[2024-01-13T12:12:22.009+0000] {processor.py:183} INFO - Processing /home/airflow/.local/lib/python3.8/site-packages/airflow/example_dags/example_branch_labels.py took 0.101 seconds
[2024-01-13T12:12:52.872+0000] {processor.py:161} INFO - Started process (PID=690) to work on /home/airflow/.local/lib/python3.8/site-packages/airflow/example_dags/example_branch_labels.py
[2024-01-13T12:12:52.875+0000] {processor.py:830} INFO - Processing file /home/airflow/.local/lib/python3.8/site-packages/airflow/example_dags/example_branch_labels.py for tasks to queue
[2024-01-13T12:12:52.878+0000] {logging_mixin.py:188} INFO - [2024-01-13T12:12:52.878+0000] {dagbag.py:538} INFO - Filling up the DagBag from /home/airflow/.local/lib/python3.8/site-packages/airflow/example_dags/example_branch_labels.py
[2024-01-13T12:12:52.889+0000] {processor.py:840} INFO - DAG(s) 'example_branch_labels' retrieved from /home/airflow/.local/lib/python3.8/site-packages/airflow/example_dags/example_branch_labels.py
[2024-01-13T12:12:52.918+0000] {logging_mixin.py:188} INFO - [2024-01-13T12:12:52.917+0000] {dag.py:3033} INFO - Sync 1 DAGs
[2024-01-13T12:12:52.947+0000] {logging_mixin.py:188} INFO - [2024-01-13T12:12:52.946+0000] {dag.py:3820} INFO - Setting next_dagrun for example_branch_labels to 2024-01-12T00:00:00+00:00, run_after=2024-01-13T00:00:00+00:00
[2024-01-13T12:12:52.968+0000] {processor.py:183} INFO - Processing /home/airflow/.local/lib/python3.8/site-packages/airflow/example_dags/example_branch_labels.py took 0.102 seconds
[2024-01-13T12:13:29.116+0000] {processor.py:161} INFO - Started process (PID=763) to work on /home/airflow/.local/lib/python3.8/site-packages/airflow/example_dags/example_branch_labels.py
[2024-01-13T12:13:29.122+0000] {processor.py:830} INFO - Processing file /home/airflow/.local/lib/python3.8/site-packages/airflow/example_dags/example_branch_labels.py for tasks to queue
[2024-01-13T12:13:29.129+0000] {logging_mixin.py:188} INFO - [2024-01-13T12:13:29.128+0000] {dagbag.py:538} INFO - Filling up the DagBag from /home/airflow/.local/lib/python3.8/site-packages/airflow/example_dags/example_branch_labels.py
[2024-01-13T12:13:29.157+0000] {processor.py:840} INFO - DAG(s) 'example_branch_labels' retrieved from /home/airflow/.local/lib/python3.8/site-packages/airflow/example_dags/example_branch_labels.py
[2024-01-13T12:13:29.246+0000] {logging_mixin.py:188} INFO - [2024-01-13T12:13:29.246+0000] {dag.py:3033} INFO - Sync 1 DAGs
[2024-01-13T12:13:29.313+0000] {logging_mixin.py:188} INFO - [2024-01-13T12:13:29.313+0000] {dag.py:3820} INFO - Setting next_dagrun for example_branch_labels to 2024-01-12T00:00:00+00:00, run_after=2024-01-13T00:00:00+00:00
[2024-01-13T12:13:29.359+0000] {processor.py:183} INFO - Processing /home/airflow/.local/lib/python3.8/site-packages/airflow/example_dags/example_branch_labels.py took 0.254 seconds
[2024-01-13T12:14:00.139+0000] {processor.py:161} INFO - Started process (PID=823) to work on /home/airflow/.local/lib/python3.8/site-packages/airflow/example_dags/example_branch_labels.py
[2024-01-13T12:14:00.140+0000] {processor.py:830} INFO - Processing file /home/airflow/.local/lib/python3.8/site-packages/airflow/example_dags/example_branch_labels.py for tasks to queue
[2024-01-13T12:14:00.144+0000] {logging_mixin.py:188} INFO - [2024-01-13T12:14:00.143+0000] {dagbag.py:538} INFO - Filling up the DagBag from /home/airflow/.local/lib/python3.8/site-packages/airflow/example_dags/example_branch_labels.py
[2024-01-13T12:14:00.154+0000] {processor.py:840} INFO - DAG(s) 'example_branch_labels' retrieved from /home/airflow/.local/lib/python3.8/site-packages/airflow/example_dags/example_branch_labels.py
[2024-01-13T12:14:00.184+0000] {logging_mixin.py:188} INFO - [2024-01-13T12:14:00.184+0000] {dag.py:3033} INFO - Sync 1 DAGs
[2024-01-13T12:14:00.215+0000] {logging_mixin.py:188} INFO - [2024-01-13T12:14:00.215+0000] {dag.py:3820} INFO - Setting next_dagrun for example_branch_labels to 2024-01-12T00:00:00+00:00, run_after=2024-01-13T00:00:00+00:00
[2024-01-13T12:14:00.237+0000] {processor.py:183} INFO - Processing /home/airflow/.local/lib/python3.8/site-packages/airflow/example_dags/example_branch_labels.py took 0.105 seconds
[2024-01-13T12:14:30.365+0000] {processor.py:161} INFO - Started process (PID=882) to work on /home/airflow/.local/lib/python3.8/site-packages/airflow/example_dags/example_branch_labels.py
[2024-01-13T12:14:30.368+0000] {processor.py:830} INFO - Processing file /home/airflow/.local/lib/python3.8/site-packages/airflow/example_dags/example_branch_labels.py for tasks to queue
[2024-01-13T12:14:30.372+0000] {logging_mixin.py:188} INFO - [2024-01-13T12:14:30.372+0000] {dagbag.py:538} INFO - Filling up the DagBag from /home/airflow/.local/lib/python3.8/site-packages/airflow/example_dags/example_branch_labels.py
[2024-01-13T12:14:30.389+0000] {processor.py:840} INFO - DAG(s) 'example_branch_labels' retrieved from /home/airflow/.local/lib/python3.8/site-packages/airflow/example_dags/example_branch_labels.py
[2024-01-13T12:14:30.421+0000] {logging_mixin.py:188} INFO - [2024-01-13T12:14:30.421+0000] {dag.py:3033} INFO - Sync 1 DAGs
[2024-01-13T12:14:30.452+0000] {logging_mixin.py:188} INFO - [2024-01-13T12:14:30.451+0000] {dag.py:3820} INFO - Setting next_dagrun for example_branch_labels to 2024-01-12T00:00:00+00:00, run_after=2024-01-13T00:00:00+00:00
[2024-01-13T12:14:30.474+0000] {processor.py:183} INFO - Processing /home/airflow/.local/lib/python3.8/site-packages/airflow/example_dags/example_branch_labels.py took 0.114 seconds
[2024-01-13T12:15:01.364+0000] {processor.py:161} INFO - Started process (PID=941) to work on /home/airflow/.local/lib/python3.8/site-packages/airflow/example_dags/example_branch_labels.py
[2024-01-13T12:15:01.365+0000] {processor.py:830} INFO - Processing file /home/airflow/.local/lib/python3.8/site-packages/airflow/example_dags/example_branch_labels.py for tasks to queue
[2024-01-13T12:15:01.368+0000] {logging_mixin.py:188} INFO - [2024-01-13T12:15:01.368+0000] {dagbag.py:538} INFO - Filling up the DagBag from /home/airflow/.local/lib/python3.8/site-packages/airflow/example_dags/example_branch_labels.py
[2024-01-13T12:15:01.379+0000] {processor.py:840} INFO - DAG(s) 'example_branch_labels' retrieved from /home/airflow/.local/lib/python3.8/site-packages/airflow/example_dags/example_branch_labels.py
[2024-01-13T12:15:01.412+0000] {logging_mixin.py:188} INFO - [2024-01-13T12:15:01.412+0000] {dag.py:3033} INFO - Sync 1 DAGs
[2024-01-13T12:15:01.447+0000] {logging_mixin.py:188} INFO - [2024-01-13T12:15:01.447+0000] {dag.py:3820} INFO - Setting next_dagrun for example_branch_labels to 2024-01-12T00:00:00+00:00, run_after=2024-01-13T00:00:00+00:00
[2024-01-13T12:15:01.472+0000] {processor.py:183} INFO - Processing /home/airflow/.local/lib/python3.8/site-packages/airflow/example_dags/example_branch_labels.py took 0.114 seconds
[2024-01-13T12:15:32.134+0000] {processor.py:161} INFO - Started process (PID=1000) to work on /home/airflow/.local/lib/python3.8/site-packages/airflow/example_dags/example_branch_labels.py
[2024-01-13T12:15:32.137+0000] {processor.py:830} INFO - Processing file /home/airflow/.local/lib/python3.8/site-packages/airflow/example_dags/example_branch_labels.py for tasks to queue
[2024-01-13T12:15:32.140+0000] {logging_mixin.py:188} INFO - [2024-01-13T12:15:32.140+0000] {dagbag.py:538} INFO - Filling up the DagBag from /home/airflow/.local/lib/python3.8/site-packages/airflow/example_dags/example_branch_labels.py
[2024-01-13T12:15:32.153+0000] {processor.py:840} INFO - DAG(s) 'example_branch_labels' retrieved from /home/airflow/.local/lib/python3.8/site-packages/airflow/example_dags/example_branch_labels.py
[2024-01-13T12:15:32.192+0000] {logging_mixin.py:188} INFO - [2024-01-13T12:15:32.192+0000] {dag.py:3033} INFO - Sync 1 DAGs
[2024-01-13T12:15:32.223+0000] {logging_mixin.py:188} INFO - [2024-01-13T12:15:32.223+0000] {dag.py:3820} INFO - Setting next_dagrun for example_branch_labels to 2024-01-12T00:00:00+00:00, run_after=2024-01-13T00:00:00+00:00
[2024-01-13T12:15:32.246+0000] {processor.py:183} INFO - Processing /home/airflow/.local/lib/python3.8/site-packages/airflow/example_dags/example_branch_labels.py took 0.117 seconds
[2024-01-13T12:16:03.055+0000] {processor.py:161} INFO - Started process (PID=1059) to work on /home/airflow/.local/lib/python3.8/site-packages/airflow/example_dags/example_branch_labels.py
[2024-01-13T12:16:03.056+0000] {processor.py:830} INFO - Processing file /home/airflow/.local/lib/python3.8/site-packages/airflow/example_dags/example_branch_labels.py for tasks to queue
[2024-01-13T12:16:03.059+0000] {logging_mixin.py:188} INFO - [2024-01-13T12:16:03.059+0000] {dagbag.py:538} INFO - Filling up the DagBag from /home/airflow/.local/lib/python3.8/site-packages/airflow/example_dags/example_branch_labels.py
[2024-01-13T12:16:03.070+0000] {processor.py:840} INFO - DAG(s) 'example_branch_labels' retrieved from /home/airflow/.local/lib/python3.8/site-packages/airflow/example_dags/example_branch_labels.py
[2024-01-13T12:16:03.102+0000] {logging_mixin.py:188} INFO - [2024-01-13T12:16:03.101+0000] {dag.py:3033} INFO - Sync 1 DAGs
[2024-01-13T12:16:03.132+0000] {logging_mixin.py:188} INFO - [2024-01-13T12:16:03.132+0000] {dag.py:3820} INFO - Setting next_dagrun for example_branch_labels to 2024-01-12T00:00:00+00:00, run_after=2024-01-13T00:00:00+00:00
[2024-01-13T12:16:03.153+0000] {processor.py:183} INFO - Processing /home/airflow/.local/lib/python3.8/site-packages/airflow/example_dags/example_branch_labels.py took 0.103 seconds
[2024-01-13T12:16:34.143+0000] {processor.py:161} INFO - Started process (PID=1118) to work on /home/airflow/.local/lib/python3.8/site-packages/airflow/example_dags/example_branch_labels.py
[2024-01-13T12:16:34.145+0000] {processor.py:830} INFO - Processing file /home/airflow/.local/lib/python3.8/site-packages/airflow/example_dags/example_branch_labels.py for tasks to queue
[2024-01-13T12:16:34.148+0000] {logging_mixin.py:188} INFO - [2024-01-13T12:16:34.148+0000] {dagbag.py:538} INFO - Filling up the DagBag from /home/airflow/.local/lib/python3.8/site-packages/airflow/example_dags/example_branch_labels.py
[2024-01-13T12:16:34.159+0000] {processor.py:840} INFO - DAG(s) 'example_branch_labels' retrieved from /home/airflow/.local/lib/python3.8/site-packages/airflow/example_dags/example_branch_labels.py
[2024-01-13T12:16:34.195+0000] {logging_mixin.py:188} INFO - [2024-01-13T12:16:34.194+0000] {dag.py:3033} INFO - Sync 1 DAGs
[2024-01-13T12:16:34.228+0000] {logging_mixin.py:188} INFO - [2024-01-13T12:16:34.228+0000] {dag.py:3820} INFO - Setting next_dagrun for example_branch_labels to 2024-01-12T00:00:00+00:00, run_after=2024-01-13T00:00:00+00:00
[2024-01-13T12:16:34.252+0000] {processor.py:183} INFO - Processing /home/airflow/.local/lib/python3.8/site-packages/airflow/example_dags/example_branch_labels.py took 0.114 seconds
[2024-01-13T12:17:04.323+0000] {processor.py:161} INFO - Started process (PID=1177) to work on /home/airflow/.local/lib/python3.8/site-packages/airflow/example_dags/example_branch_labels.py
[2024-01-13T12:17:04.325+0000] {processor.py:830} INFO - Processing file /home/airflow/.local/lib/python3.8/site-packages/airflow/example_dags/example_branch_labels.py for tasks to queue
[2024-01-13T12:17:04.327+0000] {logging_mixin.py:188} INFO - [2024-01-13T12:17:04.327+0000] {dagbag.py:538} INFO - Filling up the DagBag from /home/airflow/.local/lib/python3.8/site-packages/airflow/example_dags/example_branch_labels.py
[2024-01-13T12:17:04.338+0000] {processor.py:840} INFO - DAG(s) 'example_branch_labels' retrieved from /home/airflow/.local/lib/python3.8/site-packages/airflow/example_dags/example_branch_labels.py
[2024-01-13T12:17:04.368+0000] {logging_mixin.py:188} INFO - [2024-01-13T12:17:04.368+0000] {dag.py:3033} INFO - Sync 1 DAGs
[2024-01-13T12:17:04.398+0000] {logging_mixin.py:188} INFO - [2024-01-13T12:17:04.398+0000] {dag.py:3820} INFO - Setting next_dagrun for example_branch_labels to 2024-01-12T00:00:00+00:00, run_after=2024-01-13T00:00:00+00:00
[2024-01-13T12:17:04.420+0000] {processor.py:183} INFO - Processing /home/airflow/.local/lib/python3.8/site-packages/airflow/example_dags/example_branch_labels.py took 0.102 seconds
[2024-01-13T12:17:35.715+0000] {processor.py:161} INFO - Started process (PID=1236) to work on /home/airflow/.local/lib/python3.8/site-packages/airflow/example_dags/example_branch_labels.py
[2024-01-13T12:17:35.717+0000] {processor.py:830} INFO - Processing file /home/airflow/.local/lib/python3.8/site-packages/airflow/example_dags/example_branch_labels.py for tasks to queue
[2024-01-13T12:17:35.721+0000] {logging_mixin.py:188} INFO - [2024-01-13T12:17:35.720+0000] {dagbag.py:538} INFO - Filling up the DagBag from /home/airflow/.local/lib/python3.8/site-packages/airflow/example_dags/example_branch_labels.py
[2024-01-13T12:17:35.732+0000] {processor.py:840} INFO - DAG(s) 'example_branch_labels' retrieved from /home/airflow/.local/lib/python3.8/site-packages/airflow/example_dags/example_branch_labels.py
[2024-01-13T12:17:35.771+0000] {logging_mixin.py:188} INFO - [2024-01-13T12:17:35.771+0000] {dag.py:3033} INFO - Sync 1 DAGs
[2024-01-13T12:17:35.820+0000] {logging_mixin.py:188} INFO - [2024-01-13T12:17:35.820+0000] {dag.py:3820} INFO - Setting next_dagrun for example_branch_labels to 2024-01-12T00:00:00+00:00, run_after=2024-01-13T00:00:00+00:00
[2024-01-13T12:17:35.844+0000] {processor.py:183} INFO - Processing /home/airflow/.local/lib/python3.8/site-packages/airflow/example_dags/example_branch_labels.py took 0.133 seconds
[2024-01-13T12:18:06.893+0000] {processor.py:161} INFO - Started process (PID=1295) to work on /home/airflow/.local/lib/python3.8/site-packages/airflow/example_dags/example_branch_labels.py
[2024-01-13T12:18:06.894+0000] {processor.py:830} INFO - Processing file /home/airflow/.local/lib/python3.8/site-packages/airflow/example_dags/example_branch_labels.py for tasks to queue
[2024-01-13T12:18:06.898+0000] {logging_mixin.py:188} INFO - [2024-01-13T12:18:06.898+0000] {dagbag.py:538} INFO - Filling up the DagBag from /home/airflow/.local/lib/python3.8/site-packages/airflow/example_dags/example_branch_labels.py
[2024-01-13T12:18:06.909+0000] {processor.py:840} INFO - DAG(s) 'example_branch_labels' retrieved from /home/airflow/.local/lib/python3.8/site-packages/airflow/example_dags/example_branch_labels.py
[2024-01-13T12:18:06.941+0000] {logging_mixin.py:188} INFO - [2024-01-13T12:18:06.941+0000] {dag.py:3033} INFO - Sync 1 DAGs
[2024-01-13T12:18:06.982+0000] {logging_mixin.py:188} INFO - [2024-01-13T12:18:06.982+0000] {dag.py:3820} INFO - Setting next_dagrun for example_branch_labels to 2024-01-12T00:00:00+00:00, run_after=2024-01-13T00:00:00+00:00
[2024-01-13T12:18:07.012+0000] {processor.py:183} INFO - Processing /home/airflow/.local/lib/python3.8/site-packages/airflow/example_dags/example_branch_labels.py took 0.124 seconds
[2024-01-13T12:18:38.988+0000] {processor.py:161} INFO - Started process (PID=1358) to work on /home/airflow/.local/lib/python3.8/site-packages/airflow/example_dags/example_branch_labels.py
[2024-01-13T12:18:39.000+0000] {processor.py:830} INFO - Processing file /home/airflow/.local/lib/python3.8/site-packages/airflow/example_dags/example_branch_labels.py for tasks to queue
[2024-01-13T12:18:39.004+0000] {logging_mixin.py:188} INFO - [2024-01-13T12:18:39.004+0000] {dagbag.py:538} INFO - Filling up the DagBag from /home/airflow/.local/lib/python3.8/site-packages/airflow/example_dags/example_branch_labels.py
[2024-01-13T12:18:39.041+0000] {processor.py:840} INFO - DAG(s) 'example_branch_labels' retrieved from /home/airflow/.local/lib/python3.8/site-packages/airflow/example_dags/example_branch_labels.py
[2024-01-13T12:18:39.097+0000] {logging_mixin.py:188} INFO - [2024-01-13T12:18:39.097+0000] {dag.py:3033} INFO - Sync 1 DAGs
[2024-01-13T12:18:39.149+0000] {logging_mixin.py:188} INFO - [2024-01-13T12:18:39.148+0000] {dag.py:3820} INFO - Setting next_dagrun for example_branch_labels to 2024-01-12T00:00:00+00:00, run_after=2024-01-13T00:00:00+00:00
[2024-01-13T12:18:39.200+0000] {processor.py:183} INFO - Processing /home/airflow/.local/lib/python3.8/site-packages/airflow/example_dags/example_branch_labels.py took 0.223 seconds
[2024-01-13T12:19:09.554+0000] {processor.py:161} INFO - Started process (PID=1425) to work on /home/airflow/.local/lib/python3.8/site-packages/airflow/example_dags/example_branch_labels.py
[2024-01-13T12:19:09.556+0000] {processor.py:830} INFO - Processing file /home/airflow/.local/lib/python3.8/site-packages/airflow/example_dags/example_branch_labels.py for tasks to queue
[2024-01-13T12:19:09.560+0000] {logging_mixin.py:188} INFO - [2024-01-13T12:19:09.559+0000] {dagbag.py:538} INFO - Filling up the DagBag from /home/airflow/.local/lib/python3.8/site-packages/airflow/example_dags/example_branch_labels.py
[2024-01-13T12:19:09.572+0000] {processor.py:840} INFO - DAG(s) 'example_branch_labels' retrieved from /home/airflow/.local/lib/python3.8/site-packages/airflow/example_dags/example_branch_labels.py
[2024-01-13T12:19:09.600+0000] {logging_mixin.py:188} INFO - [2024-01-13T12:19:09.600+0000] {dag.py:3033} INFO - Sync 1 DAGs
[2024-01-13T12:19:09.631+0000] {logging_mixin.py:188} INFO - [2024-01-13T12:19:09.630+0000] {dag.py:3820} INFO - Setting next_dagrun for example_branch_labels to 2024-01-12T00:00:00+00:00, run_after=2024-01-13T00:00:00+00:00
[2024-01-13T12:19:09.654+0000] {processor.py:183} INFO - Processing /home/airflow/.local/lib/python3.8/site-packages/airflow/example_dags/example_branch_labels.py took 0.108 seconds
[2024-01-13T12:19:41.013+0000] {processor.py:161} INFO - Started process (PID=1484) to work on /home/airflow/.local/lib/python3.8/site-packages/airflow/example_dags/example_branch_labels.py
[2024-01-13T12:19:41.015+0000] {processor.py:830} INFO - Processing file /home/airflow/.local/lib/python3.8/site-packages/airflow/example_dags/example_branch_labels.py for tasks to queue
[2024-01-13T12:19:41.018+0000] {logging_mixin.py:188} INFO - [2024-01-13T12:19:41.018+0000] {dagbag.py:538} INFO - Filling up the DagBag from /home/airflow/.local/lib/python3.8/site-packages/airflow/example_dags/example_branch_labels.py
[2024-01-13T12:19:41.029+0000] {processor.py:840} INFO - DAG(s) 'example_branch_labels' retrieved from /home/airflow/.local/lib/python3.8/site-packages/airflow/example_dags/example_branch_labels.py
[2024-01-13T12:19:41.062+0000] {logging_mixin.py:188} INFO - [2024-01-13T12:19:41.061+0000] {dag.py:3033} INFO - Sync 1 DAGs
[2024-01-13T12:19:41.101+0000] {logging_mixin.py:188} INFO - [2024-01-13T12:19:41.101+0000] {dag.py:3820} INFO - Setting next_dagrun for example_branch_labels to 2024-01-12T00:00:00+00:00, run_after=2024-01-13T00:00:00+00:00
[2024-01-13T12:19:41.129+0000] {processor.py:183} INFO - Processing /home/airflow/.local/lib/python3.8/site-packages/airflow/example_dags/example_branch_labels.py took 0.121 seconds
[2024-01-13T12:20:12.463+0000] {processor.py:161} INFO - Started process (PID=1543) to work on /home/airflow/.local/lib/python3.8/site-packages/airflow/example_dags/example_branch_labels.py
[2024-01-13T12:20:12.465+0000] {processor.py:830} INFO - Processing file /home/airflow/.local/lib/python3.8/site-packages/airflow/example_dags/example_branch_labels.py for tasks to queue
[2024-01-13T12:20:12.469+0000] {logging_mixin.py:188} INFO - [2024-01-13T12:20:12.469+0000] {dagbag.py:538} INFO - Filling up the DagBag from /home/airflow/.local/lib/python3.8/site-packages/airflow/example_dags/example_branch_labels.py
[2024-01-13T12:20:12.483+0000] {processor.py:840} INFO - DAG(s) 'example_branch_labels' retrieved from /home/airflow/.local/lib/python3.8/site-packages/airflow/example_dags/example_branch_labels.py
[2024-01-13T12:20:12.513+0000] {logging_mixin.py:188} INFO - [2024-01-13T12:20:12.513+0000] {dag.py:3033} INFO - Sync 1 DAGs
[2024-01-13T12:20:12.551+0000] {logging_mixin.py:188} INFO - [2024-01-13T12:20:12.551+0000] {dag.py:3820} INFO - Setting next_dagrun for example_branch_labels to 2024-01-12T00:00:00+00:00, run_after=2024-01-13T00:00:00+00:00
[2024-01-13T12:20:12.582+0000] {processor.py:183} INFO - Processing /home/airflow/.local/lib/python3.8/site-packages/airflow/example_dags/example_branch_labels.py took 0.127 seconds
[2024-01-13T12:20:44.510+0000] {processor.py:161} INFO - Started process (PID=1603) to work on /home/airflow/.local/lib/python3.8/site-packages/airflow/example_dags/example_branch_labels.py
[2024-01-13T12:20:44.512+0000] {processor.py:830} INFO - Processing file /home/airflow/.local/lib/python3.8/site-packages/airflow/example_dags/example_branch_labels.py for tasks to queue
[2024-01-13T12:20:44.516+0000] {logging_mixin.py:188} INFO - [2024-01-13T12:20:44.516+0000] {dagbag.py:538} INFO - Filling up the DagBag from /home/airflow/.local/lib/python3.8/site-packages/airflow/example_dags/example_branch_labels.py
[2024-01-13T12:20:44.531+0000] {processor.py:840} INFO - DAG(s) 'example_branch_labels' retrieved from /home/airflow/.local/lib/python3.8/site-packages/airflow/example_dags/example_branch_labels.py
[2024-01-13T12:20:44.567+0000] {logging_mixin.py:188} INFO - [2024-01-13T12:20:44.567+0000] {dag.py:3033} INFO - Sync 1 DAGs
[2024-01-13T12:20:44.598+0000] {logging_mixin.py:188} INFO - [2024-01-13T12:20:44.598+0000] {dag.py:3820} INFO - Setting next_dagrun for example_branch_labels to 2024-01-12T00:00:00+00:00, run_after=2024-01-13T00:00:00+00:00
[2024-01-13T12:20:44.620+0000] {processor.py:183} INFO - Processing /home/airflow/.local/lib/python3.8/site-packages/airflow/example_dags/example_branch_labels.py took 0.118 seconds
[2024-01-13T12:21:15.595+0000] {processor.py:161} INFO - Started process (PID=1676) to work on /home/airflow/.local/lib/python3.8/site-packages/airflow/example_dags/example_branch_labels.py
[2024-01-13T12:21:15.597+0000] {processor.py:830} INFO - Processing file /home/airflow/.local/lib/python3.8/site-packages/airflow/example_dags/example_branch_labels.py for tasks to queue
[2024-01-13T12:21:15.601+0000] {logging_mixin.py:188} INFO - [2024-01-13T12:21:15.600+0000] {dagbag.py:538} INFO - Filling up the DagBag from /home/airflow/.local/lib/python3.8/site-packages/airflow/example_dags/example_branch_labels.py
[2024-01-13T12:21:15.616+0000] {processor.py:840} INFO - DAG(s) 'example_branch_labels' retrieved from /home/airflow/.local/lib/python3.8/site-packages/airflow/example_dags/example_branch_labels.py
[2024-01-13T12:21:15.655+0000] {logging_mixin.py:188} INFO - [2024-01-13T12:21:15.655+0000] {dag.py:3033} INFO - Sync 1 DAGs
[2024-01-13T12:21:15.739+0000] {logging_mixin.py:188} INFO - [2024-01-13T12:21:15.738+0000] {dag.py:3820} INFO - Setting next_dagrun for example_branch_labels to 2024-01-12T00:00:00+00:00, run_after=2024-01-13T00:00:00+00:00
[2024-01-13T12:21:15.773+0000] {processor.py:183} INFO - Processing /home/airflow/.local/lib/python3.8/site-packages/airflow/example_dags/example_branch_labels.py took 0.185 seconds
[2024-01-13T12:21:46.341+0000] {processor.py:161} INFO - Started process (PID=1743) to work on /home/airflow/.local/lib/python3.8/site-packages/airflow/example_dags/example_branch_labels.py
[2024-01-13T12:21:46.344+0000] {processor.py:830} INFO - Processing file /home/airflow/.local/lib/python3.8/site-packages/airflow/example_dags/example_branch_labels.py for tasks to queue
[2024-01-13T12:21:46.349+0000] {logging_mixin.py:188} INFO - [2024-01-13T12:21:46.348+0000] {dagbag.py:538} INFO - Filling up the DagBag from /home/airflow/.local/lib/python3.8/site-packages/airflow/example_dags/example_branch_labels.py
[2024-01-13T12:21:46.364+0000] {processor.py:840} INFO - DAG(s) 'example_branch_labels' retrieved from /home/airflow/.local/lib/python3.8/site-packages/airflow/example_dags/example_branch_labels.py
[2024-01-13T12:21:46.400+0000] {logging_mixin.py:188} INFO - [2024-01-13T12:21:46.400+0000] {dag.py:3033} INFO - Sync 1 DAGs
[2024-01-13T12:21:46.434+0000] {logging_mixin.py:188} INFO - [2024-01-13T12:21:46.434+0000] {dag.py:3820} INFO - Setting next_dagrun for example_branch_labels to 2024-01-12T00:00:00+00:00, run_after=2024-01-13T00:00:00+00:00
[2024-01-13T12:21:46.457+0000] {processor.py:183} INFO - Processing /home/airflow/.local/lib/python3.8/site-packages/airflow/example_dags/example_branch_labels.py took 0.124 seconds
[2024-01-13T12:22:18.148+0000] {processor.py:161} INFO - Started process (PID=1814) to work on /home/airflow/.local/lib/python3.8/site-packages/airflow/example_dags/example_branch_labels.py
[2024-01-13T12:22:18.150+0000] {processor.py:830} INFO - Processing file /home/airflow/.local/lib/python3.8/site-packages/airflow/example_dags/example_branch_labels.py for tasks to queue
[2024-01-13T12:22:18.153+0000] {logging_mixin.py:188} INFO - [2024-01-13T12:22:18.153+0000] {dagbag.py:538} INFO - Filling up the DagBag from /home/airflow/.local/lib/python3.8/site-packages/airflow/example_dags/example_branch_labels.py
[2024-01-13T12:22:18.166+0000] {processor.py:840} INFO - DAG(s) 'example_branch_labels' retrieved from /home/airflow/.local/lib/python3.8/site-packages/airflow/example_dags/example_branch_labels.py
[2024-01-13T12:22:18.195+0000] {logging_mixin.py:188} INFO - [2024-01-13T12:22:18.195+0000] {dag.py:3033} INFO - Sync 1 DAGs
[2024-01-13T12:22:18.225+0000] {logging_mixin.py:188} INFO - [2024-01-13T12:22:18.225+0000] {dag.py:3820} INFO - Setting next_dagrun for example_branch_labels to 2024-01-12T00:00:00+00:00, run_after=2024-01-13T00:00:00+00:00
[2024-01-13T12:22:18.250+0000] {processor.py:183} INFO - Processing /home/airflow/.local/lib/python3.8/site-packages/airflow/example_dags/example_branch_labels.py took 0.107 seconds
[2024-01-13T12:22:50.447+0000] {processor.py:161} INFO - Started process (PID=1907) to work on /home/airflow/.local/lib/python3.8/site-packages/airflow/example_dags/example_branch_labels.py
[2024-01-13T12:22:50.450+0000] {processor.py:830} INFO - Processing file /home/airflow/.local/lib/python3.8/site-packages/airflow/example_dags/example_branch_labels.py for tasks to queue
[2024-01-13T12:22:50.454+0000] {logging_mixin.py:188} INFO - [2024-01-13T12:22:50.454+0000] {dagbag.py:538} INFO - Filling up the DagBag from /home/airflow/.local/lib/python3.8/site-packages/airflow/example_dags/example_branch_labels.py
[2024-01-13T12:22:50.475+0000] {processor.py:840} INFO - DAG(s) 'example_branch_labels' retrieved from /home/airflow/.local/lib/python3.8/site-packages/airflow/example_dags/example_branch_labels.py
[2024-01-13T12:22:50.520+0000] {logging_mixin.py:188} INFO - [2024-01-13T12:22:50.519+0000] {dag.py:3033} INFO - Sync 1 DAGs
[2024-01-13T12:22:50.566+0000] {logging_mixin.py:188} INFO - [2024-01-13T12:22:50.565+0000] {dag.py:3820} INFO - Setting next_dagrun for example_branch_labels to 2024-01-12T00:00:00+00:00, run_after=2024-01-13T00:00:00+00:00
[2024-01-13T12:22:50.599+0000] {processor.py:183} INFO - Processing /home/airflow/.local/lib/python3.8/site-packages/airflow/example_dags/example_branch_labels.py took 0.162 seconds
[2024-01-13T12:23:23.145+0000] {processor.py:161} INFO - Started process (PID=1969) to work on /home/airflow/.local/lib/python3.8/site-packages/airflow/example_dags/example_branch_labels.py
[2024-01-13T12:23:23.148+0000] {processor.py:830} INFO - Processing file /home/airflow/.local/lib/python3.8/site-packages/airflow/example_dags/example_branch_labels.py for tasks to queue
[2024-01-13T12:23:23.151+0000] {logging_mixin.py:188} INFO - [2024-01-13T12:23:23.151+0000] {dagbag.py:538} INFO - Filling up the DagBag from /home/airflow/.local/lib/python3.8/site-packages/airflow/example_dags/example_branch_labels.py
[2024-01-13T12:23:23.164+0000] {processor.py:840} INFO - DAG(s) 'example_branch_labels' retrieved from /home/airflow/.local/lib/python3.8/site-packages/airflow/example_dags/example_branch_labels.py
[2024-01-13T12:23:23.195+0000] {logging_mixin.py:188} INFO - [2024-01-13T12:23:23.195+0000] {dag.py:3033} INFO - Sync 1 DAGs
[2024-01-13T12:23:23.228+0000] {logging_mixin.py:188} INFO - [2024-01-13T12:23:23.228+0000] {dag.py:3820} INFO - Setting next_dagrun for example_branch_labels to 2024-01-12T00:00:00+00:00, run_after=2024-01-13T00:00:00+00:00
[2024-01-13T12:23:23.251+0000] {processor.py:183} INFO - Processing /home/airflow/.local/lib/python3.8/site-packages/airflow/example_dags/example_branch_labels.py took 0.111 seconds
[2024-01-13T12:23:53.881+0000] {processor.py:161} INFO - Started process (PID=2028) to work on /home/airflow/.local/lib/python3.8/site-packages/airflow/example_dags/example_branch_labels.py
[2024-01-13T12:23:53.882+0000] {processor.py:830} INFO - Processing file /home/airflow/.local/lib/python3.8/site-packages/airflow/example_dags/example_branch_labels.py for tasks to queue
[2024-01-13T12:23:53.885+0000] {logging_mixin.py:188} INFO - [2024-01-13T12:23:53.885+0000] {dagbag.py:538} INFO - Filling up the DagBag from /home/airflow/.local/lib/python3.8/site-packages/airflow/example_dags/example_branch_labels.py
[2024-01-13T12:23:53.896+0000] {processor.py:840} INFO - DAG(s) 'example_branch_labels' retrieved from /home/airflow/.local/lib/python3.8/site-packages/airflow/example_dags/example_branch_labels.py
[2024-01-13T12:23:53.926+0000] {logging_mixin.py:188} INFO - [2024-01-13T12:23:53.926+0000] {dag.py:3033} INFO - Sync 1 DAGs
[2024-01-13T12:23:53.964+0000] {logging_mixin.py:188} INFO - [2024-01-13T12:23:53.963+0000] {dag.py:3820} INFO - Setting next_dagrun for example_branch_labels to 2024-01-12T00:00:00+00:00, run_after=2024-01-13T00:00:00+00:00
[2024-01-13T12:23:53.990+0000] {processor.py:183} INFO - Processing /home/airflow/.local/lib/python3.8/site-packages/airflow/example_dags/example_branch_labels.py took 0.115 seconds
[2024-01-13T12:24:24.078+0000] {processor.py:161} INFO - Started process (PID=2087) to work on /home/airflow/.local/lib/python3.8/site-packages/airflow/example_dags/example_branch_labels.py
[2024-01-13T12:24:24.081+0000] {processor.py:830} INFO - Processing file /home/airflow/.local/lib/python3.8/site-packages/airflow/example_dags/example_branch_labels.py for tasks to queue
[2024-01-13T12:24:24.084+0000] {logging_mixin.py:188} INFO - [2024-01-13T12:24:24.084+0000] {dagbag.py:538} INFO - Filling up the DagBag from /home/airflow/.local/lib/python3.8/site-packages/airflow/example_dags/example_branch_labels.py
[2024-01-13T12:24:24.095+0000] {processor.py:840} INFO - DAG(s) 'example_branch_labels' retrieved from /home/airflow/.local/lib/python3.8/site-packages/airflow/example_dags/example_branch_labels.py
[2024-01-13T12:24:24.126+0000] {logging_mixin.py:188} INFO - [2024-01-13T12:24:24.125+0000] {dag.py:3033} INFO - Sync 1 DAGs
[2024-01-13T12:24:24.157+0000] {logging_mixin.py:188} INFO - [2024-01-13T12:24:24.157+0000] {dag.py:3820} INFO - Setting next_dagrun for example_branch_labels to 2024-01-12T00:00:00+00:00, run_after=2024-01-13T00:00:00+00:00
[2024-01-13T12:24:24.180+0000] {processor.py:183} INFO - Processing /home/airflow/.local/lib/python3.8/site-packages/airflow/example_dags/example_branch_labels.py took 0.107 seconds
[2024-01-13T12:24:54.689+0000] {processor.py:161} INFO - Started process (PID=2146) to work on /home/airflow/.local/lib/python3.8/site-packages/airflow/example_dags/example_branch_labels.py
[2024-01-13T12:24:54.691+0000] {processor.py:830} INFO - Processing file /home/airflow/.local/lib/python3.8/site-packages/airflow/example_dags/example_branch_labels.py for tasks to queue
[2024-01-13T12:24:54.694+0000] {logging_mixin.py:188} INFO - [2024-01-13T12:24:54.694+0000] {dagbag.py:538} INFO - Filling up the DagBag from /home/airflow/.local/lib/python3.8/site-packages/airflow/example_dags/example_branch_labels.py
[2024-01-13T12:24:54.707+0000] {processor.py:840} INFO - DAG(s) 'example_branch_labels' retrieved from /home/airflow/.local/lib/python3.8/site-packages/airflow/example_dags/example_branch_labels.py
[2024-01-13T12:24:54.736+0000] {logging_mixin.py:188} INFO - [2024-01-13T12:24:54.735+0000] {dag.py:3033} INFO - Sync 1 DAGs
[2024-01-13T12:24:54.776+0000] {logging_mixin.py:188} INFO - [2024-01-13T12:24:54.776+0000] {dag.py:3820} INFO - Setting next_dagrun for example_branch_labels to 2024-01-12T00:00:00+00:00, run_after=2024-01-13T00:00:00+00:00
[2024-01-13T12:24:54.798+0000] {processor.py:183} INFO - Processing /home/airflow/.local/lib/python3.8/site-packages/airflow/example_dags/example_branch_labels.py took 0.114 seconds
