[2024-01-13T11:57:45.974+0000] {processor.py:161} INFO - Started process (PID=62) to work on /home/airflow/.local/lib/python3.8/site-packages/airflow/example_dags/example_skip_dag.py
[2024-01-13T11:57:45.976+0000] {processor.py:830} INFO - Processing file /home/airflow/.local/lib/python3.8/site-packages/airflow/example_dags/example_skip_dag.py for tasks to queue
[2024-01-13T11:57:45.980+0000] {logging_mixin.py:188} INFO - [2024-01-13T11:57:45.980+0000] {dagbag.py:538} INFO - Filling up the DagBag from /home/airflow/.local/lib/python3.8/site-packages/airflow/example_dags/example_skip_dag.py
[2024-01-13T11:57:46.000+0000] {processor.py:840} INFO - DAG(s) 'example_skip_dag' retrieved from /home/airflow/.local/lib/python3.8/site-packages/airflow/example_dags/example_skip_dag.py
[2024-01-13T11:57:46.230+0000] {logging_mixin.py:188} INFO - [2024-01-13T11:57:46.229+0000] {override.py:1769} INFO - Created Permission View: can edit on DAG:example_skip_dag
[2024-01-13T11:57:46.246+0000] {logging_mixin.py:188} INFO - [2024-01-13T11:57:46.246+0000] {override.py:1769} INFO - Created Permission View: can read on DAG:example_skip_dag
[2024-01-13T11:57:46.257+0000] {logging_mixin.py:188} INFO - [2024-01-13T11:57:46.256+0000] {override.py:1769} INFO - Created Permission View: can delete on DAG:example_skip_dag
[2024-01-13T11:57:46.257+0000] {logging_mixin.py:188} INFO - [2024-01-13T11:57:46.257+0000] {dag.py:3033} INFO - Sync 1 DAGs
[2024-01-13T11:57:46.278+0000] {logging_mixin.py:188} INFO - [2024-01-13T11:57:46.277+0000] {dag.py:3055} INFO - Creating ORM DAG for example_skip_dag
[2024-01-13T11:57:46.295+0000] {logging_mixin.py:188} INFO - [2024-01-13T11:57:46.294+0000] {dag.py:3820} INFO - Setting next_dagrun for example_skip_dag to 2024-01-12T00:00:00+00:00, run_after=2024-01-13T00:00:00+00:00
[2024-01-13T11:57:46.322+0000] {processor.py:183} INFO - Processing /home/airflow/.local/lib/python3.8/site-packages/airflow/example_dags/example_skip_dag.py took 0.355 seconds
[2024-01-13T11:58:17.240+0000] {processor.py:161} INFO - Started process (PID=121) to work on /home/airflow/.local/lib/python3.8/site-packages/airflow/example_dags/example_skip_dag.py
[2024-01-13T11:58:17.242+0000] {processor.py:830} INFO - Processing file /home/airflow/.local/lib/python3.8/site-packages/airflow/example_dags/example_skip_dag.py for tasks to queue
[2024-01-13T11:58:17.247+0000] {logging_mixin.py:188} INFO - [2024-01-13T11:58:17.246+0000] {dagbag.py:538} INFO - Filling up the DagBag from /home/airflow/.local/lib/python3.8/site-packages/airflow/example_dags/example_skip_dag.py
[2024-01-13T11:58:17.260+0000] {processor.py:840} INFO - DAG(s) 'example_skip_dag' retrieved from /home/airflow/.local/lib/python3.8/site-packages/airflow/example_dags/example_skip_dag.py
[2024-01-13T11:58:17.289+0000] {logging_mixin.py:188} INFO - [2024-01-13T11:58:17.289+0000] {dag.py:3033} INFO - Sync 1 DAGs
[2024-01-13T11:58:17.316+0000] {logging_mixin.py:188} INFO - [2024-01-13T11:58:17.315+0000] {dag.py:3820} INFO - Setting next_dagrun for example_skip_dag to 2024-01-12T00:00:00+00:00, run_after=2024-01-13T00:00:00+00:00
[2024-01-13T11:58:17.337+0000] {processor.py:183} INFO - Processing /home/airflow/.local/lib/python3.8/site-packages/airflow/example_dags/example_skip_dag.py took 0.103 seconds
[2024-01-13T11:58:47.477+0000] {processor.py:161} INFO - Started process (PID=180) to work on /home/airflow/.local/lib/python3.8/site-packages/airflow/example_dags/example_skip_dag.py
[2024-01-13T11:58:47.478+0000] {processor.py:830} INFO - Processing file /home/airflow/.local/lib/python3.8/site-packages/airflow/example_dags/example_skip_dag.py for tasks to queue
[2024-01-13T11:58:47.481+0000] {logging_mixin.py:188} INFO - [2024-01-13T11:58:47.481+0000] {dagbag.py:538} INFO - Filling up the DagBag from /home/airflow/.local/lib/python3.8/site-packages/airflow/example_dags/example_skip_dag.py
[2024-01-13T11:58:47.490+0000] {processor.py:840} INFO - DAG(s) 'example_skip_dag' retrieved from /home/airflow/.local/lib/python3.8/site-packages/airflow/example_dags/example_skip_dag.py
[2024-01-13T11:58:47.519+0000] {logging_mixin.py:188} INFO - [2024-01-13T11:58:47.519+0000] {dag.py:3033} INFO - Sync 1 DAGs
[2024-01-13T11:58:47.547+0000] {logging_mixin.py:188} INFO - [2024-01-13T11:58:47.547+0000] {dag.py:3820} INFO - Setting next_dagrun for example_skip_dag to 2024-01-12T00:00:00+00:00, run_after=2024-01-13T00:00:00+00:00
[2024-01-13T11:58:47.577+0000] {processor.py:183} INFO - Processing /home/airflow/.local/lib/python3.8/site-packages/airflow/example_dags/example_skip_dag.py took 0.106 seconds
[2024-01-13T11:59:18.049+0000] {processor.py:161} INFO - Started process (PID=245) to work on /home/airflow/.local/lib/python3.8/site-packages/airflow/example_dags/example_skip_dag.py
[2024-01-13T11:59:18.051+0000] {processor.py:830} INFO - Processing file /home/airflow/.local/lib/python3.8/site-packages/airflow/example_dags/example_skip_dag.py for tasks to queue
[2024-01-13T11:59:18.054+0000] {logging_mixin.py:188} INFO - [2024-01-13T11:59:18.053+0000] {dagbag.py:538} INFO - Filling up the DagBag from /home/airflow/.local/lib/python3.8/site-packages/airflow/example_dags/example_skip_dag.py
[2024-01-13T11:59:18.063+0000] {processor.py:840} INFO - DAG(s) 'example_skip_dag' retrieved from /home/airflow/.local/lib/python3.8/site-packages/airflow/example_dags/example_skip_dag.py
[2024-01-13T11:59:18.097+0000] {logging_mixin.py:188} INFO - [2024-01-13T11:59:18.097+0000] {dag.py:3033} INFO - Sync 1 DAGs
[2024-01-13T11:59:18.124+0000] {logging_mixin.py:188} INFO - [2024-01-13T11:59:18.124+0000] {dag.py:3820} INFO - Setting next_dagrun for example_skip_dag to 2024-01-12T00:00:00+00:00, run_after=2024-01-13T00:00:00+00:00
[2024-01-13T11:59:18.145+0000] {processor.py:183} INFO - Processing /home/airflow/.local/lib/python3.8/site-packages/airflow/example_dags/example_skip_dag.py took 0.102 seconds
[2024-01-13T11:59:48.740+0000] {processor.py:161} INFO - Started process (PID=304) to work on /home/airflow/.local/lib/python3.8/site-packages/airflow/example_dags/example_skip_dag.py
[2024-01-13T11:59:48.742+0000] {processor.py:830} INFO - Processing file /home/airflow/.local/lib/python3.8/site-packages/airflow/example_dags/example_skip_dag.py for tasks to queue
[2024-01-13T11:59:48.746+0000] {logging_mixin.py:188} INFO - [2024-01-13T11:59:48.746+0000] {dagbag.py:538} INFO - Filling up the DagBag from /home/airflow/.local/lib/python3.8/site-packages/airflow/example_dags/example_skip_dag.py
[2024-01-13T11:59:48.757+0000] {processor.py:840} INFO - DAG(s) 'example_skip_dag' retrieved from /home/airflow/.local/lib/python3.8/site-packages/airflow/example_dags/example_skip_dag.py
[2024-01-13T11:59:48.785+0000] {logging_mixin.py:188} INFO - [2024-01-13T11:59:48.785+0000] {dag.py:3033} INFO - Sync 1 DAGs
[2024-01-13T11:59:48.812+0000] {logging_mixin.py:188} INFO - [2024-01-13T11:59:48.812+0000] {dag.py:3820} INFO - Setting next_dagrun for example_skip_dag to 2024-01-12T00:00:00+00:00, run_after=2024-01-13T00:00:00+00:00
[2024-01-13T11:59:48.836+0000] {processor.py:183} INFO - Processing /home/airflow/.local/lib/python3.8/site-packages/airflow/example_dags/example_skip_dag.py took 0.101 seconds
[2024-01-13T12:00:19.067+0000] {processor.py:161} INFO - Started process (PID=362) to work on /home/airflow/.local/lib/python3.8/site-packages/airflow/example_dags/example_skip_dag.py
[2024-01-13T12:00:19.069+0000] {processor.py:830} INFO - Processing file /home/airflow/.local/lib/python3.8/site-packages/airflow/example_dags/example_skip_dag.py for tasks to queue
[2024-01-13T12:00:19.072+0000] {logging_mixin.py:188} INFO - [2024-01-13T12:00:19.071+0000] {dagbag.py:538} INFO - Filling up the DagBag from /home/airflow/.local/lib/python3.8/site-packages/airflow/example_dags/example_skip_dag.py
[2024-01-13T12:00:19.081+0000] {processor.py:840} INFO - DAG(s) 'example_skip_dag' retrieved from /home/airflow/.local/lib/python3.8/site-packages/airflow/example_dags/example_skip_dag.py
[2024-01-13T12:00:19.112+0000] {logging_mixin.py:188} INFO - [2024-01-13T12:00:19.111+0000] {dag.py:3033} INFO - Sync 1 DAGs
[2024-01-13T12:00:19.140+0000] {logging_mixin.py:188} INFO - [2024-01-13T12:00:19.140+0000] {dag.py:3820} INFO - Setting next_dagrun for example_skip_dag to 2024-01-12T00:00:00+00:00, run_after=2024-01-13T00:00:00+00:00
[2024-01-13T12:00:19.163+0000] {processor.py:183} INFO - Processing /home/airflow/.local/lib/python3.8/site-packages/airflow/example_dags/example_skip_dag.py took 0.101 seconds
[2024-01-13T12:00:49.470+0000] {processor.py:161} INFO - Started process (PID=420) to work on /home/airflow/.local/lib/python3.8/site-packages/airflow/example_dags/example_skip_dag.py
[2024-01-13T12:00:49.471+0000] {processor.py:830} INFO - Processing file /home/airflow/.local/lib/python3.8/site-packages/airflow/example_dags/example_skip_dag.py for tasks to queue
[2024-01-13T12:00:49.474+0000] {logging_mixin.py:188} INFO - [2024-01-13T12:00:49.473+0000] {dagbag.py:538} INFO - Filling up the DagBag from /home/airflow/.local/lib/python3.8/site-packages/airflow/example_dags/example_skip_dag.py
[2024-01-13T12:00:49.485+0000] {processor.py:840} INFO - DAG(s) 'example_skip_dag' retrieved from /home/airflow/.local/lib/python3.8/site-packages/airflow/example_dags/example_skip_dag.py
[2024-01-13T12:00:49.513+0000] {logging_mixin.py:188} INFO - [2024-01-13T12:00:49.513+0000] {dag.py:3033} INFO - Sync 1 DAGs
[2024-01-13T12:00:49.541+0000] {logging_mixin.py:188} INFO - [2024-01-13T12:00:49.541+0000] {dag.py:3820} INFO - Setting next_dagrun for example_skip_dag to 2024-01-12T00:00:00+00:00, run_after=2024-01-13T00:00:00+00:00
[2024-01-13T12:00:49.565+0000] {processor.py:183} INFO - Processing /home/airflow/.local/lib/python3.8/site-packages/airflow/example_dags/example_skip_dag.py took 0.101 seconds
[2024-01-13T12:01:19.810+0000] {processor.py:161} INFO - Started process (PID=479) to work on /home/airflow/.local/lib/python3.8/site-packages/airflow/example_dags/example_skip_dag.py
[2024-01-13T12:01:19.812+0000] {processor.py:830} INFO - Processing file /home/airflow/.local/lib/python3.8/site-packages/airflow/example_dags/example_skip_dag.py for tasks to queue
[2024-01-13T12:01:19.815+0000] {logging_mixin.py:188} INFO - [2024-01-13T12:01:19.815+0000] {dagbag.py:538} INFO - Filling up the DagBag from /home/airflow/.local/lib/python3.8/site-packages/airflow/example_dags/example_skip_dag.py
[2024-01-13T12:01:19.824+0000] {processor.py:840} INFO - DAG(s) 'example_skip_dag' retrieved from /home/airflow/.local/lib/python3.8/site-packages/airflow/example_dags/example_skip_dag.py
[2024-01-13T12:01:19.853+0000] {logging_mixin.py:188} INFO - [2024-01-13T12:01:19.852+0000] {dag.py:3033} INFO - Sync 1 DAGs
[2024-01-13T12:01:19.879+0000] {logging_mixin.py:188} INFO - [2024-01-13T12:01:19.879+0000] {dag.py:3820} INFO - Setting next_dagrun for example_skip_dag to 2024-01-12T00:00:00+00:00, run_after=2024-01-13T00:00:00+00:00
[2024-01-13T12:01:19.901+0000] {processor.py:183} INFO - Processing /home/airflow/.local/lib/python3.8/site-packages/airflow/example_dags/example_skip_dag.py took 0.096 seconds
[2024-01-13T12:01:50.051+0000] {processor.py:161} INFO - Started process (PID=537) to work on /home/airflow/.local/lib/python3.8/site-packages/airflow/example_dags/example_skip_dag.py
[2024-01-13T12:01:50.052+0000] {processor.py:830} INFO - Processing file /home/airflow/.local/lib/python3.8/site-packages/airflow/example_dags/example_skip_dag.py for tasks to queue
[2024-01-13T12:01:50.055+0000] {logging_mixin.py:188} INFO - [2024-01-13T12:01:50.055+0000] {dagbag.py:538} INFO - Filling up the DagBag from /home/airflow/.local/lib/python3.8/site-packages/airflow/example_dags/example_skip_dag.py
[2024-01-13T12:01:50.065+0000] {processor.py:840} INFO - DAG(s) 'example_skip_dag' retrieved from /home/airflow/.local/lib/python3.8/site-packages/airflow/example_dags/example_skip_dag.py
[2024-01-13T12:01:50.100+0000] {logging_mixin.py:188} INFO - [2024-01-13T12:01:50.100+0000] {dag.py:3033} INFO - Sync 1 DAGs
[2024-01-13T12:01:50.130+0000] {logging_mixin.py:188} INFO - [2024-01-13T12:01:50.130+0000] {dag.py:3820} INFO - Setting next_dagrun for example_skip_dag to 2024-01-12T00:00:00+00:00, run_after=2024-01-13T00:00:00+00:00
[2024-01-13T12:01:50.152+0000] {processor.py:183} INFO - Processing /home/airflow/.local/lib/python3.8/site-packages/airflow/example_dags/example_skip_dag.py took 0.107 seconds
[2024-01-13T12:02:20.502+0000] {processor.py:161} INFO - Started process (PID=604) to work on /home/airflow/.local/lib/python3.8/site-packages/airflow/example_dags/example_skip_dag.py
[2024-01-13T12:02:20.516+0000] {processor.py:830} INFO - Processing file /home/airflow/.local/lib/python3.8/site-packages/airflow/example_dags/example_skip_dag.py for tasks to queue
[2024-01-13T12:02:20.519+0000] {logging_mixin.py:188} INFO - [2024-01-13T12:02:20.519+0000] {dagbag.py:538} INFO - Filling up the DagBag from /home/airflow/.local/lib/python3.8/site-packages/airflow/example_dags/example_skip_dag.py
[2024-01-13T12:02:20.530+0000] {processor.py:840} INFO - DAG(s) 'example_skip_dag' retrieved from /home/airflow/.local/lib/python3.8/site-packages/airflow/example_dags/example_skip_dag.py
[2024-01-13T12:02:20.565+0000] {logging_mixin.py:188} INFO - [2024-01-13T12:02:20.564+0000] {dag.py:3033} INFO - Sync 1 DAGs
[2024-01-13T12:02:20.592+0000] {logging_mixin.py:188} INFO - [2024-01-13T12:02:20.592+0000] {dag.py:3820} INFO - Setting next_dagrun for example_skip_dag to 2024-01-12T00:00:00+00:00, run_after=2024-01-13T00:00:00+00:00
[2024-01-13T12:02:20.613+0000] {processor.py:183} INFO - Processing /home/airflow/.local/lib/python3.8/site-packages/airflow/example_dags/example_skip_dag.py took 0.115 seconds
[2024-01-13T12:02:51.258+0000] {processor.py:161} INFO - Started process (PID=683) to work on /home/airflow/.local/lib/python3.8/site-packages/airflow/example_dags/example_skip_dag.py
[2024-01-13T12:02:51.260+0000] {processor.py:830} INFO - Processing file /home/airflow/.local/lib/python3.8/site-packages/airflow/example_dags/example_skip_dag.py for tasks to queue
[2024-01-13T12:02:51.267+0000] {logging_mixin.py:188} INFO - [2024-01-13T12:02:51.266+0000] {dagbag.py:538} INFO - Filling up the DagBag from /home/airflow/.local/lib/python3.8/site-packages/airflow/example_dags/example_skip_dag.py
[2024-01-13T12:02:51.294+0000] {processor.py:840} INFO - DAG(s) 'example_skip_dag' retrieved from /home/airflow/.local/lib/python3.8/site-packages/airflow/example_dags/example_skip_dag.py
[2024-01-13T12:02:51.381+0000] {logging_mixin.py:188} INFO - [2024-01-13T12:02:51.381+0000] {dag.py:3033} INFO - Sync 1 DAGs
[2024-01-13T12:02:51.451+0000] {logging_mixin.py:188} INFO - [2024-01-13T12:02:51.451+0000] {dag.py:3820} INFO - Setting next_dagrun for example_skip_dag to 2024-01-12T00:00:00+00:00, run_after=2024-01-13T00:00:00+00:00
[2024-01-13T12:02:51.495+0000] {processor.py:183} INFO - Processing /home/airflow/.local/lib/python3.8/site-packages/airflow/example_dags/example_skip_dag.py took 0.276 seconds
[2024-01-13T12:07:40.953+0000] {processor.py:161} INFO - Started process (PID=57) to work on /home/airflow/.local/lib/python3.8/site-packages/airflow/example_dags/example_skip_dag.py
[2024-01-13T12:07:40.956+0000] {processor.py:830} INFO - Processing file /home/airflow/.local/lib/python3.8/site-packages/airflow/example_dags/example_skip_dag.py for tasks to queue
[2024-01-13T12:07:40.967+0000] {logging_mixin.py:188} INFO - [2024-01-13T12:07:40.965+0000] {dagbag.py:538} INFO - Filling up the DagBag from /home/airflow/.local/lib/python3.8/site-packages/airflow/example_dags/example_skip_dag.py
[2024-01-13T12:07:41.012+0000] {processor.py:840} INFO - DAG(s) 'example_skip_dag' retrieved from /home/airflow/.local/lib/python3.8/site-packages/airflow/example_dags/example_skip_dag.py
[2024-01-13T12:07:41.067+0000] {logging_mixin.py:188} INFO - [2024-01-13T12:07:41.065+0000] {dag.py:3033} INFO - Sync 1 DAGs
[2024-01-13T12:07:41.226+0000] {logging_mixin.py:188} INFO - [2024-01-13T12:07:41.225+0000] {dag.py:3820} INFO - Setting next_dagrun for example_skip_dag to 2024-01-12T00:00:00+00:00, run_after=2024-01-13T00:00:00+00:00
[2024-01-13T12:07:41.291+0000] {processor.py:183} INFO - Processing /home/airflow/.local/lib/python3.8/site-packages/airflow/example_dags/example_skip_dag.py took 0.345 seconds
[2024-01-13T12:08:15.510+0000] {processor.py:161} INFO - Started process (PID=149) to work on /home/airflow/.local/lib/python3.8/site-packages/airflow/example_dags/example_skip_dag.py
[2024-01-13T12:08:15.513+0000] {processor.py:830} INFO - Processing file /home/airflow/.local/lib/python3.8/site-packages/airflow/example_dags/example_skip_dag.py for tasks to queue
[2024-01-13T12:08:15.517+0000] {logging_mixin.py:188} INFO - [2024-01-13T12:08:15.516+0000] {dagbag.py:538} INFO - Filling up the DagBag from /home/airflow/.local/lib/python3.8/site-packages/airflow/example_dags/example_skip_dag.py
[2024-01-13T12:08:15.537+0000] {processor.py:840} INFO - DAG(s) 'example_skip_dag' retrieved from /home/airflow/.local/lib/python3.8/site-packages/airflow/example_dags/example_skip_dag.py
[2024-01-13T12:08:15.830+0000] {logging_mixin.py:188} INFO - [2024-01-13T12:08:15.830+0000] {dag.py:3033} INFO - Sync 1 DAGs
[2024-01-13T12:08:15.885+0000] {logging_mixin.py:188} INFO - [2024-01-13T12:08:15.884+0000] {dag.py:3820} INFO - Setting next_dagrun for example_skip_dag to 2024-01-12T00:00:00+00:00, run_after=2024-01-13T00:00:00+00:00
[2024-01-13T12:08:15.942+0000] {processor.py:183} INFO - Processing /home/airflow/.local/lib/python3.8/site-packages/airflow/example_dags/example_skip_dag.py took 0.439 seconds
[2024-01-13T12:08:46.217+0000] {processor.py:161} INFO - Started process (PID=208) to work on /home/airflow/.local/lib/python3.8/site-packages/airflow/example_dags/example_skip_dag.py
[2024-01-13T12:08:46.219+0000] {processor.py:830} INFO - Processing file /home/airflow/.local/lib/python3.8/site-packages/airflow/example_dags/example_skip_dag.py for tasks to queue
[2024-01-13T12:08:46.222+0000] {logging_mixin.py:188} INFO - [2024-01-13T12:08:46.222+0000] {dagbag.py:538} INFO - Filling up the DagBag from /home/airflow/.local/lib/python3.8/site-packages/airflow/example_dags/example_skip_dag.py
[2024-01-13T12:08:46.231+0000] {processor.py:840} INFO - DAG(s) 'example_skip_dag' retrieved from /home/airflow/.local/lib/python3.8/site-packages/airflow/example_dags/example_skip_dag.py
[2024-01-13T12:08:46.259+0000] {logging_mixin.py:188} INFO - [2024-01-13T12:08:46.259+0000] {dag.py:3033} INFO - Sync 1 DAGs
[2024-01-13T12:08:46.292+0000] {logging_mixin.py:188} INFO - [2024-01-13T12:08:46.292+0000] {dag.py:3820} INFO - Setting next_dagrun for example_skip_dag to 2024-01-12T00:00:00+00:00, run_after=2024-01-13T00:00:00+00:00
[2024-01-13T12:08:46.317+0000] {processor.py:183} INFO - Processing /home/airflow/.local/lib/python3.8/site-packages/airflow/example_dags/example_skip_dag.py took 0.106 seconds
[2024-01-13T12:09:16.742+0000] {processor.py:161} INFO - Started process (PID=268) to work on /home/airflow/.local/lib/python3.8/site-packages/airflow/example_dags/example_skip_dag.py
[2024-01-13T12:09:16.744+0000] {processor.py:830} INFO - Processing file /home/airflow/.local/lib/python3.8/site-packages/airflow/example_dags/example_skip_dag.py for tasks to queue
[2024-01-13T12:09:16.747+0000] {logging_mixin.py:188} INFO - [2024-01-13T12:09:16.746+0000] {dagbag.py:538} INFO - Filling up the DagBag from /home/airflow/.local/lib/python3.8/site-packages/airflow/example_dags/example_skip_dag.py
[2024-01-13T12:09:16.756+0000] {processor.py:840} INFO - DAG(s) 'example_skip_dag' retrieved from /home/airflow/.local/lib/python3.8/site-packages/airflow/example_dags/example_skip_dag.py
[2024-01-13T12:09:16.784+0000] {logging_mixin.py:188} INFO - [2024-01-13T12:09:16.784+0000] {dag.py:3033} INFO - Sync 1 DAGs
[2024-01-13T12:09:16.811+0000] {logging_mixin.py:188} INFO - [2024-01-13T12:09:16.811+0000] {dag.py:3820} INFO - Setting next_dagrun for example_skip_dag to 2024-01-12T00:00:00+00:00, run_after=2024-01-13T00:00:00+00:00
[2024-01-13T12:09:16.833+0000] {processor.py:183} INFO - Processing /home/airflow/.local/lib/python3.8/site-packages/airflow/example_dags/example_skip_dag.py took 0.097 seconds
[2024-01-13T12:09:47.113+0000] {processor.py:161} INFO - Started process (PID=327) to work on /home/airflow/.local/lib/python3.8/site-packages/airflow/example_dags/example_skip_dag.py
[2024-01-13T12:09:47.115+0000] {processor.py:830} INFO - Processing file /home/airflow/.local/lib/python3.8/site-packages/airflow/example_dags/example_skip_dag.py for tasks to queue
[2024-01-13T12:09:47.118+0000] {logging_mixin.py:188} INFO - [2024-01-13T12:09:47.118+0000] {dagbag.py:538} INFO - Filling up the DagBag from /home/airflow/.local/lib/python3.8/site-packages/airflow/example_dags/example_skip_dag.py
[2024-01-13T12:09:47.131+0000] {processor.py:840} INFO - DAG(s) 'example_skip_dag' retrieved from /home/airflow/.local/lib/python3.8/site-packages/airflow/example_dags/example_skip_dag.py
[2024-01-13T12:09:47.169+0000] {logging_mixin.py:188} INFO - [2024-01-13T12:09:47.169+0000] {dag.py:3033} INFO - Sync 1 DAGs
[2024-01-13T12:09:47.209+0000] {logging_mixin.py:188} INFO - [2024-01-13T12:09:47.208+0000] {dag.py:3820} INFO - Setting next_dagrun for example_skip_dag to 2024-01-12T00:00:00+00:00, run_after=2024-01-13T00:00:00+00:00
[2024-01-13T12:09:47.232+0000] {processor.py:183} INFO - Processing /home/airflow/.local/lib/python3.8/site-packages/airflow/example_dags/example_skip_dag.py took 0.125 seconds
[2024-01-13T12:10:17.904+0000] {processor.py:161} INFO - Started process (PID=386) to work on /home/airflow/.local/lib/python3.8/site-packages/airflow/example_dags/example_skip_dag.py
[2024-01-13T12:10:17.906+0000] {processor.py:830} INFO - Processing file /home/airflow/.local/lib/python3.8/site-packages/airflow/example_dags/example_skip_dag.py for tasks to queue
[2024-01-13T12:10:17.909+0000] {logging_mixin.py:188} INFO - [2024-01-13T12:10:17.909+0000] {dagbag.py:538} INFO - Filling up the DagBag from /home/airflow/.local/lib/python3.8/site-packages/airflow/example_dags/example_skip_dag.py
[2024-01-13T12:10:17.922+0000] {processor.py:840} INFO - DAG(s) 'example_skip_dag' retrieved from /home/airflow/.local/lib/python3.8/site-packages/airflow/example_dags/example_skip_dag.py
[2024-01-13T12:10:17.953+0000] {logging_mixin.py:188} INFO - [2024-01-13T12:10:17.953+0000] {dag.py:3033} INFO - Sync 1 DAGs
[2024-01-13T12:10:17.981+0000] {logging_mixin.py:188} INFO - [2024-01-13T12:10:17.981+0000] {dag.py:3820} INFO - Setting next_dagrun for example_skip_dag to 2024-01-12T00:00:00+00:00, run_after=2024-01-13T00:00:00+00:00
[2024-01-13T12:10:18.006+0000] {processor.py:183} INFO - Processing /home/airflow/.local/lib/python3.8/site-packages/airflow/example_dags/example_skip_dag.py took 0.107 seconds
[2024-01-13T12:10:48.203+0000] {processor.py:161} INFO - Started process (PID=445) to work on /home/airflow/.local/lib/python3.8/site-packages/airflow/example_dags/example_skip_dag.py
[2024-01-13T12:10:48.206+0000] {processor.py:830} INFO - Processing file /home/airflow/.local/lib/python3.8/site-packages/airflow/example_dags/example_skip_dag.py for tasks to queue
[2024-01-13T12:10:48.210+0000] {logging_mixin.py:188} INFO - [2024-01-13T12:10:48.209+0000] {dagbag.py:538} INFO - Filling up the DagBag from /home/airflow/.local/lib/python3.8/site-packages/airflow/example_dags/example_skip_dag.py
[2024-01-13T12:10:48.220+0000] {processor.py:840} INFO - DAG(s) 'example_skip_dag' retrieved from /home/airflow/.local/lib/python3.8/site-packages/airflow/example_dags/example_skip_dag.py
[2024-01-13T12:10:48.251+0000] {logging_mixin.py:188} INFO - [2024-01-13T12:10:48.251+0000] {dag.py:3033} INFO - Sync 1 DAGs
[2024-01-13T12:10:48.280+0000] {logging_mixin.py:188} INFO - [2024-01-13T12:10:48.280+0000] {dag.py:3820} INFO - Setting next_dagrun for example_skip_dag to 2024-01-12T00:00:00+00:00, run_after=2024-01-13T00:00:00+00:00
[2024-01-13T12:10:48.303+0000] {processor.py:183} INFO - Processing /home/airflow/.local/lib/python3.8/site-packages/airflow/example_dags/example_skip_dag.py took 0.105 seconds
[2024-01-13T12:11:18.624+0000] {processor.py:161} INFO - Started process (PID=504) to work on /home/airflow/.local/lib/python3.8/site-packages/airflow/example_dags/example_skip_dag.py
[2024-01-13T12:11:18.625+0000] {processor.py:830} INFO - Processing file /home/airflow/.local/lib/python3.8/site-packages/airflow/example_dags/example_skip_dag.py for tasks to queue
[2024-01-13T12:11:18.630+0000] {logging_mixin.py:188} INFO - [2024-01-13T12:11:18.629+0000] {dagbag.py:538} INFO - Filling up the DagBag from /home/airflow/.local/lib/python3.8/site-packages/airflow/example_dags/example_skip_dag.py
[2024-01-13T12:11:18.641+0000] {processor.py:840} INFO - DAG(s) 'example_skip_dag' retrieved from /home/airflow/.local/lib/python3.8/site-packages/airflow/example_dags/example_skip_dag.py
[2024-01-13T12:11:18.668+0000] {logging_mixin.py:188} INFO - [2024-01-13T12:11:18.668+0000] {dag.py:3033} INFO - Sync 1 DAGs
[2024-01-13T12:11:18.695+0000] {logging_mixin.py:188} INFO - [2024-01-13T12:11:18.695+0000] {dag.py:3820} INFO - Setting next_dagrun for example_skip_dag to 2024-01-12T00:00:00+00:00, run_after=2024-01-13T00:00:00+00:00
[2024-01-13T12:11:18.717+0000] {processor.py:183} INFO - Processing /home/airflow/.local/lib/python3.8/site-packages/airflow/example_dags/example_skip_dag.py took 0.099 seconds
[2024-01-13T12:11:48.832+0000] {processor.py:161} INFO - Started process (PID=563) to work on /home/airflow/.local/lib/python3.8/site-packages/airflow/example_dags/example_skip_dag.py
[2024-01-13T12:11:48.834+0000] {processor.py:830} INFO - Processing file /home/airflow/.local/lib/python3.8/site-packages/airflow/example_dags/example_skip_dag.py for tasks to queue
[2024-01-13T12:11:48.837+0000] {logging_mixin.py:188} INFO - [2024-01-13T12:11:48.837+0000] {dagbag.py:538} INFO - Filling up the DagBag from /home/airflow/.local/lib/python3.8/site-packages/airflow/example_dags/example_skip_dag.py
[2024-01-13T12:11:48.846+0000] {processor.py:840} INFO - DAG(s) 'example_skip_dag' retrieved from /home/airflow/.local/lib/python3.8/site-packages/airflow/example_dags/example_skip_dag.py
[2024-01-13T12:11:48.875+0000] {logging_mixin.py:188} INFO - [2024-01-13T12:11:48.875+0000] {dag.py:3033} INFO - Sync 1 DAGs
[2024-01-13T12:11:48.903+0000] {logging_mixin.py:188} INFO - [2024-01-13T12:11:48.903+0000] {dag.py:3820} INFO - Setting next_dagrun for example_skip_dag to 2024-01-12T00:00:00+00:00, run_after=2024-01-13T00:00:00+00:00
[2024-01-13T12:11:48.924+0000] {processor.py:183} INFO - Processing /home/airflow/.local/lib/python3.8/site-packages/airflow/example_dags/example_skip_dag.py took 0.097 seconds
[2024-01-13T12:12:20.121+0000] {processor.py:161} INFO - Started process (PID=622) to work on /home/airflow/.local/lib/python3.8/site-packages/airflow/example_dags/example_skip_dag.py
[2024-01-13T12:12:20.122+0000] {processor.py:830} INFO - Processing file /home/airflow/.local/lib/python3.8/site-packages/airflow/example_dags/example_skip_dag.py for tasks to queue
[2024-01-13T12:12:20.126+0000] {logging_mixin.py:188} INFO - [2024-01-13T12:12:20.125+0000] {dagbag.py:538} INFO - Filling up the DagBag from /home/airflow/.local/lib/python3.8/site-packages/airflow/example_dags/example_skip_dag.py
[2024-01-13T12:12:20.135+0000] {processor.py:840} INFO - DAG(s) 'example_skip_dag' retrieved from /home/airflow/.local/lib/python3.8/site-packages/airflow/example_dags/example_skip_dag.py
[2024-01-13T12:12:20.164+0000] {logging_mixin.py:188} INFO - [2024-01-13T12:12:20.164+0000] {dag.py:3033} INFO - Sync 1 DAGs
[2024-01-13T12:12:20.198+0000] {logging_mixin.py:188} INFO - [2024-01-13T12:12:20.197+0000] {dag.py:3820} INFO - Setting next_dagrun for example_skip_dag to 2024-01-12T00:00:00+00:00, run_after=2024-01-13T00:00:00+00:00
[2024-01-13T12:12:20.225+0000] {processor.py:183} INFO - Processing /home/airflow/.local/lib/python3.8/site-packages/airflow/example_dags/example_skip_dag.py took 0.108 seconds
[2024-01-13T12:12:52.052+0000] {processor.py:161} INFO - Started process (PID=681) to work on /home/airflow/.local/lib/python3.8/site-packages/airflow/example_dags/example_skip_dag.py
[2024-01-13T12:12:52.068+0000] {processor.py:830} INFO - Processing file /home/airflow/.local/lib/python3.8/site-packages/airflow/example_dags/example_skip_dag.py for tasks to queue
[2024-01-13T12:12:52.072+0000] {logging_mixin.py:188} INFO - [2024-01-13T12:12:52.071+0000] {dagbag.py:538} INFO - Filling up the DagBag from /home/airflow/.local/lib/python3.8/site-packages/airflow/example_dags/example_skip_dag.py
[2024-01-13T12:12:52.085+0000] {processor.py:840} INFO - DAG(s) 'example_skip_dag' retrieved from /home/airflow/.local/lib/python3.8/site-packages/airflow/example_dags/example_skip_dag.py
[2024-01-13T12:12:52.118+0000] {logging_mixin.py:188} INFO - [2024-01-13T12:12:52.117+0000] {dag.py:3033} INFO - Sync 1 DAGs
[2024-01-13T12:12:52.148+0000] {logging_mixin.py:188} INFO - [2024-01-13T12:12:52.148+0000] {dag.py:3820} INFO - Setting next_dagrun for example_skip_dag to 2024-01-12T00:00:00+00:00, run_after=2024-01-13T00:00:00+00:00
[2024-01-13T12:12:52.171+0000] {processor.py:183} INFO - Processing /home/airflow/.local/lib/python3.8/site-packages/airflow/example_dags/example_skip_dag.py took 0.126 seconds
[2024-01-13T12:13:27.530+0000] {processor.py:161} INFO - Started process (PID=754) to work on /home/airflow/.local/lib/python3.8/site-packages/airflow/example_dags/example_skip_dag.py
[2024-01-13T12:13:27.532+0000] {processor.py:830} INFO - Processing file /home/airflow/.local/lib/python3.8/site-packages/airflow/example_dags/example_skip_dag.py for tasks to queue
[2024-01-13T12:13:27.536+0000] {logging_mixin.py:188} INFO - [2024-01-13T12:13:27.535+0000] {dagbag.py:538} INFO - Filling up the DagBag from /home/airflow/.local/lib/python3.8/site-packages/airflow/example_dags/example_skip_dag.py
[2024-01-13T12:13:27.555+0000] {processor.py:840} INFO - DAG(s) 'example_skip_dag' retrieved from /home/airflow/.local/lib/python3.8/site-packages/airflow/example_dags/example_skip_dag.py
[2024-01-13T12:13:27.638+0000] {logging_mixin.py:188} INFO - [2024-01-13T12:13:27.637+0000] {dag.py:3033} INFO - Sync 1 DAGs
[2024-01-13T12:13:27.720+0000] {logging_mixin.py:188} INFO - [2024-01-13T12:13:27.719+0000] {dag.py:3820} INFO - Setting next_dagrun for example_skip_dag to 2024-01-12T00:00:00+00:00, run_after=2024-01-13T00:00:00+00:00
[2024-01-13T12:13:27.778+0000] {processor.py:183} INFO - Processing /home/airflow/.local/lib/python3.8/site-packages/airflow/example_dags/example_skip_dag.py took 0.259 seconds
[2024-01-13T12:13:58.231+0000] {processor.py:161} INFO - Started process (PID=814) to work on /home/airflow/.local/lib/python3.8/site-packages/airflow/example_dags/example_skip_dag.py
[2024-01-13T12:13:58.235+0000] {processor.py:830} INFO - Processing file /home/airflow/.local/lib/python3.8/site-packages/airflow/example_dags/example_skip_dag.py for tasks to queue
[2024-01-13T12:13:58.239+0000] {logging_mixin.py:188} INFO - [2024-01-13T12:13:58.238+0000] {dagbag.py:538} INFO - Filling up the DagBag from /home/airflow/.local/lib/python3.8/site-packages/airflow/example_dags/example_skip_dag.py
[2024-01-13T12:13:58.251+0000] {processor.py:840} INFO - DAG(s) 'example_skip_dag' retrieved from /home/airflow/.local/lib/python3.8/site-packages/airflow/example_dags/example_skip_dag.py
[2024-01-13T12:13:58.291+0000] {logging_mixin.py:188} INFO - [2024-01-13T12:13:58.291+0000] {dag.py:3033} INFO - Sync 1 DAGs
[2024-01-13T12:13:58.319+0000] {logging_mixin.py:188} INFO - [2024-01-13T12:13:58.319+0000] {dag.py:3820} INFO - Setting next_dagrun for example_skip_dag to 2024-01-12T00:00:00+00:00, run_after=2024-01-13T00:00:00+00:00
[2024-01-13T12:13:58.343+0000] {processor.py:183} INFO - Processing /home/airflow/.local/lib/python3.8/site-packages/airflow/example_dags/example_skip_dag.py took 0.118 seconds
[2024-01-13T12:14:28.698+0000] {processor.py:161} INFO - Started process (PID=873) to work on /home/airflow/.local/lib/python3.8/site-packages/airflow/example_dags/example_skip_dag.py
[2024-01-13T12:14:28.700+0000] {processor.py:830} INFO - Processing file /home/airflow/.local/lib/python3.8/site-packages/airflow/example_dags/example_skip_dag.py for tasks to queue
[2024-01-13T12:14:28.703+0000] {logging_mixin.py:188} INFO - [2024-01-13T12:14:28.703+0000] {dagbag.py:538} INFO - Filling up the DagBag from /home/airflow/.local/lib/python3.8/site-packages/airflow/example_dags/example_skip_dag.py
[2024-01-13T12:14:28.713+0000] {processor.py:840} INFO - DAG(s) 'example_skip_dag' retrieved from /home/airflow/.local/lib/python3.8/site-packages/airflow/example_dags/example_skip_dag.py
[2024-01-13T12:14:28.743+0000] {logging_mixin.py:188} INFO - [2024-01-13T12:14:28.743+0000] {dag.py:3033} INFO - Sync 1 DAGs
[2024-01-13T12:14:28.774+0000] {logging_mixin.py:188} INFO - [2024-01-13T12:14:28.774+0000] {dag.py:3820} INFO - Setting next_dagrun for example_skip_dag to 2024-01-12T00:00:00+00:00, run_after=2024-01-13T00:00:00+00:00
[2024-01-13T12:14:28.797+0000] {processor.py:183} INFO - Processing /home/airflow/.local/lib/python3.8/site-packages/airflow/example_dags/example_skip_dag.py took 0.104 seconds
[2024-01-13T12:14:59.582+0000] {processor.py:161} INFO - Started process (PID=932) to work on /home/airflow/.local/lib/python3.8/site-packages/airflow/example_dags/example_skip_dag.py
[2024-01-13T12:14:59.585+0000] {processor.py:830} INFO - Processing file /home/airflow/.local/lib/python3.8/site-packages/airflow/example_dags/example_skip_dag.py for tasks to queue
[2024-01-13T12:14:59.589+0000] {logging_mixin.py:188} INFO - [2024-01-13T12:14:59.588+0000] {dagbag.py:538} INFO - Filling up the DagBag from /home/airflow/.local/lib/python3.8/site-packages/airflow/example_dags/example_skip_dag.py
[2024-01-13T12:14:59.602+0000] {processor.py:840} INFO - DAG(s) 'example_skip_dag' retrieved from /home/airflow/.local/lib/python3.8/site-packages/airflow/example_dags/example_skip_dag.py
[2024-01-13T12:14:59.640+0000] {logging_mixin.py:188} INFO - [2024-01-13T12:14:59.639+0000] {dag.py:3033} INFO - Sync 1 DAGs
[2024-01-13T12:14:59.674+0000] {logging_mixin.py:188} INFO - [2024-01-13T12:14:59.674+0000] {dag.py:3820} INFO - Setting next_dagrun for example_skip_dag to 2024-01-12T00:00:00+00:00, run_after=2024-01-13T00:00:00+00:00
[2024-01-13T12:14:59.697+0000] {processor.py:183} INFO - Processing /home/airflow/.local/lib/python3.8/site-packages/airflow/example_dags/example_skip_dag.py took 0.120 seconds
[2024-01-13T12:15:30.445+0000] {processor.py:161} INFO - Started process (PID=991) to work on /home/airflow/.local/lib/python3.8/site-packages/airflow/example_dags/example_skip_dag.py
[2024-01-13T12:15:30.447+0000] {processor.py:830} INFO - Processing file /home/airflow/.local/lib/python3.8/site-packages/airflow/example_dags/example_skip_dag.py for tasks to queue
[2024-01-13T12:15:30.452+0000] {logging_mixin.py:188} INFO - [2024-01-13T12:15:30.451+0000] {dagbag.py:538} INFO - Filling up the DagBag from /home/airflow/.local/lib/python3.8/site-packages/airflow/example_dags/example_skip_dag.py
[2024-01-13T12:15:30.464+0000] {processor.py:840} INFO - DAG(s) 'example_skip_dag' retrieved from /home/airflow/.local/lib/python3.8/site-packages/airflow/example_dags/example_skip_dag.py
[2024-01-13T12:15:30.495+0000] {logging_mixin.py:188} INFO - [2024-01-13T12:15:30.495+0000] {dag.py:3033} INFO - Sync 1 DAGs
[2024-01-13T12:15:30.533+0000] {logging_mixin.py:188} INFO - [2024-01-13T12:15:30.532+0000] {dag.py:3820} INFO - Setting next_dagrun for example_skip_dag to 2024-01-12T00:00:00+00:00, run_after=2024-01-13T00:00:00+00:00
[2024-01-13T12:15:30.554+0000] {processor.py:183} INFO - Processing /home/airflow/.local/lib/python3.8/site-packages/airflow/example_dags/example_skip_dag.py took 0.115 seconds
[2024-01-13T12:16:01.229+0000] {processor.py:161} INFO - Started process (PID=1050) to work on /home/airflow/.local/lib/python3.8/site-packages/airflow/example_dags/example_skip_dag.py
[2024-01-13T12:16:01.231+0000] {processor.py:830} INFO - Processing file /home/airflow/.local/lib/python3.8/site-packages/airflow/example_dags/example_skip_dag.py for tasks to queue
[2024-01-13T12:16:01.236+0000] {logging_mixin.py:188} INFO - [2024-01-13T12:16:01.235+0000] {dagbag.py:538} INFO - Filling up the DagBag from /home/airflow/.local/lib/python3.8/site-packages/airflow/example_dags/example_skip_dag.py
[2024-01-13T12:16:01.249+0000] {processor.py:840} INFO - DAG(s) 'example_skip_dag' retrieved from /home/airflow/.local/lib/python3.8/site-packages/airflow/example_dags/example_skip_dag.py
[2024-01-13T12:16:01.279+0000] {logging_mixin.py:188} INFO - [2024-01-13T12:16:01.279+0000] {dag.py:3033} INFO - Sync 1 DAGs
[2024-01-13T12:16:01.307+0000] {logging_mixin.py:188} INFO - [2024-01-13T12:16:01.307+0000] {dag.py:3820} INFO - Setting next_dagrun for example_skip_dag to 2024-01-12T00:00:00+00:00, run_after=2024-01-13T00:00:00+00:00
[2024-01-13T12:16:01.334+0000] {processor.py:183} INFO - Processing /home/airflow/.local/lib/python3.8/site-packages/airflow/example_dags/example_skip_dag.py took 0.110 seconds
[2024-01-13T12:16:32.165+0000] {processor.py:161} INFO - Started process (PID=1109) to work on /home/airflow/.local/lib/python3.8/site-packages/airflow/example_dags/example_skip_dag.py
[2024-01-13T12:16:32.167+0000] {processor.py:830} INFO - Processing file /home/airflow/.local/lib/python3.8/site-packages/airflow/example_dags/example_skip_dag.py for tasks to queue
[2024-01-13T12:16:32.170+0000] {logging_mixin.py:188} INFO - [2024-01-13T12:16:32.170+0000] {dagbag.py:538} INFO - Filling up the DagBag from /home/airflow/.local/lib/python3.8/site-packages/airflow/example_dags/example_skip_dag.py
[2024-01-13T12:16:32.180+0000] {processor.py:840} INFO - DAG(s) 'example_skip_dag' retrieved from /home/airflow/.local/lib/python3.8/site-packages/airflow/example_dags/example_skip_dag.py
[2024-01-13T12:16:32.209+0000] {logging_mixin.py:188} INFO - [2024-01-13T12:16:32.208+0000] {dag.py:3033} INFO - Sync 1 DAGs
[2024-01-13T12:16:32.238+0000] {logging_mixin.py:188} INFO - [2024-01-13T12:16:32.237+0000] {dag.py:3820} INFO - Setting next_dagrun for example_skip_dag to 2024-01-12T00:00:00+00:00, run_after=2024-01-13T00:00:00+00:00
[2024-01-13T12:16:32.260+0000] {processor.py:183} INFO - Processing /home/airflow/.local/lib/python3.8/site-packages/airflow/example_dags/example_skip_dag.py took 0.101 seconds
[2024-01-13T12:17:03.614+0000] {processor.py:161} INFO - Started process (PID=1168) to work on /home/airflow/.local/lib/python3.8/site-packages/airflow/example_dags/example_skip_dag.py
[2024-01-13T12:17:03.616+0000] {processor.py:830} INFO - Processing file /home/airflow/.local/lib/python3.8/site-packages/airflow/example_dags/example_skip_dag.py for tasks to queue
[2024-01-13T12:17:03.620+0000] {logging_mixin.py:188} INFO - [2024-01-13T12:17:03.619+0000] {dagbag.py:538} INFO - Filling up the DagBag from /home/airflow/.local/lib/python3.8/site-packages/airflow/example_dags/example_skip_dag.py
[2024-01-13T12:17:03.629+0000] {processor.py:840} INFO - DAG(s) 'example_skip_dag' retrieved from /home/airflow/.local/lib/python3.8/site-packages/airflow/example_dags/example_skip_dag.py
[2024-01-13T12:17:03.658+0000] {logging_mixin.py:188} INFO - [2024-01-13T12:17:03.657+0000] {dag.py:3033} INFO - Sync 1 DAGs
[2024-01-13T12:17:03.688+0000] {logging_mixin.py:188} INFO - [2024-01-13T12:17:03.688+0000] {dag.py:3820} INFO - Setting next_dagrun for example_skip_dag to 2024-01-12T00:00:00+00:00, run_after=2024-01-13T00:00:00+00:00
[2024-01-13T12:17:03.711+0000] {processor.py:183} INFO - Processing /home/airflow/.local/lib/python3.8/site-packages/airflow/example_dags/example_skip_dag.py took 0.106 seconds
[2024-01-13T12:17:34.798+0000] {processor.py:161} INFO - Started process (PID=1227) to work on /home/airflow/.local/lib/python3.8/site-packages/airflow/example_dags/example_skip_dag.py
[2024-01-13T12:17:34.800+0000] {processor.py:830} INFO - Processing file /home/airflow/.local/lib/python3.8/site-packages/airflow/example_dags/example_skip_dag.py for tasks to queue
[2024-01-13T12:17:34.803+0000] {logging_mixin.py:188} INFO - [2024-01-13T12:17:34.803+0000] {dagbag.py:538} INFO - Filling up the DagBag from /home/airflow/.local/lib/python3.8/site-packages/airflow/example_dags/example_skip_dag.py
[2024-01-13T12:17:34.816+0000] {processor.py:840} INFO - DAG(s) 'example_skip_dag' retrieved from /home/airflow/.local/lib/python3.8/site-packages/airflow/example_dags/example_skip_dag.py
[2024-01-13T12:17:34.849+0000] {logging_mixin.py:188} INFO - [2024-01-13T12:17:34.848+0000] {dag.py:3033} INFO - Sync 1 DAGs
[2024-01-13T12:17:34.883+0000] {logging_mixin.py:188} INFO - [2024-01-13T12:17:34.883+0000] {dag.py:3820} INFO - Setting next_dagrun for example_skip_dag to 2024-01-12T00:00:00+00:00, run_after=2024-01-13T00:00:00+00:00
[2024-01-13T12:17:34.905+0000] {processor.py:183} INFO - Processing /home/airflow/.local/lib/python3.8/site-packages/airflow/example_dags/example_skip_dag.py took 0.112 seconds
[2024-01-13T12:18:05.995+0000] {processor.py:161} INFO - Started process (PID=1286) to work on /home/airflow/.local/lib/python3.8/site-packages/airflow/example_dags/example_skip_dag.py
[2024-01-13T12:18:05.997+0000] {processor.py:830} INFO - Processing file /home/airflow/.local/lib/python3.8/site-packages/airflow/example_dags/example_skip_dag.py for tasks to queue
[2024-01-13T12:18:06.000+0000] {logging_mixin.py:188} INFO - [2024-01-13T12:18:05.999+0000] {dagbag.py:538} INFO - Filling up the DagBag from /home/airflow/.local/lib/python3.8/site-packages/airflow/example_dags/example_skip_dag.py
[2024-01-13T12:18:06.009+0000] {processor.py:840} INFO - DAG(s) 'example_skip_dag' retrieved from /home/airflow/.local/lib/python3.8/site-packages/airflow/example_dags/example_skip_dag.py
[2024-01-13T12:18:06.038+0000] {logging_mixin.py:188} INFO - [2024-01-13T12:18:06.038+0000] {dag.py:3033} INFO - Sync 1 DAGs
[2024-01-13T12:18:06.070+0000] {logging_mixin.py:188} INFO - [2024-01-13T12:18:06.069+0000] {dag.py:3820} INFO - Setting next_dagrun for example_skip_dag to 2024-01-12T00:00:00+00:00, run_after=2024-01-13T00:00:00+00:00
[2024-01-13T12:18:06.095+0000] {processor.py:183} INFO - Processing /home/airflow/.local/lib/python3.8/site-packages/airflow/example_dags/example_skip_dag.py took 0.105 seconds
[2024-01-13T12:18:37.806+0000] {processor.py:161} INFO - Started process (PID=1345) to work on /home/airflow/.local/lib/python3.8/site-packages/airflow/example_dags/example_skip_dag.py
[2024-01-13T12:18:37.808+0000] {processor.py:830} INFO - Processing file /home/airflow/.local/lib/python3.8/site-packages/airflow/example_dags/example_skip_dag.py for tasks to queue
[2024-01-13T12:18:37.812+0000] {logging_mixin.py:188} INFO - [2024-01-13T12:18:37.812+0000] {dagbag.py:538} INFO - Filling up the DagBag from /home/airflow/.local/lib/python3.8/site-packages/airflow/example_dags/example_skip_dag.py
[2024-01-13T12:18:37.825+0000] {processor.py:840} INFO - DAG(s) 'example_skip_dag' retrieved from /home/airflow/.local/lib/python3.8/site-packages/airflow/example_dags/example_skip_dag.py
[2024-01-13T12:18:37.866+0000] {logging_mixin.py:188} INFO - [2024-01-13T12:18:37.866+0000] {dag.py:3033} INFO - Sync 1 DAGs
[2024-01-13T12:18:37.909+0000] {logging_mixin.py:188} INFO - [2024-01-13T12:18:37.908+0000] {dag.py:3820} INFO - Setting next_dagrun for example_skip_dag to 2024-01-12T00:00:00+00:00, run_after=2024-01-13T00:00:00+00:00
[2024-01-13T12:18:37.941+0000] {processor.py:183} INFO - Processing /home/airflow/.local/lib/python3.8/site-packages/airflow/example_dags/example_skip_dag.py took 0.142 seconds
[2024-01-13T12:19:08.718+0000] {processor.py:161} INFO - Started process (PID=1416) to work on /home/airflow/.local/lib/python3.8/site-packages/airflow/example_dags/example_skip_dag.py
[2024-01-13T12:19:08.719+0000] {processor.py:830} INFO - Processing file /home/airflow/.local/lib/python3.8/site-packages/airflow/example_dags/example_skip_dag.py for tasks to queue
[2024-01-13T12:19:08.722+0000] {logging_mixin.py:188} INFO - [2024-01-13T12:19:08.722+0000] {dagbag.py:538} INFO - Filling up the DagBag from /home/airflow/.local/lib/python3.8/site-packages/airflow/example_dags/example_skip_dag.py
[2024-01-13T12:19:08.733+0000] {processor.py:840} INFO - DAG(s) 'example_skip_dag' retrieved from /home/airflow/.local/lib/python3.8/site-packages/airflow/example_dags/example_skip_dag.py
[2024-01-13T12:19:08.762+0000] {logging_mixin.py:188} INFO - [2024-01-13T12:19:08.762+0000] {dag.py:3033} INFO - Sync 1 DAGs
[2024-01-13T12:19:08.793+0000] {logging_mixin.py:188} INFO - [2024-01-13T12:19:08.792+0000] {dag.py:3820} INFO - Setting next_dagrun for example_skip_dag to 2024-01-12T00:00:00+00:00, run_after=2024-01-13T00:00:00+00:00
[2024-01-13T12:19:08.818+0000] {processor.py:183} INFO - Processing /home/airflow/.local/lib/python3.8/site-packages/airflow/example_dags/example_skip_dag.py took 0.106 seconds
[2024-01-13T12:19:40.028+0000] {processor.py:161} INFO - Started process (PID=1475) to work on /home/airflow/.local/lib/python3.8/site-packages/airflow/example_dags/example_skip_dag.py
[2024-01-13T12:19:40.030+0000] {processor.py:830} INFO - Processing file /home/airflow/.local/lib/python3.8/site-packages/airflow/example_dags/example_skip_dag.py for tasks to queue
[2024-01-13T12:19:40.033+0000] {logging_mixin.py:188} INFO - [2024-01-13T12:19:40.032+0000] {dagbag.py:538} INFO - Filling up the DagBag from /home/airflow/.local/lib/python3.8/site-packages/airflow/example_dags/example_skip_dag.py
[2024-01-13T12:19:40.042+0000] {processor.py:840} INFO - DAG(s) 'example_skip_dag' retrieved from /home/airflow/.local/lib/python3.8/site-packages/airflow/example_dags/example_skip_dag.py
[2024-01-13T12:19:40.083+0000] {logging_mixin.py:188} INFO - [2024-01-13T12:19:40.082+0000] {dag.py:3033} INFO - Sync 1 DAGs
[2024-01-13T12:19:40.119+0000] {logging_mixin.py:188} INFO - [2024-01-13T12:19:40.119+0000] {dag.py:3820} INFO - Setting next_dagrun for example_skip_dag to 2024-01-12T00:00:00+00:00, run_after=2024-01-13T00:00:00+00:00
[2024-01-13T12:19:40.145+0000] {processor.py:183} INFO - Processing /home/airflow/.local/lib/python3.8/site-packages/airflow/example_dags/example_skip_dag.py took 0.123 seconds
[2024-01-13T12:20:11.591+0000] {processor.py:161} INFO - Started process (PID=1534) to work on /home/airflow/.local/lib/python3.8/site-packages/airflow/example_dags/example_skip_dag.py
[2024-01-13T12:20:11.592+0000] {processor.py:830} INFO - Processing file /home/airflow/.local/lib/python3.8/site-packages/airflow/example_dags/example_skip_dag.py for tasks to queue
[2024-01-13T12:20:11.596+0000] {logging_mixin.py:188} INFO - [2024-01-13T12:20:11.595+0000] {dagbag.py:538} INFO - Filling up the DagBag from /home/airflow/.local/lib/python3.8/site-packages/airflow/example_dags/example_skip_dag.py
[2024-01-13T12:20:11.605+0000] {processor.py:840} INFO - DAG(s) 'example_skip_dag' retrieved from /home/airflow/.local/lib/python3.8/site-packages/airflow/example_dags/example_skip_dag.py
[2024-01-13T12:20:11.632+0000] {logging_mixin.py:188} INFO - [2024-01-13T12:20:11.632+0000] {dag.py:3033} INFO - Sync 1 DAGs
[2024-01-13T12:20:11.664+0000] {logging_mixin.py:188} INFO - [2024-01-13T12:20:11.663+0000] {dag.py:3820} INFO - Setting next_dagrun for example_skip_dag to 2024-01-12T00:00:00+00:00, run_after=2024-01-13T00:00:00+00:00
[2024-01-13T12:20:11.691+0000] {processor.py:183} INFO - Processing /home/airflow/.local/lib/python3.8/site-packages/airflow/example_dags/example_skip_dag.py took 0.106 seconds
[2024-01-13T12:20:43.359+0000] {processor.py:161} INFO - Started process (PID=1594) to work on /home/airflow/.local/lib/python3.8/site-packages/airflow/example_dags/example_skip_dag.py
[2024-01-13T12:20:43.361+0000] {processor.py:830} INFO - Processing file /home/airflow/.local/lib/python3.8/site-packages/airflow/example_dags/example_skip_dag.py for tasks to queue
[2024-01-13T12:20:43.366+0000] {logging_mixin.py:188} INFO - [2024-01-13T12:20:43.365+0000] {dagbag.py:538} INFO - Filling up the DagBag from /home/airflow/.local/lib/python3.8/site-packages/airflow/example_dags/example_skip_dag.py
[2024-01-13T12:20:43.378+0000] {processor.py:840} INFO - DAG(s) 'example_skip_dag' retrieved from /home/airflow/.local/lib/python3.8/site-packages/airflow/example_dags/example_skip_dag.py
[2024-01-13T12:20:43.419+0000] {logging_mixin.py:188} INFO - [2024-01-13T12:20:43.418+0000] {dag.py:3033} INFO - Sync 1 DAGs
[2024-01-13T12:20:43.455+0000] {logging_mixin.py:188} INFO - [2024-01-13T12:20:43.455+0000] {dag.py:3820} INFO - Setting next_dagrun for example_skip_dag to 2024-01-12T00:00:00+00:00, run_after=2024-01-13T00:00:00+00:00
[2024-01-13T12:20:43.480+0000] {processor.py:183} INFO - Processing /home/airflow/.local/lib/python3.8/site-packages/airflow/example_dags/example_skip_dag.py took 0.128 seconds
[2024-01-13T12:21:14.539+0000] {processor.py:161} INFO - Started process (PID=1661) to work on /home/airflow/.local/lib/python3.8/site-packages/airflow/example_dags/example_skip_dag.py
[2024-01-13T12:21:14.543+0000] {processor.py:830} INFO - Processing file /home/airflow/.local/lib/python3.8/site-packages/airflow/example_dags/example_skip_dag.py for tasks to queue
[2024-01-13T12:21:14.549+0000] {logging_mixin.py:188} INFO - [2024-01-13T12:21:14.548+0000] {dagbag.py:538} INFO - Filling up the DagBag from /home/airflow/.local/lib/python3.8/site-packages/airflow/example_dags/example_skip_dag.py
[2024-01-13T12:21:14.562+0000] {processor.py:840} INFO - DAG(s) 'example_skip_dag' retrieved from /home/airflow/.local/lib/python3.8/site-packages/airflow/example_dags/example_skip_dag.py
[2024-01-13T12:21:14.602+0000] {logging_mixin.py:188} INFO - [2024-01-13T12:21:14.602+0000] {dag.py:3033} INFO - Sync 1 DAGs
[2024-01-13T12:21:14.644+0000] {logging_mixin.py:188} INFO - [2024-01-13T12:21:14.644+0000] {dag.py:3820} INFO - Setting next_dagrun for example_skip_dag to 2024-01-12T00:00:00+00:00, run_after=2024-01-13T00:00:00+00:00
[2024-01-13T12:21:14.676+0000] {processor.py:183} INFO - Processing /home/airflow/.local/lib/python3.8/site-packages/airflow/example_dags/example_skip_dag.py took 0.144 seconds
[2024-01-13T12:21:45.695+0000] {processor.py:161} INFO - Started process (PID=1734) to work on /home/airflow/.local/lib/python3.8/site-packages/airflow/example_dags/example_skip_dag.py
[2024-01-13T12:21:45.697+0000] {processor.py:830} INFO - Processing file /home/airflow/.local/lib/python3.8/site-packages/airflow/example_dags/example_skip_dag.py for tasks to queue
[2024-01-13T12:21:45.701+0000] {logging_mixin.py:188} INFO - [2024-01-13T12:21:45.701+0000] {dagbag.py:538} INFO - Filling up the DagBag from /home/airflow/.local/lib/python3.8/site-packages/airflow/example_dags/example_skip_dag.py
[2024-01-13T12:21:45.714+0000] {processor.py:840} INFO - DAG(s) 'example_skip_dag' retrieved from /home/airflow/.local/lib/python3.8/site-packages/airflow/example_dags/example_skip_dag.py
[2024-01-13T12:21:45.744+0000] {logging_mixin.py:188} INFO - [2024-01-13T12:21:45.743+0000] {dag.py:3033} INFO - Sync 1 DAGs
[2024-01-13T12:21:45.774+0000] {logging_mixin.py:188} INFO - [2024-01-13T12:21:45.774+0000] {dag.py:3820} INFO - Setting next_dagrun for example_skip_dag to 2024-01-12T00:00:00+00:00, run_after=2024-01-13T00:00:00+00:00
[2024-01-13T12:21:45.805+0000] {processor.py:183} INFO - Processing /home/airflow/.local/lib/python3.8/site-packages/airflow/example_dags/example_skip_dag.py took 0.117 seconds
[2024-01-13T12:22:16.849+0000] {processor.py:161} INFO - Started process (PID=1805) to work on /home/airflow/.local/lib/python3.8/site-packages/airflow/example_dags/example_skip_dag.py
[2024-01-13T12:22:16.850+0000] {processor.py:830} INFO - Processing file /home/airflow/.local/lib/python3.8/site-packages/airflow/example_dags/example_skip_dag.py for tasks to queue
[2024-01-13T12:22:16.853+0000] {logging_mixin.py:188} INFO - [2024-01-13T12:22:16.853+0000] {dagbag.py:538} INFO - Filling up the DagBag from /home/airflow/.local/lib/python3.8/site-packages/airflow/example_dags/example_skip_dag.py
[2024-01-13T12:22:16.863+0000] {processor.py:840} INFO - DAG(s) 'example_skip_dag' retrieved from /home/airflow/.local/lib/python3.8/site-packages/airflow/example_dags/example_skip_dag.py
[2024-01-13T12:22:16.893+0000] {logging_mixin.py:188} INFO - [2024-01-13T12:22:16.893+0000] {dag.py:3033} INFO - Sync 1 DAGs
[2024-01-13T12:22:16.921+0000] {logging_mixin.py:188} INFO - [2024-01-13T12:22:16.921+0000] {dag.py:3820} INFO - Setting next_dagrun for example_skip_dag to 2024-01-12T00:00:00+00:00, run_after=2024-01-13T00:00:00+00:00
[2024-01-13T12:22:16.950+0000] {processor.py:183} INFO - Processing /home/airflow/.local/lib/python3.8/site-packages/airflow/example_dags/example_skip_dag.py took 0.106 seconds
[2024-01-13T12:22:48.780+0000] {processor.py:161} INFO - Started process (PID=1898) to work on /home/airflow/.local/lib/python3.8/site-packages/airflow/example_dags/example_skip_dag.py
[2024-01-13T12:22:48.789+0000] {processor.py:830} INFO - Processing file /home/airflow/.local/lib/python3.8/site-packages/airflow/example_dags/example_skip_dag.py for tasks to queue
[2024-01-13T12:22:48.793+0000] {logging_mixin.py:188} INFO - [2024-01-13T12:22:48.793+0000] {dagbag.py:538} INFO - Filling up the DagBag from /home/airflow/.local/lib/python3.8/site-packages/airflow/example_dags/example_skip_dag.py
[2024-01-13T12:22:48.811+0000] {processor.py:840} INFO - DAG(s) 'example_skip_dag' retrieved from /home/airflow/.local/lib/python3.8/site-packages/airflow/example_dags/example_skip_dag.py
[2024-01-13T12:22:48.864+0000] {logging_mixin.py:188} INFO - [2024-01-13T12:22:48.864+0000] {dag.py:3033} INFO - Sync 1 DAGs
[2024-01-13T12:22:48.908+0000] {logging_mixin.py:188} INFO - [2024-01-13T12:22:48.908+0000] {dag.py:3820} INFO - Setting next_dagrun for example_skip_dag to 2024-01-12T00:00:00+00:00, run_after=2024-01-13T00:00:00+00:00
[2024-01-13T12:22:48.942+0000] {processor.py:183} INFO - Processing /home/airflow/.local/lib/python3.8/site-packages/airflow/example_dags/example_skip_dag.py took 0.168 seconds
[2024-01-13T12:23:21.539+0000] {processor.py:161} INFO - Started process (PID=1957) to work on /home/airflow/.local/lib/python3.8/site-packages/airflow/example_dags/example_skip_dag.py
[2024-01-13T12:23:21.543+0000] {processor.py:830} INFO - Processing file /home/airflow/.local/lib/python3.8/site-packages/airflow/example_dags/example_skip_dag.py for tasks to queue
[2024-01-13T12:23:21.556+0000] {logging_mixin.py:188} INFO - [2024-01-13T12:23:21.555+0000] {dagbag.py:538} INFO - Filling up the DagBag from /home/airflow/.local/lib/python3.8/site-packages/airflow/example_dags/example_skip_dag.py
[2024-01-13T12:23:21.586+0000] {processor.py:840} INFO - DAG(s) 'example_skip_dag' retrieved from /home/airflow/.local/lib/python3.8/site-packages/airflow/example_dags/example_skip_dag.py
[2024-01-13T12:23:21.655+0000] {logging_mixin.py:188} INFO - [2024-01-13T12:23:21.655+0000] {dag.py:3033} INFO - Sync 1 DAGs
[2024-01-13T12:23:21.724+0000] {logging_mixin.py:188} INFO - [2024-01-13T12:23:21.724+0000] {dag.py:3820} INFO - Setting next_dagrun for example_skip_dag to 2024-01-12T00:00:00+00:00, run_after=2024-01-13T00:00:00+00:00
[2024-01-13T12:23:21.763+0000] {processor.py:183} INFO - Processing /home/airflow/.local/lib/python3.8/site-packages/airflow/example_dags/example_skip_dag.py took 0.240 seconds
[2024-01-13T12:23:52.402+0000] {processor.py:161} INFO - Started process (PID=2015) to work on /home/airflow/.local/lib/python3.8/site-packages/airflow/example_dags/example_skip_dag.py
[2024-01-13T12:23:52.405+0000] {processor.py:830} INFO - Processing file /home/airflow/.local/lib/python3.8/site-packages/airflow/example_dags/example_skip_dag.py for tasks to queue
[2024-01-13T12:23:52.408+0000] {logging_mixin.py:188} INFO - [2024-01-13T12:23:52.408+0000] {dagbag.py:538} INFO - Filling up the DagBag from /home/airflow/.local/lib/python3.8/site-packages/airflow/example_dags/example_skip_dag.py
[2024-01-13T12:23:52.419+0000] {processor.py:840} INFO - DAG(s) 'example_skip_dag' retrieved from /home/airflow/.local/lib/python3.8/site-packages/airflow/example_dags/example_skip_dag.py
[2024-01-13T12:23:52.450+0000] {logging_mixin.py:188} INFO - [2024-01-13T12:23:52.449+0000] {dag.py:3033} INFO - Sync 1 DAGs
[2024-01-13T12:23:52.479+0000] {logging_mixin.py:188} INFO - [2024-01-13T12:23:52.478+0000] {dag.py:3820} INFO - Setting next_dagrun for example_skip_dag to 2024-01-12T00:00:00+00:00, run_after=2024-01-13T00:00:00+00:00
[2024-01-13T12:23:52.505+0000] {processor.py:183} INFO - Processing /home/airflow/.local/lib/python3.8/site-packages/airflow/example_dags/example_skip_dag.py took 0.110 seconds
[2024-01-13T12:24:22.803+0000] {processor.py:161} INFO - Started process (PID=2074) to work on /home/airflow/.local/lib/python3.8/site-packages/airflow/example_dags/example_skip_dag.py
[2024-01-13T12:24:22.805+0000] {processor.py:830} INFO - Processing file /home/airflow/.local/lib/python3.8/site-packages/airflow/example_dags/example_skip_dag.py for tasks to queue
[2024-01-13T12:24:22.809+0000] {logging_mixin.py:188} INFO - [2024-01-13T12:24:22.808+0000] {dagbag.py:538} INFO - Filling up the DagBag from /home/airflow/.local/lib/python3.8/site-packages/airflow/example_dags/example_skip_dag.py
[2024-01-13T12:24:22.819+0000] {processor.py:840} INFO - DAG(s) 'example_skip_dag' retrieved from /home/airflow/.local/lib/python3.8/site-packages/airflow/example_dags/example_skip_dag.py
[2024-01-13T12:24:22.851+0000] {logging_mixin.py:188} INFO - [2024-01-13T12:24:22.851+0000] {dag.py:3033} INFO - Sync 1 DAGs
[2024-01-13T12:24:22.881+0000] {logging_mixin.py:188} INFO - [2024-01-13T12:24:22.881+0000] {dag.py:3820} INFO - Setting next_dagrun for example_skip_dag to 2024-01-12T00:00:00+00:00, run_after=2024-01-13T00:00:00+00:00
[2024-01-13T12:24:22.904+0000] {processor.py:183} INFO - Processing /home/airflow/.local/lib/python3.8/site-packages/airflow/example_dags/example_skip_dag.py took 0.106 seconds
[2024-01-13T12:24:53.038+0000] {processor.py:161} INFO - Started process (PID=2133) to work on /home/airflow/.local/lib/python3.8/site-packages/airflow/example_dags/example_skip_dag.py
[2024-01-13T12:24:53.040+0000] {processor.py:830} INFO - Processing file /home/airflow/.local/lib/python3.8/site-packages/airflow/example_dags/example_skip_dag.py for tasks to queue
[2024-01-13T12:24:53.045+0000] {logging_mixin.py:188} INFO - [2024-01-13T12:24:53.044+0000] {dagbag.py:538} INFO - Filling up the DagBag from /home/airflow/.local/lib/python3.8/site-packages/airflow/example_dags/example_skip_dag.py
[2024-01-13T12:24:53.054+0000] {processor.py:840} INFO - DAG(s) 'example_skip_dag' retrieved from /home/airflow/.local/lib/python3.8/site-packages/airflow/example_dags/example_skip_dag.py
[2024-01-13T12:24:53.086+0000] {logging_mixin.py:188} INFO - [2024-01-13T12:24:53.085+0000] {dag.py:3033} INFO - Sync 1 DAGs
[2024-01-13T12:24:53.118+0000] {logging_mixin.py:188} INFO - [2024-01-13T12:24:53.117+0000] {dag.py:3820} INFO - Setting next_dagrun for example_skip_dag to 2024-01-12T00:00:00+00:00, run_after=2024-01-13T00:00:00+00:00
[2024-01-13T12:24:53.350+0000] {processor.py:183} INFO - Processing /home/airflow/.local/lib/python3.8/site-packages/airflow/example_dags/example_skip_dag.py took 0.318 seconds
