[2024-01-13T11:57:46.548+0000] {processor.py:161} INFO - Started process (PID=65) to work on /home/airflow/.local/lib/python3.8/site-packages/airflow/example_dags/tutorial.py
[2024-01-13T11:57:46.549+0000] {processor.py:830} INFO - Processing file /home/airflow/.local/lib/python3.8/site-packages/airflow/example_dags/tutorial.py for tasks to queue
[2024-01-13T11:57:46.555+0000] {logging_mixin.py:188} INFO - [2024-01-13T11:57:46.555+0000] {dagbag.py:538} INFO - Filling up the DagBag from /home/airflow/.local/lib/python3.8/site-packages/airflow/example_dags/tutorial.py
[2024-01-13T11:57:46.572+0000] {processor.py:840} INFO - DAG(s) 'tutorial' retrieved from /home/airflow/.local/lib/python3.8/site-packages/airflow/example_dags/tutorial.py
[2024-01-13T11:57:46.773+0000] {logging_mixin.py:188} INFO - [2024-01-13T11:57:46.772+0000] {override.py:1769} INFO - Created Permission View: can edit on DAG:tutorial
[2024-01-13T11:57:46.793+0000] {logging_mixin.py:188} INFO - [2024-01-13T11:57:46.792+0000] {override.py:1769} INFO - Created Permission View: can read on DAG:tutorial
[2024-01-13T11:57:46.803+0000] {logging_mixin.py:188} INFO - [2024-01-13T11:57:46.802+0000] {override.py:1769} INFO - Created Permission View: can delete on DAG:tutorial
[2024-01-13T11:57:46.803+0000] {logging_mixin.py:188} INFO - [2024-01-13T11:57:46.803+0000] {dag.py:3033} INFO - Sync 1 DAGs
[2024-01-13T11:57:46.824+0000] {logging_mixin.py:188} INFO - [2024-01-13T11:57:46.824+0000] {dag.py:3055} INFO - Creating ORM DAG for tutorial
[2024-01-13T11:57:46.843+0000] {logging_mixin.py:188} INFO - [2024-01-13T11:57:46.842+0000] {dag.py:3820} INFO - Setting next_dagrun for tutorial to 2024-01-12T00:00:00+00:00, run_after=2024-01-13T00:00:00+00:00
[2024-01-13T11:57:46.869+0000] {processor.py:183} INFO - Processing /home/airflow/.local/lib/python3.8/site-packages/airflow/example_dags/tutorial.py took 0.328 seconds
[2024-01-13T11:58:17.388+0000] {processor.py:161} INFO - Started process (PID=124) to work on /home/airflow/.local/lib/python3.8/site-packages/airflow/example_dags/tutorial.py
[2024-01-13T11:58:17.389+0000] {processor.py:830} INFO - Processing file /home/airflow/.local/lib/python3.8/site-packages/airflow/example_dags/tutorial.py for tasks to queue
[2024-01-13T11:58:17.393+0000] {logging_mixin.py:188} INFO - [2024-01-13T11:58:17.392+0000] {dagbag.py:538} INFO - Filling up the DagBag from /home/airflow/.local/lib/python3.8/site-packages/airflow/example_dags/tutorial.py
[2024-01-13T11:58:17.401+0000] {processor.py:840} INFO - DAG(s) 'tutorial' retrieved from /home/airflow/.local/lib/python3.8/site-packages/airflow/example_dags/tutorial.py
[2024-01-13T11:58:17.429+0000] {logging_mixin.py:188} INFO - [2024-01-13T11:58:17.428+0000] {dag.py:3033} INFO - Sync 1 DAGs
[2024-01-13T11:58:17.457+0000] {logging_mixin.py:188} INFO - [2024-01-13T11:58:17.456+0000] {dag.py:3820} INFO - Setting next_dagrun for tutorial to 2024-01-12T00:00:00+00:00, run_after=2024-01-13T00:00:00+00:00
[2024-01-13T11:58:17.488+0000] {processor.py:183} INFO - Processing /home/airflow/.local/lib/python3.8/site-packages/airflow/example_dags/tutorial.py took 0.106 seconds
[2024-01-13T11:58:47.673+0000] {processor.py:161} INFO - Started process (PID=183) to work on /home/airflow/.local/lib/python3.8/site-packages/airflow/example_dags/tutorial.py
[2024-01-13T11:58:47.675+0000] {processor.py:830} INFO - Processing file /home/airflow/.local/lib/python3.8/site-packages/airflow/example_dags/tutorial.py for tasks to queue
[2024-01-13T11:58:47.679+0000] {logging_mixin.py:188} INFO - [2024-01-13T11:58:47.679+0000] {dagbag.py:538} INFO - Filling up the DagBag from /home/airflow/.local/lib/python3.8/site-packages/airflow/example_dags/tutorial.py
[2024-01-13T11:58:47.687+0000] {processor.py:840} INFO - DAG(s) 'tutorial' retrieved from /home/airflow/.local/lib/python3.8/site-packages/airflow/example_dags/tutorial.py
[2024-01-13T11:58:47.714+0000] {logging_mixin.py:188} INFO - [2024-01-13T11:58:47.713+0000] {dag.py:3033} INFO - Sync 1 DAGs
[2024-01-13T11:58:47.747+0000] {logging_mixin.py:188} INFO - [2024-01-13T11:58:47.746+0000] {dag.py:3820} INFO - Setting next_dagrun for tutorial to 2024-01-12T00:00:00+00:00, run_after=2024-01-13T00:00:00+00:00
[2024-01-13T11:58:47.772+0000] {processor.py:183} INFO - Processing /home/airflow/.local/lib/python3.8/site-packages/airflow/example_dags/tutorial.py took 0.104 seconds
[2024-01-13T11:59:18.198+0000] {processor.py:161} INFO - Started process (PID=248) to work on /home/airflow/.local/lib/python3.8/site-packages/airflow/example_dags/tutorial.py
[2024-01-13T11:59:18.199+0000] {processor.py:830} INFO - Processing file /home/airflow/.local/lib/python3.8/site-packages/airflow/example_dags/tutorial.py for tasks to queue
[2024-01-13T11:59:18.204+0000] {logging_mixin.py:188} INFO - [2024-01-13T11:59:18.203+0000] {dagbag.py:538} INFO - Filling up the DagBag from /home/airflow/.local/lib/python3.8/site-packages/airflow/example_dags/tutorial.py
[2024-01-13T11:59:18.215+0000] {processor.py:840} INFO - DAG(s) 'tutorial' retrieved from /home/airflow/.local/lib/python3.8/site-packages/airflow/example_dags/tutorial.py
[2024-01-13T11:59:18.245+0000] {logging_mixin.py:188} INFO - [2024-01-13T11:59:18.245+0000] {dag.py:3033} INFO - Sync 1 DAGs
[2024-01-13T11:59:18.274+0000] {logging_mixin.py:188} INFO - [2024-01-13T11:59:18.274+0000] {dag.py:3820} INFO - Setting next_dagrun for tutorial to 2024-01-12T00:00:00+00:00, run_after=2024-01-13T00:00:00+00:00
[2024-01-13T11:59:18.296+0000] {processor.py:183} INFO - Processing /home/airflow/.local/lib/python3.8/site-packages/airflow/example_dags/tutorial.py took 0.103 seconds
[2024-01-13T11:59:48.915+0000] {processor.py:161} INFO - Started process (PID=307) to work on /home/airflow/.local/lib/python3.8/site-packages/airflow/example_dags/tutorial.py
[2024-01-13T11:59:48.917+0000] {processor.py:830} INFO - Processing file /home/airflow/.local/lib/python3.8/site-packages/airflow/example_dags/tutorial.py for tasks to queue
[2024-01-13T11:59:48.920+0000] {logging_mixin.py:188} INFO - [2024-01-13T11:59:48.919+0000] {dagbag.py:538} INFO - Filling up the DagBag from /home/airflow/.local/lib/python3.8/site-packages/airflow/example_dags/tutorial.py
[2024-01-13T11:59:48.928+0000] {processor.py:840} INFO - DAG(s) 'tutorial' retrieved from /home/airflow/.local/lib/python3.8/site-packages/airflow/example_dags/tutorial.py
[2024-01-13T11:59:48.955+0000] {logging_mixin.py:188} INFO - [2024-01-13T11:59:48.955+0000] {dag.py:3033} INFO - Sync 1 DAGs
[2024-01-13T11:59:48.985+0000] {logging_mixin.py:188} INFO - [2024-01-13T11:59:48.984+0000] {dag.py:3820} INFO - Setting next_dagrun for tutorial to 2024-01-12T00:00:00+00:00, run_after=2024-01-13T00:00:00+00:00
[2024-01-13T11:59:49.006+0000] {processor.py:183} INFO - Processing /home/airflow/.local/lib/python3.8/site-packages/airflow/example_dags/tutorial.py took 0.097 seconds
[2024-01-13T12:00:19.465+0000] {processor.py:161} INFO - Started process (PID=366) to work on /home/airflow/.local/lib/python3.8/site-packages/airflow/example_dags/tutorial.py
[2024-01-13T12:00:19.466+0000] {processor.py:830} INFO - Processing file /home/airflow/.local/lib/python3.8/site-packages/airflow/example_dags/tutorial.py for tasks to queue
[2024-01-13T12:00:19.469+0000] {logging_mixin.py:188} INFO - [2024-01-13T12:00:19.468+0000] {dagbag.py:538} INFO - Filling up the DagBag from /home/airflow/.local/lib/python3.8/site-packages/airflow/example_dags/tutorial.py
[2024-01-13T12:00:19.477+0000] {processor.py:840} INFO - DAG(s) 'tutorial' retrieved from /home/airflow/.local/lib/python3.8/site-packages/airflow/example_dags/tutorial.py
[2024-01-13T12:00:19.506+0000] {logging_mixin.py:188} INFO - [2024-01-13T12:00:19.506+0000] {dag.py:3033} INFO - Sync 1 DAGs
[2024-01-13T12:00:19.533+0000] {logging_mixin.py:188} INFO - [2024-01-13T12:00:19.533+0000] {dag.py:3820} INFO - Setting next_dagrun for tutorial to 2024-01-12T00:00:00+00:00, run_after=2024-01-13T00:00:00+00:00
[2024-01-13T12:00:19.555+0000] {processor.py:183} INFO - Processing /home/airflow/.local/lib/python3.8/site-packages/airflow/example_dags/tutorial.py took 0.095 seconds
[2024-01-13T12:00:49.847+0000] {processor.py:161} INFO - Started process (PID=424) to work on /home/airflow/.local/lib/python3.8/site-packages/airflow/example_dags/tutorial.py
[2024-01-13T12:00:49.914+0000] {processor.py:830} INFO - Processing file /home/airflow/.local/lib/python3.8/site-packages/airflow/example_dags/tutorial.py for tasks to queue
[2024-01-13T12:00:49.917+0000] {logging_mixin.py:188} INFO - [2024-01-13T12:00:49.917+0000] {dagbag.py:538} INFO - Filling up the DagBag from /home/airflow/.local/lib/python3.8/site-packages/airflow/example_dags/tutorial.py
[2024-01-13T12:00:49.926+0000] {processor.py:840} INFO - DAG(s) 'tutorial' retrieved from /home/airflow/.local/lib/python3.8/site-packages/airflow/example_dags/tutorial.py
[2024-01-13T12:00:49.963+0000] {logging_mixin.py:188} INFO - [2024-01-13T12:00:49.963+0000] {dag.py:3033} INFO - Sync 1 DAGs
[2024-01-13T12:00:50.010+0000] {logging_mixin.py:188} INFO - [2024-01-13T12:00:50.010+0000] {dag.py:3820} INFO - Setting next_dagrun for tutorial to 2024-01-12T00:00:00+00:00, run_after=2024-01-13T00:00:00+00:00
[2024-01-13T12:00:50.040+0000] {processor.py:183} INFO - Processing /home/airflow/.local/lib/python3.8/site-packages/airflow/example_dags/tutorial.py took 0.199 seconds
[2024-01-13T12:01:20.230+0000] {processor.py:161} INFO - Started process (PID=482) to work on /home/airflow/.local/lib/python3.8/site-packages/airflow/example_dags/tutorial.py
[2024-01-13T12:01:20.231+0000] {processor.py:830} INFO - Processing file /home/airflow/.local/lib/python3.8/site-packages/airflow/example_dags/tutorial.py for tasks to queue
[2024-01-13T12:01:20.235+0000] {logging_mixin.py:188} INFO - [2024-01-13T12:01:20.235+0000] {dagbag.py:538} INFO - Filling up the DagBag from /home/airflow/.local/lib/python3.8/site-packages/airflow/example_dags/tutorial.py
[2024-01-13T12:01:20.247+0000] {processor.py:840} INFO - DAG(s) 'tutorial' retrieved from /home/airflow/.local/lib/python3.8/site-packages/airflow/example_dags/tutorial.py
[2024-01-13T12:01:20.285+0000] {logging_mixin.py:188} INFO - [2024-01-13T12:01:20.285+0000] {dag.py:3033} INFO - Sync 1 DAGs
[2024-01-13T12:01:20.332+0000] {logging_mixin.py:188} INFO - [2024-01-13T12:01:20.331+0000] {dag.py:3820} INFO - Setting next_dagrun for tutorial to 2024-01-12T00:00:00+00:00, run_after=2024-01-13T00:00:00+00:00
[2024-01-13T12:01:20.355+0000] {processor.py:183} INFO - Processing /home/airflow/.local/lib/python3.8/site-packages/airflow/example_dags/tutorial.py took 0.130 seconds
[2024-01-13T12:01:50.397+0000] {processor.py:161} INFO - Started process (PID=540) to work on /home/airflow/.local/lib/python3.8/site-packages/airflow/example_dags/tutorial.py
[2024-01-13T12:01:50.398+0000] {processor.py:830} INFO - Processing file /home/airflow/.local/lib/python3.8/site-packages/airflow/example_dags/tutorial.py for tasks to queue
[2024-01-13T12:01:50.402+0000] {logging_mixin.py:188} INFO - [2024-01-13T12:01:50.402+0000] {dagbag.py:538} INFO - Filling up the DagBag from /home/airflow/.local/lib/python3.8/site-packages/airflow/example_dags/tutorial.py
[2024-01-13T12:01:50.410+0000] {processor.py:840} INFO - DAG(s) 'tutorial' retrieved from /home/airflow/.local/lib/python3.8/site-packages/airflow/example_dags/tutorial.py
[2024-01-13T12:01:50.439+0000] {logging_mixin.py:188} INFO - [2024-01-13T12:01:50.439+0000] {dag.py:3033} INFO - Sync 1 DAGs
[2024-01-13T12:01:50.473+0000] {logging_mixin.py:188} INFO - [2024-01-13T12:01:50.473+0000] {dag.py:3820} INFO - Setting next_dagrun for tutorial to 2024-01-12T00:00:00+00:00, run_after=2024-01-13T00:00:00+00:00
[2024-01-13T12:01:50.498+0000] {processor.py:183} INFO - Processing /home/airflow/.local/lib/python3.8/site-packages/airflow/example_dags/tutorial.py took 0.106 seconds
[2024-01-13T12:02:20.798+0000] {processor.py:161} INFO - Started process (PID=607) to work on /home/airflow/.local/lib/python3.8/site-packages/airflow/example_dags/tutorial.py
[2024-01-13T12:02:20.800+0000] {processor.py:830} INFO - Processing file /home/airflow/.local/lib/python3.8/site-packages/airflow/example_dags/tutorial.py for tasks to queue
[2024-01-13T12:02:20.804+0000] {logging_mixin.py:188} INFO - [2024-01-13T12:02:20.804+0000] {dagbag.py:538} INFO - Filling up the DagBag from /home/airflow/.local/lib/python3.8/site-packages/airflow/example_dags/tutorial.py
[2024-01-13T12:02:20.812+0000] {processor.py:840} INFO - DAG(s) 'tutorial' retrieved from /home/airflow/.local/lib/python3.8/site-packages/airflow/example_dags/tutorial.py
[2024-01-13T12:02:20.841+0000] {logging_mixin.py:188} INFO - [2024-01-13T12:02:20.840+0000] {dag.py:3033} INFO - Sync 1 DAGs
[2024-01-13T12:02:20.868+0000] {logging_mixin.py:188} INFO - [2024-01-13T12:02:20.868+0000] {dag.py:3820} INFO - Setting next_dagrun for tutorial to 2024-01-12T00:00:00+00:00, run_after=2024-01-13T00:00:00+00:00
[2024-01-13T12:02:20.892+0000] {processor.py:183} INFO - Processing /home/airflow/.local/lib/python3.8/site-packages/airflow/example_dags/tutorial.py took 0.098 seconds
[2024-01-13T12:02:51.748+0000] {processor.py:161} INFO - Started process (PID=686) to work on /home/airflow/.local/lib/python3.8/site-packages/airflow/example_dags/tutorial.py
[2024-01-13T12:02:51.749+0000] {processor.py:830} INFO - Processing file /home/airflow/.local/lib/python3.8/site-packages/airflow/example_dags/tutorial.py for tasks to queue
[2024-01-13T12:02:51.754+0000] {logging_mixin.py:188} INFO - [2024-01-13T12:02:51.754+0000] {dagbag.py:538} INFO - Filling up the DagBag from /home/airflow/.local/lib/python3.8/site-packages/airflow/example_dags/tutorial.py
[2024-01-13T12:02:51.765+0000] {processor.py:840} INFO - DAG(s) 'tutorial' retrieved from /home/airflow/.local/lib/python3.8/site-packages/airflow/example_dags/tutorial.py
[2024-01-13T12:02:51.829+0000] {logging_mixin.py:188} INFO - [2024-01-13T12:02:51.828+0000] {dag.py:3033} INFO - Sync 1 DAGs
[2024-01-13T12:02:51.878+0000] {logging_mixin.py:188} INFO - [2024-01-13T12:02:51.877+0000] {dag.py:3820} INFO - Setting next_dagrun for tutorial to 2024-01-12T00:00:00+00:00, run_after=2024-01-13T00:00:00+00:00
[2024-01-13T12:02:51.928+0000] {processor.py:183} INFO - Processing /home/airflow/.local/lib/python3.8/site-packages/airflow/example_dags/tutorial.py took 0.187 seconds
[2024-01-13T12:07:41.455+0000] {processor.py:161} INFO - Started process (PID=60) to work on /home/airflow/.local/lib/python3.8/site-packages/airflow/example_dags/tutorial.py
[2024-01-13T12:07:41.457+0000] {processor.py:830} INFO - Processing file /home/airflow/.local/lib/python3.8/site-packages/airflow/example_dags/tutorial.py for tasks to queue
[2024-01-13T12:07:41.462+0000] {logging_mixin.py:188} INFO - [2024-01-13T12:07:41.461+0000] {dagbag.py:538} INFO - Filling up the DagBag from /home/airflow/.local/lib/python3.8/site-packages/airflow/example_dags/tutorial.py
[2024-01-13T12:07:41.488+0000] {processor.py:840} INFO - DAG(s) 'tutorial' retrieved from /home/airflow/.local/lib/python3.8/site-packages/airflow/example_dags/tutorial.py
[2024-01-13T12:07:41.527+0000] {logging_mixin.py:188} INFO - [2024-01-13T12:07:41.527+0000] {dag.py:3033} INFO - Sync 1 DAGs
[2024-01-13T12:07:41.617+0000] {logging_mixin.py:188} INFO - [2024-01-13T12:07:41.616+0000] {dag.py:3820} INFO - Setting next_dagrun for tutorial to 2024-01-12T00:00:00+00:00, run_after=2024-01-13T00:00:00+00:00
[2024-01-13T12:07:41.658+0000] {processor.py:183} INFO - Processing /home/airflow/.local/lib/python3.8/site-packages/airflow/example_dags/tutorial.py took 0.210 seconds
[2024-01-13T12:08:16.110+0000] {processor.py:161} INFO - Started process (PID=152) to work on /home/airflow/.local/lib/python3.8/site-packages/airflow/example_dags/tutorial.py
[2024-01-13T12:08:16.114+0000] {processor.py:830} INFO - Processing file /home/airflow/.local/lib/python3.8/site-packages/airflow/example_dags/tutorial.py for tasks to queue
[2024-01-13T12:08:16.118+0000] {logging_mixin.py:188} INFO - [2024-01-13T12:08:16.118+0000] {dagbag.py:538} INFO - Filling up the DagBag from /home/airflow/.local/lib/python3.8/site-packages/airflow/example_dags/tutorial.py
[2024-01-13T12:08:16.130+0000] {processor.py:840} INFO - DAG(s) 'tutorial' retrieved from /home/airflow/.local/lib/python3.8/site-packages/airflow/example_dags/tutorial.py
[2024-01-13T12:08:16.372+0000] {logging_mixin.py:188} INFO - [2024-01-13T12:08:16.372+0000] {dag.py:3033} INFO - Sync 1 DAGs
[2024-01-13T12:08:16.408+0000] {logging_mixin.py:188} INFO - [2024-01-13T12:08:16.407+0000] {dag.py:3820} INFO - Setting next_dagrun for tutorial to 2024-01-12T00:00:00+00:00, run_after=2024-01-13T00:00:00+00:00
[2024-01-13T12:08:16.448+0000] {processor.py:183} INFO - Processing /home/airflow/.local/lib/python3.8/site-packages/airflow/example_dags/tutorial.py took 0.345 seconds
[2024-01-13T12:08:47.365+0000] {processor.py:161} INFO - Started process (PID=211) to work on /home/airflow/.local/lib/python3.8/site-packages/airflow/example_dags/tutorial.py
[2024-01-13T12:08:47.368+0000] {processor.py:830} INFO - Processing file /home/airflow/.local/lib/python3.8/site-packages/airflow/example_dags/tutorial.py for tasks to queue
[2024-01-13T12:08:47.373+0000] {logging_mixin.py:188} INFO - [2024-01-13T12:08:47.372+0000] {dagbag.py:538} INFO - Filling up the DagBag from /home/airflow/.local/lib/python3.8/site-packages/airflow/example_dags/tutorial.py
[2024-01-13T12:08:47.384+0000] {processor.py:840} INFO - DAG(s) 'tutorial' retrieved from /home/airflow/.local/lib/python3.8/site-packages/airflow/example_dags/tutorial.py
[2024-01-13T12:08:47.413+0000] {logging_mixin.py:188} INFO - [2024-01-13T12:08:47.412+0000] {dag.py:3033} INFO - Sync 1 DAGs
[2024-01-13T12:08:47.443+0000] {logging_mixin.py:188} INFO - [2024-01-13T12:08:47.443+0000] {dag.py:3820} INFO - Setting next_dagrun for tutorial to 2024-01-12T00:00:00+00:00, run_after=2024-01-13T00:00:00+00:00
[2024-01-13T12:08:47.467+0000] {processor.py:183} INFO - Processing /home/airflow/.local/lib/python3.8/site-packages/airflow/example_dags/tutorial.py took 0.107 seconds
[2024-01-13T12:09:17.880+0000] {processor.py:161} INFO - Started process (PID=271) to work on /home/airflow/.local/lib/python3.8/site-packages/airflow/example_dags/tutorial.py
[2024-01-13T12:09:17.882+0000] {processor.py:830} INFO - Processing file /home/airflow/.local/lib/python3.8/site-packages/airflow/example_dags/tutorial.py for tasks to queue
[2024-01-13T12:09:17.885+0000] {logging_mixin.py:188} INFO - [2024-01-13T12:09:17.885+0000] {dagbag.py:538} INFO - Filling up the DagBag from /home/airflow/.local/lib/python3.8/site-packages/airflow/example_dags/tutorial.py
[2024-01-13T12:09:17.895+0000] {processor.py:840} INFO - DAG(s) 'tutorial' retrieved from /home/airflow/.local/lib/python3.8/site-packages/airflow/example_dags/tutorial.py
[2024-01-13T12:09:17.925+0000] {logging_mixin.py:188} INFO - [2024-01-13T12:09:17.925+0000] {dag.py:3033} INFO - Sync 1 DAGs
[2024-01-13T12:09:17.966+0000] {logging_mixin.py:188} INFO - [2024-01-13T12:09:17.965+0000] {dag.py:3820} INFO - Setting next_dagrun for tutorial to 2024-01-12T00:00:00+00:00, run_after=2024-01-13T00:00:00+00:00
[2024-01-13T12:09:17.988+0000] {processor.py:183} INFO - Processing /home/airflow/.local/lib/python3.8/site-packages/airflow/example_dags/tutorial.py took 0.113 seconds
[2024-01-13T12:09:48.152+0000] {processor.py:161} INFO - Started process (PID=330) to work on /home/airflow/.local/lib/python3.8/site-packages/airflow/example_dags/tutorial.py
[2024-01-13T12:09:48.154+0000] {processor.py:830} INFO - Processing file /home/airflow/.local/lib/python3.8/site-packages/airflow/example_dags/tutorial.py for tasks to queue
[2024-01-13T12:09:48.157+0000] {logging_mixin.py:188} INFO - [2024-01-13T12:09:48.157+0000] {dagbag.py:538} INFO - Filling up the DagBag from /home/airflow/.local/lib/python3.8/site-packages/airflow/example_dags/tutorial.py
[2024-01-13T12:09:48.167+0000] {processor.py:840} INFO - DAG(s) 'tutorial' retrieved from /home/airflow/.local/lib/python3.8/site-packages/airflow/example_dags/tutorial.py
[2024-01-13T12:09:48.193+0000] {logging_mixin.py:188} INFO - [2024-01-13T12:09:48.193+0000] {dag.py:3033} INFO - Sync 1 DAGs
[2024-01-13T12:09:48.221+0000] {logging_mixin.py:188} INFO - [2024-01-13T12:09:48.221+0000] {dag.py:3820} INFO - Setting next_dagrun for tutorial to 2024-01-12T00:00:00+00:00, run_after=2024-01-13T00:00:00+00:00
[2024-01-13T12:09:48.248+0000] {processor.py:183} INFO - Processing /home/airflow/.local/lib/python3.8/site-packages/airflow/example_dags/tutorial.py took 0.101 seconds
[2024-01-13T12:10:19.056+0000] {processor.py:161} INFO - Started process (PID=389) to work on /home/airflow/.local/lib/python3.8/site-packages/airflow/example_dags/tutorial.py
[2024-01-13T12:10:19.058+0000] {processor.py:830} INFO - Processing file /home/airflow/.local/lib/python3.8/site-packages/airflow/example_dags/tutorial.py for tasks to queue
[2024-01-13T12:10:19.063+0000] {logging_mixin.py:188} INFO - [2024-01-13T12:10:19.062+0000] {dagbag.py:538} INFO - Filling up the DagBag from /home/airflow/.local/lib/python3.8/site-packages/airflow/example_dags/tutorial.py
[2024-01-13T12:10:19.072+0000] {processor.py:840} INFO - DAG(s) 'tutorial' retrieved from /home/airflow/.local/lib/python3.8/site-packages/airflow/example_dags/tutorial.py
[2024-01-13T12:10:19.098+0000] {logging_mixin.py:188} INFO - [2024-01-13T12:10:19.097+0000] {dag.py:3033} INFO - Sync 1 DAGs
[2024-01-13T12:10:19.125+0000] {logging_mixin.py:188} INFO - [2024-01-13T12:10:19.125+0000] {dag.py:3820} INFO - Setting next_dagrun for tutorial to 2024-01-12T00:00:00+00:00, run_after=2024-01-13T00:00:00+00:00
[2024-01-13T12:10:19.150+0000] {processor.py:183} INFO - Processing /home/airflow/.local/lib/python3.8/site-packages/airflow/example_dags/tutorial.py took 0.099 seconds
[2024-01-13T12:10:49.349+0000] {processor.py:161} INFO - Started process (PID=448) to work on /home/airflow/.local/lib/python3.8/site-packages/airflow/example_dags/tutorial.py
[2024-01-13T12:10:49.351+0000] {processor.py:830} INFO - Processing file /home/airflow/.local/lib/python3.8/site-packages/airflow/example_dags/tutorial.py for tasks to queue
[2024-01-13T12:10:49.356+0000] {logging_mixin.py:188} INFO - [2024-01-13T12:10:49.355+0000] {dagbag.py:538} INFO - Filling up the DagBag from /home/airflow/.local/lib/python3.8/site-packages/airflow/example_dags/tutorial.py
[2024-01-13T12:10:49.364+0000] {processor.py:840} INFO - DAG(s) 'tutorial' retrieved from /home/airflow/.local/lib/python3.8/site-packages/airflow/example_dags/tutorial.py
[2024-01-13T12:10:49.394+0000] {logging_mixin.py:188} INFO - [2024-01-13T12:10:49.394+0000] {dag.py:3033} INFO - Sync 1 DAGs
[2024-01-13T12:10:49.420+0000] {logging_mixin.py:188} INFO - [2024-01-13T12:10:49.420+0000] {dag.py:3820} INFO - Setting next_dagrun for tutorial to 2024-01-12T00:00:00+00:00, run_after=2024-01-13T00:00:00+00:00
[2024-01-13T12:10:49.441+0000] {processor.py:183} INFO - Processing /home/airflow/.local/lib/python3.8/site-packages/airflow/example_dags/tutorial.py took 0.097 seconds
[2024-01-13T12:11:19.767+0000] {processor.py:161} INFO - Started process (PID=507) to work on /home/airflow/.local/lib/python3.8/site-packages/airflow/example_dags/tutorial.py
[2024-01-13T12:11:19.768+0000] {processor.py:830} INFO - Processing file /home/airflow/.local/lib/python3.8/site-packages/airflow/example_dags/tutorial.py for tasks to queue
[2024-01-13T12:11:19.772+0000] {logging_mixin.py:188} INFO - [2024-01-13T12:11:19.771+0000] {dagbag.py:538} INFO - Filling up the DagBag from /home/airflow/.local/lib/python3.8/site-packages/airflow/example_dags/tutorial.py
[2024-01-13T12:11:19.781+0000] {processor.py:840} INFO - DAG(s) 'tutorial' retrieved from /home/airflow/.local/lib/python3.8/site-packages/airflow/example_dags/tutorial.py
[2024-01-13T12:11:19.808+0000] {logging_mixin.py:188} INFO - [2024-01-13T12:11:19.808+0000] {dag.py:3033} INFO - Sync 1 DAGs
[2024-01-13T12:11:19.836+0000] {logging_mixin.py:188} INFO - [2024-01-13T12:11:19.836+0000] {dag.py:3820} INFO - Setting next_dagrun for tutorial to 2024-01-12T00:00:00+00:00, run_after=2024-01-13T00:00:00+00:00
[2024-01-13T12:11:19.864+0000] {processor.py:183} INFO - Processing /home/airflow/.local/lib/python3.8/site-packages/airflow/example_dags/tutorial.py took 0.104 seconds
[2024-01-13T12:11:49.987+0000] {processor.py:161} INFO - Started process (PID=566) to work on /home/airflow/.local/lib/python3.8/site-packages/airflow/example_dags/tutorial.py
[2024-01-13T12:11:49.989+0000] {processor.py:830} INFO - Processing file /home/airflow/.local/lib/python3.8/site-packages/airflow/example_dags/tutorial.py for tasks to queue
[2024-01-13T12:11:49.993+0000] {logging_mixin.py:188} INFO - [2024-01-13T12:11:49.993+0000] {dagbag.py:538} INFO - Filling up the DagBag from /home/airflow/.local/lib/python3.8/site-packages/airflow/example_dags/tutorial.py
[2024-01-13T12:11:50.006+0000] {processor.py:840} INFO - DAG(s) 'tutorial' retrieved from /home/airflow/.local/lib/python3.8/site-packages/airflow/example_dags/tutorial.py
[2024-01-13T12:11:50.035+0000] {logging_mixin.py:188} INFO - [2024-01-13T12:11:50.035+0000] {dag.py:3033} INFO - Sync 1 DAGs
[2024-01-13T12:11:50.066+0000] {logging_mixin.py:188} INFO - [2024-01-13T12:11:50.065+0000] {dag.py:3820} INFO - Setting next_dagrun for tutorial to 2024-01-12T00:00:00+00:00, run_after=2024-01-13T00:00:00+00:00
[2024-01-13T12:11:50.089+0000] {processor.py:183} INFO - Processing /home/airflow/.local/lib/python3.8/site-packages/airflow/example_dags/tutorial.py took 0.109 seconds
[2024-01-13T12:12:20.370+0000] {processor.py:161} INFO - Started process (PID=625) to work on /home/airflow/.local/lib/python3.8/site-packages/airflow/example_dags/tutorial.py
[2024-01-13T12:12:20.371+0000] {processor.py:830} INFO - Processing file /home/airflow/.local/lib/python3.8/site-packages/airflow/example_dags/tutorial.py for tasks to queue
[2024-01-13T12:12:20.375+0000] {logging_mixin.py:188} INFO - [2024-01-13T12:12:20.375+0000] {dagbag.py:538} INFO - Filling up the DagBag from /home/airflow/.local/lib/python3.8/site-packages/airflow/example_dags/tutorial.py
[2024-01-13T12:12:20.385+0000] {processor.py:840} INFO - DAG(s) 'tutorial' retrieved from /home/airflow/.local/lib/python3.8/site-packages/airflow/example_dags/tutorial.py
[2024-01-13T12:12:20.412+0000] {logging_mixin.py:188} INFO - [2024-01-13T12:12:20.412+0000] {dag.py:3033} INFO - Sync 1 DAGs
[2024-01-13T12:12:20.447+0000] {logging_mixin.py:188} INFO - [2024-01-13T12:12:20.446+0000] {dag.py:3820} INFO - Setting next_dagrun for tutorial to 2024-01-12T00:00:00+00:00, run_after=2024-01-13T00:00:00+00:00
[2024-01-13T12:12:20.468+0000] {processor.py:183} INFO - Processing /home/airflow/.local/lib/python3.8/site-packages/airflow/example_dags/tutorial.py took 0.105 seconds
[2024-01-13T12:12:52.296+0000] {processor.py:161} INFO - Started process (PID=684) to work on /home/airflow/.local/lib/python3.8/site-packages/airflow/example_dags/tutorial.py
[2024-01-13T12:12:52.298+0000] {processor.py:830} INFO - Processing file /home/airflow/.local/lib/python3.8/site-packages/airflow/example_dags/tutorial.py for tasks to queue
[2024-01-13T12:12:52.301+0000] {logging_mixin.py:188} INFO - [2024-01-13T12:12:52.301+0000] {dagbag.py:538} INFO - Filling up the DagBag from /home/airflow/.local/lib/python3.8/site-packages/airflow/example_dags/tutorial.py
[2024-01-13T12:12:52.310+0000] {processor.py:840} INFO - DAG(s) 'tutorial' retrieved from /home/airflow/.local/lib/python3.8/site-packages/airflow/example_dags/tutorial.py
[2024-01-13T12:12:52.340+0000] {logging_mixin.py:188} INFO - [2024-01-13T12:12:52.339+0000] {dag.py:3033} INFO - Sync 1 DAGs
[2024-01-13T12:12:52.375+0000] {logging_mixin.py:188} INFO - [2024-01-13T12:12:52.375+0000] {dag.py:3820} INFO - Setting next_dagrun for tutorial to 2024-01-12T00:00:00+00:00, run_after=2024-01-13T00:00:00+00:00
[2024-01-13T12:12:52.398+0000] {processor.py:183} INFO - Processing /home/airflow/.local/lib/python3.8/site-packages/airflow/example_dags/tutorial.py took 0.107 seconds
[2024-01-13T12:13:28.038+0000] {processor.py:161} INFO - Started process (PID=757) to work on /home/airflow/.local/lib/python3.8/site-packages/airflow/example_dags/tutorial.py
[2024-01-13T12:13:28.040+0000] {processor.py:830} INFO - Processing file /home/airflow/.local/lib/python3.8/site-packages/airflow/example_dags/tutorial.py for tasks to queue
[2024-01-13T12:13:28.046+0000] {logging_mixin.py:188} INFO - [2024-01-13T12:13:28.045+0000] {dagbag.py:538} INFO - Filling up the DagBag from /home/airflow/.local/lib/python3.8/site-packages/airflow/example_dags/tutorial.py
[2024-01-13T12:13:28.068+0000] {processor.py:840} INFO - DAG(s) 'tutorial' retrieved from /home/airflow/.local/lib/python3.8/site-packages/airflow/example_dags/tutorial.py
[2024-01-13T12:13:28.121+0000] {logging_mixin.py:188} INFO - [2024-01-13T12:13:28.121+0000] {dag.py:3033} INFO - Sync 1 DAGs
[2024-01-13T12:13:28.165+0000] {logging_mixin.py:188} INFO - [2024-01-13T12:13:28.165+0000] {dag.py:3820} INFO - Setting next_dagrun for tutorial to 2024-01-12T00:00:00+00:00, run_after=2024-01-13T00:00:00+00:00
[2024-01-13T12:13:28.200+0000] {processor.py:183} INFO - Processing /home/airflow/.local/lib/python3.8/site-packages/airflow/example_dags/tutorial.py took 0.172 seconds
[2024-01-13T12:13:58.428+0000] {processor.py:161} INFO - Started process (PID=817) to work on /home/airflow/.local/lib/python3.8/site-packages/airflow/example_dags/tutorial.py
[2024-01-13T12:13:58.431+0000] {processor.py:830} INFO - Processing file /home/airflow/.local/lib/python3.8/site-packages/airflow/example_dags/tutorial.py for tasks to queue
[2024-01-13T12:13:58.435+0000] {logging_mixin.py:188} INFO - [2024-01-13T12:13:58.435+0000] {dagbag.py:538} INFO - Filling up the DagBag from /home/airflow/.local/lib/python3.8/site-packages/airflow/example_dags/tutorial.py
[2024-01-13T12:13:58.449+0000] {processor.py:840} INFO - DAG(s) 'tutorial' retrieved from /home/airflow/.local/lib/python3.8/site-packages/airflow/example_dags/tutorial.py
[2024-01-13T12:13:58.485+0000] {logging_mixin.py:188} INFO - [2024-01-13T12:13:58.485+0000] {dag.py:3033} INFO - Sync 1 DAGs
[2024-01-13T12:13:58.527+0000] {logging_mixin.py:188} INFO - [2024-01-13T12:13:58.527+0000] {dag.py:3820} INFO - Setting next_dagrun for tutorial to 2024-01-12T00:00:00+00:00, run_after=2024-01-13T00:00:00+00:00
[2024-01-13T12:13:58.558+0000] {processor.py:183} INFO - Processing /home/airflow/.local/lib/python3.8/site-packages/airflow/example_dags/tutorial.py took 0.138 seconds
[2024-01-13T12:14:28.894+0000] {processor.py:161} INFO - Started process (PID=876) to work on /home/airflow/.local/lib/python3.8/site-packages/airflow/example_dags/tutorial.py
[2024-01-13T12:14:28.896+0000] {processor.py:830} INFO - Processing file /home/airflow/.local/lib/python3.8/site-packages/airflow/example_dags/tutorial.py for tasks to queue
[2024-01-13T12:14:28.900+0000] {logging_mixin.py:188} INFO - [2024-01-13T12:14:28.900+0000] {dagbag.py:538} INFO - Filling up the DagBag from /home/airflow/.local/lib/python3.8/site-packages/airflow/example_dags/tutorial.py
[2024-01-13T12:14:28.912+0000] {processor.py:840} INFO - DAG(s) 'tutorial' retrieved from /home/airflow/.local/lib/python3.8/site-packages/airflow/example_dags/tutorial.py
[2024-01-13T12:14:28.947+0000] {logging_mixin.py:188} INFO - [2024-01-13T12:14:28.947+0000] {dag.py:3033} INFO - Sync 1 DAGs
[2024-01-13T12:14:28.985+0000] {logging_mixin.py:188} INFO - [2024-01-13T12:14:28.984+0000] {dag.py:3820} INFO - Setting next_dagrun for tutorial to 2024-01-12T00:00:00+00:00, run_after=2024-01-13T00:00:00+00:00
[2024-01-13T12:14:29.013+0000] {processor.py:183} INFO - Processing /home/airflow/.local/lib/python3.8/site-packages/airflow/example_dags/tutorial.py took 0.125 seconds
[2024-01-13T12:14:59.836+0000] {processor.py:161} INFO - Started process (PID=935) to work on /home/airflow/.local/lib/python3.8/site-packages/airflow/example_dags/tutorial.py
[2024-01-13T12:14:59.839+0000] {processor.py:830} INFO - Processing file /home/airflow/.local/lib/python3.8/site-packages/airflow/example_dags/tutorial.py for tasks to queue
[2024-01-13T12:14:59.844+0000] {logging_mixin.py:188} INFO - [2024-01-13T12:14:59.843+0000] {dagbag.py:538} INFO - Filling up the DagBag from /home/airflow/.local/lib/python3.8/site-packages/airflow/example_dags/tutorial.py
[2024-01-13T12:14:59.857+0000] {processor.py:840} INFO - DAG(s) 'tutorial' retrieved from /home/airflow/.local/lib/python3.8/site-packages/airflow/example_dags/tutorial.py
[2024-01-13T12:14:59.893+0000] {logging_mixin.py:188} INFO - [2024-01-13T12:14:59.892+0000] {dag.py:3033} INFO - Sync 1 DAGs
[2024-01-13T12:14:59.926+0000] {logging_mixin.py:188} INFO - [2024-01-13T12:14:59.925+0000] {dag.py:3820} INFO - Setting next_dagrun for tutorial to 2024-01-12T00:00:00+00:00, run_after=2024-01-13T00:00:00+00:00
[2024-01-13T12:14:59.957+0000] {processor.py:183} INFO - Processing /home/airflow/.local/lib/python3.8/site-packages/airflow/example_dags/tutorial.py took 0.128 seconds
[2024-01-13T12:15:30.625+0000] {processor.py:161} INFO - Started process (PID=994) to work on /home/airflow/.local/lib/python3.8/site-packages/airflow/example_dags/tutorial.py
[2024-01-13T12:15:30.627+0000] {processor.py:830} INFO - Processing file /home/airflow/.local/lib/python3.8/site-packages/airflow/example_dags/tutorial.py for tasks to queue
[2024-01-13T12:15:30.631+0000] {logging_mixin.py:188} INFO - [2024-01-13T12:15:30.631+0000] {dagbag.py:538} INFO - Filling up the DagBag from /home/airflow/.local/lib/python3.8/site-packages/airflow/example_dags/tutorial.py
[2024-01-13T12:15:30.640+0000] {processor.py:840} INFO - DAG(s) 'tutorial' retrieved from /home/airflow/.local/lib/python3.8/site-packages/airflow/example_dags/tutorial.py
[2024-01-13T12:15:30.667+0000] {logging_mixin.py:188} INFO - [2024-01-13T12:15:30.666+0000] {dag.py:3033} INFO - Sync 1 DAGs
[2024-01-13T12:15:30.696+0000] {logging_mixin.py:188} INFO - [2024-01-13T12:15:30.695+0000] {dag.py:3820} INFO - Setting next_dagrun for tutorial to 2024-01-12T00:00:00+00:00, run_after=2024-01-13T00:00:00+00:00
[2024-01-13T12:15:30.721+0000] {processor.py:183} INFO - Processing /home/airflow/.local/lib/python3.8/site-packages/airflow/example_dags/tutorial.py took 0.101 seconds
[2024-01-13T12:16:01.530+0000] {processor.py:161} INFO - Started process (PID=1053) to work on /home/airflow/.local/lib/python3.8/site-packages/airflow/example_dags/tutorial.py
[2024-01-13T12:16:01.533+0000] {processor.py:830} INFO - Processing file /home/airflow/.local/lib/python3.8/site-packages/airflow/example_dags/tutorial.py for tasks to queue
[2024-01-13T12:16:01.538+0000] {logging_mixin.py:188} INFO - [2024-01-13T12:16:01.537+0000] {dagbag.py:538} INFO - Filling up the DagBag from /home/airflow/.local/lib/python3.8/site-packages/airflow/example_dags/tutorial.py
[2024-01-13T12:16:01.550+0000] {processor.py:840} INFO - DAG(s) 'tutorial' retrieved from /home/airflow/.local/lib/python3.8/site-packages/airflow/example_dags/tutorial.py
[2024-01-13T12:16:01.580+0000] {logging_mixin.py:188} INFO - [2024-01-13T12:16:01.580+0000] {dag.py:3033} INFO - Sync 1 DAGs
[2024-01-13T12:16:01.615+0000] {logging_mixin.py:188} INFO - [2024-01-13T12:16:01.615+0000] {dag.py:3820} INFO - Setting next_dagrun for tutorial to 2024-01-12T00:00:00+00:00, run_after=2024-01-13T00:00:00+00:00
[2024-01-13T12:16:01.644+0000] {processor.py:183} INFO - Processing /home/airflow/.local/lib/python3.8/site-packages/airflow/example_dags/tutorial.py took 0.121 seconds
[2024-01-13T12:16:32.559+0000] {processor.py:161} INFO - Started process (PID=1112) to work on /home/airflow/.local/lib/python3.8/site-packages/airflow/example_dags/tutorial.py
[2024-01-13T12:16:32.561+0000] {processor.py:830} INFO - Processing file /home/airflow/.local/lib/python3.8/site-packages/airflow/example_dags/tutorial.py for tasks to queue
[2024-01-13T12:16:32.564+0000] {logging_mixin.py:188} INFO - [2024-01-13T12:16:32.563+0000] {dagbag.py:538} INFO - Filling up the DagBag from /home/airflow/.local/lib/python3.8/site-packages/airflow/example_dags/tutorial.py
[2024-01-13T12:16:32.572+0000] {processor.py:840} INFO - DAG(s) 'tutorial' retrieved from /home/airflow/.local/lib/python3.8/site-packages/airflow/example_dags/tutorial.py
[2024-01-13T12:16:32.600+0000] {logging_mixin.py:188} INFO - [2024-01-13T12:16:32.600+0000] {dag.py:3033} INFO - Sync 1 DAGs
[2024-01-13T12:16:32.629+0000] {logging_mixin.py:188} INFO - [2024-01-13T12:16:32.629+0000] {dag.py:3820} INFO - Setting next_dagrun for tutorial to 2024-01-12T00:00:00+00:00, run_after=2024-01-13T00:00:00+00:00
[2024-01-13T12:16:32.651+0000] {processor.py:183} INFO - Processing /home/airflow/.local/lib/python3.8/site-packages/airflow/example_dags/tutorial.py took 0.097 seconds
[2024-01-13T12:17:03.805+0000] {processor.py:161} INFO - Started process (PID=1171) to work on /home/airflow/.local/lib/python3.8/site-packages/airflow/example_dags/tutorial.py
[2024-01-13T12:17:03.808+0000] {processor.py:830} INFO - Processing file /home/airflow/.local/lib/python3.8/site-packages/airflow/example_dags/tutorial.py for tasks to queue
[2024-01-13T12:17:03.811+0000] {logging_mixin.py:188} INFO - [2024-01-13T12:17:03.810+0000] {dagbag.py:538} INFO - Filling up the DagBag from /home/airflow/.local/lib/python3.8/site-packages/airflow/example_dags/tutorial.py
[2024-01-13T12:17:03.820+0000] {processor.py:840} INFO - DAG(s) 'tutorial' retrieved from /home/airflow/.local/lib/python3.8/site-packages/airflow/example_dags/tutorial.py
[2024-01-13T12:17:03.853+0000] {logging_mixin.py:188} INFO - [2024-01-13T12:17:03.853+0000] {dag.py:3033} INFO - Sync 1 DAGs
[2024-01-13T12:17:03.883+0000] {logging_mixin.py:188} INFO - [2024-01-13T12:17:03.883+0000] {dag.py:3820} INFO - Setting next_dagrun for tutorial to 2024-01-12T00:00:00+00:00, run_after=2024-01-13T00:00:00+00:00
[2024-01-13T12:17:03.907+0000] {processor.py:183} INFO - Processing /home/airflow/.local/lib/python3.8/site-packages/airflow/example_dags/tutorial.py took 0.107 seconds
[2024-01-13T12:17:34.982+0000] {processor.py:161} INFO - Started process (PID=1230) to work on /home/airflow/.local/lib/python3.8/site-packages/airflow/example_dags/tutorial.py
[2024-01-13T12:17:34.983+0000] {processor.py:830} INFO - Processing file /home/airflow/.local/lib/python3.8/site-packages/airflow/example_dags/tutorial.py for tasks to queue
[2024-01-13T12:17:34.986+0000] {logging_mixin.py:188} INFO - [2024-01-13T12:17:34.986+0000] {dagbag.py:538} INFO - Filling up the DagBag from /home/airflow/.local/lib/python3.8/site-packages/airflow/example_dags/tutorial.py
[2024-01-13T12:17:34.995+0000] {processor.py:840} INFO - DAG(s) 'tutorial' retrieved from /home/airflow/.local/lib/python3.8/site-packages/airflow/example_dags/tutorial.py
[2024-01-13T12:17:35.022+0000] {logging_mixin.py:188} INFO - [2024-01-13T12:17:35.022+0000] {dag.py:3033} INFO - Sync 1 DAGs
[2024-01-13T12:17:35.059+0000] {logging_mixin.py:188} INFO - [2024-01-13T12:17:35.059+0000] {dag.py:3820} INFO - Setting next_dagrun for tutorial to 2024-01-12T00:00:00+00:00, run_after=2024-01-13T00:00:00+00:00
[2024-01-13T12:17:35.087+0000] {processor.py:183} INFO - Processing /home/airflow/.local/lib/python3.8/site-packages/airflow/example_dags/tutorial.py took 0.111 seconds
[2024-01-13T12:18:06.188+0000] {processor.py:161} INFO - Started process (PID=1289) to work on /home/airflow/.local/lib/python3.8/site-packages/airflow/example_dags/tutorial.py
[2024-01-13T12:18:06.190+0000] {processor.py:830} INFO - Processing file /home/airflow/.local/lib/python3.8/site-packages/airflow/example_dags/tutorial.py for tasks to queue
[2024-01-13T12:18:06.193+0000] {logging_mixin.py:188} INFO - [2024-01-13T12:18:06.193+0000] {dagbag.py:538} INFO - Filling up the DagBag from /home/airflow/.local/lib/python3.8/site-packages/airflow/example_dags/tutorial.py
[2024-01-13T12:18:06.202+0000] {processor.py:840} INFO - DAG(s) 'tutorial' retrieved from /home/airflow/.local/lib/python3.8/site-packages/airflow/example_dags/tutorial.py
[2024-01-13T12:18:06.232+0000] {logging_mixin.py:188} INFO - [2024-01-13T12:18:06.232+0000] {dag.py:3033} INFO - Sync 1 DAGs
[2024-01-13T12:18:06.261+0000] {logging_mixin.py:188} INFO - [2024-01-13T12:18:06.261+0000] {dag.py:3820} INFO - Setting next_dagrun for tutorial to 2024-01-12T00:00:00+00:00, run_after=2024-01-13T00:00:00+00:00
[2024-01-13T12:18:06.283+0000] {processor.py:183} INFO - Processing /home/airflow/.local/lib/python3.8/site-packages/airflow/example_dags/tutorial.py took 0.101 seconds
[2024-01-13T12:18:38.058+0000] {processor.py:161} INFO - Started process (PID=1348) to work on /home/airflow/.local/lib/python3.8/site-packages/airflow/example_dags/tutorial.py
[2024-01-13T12:18:38.059+0000] {processor.py:830} INFO - Processing file /home/airflow/.local/lib/python3.8/site-packages/airflow/example_dags/tutorial.py for tasks to queue
[2024-01-13T12:18:38.063+0000] {logging_mixin.py:188} INFO - [2024-01-13T12:18:38.062+0000] {dagbag.py:538} INFO - Filling up the DagBag from /home/airflow/.local/lib/python3.8/site-packages/airflow/example_dags/tutorial.py
[2024-01-13T12:18:38.073+0000] {processor.py:840} INFO - DAG(s) 'tutorial' retrieved from /home/airflow/.local/lib/python3.8/site-packages/airflow/example_dags/tutorial.py
[2024-01-13T12:18:38.104+0000] {logging_mixin.py:188} INFO - [2024-01-13T12:18:38.103+0000] {dag.py:3033} INFO - Sync 1 DAGs
[2024-01-13T12:18:38.136+0000] {logging_mixin.py:188} INFO - [2024-01-13T12:18:38.136+0000] {dag.py:3820} INFO - Setting next_dagrun for tutorial to 2024-01-12T00:00:00+00:00, run_after=2024-01-13T00:00:00+00:00
[2024-01-13T12:18:38.166+0000] {processor.py:183} INFO - Processing /home/airflow/.local/lib/python3.8/site-packages/airflow/example_dags/tutorial.py took 0.115 seconds
[2024-01-13T12:19:08.982+0000] {processor.py:161} INFO - Started process (PID=1419) to work on /home/airflow/.local/lib/python3.8/site-packages/airflow/example_dags/tutorial.py
[2024-01-13T12:19:08.984+0000] {processor.py:830} INFO - Processing file /home/airflow/.local/lib/python3.8/site-packages/airflow/example_dags/tutorial.py for tasks to queue
[2024-01-13T12:19:08.988+0000] {logging_mixin.py:188} INFO - [2024-01-13T12:19:08.988+0000] {dagbag.py:538} INFO - Filling up the DagBag from /home/airflow/.local/lib/python3.8/site-packages/airflow/example_dags/tutorial.py
[2024-01-13T12:19:09.002+0000] {processor.py:840} INFO - DAG(s) 'tutorial' retrieved from /home/airflow/.local/lib/python3.8/site-packages/airflow/example_dags/tutorial.py
[2024-01-13T12:19:09.030+0000] {logging_mixin.py:188} INFO - [2024-01-13T12:19:09.030+0000] {dag.py:3033} INFO - Sync 1 DAGs
[2024-01-13T12:19:09.061+0000] {logging_mixin.py:188} INFO - [2024-01-13T12:19:09.061+0000] {dag.py:3820} INFO - Setting next_dagrun for tutorial to 2024-01-12T00:00:00+00:00, run_after=2024-01-13T00:00:00+00:00
[2024-01-13T12:19:09.089+0000] {processor.py:183} INFO - Processing /home/airflow/.local/lib/python3.8/site-packages/airflow/example_dags/tutorial.py took 0.112 seconds
[2024-01-13T12:19:40.311+0000] {processor.py:161} INFO - Started process (PID=1478) to work on /home/airflow/.local/lib/python3.8/site-packages/airflow/example_dags/tutorial.py
[2024-01-13T12:19:40.312+0000] {processor.py:830} INFO - Processing file /home/airflow/.local/lib/python3.8/site-packages/airflow/example_dags/tutorial.py for tasks to queue
[2024-01-13T12:19:40.316+0000] {logging_mixin.py:188} INFO - [2024-01-13T12:19:40.315+0000] {dagbag.py:538} INFO - Filling up the DagBag from /home/airflow/.local/lib/python3.8/site-packages/airflow/example_dags/tutorial.py
[2024-01-13T12:19:40.326+0000] {processor.py:840} INFO - DAG(s) 'tutorial' retrieved from /home/airflow/.local/lib/python3.8/site-packages/airflow/example_dags/tutorial.py
[2024-01-13T12:19:40.354+0000] {logging_mixin.py:188} INFO - [2024-01-13T12:19:40.353+0000] {dag.py:3033} INFO - Sync 1 DAGs
[2024-01-13T12:19:40.381+0000] {logging_mixin.py:188} INFO - [2024-01-13T12:19:40.381+0000] {dag.py:3820} INFO - Setting next_dagrun for tutorial to 2024-01-12T00:00:00+00:00, run_after=2024-01-13T00:00:00+00:00
[2024-01-13T12:19:40.404+0000] {processor.py:183} INFO - Processing /home/airflow/.local/lib/python3.8/site-packages/airflow/example_dags/tutorial.py took 0.101 seconds
[2024-01-13T12:20:11.767+0000] {processor.py:161} INFO - Started process (PID=1537) to work on /home/airflow/.local/lib/python3.8/site-packages/airflow/example_dags/tutorial.py
[2024-01-13T12:20:11.769+0000] {processor.py:830} INFO - Processing file /home/airflow/.local/lib/python3.8/site-packages/airflow/example_dags/tutorial.py for tasks to queue
[2024-01-13T12:20:11.773+0000] {logging_mixin.py:188} INFO - [2024-01-13T12:20:11.773+0000] {dagbag.py:538} INFO - Filling up the DagBag from /home/airflow/.local/lib/python3.8/site-packages/airflow/example_dags/tutorial.py
[2024-01-13T12:20:11.785+0000] {processor.py:840} INFO - DAG(s) 'tutorial' retrieved from /home/airflow/.local/lib/python3.8/site-packages/airflow/example_dags/tutorial.py
[2024-01-13T12:20:11.814+0000] {logging_mixin.py:188} INFO - [2024-01-13T12:20:11.814+0000] {dag.py:3033} INFO - Sync 1 DAGs
[2024-01-13T12:20:11.849+0000] {logging_mixin.py:188} INFO - [2024-01-13T12:20:11.848+0000] {dag.py:3820} INFO - Setting next_dagrun for tutorial to 2024-01-12T00:00:00+00:00, run_after=2024-01-13T00:00:00+00:00
[2024-01-13T12:20:11.875+0000] {processor.py:183} INFO - Processing /home/airflow/.local/lib/python3.8/site-packages/airflow/example_dags/tutorial.py took 0.115 seconds
[2024-01-13T12:20:43.666+0000] {processor.py:161} INFO - Started process (PID=1597) to work on /home/airflow/.local/lib/python3.8/site-packages/airflow/example_dags/tutorial.py
[2024-01-13T12:20:43.668+0000] {processor.py:830} INFO - Processing file /home/airflow/.local/lib/python3.8/site-packages/airflow/example_dags/tutorial.py for tasks to queue
[2024-01-13T12:20:43.672+0000] {logging_mixin.py:188} INFO - [2024-01-13T12:20:43.671+0000] {dagbag.py:538} INFO - Filling up the DagBag from /home/airflow/.local/lib/python3.8/site-packages/airflow/example_dags/tutorial.py
[2024-01-13T12:20:43.682+0000] {processor.py:840} INFO - DAG(s) 'tutorial' retrieved from /home/airflow/.local/lib/python3.8/site-packages/airflow/example_dags/tutorial.py
[2024-01-13T12:20:43.714+0000] {logging_mixin.py:188} INFO - [2024-01-13T12:20:43.713+0000] {dag.py:3033} INFO - Sync 1 DAGs
[2024-01-13T12:20:43.743+0000] {logging_mixin.py:188} INFO - [2024-01-13T12:20:43.742+0000] {dag.py:3820} INFO - Setting next_dagrun for tutorial to 2024-01-12T00:00:00+00:00, run_after=2024-01-13T00:00:00+00:00
[2024-01-13T12:20:43.766+0000] {processor.py:183} INFO - Processing /home/airflow/.local/lib/python3.8/site-packages/airflow/example_dags/tutorial.py took 0.106 seconds
[2024-01-13T12:21:14.861+0000] {processor.py:161} INFO - Started process (PID=1664) to work on /home/airflow/.local/lib/python3.8/site-packages/airflow/example_dags/tutorial.py
[2024-01-13T12:21:14.864+0000] {processor.py:830} INFO - Processing file /home/airflow/.local/lib/python3.8/site-packages/airflow/example_dags/tutorial.py for tasks to queue
[2024-01-13T12:21:14.867+0000] {logging_mixin.py:188} INFO - [2024-01-13T12:21:14.867+0000] {dagbag.py:538} INFO - Filling up the DagBag from /home/airflow/.local/lib/python3.8/site-packages/airflow/example_dags/tutorial.py
[2024-01-13T12:21:14.876+0000] {processor.py:840} INFO - DAG(s) 'tutorial' retrieved from /home/airflow/.local/lib/python3.8/site-packages/airflow/example_dags/tutorial.py
[2024-01-13T12:21:14.904+0000] {logging_mixin.py:188} INFO - [2024-01-13T12:21:14.904+0000] {dag.py:3033} INFO - Sync 1 DAGs
[2024-01-13T12:21:14.932+0000] {logging_mixin.py:188} INFO - [2024-01-13T12:21:14.932+0000] {dag.py:3820} INFO - Setting next_dagrun for tutorial to 2024-01-12T00:00:00+00:00, run_after=2024-01-13T00:00:00+00:00
[2024-01-13T12:21:14.956+0000] {processor.py:183} INFO - Processing /home/airflow/.local/lib/python3.8/site-packages/airflow/example_dags/tutorial.py took 0.100 seconds
[2024-01-13T12:21:45.902+0000] {processor.py:161} INFO - Started process (PID=1737) to work on /home/airflow/.local/lib/python3.8/site-packages/airflow/example_dags/tutorial.py
[2024-01-13T12:21:45.904+0000] {processor.py:830} INFO - Processing file /home/airflow/.local/lib/python3.8/site-packages/airflow/example_dags/tutorial.py for tasks to queue
[2024-01-13T12:21:45.907+0000] {logging_mixin.py:188} INFO - [2024-01-13T12:21:45.907+0000] {dagbag.py:538} INFO - Filling up the DagBag from /home/airflow/.local/lib/python3.8/site-packages/airflow/example_dags/tutorial.py
[2024-01-13T12:21:45.916+0000] {processor.py:840} INFO - DAG(s) 'tutorial' retrieved from /home/airflow/.local/lib/python3.8/site-packages/airflow/example_dags/tutorial.py
[2024-01-13T12:21:45.945+0000] {logging_mixin.py:188} INFO - [2024-01-13T12:21:45.945+0000] {dag.py:3033} INFO - Sync 1 DAGs
[2024-01-13T12:21:45.978+0000] {logging_mixin.py:188} INFO - [2024-01-13T12:21:45.978+0000] {dag.py:3820} INFO - Setting next_dagrun for tutorial to 2024-01-12T00:00:00+00:00, run_after=2024-01-13T00:00:00+00:00
[2024-01-13T12:21:46.002+0000] {processor.py:183} INFO - Processing /home/airflow/.local/lib/python3.8/site-packages/airflow/example_dags/tutorial.py took 0.105 seconds
[2024-01-13T12:22:17.150+0000] {processor.py:161} INFO - Started process (PID=1808) to work on /home/airflow/.local/lib/python3.8/site-packages/airflow/example_dags/tutorial.py
[2024-01-13T12:22:17.152+0000] {processor.py:830} INFO - Processing file /home/airflow/.local/lib/python3.8/site-packages/airflow/example_dags/tutorial.py for tasks to queue
[2024-01-13T12:22:17.156+0000] {logging_mixin.py:188} INFO - [2024-01-13T12:22:17.156+0000] {dagbag.py:538} INFO - Filling up the DagBag from /home/airflow/.local/lib/python3.8/site-packages/airflow/example_dags/tutorial.py
[2024-01-13T12:22:17.167+0000] {processor.py:840} INFO - DAG(s) 'tutorial' retrieved from /home/airflow/.local/lib/python3.8/site-packages/airflow/example_dags/tutorial.py
[2024-01-13T12:22:17.201+0000] {logging_mixin.py:188} INFO - [2024-01-13T12:22:17.200+0000] {dag.py:3033} INFO - Sync 1 DAGs
[2024-01-13T12:22:17.242+0000] {logging_mixin.py:188} INFO - [2024-01-13T12:22:17.242+0000] {dag.py:3820} INFO - Setting next_dagrun for tutorial to 2024-01-12T00:00:00+00:00, run_after=2024-01-13T00:00:00+00:00
[2024-01-13T12:22:17.272+0000] {processor.py:183} INFO - Processing /home/airflow/.local/lib/python3.8/site-packages/airflow/example_dags/tutorial.py took 0.130 seconds
[2024-01-13T12:22:49.209+0000] {processor.py:161} INFO - Started process (PID=1901) to work on /home/airflow/.local/lib/python3.8/site-packages/airflow/example_dags/tutorial.py
[2024-01-13T12:22:49.211+0000] {processor.py:830} INFO - Processing file /home/airflow/.local/lib/python3.8/site-packages/airflow/example_dags/tutorial.py for tasks to queue
[2024-01-13T12:22:49.215+0000] {logging_mixin.py:188} INFO - [2024-01-13T12:22:49.214+0000] {dagbag.py:538} INFO - Filling up the DagBag from /home/airflow/.local/lib/python3.8/site-packages/airflow/example_dags/tutorial.py
[2024-01-13T12:22:49.231+0000] {processor.py:840} INFO - DAG(s) 'tutorial' retrieved from /home/airflow/.local/lib/python3.8/site-packages/airflow/example_dags/tutorial.py
[2024-01-13T12:22:49.269+0000] {logging_mixin.py:188} INFO - [2024-01-13T12:22:49.268+0000] {dag.py:3033} INFO - Sync 1 DAGs
[2024-01-13T12:22:49.311+0000] {logging_mixin.py:188} INFO - [2024-01-13T12:22:49.311+0000] {dag.py:3820} INFO - Setting next_dagrun for tutorial to 2024-01-12T00:00:00+00:00, run_after=2024-01-13T00:00:00+00:00
[2024-01-13T12:22:49.349+0000] {processor.py:183} INFO - Processing /home/airflow/.local/lib/python3.8/site-packages/airflow/example_dags/tutorial.py took 0.149 seconds
[2024-01-13T12:23:22.090+0000] {processor.py:161} INFO - Started process (PID=1960) to work on /home/airflow/.local/lib/python3.8/site-packages/airflow/example_dags/tutorial.py
[2024-01-13T12:23:22.092+0000] {processor.py:830} INFO - Processing file /home/airflow/.local/lib/python3.8/site-packages/airflow/example_dags/tutorial.py for tasks to queue
[2024-01-13T12:23:22.097+0000] {logging_mixin.py:188} INFO - [2024-01-13T12:23:22.097+0000] {dagbag.py:538} INFO - Filling up the DagBag from /home/airflow/.local/lib/python3.8/site-packages/airflow/example_dags/tutorial.py
[2024-01-13T12:23:22.107+0000] {processor.py:840} INFO - DAG(s) 'tutorial' retrieved from /home/airflow/.local/lib/python3.8/site-packages/airflow/example_dags/tutorial.py
[2024-01-13T12:23:22.143+0000] {logging_mixin.py:188} INFO - [2024-01-13T12:23:22.142+0000] {dag.py:3033} INFO - Sync 1 DAGs
[2024-01-13T12:23:22.191+0000] {logging_mixin.py:188} INFO - [2024-01-13T12:23:22.190+0000] {dag.py:3820} INFO - Setting next_dagrun for tutorial to 2024-01-12T00:00:00+00:00, run_after=2024-01-13T00:00:00+00:00
[2024-01-13T12:23:22.224+0000] {processor.py:183} INFO - Processing /home/airflow/.local/lib/python3.8/site-packages/airflow/example_dags/tutorial.py took 0.139 seconds
[2024-01-13T12:23:53.285+0000] {processor.py:161} INFO - Started process (PID=2022) to work on /home/airflow/.local/lib/python3.8/site-packages/airflow/example_dags/tutorial.py
[2024-01-13T12:23:53.287+0000] {processor.py:830} INFO - Processing file /home/airflow/.local/lib/python3.8/site-packages/airflow/example_dags/tutorial.py for tasks to queue
[2024-01-13T12:23:53.291+0000] {logging_mixin.py:188} INFO - [2024-01-13T12:23:53.291+0000] {dagbag.py:538} INFO - Filling up the DagBag from /home/airflow/.local/lib/python3.8/site-packages/airflow/example_dags/tutorial.py
[2024-01-13T12:23:53.303+0000] {processor.py:840} INFO - DAG(s) 'tutorial' retrieved from /home/airflow/.local/lib/python3.8/site-packages/airflow/example_dags/tutorial.py
[2024-01-13T12:23:53.335+0000] {logging_mixin.py:188} INFO - [2024-01-13T12:23:53.335+0000] {dag.py:3033} INFO - Sync 1 DAGs
[2024-01-13T12:23:53.373+0000] {logging_mixin.py:188} INFO - [2024-01-13T12:23:53.373+0000] {dag.py:3820} INFO - Setting next_dagrun for tutorial to 2024-01-12T00:00:00+00:00, run_after=2024-01-13T00:00:00+00:00
[2024-01-13T12:23:53.397+0000] {processor.py:183} INFO - Processing /home/airflow/.local/lib/python3.8/site-packages/airflow/example_dags/tutorial.py took 0.117 seconds
[2024-01-13T12:24:23.610+0000] {processor.py:161} INFO - Started process (PID=2081) to work on /home/airflow/.local/lib/python3.8/site-packages/airflow/example_dags/tutorial.py
[2024-01-13T12:24:23.611+0000] {processor.py:830} INFO - Processing file /home/airflow/.local/lib/python3.8/site-packages/airflow/example_dags/tutorial.py for tasks to queue
[2024-01-13T12:24:23.615+0000] {logging_mixin.py:188} INFO - [2024-01-13T12:24:23.614+0000] {dagbag.py:538} INFO - Filling up the DagBag from /home/airflow/.local/lib/python3.8/site-packages/airflow/example_dags/tutorial.py
[2024-01-13T12:24:23.624+0000] {processor.py:840} INFO - DAG(s) 'tutorial' retrieved from /home/airflow/.local/lib/python3.8/site-packages/airflow/example_dags/tutorial.py
[2024-01-13T12:24:23.658+0000] {logging_mixin.py:188} INFO - [2024-01-13T12:24:23.658+0000] {dag.py:3033} INFO - Sync 1 DAGs
[2024-01-13T12:24:23.687+0000] {logging_mixin.py:188} INFO - [2024-01-13T12:24:23.687+0000] {dag.py:3820} INFO - Setting next_dagrun for tutorial to 2024-01-12T00:00:00+00:00, run_after=2024-01-13T00:00:00+00:00
[2024-01-13T12:24:23.714+0000] {processor.py:183} INFO - Processing /home/airflow/.local/lib/python3.8/site-packages/airflow/example_dags/tutorial.py took 0.110 seconds
[2024-01-13T12:24:54.037+0000] {processor.py:161} INFO - Started process (PID=2140) to work on /home/airflow/.local/lib/python3.8/site-packages/airflow/example_dags/tutorial.py
[2024-01-13T12:24:54.049+0000] {processor.py:830} INFO - Processing file /home/airflow/.local/lib/python3.8/site-packages/airflow/example_dags/tutorial.py for tasks to queue
[2024-01-13T12:24:54.053+0000] {logging_mixin.py:188} INFO - [2024-01-13T12:24:54.053+0000] {dagbag.py:538} INFO - Filling up the DagBag from /home/airflow/.local/lib/python3.8/site-packages/airflow/example_dags/tutorial.py
[2024-01-13T12:24:54.062+0000] {processor.py:840} INFO - DAG(s) 'tutorial' retrieved from /home/airflow/.local/lib/python3.8/site-packages/airflow/example_dags/tutorial.py
[2024-01-13T12:24:54.092+0000] {logging_mixin.py:188} INFO - [2024-01-13T12:24:54.092+0000] {dag.py:3033} INFO - Sync 1 DAGs
[2024-01-13T12:24:54.125+0000] {logging_mixin.py:188} INFO - [2024-01-13T12:24:54.124+0000] {dag.py:3820} INFO - Setting next_dagrun for tutorial to 2024-01-12T00:00:00+00:00, run_after=2024-01-13T00:00:00+00:00
[2024-01-13T12:24:54.150+0000] {processor.py:183} INFO - Processing /home/airflow/.local/lib/python3.8/site-packages/airflow/example_dags/tutorial.py took 0.118 seconds
[2024-01-13T12:25:24.479+0000] {processor.py:161} INFO - Started process (PID=2198) to work on /home/airflow/.local/lib/python3.8/site-packages/airflow/example_dags/tutorial.py
[2024-01-13T12:25:24.480+0000] {processor.py:830} INFO - Processing file /home/airflow/.local/lib/python3.8/site-packages/airflow/example_dags/tutorial.py for tasks to queue
[2024-01-13T12:25:24.484+0000] {logging_mixin.py:188} INFO - [2024-01-13T12:25:24.484+0000] {dagbag.py:538} INFO - Filling up the DagBag from /home/airflow/.local/lib/python3.8/site-packages/airflow/example_dags/tutorial.py
[2024-01-13T12:25:24.493+0000] {processor.py:840} INFO - DAG(s) 'tutorial' retrieved from /home/airflow/.local/lib/python3.8/site-packages/airflow/example_dags/tutorial.py
[2024-01-13T12:25:24.522+0000] {logging_mixin.py:188} INFO - [2024-01-13T12:25:24.522+0000] {dag.py:3033} INFO - Sync 1 DAGs
[2024-01-13T12:25:24.554+0000] {logging_mixin.py:188} INFO - [2024-01-13T12:25:24.554+0000] {dag.py:3820} INFO - Setting next_dagrun for tutorial to 2024-01-12T00:00:00+00:00, run_after=2024-01-13T00:00:00+00:00
[2024-01-13T12:25:24.816+0000] {processor.py:183} INFO - Processing /home/airflow/.local/lib/python3.8/site-packages/airflow/example_dags/tutorial.py took 0.342 seconds
