[2024-01-13T11:57:45.490+0000] {processor.py:161} INFO - Started process (PID=60) to work on /home/airflow/.local/lib/python3.8/site-packages/airflow/example_dags/tutorial_dag.py
[2024-01-13T11:57:45.492+0000] {processor.py:830} INFO - Processing file /home/airflow/.local/lib/python3.8/site-packages/airflow/example_dags/tutorial_dag.py for tasks to queue
[2024-01-13T11:57:45.506+0000] {logging_mixin.py:188} INFO - [2024-01-13T11:57:45.506+0000] {dagbag.py:538} INFO - Filling up the DagBag from /home/airflow/.local/lib/python3.8/site-packages/airflow/example_dags/tutorial_dag.py
[2024-01-13T11:57:45.550+0000] {processor.py:840} INFO - DAG(s) 'tutorial_dag' retrieved from /home/airflow/.local/lib/python3.8/site-packages/airflow/example_dags/tutorial_dag.py
[2024-01-13T11:57:45.804+0000] {logging_mixin.py:188} INFO - [2024-01-13T11:57:45.802+0000] {override.py:1769} INFO - Created Permission View: can edit on DAG:tutorial_dag
[2024-01-13T11:57:45.832+0000] {logging_mixin.py:188} INFO - [2024-01-13T11:57:45.832+0000] {override.py:1769} INFO - Created Permission View: can read on DAG:tutorial_dag
[2024-01-13T11:57:45.860+0000] {logging_mixin.py:188} INFO - [2024-01-13T11:57:45.859+0000] {override.py:1769} INFO - Created Permission View: can delete on DAG:tutorial_dag
[2024-01-13T11:57:45.860+0000] {logging_mixin.py:188} INFO - [2024-01-13T11:57:45.860+0000] {dag.py:3033} INFO - Sync 1 DAGs
[2024-01-13T11:57:45.882+0000] {logging_mixin.py:188} INFO - [2024-01-13T11:57:45.881+0000] {dag.py:3055} INFO - Creating ORM DAG for tutorial_dag
[2024-01-13T11:57:45.883+0000] {logging_mixin.py:188} INFO - [2024-01-13T11:57:45.883+0000] {dag.py:3820} INFO - Setting next_dagrun for tutorial_dag to None, run_after=None
[2024-01-13T11:57:45.914+0000] {processor.py:183} INFO - Processing /home/airflow/.local/lib/python3.8/site-packages/airflow/example_dags/tutorial_dag.py took 0.441 seconds
[2024-01-13T11:58:16.102+0000] {processor.py:161} INFO - Started process (PID=119) to work on /home/airflow/.local/lib/python3.8/site-packages/airflow/example_dags/tutorial_dag.py
[2024-01-13T11:58:16.109+0000] {processor.py:830} INFO - Processing file /home/airflow/.local/lib/python3.8/site-packages/airflow/example_dags/tutorial_dag.py for tasks to queue
[2024-01-13T11:58:16.112+0000] {logging_mixin.py:188} INFO - [2024-01-13T11:58:16.112+0000] {dagbag.py:538} INFO - Filling up the DagBag from /home/airflow/.local/lib/python3.8/site-packages/airflow/example_dags/tutorial_dag.py
[2024-01-13T11:58:16.120+0000] {processor.py:840} INFO - DAG(s) 'tutorial_dag' retrieved from /home/airflow/.local/lib/python3.8/site-packages/airflow/example_dags/tutorial_dag.py
[2024-01-13T11:58:16.150+0000] {logging_mixin.py:188} INFO - [2024-01-13T11:58:16.149+0000] {dag.py:3033} INFO - Sync 1 DAGs
[2024-01-13T11:58:16.173+0000] {logging_mixin.py:188} INFO - [2024-01-13T11:58:16.172+0000] {dag.py:3820} INFO - Setting next_dagrun for tutorial_dag to None, run_after=None
[2024-01-13T11:58:16.202+0000] {processor.py:183} INFO - Processing /home/airflow/.local/lib/python3.8/site-packages/airflow/example_dags/tutorial_dag.py took 0.105 seconds
[2024-01-13T11:58:46.348+0000] {processor.py:161} INFO - Started process (PID=178) to work on /home/airflow/.local/lib/python3.8/site-packages/airflow/example_dags/tutorial_dag.py
[2024-01-13T11:58:46.349+0000] {processor.py:830} INFO - Processing file /home/airflow/.local/lib/python3.8/site-packages/airflow/example_dags/tutorial_dag.py for tasks to queue
[2024-01-13T11:58:46.352+0000] {logging_mixin.py:188} INFO - [2024-01-13T11:58:46.352+0000] {dagbag.py:538} INFO - Filling up the DagBag from /home/airflow/.local/lib/python3.8/site-packages/airflow/example_dags/tutorial_dag.py
[2024-01-13T11:58:46.361+0000] {processor.py:840} INFO - DAG(s) 'tutorial_dag' retrieved from /home/airflow/.local/lib/python3.8/site-packages/airflow/example_dags/tutorial_dag.py
[2024-01-13T11:58:46.390+0000] {logging_mixin.py:188} INFO - [2024-01-13T11:58:46.389+0000] {dag.py:3033} INFO - Sync 1 DAGs
[2024-01-13T11:58:46.405+0000] {logging_mixin.py:188} INFO - [2024-01-13T11:58:46.405+0000] {dag.py:3820} INFO - Setting next_dagrun for tutorial_dag to None, run_after=None
[2024-01-13T11:58:46.430+0000] {processor.py:183} INFO - Processing /home/airflow/.local/lib/python3.8/site-packages/airflow/example_dags/tutorial_dag.py took 0.086 seconds
[2024-01-13T11:59:16.781+0000] {processor.py:161} INFO - Started process (PID=242) to work on /home/airflow/.local/lib/python3.8/site-packages/airflow/example_dags/tutorial_dag.py
[2024-01-13T11:59:16.783+0000] {processor.py:830} INFO - Processing file /home/airflow/.local/lib/python3.8/site-packages/airflow/example_dags/tutorial_dag.py for tasks to queue
[2024-01-13T11:59:16.786+0000] {logging_mixin.py:188} INFO - [2024-01-13T11:59:16.785+0000] {dagbag.py:538} INFO - Filling up the DagBag from /home/airflow/.local/lib/python3.8/site-packages/airflow/example_dags/tutorial_dag.py
[2024-01-13T11:59:16.793+0000] {processor.py:840} INFO - DAG(s) 'tutorial_dag' retrieved from /home/airflow/.local/lib/python3.8/site-packages/airflow/example_dags/tutorial_dag.py
[2024-01-13T11:59:16.823+0000] {logging_mixin.py:188} INFO - [2024-01-13T11:59:16.822+0000] {dag.py:3033} INFO - Sync 1 DAGs
[2024-01-13T11:59:16.839+0000] {logging_mixin.py:188} INFO - [2024-01-13T11:59:16.839+0000] {dag.py:3820} INFO - Setting next_dagrun for tutorial_dag to None, run_after=None
[2024-01-13T11:59:16.862+0000] {processor.py:183} INFO - Processing /home/airflow/.local/lib/python3.8/site-packages/airflow/example_dags/tutorial_dag.py took 0.086 seconds
[2024-01-13T11:59:46.917+0000] {processor.py:161} INFO - Started process (PID=300) to work on /home/airflow/.local/lib/python3.8/site-packages/airflow/example_dags/tutorial_dag.py
[2024-01-13T11:59:46.919+0000] {processor.py:830} INFO - Processing file /home/airflow/.local/lib/python3.8/site-packages/airflow/example_dags/tutorial_dag.py for tasks to queue
[2024-01-13T11:59:46.922+0000] {logging_mixin.py:188} INFO - [2024-01-13T11:59:46.922+0000] {dagbag.py:538} INFO - Filling up the DagBag from /home/airflow/.local/lib/python3.8/site-packages/airflow/example_dags/tutorial_dag.py
[2024-01-13T11:59:46.930+0000] {processor.py:840} INFO - DAG(s) 'tutorial_dag' retrieved from /home/airflow/.local/lib/python3.8/site-packages/airflow/example_dags/tutorial_dag.py
[2024-01-13T11:59:46.958+0000] {logging_mixin.py:188} INFO - [2024-01-13T11:59:46.958+0000] {dag.py:3033} INFO - Sync 1 DAGs
[2024-01-13T11:59:46.974+0000] {logging_mixin.py:188} INFO - [2024-01-13T11:59:46.974+0000] {dag.py:3820} INFO - Setting next_dagrun for tutorial_dag to None, run_after=None
[2024-01-13T11:59:46.996+0000] {processor.py:183} INFO - Processing /home/airflow/.local/lib/python3.8/site-packages/airflow/example_dags/tutorial_dag.py took 0.084 seconds
[2024-01-13T12:00:17.876+0000] {processor.py:161} INFO - Started process (PID=359) to work on /home/airflow/.local/lib/python3.8/site-packages/airflow/example_dags/tutorial_dag.py
[2024-01-13T12:00:17.877+0000] {processor.py:830} INFO - Processing file /home/airflow/.local/lib/python3.8/site-packages/airflow/example_dags/tutorial_dag.py for tasks to queue
[2024-01-13T12:00:17.880+0000] {logging_mixin.py:188} INFO - [2024-01-13T12:00:17.880+0000] {dagbag.py:538} INFO - Filling up the DagBag from /home/airflow/.local/lib/python3.8/site-packages/airflow/example_dags/tutorial_dag.py
[2024-01-13T12:00:17.889+0000] {processor.py:840} INFO - DAG(s) 'tutorial_dag' retrieved from /home/airflow/.local/lib/python3.8/site-packages/airflow/example_dags/tutorial_dag.py
[2024-01-13T12:00:17.921+0000] {logging_mixin.py:188} INFO - [2024-01-13T12:00:17.921+0000] {dag.py:3033} INFO - Sync 1 DAGs
[2024-01-13T12:00:17.938+0000] {logging_mixin.py:188} INFO - [2024-01-13T12:00:17.938+0000] {dag.py:3820} INFO - Setting next_dagrun for tutorial_dag to None, run_after=None
[2024-01-13T12:00:17.962+0000] {processor.py:183} INFO - Processing /home/airflow/.local/lib/python3.8/site-packages/airflow/example_dags/tutorial_dag.py took 0.091 seconds
[2024-01-13T12:00:48.339+0000] {processor.py:161} INFO - Started process (PID=418) to work on /home/airflow/.local/lib/python3.8/site-packages/airflow/example_dags/tutorial_dag.py
[2024-01-13T12:00:48.341+0000] {processor.py:830} INFO - Processing file /home/airflow/.local/lib/python3.8/site-packages/airflow/example_dags/tutorial_dag.py for tasks to queue
[2024-01-13T12:00:48.344+0000] {logging_mixin.py:188} INFO - [2024-01-13T12:00:48.343+0000] {dagbag.py:538} INFO - Filling up the DagBag from /home/airflow/.local/lib/python3.8/site-packages/airflow/example_dags/tutorial_dag.py
[2024-01-13T12:00:48.351+0000] {processor.py:840} INFO - DAG(s) 'tutorial_dag' retrieved from /home/airflow/.local/lib/python3.8/site-packages/airflow/example_dags/tutorial_dag.py
[2024-01-13T12:00:48.381+0000] {logging_mixin.py:188} INFO - [2024-01-13T12:00:48.381+0000] {dag.py:3033} INFO - Sync 1 DAGs
[2024-01-13T12:00:48.399+0000] {logging_mixin.py:188} INFO - [2024-01-13T12:00:48.399+0000] {dag.py:3820} INFO - Setting next_dagrun for tutorial_dag to None, run_after=None
[2024-01-13T12:00:48.424+0000] {processor.py:183} INFO - Processing /home/airflow/.local/lib/python3.8/site-packages/airflow/example_dags/tutorial_dag.py took 0.091 seconds
[2024-01-13T12:01:18.490+0000] {processor.py:161} INFO - Started process (PID=475) to work on /home/airflow/.local/lib/python3.8/site-packages/airflow/example_dags/tutorial_dag.py
[2024-01-13T12:01:18.491+0000] {processor.py:830} INFO - Processing file /home/airflow/.local/lib/python3.8/site-packages/airflow/example_dags/tutorial_dag.py for tasks to queue
[2024-01-13T12:01:18.494+0000] {logging_mixin.py:188} INFO - [2024-01-13T12:01:18.494+0000] {dagbag.py:538} INFO - Filling up the DagBag from /home/airflow/.local/lib/python3.8/site-packages/airflow/example_dags/tutorial_dag.py
[2024-01-13T12:01:18.502+0000] {processor.py:840} INFO - DAG(s) 'tutorial_dag' retrieved from /home/airflow/.local/lib/python3.8/site-packages/airflow/example_dags/tutorial_dag.py
[2024-01-13T12:01:18.532+0000] {logging_mixin.py:188} INFO - [2024-01-13T12:01:18.532+0000] {dag.py:3033} INFO - Sync 1 DAGs
[2024-01-13T12:01:18.550+0000] {logging_mixin.py:188} INFO - [2024-01-13T12:01:18.549+0000] {dag.py:3820} INFO - Setting next_dagrun for tutorial_dag to None, run_after=None
[2024-01-13T12:01:18.576+0000] {processor.py:183} INFO - Processing /home/airflow/.local/lib/python3.8/site-packages/airflow/example_dags/tutorial_dag.py took 0.091 seconds
[2024-01-13T12:01:48.852+0000] {processor.py:161} INFO - Started process (PID=534) to work on /home/airflow/.local/lib/python3.8/site-packages/airflow/example_dags/tutorial_dag.py
[2024-01-13T12:01:48.854+0000] {processor.py:830} INFO - Processing file /home/airflow/.local/lib/python3.8/site-packages/airflow/example_dags/tutorial_dag.py for tasks to queue
[2024-01-13T12:01:48.858+0000] {logging_mixin.py:188} INFO - [2024-01-13T12:01:48.857+0000] {dagbag.py:538} INFO - Filling up the DagBag from /home/airflow/.local/lib/python3.8/site-packages/airflow/example_dags/tutorial_dag.py
[2024-01-13T12:01:48.865+0000] {processor.py:840} INFO - DAG(s) 'tutorial_dag' retrieved from /home/airflow/.local/lib/python3.8/site-packages/airflow/example_dags/tutorial_dag.py
[2024-01-13T12:01:48.895+0000] {logging_mixin.py:188} INFO - [2024-01-13T12:01:48.895+0000] {dag.py:3033} INFO - Sync 1 DAGs
[2024-01-13T12:01:48.917+0000] {logging_mixin.py:188} INFO - [2024-01-13T12:01:48.917+0000] {dag.py:3820} INFO - Setting next_dagrun for tutorial_dag to None, run_after=None
[2024-01-13T12:01:48.942+0000] {processor.py:183} INFO - Processing /home/airflow/.local/lib/python3.8/site-packages/airflow/example_dags/tutorial_dag.py took 0.095 seconds
[2024-01-13T12:02:19.439+0000] {processor.py:161} INFO - Started process (PID=602) to work on /home/airflow/.local/lib/python3.8/site-packages/airflow/example_dags/tutorial_dag.py
[2024-01-13T12:02:19.440+0000] {processor.py:830} INFO - Processing file /home/airflow/.local/lib/python3.8/site-packages/airflow/example_dags/tutorial_dag.py for tasks to queue
[2024-01-13T12:02:19.443+0000] {logging_mixin.py:188} INFO - [2024-01-13T12:02:19.442+0000] {dagbag.py:538} INFO - Filling up the DagBag from /home/airflow/.local/lib/python3.8/site-packages/airflow/example_dags/tutorial_dag.py
[2024-01-13T12:02:19.450+0000] {processor.py:840} INFO - DAG(s) 'tutorial_dag' retrieved from /home/airflow/.local/lib/python3.8/site-packages/airflow/example_dags/tutorial_dag.py
[2024-01-13T12:02:19.479+0000] {logging_mixin.py:188} INFO - [2024-01-13T12:02:19.478+0000] {dag.py:3033} INFO - Sync 1 DAGs
[2024-01-13T12:02:19.499+0000] {logging_mixin.py:188} INFO - [2024-01-13T12:02:19.498+0000] {dag.py:3820} INFO - Setting next_dagrun for tutorial_dag to None, run_after=None
[2024-01-13T12:02:19.525+0000] {processor.py:183} INFO - Processing /home/airflow/.local/lib/python3.8/site-packages/airflow/example_dags/tutorial_dag.py took 0.091 seconds
[2024-01-13T12:02:49.955+0000] {processor.py:161} INFO - Started process (PID=681) to work on /home/airflow/.local/lib/python3.8/site-packages/airflow/example_dags/tutorial_dag.py
[2024-01-13T12:02:49.959+0000] {processor.py:830} INFO - Processing file /home/airflow/.local/lib/python3.8/site-packages/airflow/example_dags/tutorial_dag.py for tasks to queue
[2024-01-13T12:02:49.963+0000] {logging_mixin.py:188} INFO - [2024-01-13T12:02:49.963+0000] {dagbag.py:538} INFO - Filling up the DagBag from /home/airflow/.local/lib/python3.8/site-packages/airflow/example_dags/tutorial_dag.py
[2024-01-13T12:02:49.980+0000] {processor.py:840} INFO - DAG(s) 'tutorial_dag' retrieved from /home/airflow/.local/lib/python3.8/site-packages/airflow/example_dags/tutorial_dag.py
[2024-01-13T12:02:50.018+0000] {logging_mixin.py:188} INFO - [2024-01-13T12:02:50.018+0000] {dag.py:3033} INFO - Sync 1 DAGs
[2024-01-13T12:02:50.042+0000] {logging_mixin.py:188} INFO - [2024-01-13T12:02:50.041+0000] {dag.py:3820} INFO - Setting next_dagrun for tutorial_dag to None, run_after=None
[2024-01-13T12:02:50.074+0000] {processor.py:183} INFO - Processing /home/airflow/.local/lib/python3.8/site-packages/airflow/example_dags/tutorial_dag.py took 0.125 seconds
[2024-01-13T12:07:40.779+0000] {processor.py:161} INFO - Started process (PID=55) to work on /home/airflow/.local/lib/python3.8/site-packages/airflow/example_dags/tutorial_dag.py
[2024-01-13T12:07:40.781+0000] {processor.py:830} INFO - Processing file /home/airflow/.local/lib/python3.8/site-packages/airflow/example_dags/tutorial_dag.py for tasks to queue
[2024-01-13T12:07:40.785+0000] {logging_mixin.py:188} INFO - [2024-01-13T12:07:40.784+0000] {dagbag.py:538} INFO - Filling up the DagBag from /home/airflow/.local/lib/python3.8/site-packages/airflow/example_dags/tutorial_dag.py
[2024-01-13T12:07:40.801+0000] {processor.py:840} INFO - DAG(s) 'tutorial_dag' retrieved from /home/airflow/.local/lib/python3.8/site-packages/airflow/example_dags/tutorial_dag.py
[2024-01-13T12:07:40.833+0000] {logging_mixin.py:188} INFO - [2024-01-13T12:07:40.833+0000] {dag.py:3033} INFO - Sync 1 DAGs
[2024-01-13T12:07:40.858+0000] {logging_mixin.py:188} INFO - [2024-01-13T12:07:40.857+0000] {dag.py:3820} INFO - Setting next_dagrun for tutorial_dag to None, run_after=None
[2024-01-13T12:07:40.893+0000] {processor.py:183} INFO - Processing /home/airflow/.local/lib/python3.8/site-packages/airflow/example_dags/tutorial_dag.py took 0.121 seconds
[2024-01-13T12:08:14.958+0000] {processor.py:161} INFO - Started process (PID=147) to work on /home/airflow/.local/lib/python3.8/site-packages/airflow/example_dags/tutorial_dag.py
[2024-01-13T12:08:14.965+0000] {processor.py:830} INFO - Processing file /home/airflow/.local/lib/python3.8/site-packages/airflow/example_dags/tutorial_dag.py for tasks to queue
[2024-01-13T12:08:14.969+0000] {logging_mixin.py:188} INFO - [2024-01-13T12:08:14.969+0000] {dagbag.py:538} INFO - Filling up the DagBag from /home/airflow/.local/lib/python3.8/site-packages/airflow/example_dags/tutorial_dag.py
[2024-01-13T12:08:14.980+0000] {processor.py:840} INFO - DAG(s) 'tutorial_dag' retrieved from /home/airflow/.local/lib/python3.8/site-packages/airflow/example_dags/tutorial_dag.py
[2024-01-13T12:08:15.376+0000] {logging_mixin.py:188} INFO - [2024-01-13T12:08:15.376+0000] {dag.py:3033} INFO - Sync 1 DAGs
[2024-01-13T12:08:15.398+0000] {logging_mixin.py:188} INFO - [2024-01-13T12:08:15.397+0000] {dag.py:3820} INFO - Setting next_dagrun for tutorial_dag to None, run_after=None
[2024-01-13T12:08:15.443+0000] {processor.py:183} INFO - Processing /home/airflow/.local/lib/python3.8/site-packages/airflow/example_dags/tutorial_dag.py took 0.492 seconds
[2024-01-13T12:08:46.099+0000] {processor.py:161} INFO - Started process (PID=206) to work on /home/airflow/.local/lib/python3.8/site-packages/airflow/example_dags/tutorial_dag.py
[2024-01-13T12:08:46.101+0000] {processor.py:830} INFO - Processing file /home/airflow/.local/lib/python3.8/site-packages/airflow/example_dags/tutorial_dag.py for tasks to queue
[2024-01-13T12:08:46.105+0000] {logging_mixin.py:188} INFO - [2024-01-13T12:08:46.104+0000] {dagbag.py:538} INFO - Filling up the DagBag from /home/airflow/.local/lib/python3.8/site-packages/airflow/example_dags/tutorial_dag.py
[2024-01-13T12:08:46.112+0000] {processor.py:840} INFO - DAG(s) 'tutorial_dag' retrieved from /home/airflow/.local/lib/python3.8/site-packages/airflow/example_dags/tutorial_dag.py
[2024-01-13T12:08:46.141+0000] {logging_mixin.py:188} INFO - [2024-01-13T12:08:46.140+0000] {dag.py:3033} INFO - Sync 1 DAGs
[2024-01-13T12:08:46.159+0000] {logging_mixin.py:188} INFO - [2024-01-13T12:08:46.158+0000] {dag.py:3820} INFO - Setting next_dagrun for tutorial_dag to None, run_after=None
[2024-01-13T12:08:46.183+0000] {processor.py:183} INFO - Processing /home/airflow/.local/lib/python3.8/site-packages/airflow/example_dags/tutorial_dag.py took 0.089 seconds
[2024-01-13T12:09:16.630+0000] {processor.py:161} INFO - Started process (PID=266) to work on /home/airflow/.local/lib/python3.8/site-packages/airflow/example_dags/tutorial_dag.py
[2024-01-13T12:09:16.631+0000] {processor.py:830} INFO - Processing file /home/airflow/.local/lib/python3.8/site-packages/airflow/example_dags/tutorial_dag.py for tasks to queue
[2024-01-13T12:09:16.634+0000] {logging_mixin.py:188} INFO - [2024-01-13T12:09:16.633+0000] {dagbag.py:538} INFO - Filling up the DagBag from /home/airflow/.local/lib/python3.8/site-packages/airflow/example_dags/tutorial_dag.py
[2024-01-13T12:09:16.641+0000] {processor.py:840} INFO - DAG(s) 'tutorial_dag' retrieved from /home/airflow/.local/lib/python3.8/site-packages/airflow/example_dags/tutorial_dag.py
[2024-01-13T12:09:16.670+0000] {logging_mixin.py:188} INFO - [2024-01-13T12:09:16.669+0000] {dag.py:3033} INFO - Sync 1 DAGs
[2024-01-13T12:09:16.686+0000] {logging_mixin.py:188} INFO - [2024-01-13T12:09:16.685+0000] {dag.py:3820} INFO - Setting next_dagrun for tutorial_dag to None, run_after=None
[2024-01-13T12:09:16.708+0000] {processor.py:183} INFO - Processing /home/airflow/.local/lib/python3.8/site-packages/airflow/example_dags/tutorial_dag.py took 0.084 seconds
[2024-01-13T12:09:46.977+0000] {processor.py:161} INFO - Started process (PID=325) to work on /home/airflow/.local/lib/python3.8/site-packages/airflow/example_dags/tutorial_dag.py
[2024-01-13T12:09:46.994+0000] {processor.py:830} INFO - Processing file /home/airflow/.local/lib/python3.8/site-packages/airflow/example_dags/tutorial_dag.py for tasks to queue
[2024-01-13T12:09:46.998+0000] {logging_mixin.py:188} INFO - [2024-01-13T12:09:46.998+0000] {dagbag.py:538} INFO - Filling up the DagBag from /home/airflow/.local/lib/python3.8/site-packages/airflow/example_dags/tutorial_dag.py
[2024-01-13T12:09:47.008+0000] {processor.py:840} INFO - DAG(s) 'tutorial_dag' retrieved from /home/airflow/.local/lib/python3.8/site-packages/airflow/example_dags/tutorial_dag.py
[2024-01-13T12:09:47.036+0000] {logging_mixin.py:188} INFO - [2024-01-13T12:09:47.035+0000] {dag.py:3033} INFO - Sync 1 DAGs
[2024-01-13T12:09:47.051+0000] {logging_mixin.py:188} INFO - [2024-01-13T12:09:47.051+0000] {dag.py:3820} INFO - Setting next_dagrun for tutorial_dag to None, run_after=None
[2024-01-13T12:09:47.075+0000] {processor.py:183} INFO - Processing /home/airflow/.local/lib/python3.8/site-packages/airflow/example_dags/tutorial_dag.py took 0.103 seconds
[2024-01-13T12:10:17.792+0000] {processor.py:161} INFO - Started process (PID=384) to work on /home/airflow/.local/lib/python3.8/site-packages/airflow/example_dags/tutorial_dag.py
[2024-01-13T12:10:17.793+0000] {processor.py:830} INFO - Processing file /home/airflow/.local/lib/python3.8/site-packages/airflow/example_dags/tutorial_dag.py for tasks to queue
[2024-01-13T12:10:17.796+0000] {logging_mixin.py:188} INFO - [2024-01-13T12:10:17.795+0000] {dagbag.py:538} INFO - Filling up the DagBag from /home/airflow/.local/lib/python3.8/site-packages/airflow/example_dags/tutorial_dag.py
[2024-01-13T12:10:17.803+0000] {processor.py:840} INFO - DAG(s) 'tutorial_dag' retrieved from /home/airflow/.local/lib/python3.8/site-packages/airflow/example_dags/tutorial_dag.py
[2024-01-13T12:10:17.830+0000] {logging_mixin.py:188} INFO - [2024-01-13T12:10:17.830+0000] {dag.py:3033} INFO - Sync 1 DAGs
[2024-01-13T12:10:17.850+0000] {logging_mixin.py:188} INFO - [2024-01-13T12:10:17.850+0000] {dag.py:3820} INFO - Setting next_dagrun for tutorial_dag to None, run_after=None
[2024-01-13T12:10:17.875+0000] {processor.py:183} INFO - Processing /home/airflow/.local/lib/python3.8/site-packages/airflow/example_dags/tutorial_dag.py took 0.088 seconds
[2024-01-13T12:10:48.090+0000] {processor.py:161} INFO - Started process (PID=443) to work on /home/airflow/.local/lib/python3.8/site-packages/airflow/example_dags/tutorial_dag.py
[2024-01-13T12:10:48.092+0000] {processor.py:830} INFO - Processing file /home/airflow/.local/lib/python3.8/site-packages/airflow/example_dags/tutorial_dag.py for tasks to queue
[2024-01-13T12:10:48.097+0000] {logging_mixin.py:188} INFO - [2024-01-13T12:10:48.096+0000] {dagbag.py:538} INFO - Filling up the DagBag from /home/airflow/.local/lib/python3.8/site-packages/airflow/example_dags/tutorial_dag.py
[2024-01-13T12:10:48.107+0000] {processor.py:840} INFO - DAG(s) 'tutorial_dag' retrieved from /home/airflow/.local/lib/python3.8/site-packages/airflow/example_dags/tutorial_dag.py
[2024-01-13T12:10:48.134+0000] {logging_mixin.py:188} INFO - [2024-01-13T12:10:48.134+0000] {dag.py:3033} INFO - Sync 1 DAGs
[2024-01-13T12:10:48.150+0000] {logging_mixin.py:188} INFO - [2024-01-13T12:10:48.149+0000] {dag.py:3820} INFO - Setting next_dagrun for tutorial_dag to None, run_after=None
[2024-01-13T12:10:48.174+0000] {processor.py:183} INFO - Processing /home/airflow/.local/lib/python3.8/site-packages/airflow/example_dags/tutorial_dag.py took 0.090 seconds
[2024-01-13T12:11:18.511+0000] {processor.py:161} INFO - Started process (PID=502) to work on /home/airflow/.local/lib/python3.8/site-packages/airflow/example_dags/tutorial_dag.py
[2024-01-13T12:11:18.512+0000] {processor.py:830} INFO - Processing file /home/airflow/.local/lib/python3.8/site-packages/airflow/example_dags/tutorial_dag.py for tasks to queue
[2024-01-13T12:11:18.515+0000] {logging_mixin.py:188} INFO - [2024-01-13T12:11:18.515+0000] {dagbag.py:538} INFO - Filling up the DagBag from /home/airflow/.local/lib/python3.8/site-packages/airflow/example_dags/tutorial_dag.py
[2024-01-13T12:11:18.524+0000] {processor.py:840} INFO - DAG(s) 'tutorial_dag' retrieved from /home/airflow/.local/lib/python3.8/site-packages/airflow/example_dags/tutorial_dag.py
[2024-01-13T12:11:18.555+0000] {logging_mixin.py:188} INFO - [2024-01-13T12:11:18.555+0000] {dag.py:3033} INFO - Sync 1 DAGs
[2024-01-13T12:11:18.572+0000] {logging_mixin.py:188} INFO - [2024-01-13T12:11:18.571+0000] {dag.py:3820} INFO - Setting next_dagrun for tutorial_dag to None, run_after=None
[2024-01-13T12:11:18.594+0000] {processor.py:183} INFO - Processing /home/airflow/.local/lib/python3.8/site-packages/airflow/example_dags/tutorial_dag.py took 0.088 seconds
[2024-01-13T12:11:48.710+0000] {processor.py:161} INFO - Started process (PID=561) to work on /home/airflow/.local/lib/python3.8/site-packages/airflow/example_dags/tutorial_dag.py
[2024-01-13T12:11:48.712+0000] {processor.py:830} INFO - Processing file /home/airflow/.local/lib/python3.8/site-packages/airflow/example_dags/tutorial_dag.py for tasks to queue
[2024-01-13T12:11:48.715+0000] {logging_mixin.py:188} INFO - [2024-01-13T12:11:48.714+0000] {dagbag.py:538} INFO - Filling up the DagBag from /home/airflow/.local/lib/python3.8/site-packages/airflow/example_dags/tutorial_dag.py
[2024-01-13T12:11:48.722+0000] {processor.py:840} INFO - DAG(s) 'tutorial_dag' retrieved from /home/airflow/.local/lib/python3.8/site-packages/airflow/example_dags/tutorial_dag.py
[2024-01-13T12:11:48.750+0000] {logging_mixin.py:188} INFO - [2024-01-13T12:11:48.750+0000] {dag.py:3033} INFO - Sync 1 DAGs
[2024-01-13T12:11:48.765+0000] {logging_mixin.py:188} INFO - [2024-01-13T12:11:48.765+0000] {dag.py:3820} INFO - Setting next_dagrun for tutorial_dag to None, run_after=None
[2024-01-13T12:11:48.791+0000] {processor.py:183} INFO - Processing /home/airflow/.local/lib/python3.8/site-packages/airflow/example_dags/tutorial_dag.py took 0.086 seconds
[2024-01-13T12:12:19.995+0000] {processor.py:161} INFO - Started process (PID=620) to work on /home/airflow/.local/lib/python3.8/site-packages/airflow/example_dags/tutorial_dag.py
[2024-01-13T12:12:19.998+0000] {processor.py:830} INFO - Processing file /home/airflow/.local/lib/python3.8/site-packages/airflow/example_dags/tutorial_dag.py for tasks to queue
[2024-01-13T12:12:20.002+0000] {logging_mixin.py:188} INFO - [2024-01-13T12:12:20.001+0000] {dagbag.py:538} INFO - Filling up the DagBag from /home/airflow/.local/lib/python3.8/site-packages/airflow/example_dags/tutorial_dag.py
[2024-01-13T12:12:20.012+0000] {processor.py:840} INFO - DAG(s) 'tutorial_dag' retrieved from /home/airflow/.local/lib/python3.8/site-packages/airflow/example_dags/tutorial_dag.py
[2024-01-13T12:12:20.043+0000] {logging_mixin.py:188} INFO - [2024-01-13T12:12:20.042+0000] {dag.py:3033} INFO - Sync 1 DAGs
[2024-01-13T12:12:20.059+0000] {logging_mixin.py:188} INFO - [2024-01-13T12:12:20.059+0000] {dag.py:3820} INFO - Setting next_dagrun for tutorial_dag to None, run_after=None
[2024-01-13T12:12:20.081+0000] {processor.py:183} INFO - Processing /home/airflow/.local/lib/python3.8/site-packages/airflow/example_dags/tutorial_dag.py took 0.093 seconds
[2024-01-13T12:12:51.931+0000] {processor.py:161} INFO - Started process (PID=679) to work on /home/airflow/.local/lib/python3.8/site-packages/airflow/example_dags/tutorial_dag.py
[2024-01-13T12:12:51.933+0000] {processor.py:830} INFO - Processing file /home/airflow/.local/lib/python3.8/site-packages/airflow/example_dags/tutorial_dag.py for tasks to queue
[2024-01-13T12:12:51.936+0000] {logging_mixin.py:188} INFO - [2024-01-13T12:12:51.936+0000] {dagbag.py:538} INFO - Filling up the DagBag from /home/airflow/.local/lib/python3.8/site-packages/airflow/example_dags/tutorial_dag.py
[2024-01-13T12:12:51.944+0000] {processor.py:840} INFO - DAG(s) 'tutorial_dag' retrieved from /home/airflow/.local/lib/python3.8/site-packages/airflow/example_dags/tutorial_dag.py
[2024-01-13T12:12:51.971+0000] {logging_mixin.py:188} INFO - [2024-01-13T12:12:51.970+0000] {dag.py:3033} INFO - Sync 1 DAGs
[2024-01-13T12:12:51.986+0000] {logging_mixin.py:188} INFO - [2024-01-13T12:12:51.986+0000] {dag.py:3820} INFO - Setting next_dagrun for tutorial_dag to None, run_after=None
[2024-01-13T12:12:52.011+0000] {processor.py:183} INFO - Processing /home/airflow/.local/lib/python3.8/site-packages/airflow/example_dags/tutorial_dag.py took 0.085 seconds
[2024-01-13T12:13:27.084+0000] {processor.py:161} INFO - Started process (PID=752) to work on /home/airflow/.local/lib/python3.8/site-packages/airflow/example_dags/tutorial_dag.py
[2024-01-13T12:13:27.092+0000] {processor.py:830} INFO - Processing file /home/airflow/.local/lib/python3.8/site-packages/airflow/example_dags/tutorial_dag.py for tasks to queue
[2024-01-13T12:13:27.096+0000] {logging_mixin.py:188} INFO - [2024-01-13T12:13:27.096+0000] {dagbag.py:538} INFO - Filling up the DagBag from /home/airflow/.local/lib/python3.8/site-packages/airflow/example_dags/tutorial_dag.py
[2024-01-13T12:13:27.113+0000] {processor.py:840} INFO - DAG(s) 'tutorial_dag' retrieved from /home/airflow/.local/lib/python3.8/site-packages/airflow/example_dags/tutorial_dag.py
[2024-01-13T12:13:27.184+0000] {logging_mixin.py:188} INFO - [2024-01-13T12:13:27.184+0000] {dag.py:3033} INFO - Sync 1 DAGs
[2024-01-13T12:13:27.237+0000] {logging_mixin.py:188} INFO - [2024-01-13T12:13:27.237+0000] {dag.py:3820} INFO - Setting next_dagrun for tutorial_dag to None, run_after=None
[2024-01-13T12:13:27.288+0000] {processor.py:183} INFO - Processing /home/airflow/.local/lib/python3.8/site-packages/airflow/example_dags/tutorial_dag.py took 0.222 seconds
[2024-01-13T12:13:57.957+0000] {processor.py:161} INFO - Started process (PID=812) to work on /home/airflow/.local/lib/python3.8/site-packages/airflow/example_dags/tutorial_dag.py
[2024-01-13T12:13:57.959+0000] {processor.py:830} INFO - Processing file /home/airflow/.local/lib/python3.8/site-packages/airflow/example_dags/tutorial_dag.py for tasks to queue
[2024-01-13T12:13:57.963+0000] {logging_mixin.py:188} INFO - [2024-01-13T12:13:57.962+0000] {dagbag.py:538} INFO - Filling up the DagBag from /home/airflow/.local/lib/python3.8/site-packages/airflow/example_dags/tutorial_dag.py
[2024-01-13T12:13:57.973+0000] {processor.py:840} INFO - DAG(s) 'tutorial_dag' retrieved from /home/airflow/.local/lib/python3.8/site-packages/airflow/example_dags/tutorial_dag.py
[2024-01-13T12:13:58.010+0000] {logging_mixin.py:188} INFO - [2024-01-13T12:13:58.010+0000] {dag.py:3033} INFO - Sync 1 DAGs
[2024-01-13T12:13:58.034+0000] {logging_mixin.py:188} INFO - [2024-01-13T12:13:58.033+0000] {dag.py:3820} INFO - Setting next_dagrun for tutorial_dag to None, run_after=None
[2024-01-13T12:13:58.063+0000] {processor.py:183} INFO - Processing /home/airflow/.local/lib/python3.8/site-packages/airflow/example_dags/tutorial_dag.py took 0.112 seconds
[2024-01-13T12:14:28.572+0000] {processor.py:161} INFO - Started process (PID=871) to work on /home/airflow/.local/lib/python3.8/site-packages/airflow/example_dags/tutorial_dag.py
[2024-01-13T12:14:28.575+0000] {processor.py:830} INFO - Processing file /home/airflow/.local/lib/python3.8/site-packages/airflow/example_dags/tutorial_dag.py for tasks to queue
[2024-01-13T12:14:28.579+0000] {logging_mixin.py:188} INFO - [2024-01-13T12:14:28.578+0000] {dagbag.py:538} INFO - Filling up the DagBag from /home/airflow/.local/lib/python3.8/site-packages/airflow/example_dags/tutorial_dag.py
[2024-01-13T12:14:28.588+0000] {processor.py:840} INFO - DAG(s) 'tutorial_dag' retrieved from /home/airflow/.local/lib/python3.8/site-packages/airflow/example_dags/tutorial_dag.py
[2024-01-13T12:14:28.616+0000] {logging_mixin.py:188} INFO - [2024-01-13T12:14:28.616+0000] {dag.py:3033} INFO - Sync 1 DAGs
[2024-01-13T12:14:28.633+0000] {logging_mixin.py:188} INFO - [2024-01-13T12:14:28.633+0000] {dag.py:3820} INFO - Setting next_dagrun for tutorial_dag to None, run_after=None
[2024-01-13T12:14:28.656+0000] {processor.py:183} INFO - Processing /home/airflow/.local/lib/python3.8/site-packages/airflow/example_dags/tutorial_dag.py took 0.091 seconds
[2024-01-13T12:14:59.453+0000] {processor.py:161} INFO - Started process (PID=930) to work on /home/airflow/.local/lib/python3.8/site-packages/airflow/example_dags/tutorial_dag.py
[2024-01-13T12:14:59.455+0000] {processor.py:830} INFO - Processing file /home/airflow/.local/lib/python3.8/site-packages/airflow/example_dags/tutorial_dag.py for tasks to queue
[2024-01-13T12:14:59.459+0000] {logging_mixin.py:188} INFO - [2024-01-13T12:14:59.459+0000] {dagbag.py:538} INFO - Filling up the DagBag from /home/airflow/.local/lib/python3.8/site-packages/airflow/example_dags/tutorial_dag.py
[2024-01-13T12:14:59.469+0000] {processor.py:840} INFO - DAG(s) 'tutorial_dag' retrieved from /home/airflow/.local/lib/python3.8/site-packages/airflow/example_dags/tutorial_dag.py
[2024-01-13T12:14:59.500+0000] {logging_mixin.py:188} INFO - [2024-01-13T12:14:59.499+0000] {dag.py:3033} INFO - Sync 1 DAGs
[2024-01-13T12:14:59.519+0000] {logging_mixin.py:188} INFO - [2024-01-13T12:14:59.518+0000] {dag.py:3820} INFO - Setting next_dagrun for tutorial_dag to None, run_after=None
[2024-01-13T12:14:59.544+0000] {processor.py:183} INFO - Processing /home/airflow/.local/lib/python3.8/site-packages/airflow/example_dags/tutorial_dag.py took 0.097 seconds
[2024-01-13T12:15:30.198+0000] {processor.py:161} INFO - Started process (PID=989) to work on /home/airflow/.local/lib/python3.8/site-packages/airflow/example_dags/tutorial_dag.py
[2024-01-13T12:15:30.200+0000] {processor.py:830} INFO - Processing file /home/airflow/.local/lib/python3.8/site-packages/airflow/example_dags/tutorial_dag.py for tasks to queue
[2024-01-13T12:15:30.203+0000] {logging_mixin.py:188} INFO - [2024-01-13T12:15:30.203+0000] {dagbag.py:538} INFO - Filling up the DagBag from /home/airflow/.local/lib/python3.8/site-packages/airflow/example_dags/tutorial_dag.py
[2024-01-13T12:15:30.211+0000] {processor.py:840} INFO - DAG(s) 'tutorial_dag' retrieved from /home/airflow/.local/lib/python3.8/site-packages/airflow/example_dags/tutorial_dag.py
[2024-01-13T12:15:30.239+0000] {logging_mixin.py:188} INFO - [2024-01-13T12:15:30.239+0000] {dag.py:3033} INFO - Sync 1 DAGs
[2024-01-13T12:15:30.255+0000] {logging_mixin.py:188} INFO - [2024-01-13T12:15:30.255+0000] {dag.py:3820} INFO - Setting next_dagrun for tutorial_dag to None, run_after=None
[2024-01-13T12:15:30.279+0000] {processor.py:183} INFO - Processing /home/airflow/.local/lib/python3.8/site-packages/airflow/example_dags/tutorial_dag.py took 0.087 seconds
[2024-01-13T12:16:00.977+0000] {processor.py:161} INFO - Started process (PID=1048) to work on /home/airflow/.local/lib/python3.8/site-packages/airflow/example_dags/tutorial_dag.py
[2024-01-13T12:16:00.978+0000] {processor.py:830} INFO - Processing file /home/airflow/.local/lib/python3.8/site-packages/airflow/example_dags/tutorial_dag.py for tasks to queue
[2024-01-13T12:16:00.981+0000] {logging_mixin.py:188} INFO - [2024-01-13T12:16:00.981+0000] {dagbag.py:538} INFO - Filling up the DagBag from /home/airflow/.local/lib/python3.8/site-packages/airflow/example_dags/tutorial_dag.py
[2024-01-13T12:16:00.989+0000] {processor.py:840} INFO - DAG(s) 'tutorial_dag' retrieved from /home/airflow/.local/lib/python3.8/site-packages/airflow/example_dags/tutorial_dag.py
[2024-01-13T12:16:01.017+0000] {logging_mixin.py:188} INFO - [2024-01-13T12:16:01.017+0000] {dag.py:3033} INFO - Sync 1 DAGs
[2024-01-13T12:16:01.036+0000] {logging_mixin.py:188} INFO - [2024-01-13T12:16:01.035+0000] {dag.py:3820} INFO - Setting next_dagrun for tutorial_dag to None, run_after=None
[2024-01-13T12:16:01.060+0000] {processor.py:183} INFO - Processing /home/airflow/.local/lib/python3.8/site-packages/airflow/example_dags/tutorial_dag.py took 0.089 seconds
[2024-01-13T12:16:31.898+0000] {processor.py:161} INFO - Started process (PID=1106) to work on /home/airflow/.local/lib/python3.8/site-packages/airflow/example_dags/tutorial_dag.py
[2024-01-13T12:16:31.926+0000] {processor.py:830} INFO - Processing file /home/airflow/.local/lib/python3.8/site-packages/airflow/example_dags/tutorial_dag.py for tasks to queue
[2024-01-13T12:16:31.929+0000] {logging_mixin.py:188} INFO - [2024-01-13T12:16:31.928+0000] {dagbag.py:538} INFO - Filling up the DagBag from /home/airflow/.local/lib/python3.8/site-packages/airflow/example_dags/tutorial_dag.py
[2024-01-13T12:16:31.937+0000] {processor.py:840} INFO - DAG(s) 'tutorial_dag' retrieved from /home/airflow/.local/lib/python3.8/site-packages/airflow/example_dags/tutorial_dag.py
[2024-01-13T12:16:31.965+0000] {logging_mixin.py:188} INFO - [2024-01-13T12:16:31.965+0000] {dag.py:3033} INFO - Sync 1 DAGs
[2024-01-13T12:16:31.981+0000] {logging_mixin.py:188} INFO - [2024-01-13T12:16:31.981+0000] {dag.py:3820} INFO - Setting next_dagrun for tutorial_dag to None, run_after=None
[2024-01-13T12:16:32.004+0000] {processor.py:183} INFO - Processing /home/airflow/.local/lib/python3.8/site-packages/airflow/example_dags/tutorial_dag.py took 0.111 seconds
[2024-01-13T12:17:03.482+0000] {processor.py:161} INFO - Started process (PID=1166) to work on /home/airflow/.local/lib/python3.8/site-packages/airflow/example_dags/tutorial_dag.py
[2024-01-13T12:17:03.484+0000] {processor.py:830} INFO - Processing file /home/airflow/.local/lib/python3.8/site-packages/airflow/example_dags/tutorial_dag.py for tasks to queue
[2024-01-13T12:17:03.488+0000] {logging_mixin.py:188} INFO - [2024-01-13T12:17:03.487+0000] {dagbag.py:538} INFO - Filling up the DagBag from /home/airflow/.local/lib/python3.8/site-packages/airflow/example_dags/tutorial_dag.py
[2024-01-13T12:17:03.498+0000] {processor.py:840} INFO - DAG(s) 'tutorial_dag' retrieved from /home/airflow/.local/lib/python3.8/site-packages/airflow/example_dags/tutorial_dag.py
[2024-01-13T12:17:03.534+0000] {logging_mixin.py:188} INFO - [2024-01-13T12:17:03.534+0000] {dag.py:3033} INFO - Sync 1 DAGs
[2024-01-13T12:17:03.554+0000] {logging_mixin.py:188} INFO - [2024-01-13T12:17:03.553+0000] {dag.py:3820} INFO - Setting next_dagrun for tutorial_dag to None, run_after=None
[2024-01-13T12:17:03.575+0000] {processor.py:183} INFO - Processing /home/airflow/.local/lib/python3.8/site-packages/airflow/example_dags/tutorial_dag.py took 0.100 seconds
[2024-01-13T12:17:34.675+0000] {processor.py:161} INFO - Started process (PID=1225) to work on /home/airflow/.local/lib/python3.8/site-packages/airflow/example_dags/tutorial_dag.py
[2024-01-13T12:17:34.677+0000] {processor.py:830} INFO - Processing file /home/airflow/.local/lib/python3.8/site-packages/airflow/example_dags/tutorial_dag.py for tasks to queue
[2024-01-13T12:17:34.680+0000] {logging_mixin.py:188} INFO - [2024-01-13T12:17:34.680+0000] {dagbag.py:538} INFO - Filling up the DagBag from /home/airflow/.local/lib/python3.8/site-packages/airflow/example_dags/tutorial_dag.py
[2024-01-13T12:17:34.688+0000] {processor.py:840} INFO - DAG(s) 'tutorial_dag' retrieved from /home/airflow/.local/lib/python3.8/site-packages/airflow/example_dags/tutorial_dag.py
[2024-01-13T12:17:34.721+0000] {logging_mixin.py:188} INFO - [2024-01-13T12:17:34.720+0000] {dag.py:3033} INFO - Sync 1 DAGs
[2024-01-13T12:17:34.737+0000] {logging_mixin.py:188} INFO - [2024-01-13T12:17:34.737+0000] {dag.py:3820} INFO - Setting next_dagrun for tutorial_dag to None, run_after=None
[2024-01-13T12:17:34.763+0000] {processor.py:183} INFO - Processing /home/airflow/.local/lib/python3.8/site-packages/airflow/example_dags/tutorial_dag.py took 0.093 seconds
[2024-01-13T12:18:05.872+0000] {processor.py:161} INFO - Started process (PID=1284) to work on /home/airflow/.local/lib/python3.8/site-packages/airflow/example_dags/tutorial_dag.py
[2024-01-13T12:18:05.874+0000] {processor.py:830} INFO - Processing file /home/airflow/.local/lib/python3.8/site-packages/airflow/example_dags/tutorial_dag.py for tasks to queue
[2024-01-13T12:18:05.877+0000] {logging_mixin.py:188} INFO - [2024-01-13T12:18:05.877+0000] {dagbag.py:538} INFO - Filling up the DagBag from /home/airflow/.local/lib/python3.8/site-packages/airflow/example_dags/tutorial_dag.py
[2024-01-13T12:18:05.885+0000] {processor.py:840} INFO - DAG(s) 'tutorial_dag' retrieved from /home/airflow/.local/lib/python3.8/site-packages/airflow/example_dags/tutorial_dag.py
[2024-01-13T12:18:05.914+0000] {logging_mixin.py:188} INFO - [2024-01-13T12:18:05.913+0000] {dag.py:3033} INFO - Sync 1 DAGs
[2024-01-13T12:18:05.932+0000] {logging_mixin.py:188} INFO - [2024-01-13T12:18:05.932+0000] {dag.py:3820} INFO - Setting next_dagrun for tutorial_dag to None, run_after=None
[2024-01-13T12:18:05.961+0000] {processor.py:183} INFO - Processing /home/airflow/.local/lib/python3.8/site-packages/airflow/example_dags/tutorial_dag.py took 0.095 seconds
[2024-01-13T12:18:37.647+0000] {processor.py:161} INFO - Started process (PID=1343) to work on /home/airflow/.local/lib/python3.8/site-packages/airflow/example_dags/tutorial_dag.py
[2024-01-13T12:18:37.664+0000] {processor.py:830} INFO - Processing file /home/airflow/.local/lib/python3.8/site-packages/airflow/example_dags/tutorial_dag.py for tasks to queue
[2024-01-13T12:18:37.670+0000] {logging_mixin.py:188} INFO - [2024-01-13T12:18:37.669+0000] {dagbag.py:538} INFO - Filling up the DagBag from /home/airflow/.local/lib/python3.8/site-packages/airflow/example_dags/tutorial_dag.py
[2024-01-13T12:18:37.681+0000] {processor.py:840} INFO - DAG(s) 'tutorial_dag' retrieved from /home/airflow/.local/lib/python3.8/site-packages/airflow/example_dags/tutorial_dag.py
[2024-01-13T12:18:37.720+0000] {logging_mixin.py:188} INFO - [2024-01-13T12:18:37.719+0000] {dag.py:3033} INFO - Sync 1 DAGs
[2024-01-13T12:18:37.739+0000] {logging_mixin.py:188} INFO - [2024-01-13T12:18:37.739+0000] {dag.py:3820} INFO - Setting next_dagrun for tutorial_dag to None, run_after=None
[2024-01-13T12:18:37.764+0000] {processor.py:183} INFO - Processing /home/airflow/.local/lib/python3.8/site-packages/airflow/example_dags/tutorial_dag.py took 0.126 seconds
[2024-01-13T12:19:08.597+0000] {processor.py:161} INFO - Started process (PID=1414) to work on /home/airflow/.local/lib/python3.8/site-packages/airflow/example_dags/tutorial_dag.py
[2024-01-13T12:19:08.599+0000] {processor.py:830} INFO - Processing file /home/airflow/.local/lib/python3.8/site-packages/airflow/example_dags/tutorial_dag.py for tasks to queue
[2024-01-13T12:19:08.602+0000] {logging_mixin.py:188} INFO - [2024-01-13T12:19:08.602+0000] {dagbag.py:538} INFO - Filling up the DagBag from /home/airflow/.local/lib/python3.8/site-packages/airflow/example_dags/tutorial_dag.py
[2024-01-13T12:19:08.610+0000] {processor.py:840} INFO - DAG(s) 'tutorial_dag' retrieved from /home/airflow/.local/lib/python3.8/site-packages/airflow/example_dags/tutorial_dag.py
[2024-01-13T12:19:08.638+0000] {logging_mixin.py:188} INFO - [2024-01-13T12:19:08.637+0000] {dag.py:3033} INFO - Sync 1 DAGs
[2024-01-13T12:19:08.654+0000] {logging_mixin.py:188} INFO - [2024-01-13T12:19:08.654+0000] {dag.py:3820} INFO - Setting next_dagrun for tutorial_dag to None, run_after=None
[2024-01-13T12:19:08.676+0000] {processor.py:183} INFO - Processing /home/airflow/.local/lib/python3.8/site-packages/airflow/example_dags/tutorial_dag.py took 0.084 seconds
[2024-01-13T12:19:39.877+0000] {processor.py:161} INFO - Started process (PID=1473) to work on /home/airflow/.local/lib/python3.8/site-packages/airflow/example_dags/tutorial_dag.py
[2024-01-13T12:19:39.879+0000] {processor.py:830} INFO - Processing file /home/airflow/.local/lib/python3.8/site-packages/airflow/example_dags/tutorial_dag.py for tasks to queue
[2024-01-13T12:19:39.882+0000] {logging_mixin.py:188} INFO - [2024-01-13T12:19:39.882+0000] {dagbag.py:538} INFO - Filling up the DagBag from /home/airflow/.local/lib/python3.8/site-packages/airflow/example_dags/tutorial_dag.py
[2024-01-13T12:19:39.890+0000] {processor.py:840} INFO - DAG(s) 'tutorial_dag' retrieved from /home/airflow/.local/lib/python3.8/site-packages/airflow/example_dags/tutorial_dag.py
[2024-01-13T12:19:39.918+0000] {logging_mixin.py:188} INFO - [2024-01-13T12:19:39.918+0000] {dag.py:3033} INFO - Sync 1 DAGs
[2024-01-13T12:19:39.940+0000] {logging_mixin.py:188} INFO - [2024-01-13T12:19:39.939+0000] {dag.py:3820} INFO - Setting next_dagrun for tutorial_dag to None, run_after=None
[2024-01-13T12:19:39.977+0000] {processor.py:183} INFO - Processing /home/airflow/.local/lib/python3.8/site-packages/airflow/example_dags/tutorial_dag.py took 0.106 seconds
[2024-01-13T12:20:11.347+0000] {processor.py:161} INFO - Started process (PID=1532) to work on /home/airflow/.local/lib/python3.8/site-packages/airflow/example_dags/tutorial_dag.py
[2024-01-13T12:20:11.348+0000] {processor.py:830} INFO - Processing file /home/airflow/.local/lib/python3.8/site-packages/airflow/example_dags/tutorial_dag.py for tasks to queue
[2024-01-13T12:20:11.351+0000] {logging_mixin.py:188} INFO - [2024-01-13T12:20:11.351+0000] {dagbag.py:538} INFO - Filling up the DagBag from /home/airflow/.local/lib/python3.8/site-packages/airflow/example_dags/tutorial_dag.py
[2024-01-13T12:20:11.359+0000] {processor.py:840} INFO - DAG(s) 'tutorial_dag' retrieved from /home/airflow/.local/lib/python3.8/site-packages/airflow/example_dags/tutorial_dag.py
[2024-01-13T12:20:11.397+0000] {logging_mixin.py:188} INFO - [2024-01-13T12:20:11.397+0000] {dag.py:3033} INFO - Sync 1 DAGs
[2024-01-13T12:20:11.420+0000] {logging_mixin.py:188} INFO - [2024-01-13T12:20:11.419+0000] {dag.py:3820} INFO - Setting next_dagrun for tutorial_dag to None, run_after=None
[2024-01-13T12:20:11.444+0000] {processor.py:183} INFO - Processing /home/airflow/.local/lib/python3.8/site-packages/airflow/example_dags/tutorial_dag.py took 0.102 seconds
[2024-01-13T12:20:43.208+0000] {processor.py:161} INFO - Started process (PID=1592) to work on /home/airflow/.local/lib/python3.8/site-packages/airflow/example_dags/tutorial_dag.py
[2024-01-13T12:20:43.213+0000] {processor.py:830} INFO - Processing file /home/airflow/.local/lib/python3.8/site-packages/airflow/example_dags/tutorial_dag.py for tasks to queue
[2024-01-13T12:20:43.218+0000] {logging_mixin.py:188} INFO - [2024-01-13T12:20:43.217+0000] {dagbag.py:538} INFO - Filling up the DagBag from /home/airflow/.local/lib/python3.8/site-packages/airflow/example_dags/tutorial_dag.py
[2024-01-13T12:20:43.227+0000] {processor.py:840} INFO - DAG(s) 'tutorial_dag' retrieved from /home/airflow/.local/lib/python3.8/site-packages/airflow/example_dags/tutorial_dag.py
[2024-01-13T12:20:43.259+0000] {logging_mixin.py:188} INFO - [2024-01-13T12:20:43.259+0000] {dag.py:3033} INFO - Sync 1 DAGs
[2024-01-13T12:20:43.284+0000] {logging_mixin.py:188} INFO - [2024-01-13T12:20:43.283+0000] {dag.py:3820} INFO - Setting next_dagrun for tutorial_dag to None, run_after=None
[2024-01-13T12:20:43.321+0000] {processor.py:183} INFO - Processing /home/airflow/.local/lib/python3.8/site-packages/airflow/example_dags/tutorial_dag.py took 0.121 seconds
[2024-01-13T12:21:14.391+0000] {processor.py:161} INFO - Started process (PID=1659) to work on /home/airflow/.local/lib/python3.8/site-packages/airflow/example_dags/tutorial_dag.py
[2024-01-13T12:21:14.394+0000] {processor.py:830} INFO - Processing file /home/airflow/.local/lib/python3.8/site-packages/airflow/example_dags/tutorial_dag.py for tasks to queue
[2024-01-13T12:21:14.398+0000] {logging_mixin.py:188} INFO - [2024-01-13T12:21:14.397+0000] {dagbag.py:538} INFO - Filling up the DagBag from /home/airflow/.local/lib/python3.8/site-packages/airflow/example_dags/tutorial_dag.py
[2024-01-13T12:21:14.409+0000] {processor.py:840} INFO - DAG(s) 'tutorial_dag' retrieved from /home/airflow/.local/lib/python3.8/site-packages/airflow/example_dags/tutorial_dag.py
[2024-01-13T12:21:14.444+0000] {logging_mixin.py:188} INFO - [2024-01-13T12:21:14.444+0000] {dag.py:3033} INFO - Sync 1 DAGs
[2024-01-13T12:21:14.461+0000] {logging_mixin.py:188} INFO - [2024-01-13T12:21:14.461+0000] {dag.py:3820} INFO - Setting next_dagrun for tutorial_dag to None, run_after=None
[2024-01-13T12:21:14.488+0000] {processor.py:183} INFO - Processing /home/airflow/.local/lib/python3.8/site-packages/airflow/example_dags/tutorial_dag.py took 0.103 seconds
[2024-01-13T12:21:45.574+0000] {processor.py:161} INFO - Started process (PID=1732) to work on /home/airflow/.local/lib/python3.8/site-packages/airflow/example_dags/tutorial_dag.py
[2024-01-13T12:21:45.575+0000] {processor.py:830} INFO - Processing file /home/airflow/.local/lib/python3.8/site-packages/airflow/example_dags/tutorial_dag.py for tasks to queue
[2024-01-13T12:21:45.579+0000] {logging_mixin.py:188} INFO - [2024-01-13T12:21:45.578+0000] {dagbag.py:538} INFO - Filling up the DagBag from /home/airflow/.local/lib/python3.8/site-packages/airflow/example_dags/tutorial_dag.py
[2024-01-13T12:21:45.587+0000] {processor.py:840} INFO - DAG(s) 'tutorial_dag' retrieved from /home/airflow/.local/lib/python3.8/site-packages/airflow/example_dags/tutorial_dag.py
[2024-01-13T12:21:45.613+0000] {logging_mixin.py:188} INFO - [2024-01-13T12:21:45.613+0000] {dag.py:3033} INFO - Sync 1 DAGs
[2024-01-13T12:21:45.629+0000] {logging_mixin.py:188} INFO - [2024-01-13T12:21:45.629+0000] {dag.py:3820} INFO - Setting next_dagrun for tutorial_dag to None, run_after=None
[2024-01-13T12:21:45.657+0000] {processor.py:183} INFO - Processing /home/airflow/.local/lib/python3.8/site-packages/airflow/example_dags/tutorial_dag.py took 0.089 seconds
[2024-01-13T12:22:16.721+0000] {processor.py:161} INFO - Started process (PID=1803) to work on /home/airflow/.local/lib/python3.8/site-packages/airflow/example_dags/tutorial_dag.py
[2024-01-13T12:22:16.722+0000] {processor.py:830} INFO - Processing file /home/airflow/.local/lib/python3.8/site-packages/airflow/example_dags/tutorial_dag.py for tasks to queue
[2024-01-13T12:22:16.725+0000] {logging_mixin.py:188} INFO - [2024-01-13T12:22:16.725+0000] {dagbag.py:538} INFO - Filling up the DagBag from /home/airflow/.local/lib/python3.8/site-packages/airflow/example_dags/tutorial_dag.py
[2024-01-13T12:22:16.733+0000] {processor.py:840} INFO - DAG(s) 'tutorial_dag' retrieved from /home/airflow/.local/lib/python3.8/site-packages/airflow/example_dags/tutorial_dag.py
[2024-01-13T12:22:16.762+0000] {logging_mixin.py:188} INFO - [2024-01-13T12:22:16.762+0000] {dag.py:3033} INFO - Sync 1 DAGs
[2024-01-13T12:22:16.781+0000] {logging_mixin.py:188} INFO - [2024-01-13T12:22:16.781+0000] {dag.py:3820} INFO - Setting next_dagrun for tutorial_dag to None, run_after=None
[2024-01-13T12:22:16.806+0000] {processor.py:183} INFO - Processing /home/airflow/.local/lib/python3.8/site-packages/airflow/example_dags/tutorial_dag.py took 0.090 seconds
[2024-01-13T12:22:48.524+0000] {processor.py:161} INFO - Started process (PID=1896) to work on /home/airflow/.local/lib/python3.8/site-packages/airflow/example_dags/tutorial_dag.py
[2024-01-13T12:22:48.537+0000] {processor.py:830} INFO - Processing file /home/airflow/.local/lib/python3.8/site-packages/airflow/example_dags/tutorial_dag.py for tasks to queue
[2024-01-13T12:22:48.545+0000] {logging_mixin.py:188} INFO - [2024-01-13T12:22:48.545+0000] {dagbag.py:538} INFO - Filling up the DagBag from /home/airflow/.local/lib/python3.8/site-packages/airflow/example_dags/tutorial_dag.py
[2024-01-13T12:22:48.562+0000] {processor.py:840} INFO - DAG(s) 'tutorial_dag' retrieved from /home/airflow/.local/lib/python3.8/site-packages/airflow/example_dags/tutorial_dag.py
[2024-01-13T12:22:48.628+0000] {logging_mixin.py:188} INFO - [2024-01-13T12:22:48.627+0000] {dag.py:3033} INFO - Sync 1 DAGs
[2024-01-13T12:22:48.656+0000] {logging_mixin.py:188} INFO - [2024-01-13T12:22:48.656+0000] {dag.py:3820} INFO - Setting next_dagrun for tutorial_dag to None, run_after=None
[2024-01-13T12:22:48.689+0000] {processor.py:183} INFO - Processing /home/airflow/.local/lib/python3.8/site-packages/airflow/example_dags/tutorial_dag.py took 0.181 seconds
[2024-01-13T12:23:20.852+0000] {processor.py:161} INFO - Started process (PID=1954) to work on /home/airflow/.local/lib/python3.8/site-packages/airflow/example_dags/tutorial_dag.py
[2024-01-13T12:23:20.858+0000] {processor.py:830} INFO - Processing file /home/airflow/.local/lib/python3.8/site-packages/airflow/example_dags/tutorial_dag.py for tasks to queue
[2024-01-13T12:23:20.876+0000] {logging_mixin.py:188} INFO - [2024-01-13T12:23:20.873+0000] {dagbag.py:538} INFO - Filling up the DagBag from /home/airflow/.local/lib/python3.8/site-packages/airflow/example_dags/tutorial_dag.py
[2024-01-13T12:23:20.901+0000] {processor.py:840} INFO - DAG(s) 'tutorial_dag' retrieved from /home/airflow/.local/lib/python3.8/site-packages/airflow/example_dags/tutorial_dag.py
[2024-01-13T12:23:20.993+0000] {logging_mixin.py:188} INFO - [2024-01-13T12:23:20.992+0000] {dag.py:3033} INFO - Sync 1 DAGs
[2024-01-13T12:23:21.052+0000] {logging_mixin.py:188} INFO - [2024-01-13T12:23:21.052+0000] {dag.py:3820} INFO - Setting next_dagrun for tutorial_dag to None, run_after=None
[2024-01-13T12:23:21.122+0000] {processor.py:183} INFO - Processing /home/airflow/.local/lib/python3.8/site-packages/airflow/example_dags/tutorial_dag.py took 0.288 seconds
[2024-01-13T12:23:51.338+0000] {processor.py:161} INFO - Started process (PID=2011) to work on /home/airflow/.local/lib/python3.8/site-packages/airflow/example_dags/tutorial_dag.py
[2024-01-13T12:23:51.368+0000] {processor.py:830} INFO - Processing file /home/airflow/.local/lib/python3.8/site-packages/airflow/example_dags/tutorial_dag.py for tasks to queue
[2024-01-13T12:23:51.372+0000] {logging_mixin.py:188} INFO - [2024-01-13T12:23:51.372+0000] {dagbag.py:538} INFO - Filling up the DagBag from /home/airflow/.local/lib/python3.8/site-packages/airflow/example_dags/tutorial_dag.py
[2024-01-13T12:23:51.379+0000] {processor.py:840} INFO - DAG(s) 'tutorial_dag' retrieved from /home/airflow/.local/lib/python3.8/site-packages/airflow/example_dags/tutorial_dag.py
[2024-01-13T12:23:51.410+0000] {logging_mixin.py:188} INFO - [2024-01-13T12:23:51.409+0000] {dag.py:3033} INFO - Sync 1 DAGs
[2024-01-13T12:23:51.428+0000] {logging_mixin.py:188} INFO - [2024-01-13T12:23:51.427+0000] {dag.py:3820} INFO - Setting next_dagrun for tutorial_dag to None, run_after=None
[2024-01-13T12:23:51.452+0000] {processor.py:183} INFO - Processing /home/airflow/.local/lib/python3.8/site-packages/airflow/example_dags/tutorial_dag.py took 0.119 seconds
[2024-01-13T12:24:21.638+0000] {processor.py:161} INFO - Started process (PID=2071) to work on /home/airflow/.local/lib/python3.8/site-packages/airflow/example_dags/tutorial_dag.py
[2024-01-13T12:24:21.639+0000] {processor.py:830} INFO - Processing file /home/airflow/.local/lib/python3.8/site-packages/airflow/example_dags/tutorial_dag.py for tasks to queue
[2024-01-13T12:24:21.643+0000] {logging_mixin.py:188} INFO - [2024-01-13T12:24:21.643+0000] {dagbag.py:538} INFO - Filling up the DagBag from /home/airflow/.local/lib/python3.8/site-packages/airflow/example_dags/tutorial_dag.py
[2024-01-13T12:24:21.651+0000] {processor.py:840} INFO - DAG(s) 'tutorial_dag' retrieved from /home/airflow/.local/lib/python3.8/site-packages/airflow/example_dags/tutorial_dag.py
[2024-01-13T12:24:21.680+0000] {logging_mixin.py:188} INFO - [2024-01-13T12:24:21.680+0000] {dag.py:3033} INFO - Sync 1 DAGs
[2024-01-13T12:24:21.699+0000] {logging_mixin.py:188} INFO - [2024-01-13T12:24:21.699+0000] {dag.py:3820} INFO - Setting next_dagrun for tutorial_dag to None, run_after=None
[2024-01-13T12:24:21.725+0000] {processor.py:183} INFO - Processing /home/airflow/.local/lib/python3.8/site-packages/airflow/example_dags/tutorial_dag.py took 0.092 seconds
[2024-01-13T12:24:52.012+0000] {processor.py:161} INFO - Started process (PID=2131) to work on /home/airflow/.local/lib/python3.8/site-packages/airflow/example_dags/tutorial_dag.py
[2024-01-13T12:24:52.014+0000] {processor.py:830} INFO - Processing file /home/airflow/.local/lib/python3.8/site-packages/airflow/example_dags/tutorial_dag.py for tasks to queue
[2024-01-13T12:24:52.017+0000] {logging_mixin.py:188} INFO - [2024-01-13T12:24:52.017+0000] {dagbag.py:538} INFO - Filling up the DagBag from /home/airflow/.local/lib/python3.8/site-packages/airflow/example_dags/tutorial_dag.py
[2024-01-13T12:24:52.025+0000] {processor.py:840} INFO - DAG(s) 'tutorial_dag' retrieved from /home/airflow/.local/lib/python3.8/site-packages/airflow/example_dags/tutorial_dag.py
[2024-01-13T12:24:52.056+0000] {logging_mixin.py:188} INFO - [2024-01-13T12:24:52.055+0000] {dag.py:3033} INFO - Sync 1 DAGs
[2024-01-13T12:24:52.072+0000] {logging_mixin.py:188} INFO - [2024-01-13T12:24:52.071+0000] {dag.py:3820} INFO - Setting next_dagrun for tutorial_dag to None, run_after=None
[2024-01-13T12:24:52.097+0000] {processor.py:183} INFO - Processing /home/airflow/.local/lib/python3.8/site-packages/airflow/example_dags/tutorial_dag.py took 0.090 seconds
