[2024-01-08T08:30:17.047+0000] {taskinstance.py:1957} INFO - Dependencies all met for dep_context=non-requeueable deps ti=<TaskInstance: etl_to_dwh.wait_etl_to_datalake_table_source_b scheduled__2024-01-06T02:00:00+00:00 [queued]>
[2024-01-08T08:30:17.143+0000] {taskinstance.py:1957} INFO - Dependencies all met for dep_context=requeueable deps ti=<TaskInstance: etl_to_dwh.wait_etl_to_datalake_table_source_b scheduled__2024-01-06T02:00:00+00:00 [queued]>
[2024-01-08T08:30:17.143+0000] {taskinstance.py:2171} INFO - Starting attempt 1 of 3
[2024-01-08T08:30:17.230+0000] {taskinstance.py:2192} INFO - Executing <Task(ExternalTaskSensor): wait_etl_to_datalake_table_source_b> on 2024-01-06 02:00:00+00:00
[2024-01-08T08:30:17.297+0000] {standard_task_runner.py:60} INFO - Started process 172 to run task
[2024-01-08T08:30:17.393+0000] {standard_task_runner.py:87} INFO - Running: ['***', 'tasks', 'run', 'etl_to_dwh', 'wait_etl_to_datalake_table_source_b', 'scheduled__2024-01-06T02:00:00+00:00', '--job-id', '13', '--raw', '--subdir', 'DAGS_FOLDER/etl_to_dwh.py', '--cfg-path', '/tmp/tmp0qva5t4i']
[2024-01-08T08:30:17.395+0000] {standard_task_runner.py:88} INFO - Job 13: Subtask wait_etl_to_datalake_table_source_b
[2024-01-08T08:30:17.655+0000] {task_command.py:423} INFO - Running <TaskInstance: etl_to_dwh.wait_etl_to_datalake_table_source_b scheduled__2024-01-06T02:00:00+00:00 [running]> on host 10dcfd4879e8
[2024-01-08T08:30:18.118+0000] {taskinstance.py:2481} INFO - Exporting env vars: AIRFLOW_CTX_DAG_OWNER='***' AIRFLOW_CTX_DAG_ID='etl_to_dwh' AIRFLOW_CTX_TASK_ID='wait_etl_to_datalake_table_source_b' AIRFLOW_CTX_EXECUTION_DATE='2024-01-06T02:00:00+00:00' AIRFLOW_CTX_TRY_NUMBER='1' AIRFLOW_CTX_DAG_RUN_ID='scheduled__2024-01-06T02:00:00+00:00'
[2024-01-08T08:30:18.129+0000] {external_task.py:244} INFO - Poking for tasks ['table_source_b'] in dag etl_to_datalake on 2024-01-06T00:00:00+00:00 ... 
[2024-01-08T08:30:18.186+0000] {base.py:293} INFO - Success criteria met. Exiting.
[2024-01-08T08:30:18.220+0000] {taskinstance.py:1138} INFO - Marking task as SUCCESS. dag_id=etl_to_dwh, task_id=wait_etl_to_datalake_table_source_b, execution_date=20240106T020000, start_date=20240108T083017, end_date=20240108T083018
[2024-01-08T08:30:18.342+0000] {local_task_job_runner.py:234} INFO - Task exited with return code 0
[2024-01-08T08:30:18.521+0000] {taskinstance.py:3281} INFO - 0 downstream tasks scheduled from follow-on schedule check
[2024-01-13T12:02:52.755+0000] {taskinstance.py:1957} INFO - Dependencies all met for dep_context=non-requeueable deps ti=<TaskInstance: etl_to_dwh.wait_etl_to_datalake_table_source_b scheduled__2024-01-06T02:00:00+00:00 [queued]>
[2024-01-13T12:02:52.812+0000] {taskinstance.py:1957} INFO - Dependencies all met for dep_context=requeueable deps ti=<TaskInstance: etl_to_dwh.wait_etl_to_datalake_table_source_b scheduled__2024-01-06T02:00:00+00:00 [queued]>
[2024-01-13T12:02:52.819+0000] {taskinstance.py:2171} INFO - Starting attempt 1 of 3
[2024-01-13T12:02:52.903+0000] {taskinstance.py:2192} INFO - Executing <Task(ExternalTaskSensor): wait_etl_to_datalake_table_source_b> on 2024-01-06 02:00:00+00:00
[2024-01-13T12:02:52.936+0000] {standard_task_runner.py:60} INFO - Started process 166 to run task
[2024-01-13T12:02:52.936+0000] {standard_task_runner.py:87} INFO - Running: ['***', 'tasks', 'run', 'etl_to_dwh', 'wait_etl_to_datalake_table_source_b', 'scheduled__2024-01-06T02:00:00+00:00', '--job-id', '3', '--raw', '--subdir', 'DAGS_FOLDER/etl_to_dwh.py', '--cfg-path', '/tmp/tmp2r9kepfy']
[2024-01-13T12:02:52.940+0000] {standard_task_runner.py:88} INFO - Job 3: Subtask wait_etl_to_datalake_table_source_b
[2024-01-13T12:02:53.107+0000] {task_command.py:423} INFO - Running <TaskInstance: etl_to_dwh.wait_etl_to_datalake_table_source_b scheduled__2024-01-06T02:00:00+00:00 [running]> on host cc6de2d520c9
[2024-01-13T12:02:53.246+0000] {taskinstance.py:2481} INFO - Exporting env vars: AIRFLOW_CTX_DAG_OWNER='***' AIRFLOW_CTX_DAG_ID='etl_to_dwh' AIRFLOW_CTX_TASK_ID='wait_etl_to_datalake_table_source_b' AIRFLOW_CTX_EXECUTION_DATE='2024-01-06T02:00:00+00:00' AIRFLOW_CTX_TRY_NUMBER='1' AIRFLOW_CTX_DAG_RUN_ID='scheduled__2024-01-06T02:00:00+00:00'
[2024-01-13T12:02:53.252+0000] {external_task.py:244} INFO - Poking for tasks ['table_source_b'] in dag etl_to_datalake on 2024-01-06T00:00:00+00:00 ... 
[2024-01-13T12:03:53.329+0000] {external_task.py:244} INFO - Poking for tasks ['table_source_b'] in dag etl_to_datalake on 2024-01-06T00:00:00+00:00 ... 
[2024-01-13T12:04:53.407+0000] {external_task.py:244} INFO - Poking for tasks ['table_source_b'] in dag etl_to_datalake on 2024-01-06T00:00:00+00:00 ... 
[2024-01-13T12:05:53.424+0000] {external_task.py:244} INFO - Poking for tasks ['table_source_b'] in dag etl_to_datalake on 2024-01-06T00:00:00+00:00 ... 
[2024-01-13T12:06:50.682+0000] {local_task_job_runner.py:302} WARNING - State of this instance has been externally set to failed. Terminating instance.
[2024-01-13T12:06:50.688+0000] {process_utils.py:131} INFO - Sending 15 to group 166. PIDs of all processes in the group: [166]
[2024-01-13T12:06:50.689+0000] {process_utils.py:86} INFO - Sending the signal 15 to group 166
[2024-01-13T12:06:50.689+0000] {taskinstance.py:2451} ERROR - Received SIGTERM. Terminating subprocesses.
[2024-01-13T12:06:50.747+0000] {process_utils.py:79} INFO - Process psutil.Process(pid=166, status='terminated', exitcode=0, started='12:02:52') (166) terminated with exit code 0
[2024-01-13T12:22:35.636+0000] {taskinstance.py:1957} INFO - Dependencies all met for dep_context=non-requeueable deps ti=<TaskInstance: etl_to_dwh.wait_etl_to_datalake_table_source_b scheduled__2024-01-06T02:00:00+00:00 [queued]>
[2024-01-13T12:22:35.718+0000] {taskinstance.py:1957} INFO - Dependencies all met for dep_context=requeueable deps ti=<TaskInstance: etl_to_dwh.wait_etl_to_datalake_table_source_b scheduled__2024-01-06T02:00:00+00:00 [queued]>
[2024-01-13T12:22:35.722+0000] {taskinstance.py:2171} INFO - Starting attempt 1 of 3
[2024-01-13T12:22:35.838+0000] {taskinstance.py:2192} INFO - Executing <Task(ExternalTaskSensor): wait_etl_to_datalake_table_source_b> on 2024-01-06 02:00:00+00:00
[2024-01-13T12:22:35.921+0000] {standard_task_runner.py:60} INFO - Started process 465 to run task
[2024-01-13T12:22:35.950+0000] {standard_task_runner.py:87} INFO - Running: ['***', 'tasks', 'run', 'etl_to_dwh', 'wait_etl_to_datalake_table_source_b', 'scheduled__2024-01-06T02:00:00+00:00', '--job-id', '83', '--raw', '--subdir', 'DAGS_FOLDER/etl_to_dwh.py', '--cfg-path', '/tmp/tmporeup32v']
[2024-01-13T12:22:35.957+0000] {standard_task_runner.py:88} INFO - Job 83: Subtask wait_etl_to_datalake_table_source_b
[2024-01-13T12:22:36.640+0000] {task_command.py:423} INFO - Running <TaskInstance: etl_to_dwh.wait_etl_to_datalake_table_source_b scheduled__2024-01-06T02:00:00+00:00 [running]> on host cc6de2d520c9
[2024-01-13T12:22:37.425+0000] {taskinstance.py:2481} INFO - Exporting env vars: AIRFLOW_CTX_DAG_OWNER='***' AIRFLOW_CTX_DAG_ID='etl_to_dwh' AIRFLOW_CTX_TASK_ID='wait_etl_to_datalake_table_source_b' AIRFLOW_CTX_EXECUTION_DATE='2024-01-06T02:00:00+00:00' AIRFLOW_CTX_TRY_NUMBER='1' AIRFLOW_CTX_DAG_RUN_ID='scheduled__2024-01-06T02:00:00+00:00'
[2024-01-13T12:22:37.445+0000] {external_task.py:244} INFO - Poking for tasks ['table_source_b'] in dag etl_to_datalake on 2024-01-06T00:00:00+00:00 ... 
[2024-01-13T12:22:37.499+0000] {base.py:293} INFO - Success criteria met. Exiting.
[2024-01-13T12:22:37.546+0000] {taskinstance.py:1138} INFO - Marking task as SUCCESS. dag_id=etl_to_dwh, task_id=wait_etl_to_datalake_table_source_b, execution_date=20240106T020000, start_date=20240113T122235, end_date=20240113T122237
[2024-01-13T12:22:37.656+0000] {local_task_job_runner.py:234} INFO - Task exited with return code 0
[2024-01-13T12:22:37.965+0000] {taskinstance.py:3281} INFO - 0 downstream tasks scheduled from follow-on schedule check
